running   on	16   processors
nx,ny,nz	260	260	260
px,py,pz	2	2	4
nghost		2
output   dir	./output/output1/
data dir	./data/
detect result dir	./detect_result/
epn2		0.695500
dt,t_total	0.010000,0.310000
nac,nch		4,0
xmin,ymin,zmin	0.000000	0.000000	0.000000
xmax,ymax,zmax	512.000000	512.000000	1024.000000
ANISOTROPIC		1
rad		5.000000
percent		0.900000
rotation		1
checkpoint,nchk,chk	1,1000,0
nout		500
counts		1
Approx		32
Reading input.txt file:
*******************************
dgemm_time	121.881912
chemical_time	9.654372
anisotropic_time	24.740219
elastic_calculate_time	6000.715820
elast_transfer_time	39.667656
nonlinear_add_time	12.555884
trans_time	136.117188
trans_Memcpy_time	32.402912
trans_MPI_time	100.828072
trans_pack_time	0.564685
trans_enlarge_time	0.539883
trans_mu_time	0.347388
trans_unpack_time	0.446114
updateU_new_time	5.831826
runtime	6.352710
--------------------------------------------------!
*******************************
dgemm_time	120.772705
chemical_time	9.461877
anisotropic_time	24.753819
elastic_calculate_time	3477.322754
elast_transfer_time	36.704216
nonlinear_add_time	12.498281
trans_time	34.325798
trans_Memcpy_time	17.663973
trans_MPI_time	13.956795
trans_pack_time	0.492520
trans_enlarge_time	0.521481
trans_mu_time	0.338427
trans_unpack_time	0.426593
updateU_new_time	6.014881
runtime	3.723094
--------------------------------------------------!
*******************************
dgemm_time	120.720535
chemical_time	9.370831
anisotropic_time	24.877995
elastic_calculate_time	3477.833740
elast_transfer_time	36.718300
nonlinear_add_time	12.687414
trans_time	51.561619
trans_Memcpy_time	17.615330
trans_MPI_time	31.237381
trans_pack_time	0.483399
trans_enlarge_time	0.529161
trans_mu_time	0.341628
trans_unpack_time	0.423713
updateU_new_time	5.911993
runtime	3.740577
--------------------------------------------------!
*******************************
dgemm_time	120.743423
chemical_time	9.548603
anisotropic_time	24.587410
elastic_calculate_time	3478.709961
elast_transfer_time	36.630295
nonlinear_add_time	12.649332
trans_time	52.195980
trans_Memcpy_time	17.583485
trans_MPI_time	31.857588
trans_pack_time	0.490920
trans_enlarge_time	0.548204
trans_mu_time	0.345947
trans_unpack_time	0.434754
updateU_new_time	5.921114
runtime	3.742625
--------------------------------------------------!
*******************************
dgemm_time	120.817513
chemical_time	9.796625
anisotropic_time	24.566448
elastic_calculate_time	3477.901855
elast_transfer_time	35.479645
nonlinear_add_time	12.498119
trans_time	51.923168
trans_Memcpy_time	17.704294
trans_MPI_time	31.507963
trans_pack_time	0.483878
trans_enlarge_time	0.520842
trans_mu_time	0.345628
trans_unpack_time	0.428513
updateU_new_time	5.913754
runtime	3.740106
--------------------------------------------------!
*******************************
dgemm_time	120.752724
chemical_time	9.441557
anisotropic_time	24.754625
elastic_calculate_time	3480.034180
elast_transfer_time	35.444443
nonlinear_add_time	12.538284
trans_time	153.778625
trans_Memcpy_time	17.602045
trans_MPI_time	133.466217
trans_pack_time	0.489160
trans_enlarge_time	0.525961
trans_mu_time	0.344508
trans_unpack_time	0.426594
updateU_new_time	5.943515
runtime	3.844178
--------------------------------------------------!
*******************************
dgemm_time	120.743347
chemical_time	9.307938
anisotropic_time	24.394255
elastic_calculate_time	3478.903320
elast_transfer_time	37.594025
nonlinear_add_time	12.670766
trans_time	51.904190
trans_Memcpy_time	17.586685
trans_MPI_time	31.620453
trans_pack_time	0.481318
trans_enlarge_time	0.522601
trans_mu_time	0.334906
trans_unpack_time	0.437474
updateU_new_time	6.130086
runtime	3.742828
--------------------------------------------------!
*******************************
dgemm_time	120.730759
chemical_time	9.595153
anisotropic_time	24.344152
elastic_calculate_time	3479.650879
elast_transfer_time	36.672802
nonlinear_add_time	12.757162
trans_time	171.690582
trans_Memcpy_time	17.631796
trans_MPI_time	151.352783
trans_pack_time	0.482918
trans_enlarge_time	0.521002
trans_mu_time	0.347388
trans_unpack_time	0.426593
updateU_new_time	6.044794
runtime	3.862755
--------------------------------------------------!
*******************************
dgemm_time	120.775322
chemical_time	9.331447
anisotropic_time	24.284613
elastic_calculate_time	3484.113770
elast_transfer_time	36.930080
nonlinear_add_time	12.574741
trans_time	53.190975
trans_Memcpy_time	17.569855
trans_MPI_time	32.915382
trans_pack_time	0.489957
trans_enlarge_time	0.521001
trans_mu_time	0.342748
trans_unpack_time	0.425793
updateU_new_time	6.193122
runtime	3.748986
--------------------------------------------------!
*******************************
dgemm_time	120.784225
chemical_time	9.513857
anisotropic_time	24.845604
elastic_calculate_time	3479.770508
elast_transfer_time	35.474426
nonlinear_add_time	12.506728
trans_time	31.997152
trans_Memcpy_time	17.634016
trans_MPI_time	11.650827
trans_pack_time	0.491876
trans_enlarge_time	0.534121
trans_mu_time	0.336825
trans_unpack_time	0.426433
updateU_new_time	6.014705
runtime	3.722180
--------------------------------------------------!
*******************************
dgemm_time	120.768486
chemical_time	9.298796
anisotropic_time	24.982721
elastic_calculate_time	3478.764404
elast_transfer_time	37.072132
nonlinear_add_time	12.679215
trans_time	51.408447
trans_Memcpy_time	17.563759
trans_MPI_time	31.145926
trans_pack_time	0.480353
trans_enlarge_time	0.520681
trans_mu_time	0.338905
trans_unpack_time	0.426112
updateU_new_time	5.973420
runtime	3.742266
--------------------------------------------------!
*******************************
dgemm_time	120.976791
chemical_time	9.533050
anisotropic_time	25.346422
elastic_calculate_time	3496.722412
elast_transfer_time	40.146439
nonlinear_add_time	12.694733
trans_time	31.438681
trans_Memcpy_time	17.656876
trans_MPI_time	11.083411
trans_pack_time	0.480194
trans_enlarge_time	0.534121
trans_mu_time	0.345146
trans_unpack_time	0.425792
updateU_new_time	6.359046
runtime	3.747978
--------------------------------------------------!
*******************************
dgemm_time	120.947800
chemical_time	9.500244
anisotropic_time	25.318733
elastic_calculate_time	3496.313477
elast_transfer_time	41.285076
nonlinear_add_time	13.123243
trans_time	31.548548
trans_Memcpy_time	17.658470
trans_MPI_time	11.197978
trans_pack_time	0.481795
trans_enlarge_time	0.525480
trans_mu_time	0.341145
trans_unpack_time	0.424352
updateU_new_time	6.076144
runtime	3.749130
--------------------------------------------------!
*******************************
dgemm_time	120.963440
chemical_time	9.449839
anisotropic_time	24.494341
elastic_calculate_time	3491.057861
elast_transfer_time	39.884155
nonlinear_add_time	13.437342
trans_time	31.725664
trans_Memcpy_time	17.755114
trans_MPI_time	11.159091
trans_pack_time	0.474593
trans_enlarge_time	0.518120
trans_mu_time	0.345306
trans_unpack_time	0.424352
updateU_new_time	5.977574
runtime	3.741739
--------------------------------------------------!
*******************************
dgemm_time	120.921814
chemical_time	9.358790
anisotropic_time	24.875326
elastic_calculate_time	3492.057617
elast_transfer_time	40.622921
nonlinear_add_time	12.557430
trans_time	31.935890
trans_Memcpy_time	17.698944
trans_MPI_time	11.534955
trans_pack_time	0.478594
trans_enlarge_time	0.514759
trans_mu_time	0.337944
trans_unpack_time	0.427873
updateU_new_time	5.746995
runtime	3.742963
--------------------------------------------------!
*******************************
dgemm_time	120.968826
chemical_time	9.679932
anisotropic_time	25.302073
elastic_calculate_time	3495.802734
elast_transfer_time	40.106556
nonlinear_add_time	12.836491
trans_time	31.525841
trans_Memcpy_time	17.658457
trans_MPI_time	11.176847
trans_pack_time	0.495076
trans_enlarge_time	0.514278
trans_mu_time	0.337784
trans_unpack_time	0.424832
updateU_new_time	6.225109
runtime	3.747319
--------------------------------------------------!
*******************************
dgemm_time	120.952965
chemical_time	8.969955
anisotropic_time	25.377274
elastic_calculate_time	3494.929932
elast_transfer_time	40.806442
nonlinear_add_time	13.079706
trans_time	31.544176
trans_Memcpy_time	17.697817
trans_MPI_time	11.147721
trans_pack_time	0.475073
trans_enlarge_time	0.517959
trans_mu_time	0.339705
trans_unpack_time	0.441793
updateU_new_time	6.202228
runtime	3.746431
--------------------------------------------------!
*******************************
dgemm_time	120.920616
chemical_time	9.035561
anisotropic_time	24.242466
elastic_calculate_time	3495.724854
elast_transfer_time	41.243744
nonlinear_add_time	13.235395
trans_time	31.672760
trans_Memcpy_time	17.658607
trans_MPI_time	11.333652
trans_pack_time	0.474913
trans_enlarge_time	0.526600
trans_mu_time	0.342745
trans_unpack_time	0.424992
updateU_new_time	6.745788
runtime	3.747649
--------------------------------------------------!
*******************************
dgemm_time	120.952446
chemical_time	9.363743
anisotropic_time	24.950193
elastic_calculate_time	3493.777100
elast_transfer_time	40.155499
nonlinear_add_time	12.395331
trans_time	31.525694
trans_Memcpy_time	17.626282
trans_MPI_time	11.199721
trans_pack_time	0.485794
trans_enlarge_time	0.527399
trans_mu_time	0.341145
trans_unpack_time	0.427392
updateU_new_time	5.911644
runtime	3.743973
--------------------------------------------------!
*******************************
dgemm_time	120.949066
chemical_time	9.712088
anisotropic_time	25.438227
elastic_calculate_time	3492.789795
elast_transfer_time	40.758415
nonlinear_add_time	12.628946
trans_time	31.778997
trans_Memcpy_time	17.557796
trans_MPI_time	11.512703
trans_pack_time	0.475553
trans_enlarge_time	0.536681
trans_mu_time	0.336504
trans_unpack_time	0.441953
updateU_new_time	6.221906
runtime	3.745052
--------------------------------------------------!
*******************************
dgemm_time	120.920563
chemical_time	9.406784
anisotropic_time	24.897703
elastic_calculate_time	3493.925781
elast_transfer_time	42.918411
nonlinear_add_time	12.972172
trans_time	31.751570
trans_Memcpy_time	17.649000
trans_MPI_time	11.421813
trans_pack_time	0.476673
trans_enlarge_time	0.518278
trans_mu_time	0.343225
trans_unpack_time	0.422912
updateU_new_time	6.203344
runtime	3.748055
--------------------------------------------------!
*******************************
dgemm_time	120.959274
chemical_time	9.348537
anisotropic_time	24.394302
elastic_calculate_time	3494.917969
elast_transfer_time	40.350216
nonlinear_add_time	13.383559
trans_time	31.491688
trans_Memcpy_time	17.744049
trans_MPI_time	10.924498
trans_pack_time	0.479553
trans_enlarge_time	0.518918
trans_mu_time	0.348505
trans_unpack_time	0.428512
updateU_new_time	5.942204
runtime	3.745158
--------------------------------------------------!
*******************************
dgemm_time	120.902451
chemical_time	9.327095
anisotropic_time	24.629837
elastic_calculate_time	3498.423584
elast_transfer_time	40.237720
nonlinear_add_time	12.337399
trans_time	31.370234
trans_Memcpy_time	17.641953
trans_MPI_time	11.040503
trans_pack_time	0.479233
trans_enlarge_time	0.518759
trans_mu_time	0.341144
trans_unpack_time	0.432352
updateU_new_time	5.913880
runtime	3.748344
--------------------------------------------------!
*******************************
dgemm_time	120.942566
chemical_time	9.587591
anisotropic_time	25.677586
elastic_calculate_time	3496.781494
elast_transfer_time	39.781673
nonlinear_add_time	12.697102
trans_time	31.414852
trans_Memcpy_time	17.643232
trans_MPI_time	11.064022
trans_pack_time	0.478273
trans_enlarge_time	0.538599
trans_mu_time	0.343065
trans_unpack_time	0.422912
updateU_new_time	6.274064
runtime	3.747565
--------------------------------------------------!
*******************************
dgemm_time	120.946381
chemical_time	9.480220
anisotropic_time	25.068733
elastic_calculate_time	3496.483154
elast_transfer_time	39.803265
nonlinear_add_time	13.095847
trans_time	31.473915
trans_Memcpy_time	17.823719
trans_MPI_time	10.969934
trans_pack_time	0.472992
trans_enlarge_time	0.515399
trans_mu_time	0.344185
trans_unpack_time	0.428672
updateU_new_time	6.415033
runtime	3.747019
--------------------------------------------------!
*******************************
dgemm_time	120.939301
chemical_time	9.280363
anisotropic_time	24.278267
elastic_calculate_time	3494.807129
elast_transfer_time	41.516815
nonlinear_add_time	13.253935
trans_time	31.751587
trans_Memcpy_time	17.716503
trans_MPI_time	11.359715
trans_pack_time	0.479233
trans_enlarge_time	0.512837
trans_mu_time	0.340664
trans_unpack_time	0.424032
updateU_new_time	6.135012
runtime	3.746949
--------------------------------------------------!
*******************************
dgemm_time	120.901512
chemical_time	9.491416
anisotropic_time	24.559561
elastic_calculate_time	3492.854248
elast_transfer_time	40.236073
nonlinear_add_time	12.984311
trans_time	31.480907
trans_Memcpy_time	17.734423
trans_MPI_time	11.043530
trans_pack_time	0.476993
trans_enlarge_time	0.532198
trans_mu_time	0.342104
trans_unpack_time	0.434751
updateU_new_time	6.133729
runtime	3.743417
--------------------------------------------------!
*******************************
dgemm_time	120.902443
chemical_time	9.712870
anisotropic_time	25.212402
elastic_calculate_time	3496.111084
elast_transfer_time	41.405266
nonlinear_add_time	12.795175
trans_time	31.423716
trans_Memcpy_time	17.746260
trans_MPI_time	10.976642
trans_pack_time	0.471232
trans_enlarge_time	0.538439
trans_mu_time	0.340824
trans_unpack_time	0.426752
updateU_new_time	5.885710
runtime	3.748276
--------------------------------------------------!
*******************************
dgemm_time	120.942574
chemical_time	9.344042
anisotropic_time	25.542982
elastic_calculate_time	3495.707031
elast_transfer_time	40.090118
nonlinear_add_time	13.158560
trans_time	31.701557
trans_Memcpy_time	17.736332
trans_MPI_time	11.286424
trans_pack_time	0.473952
trans_enlarge_time	0.526757
trans_mu_time	0.340345
trans_unpack_time	0.422109
updateU_new_time	6.387506
runtime	3.747531
--------------------------------------------------!
*******************************
dgemm_time	120.879517
chemical_time	9.330917
anisotropic_time	24.246399
elastic_calculate_time	3494.993652
elast_transfer_time	40.345493
nonlinear_add_time	12.909097
trans_time	31.518898
trans_Memcpy_time	17.886585
trans_MPI_time	10.780145
trans_pack_time	0.472193
trans_enlarge_time	0.524519
trans_mu_time	0.341304
trans_unpack_time	0.427071
updateU_new_time	5.822502
runtime	3.744681
--------------------------------------------------!
*******************************
dgemm_time	120.958878
chemical_time	9.528458
anisotropic_time	25.139389
elastic_calculate_time	3495.706787
elast_transfer_time	39.571053
nonlinear_add_time	12.708824
trans_time	31.400211
trans_Memcpy_time	17.801771
trans_MPI_time	10.771179
trans_pack_time	0.478273
trans_enlarge_time	0.530278
trans_mu_time	0.344504
trans_unpack_time	0.427392
updateU_new_time	6.052711
runtime	3.744828
--------------------------------------------------!
time		0.000000
wall time	126.577292
