running   on	1024   processors
nx,ny,nz	260	260	260
px,py,pz	8	8	16
nghost		2
output   dir	./output/output1/
data dir	./data/
detect result dir	./detect_result/
epn2		0.695500
dt,t_total	0.010000,0.310000
nac,nch		4,0
xmin,ymin,zmin	0.000000	0.000000	0.000000
xmax,ymax,zmax	2048.000000	2048.000000	4096.000000
ANISOTROPIC		1
rad		5.000000
percent		0.900000
rotation		1
checkpoint,nchk,chk	1,1000,0
nout		500
counts		1
Approx		32
Reading input.txt file:
*******************************
dgemm_time	122.193100
chemical_time	9.599410
anisotropic_time	24.974745
elastic_calculate_time	6772.629883
elast_transfer_time	42.293568
nonlinear_add_time	12.599084
trans_time	702.858459
trans_Memcpy_time	33.679874
trans_MPI_time	666.290161
trans_pack_time	0.552402
trans_enlarge_time	0.547927
trans_mu_time	0.337935
trans_unpack_time	0.446210
updateU_new_time	5.942415
runtime	7.698835
--------------------------------------------------!
*******************************
dgemm_time	121.063477
chemical_time	9.394379
anisotropic_time	24.247143
elastic_calculate_time	3496.519531
elast_transfer_time	47.758652
nonlinear_add_time	12.453704
trans_time	167.924652
trans_Memcpy_time	18.285046
trans_MPI_time	146.936218
trans_pack_time	0.500750
trans_enlarge_time	0.521063
trans_mu_time	0.333300
trans_unpack_time	0.423183
updateU_new_time	5.797153
runtime	3.891385
--------------------------------------------------!
*******************************
dgemm_time	121.070328
chemical_time	9.333157
anisotropic_time	24.414780
elastic_calculate_time	3496.436768
elast_transfer_time	43.142654
nonlinear_add_time	13.017025
trans_time	51.027596
trans_Memcpy_time	18.567640
trans_MPI_time	29.644983
trans_pack_time	0.481609
trans_enlarge_time	0.536473
trans_mu_time	0.327419
trans_unpack_time	0.425948
updateU_new_time	6.315203
runtime	3.775354
--------------------------------------------------!
*******************************
dgemm_time	121.137337
chemical_time	9.509909
anisotropic_time	24.880547
elastic_calculate_time	3498.500244
elast_transfer_time	45.304230
nonlinear_add_time	13.022636
trans_time	170.659470
trans_Memcpy_time	18.126459
trans_MPI_time	149.812195
trans_pack_time	0.482286
trans_enlarge_time	0.544989
trans_mu_time	0.328721
trans_unpack_time	0.439095
updateU_new_time	5.973348
runtime	3.892235
--------------------------------------------------!
*******************************
dgemm_time	121.127373
chemical_time	9.652471
anisotropic_time	24.477365
elastic_calculate_time	3497.701660
elast_transfer_time	45.145439
nonlinear_add_time	12.803789
trans_time	51.313828
trans_Memcpy_time	18.113550
trans_MPI_time	30.488724
trans_pack_time	0.484061
trans_enlarge_time	0.534454
trans_mu_time	0.330813
trans_unpack_time	0.427274
updateU_new_time	6.090346
runtime	3.771982
--------------------------------------------------!
*******************************
dgemm_time	121.077332
chemical_time	8.962917
anisotropic_time	24.661385
elastic_calculate_time	3498.795898
elast_transfer_time	43.632191
nonlinear_add_time	12.641449
trans_time	54.671139
trans_Memcpy_time	18.139143
trans_MPI_time	33.853085
trans_pack_time	0.480398
trans_enlarge_time	0.521515
trans_mu_time	0.329226
trans_unpack_time	0.426651
updateU_new_time	6.076919
runtime	3.778834
--------------------------------------------------!
*******************************
dgemm_time	121.102234
chemical_time	9.420182
anisotropic_time	24.598259
elastic_calculate_time	3500.880371
elast_transfer_time	47.127308
nonlinear_add_time	12.966012
trans_time	169.834625
trans_Memcpy_time	18.138193
trans_MPI_time	148.988861
trans_pack_time	0.478014
trans_enlarge_time	0.539927
trans_mu_time	0.326515
trans_unpack_time	0.438501
updateU_new_time	5.959467
runtime	3.896840
--------------------------------------------------!
*******************************
dgemm_time	121.105515
chemical_time	9.247089
anisotropic_time	24.934662
elastic_calculate_time	3496.675293
elast_transfer_time	54.856350
nonlinear_add_time	12.956325
trans_time	173.248627
trans_Memcpy_time	18.161942
trans_MPI_time	152.393097
trans_pack_time	0.487783
trans_enlarge_time	0.522021
trans_mu_time	0.330523
trans_unpack_time	0.426191
updateU_new_time	6.270263
runtime	3.901253
--------------------------------------------------!
*******************************
dgemm_time	121.112267
chemical_time	9.763983
anisotropic_time	24.502747
elastic_calculate_time	3504.451660
elast_transfer_time	43.171417
nonlinear_add_time	12.992192
trans_time	48.718941
trans_Memcpy_time	18.113617
trans_MPI_time	27.899403
trans_pack_time	0.477074
trans_enlarge_time	0.530510
trans_mu_time	0.341567
trans_unpack_time	0.427319
updateU_new_time	6.018856
runtime	3.780357
--------------------------------------------------!
*******************************
dgemm_time	121.127991
chemical_time	9.529720
anisotropic_time	24.952297
elastic_calculate_time	3501.841553
elast_transfer_time	43.690956
nonlinear_add_time	12.901320
trans_time	44.605286
trans_Memcpy_time	18.199150
trans_MPI_time	23.571674
trans_pack_time	0.495480
trans_enlarge_time	0.538676
trans_mu_time	0.326372
trans_unpack_time	0.426844
updateU_new_time	6.337629
runtime	3.771778
--------------------------------------------------!
*******************************
dgemm_time	121.088318
chemical_time	9.427267
anisotropic_time	24.421234
elastic_calculate_time	3500.002686
elast_transfer_time	43.652218
nonlinear_add_time	12.885618
trans_time	51.670177
trans_Memcpy_time	18.101145
trans_MPI_time	30.899130
trans_pack_time	0.476927
trans_enlarge_time	0.518525
trans_mu_time	0.326539
trans_unpack_time	0.422052
updateU_new_time	6.263140
runtime	3.774060
--------------------------------------------------!
*******************************
dgemm_time	121.299194
chemical_time	10.078827
anisotropic_time	25.377062
elastic_calculate_time	3510.133789
elast_transfer_time	56.720360
nonlinear_add_time	12.599814
trans_time	39.958874
trans_Memcpy_time	18.219862
trans_MPI_time	19.065565
trans_pack_time	0.465415
trans_enlarge_time	0.536768
trans_mu_time	0.330380
trans_unpack_time	0.421576
updateU_new_time	6.202713
runtime	3.789649
--------------------------------------------------!
*******************************
dgemm_time	121.389969
chemical_time	9.360213
anisotropic_time	25.615789
elastic_calculate_time	3516.125488
elast_transfer_time	45.751823
nonlinear_add_time	13.001006
trans_time	34.218124
trans_Memcpy_time	18.227205
trans_MPI_time	13.310343
trans_pack_time	0.475656
trans_enlarge_time	0.528132
trans_mu_time	0.329744
trans_unpack_time	0.431018
updateU_new_time	6.139560
runtime	3.778114
--------------------------------------------------!
*******************************
dgemm_time	121.302269
chemical_time	9.521067
anisotropic_time	24.927498
elastic_calculate_time	3525.632080
elast_transfer_time	38.040421
nonlinear_add_time	12.983970
trans_time	40.524109
trans_Memcpy_time	18.172777
trans_MPI_time	19.674627
trans_pack_time	0.470063
trans_enlarge_time	0.516458
trans_mu_time	0.330067
trans_unpack_time	0.436620
updateU_new_time	5.799613
runtime	3.788272
--------------------------------------------------!
*******************************
dgemm_time	121.336243
chemical_time	9.412964
anisotropic_time	24.984760
elastic_calculate_time	3510.551025
elast_transfer_time	47.172005
nonlinear_add_time	12.827090
trans_time	35.983894
trans_Memcpy_time	18.203611
trans_MPI_time	15.115891
trans_pack_time	0.470864
trans_enlarge_time	0.518700
trans_mu_time	0.327828
trans_unpack_time	0.426704
updateU_new_time	5.926202
runtime	3.776155
--------------------------------------------------!
*******************************
dgemm_time	121.335915
chemical_time	9.450612
anisotropic_time	26.083899
elastic_calculate_time	3510.941650
elast_transfer_time	51.131500
nonlinear_add_time	12.917873
trans_time	33.331337
trans_Memcpy_time	18.232676
trans_MPI_time	12.406948
trans_pack_time	0.475664
trans_enlarge_time	0.525744
trans_mu_time	0.332791
trans_unpack_time	0.428787
updateU_new_time	6.074869
runtime	3.785283
--------------------------------------------------!
*******************************
dgemm_time	121.369759
chemical_time	9.536894
anisotropic_time	25.227081
elastic_calculate_time	3527.204834
elast_transfer_time	59.935055
nonlinear_add_time	12.904975
trans_time	33.261101
trans_Memcpy_time	18.268286
trans_MPI_time	12.291656
trans_pack_time	0.469592
trans_enlarge_time	0.534227
trans_mu_time	0.330712
trans_unpack_time	0.446068
updateU_new_time	5.976980
runtime	3.804115
--------------------------------------------------!
*******************************
dgemm_time	121.296356
chemical_time	9.211182
anisotropic_time	24.447845
elastic_calculate_time	3512.000488
elast_transfer_time	46.946121
nonlinear_add_time	12.774312
trans_time	37.631096
trans_Memcpy_time	18.275894
trans_MPI_time	16.528574
trans_pack_time	0.480952
trans_enlarge_time	0.542388
trans_mu_time	0.328632
trans_unpack_time	0.426872
updateU_new_time	6.080683
runtime	3.780866
--------------------------------------------------!
*******************************
dgemm_time	121.277954
chemical_time	9.496653
anisotropic_time	24.682980
elastic_calculate_time	3510.571777
elast_transfer_time	63.167496
nonlinear_add_time	12.641725
trans_time	36.579025
trans_Memcpy_time	18.229895
trans_MPI_time	15.674422
trans_pack_time	0.468152
trans_enlarge_time	0.516472
trans_mu_time	0.343036
trans_unpack_time	0.429112
updateU_new_time	5.966308
runtime	3.794118
--------------------------------------------------!
*******************************
dgemm_time	121.290558
chemical_time	9.579887
anisotropic_time	25.633614
elastic_calculate_time	3515.368408
elast_transfer_time	50.012199
nonlinear_add_time	12.788487
trans_time	33.577324
trans_Memcpy_time	18.145008
trans_MPI_time	12.761248
trans_pack_time	0.466399
trans_enlarge_time	0.520632
trans_mu_time	0.326556
trans_unpack_time	0.436316
updateU_new_time	5.946330
runtime	3.784257
--------------------------------------------------!
*******************************
dgemm_time	121.354790
chemical_time	9.356401
anisotropic_time	24.906506
elastic_calculate_time	3510.306152
elast_transfer_time	51.393951
nonlinear_add_time	12.885970
trans_time	37.009651
trans_Memcpy_time	18.194193
trans_MPI_time	16.128935
trans_pack_time	0.470400
trans_enlarge_time	0.536156
trans_mu_time	0.331356
trans_unpack_time	0.425916
updateU_new_time	5.894510
runtime	3.783112
--------------------------------------------------!
*******************************
dgemm_time	121.311798
chemical_time	9.692908
anisotropic_time	24.735222
elastic_calculate_time	3513.904785
elast_transfer_time	44.591751
nonlinear_add_time	13.220887
trans_time	35.254318
trans_Memcpy_time	18.151854
trans_MPI_time	14.419399
trans_pack_time	0.471680
trans_enlarge_time	0.523356
trans_mu_time	0.338560
trans_unpack_time	0.430079
updateU_new_time	6.238207
runtime	3.777593
--------------------------------------------------!
*******************************
dgemm_time	121.339813
chemical_time	9.431175
anisotropic_time	24.691292
elastic_calculate_time	3513.302979
elast_transfer_time	46.181465
nonlinear_add_time	12.625247
trans_time	33.231937
trans_Memcpy_time	18.124224
trans_MPI_time	12.346818
trans_pack_time	0.475680
trans_enlarge_time	0.523359
trans_mu_time	0.330400
trans_unpack_time	0.425280
updateU_new_time	6.210384
runtime	3.775492
--------------------------------------------------!
*******************************
dgemm_time	121.339493
chemical_time	9.472000
anisotropic_time	24.911518
elastic_calculate_time	3520.131836
elast_transfer_time	50.811352
nonlinear_add_time	12.881279
trans_time	33.587601
trans_Memcpy_time	18.246998
trans_MPI_time	12.643492
trans_pack_time	0.471840
trans_enlarge_time	0.536800
trans_mu_time	0.330080
trans_unpack_time	0.425600
updateU_new_time	6.164320
runtime	3.786955
--------------------------------------------------!
*******************************
dgemm_time	121.341240
chemical_time	9.389299
anisotropic_time	25.322456
elastic_calculate_time	3508.744629
elast_transfer_time	49.240108
nonlinear_add_time	12.867229
trans_time	39.217739
trans_Memcpy_time	18.169601
trans_MPI_time	18.365120
trans_pack_time	0.477440
trans_enlarge_time	0.522240
trans_mu_time	0.330560
trans_unpack_time	0.433440
updateU_new_time	6.038412
runtime	3.784419
--------------------------------------------------!
*******************************
dgemm_time	121.342621
chemical_time	9.410921
anisotropic_time	24.583309
elastic_calculate_time	3520.491455
elast_transfer_time	42.525471
nonlinear_add_time	13.121176
trans_time	34.199574
trans_Memcpy_time	18.164181
trans_MPI_time	13.227708
trans_pack_time	0.470400
trans_enlarge_time	0.533440
trans_mu_time	0.329920
trans_unpack_time	0.425440
updateU_new_time	6.244026
runtime	3.777214
--------------------------------------------------!
*******************************
dgemm_time	121.324478
chemical_time	9.504063
anisotropic_time	24.780804
elastic_calculate_time	3511.726562
elast_transfer_time	49.525131
nonlinear_add_time	13.012086
trans_time	42.658298
trans_Memcpy_time	18.161192
trans_MPI_time	21.815773
trans_pack_time	0.471680
trans_enlarge_time	0.529120
trans_mu_time	0.329120
trans_unpack_time	0.438080
updateU_new_time	5.860517
runtime	3.789217
--------------------------------------------------!
*******************************
dgemm_time	121.340576
chemical_time	9.397840
anisotropic_time	25.470940
elastic_calculate_time	3511.312744
elast_transfer_time	49.613869
nonlinear_add_time	12.947151
trans_time	33.232018
trans_Memcpy_time	18.134354
trans_MPI_time	12.431757
trans_pack_time	0.475520
trans_enlarge_time	0.519680
trans_mu_time	0.330880
trans_unpack_time	0.425440
updateU_new_time	6.063251
runtime	3.775551
--------------------------------------------------!
*******************************
dgemm_time	121.292160
chemical_time	9.266176
anisotropic_time	25.202986
elastic_calculate_time	3512.494873
elast_transfer_time	54.844578
nonlinear_add_time	12.715652
trans_time	37.661011
trans_Memcpy_time	18.160147
trans_MPI_time	16.813581
trans_pack_time	0.472000
trans_enlarge_time	0.530404
trans_mu_time	0.331520
trans_unpack_time	0.427682
updateU_new_time	6.085983
runtime	3.791715
--------------------------------------------------!
*******************************
dgemm_time	121.390778
chemical_time	9.083791
anisotropic_time	24.687824
elastic_calculate_time	3514.466797
elast_transfer_time	45.970005
nonlinear_add_time	13.021279
trans_time	34.011124
trans_Memcpy_time	18.155062
trans_MPI_time	13.183654
trans_pack_time	0.470720
trans_enlarge_time	0.524164
trans_mu_time	0.327680
trans_unpack_time	0.426724
updateU_new_time	5.947911
runtime	3.780836
--------------------------------------------------!
*******************************
dgemm_time	121.363625
chemical_time	9.491332
anisotropic_time	24.939548
elastic_calculate_time	3509.478516
elast_transfer_time	57.167519
nonlinear_add_time	12.564654
trans_time	33.104694
trans_Memcpy_time	18.161339
trans_MPI_time	12.266388
trans_pack_time	0.478240
trans_enlarge_time	0.516004
trans_mu_time	0.336004
trans_unpack_time	0.428164
updateU_new_time	5.796399
runtime	3.779839
--------------------------------------------------!
time		0.000000
wall time	129.172038
