running   on	32   processors
nx,ny,nz	260	260	260
px,py,pz	2	4	4
nghost		2
output   dir	./output/output1/
data dir	./data/
detect result dir	./detect_result/
epn2		0.695500
dt,t_total	0.010000,0.310000
nac,nch		4,0
xmin,ymin,zmin	0.000000	0.000000	0.000000
xmax,ymax,zmax	512.000000	1024.000000	1024.000000
ANISOTROPIC		1
rad		5.000000
percent		0.900000
rotation		1
checkpoint,nchk,chk	1,1000,0
nout		500
counts		1
Approx		32
Reading input.txt file:
*******************************
dgemm_time	121.909935
chemical_time	9.616202
anisotropic_time	24.743675
elastic_calculate_time	6536.142578
elast_transfer_time	40.527840
nonlinear_add_time	12.634177
trans_time	172.336700
trans_Memcpy_time	34.452518
trans_MPI_time	134.995499
trans_pack_time	0.561797
trans_enlarge_time	0.550919
trans_mu_time	0.336664
trans_unpack_time	0.434750
updateU_new_time	6.301407
runtime	6.925382
--------------------------------------------------!
*******************************
dgemm_time	120.712891
chemical_time	9.426910
anisotropic_time	24.106991
elastic_calculate_time	3480.535889
elast_transfer_time	38.342560
nonlinear_add_time	12.661539
trans_time	156.650208
trans_Memcpy_time	18.055040
trans_MPI_time	135.862595
trans_pack_time	0.492833
trans_enlarge_time	0.540838
trans_mu_time	0.332024
trans_unpack_time	0.426269
updateU_new_time	6.316608
runtime	3.850183
--------------------------------------------------!
*******************************
dgemm_time	120.743614
chemical_time	9.538277
anisotropic_time	24.300444
elastic_calculate_time	3479.005615
elast_transfer_time	37.031433
nonlinear_add_time	12.528409
trans_time	157.229233
trans_Memcpy_time	17.926233
trans_MPI_time	136.608582
trans_pack_time	0.482433
trans_enlarge_time	0.523876
trans_mu_time	0.326264
trans_unpack_time	0.438270
updateU_new_time	5.995466
runtime	3.848227
--------------------------------------------------!
*******************************
dgemm_time	120.764740
chemical_time	9.422589
anisotropic_time	24.565105
elastic_calculate_time	3477.543701
elast_transfer_time	37.986698
nonlinear_add_time	12.502647
trans_time	156.926559
trans_Memcpy_time	17.874704
trans_MPI_time	136.342484
trans_pack_time	0.487393
trans_enlarge_time	0.541158
trans_mu_time	0.328664
trans_unpack_time	0.425149
updateU_new_time	6.257084
runtime	3.847504
--------------------------------------------------!
*******************************
dgemm_time	120.721153
chemical_time	9.516510
anisotropic_time	24.456121
elastic_calculate_time	3483.702637
elast_transfer_time	36.713627
nonlinear_add_time	12.486959
trans_time	34.991581
trans_Memcpy_time	17.933268
trans_MPI_time	14.346136
trans_pack_time	0.485793
trans_enlarge_time	0.529316
trans_mu_time	0.340824
trans_unpack_time	0.427869
updateU_new_time	5.997862
runtime	3.730413
--------------------------------------------------!
*******************************
dgemm_time	120.758537
chemical_time	9.286250
anisotropic_time	24.836941
elastic_calculate_time	3478.577393
elast_transfer_time	37.994820
nonlinear_add_time	12.840259
trans_time	36.501259
trans_Memcpy_time	17.782845
trans_MPI_time	16.017126
trans_pack_time	0.500194
trans_enlarge_time	0.523556
trans_mu_time	0.327064
trans_unpack_time	0.426749
updateU_new_time	6.285399
runtime	3.728406
--------------------------------------------------!
*******************************
dgemm_time	120.743301
chemical_time	9.374253
anisotropic_time	24.471949
elastic_calculate_time	3479.759766
elast_transfer_time	36.355659
nonlinear_add_time	12.902179
trans_time	38.657528
trans_Memcpy_time	17.875166
trans_MPI_time	18.077585
trans_pack_time	0.483233
trans_enlarge_time	0.544678
trans_mu_time	0.326741
trans_unpack_time	0.424509
updateU_new_time	6.104745
runtime	3.730025
--------------------------------------------------!
*******************************
dgemm_time	120.766632
chemical_time	9.486897
anisotropic_time	24.234964
elastic_calculate_time	3480.720215
elast_transfer_time	36.752953
nonlinear_add_time	12.880575
trans_time	39.016209
trans_Memcpy_time	17.940926
trans_MPI_time	18.356798
trans_pack_time	0.487393
trans_enlarge_time	0.545637
trans_mu_time	0.327702
trans_unpack_time	0.435870
updateU_new_time	6.179148
runtime	3.731588
--------------------------------------------------!
*******************************
dgemm_time	120.811737
chemical_time	9.361928
anisotropic_time	24.696110
elastic_calculate_time	3481.077637
elast_transfer_time	36.481407
nonlinear_add_time	12.910014
trans_time	38.347256
trans_Memcpy_time	17.834677
trans_MPI_time	17.805395
trans_pack_time	0.488673
trans_enlarge_time	0.525156
trans_mu_time	0.329941
trans_unpack_time	0.427869
updateU_new_time	5.954652
runtime	3.731042
--------------------------------------------------!
*******************************
dgemm_time	120.739220
chemical_time	9.076147
anisotropic_time	24.633062
elastic_calculate_time	3480.195312
elast_transfer_time	37.515877
nonlinear_add_time	12.739760
trans_time	158.093750
trans_Memcpy_time	17.845552
trans_MPI_time	137.561356
trans_pack_time	0.482113
trans_enlarge_time	0.530116
trans_mu_time	0.327381
trans_unpack_time	0.426428
updateU_new_time	6.523170
runtime	3.850919
--------------------------------------------------!
*******************************
dgemm_time	120.725929
chemical_time	9.432170
anisotropic_time	24.312717
elastic_calculate_time	3479.247070
elast_transfer_time	39.479366
nonlinear_add_time	12.839926
trans_time	155.693527
trans_Memcpy_time	17.840427
trans_MPI_time	135.144852
trans_pack_time	0.482273
trans_enlarge_time	0.525156
trans_mu_time	0.327221
trans_unpack_time	0.442430
updateU_new_time	6.041377
runtime	3.848980
--------------------------------------------------!
*******************************
dgemm_time	120.941940
chemical_time	9.651546
anisotropic_time	25.120611
elastic_calculate_time	3490.047852
elast_transfer_time	38.310642
nonlinear_add_time	12.909689
trans_time	32.384747
trans_Memcpy_time	17.980276
trans_MPI_time	11.592158
trans_pack_time	0.484673
trans_enlarge_time	0.529957
trans_mu_time	0.331062
trans_unpack_time	0.424348
updateU_new_time	6.175304
runtime	3.740164
--------------------------------------------------!
*******************************
dgemm_time	120.928001
chemical_time	9.763071
anisotropic_time	24.958996
elastic_calculate_time	3490.687256
elast_transfer_time	38.408081
nonlinear_add_time	12.902487
trans_time	32.616676
trans_Memcpy_time	17.986834
trans_MPI_time	11.824814
trans_pack_time	0.474752
trans_enlarge_time	0.518435
trans_mu_time	0.337302
trans_unpack_time	0.427549
updateU_new_time	6.430362
runtime	3.741581
--------------------------------------------------!
*******************************
dgemm_time	120.934708
chemical_time	9.314560
anisotropic_time	24.548246
elastic_calculate_time	3490.317139
elast_transfer_time	38.475761
nonlinear_add_time	12.664549
trans_time	32.530991
trans_Memcpy_time	17.954029
trans_MPI_time	11.891218
trans_pack_time	0.484352
trans_enlarge_time	0.524195
trans_mu_time	0.331701
trans_unpack_time	0.425148
updateU_new_time	6.011292
runtime	3.740166
--------------------------------------------------!
*******************************
dgemm_time	120.951981
chemical_time	9.485450
anisotropic_time	24.367111
elastic_calculate_time	3489.116455
elast_transfer_time	39.156769
nonlinear_add_time	12.793357
trans_time	32.510445
trans_Memcpy_time	17.914505
trans_MPI_time	11.891536
trans_pack_time	0.481312
trans_enlarge_time	0.542916
trans_mu_time	0.329301
trans_unpack_time	0.433148
updateU_new_time	6.089057
runtime	3.738946
--------------------------------------------------!
*******************************
dgemm_time	120.895813
chemical_time	9.660182
anisotropic_time	25.379021
elastic_calculate_time	3488.892578
elast_transfer_time	37.585457
nonlinear_add_time	12.625824
trans_time	32.287106
trans_Memcpy_time	17.978827
trans_MPI_time	11.618876
trans_pack_time	0.484192
trans_enlarge_time	0.526916
trans_mu_time	0.332021
trans_unpack_time	0.423548
updateU_new_time	6.183624
runtime	3.738433
--------------------------------------------------!
*******************************
dgemm_time	120.894043
chemical_time	9.368960
anisotropic_time	24.720253
elastic_calculate_time	3491.691406
elast_transfer_time	38.350788
nonlinear_add_time	12.872081
trans_time	32.278065
trans_Memcpy_time	17.943151
trans_MPI_time	11.656317
trans_pack_time	0.471712
trans_enlarge_time	0.536356
trans_mu_time	0.329461
trans_unpack_time	0.424668
updateU_new_time	5.990650
runtime	3.741292
--------------------------------------------------!
*******************************
dgemm_time	120.948120
chemical_time	9.309436
anisotropic_time	24.359587
elastic_calculate_time	3490.818359
elast_transfer_time	38.118771
nonlinear_add_time	13.181541
trans_time	32.469296
trans_Memcpy_time	17.923464
trans_MPI_time	11.880333
trans_pack_time	0.479072
trans_enlarge_time	0.517315
trans_mu_time	0.328341
trans_unpack_time	0.422748
updateU_new_time	6.481563
runtime	3.740266
--------------------------------------------------!
*******************************
dgemm_time	120.926987
chemical_time	9.627058
anisotropic_time	24.660406
elastic_calculate_time	3491.231689
elast_transfer_time	38.231094
nonlinear_add_time	12.730310
trans_time	32.391216
trans_Memcpy_time	17.941065
trans_MPI_time	11.754564
trans_pack_time	0.489473
trans_enlarge_time	0.531396
trans_mu_time	0.329301
trans_unpack_time	0.423388
updateU_new_time	6.037693
runtime	3.741590
--------------------------------------------------!
*******************************
dgemm_time	120.863930
chemical_time	9.499047
anisotropic_time	25.163799
elastic_calculate_time	3487.292725
elast_transfer_time	38.997704
nonlinear_add_time	12.821835
trans_time	32.364197
trans_Memcpy_time	17.995310
trans_MPI_time	11.549910
trans_pack_time	0.475872
trans_enlarge_time	0.542597
trans_mu_time	0.329302
trans_unpack_time	0.430108
updateU_new_time	6.274349
runtime	3.737949
--------------------------------------------------!
*******************************
dgemm_time	120.870010
chemical_time	9.291993
anisotropic_time	24.882660
elastic_calculate_time	3491.329590
elast_transfer_time	39.252281
nonlinear_add_time	13.016889
trans_time	32.396915
trans_Memcpy_time	18.000750
trans_MPI_time	11.732799
trans_pack_time	0.472032
trans_enlarge_time	0.522276
trans_mu_time	0.329301
trans_unpack_time	0.423868
updateU_new_time	5.913203
runtime	3.741410
--------------------------------------------------!
*******************************
dgemm_time	120.885750
chemical_time	9.475210
anisotropic_time	24.149244
elastic_calculate_time	3490.657959
elast_transfer_time	39.745739
nonlinear_add_time	12.749136
trans_time	32.561356
trans_Memcpy_time	17.958021
trans_MPI_time	11.903691
trans_pack_time	0.489153
trans_enlarge_time	0.537956
trans_mu_time	0.328181
trans_unpack_time	0.428028
updateU_new_time	5.882222
runtime	3.739478
--------------------------------------------------!
*******************************
dgemm_time	120.862785
chemical_time	9.396316
anisotropic_time	24.459862
elastic_calculate_time	3489.986084
elast_transfer_time	38.966438
nonlinear_add_time	12.784908
trans_time	32.408382
trans_Memcpy_time	17.958832
trans_MPI_time	11.763637
trans_pack_time	0.480344
trans_enlarge_time	0.529625
trans_mu_time	0.327696
trans_unpack_time	0.433780
updateU_new_time	6.075403
runtime	3.737720
--------------------------------------------------!
*******************************
dgemm_time	120.892761
chemical_time	9.602402
anisotropic_time	24.996265
elastic_calculate_time	3490.714844
elast_transfer_time	39.312992
nonlinear_add_time	12.793336
trans_time	32.597809
trans_Memcpy_time	17.909702
trans_MPI_time	12.015755
trans_pack_time	0.475856
trans_enlarge_time	0.531056
trans_mu_time	0.327208
trans_unpack_time	0.422572
updateU_new_time	6.027141
runtime	3.740154
--------------------------------------------------!
*******************************
dgemm_time	120.897125
chemical_time	9.261931
anisotropic_time	25.091394
elastic_calculate_time	3490.713135
elast_transfer_time	38.562302
nonlinear_add_time	12.941936
trans_time	32.511417
trans_Memcpy_time	17.929405
trans_MPI_time	11.906752
trans_pack_time	0.481608
trans_enlarge_time	0.520488
trans_mu_time	0.336644
trans_unpack_time	0.423524
updateU_new_time	6.088486
runtime	3.739320
--------------------------------------------------!
*******************************
dgemm_time	120.903717
chemical_time	9.275881
anisotropic_time	24.275684
elastic_calculate_time	3491.090820
elast_transfer_time	39.295815
nonlinear_add_time	12.952794
trans_time	32.519073
trans_Memcpy_time	17.929598
trans_MPI_time	11.911524
trans_pack_time	0.481120
trans_enlarge_time	0.517280
trans_mu_time	0.325760
trans_unpack_time	0.440320
updateU_new_time	6.400238
runtime	3.740210
--------------------------------------------------!
*******************************
dgemm_time	120.898224
chemical_time	9.325514
anisotropic_time	24.614069
elastic_calculate_time	3487.093262
elast_transfer_time	42.878868
nonlinear_add_time	12.894858
trans_time	32.542774
trans_Memcpy_time	17.993206
trans_MPI_time	11.872327
trans_pack_time	0.481120
trans_enlarge_time	0.527836
trans_mu_time	0.330076
trans_unpack_time	0.426076
updateU_new_time	6.115199
runtime	3.739671
--------------------------------------------------!
*******************************
dgemm_time	120.965492
chemical_time	9.633703
anisotropic_time	25.655315
elastic_calculate_time	3489.068848
elast_transfer_time	38.830482
nonlinear_add_time	12.550069
trans_time	32.502995
trans_Memcpy_time	17.962885
trans_MPI_time	11.720006
trans_pack_time	0.473112
trans_enlarge_time	0.533428
trans_mu_time	0.340632
trans_unpack_time	0.430389
updateU_new_time	5.972886
runtime	3.738818
--------------------------------------------------!
*******************************
dgemm_time	120.911736
chemical_time	9.505276
anisotropic_time	24.948963
elastic_calculate_time	3490.230957
elast_transfer_time	37.920784
nonlinear_add_time	13.112129
trans_time	32.311230
trans_Memcpy_time	17.937372
trans_MPI_time	11.692820
trans_pack_time	0.484464
trans_enlarge_time	0.524780
trans_mu_time	0.329428
trans_unpack_time	0.423024
updateU_new_time	6.095049
runtime	3.738327
--------------------------------------------------!
*******************************
dgemm_time	120.936630
chemical_time	9.369497
anisotropic_time	24.507915
elastic_calculate_time	3491.299805
elast_transfer_time	38.577278
nonlinear_add_time	12.879040
trans_time	32.232479
trans_Memcpy_time	17.956360
trans_MPI_time	11.578286
trans_pack_time	0.474536
trans_enlarge_time	0.546372
trans_mu_time	0.329744
trans_unpack_time	0.423980
updateU_new_time	5.930991
runtime	3.738840
--------------------------------------------------!
*******************************
dgemm_time	120.920166
chemical_time	9.431106
anisotropic_time	24.782650
elastic_calculate_time	3490.190918
elast_transfer_time	38.309822
nonlinear_add_time	13.107522
trans_time	32.315327
trans_Memcpy_time	17.952803
trans_MPI_time	11.678154
trans_pack_time	0.477092
trans_enlarge_time	0.527168
trans_mu_time	0.332460
trans_unpack_time	0.426695
updateU_new_time	6.317696
runtime	3.740153
--------------------------------------------------!
time		0.000000
wall time	127.059441
