running   on	128   processors
nx,ny,nz	260	260	260
px,py,pz	4	4	8
nghost		2
output   dir	./output/output1/
data dir	./data/
detect result dir	./detect_result/
epn2		0.695500
dt,t_total	0.010000,0.310000
nac,nch		4,0
xmin,ymin,zmin	0.000000	0.000000	0.000000
xmax,ymax,zmax	1024.000000	1024.000000	2048.000000
ANISOTROPIC		1
rad		5.000000
percent		0.900000
rotation		1
checkpoint,nchk,chk	1,1000,0
nout		500
counts		1
Approx		32
Reading input.txt file:
*******************************
dgemm_time	122.209366
chemical_time	9.363987
anisotropic_time	24.146040
elastic_calculate_time	6542.242676
elast_transfer_time	46.745407
nonlinear_add_time	12.491074
trans_time	237.948212
trans_Memcpy_time	33.925179
trans_MPI_time	201.150909
trans_pack_time	0.552723
trans_enlarge_time	0.551285
trans_mu_time	0.336974
trans_unpack_time	0.441091
updateU_new_time	5.928399
runtime	7.003676
--------------------------------------------------!
*******************************
dgemm_time	121.085747
chemical_time	9.168118
anisotropic_time	24.940084
elastic_calculate_time	3485.075195
elast_transfer_time	39.325806
nonlinear_add_time	12.644603
trans_time	47.302277
trans_Memcpy_time	18.240791
trans_MPI_time	26.367863
trans_pack_time	0.486026
trans_enlarge_time	0.530965
trans_mu_time	0.332972
trans_unpack_time	0.424290
updateU_new_time	5.892339
runtime	3.747264
--------------------------------------------------!
*******************************
dgemm_time	121.122391
chemical_time	9.314377
anisotropic_time	24.420609
elastic_calculate_time	3482.171875
elast_transfer_time	40.650482
nonlinear_add_time	12.723987
trans_time	48.515049
trans_Memcpy_time	18.121750
trans_MPI_time	27.706455
trans_pack_time	0.480903
trans_enlarge_time	0.521360
trans_mu_time	0.327851
trans_unpack_time	0.426365
updateU_new_time	6.145934
runtime	3.746968
--------------------------------------------------!
*******************************
dgemm_time	121.046890
chemical_time	9.298653
anisotropic_time	24.477732
elastic_calculate_time	3487.167969
elast_transfer_time	40.147942
nonlinear_add_time	12.551358
trans_time	47.834904
trans_Memcpy_time	18.171032
trans_MPI_time	26.826982
trans_pack_time	0.489373
trans_enlarge_time	0.534790
trans_mu_time	0.328809
trans_unpack_time	0.435637
updateU_new_time	5.941837
runtime	3.749892
--------------------------------------------------!
*******************************
dgemm_time	121.121758
chemical_time	9.842359
anisotropic_time	24.854261
elastic_calculate_time	3487.667236
elast_transfer_time	37.152088
nonlinear_add_time	12.463193
trans_time	49.457394
trans_Memcpy_time	18.145988
trans_MPI_time	28.631117
trans_pack_time	0.479455
trans_enlarge_time	0.518796
trans_mu_time	0.336163
trans_unpack_time	0.429079
updateU_new_time	5.843142
runtime	3.750217
--------------------------------------------------!
*******************************
dgemm_time	121.075195
chemical_time	9.351525
anisotropic_time	24.498676
elastic_calculate_time	3489.923584
elast_transfer_time	35.629353
nonlinear_add_time	12.938128
trans_time	41.822590
trans_Memcpy_time	18.110104
trans_MPI_time	21.012558
trans_pack_time	0.490489
trans_enlarge_time	0.527430
trans_mu_time	0.330403
trans_unpack_time	0.424758
updateU_new_time	6.064778
runtime	3.743036
--------------------------------------------------!
*******************************
dgemm_time	121.050766
chemical_time	9.359661
anisotropic_time	24.346537
elastic_calculate_time	3488.813232
elast_transfer_time	36.639984
nonlinear_add_time	13.104100
trans_time	47.793152
trans_Memcpy_time	18.205046
trans_MPI_time	26.898481
trans_pack_time	0.474335
trans_enlarge_time	0.524710
trans_mu_time	0.329283
trans_unpack_time	0.438831
updateU_new_time	6.050852
runtime	3.749074
--------------------------------------------------!
*******************************
dgemm_time	121.083817
chemical_time	9.620638
anisotropic_time	24.425495
elastic_calculate_time	3485.324463
elast_transfer_time	39.529724
nonlinear_add_time	12.957908
trans_time	51.126347
trans_Memcpy_time	18.145994
trans_MPI_time	30.302864
trans_pack_time	0.474813
trans_enlarge_time	0.520071
trans_mu_time	0.328962
trans_unpack_time	0.426835
updateU_new_time	5.833985
runtime	3.751589
--------------------------------------------------!
*******************************
dgemm_time	121.098007
chemical_time	9.449824
anisotropic_time	24.840555
elastic_calculate_time	3488.185547
elast_transfer_time	40.404469
nonlinear_add_time	12.841840
trans_time	48.514389
trans_Memcpy_time	18.181623
trans_MPI_time	27.649532
trans_pack_time	0.481529
trans_enlarge_time	0.518471
trans_mu_time	0.336318
trans_unpack_time	0.424436
updateU_new_time	6.087238
runtime	3.753363
--------------------------------------------------!
*******************************
dgemm_time	121.119926
chemical_time	9.547749
anisotropic_time	24.881336
elastic_calculate_time	3483.722412
elast_transfer_time	38.201534
nonlinear_add_time	12.980196
trans_time	161.777832
trans_Memcpy_time	18.203773
trans_MPI_time	140.897278
trans_pack_time	0.483298
trans_enlarge_time	0.522160
trans_mu_time	0.327051
trans_unpack_time	0.425566
updateU_new_time	6.373108
runtime	3.861556
--------------------------------------------------!
*******************************
dgemm_time	121.126289
chemical_time	9.249617
anisotropic_time	24.648163
elastic_calculate_time	3491.604980
elast_transfer_time	40.495480
nonlinear_add_time	12.903690
trans_time	170.238922
trans_Memcpy_time	18.312569
trans_MPI_time	149.102493
trans_pack_time	0.479155
trans_enlarge_time	0.521539
trans_mu_time	0.328819
trans_unpack_time	0.425100
updateU_new_time	5.903261
runtime	3.879874
--------------------------------------------------!
*******************************
dgemm_time	121.308289
chemical_time	9.458410
anisotropic_time	25.145866
elastic_calculate_time	3497.830811
elast_transfer_time	41.260040
nonlinear_add_time	12.624596
trans_time	33.131775
trans_Memcpy_time	18.349709
trans_MPI_time	12.100497
trans_pack_time	0.471971
trans_enlarge_time	0.536266
trans_mu_time	0.330267
trans_unpack_time	0.427189
updateU_new_time	5.982580
runtime	3.753432
--------------------------------------------------!
*******************************
dgemm_time	121.315086
chemical_time	9.603045
anisotropic_time	25.594103
elastic_calculate_time	3498.023193
elast_transfer_time	41.940872
nonlinear_add_time	12.891338
trans_time	32.732712
trans_Memcpy_time	18.314493
trans_MPI_time	11.727335
trans_pack_time	0.476141
trans_enlarge_time	0.541398
trans_mu_time	0.330917
trans_unpack_time	0.424802
updateU_new_time	5.958238
runtime	3.759008
--------------------------------------------------!
*******************************
dgemm_time	121.308334
chemical_time	9.516702
anisotropic_time	24.269600
elastic_calculate_time	3497.765137
elast_transfer_time	41.864433
nonlinear_add_time	13.070733
trans_time	45.035912
trans_Memcpy_time	18.310575
trans_MPI_time	24.061214
trans_pack_time	0.467676
trans_enlarge_time	0.511341
trans_mu_time	0.333963
trans_unpack_time	0.427850
updateU_new_time	5.971632
runtime	3.764727
--------------------------------------------------!
*******************************
dgemm_time	121.339241
chemical_time	9.458967
anisotropic_time	25.108643
elastic_calculate_time	3498.988770
elast_transfer_time	41.671150
nonlinear_add_time	12.873421
trans_time	32.460892
trans_Memcpy_time	18.290621
trans_MPI_time	11.499417
trans_pack_time	0.466886
trans_enlarge_time	0.521908
trans_mu_time	0.330611
trans_unpack_time	0.426740
updateU_new_time	5.844416
runtime	3.756257
--------------------------------------------------!
*******************************
dgemm_time	121.332603
chemical_time	9.531581
anisotropic_time	25.624582
elastic_calculate_time	3497.186035
elast_transfer_time	39.262142
nonlinear_add_time	13.023509
trans_time	36.451012
trans_Memcpy_time	18.317656
trans_MPI_time	15.439190
trans_pack_time	0.482091
trans_enlarge_time	0.535353
trans_mu_time	0.330298
trans_unpack_time	0.424348
updateU_new_time	6.088120
runtime	3.754670
--------------------------------------------------!
*******************************
dgemm_time	121.371147
chemical_time	9.394195
anisotropic_time	25.454062
elastic_calculate_time	3499.289551
elast_transfer_time	45.452026
nonlinear_add_time	13.007913
trans_time	32.858906
trans_Memcpy_time	18.310759
trans_MPI_time	11.862420
trans_pack_time	0.468343
trans_enlarge_time	0.526884
trans_mu_time	0.333023
trans_unpack_time	0.440190
updateU_new_time	6.269303
runtime	3.759337
--------------------------------------------------!
*******************************
dgemm_time	121.301994
chemical_time	9.059079
anisotropic_time	24.662373
elastic_calculate_time	3497.482666
elast_transfer_time	44.912930
nonlinear_add_time	12.854890
trans_time	33.047493
trans_Memcpy_time	18.318138
trans_MPI_time	12.068342
trans_pack_time	0.468351
trans_enlarge_time	0.515857
trans_mu_time	0.329831
trans_unpack_time	0.421323
updateU_new_time	5.998277
runtime	3.755702
--------------------------------------------------!
*******************************
dgemm_time	121.337761
chemical_time	9.459439
anisotropic_time	24.696022
elastic_calculate_time	3504.852539
elast_transfer_time	44.266575
nonlinear_add_time	12.954422
trans_time	32.822941
trans_Memcpy_time	18.427206
trans_MPI_time	11.578271
trans_pack_time	0.482915
trans_enlarge_time	0.524026
trans_mu_time	0.337193
trans_unpack_time	0.427410
updateU_new_time	6.083308
runtime	3.762547
--------------------------------------------------!
*******************************
dgemm_time	121.287941
chemical_time	9.432697
anisotropic_time	25.317503
elastic_calculate_time	3498.325928
elast_transfer_time	39.555641
nonlinear_add_time	12.727297
trans_time	32.858402
trans_Memcpy_time	18.295523
trans_MPI_time	11.743046
trans_pack_time	0.467409
trans_enlarge_time	0.526112
trans_mu_time	0.330000
trans_unpack_time	0.442771
updateU_new_time	6.035084
runtime	3.752635
--------------------------------------------------!
*******************************
dgemm_time	121.341957
chemical_time	9.517441
anisotropic_time	25.364376
elastic_calculate_time	3497.622070
elast_transfer_time	40.589680
nonlinear_add_time	13.110254
trans_time	32.792645
trans_Memcpy_time	18.359289
trans_MPI_time	11.767527
trans_pack_time	0.471576
trans_enlarge_time	0.514124
trans_mu_time	0.331126
trans_unpack_time	0.424223
updateU_new_time	6.335737
runtime	3.752812
--------------------------------------------------!
*******************************
dgemm_time	121.343704
chemical_time	9.339190
anisotropic_time	24.822063
elastic_calculate_time	3498.575195
elast_transfer_time	46.463825
nonlinear_add_time	13.099211
trans_time	33.092007
trans_Memcpy_time	18.319532
trans_MPI_time	12.098962
trans_pack_time	0.469659
trans_enlarge_time	0.512369
trans_mu_time	0.336728
trans_unpack_time	0.430147
updateU_new_time	5.893502
runtime	3.758996
--------------------------------------------------!
*******************************
dgemm_time	121.349205
chemical_time	9.315935
anisotropic_time	24.696127
elastic_calculate_time	3504.878174
elast_transfer_time	47.729057
nonlinear_add_time	12.678478
trans_time	36.827728
trans_Memcpy_time	18.384520
trans_MPI_time	15.782022
trans_pack_time	0.471098
trans_enlarge_time	0.516533
trans_mu_time	0.329052
trans_unpack_time	0.429991
updateU_new_time	5.956754
runtime	3.769456
--------------------------------------------------!
*******************************
dgemm_time	121.349007
chemical_time	9.591499
anisotropic_time	25.845123
elastic_calculate_time	3497.896973
elast_transfer_time	49.050095
nonlinear_add_time	12.633335
trans_time	32.932541
trans_Memcpy_time	18.315132
trans_MPI_time	11.940224
trans_pack_time	0.468705
trans_enlarge_time	0.540373
trans_mu_time	0.329855
trans_unpack_time	0.423595
updateU_new_time	6.071193
runtime	3.761602
--------------------------------------------------!
*******************************
dgemm_time	121.347588
chemical_time	9.332275
anisotropic_time	25.545261
elastic_calculate_time	3498.555176
elast_transfer_time	41.006699
nonlinear_add_time	12.885250
trans_time	32.643848
trans_Memcpy_time	18.358990
trans_MPI_time	11.606167
trans_pack_time	0.469511
trans_enlarge_time	0.518782
trans_mu_time	0.336576
trans_unpack_time	0.425199
updateU_new_time	6.087408
runtime	3.754120
--------------------------------------------------!
*******************************
dgemm_time	121.329475
chemical_time	9.366433
anisotropic_time	24.664677
elastic_calculate_time	3494.526855
elast_transfer_time	43.888977
nonlinear_add_time	12.855930
trans_time	32.946465
trans_Memcpy_time	18.325253
trans_MPI_time	11.947496
trans_pack_time	0.477032
trans_enlarge_time	0.523747
trans_mu_time	0.333859
trans_unpack_time	0.425204
updateU_new_time	6.105539
runtime	3.752466
--------------------------------------------------!
*******************************
dgemm_time	121.327438
chemical_time	9.511127
anisotropic_time	24.926117
elastic_calculate_time	3497.831055
elast_transfer_time	55.341606
nonlinear_add_time	12.910108
trans_time	34.516277
trans_Memcpy_time	18.327816
trans_MPI_time	13.259547
trans_pack_time	0.475921
trans_enlarge_time	0.544549
trans_mu_time	0.332425
trans_unpack_time	0.436726
updateU_new_time	6.215651
runtime	3.767955
--------------------------------------------------!
*******************************
dgemm_time	121.389816
chemical_time	9.840911
anisotropic_time	25.885206
elastic_calculate_time	3500.932373
elast_transfer_time	44.706841
nonlinear_add_time	12.727196
trans_time	32.943562
trans_Memcpy_time	18.422354
trans_MPI_time	11.851876
trans_pack_time	0.464404
trans_enlarge_time	0.530315
trans_mu_time	0.336266
trans_unpack_time	0.423451
updateU_new_time	5.940382
runtime	3.761060
--------------------------------------------------!
*******************************
dgemm_time	121.376465
chemical_time	9.198517
anisotropic_time	25.352034
elastic_calculate_time	3499.679688
elast_transfer_time	41.214714
nonlinear_add_time	12.791439
trans_time	32.998459
trans_Memcpy_time	18.343468
trans_MPI_time	11.979469
trans_pack_time	0.471768
trans_enlarge_time	0.527440
trans_mu_time	0.333389
trans_unpack_time	0.422336
updateU_new_time	5.922028
runtime	3.754643
--------------------------------------------------!
*******************************
dgemm_time	121.357132
chemical_time	9.020523
anisotropic_time	24.611189
elastic_calculate_time	3505.003906
elast_transfer_time	51.280655
nonlinear_add_time	12.773451
trans_time	32.461983
trans_Memcpy_time	18.281054
trans_MPI_time	11.491309
trans_pack_time	0.469371
trans_enlarge_time	0.541681
trans_mu_time	0.330832
trans_unpack_time	0.431298
updateU_new_time	5.879835
runtime	3.769004
--------------------------------------------------!
*******************************
dgemm_time	121.330246
chemical_time	9.427408
anisotropic_time	24.386417
elastic_calculate_time	3498.176270
elast_transfer_time	41.950047
nonlinear_add_time	12.799770
trans_time	32.587490
trans_Memcpy_time	18.308851
trans_MPI_time	11.602572
trans_pack_time	0.472575
trans_enlarge_time	0.527126
trans_mu_time	0.330195
trans_unpack_time	0.428900
updateU_new_time	6.154876
runtime	3.753531
--------------------------------------------------!
time		0.000000
wall time	127.677241
