running   on	64   processors
nx,ny,nz	260	260	260
px,py,pz	4	4	4
nghost		2
output   dir	./output/output1/
data dir	./data/
detect result dir	./detect_result/
epn2		0.695500
dt,t_total	0.010000,0.310000
nac,nch		4,0
xmin,ymin,zmin	0.000000	0.000000	0.000000
xmax,ymax,zmax	1024.000000	1024.000000	1024.000000
ANISOTROPIC		1
rad		5.000000
percent		0.900000
rotation		1
checkpoint,nchk,chk	1,1000,0
nout		500
counts		1
Approx		32
Reading input.txt file:
*******************************
dgemm_time	122.395279
chemical_time	9.633937
anisotropic_time	25.048458
elastic_calculate_time	6111.437500
elast_transfer_time	43.418793
nonlinear_add_time	11.900407
trans_time	87.544632
trans_Memcpy_time	35.534775
trans_MPI_time	49.132404
trans_pack_time	0.558294
trans_enlarge_time	0.544212
trans_mu_time	0.337952
trans_unpack_time	0.442922
updateU_new_time	6.404650
runtime	6.419336
--------------------------------------------------!
*******************************
dgemm_time	121.165642
chemical_time	9.128917
anisotropic_time	24.653467
elastic_calculate_time	3495.807129
elast_transfer_time	39.769646
nonlinear_add_time	12.524036
trans_time	39.218327
trans_Memcpy_time	17.948917
trans_MPI_time	18.454569
trans_pack_time	0.488530
trans_enlarge_time	0.519414
trans_mu_time	0.333155
trans_unpack_time	0.424844
updateU_new_time	6.144085
runtime	3.750909
--------------------------------------------------!
*******************************
dgemm_time	121.175354
chemical_time	9.442008
anisotropic_time	24.594505
elastic_calculate_time	3500.160156
elast_transfer_time	40.610470
nonlinear_add_time	12.337259
trans_time	43.188953
trans_Memcpy_time	17.793011
trans_MPI_time	22.699358
trans_pack_time	0.484538
trans_enlarge_time	0.535745
trans_mu_time	0.326920
trans_unpack_time	0.423732
updateU_new_time	5.718972
runtime	3.759376
--------------------------------------------------!
*******************************
dgemm_time	121.168640
chemical_time	9.688503
anisotropic_time	24.357361
elastic_calculate_time	3503.623291
elast_transfer_time	39.403866
nonlinear_add_time	12.504885
trans_time	42.953659
trans_Memcpy_time	17.862465
trans_MPI_time	22.397133
trans_pack_time	0.484866
trans_enlarge_time	0.517348
trans_mu_time	0.329644
trans_unpack_time	0.441658
updateU_new_time	5.844308
runtime	3.761538
--------------------------------------------------!
*******************************
dgemm_time	121.184601
chemical_time	9.633824
anisotropic_time	24.343716
elastic_calculate_time	3497.876221
elast_transfer_time	41.942810
nonlinear_add_time	12.473260
trans_time	157.387497
trans_Memcpy_time	17.797934
trans_MPI_time	136.897736
trans_pack_time	0.479425
trans_enlarge_time	0.525352
trans_mu_time	0.334285
trans_unpack_time	0.430298
updateU_new_time	5.853777
runtime	3.872781
--------------------------------------------------!
*******************************
dgemm_time	121.146622
chemical_time	9.492720
anisotropic_time	24.841797
elastic_calculate_time	3500.906494
elast_transfer_time	40.560684
nonlinear_add_time	12.461625
trans_time	36.678741
trans_Memcpy_time	17.829863
trans_MPI_time	16.163546
trans_pack_time	0.481827
trans_enlarge_time	0.527914
trans_mu_time	0.327728
trans_unpack_time	0.423261
updateU_new_time	5.771548
runtime	3.753804
--------------------------------------------------!
*******************************
dgemm_time	121.124237
chemical_time	9.391451
anisotropic_time	24.514938
elastic_calculate_time	3500.514404
elast_transfer_time	40.361408
nonlinear_add_time	12.589199
trans_time	36.321777
trans_Memcpy_time	18.003868
trans_MPI_time	15.619844
trans_pack_time	0.483433
trans_enlarge_time	0.523276
trans_mu_time	0.326288
trans_unpack_time	0.440543
updateU_new_time	6.088891
runtime	3.752679
--------------------------------------------------!
*******************************
dgemm_time	121.186127
chemical_time	10.152386
anisotropic_time	24.317684
elastic_calculate_time	3495.948730
elast_transfer_time	42.398926
nonlinear_add_time	12.474010
trans_time	153.551498
trans_Memcpy_time	17.807571
trans_MPI_time	133.082993
trans_pack_time	0.478633
trans_enlarge_time	0.505994
trans_mu_time	0.330929
trans_unpack_time	0.425022
updateU_new_time	5.740533
runtime	3.867567
--------------------------------------------------!
*******************************
dgemm_time	121.213554
chemical_time	9.416294
anisotropic_time	24.959909
elastic_calculate_time	3501.822998
elast_transfer_time	39.694439
nonlinear_add_time	12.899058
trans_time	35.774097
trans_Memcpy_time	17.803610
trans_MPI_time	15.200181
trans_pack_time	0.490155
trans_enlarge_time	0.522960
trans_mu_time	0.338930
trans_unpack_time	0.432545
updateU_new_time	6.159645
runtime	3.753530
--------------------------------------------------!
*******************************
dgemm_time	121.201271
chemical_time	9.540009
anisotropic_time	24.479713
elastic_calculate_time	3501.064453
elast_transfer_time	39.276516
nonlinear_add_time	12.825148
trans_time	35.560593
trans_Memcpy_time	18.130411
trans_MPI_time	14.357842
trans_pack_time	0.515758
trans_enlarge_time	0.541201
trans_mu_time	0.349013
trans_unpack_time	0.442468
updateU_new_time	6.183180
runtime	3.752208
--------------------------------------------------!
*******************************
dgemm_time	121.212616
chemical_time	9.492333
anisotropic_time	24.502626
elastic_calculate_time	3503.034424
elast_transfer_time	39.767044
nonlinear_add_time	12.667378
trans_time	35.138878
trans_Memcpy_time	18.019379
trans_MPI_time	14.199759
trans_pack_time	0.510798
trans_enlarge_time	0.528562
trans_mu_time	0.342933
trans_unpack_time	0.440069
updateU_new_time	5.885540
runtime	3.753923
--------------------------------------------------!
*******************************
dgemm_time	121.440628
chemical_time	9.686773
anisotropic_time	25.370148
elastic_calculate_time	3511.188232
elast_transfer_time	44.124390
nonlinear_add_time	12.873823
trans_time	33.874195
trans_Memcpy_time	18.136221
trans_MPI_time	12.828526
trans_pack_time	0.501200
trans_enlarge_time	0.538484
trans_mu_time	0.348214
trans_unpack_time	0.439269
updateU_new_time	6.296971
runtime	3.769961
--------------------------------------------------!
*******************************
dgemm_time	121.437202
chemical_time	9.679740
anisotropic_time	25.295755
elastic_calculate_time	3512.888428
elast_transfer_time	42.556030
nonlinear_add_time	13.083787
trans_time	34.080261
trans_Memcpy_time	18.160404
trans_MPI_time	13.009362
trans_pack_time	0.502801
trans_enlarge_time	0.519761
trans_mu_time	0.343733
trans_unpack_time	0.442149
updateU_new_time	6.224166
runtime	3.770261
--------------------------------------------------!
*******************************
dgemm_time	121.454712
chemical_time	9.273714
anisotropic_time	24.217876
elastic_calculate_time	3514.570068
elast_transfer_time	42.346199
nonlinear_add_time	12.873774
trans_time	33.974594
trans_Memcpy_time	18.114491
trans_MPI_time	12.960730
trans_pack_time	0.492240
trans_enlarge_time	0.530963
trans_mu_time	0.344055
trans_unpack_time	0.438629
updateU_new_time	6.142843
runtime	3.770337
--------------------------------------------------!
*******************************
dgemm_time	121.444550
chemical_time	9.327119
anisotropic_time	24.714155
elastic_calculate_time	3512.385986
elast_transfer_time	42.822868
nonlinear_add_time	13.024298
trans_time	34.014671
trans_Memcpy_time	18.220659
trans_MPI_time	12.898415
trans_pack_time	0.498477
trans_enlarge_time	0.520078
trans_mu_time	0.341812
trans_unpack_time	0.441667
updateU_new_time	6.005195
runtime	3.768441
--------------------------------------------------!
*******************************
dgemm_time	121.394585
chemical_time	9.359503
anisotropic_time	25.407263
elastic_calculate_time	3512.002441
elast_transfer_time	42.751842
nonlinear_add_time	12.703152
trans_time	33.941994
trans_Memcpy_time	18.188408
trans_MPI_time	12.843308
trans_pack_time	0.505034
trans_enlarge_time	0.539119
trans_mu_time	0.342932
trans_unpack_time	0.439265
updateU_new_time	6.089781
runtime	3.768077
--------------------------------------------------!
*******************************
dgemm_time	121.443207
chemical_time	9.417057
anisotropic_time	25.548260
elastic_calculate_time	3514.707764
elast_transfer_time	41.845081
nonlinear_add_time	12.939753
trans_time	33.902016
trans_Memcpy_time	18.176687
trans_MPI_time	12.691465
trans_pack_time	0.493347
trans_enlarge_time	0.532393
trans_mu_time	0.342608
trans_unpack_time	0.454462
updateU_new_time	6.119990
runtime	3.770917
--------------------------------------------------!
*******************************
dgemm_time	121.422089
chemical_time	9.339743
anisotropic_time	24.465336
elastic_calculate_time	3513.737793
elast_transfer_time	43.746174
nonlinear_add_time	12.951239
trans_time	33.824993
trans_Memcpy_time	18.145063
trans_MPI_time	12.799092
trans_pack_time	0.495264
trans_enlarge_time	0.517347
trans_mu_time	0.343885
trans_unpack_time	0.437977
updateU_new_time	5.998038
runtime	3.770045
--------------------------------------------------!
*******************************
dgemm_time	121.500526
chemical_time	9.434933
anisotropic_time	24.966141
elastic_calculate_time	3512.970703
elast_transfer_time	43.553730
nonlinear_add_time	12.691498
trans_time	33.946453
trans_Memcpy_time	18.153975
trans_MPI_time	12.861785
trans_pack_time	0.510946
trans_enlarge_time	0.526946
trans_mu_time	0.352366
trans_unpack_time	0.447897
updateU_new_time	5.931938
runtime	3.770037
--------------------------------------------------!
*******************************
dgemm_time	121.450180
chemical_time	9.180799
anisotropic_time	25.267563
elastic_calculate_time	3513.535156
elast_transfer_time	41.985924
nonlinear_add_time	12.946701
trans_time	33.877403
trans_Memcpy_time	18.101610
trans_MPI_time	12.867836
trans_pack_time	0.495904
trans_enlarge_time	0.539427
trans_mu_time	0.344044
trans_unpack_time	0.453496
updateU_new_time	6.139789
runtime	3.769254
--------------------------------------------------!
*******************************
dgemm_time	121.364014
chemical_time	9.394888
anisotropic_time	25.111015
elastic_calculate_time	3511.800293
elast_transfer_time	45.415367
nonlinear_add_time	13.041886
trans_time	33.840046
trans_Memcpy_time	18.130695
trans_MPI_time	12.805720
trans_pack_time	0.494943
trans_enlarge_time	0.532706
trans_mu_time	0.345963
trans_unpack_time	0.440213
updateU_new_time	6.302998
runtime	3.771029
--------------------------------------------------!
*******************************
dgemm_time	121.394829
chemical_time	9.466080
anisotropic_time	24.361441
elastic_calculate_time	3514.015869
elast_transfer_time	43.838303
nonlinear_add_time	12.725826
trans_time	33.819099
trans_Memcpy_time	18.140099
trans_MPI_time	12.766810
trans_pack_time	0.506461
trans_enlarge_time	0.531425
trans_mu_time	0.349482
trans_unpack_time	0.442933
updateU_new_time	5.992709
runtime	3.770584
--------------------------------------------------!
*******************************
dgemm_time	121.377190
chemical_time	9.442700
anisotropic_time	24.925785
elastic_calculate_time	3512.570801
elast_transfer_time	42.056740
nonlinear_add_time	12.912066
trans_time	33.987808
trans_Memcpy_time	18.190792
trans_MPI_time	12.862481
trans_pack_time	0.512380
trans_enlarge_time	0.530303
trans_mu_time	0.344200
trans_unpack_time	0.447413
updateU_new_time	6.125673
runtime	3.768330
--------------------------------------------------!
*******************************
dgemm_time	121.328514
chemical_time	9.564460
anisotropic_time	25.257303
elastic_calculate_time	3511.678467
elast_transfer_time	46.114105
nonlinear_add_time	12.554404
trans_time	33.924259
trans_Memcpy_time	18.098589
trans_MPI_time	12.933665
trans_pack_time	0.489336
trans_enlarge_time	0.544544
trans_mu_time	0.344040
trans_unpack_time	0.439892
updateU_new_time	6.008051
runtime	3.771868
--------------------------------------------------!
*******************************
dgemm_time	121.366089
chemical_time	9.479956
anisotropic_time	25.554260
elastic_calculate_time	3510.965576
elast_transfer_time	42.864708
nonlinear_add_time	13.304871
trans_time	33.879402
trans_Memcpy_time	18.049597
trans_MPI_time	13.008539
trans_pack_time	0.475576
trans_enlarge_time	0.516860
trans_mu_time	0.334598
trans_unpack_time	0.429009
updateU_new_time	6.370163
runtime	3.768750
--------------------------------------------------!
*******************************
dgemm_time	121.334892
chemical_time	9.127903
anisotropic_time	24.568195
elastic_calculate_time	3511.734375
elast_transfer_time	43.886841
nonlinear_add_time	13.207080
trans_time	33.724106
trans_Memcpy_time	17.993883
trans_MPI_time	13.046437
trans_pack_time	0.480696
trans_enlarge_time	0.519419
trans_mu_time	0.330757
trans_unpack_time	0.427728
updateU_new_time	6.124526
runtime	3.769232
--------------------------------------------------!
*******************************
dgemm_time	121.382263
chemical_time	9.390802
anisotropic_time	24.884357
elastic_calculate_time	3514.462402
elast_transfer_time	43.232956
nonlinear_add_time	12.359451
trans_time	33.743252
trans_Memcpy_time	17.990498
trans_MPI_time	13.052661
trans_pack_time	0.478615
trans_enlarge_time	0.533339
trans_mu_time	0.329797
trans_unpack_time	0.439890
updateU_new_time	5.926738
runtime	3.770236
--------------------------------------------------!
*******************************
dgemm_time	121.374283
chemical_time	10.030061
anisotropic_time	25.604088
elastic_calculate_time	3512.246582
elast_transfer_time	42.522903
nonlinear_add_time	12.717873
trans_time	34.402473
trans_Memcpy_time	17.915741
trans_MPI_time	13.803289
trans_pack_time	0.478454
trans_enlarge_time	0.522457
trans_mu_time	0.336997
trans_unpack_time	0.425328
updateU_new_time	6.107070
runtime	3.770151
--------------------------------------------------!
*******************************
dgemm_time	121.350769
chemical_time	9.395100
anisotropic_time	25.714632
elastic_calculate_time	3513.328857
elast_transfer_time	41.425457
nonlinear_add_time	13.138386
trans_time	33.695656
trans_Memcpy_time	17.872038
trans_MPI_time	13.143040
trans_pack_time	0.479253
trans_enlarge_time	0.521497
trans_mu_time	0.330596
trans_unpack_time	0.430607
updateU_new_time	6.047855
runtime	3.769341
--------------------------------------------------!
*******************************
dgemm_time	121.443939
chemical_time	9.496861
anisotropic_time	24.634647
elastic_calculate_time	3514.839844
elast_transfer_time	43.429474
nonlinear_add_time	13.176136
trans_time	33.889305
trans_Memcpy_time	17.873621
trans_MPI_time	13.331367
trans_pack_time	0.471890
trans_enlarge_time	0.533498
trans_mu_time	0.332676
trans_unpack_time	0.425485
updateU_new_time	6.345322
runtime	3.771921
--------------------------------------------------!
*******************************
dgemm_time	121.351639
chemical_time	9.618144
anisotropic_time	24.835606
elastic_calculate_time	3514.908936
elast_transfer_time	43.840187
nonlinear_add_time	12.722955
trans_time	33.788563
trans_Memcpy_time	17.861280
trans_MPI_time	13.250067
trans_pack_time	0.473490
trans_enlarge_time	0.526136
trans_mu_time	0.329316
trans_unpack_time	0.428365
updateU_new_time	5.963835
runtime	3.771777
--------------------------------------------------!
time		0.000000
wall time	127.424582
