running   on	256   processors
nx,ny,nz	260	260	260
px,py,pz	4	8	8
nghost		2
output   dir	./output/output1/
data dir	./data/
detect result dir	./detect_result/
epn2		0.695500
dt,t_total	0.010000,0.310000
nac,nch		4,0
xmin,ymin,zmin	0.000000	0.000000	0.000000
xmax,ymax,zmax	1024.000000	2048.000000	2048.000000
ANISOTROPIC		1
rad		5.000000
percent		0.900000
rotation		1
checkpoint,nchk,chk	1,1000,0
nout		500
counts		1
Approx		32
Reading input.txt file:
*******************************
dgemm_time	122.413132
chemical_time	9.741578
anisotropic_time	24.881699
elastic_calculate_time	6678.316895
elast_transfer_time	42.287735
nonlinear_add_time	12.809412
trans_time	748.803162
trans_Memcpy_time	34.459286
trans_MPI_time	711.453552
trans_pack_time	0.561280
trans_enlarge_time	0.544160
trans_mu_time	0.340000
trans_unpack_time	0.443680
updateU_new_time	6.133907
runtime	7.647824
--------------------------------------------------!
*******************************
dgemm_time	121.215775
chemical_time	9.449125
anisotropic_time	24.689615
elastic_calculate_time	3498.329834
elast_transfer_time	43.049786
nonlinear_add_time	12.721769
trans_time	45.325253
trans_Memcpy_time	18.334217
trans_MPI_time	24.024267
trans_pack_time	0.517920
trans_enlarge_time	0.526240
trans_mu_time	0.356320
trans_unpack_time	0.441120
updateU_new_time	5.868003
runtime	3.762368
--------------------------------------------------!
*******************************
dgemm_time	121.191330
chemical_time	9.521095
anisotropic_time	24.896034
elastic_calculate_time	3495.717041
elast_transfer_time	43.394852
nonlinear_add_time	12.885303
trans_time	43.735104
trans_Memcpy_time	18.255884
trans_MPI_time	22.504549
trans_pack_time	0.504160
trans_enlarge_time	0.542560
trans_mu_time	0.344640
trans_unpack_time	0.440480
updateU_new_time	6.145366
runtime	3.759563
--------------------------------------------------!
*******************************
dgemm_time	121.218925
chemical_time	9.705020
anisotropic_time	24.752724
elastic_calculate_time	3496.771484
elast_transfer_time	45.796566
nonlinear_add_time	12.939655
trans_time	49.461529
trans_Memcpy_time	18.281563
trans_MPI_time	28.207487
trans_pack_time	0.507848
trans_enlarge_time	0.546248
trans_mu_time	0.344164
trans_unpack_time	0.450565
updateU_new_time	6.002856
runtime	3.770863
--------------------------------------------------!
*******************************
dgemm_time	121.213028
chemical_time	9.364742
anisotropic_time	24.588856
elastic_calculate_time	3497.796387
elast_transfer_time	48.972260
nonlinear_add_time	12.742600
trans_time	163.389282
trans_Memcpy_time	18.333387
trans_MPI_time	142.094574
trans_pack_time	0.511688
trans_enlarge_time	0.540972
trans_mu_time	0.346088
trans_unpack_time	0.440808
updateU_new_time	6.210735
runtime	3.887380
--------------------------------------------------!
*******************************
dgemm_time	121.209381
chemical_time	9.362864
anisotropic_time	24.832966
elastic_calculate_time	3508.816406
elast_transfer_time	39.758568
nonlinear_add_time	12.604089
trans_time	41.265984
trans_Memcpy_time	18.265322
trans_MPI_time	20.040419
trans_pack_time	0.506890
trans_enlarge_time	0.542735
trans_mu_time	0.345608
trans_unpack_time	0.443212
updateU_new_time	5.964033
runtime	3.765536
--------------------------------------------------!
*******************************
dgemm_time	121.222595
chemical_time	9.437668
anisotropic_time	24.958626
elastic_calculate_time	3497.893555
elast_transfer_time	45.591232
nonlinear_add_time	12.964029
trans_time	44.576355
trans_Memcpy_time	18.255608
trans_MPI_time	23.362978
trans_pack_time	0.504656
trans_enlarge_time	0.544336
trans_mu_time	0.342248
trans_unpack_time	0.456813
updateU_new_time	5.896261
runtime	3.764732
--------------------------------------------------!
*******************************
dgemm_time	121.209167
chemical_time	9.348644
anisotropic_time	24.876654
elastic_calculate_time	3497.191895
elast_transfer_time	52.442455
nonlinear_add_time	12.692473
trans_time	43.429466
trans_Memcpy_time	18.241941
trans_MPI_time	22.226828
trans_pack_time	0.512472
trans_enlarge_time	0.544312
trans_mu_time	0.342876
trans_unpack_time	0.438555
updateU_new_time	5.984975
runtime	3.766965
--------------------------------------------------!
*******************************
dgemm_time	121.174538
chemical_time	9.528634
anisotropic_time	24.643673
elastic_calculate_time	3496.778076
elast_transfer_time	50.099606
nonlinear_add_time	12.467745
trans_time	45.150063
trans_Memcpy_time	18.082020
trans_MPI_time	24.356064
trans_pack_time	0.478855
trans_enlarge_time	0.536451
trans_mu_time	0.340302
trans_unpack_time	0.427176
updateU_new_time	6.178836
runtime	3.767450
--------------------------------------------------!
*******************************
dgemm_time	121.177826
chemical_time	9.538922
anisotropic_time	24.613220
elastic_calculate_time	3499.080811
elast_transfer_time	44.749512
nonlinear_add_time	12.713605
trans_time	163.811890
trans_Memcpy_time	18.094864
trans_MPI_time	143.010437
trans_pack_time	0.495317
trans_enlarge_time	0.520755
trans_mu_time	0.328452
trans_unpack_time	0.428282
updateU_new_time	5.944129
runtime	3.885279
--------------------------------------------------!
*******************************
dgemm_time	121.178749
chemical_time	9.434387
anisotropic_time	25.319250
elastic_calculate_time	3499.989502
elast_transfer_time	45.391872
nonlinear_add_time	13.063650
trans_time	160.673248
trans_Memcpy_time	18.093887
trans_MPI_time	139.887665
trans_pack_time	0.484263
trans_enlarge_time	0.527458
trans_mu_time	0.329881
trans_unpack_time	0.426351
updateU_new_time	6.133560
runtime	3.881843
--------------------------------------------------!
*******************************
dgemm_time	121.432167
chemical_time	9.882783
anisotropic_time	25.222162
elastic_calculate_time	3508.951904
elast_transfer_time	45.319847
nonlinear_add_time	12.617719
trans_time	33.164940
trans_Memcpy_time	18.227728
trans_MPI_time	12.272389
trans_pack_time	0.471296
trans_enlarge_time	0.513049
trans_mu_time	0.331795
trans_unpack_time	0.424260
updateU_new_time	5.909962
runtime	3.776667
--------------------------------------------------!
*******************************
dgemm_time	121.419952
chemical_time	9.438700
anisotropic_time	25.351328
elastic_calculate_time	3515.780029
elast_transfer_time	45.834702
nonlinear_add_time	12.926101
trans_time	33.357903
trans_Memcpy_time	18.215393
trans_MPI_time	12.477251
trans_pack_time	0.475445
trans_enlarge_time	0.516878
trans_mu_time	0.332427
trans_unpack_time	0.424254
updateU_new_time	6.150623
runtime	3.774463
--------------------------------------------------!
*******************************
dgemm_time	121.362114
chemical_time	9.469440
anisotropic_time	24.739090
elastic_calculate_time	3507.530273
elast_transfer_time	64.594101
nonlinear_add_time	13.008945
trans_time	38.150536
trans_Memcpy_time	18.214294
trans_MPI_time	17.271902
trans_pack_time	0.466639
trans_enlarge_time	0.519909
trans_mu_time	0.332583
trans_unpack_time	0.430165
updateU_new_time	5.876669
runtime	3.788625
--------------------------------------------------!
*******************************
dgemm_time	121.401176
chemical_time	9.458492
anisotropic_time	24.792910
elastic_calculate_time	3514.065430
elast_transfer_time	44.109024
nonlinear_add_time	12.729596
trans_time	35.103149
trans_Memcpy_time	18.228445
trans_MPI_time	14.209038
trans_pack_time	0.471270
trans_enlarge_time	0.524860
trans_mu_time	0.328577
trans_unpack_time	0.421840
updateU_new_time	5.941672
runtime	3.782978
--------------------------------------------------!
*******************************
dgemm_time	121.423882
chemical_time	9.608339
anisotropic_time	25.441738
elastic_calculate_time	3508.231934
elast_transfer_time	52.997528
nonlinear_add_time	12.739825
trans_time	38.068638
trans_Memcpy_time	18.474831
trans_MPI_time	16.783289
trans_pack_time	0.478957
trans_enlarge_time	0.516230
trans_mu_time	0.336902
trans_unpack_time	0.430003
updateU_new_time	5.907989
runtime	3.780460
--------------------------------------------------!
*******************************
dgemm_time	121.357193
chemical_time	9.165312
anisotropic_time	25.267635
elastic_calculate_time	3510.566650
elast_transfer_time	48.274818
nonlinear_add_time	13.087109
trans_time	33.759949
trans_Memcpy_time	18.299549
trans_MPI_time	12.773262
trans_pack_time	0.471440
trans_enlarge_time	0.512715
trans_mu_time	0.333543
trans_unpack_time	0.444246
updateU_new_time	6.318388
runtime	3.774470
--------------------------------------------------!
*******************************
dgemm_time	121.416931
chemical_time	9.204594
anisotropic_time	24.555506
elastic_calculate_time	3518.715820
elast_transfer_time	45.577759
nonlinear_add_time	13.003889
trans_time	33.427761
trans_Memcpy_time	18.297194
trans_MPI_time	12.474246
trans_pack_time	0.475287
trans_enlarge_time	0.509041
trans_mu_time	0.330828
trans_unpack_time	0.422815
updateU_new_time	6.487066
runtime	3.779423
--------------------------------------------------!
*******************************
dgemm_time	121.444084
chemical_time	9.944417
anisotropic_time	24.643711
elastic_calculate_time	3514.612061
elast_transfer_time	49.000740
nonlinear_add_time	12.550785
trans_time	35.394493
trans_Memcpy_time	18.345684
trans_MPI_time	14.371696
trans_pack_time	0.470329
trans_enlarge_time	0.515766
trans_mu_time	0.342350
trans_unpack_time	0.428259
updateU_new_time	6.064781
runtime	3.780253
--------------------------------------------------!
*******************************
dgemm_time	121.419502
chemical_time	9.573826
anisotropic_time	25.287998
elastic_calculate_time	3509.143311
elast_transfer_time	52.855221
nonlinear_add_time	12.259888
trans_time	37.836380
trans_Memcpy_time	18.255295
trans_MPI_time	16.906521
trans_pack_time	0.466656
trans_enlarge_time	0.521049
trans_mu_time	0.329555
trans_unpack_time	0.436101
updateU_new_time	5.813343
runtime	3.781021
--------------------------------------------------!
*******************************
dgemm_time	121.423149
chemical_time	9.500468
anisotropic_time	25.268671
elastic_calculate_time	3510.492920
elast_transfer_time	46.254326
nonlinear_add_time	13.216187
trans_time	33.181160
trans_Memcpy_time	18.247450
trans_MPI_time	12.240693
trans_pack_time	0.471458
trans_enlarge_time	0.538812
trans_mu_time	0.331958
trans_unpack_time	0.428746
updateU_new_time	6.352843
runtime	3.772839
--------------------------------------------------!
*******************************
dgemm_time	121.480499
chemical_time	9.640201
anisotropic_time	25.017679
elastic_calculate_time	3513.258301
elast_transfer_time	43.959721
nonlinear_add_time	13.217402
trans_time	32.826756
trans_Memcpy_time	18.211756
trans_MPI_time	11.929142
trans_pack_time	0.469064
trans_enlarge_time	0.522178
trans_mu_time	0.339638
trans_unpack_time	0.426668
updateU_new_time	6.197066
runtime	3.771168
--------------------------------------------------!
*******************************
dgemm_time	121.456345
chemical_time	9.585230
anisotropic_time	24.804428
elastic_calculate_time	3521.638184
elast_transfer_time	49.486305
nonlinear_add_time	12.492125
trans_time	33.933086
trans_Memcpy_time	18.279398
trans_MPI_time	12.969110
trans_pack_time	0.478346
trans_enlarge_time	0.524741
trans_mu_time	0.331163
trans_unpack_time	0.422512
updateU_new_time	5.987848
runtime	3.785555
--------------------------------------------------!
*******************************
dgemm_time	121.453880
chemical_time	9.586889
anisotropic_time	25.606262
elastic_calculate_time	3523.482910
elast_transfer_time	53.610043
nonlinear_add_time	12.475724
trans_time	35.569988
trans_Memcpy_time	18.259838
trans_MPI_time	14.501036
trans_pack_time	0.476592
trans_enlarge_time	0.527624
trans_mu_time	0.327324
trans_unpack_time	0.422995
updateU_new_time	5.965650
runtime	3.797912
--------------------------------------------------!
*******************************
dgemm_time	121.426262
chemical_time	9.266653
anisotropic_time	25.567852
elastic_calculate_time	3511.762451
elast_transfer_time	47.229984
nonlinear_add_time	13.198447
trans_time	34.898243
trans_Memcpy_time	18.293871
trans_MPI_time	13.936543
trans_pack_time	0.477231
trans_enlarge_time	0.513550
trans_mu_time	0.329408
trans_unpack_time	0.429079
updateU_new_time	6.695056
runtime	3.775840
--------------------------------------------------!
*******************************
dgemm_time	121.440826
chemical_time	9.043043
anisotropic_time	24.541519
elastic_calculate_time	3522.083496
elast_transfer_time	47.813541
nonlinear_add_time	13.117244
trans_time	33.623878
trans_Memcpy_time	18.323252
trans_MPI_time	12.630983
trans_pack_time	0.467000
trans_enlarge_time	0.522672
trans_mu_time	0.333568
trans_unpack_time	0.424600
updateU_new_time	6.138501
runtime	3.783608
--------------------------------------------------!
*******************************
dgemm_time	121.506233
chemical_time	9.840942
anisotropic_time	24.412851
elastic_calculate_time	3512.398682
elast_transfer_time	43.035782
nonlinear_add_time	12.831414
trans_time	35.819454
trans_Memcpy_time	18.309750
trans_MPI_time	14.793259
trans_pack_time	0.474840
trans_enlarge_time	0.539472
trans_mu_time	0.331811
trans_unpack_time	0.437722
updateU_new_time	5.950865
runtime	3.772661
--------------------------------------------------!
*******************************
dgemm_time	121.421692
chemical_time	9.536694
anisotropic_time	25.752382
elastic_calculate_time	3512.401367
elast_transfer_time	53.483166
nonlinear_add_time	12.526859
trans_time	44.061001
trans_Memcpy_time	18.314966
trans_MPI_time	23.063051
trans_pack_time	0.477400
trans_enlarge_time	0.518998
trans_mu_time	0.331332
trans_unpack_time	0.426044
updateU_new_time	5.891538
runtime	3.798419
--------------------------------------------------!
*******************************
dgemm_time	121.408951
chemical_time	9.378986
anisotropic_time	25.355404
elastic_calculate_time	3511.284424
elast_transfer_time	50.158848
nonlinear_add_time	13.096312
trans_time	33.372684
trans_Memcpy_time	18.268015
trans_MPI_time	12.415512
trans_pack_time	0.468925
trans_enlarge_time	0.526679
trans_mu_time	0.330695
trans_unpack_time	0.433407
updateU_new_time	6.306574
runtime	3.778090
--------------------------------------------------!
*******************************
dgemm_time	121.436966
chemical_time	9.140322
anisotropic_time	25.048973
elastic_calculate_time	3511.844238
elast_transfer_time	46.820572
nonlinear_add_time	13.067409
trans_time	34.349209
trans_Memcpy_time	18.290171
trans_MPI_time	13.387974
trans_pack_time	0.471487
trans_enlarge_time	0.522522
trans_mu_time	0.330696
trans_unpack_time	0.423968
updateU_new_time	6.106454
runtime	3.773886
--------------------------------------------------!
*******************************
dgemm_time	121.425278
chemical_time	9.444979
anisotropic_time	24.671974
elastic_calculate_time	3512.146484
elast_transfer_time	51.926659
nonlinear_add_time	12.515656
trans_time	37.007957
trans_Memcpy_time	18.246094
trans_MPI_time	16.076164
trans_pack_time	0.473728
trans_enlarge_time	0.526365
trans_mu_time	0.336937
trans_unpack_time	0.428611
updateU_new_time	5.931929
runtime	3.786361
--------------------------------------------------!
time		0.000000
wall time	128.946623
