running   on	4096   processors
nx,ny,nz	260	260	260
px,py,pz	16	16	16
nghost		2
output   dir	./output/output1/
data dir	./data/
detect result dir	./detect_result/
epn2		0.695500
dt,t_total	0.010000,0.310000
nac,nch		4,0
xmin,ymin,zmin	0.000000	0.000000	0.000000
xmax,ymax,zmax	4096.000000	4096.000000	4096.000000
ANISOTROPIC		1
rad		5.000000
percent		0.900000
rotation		1
checkpoint,nchk,chk	1,1000,0
nout		500
counts		1
Approx		32
Reading input.txt file:
*******************************
dgemm_time	122.175644
chemical_time	9.655717
anisotropic_time	24.889793
elastic_calculate_time	6976.012695
elast_transfer_time	42.308235
nonlinear_add_time	12.657379
trans_time	682.369324
trans_Memcpy_time	33.281479
trans_MPI_time	646.191589
trans_pack_time	0.571049
trans_enlarge_time	0.542889
trans_mu_time	0.340804
trans_unpack_time	0.442088
updateU_new_time	6.082525
runtime	7.880913
--------------------------------------------------!
*******************************
dgemm_time	121.092735
chemical_time	9.650599
anisotropic_time	24.897474
elastic_calculate_time	3529.358643
elast_transfer_time	58.340885
nonlinear_add_time	12.607780
trans_time	57.087811
trans_Memcpy_time	18.276209
trans_MPI_time	36.106979
trans_pack_time	0.491368
trans_enlarge_time	0.539528
trans_mu_time	0.328164
trans_unpack_time	0.425288
updateU_new_time	6.288769
runtime	3.829738
--------------------------------------------------!
*******************************
dgemm_time	121.070007
chemical_time	9.672071
anisotropic_time	24.853146
elastic_calculate_time	3511.040039
elast_transfer_time	59.133938
nonlinear_add_time	12.523771
trans_time	176.522797
trans_Memcpy_time	18.157648
trans_MPI_time	155.687866
trans_pack_time	0.480648
trans_enlarge_time	0.518888
trans_mu_time	0.327524
trans_unpack_time	0.426408
updateU_new_time	5.816040
runtime	3.931373
--------------------------------------------------!
*******************************
dgemm_time	121.119995
chemical_time	9.569757
anisotropic_time	24.980558
elastic_calculate_time	3517.225586
elast_transfer_time	66.272064
nonlinear_add_time	12.580433
trans_time	55.345703
trans_Memcpy_time	18.125027
trans_MPI_time	34.518684
trans_pack_time	0.486720
trans_enlarge_time	0.532480
trans_mu_time	0.328640
trans_unpack_time	0.434880
updateU_new_time	6.099590
runtime	3.822001
--------------------------------------------------!
*******************************
dgemm_time	121.090492
chemical_time	9.824562
anisotropic_time	24.754581
elastic_calculate_time	3512.139160
elast_transfer_time	53.122505
nonlinear_add_time	12.682292
trans_time	55.177334
trans_Memcpy_time	18.201323
trans_MPI_time	34.277042
trans_pack_time	0.479646
trans_enlarge_time	0.531319
trans_mu_time	0.336295
trans_unpack_time	0.428928
updateU_new_time	5.989508
runtime	3.812191
--------------------------------------------------!
*******************************
dgemm_time	121.116280
chemical_time	9.706088
anisotropic_time	24.802809
elastic_calculate_time	3526.455078
elast_transfer_time	57.016907
nonlinear_add_time	12.676160
trans_time	169.413574
trans_Memcpy_time	18.402420
trans_MPI_time	148.284210
trans_pack_time	0.496093
trans_enlarge_time	0.530491
trans_mu_time	0.332596
trans_unpack_time	0.426344
updateU_new_time	5.943183
runtime	3.932786
--------------------------------------------------!
*******************************
dgemm_time	121.036446
chemical_time	9.514608
anisotropic_time	24.845390
elastic_calculate_time	3514.771484
elast_transfer_time	61.888302
nonlinear_add_time	12.532037
trans_time	57.042725
trans_Memcpy_time	18.150513
trans_MPI_time	36.139145
trans_pack_time	0.475598
trans_enlarge_time	0.572542
trans_mu_time	0.328743
trans_unpack_time	0.443603
updateU_new_time	6.079969
runtime	3.816022
--------------------------------------------------!
*******************************
dgemm_time	121.062004
chemical_time	10.235799
anisotropic_time	24.347836
elastic_calculate_time	3519.605713
elast_transfer_time	63.233879
nonlinear_add_time	12.604095
trans_time	56.859779
trans_Memcpy_time	18.108297
trans_MPI_time	36.074871
trans_pack_time	0.477202
trans_enlarge_time	0.518796
trans_mu_time	0.333706
trans_unpack_time	0.424091
updateU_new_time	5.880268
runtime	3.820778
--------------------------------------------------!
*******************************
dgemm_time	121.074539
chemical_time	9.618592
anisotropic_time	24.933405
elastic_calculate_time	3521.650391
elast_transfer_time	64.104324
nonlinear_add_time	12.580287
trans_time	171.571274
trans_Memcpy_time	18.146372
trans_MPI_time	150.705750
trans_pack_time	0.482171
trans_enlarge_time	0.542322
trans_mu_time	0.340910
trans_unpack_time	0.426979
updateU_new_time	5.941789
runtime	3.944321
--------------------------------------------------!
*******************************
dgemm_time	121.138466
chemical_time	9.552961
anisotropic_time	24.859329
elastic_calculate_time	3518.473145
elast_transfer_time	66.099136
nonlinear_add_time	12.498377
trans_time	56.534653
trans_Memcpy_time	18.144400
trans_MPI_time	35.709526
trans_pack_time	0.484579
trans_enlarge_time	0.515933
trans_mu_time	0.327958
trans_unpack_time	0.424586
updateU_new_time	6.058970
runtime	3.820745
--------------------------------------------------!
*******************************
dgemm_time	121.103127
chemical_time	9.415319
anisotropic_time	25.044378
elastic_calculate_time	3521.534424
elast_transfer_time	64.220528
nonlinear_add_time	12.409243
trans_time	54.498257
trans_Memcpy_time	18.999725
trans_MPI_time	32.631756
trans_pack_time	0.489542
trans_enlarge_time	0.548576
trans_mu_time	0.332921
trans_unpack_time	0.430990
updateU_new_time	5.892334
runtime	3.822650
--------------------------------------------------!
*******************************
dgemm_time	121.280899
chemical_time	9.939344
anisotropic_time	25.397026
elastic_calculate_time	3524.627686
elast_transfer_time	72.791893
nonlinear_add_time	12.867537
trans_time	34.609108
trans_Memcpy_time	18.188473
trans_MPI_time	13.731504
trans_pack_time	0.473871
trans_enlarge_time	0.545062
trans_mu_time	0.332604
trans_unpack_time	0.425555
updateU_new_time	6.043888
runtime	3.824653
--------------------------------------------------!
*******************************
dgemm_time	121.318413
chemical_time	9.667603
anisotropic_time	25.356579
elastic_calculate_time	3529.517578
elast_transfer_time	74.529228
nonlinear_add_time	12.939944
trans_time	34.487640
trans_Memcpy_time	18.141266
trans_MPI_time	13.665705
trans_pack_time	0.472113
trans_enlarge_time	0.531788
trans_mu_time	0.332607
trans_unpack_time	0.424439
updateU_new_time	6.035772
runtime	3.831001
--------------------------------------------------!
*******************************
dgemm_time	121.350883
chemical_time	9.468801
anisotropic_time	24.827187
elastic_calculate_time	3536.017822
elast_transfer_time	67.330956
nonlinear_add_time	13.156331
trans_time	34.987637
trans_Memcpy_time	18.085083
trans_MPI_time	14.233432
trans_pack_time	0.471319
trans_enlarge_time	0.528112
trans_mu_time	0.330051
trans_unpack_time	0.423803
updateU_new_time	6.158041
runtime	3.828918
--------------------------------------------------!
*******************************
dgemm_time	121.370155
chemical_time	9.427901
anisotropic_time	25.076752
elastic_calculate_time	3531.105225
elast_transfer_time	69.528458
nonlinear_add_time	12.507178
trans_time	34.448566
trans_Memcpy_time	18.097040
trans_MPI_time	13.696448
trans_pack_time	0.464760
trans_enlarge_time	0.517397
trans_mu_time	0.328932
trans_unpack_time	0.428604
updateU_new_time	5.981932
runtime	3.831038
--------------------------------------------------!
*******************************
dgemm_time	121.339592
chemical_time	9.738166
anisotropic_time	25.553326
elastic_calculate_time	3528.399658
elast_transfer_time	74.058891
nonlinear_add_time	12.525962
trans_time	34.417488
trans_Memcpy_time	18.099707
trans_MPI_time	13.637172
trans_pack_time	0.480285
trans_enlarge_time	0.525880
trans_mu_time	0.327976
trans_unpack_time	0.424928
updateU_new_time	5.888369
runtime	3.830204
--------------------------------------------------!
*******************************
dgemm_time	121.297134
chemical_time	9.575186
anisotropic_time	25.352823
elastic_calculate_time	3524.512695
elast_transfer_time	74.304184
nonlinear_add_time	12.987751
trans_time	37.485172
trans_Memcpy_time	18.105562
trans_MPI_time	16.697502
trans_pack_time	0.468128
trans_enlarge_time	0.530362
trans_mu_time	0.328936
trans_unpack_time	0.443168
updateU_new_time	6.183577
runtime	3.828597
--------------------------------------------------!
*******************************
dgemm_time	121.410774
chemical_time	9.306763
anisotropic_time	24.772171
elastic_calculate_time	3521.242920
elast_transfer_time	82.709244
nonlinear_add_time	13.092760
trans_time	34.360973
trans_Memcpy_time	18.059086
trans_MPI_time	13.637150
trans_pack_time	0.469728
trans_enlarge_time	0.521725
trans_mu_time	0.331659
trans_unpack_time	0.423652
updateU_new_time	6.385831
runtime	3.828685
--------------------------------------------------!
*******************************
dgemm_time	121.297012
chemical_time	9.570946
anisotropic_time	25.011774
elastic_calculate_time	3525.558838
elast_transfer_time	73.732994
nonlinear_add_time	12.928982
trans_time	34.487377
trans_Memcpy_time	18.702486
trans_MPI_time	12.708948
trans_pack_time	0.504768
trans_enlarge_time	0.553085
trans_mu_time	0.350059
trans_unpack_time	0.447492
updateU_new_time	6.030997
runtime	3.827479
--------------------------------------------------!
*******************************
dgemm_time	121.367523
chemical_time	9.589858
anisotropic_time	25.636629
elastic_calculate_time	3526.854004
elast_transfer_time	73.316803
nonlinear_add_time	12.917351
trans_time	34.490822
trans_Memcpy_time	18.358583
trans_MPI_time	13.434395
trans_pack_time	0.469896
trans_enlarge_time	0.532448
trans_mu_time	0.328460
trans_unpack_time	0.442855
updateU_new_time	6.231169
runtime	3.829873
--------------------------------------------------!
*******************************
dgemm_time	121.331619
chemical_time	9.578051
anisotropic_time	25.588398
elastic_calculate_time	3528.804199
elast_transfer_time	71.923210
nonlinear_add_time	12.950991
trans_time	34.840508
trans_Memcpy_time	18.159779
trans_MPI_time	14.001133
trans_pack_time	0.469416
trans_enlarge_time	0.525411
trans_mu_time	0.329903
trans_unpack_time	0.430696
updateU_new_time	5.953764
runtime	3.828959
--------------------------------------------------!
*******************************
dgemm_time	121.375191
chemical_time	9.351532
anisotropic_time	24.433014
elastic_calculate_time	3528.438721
elast_transfer_time	74.723289
nonlinear_add_time	12.781281
trans_time	34.218933
trans_Memcpy_time	18.130239
trans_MPI_time	13.409531
trans_pack_time	0.467176
trans_enlarge_time	0.521253
trans_mu_time	0.337584
trans_unpack_time	0.427339
updateU_new_time	6.123374
runtime	3.829201
--------------------------------------------------!
*******************************
dgemm_time	121.404503
chemical_time	9.639224
anisotropic_time	24.817226
elastic_calculate_time	3527.317871
elast_transfer_time	73.068222
nonlinear_add_time	13.021626
trans_time	34.379883
trans_Memcpy_time	18.118458
trans_MPI_time	13.589403
trans_pack_time	0.473576
trans_enlarge_time	0.515496
trans_mu_time	0.331824
trans_unpack_time	0.431980
updateU_new_time	5.924200
runtime	3.826862
--------------------------------------------------!
*******************************
dgemm_time	121.315865
chemical_time	9.739565
anisotropic_time	25.482224
elastic_calculate_time	3525.010742
elast_transfer_time	77.840202
nonlinear_add_time	12.749990
trans_time	34.573620
trans_Memcpy_time	18.095633
trans_MPI_time	13.798074
trans_pack_time	0.471500
trans_enlarge_time	0.529416
trans_mu_time	0.330864
trans_unpack_time	0.423820
updateU_new_time	6.184525
runtime	3.831823
--------------------------------------------------!
*******************************
dgemm_time	121.321129
chemical_time	9.560238
anisotropic_time	25.244698
elastic_calculate_time	3524.685303
elast_transfer_time	77.932388
nonlinear_add_time	13.002493
trans_time	36.071808
trans_Memcpy_time	18.123680
trans_MPI_time	15.274043
trans_pack_time	0.469904
trans_enlarge_time	0.515658
trans_mu_time	0.337266
trans_unpack_time	0.428303
updateU_new_time	6.238138
runtime	3.831663
--------------------------------------------------!
*******************************
dgemm_time	121.398033
chemical_time	9.366669
anisotropic_time	24.554064
elastic_calculate_time	3522.561523
elast_transfer_time	77.873055
nonlinear_add_time	13.172117
trans_time	36.215557
trans_Memcpy_time	18.118761
trans_MPI_time	15.413755
trans_pack_time	0.474704
trans_enlarge_time	0.523500
trans_mu_time	0.331508
trans_unpack_time	0.423664
updateU_new_time	6.208554
runtime	3.831068
--------------------------------------------------!
*******************************
dgemm_time	121.392075
chemical_time	9.542842
anisotropic_time	24.693314
elastic_calculate_time	3531.006592
elast_transfer_time	71.572502
nonlinear_add_time	12.593448
trans_time	34.514240
trans_Memcpy_time	18.539911
trans_MPI_time	12.916771
trans_pack_time	0.498544
trans_enlarge_time	0.551659
trans_mu_time	0.349588
trans_unpack_time	0.450064
updateU_new_time	6.297045
runtime	3.828751
--------------------------------------------------!
*******************************
dgemm_time	121.442734
chemical_time	10.167319
anisotropic_time	25.273342
elastic_calculate_time	3527.588379
elast_transfer_time	71.553131
nonlinear_add_time	12.513155
trans_time	35.021847
trans_Memcpy_time	18.413233
trans_MPI_time	13.695971
trans_pack_time	0.489744
trans_enlarge_time	0.533100
trans_mu_time	0.349908
trans_unpack_time	0.441744
updateU_new_time	5.830674
runtime	3.828485
--------------------------------------------------!
*******************************
dgemm_time	121.378311
chemical_time	9.683834
anisotropic_time	26.201038
elastic_calculate_time	3531.172607
elast_transfer_time	69.270630
nonlinear_add_time	13.527705
trans_time	34.560646
trans_Memcpy_time	18.418713
trans_MPI_time	13.201135
trans_pack_time	0.495664
trans_enlarge_time	0.536623
trans_mu_time	0.347348
trans_unpack_time	0.439024
updateU_new_time	6.362667
runtime	3.829530
--------------------------------------------------!
*******************************
dgemm_time	121.415009
chemical_time	9.526577
anisotropic_time	25.095360
elastic_calculate_time	3523.906738
elast_transfer_time	78.671417
nonlinear_add_time	13.020866
trans_time	34.735806
trans_Memcpy_time	18.449148
trans_MPI_time	13.366596
trans_pack_time	0.486544
trans_enlarge_time	0.552783
trans_mu_time	0.349748
trans_unpack_time	0.443507
updateU_new_time	5.971970
runtime	3.831077
--------------------------------------------------!
*******************************
dgemm_time	121.344345
chemical_time	9.815225
anisotropic_time	25.468033
elastic_calculate_time	3531.314697
elast_transfer_time	70.376274
nonlinear_add_time	12.946972
trans_time	34.336613
trans_Memcpy_time	18.468540
trans_MPI_time	12.965834
trans_pack_time	0.499184
trans_enlarge_time	0.525904
trans_mu_time	0.345112
trans_unpack_time	0.441108
updateU_new_time	6.119016
runtime	3.827501
--------------------------------------------------!
time		0.000000
wall time	130.700488
