running   on	512   processors
restart		0
nx,ny,nz	260	260	260
px,py,pz	8	8	8
nghost		2
output   dir	./output/output2/
data   dir	./data/
dt,t_total	2.000000,200.100000
ELASTIC		1
ANISOTROPIC		1
nac,nch		6,2
xmin,ymin,zmin	0.000000	0.000000	0.000000
xmax,ymax,zmax	2048.000000	2048.000000	2048.000000
checkpoint_,nchk,chk	1,1000,0
nout		10000
Approx		32
detect_iter		100000
Reading input.txt file:
myrank = 511 P = 0 Q = 0
myrank = 489 P = 1 Q = 2
myrank = 459 P = 2 Q = 0
myrank = 460 P = 2 Q = 1
myrank = 456 P = 5 Q = 0
myrank = 502 P = 2 Q = 2
myrank = 463 P = 5 Q = 1
myrank = 451 P = 5 Q = 0
myrank = 509 P = 5 Q = 0
myrank = 490 P = 4 Q = 2
myrank = 458 P = 1 Q = 4
myrank = 507 P = 0 Q = 2
myrank = 503 P = 5 Q = 3
myrank = 500 P = 0 Q = 0
myrank = 487 P = 0 Q = 1
myrank = 462 P = 3 Q = 4
myrank = 491 P = 2 Q = 2
myrank = 461 P = 0 Q = 1
myrank = 488 P = 3 Q = 5
myrank = 457 P = 0 Q = 1
myrank = 449 P = 3 Q = 3
myrank = 495 P = 2 Q = 0
myrank = 448 P = 5 Q = 3
myrank = 492 P = 1 Q = 5
myrank = 501 P = 4 Q = 3
myrank = 455 P = 1 Q = 4
myrank = 506 P = 2 Q = 3
myrank = 510 P = 5 Q = 0
myrank = 486 P = 5 Q = 5
myrank = 504 P = 1 Q = 2
myrank = 464 P = 3 Q = 4
myrank = 508 P = 0 Q = 3
myrank = 450 P = 0 Q = 1
myrank = 494 P = 2 Q = 2
myrank = 484 P = 3 Q = 2
myrank = 469 P = 4 Q = 1
myrank = 498 P = 2 Q = 0
myrank = 485 P = 0 Q = 2
myrank = 499 P = 0 Q = 2
myrank = 481 P = 4 Q = 2
myrank = 471 P = 2 Q = 4
myrank = 453 P = 3 Q = 1
myrank = 452 P = 5 Q = 4
myrank = 454 P = 4 Q = 0
myrank = 497 P = 5 Q = 2
myrank = 483 P = 5 Q = 2
myrank = 470 P = 4 Q = 2
myrank = 465 P = 0 Q = 4
myrank = 475 P = 2 Q = 2
myrank = 482 P = 2 Q = 1
myrank = 493 P = 4 Q = 2
myrank = 473 P = 0 Q = 4
myrank = 468 P = 0 Q = 1
myrank = 467 P = 4 Q = 2
myrank = 466 P = 4 Q = 4
myrank = 474 P = 2 Q = 1
myrank = 480 P = 2 Q = 2
myrank = 505 P = 1 Q = 3
myrank = 472 P = 3 Q = 4
myrank = 496 P = 3 Q = 2
myrank = 476 P = 3 Q = 4
myrank = 479 P = 2 Q = 4
myrank = 478 P = 4 Q = 5
myrank = 477 P = 1 Q = 4
myrank = 87 P = 4 Q = 3
myrank = 322 P = 1 Q = 4
myrank = 105 P = 3 Q = 1
myrank = 100 P = 3 Q = 4
myrank = 103 P = 5 Q = 4
myrank = 74 P = 3 Q = 0
myrank = 75 P = 4 Q = 5
myrank = 106 P = 5 Q = 0
myrank = 85 P = 3 Q = 3
myrank = 84 P = 5 Q = 3
myrank = 73 P = 0 Q = 2
myrank = 72 P = 5 Q = 0
myrank = 104 P = 5 Q = 4
myrank = 107 P = 5 Q = 1
myrank = 86 P = 4 Q = 3
myrank = 283 P = 3 Q = 3
myrank = 71 P = 1 Q = 0
myrank = 280 P = 1 Q = 5
myrank = 101 P = 1 Q = 3
myrank = 102 P = 4 Q = 4
myrank = 69 P = 5 Q = 3
myrank = 70 P = 4 Q = 2
myrank = 307 P = 4 Q = 3
myrank = 78 P = 1 Q = 2
myrank = 281 P = 5 Q = 2
myrank = 321 P = 5 Q = 1
myrank = 79 P = 1 Q = 3
myrank = 83 P = 2 Q = 0
myrank = 76 P = 4 Q = 0
myrank = 77 P = 3 Q = 3
myrank = 80 P = 5 Q = 3
myrank = 68 P = 2 Q = 5
myrank = 327 P = 1 Q = 1
myrank = 99 P = 1 Q = 4
myrank = 326 P = 0 Q = 5
myrank = 82 P = 1 Q = 3
myrank = 304 P = 2 Q = 3
myrank = 435 P = 1 Q = 3
myrank = 279 P = 3 Q = 2
myrank = 319 P = 4 Q = 1
myrank = 122 P = 4 Q = 2
myrank = 115 P = 5 Q = 1
myrank = 278 P = 5 Q = 0
myrank = 320 P = 5 Q = 1
myrank = 266 P = 5 Q = 2
myrank = 306 P = 3 Q = 4
myrank = 81 P = 2 Q = 3
myrank = 267 P = 3 Q = 1
myrank = 275 P = 1 Q = 2
myrank = 311 P = 1 Q = 1
myrank = 325 P = 3 Q = 4
myrank = 260 P = 4 Q = 1
myrank = 324 P = 2 Q = 1
myrank = 93 P = 3 Q = 0
myrank = 89 P = 3 Q = 1
myrank = 264 P = 1 Q = 4
myrank = 295 P = 1 Q = 3
myrank = 90 P = 1 Q = 3
myrank = 298 P = 2 Q = 1
myrank = 120 P = 3 Q = 1
myrank = 323 P = 5 Q = 4
myrank = 276 P = 1 Q = 5
myrank = 265 P = 2 Q = 1
myrank = 282 P = 3 Q = 2
myrank = 91 P = 5 Q = 0
myrank = 95 P = 2 Q = 3
myrank = 439 P = 2 Q = 2
myrank = 123 P = 0 Q = 4
myrank = 271 P = 0 Q = 2
myrank = 433 P = 3 Q = 3
myrank = 272 P = 1 Q = 2
myrank = 432 P = 1 Q = 0
myrank = 262 P = 5 Q = 1
myrank = 113 P = 4 Q = 1
myrank = 112 P = 0 Q = 1
myrank = 308 P = 5 Q = 0
myrank = 316 P = 1 Q = 4
myrank = 67 P = 4 Q = 2
myrank = 437 P = 2 Q = 0
myrank = 297 P = 5 Q = 0
myrank = 317 P = 0 Q = 1
myrank = 98 P = 4 Q = 0
myrank = 94 P = 4 Q = 4
myrank = 92 P = 5 Q = 3
myrank = 66 P = 0 Q = 3
myrank = 121 P = 4 Q = 4
myrank = 300 P = 5 Q = 0
myrank = 96 P = 0 Q = 0
myrank = 331 P = 4 Q = 5
myrank = 274 P = 2 Q = 5
myrank = 65 P = 0 Q = 2
myrank = 438 P = 0 Q = 3
myrank = 286 P = 5 Q = 0
myrank = 269 P = 2 Q = 2
myrank = 318 P = 4 Q = 3
myrank = 301 P = 2 Q = 3
myrank = 270 P = 0 Q = 1
myrank = 97 P = 0 Q = 1
myrank = 371 P = 3 Q = 3
myrank = 268 P = 0 Q = 5
myrank = 302 P = 0 Q = 3
myrank = 114 P = 1 Q = 5
myrank = 294 P = 0 Q = 0
myrank = 64 P = 4 Q = 2
myrank = 277 P = 5 Q = 2
myrank = 88 P = 0 Q = 3
myrank = 284 P = 1 Q = 2
myrank = 292 P = 4 Q = 0
myrank = 369 P = 4 Q = 0
myrank = 303 P = 0 Q = 1
myrank = 335 P = 2 Q = 1
myrank = 314 P = 3 Q = 4
myrank = 315 P = 4 Q = 0
myrank = 287 P = 4 Q = 5
myrank = 436 P = 2 Q = 3
myrank = 289 P = 5 Q = 0
myrank = 125 P = 4 Q = 5
myrank = 399 P = 0 Q = 5
myrank = 285 P = 2 Q = 2
myrank = 305 P = 0 Q = 0
myrank = 328 P = 0 Q = 1
myrank = 330 P = 4 Q = 1
myrank = 333 P = 1 Q = 4
myrank = 313 P = 0 Q = 3
myrank = 312 P = 2 Q = 3
myrank = 310 P = 1 Q = 3
myrank = 299 P = 4 Q = 3
myrank = 273 P = 1 Q = 2
myrank = 309 P = 2 Q = 4
myrank = 296 P = 1 Q = 0
myrank = 395 P = 3 Q = 4
myrank = 386 P = 3 Q = 0
myrank = 329 P = 0 Q = 1
myrank = 127 P = 5 Q = 5
myrank = 368 P = 3 Q = 0
myrank = 290 P = 3 Q = 2
myrank = 398 P = 3 Q = 4
myrank = 108 P = 0 Q = 1
myrank = 263 P = 2 Q = 2
myrank = 332 P = 2 Q = 1
myrank = 434 P = 4 Q = 5
myrank = 261 P = 1 Q = 2
myrank = 293 P = 4 Q = 0
myrank = 370 P = 5 Q = 3
myrank = 110 P = 4 Q = 4
myrank = 411 P = 1 Q = 1
myrank = 387 P = 3 Q = 4
myrank = 124 P = 0 Q = 5
myrank = 126 P = 5 Q = 4
myrank = 384 P = 3 Q = 1
myrank = 410 P = 0 Q = 2
myrank = 334 P = 1 Q = 5
myrank = 418 P = 3 Q = 5
myrank = 191 P = 4 Q = 1
myrank = 396 P = 1 Q = 1
myrank = 417 P = 2 Q = 5
myrank = 416 P = 2 Q = 5
myrank = 385 P = 1 Q = 4
myrank = 111 P = 3 Q = 4
myrank = 419 P = 1 Q = 2
myrank = 190 P = 0 Q = 2
myrank = 391 P = 0 Q = 3
myrank = 415 P = 3 Q = 5
myrank = 397 P = 4 Q = 1
myrank = 172 P = 4 Q = 1
myrank = 189 P = 3 Q = 4
myrank = 442 P = 3 Q = 3
myrank = 441 P = 0 Q = 0
myrank = 423 P = 1 Q = 5
myrank = 412 P = 4 Q = 5
myrank = 409 P = 1 Q = 5
myrank = 379 P = 5 Q = 1
myrank = 382 P = 5 Q = 1
myrank = 378 P = 5 Q = 3
myrank = 380 P = 3 Q = 3
myrank = 429 P = 0 Q = 2
myrank = 431 P = 1 Q = 2
myrank = 427 P = 3 Q = 3
myrank = 422 P = 3 Q = 0
myrank = 428 P = 2 Q = 5
myrank = 392 P = 3 Q = 4
myrank = 390 P = 5 Q = 4
myrank = 405 P = 5 Q = 5
myrank = 407 P = 0 Q = 5
myrank = 421 P = 3 Q = 2
myrank = 406 P = 0 Q = 4
myrank = 109 P = 3 Q = 1
myrank = 420 P = 4 Q = 5
myrank = 288 P = 1 Q = 0
myrank = 188 P = 5 Q = 1
myrank = 404 P = 3 Q = 2
myrank = 291 P = 3 Q = 3
myrank = 440 P = 2 Q = 3
myrank = 383 P = 0 Q = 0
myrank = 414 P = 5 Q = 5
myrank = 443 P = 1 Q = 0
myrank = 446 P = 4 Q = 3
myrank = 388 P = 1 Q = 1
myrank = 447 P = 1 Q = 4
myrank = 408 P = 4 Q = 4
myrank = 375 P = 0 Q = 3
myrank = 389 P = 4 Q = 4
myrank = 424 P = 2 Q = 5
myrank = 413 P = 2 Q = 5
myrank = 175 P = 3 Q = 1
myrank = 430 P = 3 Q = 0
myrank = 445 P = 0 Q = 3
myrank = 426 P = 3 Q = 2
myrank = 444 P = 0 Q = 0
myrank = 174 P = 0 Q = 0
myrank = 393 P = 5 Q = 1
myrank = 372 P = 3 Q = 0
myrank = 381 P = 2 Q = 3
myrank = 403 P = 3 Q = 1
myrank = 402 P = 2 Q = 2
myrank = 373 P = 4 Q = 3
myrank = 376 P = 1 Q = 0
myrank = 173 P = 2 Q = 1
myrank = 119 P = 2 Q = 2
myrank = 118 P = 5 Q = 1
myrank = 394 P = 5 Q = 4
myrank = 377 P = 1 Q = 3
myrank = 425 P = 5 Q = 5
myrank = 400 P = 4 Q = 4
myrank = 401 P = 2 Q = 1
myrank = 117 P = 3 Q = 5
myrank = 353 P = 1 Q = 5
myrank = 374 P = 4 Q = 1
myrank = 337 P = 3 Q = 2
myrank = 346 P = 1 Q = 2
myrank = 345 P = 4 Q = 5
myrank = 347 P = 5 Q = 2
myrank = 352 P = 0 Q = 5
myrank = 339 P = 4 Q = 2
myrank = 344 P = 2 Q = 2
myrank = 116 P = 0 Q = 4
myrank = 367 P = 5 Q = 3
myrank = 366 P = 5 Q = 5
myrank = 152 P = 0 Q = 0
myrank = 336 P = 5 Q = 2
myrank = 354 P = 1 Q = 0
myrank = 355 P = 2 Q = 2
myrank = 185 P = 5 Q = 4
myrank = 338 P = 4 Q = 1
myrank = 3 P = 2 Q = 0
myrank = 155 P = 3 Q = 3
myrank = 364 P = 3 Q = 3
myrank = 365 P = 4 Q = 0
myrank = 184 P = 5 Q = 1
myrank = 2 P = 5 Q = 2
myrank = 154 P = 0 Q = 5
myrank = 197 P = 0 Q = 4
myrank = 363 P = 3 Q = 5
myrank = 0 P = 1 Q = 5
myrank = 187 P = 3 Q = 2
myrank = 8 P = 3 Q = 3
myrank = 15 P = 0 Q = 0
myrank = 340 P = 3 Q = 2
myrank = 348 P = 0 Q = 2
myrank = 7 P = 3 Q = 0
myrank = 153 P = 5 Q = 0
myrank = 361 P = 1 Q = 2
myrank = 186 P = 3 Q = 4
myrank = 199 P = 2 Q = 4
myrank = 11 P = 2 Q = 3
myrank = 4 P = 0 Q = 3
myrank = 359 P = 2 Q = 3
myrank = 203 P = 4 Q = 2
myrank = 351 P = 1 Q = 3
myrank = 1 P = 1 Q = 0
myrank = 255 P = 0 Q = 1
myrank = 40 P = 1 Q = 4
myrank = 10 P = 5 Q = 2
myrank = 6 P = 5 Q = 0
myrank = 128 P = 0 Q = 5
myrank = 149 P = 2 Q = 5
myrank = 358 P = 5 Q = 2
myrank = 201 P = 3 Q = 5
myrank = 349 P = 0 Q = 5
myrank = 5 P = 4 Q = 5
myrank = 356 P = 2 Q = 3
myrank = 360 P = 0 Q = 2
myrank = 357 P = 1 Q = 0
myrank = 341 P = 0 Q = 2
myrank = 200 P = 2 Q = 5
myrank = 196 P = 5 Q = 5
myrank = 9 P = 4 Q = 0
myrank = 129 P = 0 Q = 5
myrank = 43 P = 4 Q = 1
myrank = 198 P = 3 Q = 5
myrank = 259 P = 0 Q = 4
myrank = 224 P = 3 Q = 0
myrank = 343 P = 5 Q = 4
myrank = 57 P = 2 Q = 2
myrank = 12 P = 4 Q = 0
myrank = 56 P = 1 Q = 2
myrank = 252 P = 4 Q = 4
myrank = 257 P = 5 Q = 1
myrank = 350 P = 1 Q = 5
myrank = 29 P = 1 Q = 1
myrank = 169 P = 0 Q = 3
myrank = 21 P = 4 Q = 1
myrank = 130 P = 2 Q = 2
myrank = 223 P = 5 Q = 3
myrank = 202 P = 1 Q = 4
myrank = 227 P = 2 Q = 3
myrank = 14 P = 2 Q = 0
myrank = 342 P = 4 Q = 2
myrank = 41 P = 4 Q = 5
myrank = 20 P = 4 Q = 0
myrank = 258 P = 2 Q = 2
myrank = 226 P = 4 Q = 0
myrank = 208 P = 2 Q = 5
myrank = 253 P = 1 Q = 4
myrank = 362 P = 1 Q = 0
myrank = 13 P = 4 Q = 3
myrank = 256 P = 0 Q = 1
myrank = 22 P = 2 Q = 3
myrank = 131 P = 3 Q = 2
myrank = 179 P = 1 Q = 4
myrank = 23 P = 2 Q = 1
myrank = 180 P = 1 Q = 4
myrank = 171 P = 1 Q = 0
myrank = 30 P = 3 Q = 0
myrank = 211 P = 2 Q = 2
myrank = 50 P = 0 Q = 1
myrank = 170 P = 3 Q = 1
myrank = 31 P = 0 Q = 1
myrank = 168 P = 4 Q = 3
myrank = 247 P = 3 Q = 3
myrank = 51 P = 0 Q = 2
myrank = 49 P = 2 Q = 5
myrank = 44 P = 1 Q = 1
myrank = 28 P = 1 Q = 3
myrank = 195 P = 4 Q = 2
myrank = 246 P = 5 Q = 4
myrank = 58 P = 1 Q = 4
myrank = 254 P = 5 Q = 4
myrank = 177 P = 2 Q = 4
myrank = 176 P = 5 Q = 1
myrank = 36 P = 1 Q = 1
myrank = 220 P = 2 Q = 0
myrank = 59 P = 4 Q = 5
myrank = 182 P = 3 Q = 2
myrank = 47 P = 1 Q = 4
myrank = 46 P = 5 Q = 2
myrank = 39 P = 0 Q = 1
myrank = 151 P = 0 Q = 3
myrank = 181 P = 3 Q = 1
myrank = 48 P = 2 Q = 4
myrank = 178 P = 3 Q = 1
myrank = 192 P = 4 Q = 2
myrank = 150 P = 2 Q = 0
myrank = 194 P = 1 Q = 4
myrank = 215 P = 4 Q = 3
myrank = 17 P = 2 Q = 0
myrank = 245 P = 0 Q = 1
myrank = 55 P = 4 Q = 2
myrank = 45 P = 5 Q = 4
myrank = 244 P = 3 Q = 4
myrank = 225 P = 3 Q = 3
myrank = 37 P = 5 Q = 4
myrank = 183 P = 4 Q = 4
myrank = 16 P = 0 Q = 3
myrank = 42 P = 3 Q = 1
myrank = 32 P = 4 Q = 1
myrank = 38 P = 0 Q = 4
myrank = 24 P = 4 Q = 1
myrank = 147 P = 0 Q = 3
myrank = 144 P = 1 Q = 5
myrank = 193 P = 5 Q = 5
myrank = 62 P = 3 Q = 2
myrank = 54 P = 0 Q = 2
myrank = 210 P = 3 Q = 0
myrank = 19 P = 0 Q = 0
myrank = 52 P = 4 Q = 2
myrank = 60 P = 2 Q = 2
myrank = 148 P = 4 Q = 0
myrank = 209 P = 0 Q = 5
myrank = 251 P = 2 Q = 1
myrank = 61 P = 2 Q = 5
myrank = 221 P = 0 Q = 0
myrank = 222 P = 2 Q = 2
myrank = 63 P = 1 Q = 2
myrank = 18 P = 2 Q = 4
myrank = 213 P = 0 Q = 3
myrank = 249 P = 1 Q = 1
myrank = 212 P = 0 Q = 5
myrank = 248 P = 3 Q = 4
myrank = 145 P = 1 Q = 0
myrank = 35 P = 4 Q = 1
myrank = 27 P = 0 Q = 3
myrank = 34 P = 2 Q = 1
myrank = 33 P = 2 Q = 0
myrank = 146 P = 3 Q = 2
myrank = 250 P = 2 Q = 0
myrank = 214 P = 1 Q = 2
myrank = 26 P = 2 Q = 4
myrank = 25 P = 2 Q = 3
myrank = 53 P = 0 Q = 4
myrank = 217 P = 1 Q = 5
myrank = 158 P = 3 Q = 0
myrank = 138 P = 5 Q = 2
myrank = 216 P = 5 Q = 5
myrank = 156 P = 4 Q = 3
myrank = 142 P = 5 Q = 3
myrank = 159 P = 4 Q = 3
myrank = 218 P = 1 Q = 0
myrank = 237 P = 1 Q = 3
myrank = 134 P = 4 Q = 0
myrank = 157 P = 1 Q = 0
myrank = 239 P = 5 Q = 3
myrank = 143 P = 3 Q = 5
myrank = 136 P = 4 Q = 2
myrank = 139 P = 0 Q = 2
myrank = 243 P = 5 Q = 4
myrank = 240 P = 2 Q = 4
myrank = 207 P = 2 Q = 5
myrank = 204 P = 5 Q = 2
myrank = 137 P = 4 Q = 5
myrank = 205 P = 2 Q = 5
myrank = 219 P = 5 Q = 5
myrank = 140 P = 3 Q = 2
myrank = 132 P = 3 Q = 5
myrank = 236 P = 3 Q = 0
myrank = 242 P = 2 Q = 3
myrank = 135 P = 3 Q = 2
myrank = 206 P = 4 Q = 2
myrank = 133 P = 1 Q = 5
myrank = 231 P = 5 Q = 3
myrank = 166 P = 3 Q = 3
myrank = 241 P = 1 Q = 4
myrank = 238 P = 1 Q = 1
myrank = 165 P = 5 Q = 1
myrank = 228 P = 2 Q = 0
myrank = 235 P = 2 Q = 1
myrank = 167 P = 0 Q = 4
myrank = 229 P = 1 Q = 0
myrank = 141 P = 2 Q = 5
myrank = 164 P = 5 Q = 0
myrank = 232 P = 3 Q = 3
myrank = 162 P = 2 Q = 4
myrank = 163 P = 3 Q = 3
myrank = 234 P = 5 Q = 0
myrank = 230 P = 4 Q = 1
myrank = 161 P = 2 Q = 3
myrank = 233 P = 3 Q = 4
myrank = 160 P = 4 Q = 3
*******************************
dgemm_time	182.133133
conv_transfer_time	0.000000
conv_calculate_time	9718.193359
elastic_calculate_time	9718.243164
Allen_Cahn_nonlinear_time	9897.625977
Cahn_Hilliard_nonlinear_time	0.012000
trans_time	226.683395
trans_Memcpy_time	50.548141
trans_MPI_time	166.829498
trans_pack_time	0.653572
trans_enlarge_time	1.000278
trans_mu_time	0.522379
trans_unpack_time	6.576666
updateU_new_time	5.224087
runtime	10.319575
--------------------------------------------------!
***************dt=2.000000***************
***************flag=0***************
--------------------------------------------------!
time		0.000000
wall time	2.176821
*******************************
dgemm_time	180.933685
conv_transfer_time	0.000000
conv_calculate_time	6232.942383
elastic_calculate_time	6233.000488
Allen_Cahn_nonlinear_time	6422.110352
Cahn_Hilliard_nonlinear_time	0.012160
trans_time	60.372383
trans_Memcpy_time	27.226784
trans_MPI_time	24.358271
trans_pack_time	0.558535
trans_enlarge_time	0.782209
trans_mu_time	0.511660
trans_unpack_time	6.472191
updateU_new_time	5.221367
runtime	6.674050
--------------------------------------------------!
***************dt=2.000000***************
***************flag=0***************
--------------------------------------------------!
time		0.000000
wall time	12.523008
*******************************
dgemm_time	180.926025
conv_transfer_time	0.000000
conv_calculate_time	6236.070801
elastic_calculate_time	6236.111816
Allen_Cahn_nonlinear_time	6425.158203
Cahn_Hilliard_nonlinear_time	0.012160
trans_time	58.156704
trans_Memcpy_time	27.156708
trans_MPI_time	22.236607
trans_pack_time	0.558695
trans_enlarge_time	0.809086
trans_mu_time	0.500461
trans_unpack_time	6.369476
updateU_new_time	5.224248
runtime	6.674617
--------------------------------------------------!
***************dt=2.000000***************
***************flag=0***************
--------------------------------------------------!
time		0.000000
wall time	19.223780
*******************************
dgemm_time	180.898697
conv_transfer_time	0.000000
conv_calculate_time	6232.140137
elastic_calculate_time	6232.180664
Allen_Cahn_nonlinear_time	6419.437500
Cahn_Hilliard_nonlinear_time	0.012000
trans_time	59.621094
trans_Memcpy_time	27.141354
trans_MPI_time	23.762463
trans_pack_time	0.563335
trans_enlarge_time	0.803327
trans_mu_time	0.503501
trans_unpack_time	6.390436
updateU_new_time	5.222493
runtime	6.670738
--------------------------------------------------!
***************dt=2.000000***************
***************flag=0***************
--------------------------------------------------!
time		0.000000
wall time	25.925054
*******************************
dgemm_time	180.988434
conv_transfer_time	0.000000
conv_calculate_time	6229.617188
elastic_calculate_time	6229.658691
Allen_Cahn_nonlinear_time	6417.971191
Cahn_Hilliard_nonlinear_time	0.011840
trans_time	59.618923
trans_Memcpy_time	27.189701
trans_MPI_time	23.746811
trans_pack_time	0.557897
trans_enlarge_time	0.788449
trans_mu_time	0.511021
trans_unpack_time	6.365644
updateU_new_time	5.221057
runtime	6.673711
--------------------------------------------------!
***************dt=2.000000***************
***************flag=0***************
--------------------------------------------------!
time		0.000000
wall time	32.622567
*******************************
dgemm_time	180.940521
conv_transfer_time	0.000000
conv_calculate_time	6234.741699
elastic_calculate_time	6234.783203
Allen_Cahn_nonlinear_time	6423.920410
Cahn_Hilliard_nonlinear_time	0.012000
trans_time	61.404377
trans_Memcpy_time	27.264917
trans_MPI_time	25.474112
trans_pack_time	0.560457
trans_enlarge_time	0.781089
trans_mu_time	0.509101
trans_unpack_time	6.355249
updateU_new_time	5.221380
runtime	6.680436
--------------------------------------------------!
***************dt=2.000000***************
***************flag=0***************
--------------------------------------------------!
time		0.000000
wall time	39.323030
*******************************
dgemm_time	180.949036
conv_transfer_time	0.000000
conv_calculate_time	6234.490723
elastic_calculate_time	6234.543945
Allen_Cahn_nonlinear_time	6420.367676
Cahn_Hilliard_nonlinear_time	0.011680
trans_time	63.452724
trans_Memcpy_time	27.239809
trans_MPI_time	27.512440
trans_pack_time	0.562697
trans_enlarge_time	0.794849
trans_mu_time	0.507821
trans_unpack_time	6.373491
updateU_new_time	5.224758
runtime	6.676975
--------------------------------------------------!
***************dt=2.000000***************
***************flag=0***************
--------------------------------------------------!
time		0.000000
wall time	46.030239
*******************************
dgemm_time	180.974457
conv_transfer_time	0.000000
conv_calculate_time	6232.087402
elastic_calculate_time	6232.130371
Allen_Cahn_nonlinear_time	6418.867188
Cahn_Hilliard_nonlinear_time	0.011680
trans_time	61.327454
trans_Memcpy_time	27.267616
trans_MPI_time	25.283531
trans_pack_time	0.571979
trans_enlarge_time	0.796293
trans_mu_time	0.501422
trans_unpack_time	6.381842
updateU_new_time	5.223206
runtime	6.673914
--------------------------------------------------!
***************dt=2.000000***************
***************flag=0***************
--------------------------------------------------!
time		0.000000
wall time	52.733972
*******************************
dgemm_time	180.943222
conv_transfer_time	0.000000
conv_calculate_time	6232.235840
elastic_calculate_time	6232.275879
Allen_Cahn_nonlinear_time	6419.397461
Cahn_Hilliard_nonlinear_time	0.011680
trans_time	59.008579
trans_Memcpy_time	27.406429
trans_MPI_time	22.876667
trans_pack_time	0.572800
trans_enlarge_time	0.806240
trans_mu_time	0.504000
trans_unpack_time	6.385127
updateU_new_time	5.225747
runtime	6.670245
--------------------------------------------------!
***************dt=2.000000***************
***************flag=0***************
--------------------------------------------------!
time		0.000000
wall time	59.434878
*******************************
dgemm_time	180.985687
conv_transfer_time	0.000000
conv_calculate_time	6235.250977
elastic_calculate_time	6235.290039
Allen_Cahn_nonlinear_time	6422.577637
Cahn_Hilliard_nonlinear_time	0.011840
trans_time	60.214252
trans_Memcpy_time	27.306652
trans_MPI_time	24.214657
trans_pack_time	0.561600
trans_enlarge_time	0.788160
trans_mu_time	0.504160
trans_unpack_time	6.375504
updateU_new_time	5.222531
runtime	6.674108
--------------------------------------------------!
***************dt=2.000000***************
***************flag=0***************
--------------------------------------------------!
time		0.000000
wall time	66.131925
*******************************
dgemm_time	180.938187
conv_transfer_time	0.000000
conv_calculate_time	6231.916504
elastic_calculate_time	6231.971191
Allen_Cahn_nonlinear_time	6424.609863
Cahn_Hilliard_nonlinear_time	0.012000
trans_time	59.774609
trans_Memcpy_time	27.252647
trans_MPI_time	23.841465
trans_pack_time	0.561278
trans_enlarge_time	0.784000
trans_mu_time	0.509120
trans_unpack_time	6.371004
updateU_new_time	5.222677
runtime	6.677151
--------------------------------------------------!
***************dt=2.000000***************
***************flag=0***************
--------------------------------------------------!
time		0.000000
wall time	72.832888
*******************************
dgemm_time	180.999695
conv_transfer_time	0.000000
conv_calculate_time	6222.816406
elastic_calculate_time	6222.855957
Allen_Cahn_nonlinear_time	6414.744141
Cahn_Hilliard_nonlinear_time	0.012160
trans_time	60.480667
trans_Memcpy_time	27.298494
trans_MPI_time	24.425238
trans_pack_time	0.561276
trans_enlarge_time	0.782234
trans_mu_time	0.507520
trans_unpack_time	6.384267
updateU_new_time	5.222505
runtime	6.666672
--------------------------------------------------!
***************dt=2.000000***************
***************flag=0***************
--------------------------------------------------!
time		0.000000
wall time	79.536782
*******************************
dgemm_time	181.025742
conv_transfer_time	0.000000
conv_calculate_time	6233.185547
elastic_calculate_time	6233.225586
Allen_Cahn_nonlinear_time	6421.670898
Cahn_Hilliard_nonlinear_time	0.011680
trans_time	62.348564
trans_Memcpy_time	27.290915
trans_MPI_time	26.323883
trans_pack_time	0.589914
trans_enlarge_time	0.795834
trans_mu_time	0.503680
trans_unpack_time	6.387133
updateU_new_time	5.222175
runtime	6.675611
--------------------------------------------------!
***************dt=2.000000***************
***************flag=0***************
--------------------------------------------------!
time		0.000000
wall time	86.230162
*******************************
dgemm_time	180.996323
conv_transfer_time	0.000000
conv_calculate_time	6234.872070
elastic_calculate_time	6234.910645
Allen_Cahn_nonlinear_time	6421.260742
Cahn_Hilliard_nonlinear_time	0.011840
trans_time	59.710457
trans_Memcpy_time	27.307341
trans_MPI_time	23.645145
trans_pack_time	0.589913
trans_enlarge_time	0.799194
trans_mu_time	0.510714
trans_unpack_time	6.395601
updateU_new_time	5.222967
runtime	6.675089
--------------------------------------------------!
***************dt=2.000000***************
***************flag=0***************
--------------------------------------------------!
time		0.000000
wall time	92.932493
*******************************
dgemm_time	180.949661
conv_transfer_time	0.000000
conv_calculate_time	6223.161133
elastic_calculate_time	6223.200195
Allen_Cahn_nonlinear_time	6417.852539
Cahn_Hilliard_nonlinear_time	0.011520
trans_time	60.936687
trans_Memcpy_time	27.355455
trans_MPI_time	24.894369
trans_pack_time	0.556633
trans_enlarge_time	0.794073
trans_mu_time	0.506874
trans_unpack_time	6.364390
updateU_new_time	5.222799
runtime	6.672370
--------------------------------------------------!
***************dt=2.000000***************
***************flag=0***************
--------------------------------------------------!
time		0.000000
wall time	99.634285
*******************************
dgemm_time	180.952774
conv_transfer_time	0.000000
conv_calculate_time	6232.654785
elastic_calculate_time	6232.693359
Allen_Cahn_nonlinear_time	6419.958984
Cahn_Hilliard_nonlinear_time	0.011840
trans_time	66.252281
trans_Memcpy_time	27.244059
trans_MPI_time	30.304808
trans_pack_time	0.557752
trans_enlarge_time	0.794708
trans_mu_time	0.511514
trans_unpack_time	6.380861
updateU_new_time	5.222312
runtime	6.678887
--------------------------------------------------!
***************dt=2.000000***************
***************flag=0***************
--------------------------------------------------!
time		0.000000
wall time	106.333435
*******************************
dgemm_time	180.961853
conv_transfer_time	0.000000
conv_calculate_time	6223.257812
elastic_calculate_time	6223.298340
Allen_Cahn_nonlinear_time	6413.572754
Cahn_Hilliard_nonlinear_time	0.011840
trans_time	59.675598
trans_Memcpy_time	27.252659
trans_MPI_time	23.701200
trans_pack_time	0.554712
trans_enlarge_time	0.823028
trans_mu_time	0.507834
trans_unpack_time	6.369332
updateU_new_time	5.224226
runtime	6.666108
--------------------------------------------------!
***************dt=2.000000***************
***************flag=0***************
--------------------------------------------------!
time		0.000000
wall time	113.039037
*******************************
dgemm_time	180.973175
conv_transfer_time	0.000000
conv_calculate_time	6232.624512
elastic_calculate_time	6232.664551
Allen_Cahn_nonlinear_time	6420.014160
Cahn_Hilliard_nonlinear_time	0.011840
trans_time	60.005363
trans_Memcpy_time	27.263350
trans_MPI_time	24.018927
trans_pack_time	0.588150
trans_enlarge_time	0.791348
trans_mu_time	0.506074
trans_unpack_time	6.378445
updateU_new_time	5.224540
runtime	6.673149
--------------------------------------------------!
***************dt=2.000000***************
***************flag=0***************
--------------------------------------------------!
time		0.000000
wall time	119.731828
*******************************
dgemm_time	180.987244
conv_transfer_time	0.000000
conv_calculate_time	6231.182617
elastic_calculate_time	6231.222168
Allen_Cahn_nonlinear_time	6418.892090
Cahn_Hilliard_nonlinear_time	0.011840
trans_time	61.455963
trans_Memcpy_time	27.245399
trans_MPI_time	25.457914
trans_pack_time	0.584469
trans_enlarge_time	0.806068
trans_mu_time	0.513754
trans_unpack_time	6.389158
updateU_new_time	5.220536
runtime	6.672152
--------------------------------------------------!
***************dt=2.000000***************
***************flag=0***************
--------------------------------------------------!
time		0.000000
wall time	126.431723
*******************************
dgemm_time	180.929321
conv_transfer_time	0.000000
conv_calculate_time	6226.121582
elastic_calculate_time	6226.166992
Allen_Cahn_nonlinear_time	6417.676270
Cahn_Hilliard_nonlinear_time	0.011680
trans_time	59.752632
trans_Memcpy_time	27.238815
trans_MPI_time	23.793442
trans_pack_time	0.555190
trans_enlarge_time	0.826227
trans_mu_time	0.508314
trans_unpack_time	6.372512
updateU_new_time	5.222131
runtime	6.670705
--------------------------------------------------!
***************dt=2.000000***************
***************flag=0***************
--------------------------------------------------!
time		0.000000
wall time	133.130587
*******************************
dgemm_time	180.970795
conv_transfer_time	0.000000
conv_calculate_time	6233.382324
elastic_calculate_time	6233.421875
Allen_Cahn_nonlinear_time	6419.213867
Cahn_Hilliard_nonlinear_time	0.012160
trans_time	60.672421
trans_Memcpy_time	27.307909
trans_MPI_time	24.613564
trans_pack_time	0.557749
trans_enlarge_time	0.788787
trans_mu_time	0.507353
trans_unpack_time	6.378587
updateU_new_time	5.222607
runtime	6.675820
--------------------------------------------------!
***************dt=2.000000***************
***************flag=0***************
--------------------------------------------------!
time		0.000000
wall time	139.828060
*******************************
dgemm_time	181.014984
conv_transfer_time	0.000000
conv_calculate_time	6232.994629
elastic_calculate_time	6233.033691
Allen_Cahn_nonlinear_time	6419.679199
Cahn_Hilliard_nonlinear_time	0.012000
trans_time	60.607525
trans_Memcpy_time	27.253811
trans_MPI_time	24.601547
trans_pack_time	0.557109
trans_enlarge_time	0.797426
trans_mu_time	0.509592
trans_unpack_time	6.373302
updateU_new_time	5.223883
runtime	6.671467
--------------------------------------------------!
***************dt=2.000000***************
***************flag=0***************
--------------------------------------------------!
time		0.000000
wall time	146.530635
*******************************
dgemm_time	180.959534
conv_transfer_time	0.000000
conv_calculate_time	6235.779785
elastic_calculate_time	6235.818848
Allen_Cahn_nonlinear_time	6422.848145
Cahn_Hilliard_nonlinear_time	0.012160
trans_time	60.502441
trans_Memcpy_time	27.265951
trans_MPI_time	24.531612
trans_pack_time	0.572308
trans_enlarge_time	0.794387
trans_mu_time	0.503673
trans_unpack_time	6.373937
updateU_new_time	5.223250
runtime	6.674768
--------------------------------------------------!
***************dt=2.000000***************
***************flag=0***************
--------------------------------------------------!
time		0.000000
wall time	153.228833
*******************************
dgemm_time	181.002533
conv_transfer_time	0.000000
conv_calculate_time	6236.092285
elastic_calculate_time	6236.133301
Allen_Cahn_nonlinear_time	6425.471191
Cahn_Hilliard_nonlinear_time	0.011840
trans_time	59.206985
trans_Memcpy_time	27.295908
trans_MPI_time	23.209272
trans_pack_time	0.574389
trans_enlarge_time	0.775507
trans_mu_time	0.505273
trans_unpack_time	6.385786
updateU_new_time	5.222138
runtime	6.682642
--------------------------------------------------!
***************dt=2.000000***************
***************flag=0***************
--------------------------------------------------!
time		0.000000
wall time	159.930540
*******************************
dgemm_time	181.058792
conv_transfer_time	0.000000
conv_calculate_time	6232.861816
elastic_calculate_time	6232.901367
Allen_Cahn_nonlinear_time	6418.167969
Cahn_Hilliard_nonlinear_time	0.011840
trans_time	65.246025
trans_Memcpy_time	27.253391
trans_MPI_time	29.285028
trans_pack_time	0.561750
trans_enlarge_time	0.806388
trans_mu_time	0.518394
trans_unpack_time	6.362596
updateU_new_time	5.224225
runtime	6.676159
--------------------------------------------------!
***************dt=2.000000***************
***************flag=0***************
--------------------------------------------------!
time		0.000000
wall time	166.639856
*******************************
dgemm_time	180.917740
conv_transfer_time	0.000000
conv_calculate_time	6232.882812
elastic_calculate_time	6232.920898
Allen_Cahn_nonlinear_time	6421.052246
Cahn_Hilliard_nonlinear_time	0.011840
trans_time	59.141777
trans_Memcpy_time	27.293589
trans_MPI_time	23.150620
trans_pack_time	0.562231
trans_enlarge_time	0.787988
trans_mu_time	0.503514
trans_unpack_time	6.387724
updateU_new_time	5.232232
runtime	6.672029
--------------------------------------------------!
***************dt=2.000000***************
***************flag=0***************
--------------------------------------------------!
time		0.000000
wall time	173.342731
*******************************
dgemm_time	180.982285
conv_transfer_time	0.000000
conv_calculate_time	6230.237793
elastic_calculate_time	6230.276855
Allen_Cahn_nonlinear_time	6417.038086
Cahn_Hilliard_nonlinear_time	0.011680
trans_time	59.837452
trans_Memcpy_time	27.247379
trans_MPI_time	23.871918
trans_pack_time	0.563031
trans_enlarge_time	0.800788
trans_mu_time	0.511834
trans_unpack_time	6.385173
updateU_new_time	5.223278
runtime	6.668734
--------------------------------------------------!
***************dt=2.000000***************
***************flag=0***************
--------------------------------------------------!
time		0.000000
wall time	180.041600
*******************************
dgemm_time	180.928238
conv_transfer_time	0.000000
conv_calculate_time	6231.687500
elastic_calculate_time	6231.727539
Allen_Cahn_nonlinear_time	6420.699219
Cahn_Hilliard_nonlinear_time	0.012480
trans_time	60.285328
trans_Memcpy_time	27.368053
trans_MPI_time	24.244900
trans_pack_time	0.562712
trans_enlarge_time	0.775669
trans_mu_time	0.505914
trans_unpack_time	6.366621
updateU_new_time	5.221524
runtime	6.672842
--------------------------------------------------!
***************dt=2.000000***************
***************flag=0***************
--------------------------------------------------!
time		0.000000
wall time	186.737065
*******************************
dgemm_time	180.967316
conv_transfer_time	0.000000
conv_calculate_time	6232.480957
elastic_calculate_time	6232.520508
Allen_Cahn_nonlinear_time	6419.346680
Cahn_Hilliard_nonlinear_time	0.011840
trans_time	60.611721
trans_Memcpy_time	27.243767
trans_MPI_time	24.668282
trans_pack_time	0.560953
trans_enlarge_time	0.803351
trans_mu_time	0.509114
trans_unpack_time	6.362788
updateU_new_time	5.222650
runtime	6.672326
--------------------------------------------------!
***************dt=2.000000***************
***************flag=0***************
--------------------------------------------------!
time		0.000000
wall time	193.436627
*******************************
dgemm_time	180.977676
conv_transfer_time	0.000000
conv_calculate_time	6233.791992
elastic_calculate_time	6233.832520
Allen_Cahn_nonlinear_time	6422.066406
Cahn_Hilliard_nonlinear_time	0.011680
trans_time	59.364059
trans_Memcpy_time	27.286036
trans_MPI_time	23.338566
trans_pack_time	0.564473
trans_enlarge_time	0.790554
trans_mu_time	0.518714
trans_unpack_time	6.365194
updateU_new_time	5.223933
runtime	6.673768
--------------------------------------------------!
***************dt=2.000000***************
***************flag=0***************
--------------------------------------------------!
time		0.000000
wall time	200.135926
*******************************
dgemm_time	180.941696
conv_transfer_time	0.000000
conv_calculate_time	6231.433105
elastic_calculate_time	6231.474609
Allen_Cahn_nonlinear_time	6418.833496
Cahn_Hilliard_nonlinear_time	0.011680
trans_time	60.044338
trans_Memcpy_time	27.267334
trans_MPI_time	24.072332
trans_pack_time	0.559034
trans_enlarge_time	0.813914
trans_mu_time	0.506074
trans_unpack_time	6.368719
updateU_new_time	5.242969
runtime	6.674261
--------------------------------------------------!
***************dt=2.000000***************
***************flag=0***************
--------------------------------------------------!
time		0.000000
wall time	206.836428
*******************************
dgemm_time	181.036926
conv_transfer_time	0.000000
conv_calculate_time	6232.445801
elastic_calculate_time	6232.486816
Allen_Cahn_nonlinear_time	6419.953613
Cahn_Hilliard_nonlinear_time	0.011840
trans_time	59.597961
trans_Memcpy_time	27.302990
trans_MPI_time	23.508162
trans_pack_time	0.562073
trans_enlarge_time	0.799992
trans_mu_time	0.507514
trans_unpack_time	6.369514
updateU_new_time	5.221686
runtime	6.671545
--------------------------------------------------!
***************dt=2.000000***************
***************flag=0***************
--------------------------------------------------!
time		0.000000
wall time	213.537509
*******************************
dgemm_time	180.897980
conv_transfer_time	0.000000
conv_calculate_time	6233.712402
elastic_calculate_time	6233.752441
Allen_Cahn_nonlinear_time	6421.945312
Cahn_Hilliard_nonlinear_time	0.011520
trans_time	60.025723
trans_Memcpy_time	27.252411
trans_MPI_time	24.078857
trans_pack_time	0.559353
trans_enlarge_time	0.797432
trans_mu_time	0.505114
trans_unpack_time	6.371429
updateU_new_time	5.220883
runtime	6.676941
--------------------------------------------------!
***************dt=2.000000***************
***************flag=0***************
--------------------------------------------------!
time		0.000000
wall time	220.235735
*******************************
dgemm_time	180.897736
conv_transfer_time	0.000000
conv_calculate_time	6230.261230
elastic_calculate_time	6230.299316
Allen_Cahn_nonlinear_time	6420.924805
Cahn_Hilliard_nonlinear_time	0.011840
trans_time	60.638325
trans_Memcpy_time	27.266159
trans_MPI_time	24.671478
trans_pack_time	0.557593
trans_enlarge_time	0.807992
trans_mu_time	0.506874
trans_unpack_time	6.368706
updateU_new_time	5.222321
runtime	6.680449
--------------------------------------------------!
***************dt=2.000000***************
***************flag=0***************
--------------------------------------------------!
time		0.000000
wall time	226.939408
*******************************
dgemm_time	180.935272
conv_transfer_time	0.000000
conv_calculate_time	6234.576660
elastic_calculate_time	6234.616211
Allen_Cahn_nonlinear_time	6421.678223
Cahn_Hilliard_nonlinear_time	0.011840
trans_time	60.450302
trans_Memcpy_time	27.271267
trans_MPI_time	24.498348
trans_pack_time	0.557592
trans_enlarge_time	0.789749
trans_mu_time	0.505114
trans_unpack_time	6.367264
updateU_new_time	5.223119
runtime	6.673979
--------------------------------------------------!
***************dt=2.000000***************
***************flag=0***************
--------------------------------------------------!
time		0.000000
wall time	233.646614
*******************************
dgemm_time	181.009125
conv_transfer_time	0.000000
conv_calculate_time	6234.494629
elastic_calculate_time	6234.533203
Allen_Cahn_nonlinear_time	6426.907227
Cahn_Hilliard_nonlinear_time	0.011840
trans_time	59.981979
trans_Memcpy_time	27.226463
trans_MPI_time	24.054831
trans_pack_time	0.560952
trans_enlarge_time	0.791030
trans_mu_time	0.511194
trans_unpack_time	6.375103
updateU_new_time	5.239346
runtime	6.680238
--------------------------------------------------!
***************dt=2.000000***************
***************flag=0***************
--------------------------------------------------!
time		0.000000
wall time	240.347331
*******************************
dgemm_time	180.997543
conv_transfer_time	0.000000
conv_calculate_time	6234.368164
elastic_calculate_time	6234.407715
Allen_Cahn_nonlinear_time	6421.965332
Cahn_Hilliard_nonlinear_time	0.011680
trans_time	60.291931
trans_Memcpy_time	27.238817
trans_MPI_time	24.354502
trans_pack_time	0.572960
trans_enlarge_time	0.792640
trans_mu_time	0.506560
trans_unpack_time	6.371025
updateU_new_time	5.223706
runtime	6.675567
--------------------------------------------------!
***************dt=2.000000***************
***************flag=0***************
--------------------------------------------------!
time		0.000000
wall time	247.054332
*******************************
dgemm_time	180.942825
conv_transfer_time	0.000000
conv_calculate_time	6234.245605
elastic_calculate_time	6234.286133
Allen_Cahn_nonlinear_time	6422.661133
Cahn_Hilliard_nonlinear_time	0.011680
trans_time	60.691151
trans_Memcpy_time	27.413414
trans_MPI_time	24.577242
trans_pack_time	0.554242
trans_enlarge_time	0.799840
trans_mu_time	0.505440
trans_unpack_time	6.374271
updateU_new_time	5.220021
runtime	6.675826
--------------------------------------------------!
***************dt=2.000000***************
***************flag=0***************
--------------------------------------------------!
time		0.000000
wall time	253.757152
*******************************
dgemm_time	180.988907
conv_transfer_time	0.000000
conv_calculate_time	6234.020996
elastic_calculate_time	6234.060547
Allen_Cahn_nonlinear_time	6420.955078
Cahn_Hilliard_nonlinear_time	0.012320
trans_time	63.758362
trans_Memcpy_time	27.235790
trans_MPI_time	27.779472
trans_pack_time	0.560962
trans_enlarge_time	0.797280
trans_mu_time	0.509920
trans_unpack_time	6.356505
updateU_new_time	5.222577
runtime	6.679711
--------------------------------------------------!
***************dt=2.000000***************
***************flag=0***************
--------------------------------------------------!
time		0.000000
wall time	260.459695
*******************************
dgemm_time	181.006836
conv_transfer_time	0.000000
conv_calculate_time	6232.839355
elastic_calculate_time	6232.880371
Allen_Cahn_nonlinear_time	6421.893066
Cahn_Hilliard_nonlinear_time	0.012160
trans_time	58.845989
trans_Memcpy_time	27.229366
trans_MPI_time	22.920393
trans_pack_time	0.557760
trans_enlarge_time	0.814720
trans_mu_time	0.503200
trans_unpack_time	6.362580
updateU_new_time	5.223852
runtime	6.674911
--------------------------------------------------!
***************dt=2.000000***************
***************flag=0***************
--------------------------------------------------!
time		0.000000
wall time	267.166127
*******************************
dgemm_time	181.011353
conv_transfer_time	0.000000
conv_calculate_time	6238.458496
elastic_calculate_time	6238.499512
Allen_Cahn_nonlinear_time	6423.778320
Cahn_Hilliard_nonlinear_time	0.011680
trans_time	60.076817
trans_Memcpy_time	27.295582
trans_MPI_time	24.061337
trans_pack_time	0.562720
trans_enlarge_time	0.798560
trans_mu_time	0.509600
trans_unpack_time	6.384975
updateU_new_time	5.232968
runtime	6.675064
--------------------------------------------------!
***************dt=2.000000***************
***************flag=0***************
--------------------------------------------------!
time		0.000000
wall time	273.867891
*******************************
dgemm_time	180.987015
conv_transfer_time	0.000000
conv_calculate_time	6235.061523
elastic_calculate_time	6235.100586
Allen_Cahn_nonlinear_time	6422.096191
Cahn_Hilliard_nonlinear_time	0.011680
trans_time	59.354599
trans_Memcpy_time	27.251083
trans_MPI_time	23.382599
trans_pack_time	0.590400
trans_enlarge_time	0.783360
trans_mu_time	0.507520
trans_unpack_time	6.378410
updateU_new_time	5.219048
runtime	6.673655
--------------------------------------------------!
***************dt=2.000000***************
***************flag=0***************
--------------------------------------------------!
time		0.000000
wall time	280.569709
*******************************
dgemm_time	180.980865
conv_transfer_time	0.000000
conv_calculate_time	6220.072754
elastic_calculate_time	6220.113281
Allen_Cahn_nonlinear_time	6414.838379
Cahn_Hilliard_nonlinear_time	0.012000
trans_time	59.185738
trans_Memcpy_time	27.243561
trans_MPI_time	23.236515
trans_pack_time	0.558400
trans_enlarge_time	0.801600
trans_mu_time	0.506400
trans_unpack_time	6.382410
updateU_new_time	5.222251
runtime	6.666759
--------------------------------------------------!
***************dt=2.000000***************
***************flag=0***************
--------------------------------------------------!
time		0.000000
wall time	287.270038
*******************************
dgemm_time	181.040466
conv_transfer_time	0.000000
conv_calculate_time	6235.532227
elastic_calculate_time	6235.571289
Allen_Cahn_nonlinear_time	6424.613770
Cahn_Hilliard_nonlinear_time	0.011840
trans_time	59.496590
trans_Memcpy_time	27.287416
trans_MPI_time	23.529488
trans_pack_time	0.568320
trans_enlarge_time	0.788640
trans_mu_time	0.509280
trans_unpack_time	6.356173
updateU_new_time	5.224493
runtime	6.675518
--------------------------------------------------!
***************dt=2.000000***************
***************flag=0***************
--------------------------------------------------!
time		0.000000
wall time	293.963556
*******************************
dgemm_time	180.988220
conv_transfer_time	0.000000
conv_calculate_time	6236.355469
elastic_calculate_time	6236.394531
Allen_Cahn_nonlinear_time	6423.635742
Cahn_Hilliard_nonlinear_time	0.011840
trans_time	59.972527
trans_Memcpy_time	27.223907
trans_MPI_time	24.047581
trans_pack_time	0.558720
trans_enlarge_time	0.809120
trans_mu_time	0.504480
trans_unpack_time	6.367216
updateU_new_time	5.222255
runtime	6.675216
--------------------------------------------------!
***************dt=2.000000***************
***************flag=0***************
--------------------------------------------------!
time		0.000000
wall time	300.665751
*******************************
dgemm_time	180.987183
conv_transfer_time	0.000000
conv_calculate_time	6236.107422
elastic_calculate_time	6236.146973
Allen_Cahn_nonlinear_time	6423.141602
Cahn_Hilliard_nonlinear_time	0.011680
trans_time	59.982929
trans_Memcpy_time	27.268719
trans_MPI_time	24.010952
trans_pack_time	0.561120
trans_enlarge_time	0.807520
trans_mu_time	0.507360
trans_unpack_time	6.367539
updateU_new_time	5.229137
runtime	6.675444
--------------------------------------------------!
***************dt=2.000000***************
***************flag=0***************
--------------------------------------------------!
time		0.000000
wall time	307.367722
*******************************
dgemm_time	181.070770
conv_transfer_time	0.000000
conv_calculate_time	6235.216309
elastic_calculate_time	6235.254883
Allen_Cahn_nonlinear_time	6423.233398
Cahn_Hilliard_nonlinear_time	0.011680
trans_time	60.149689
trans_Memcpy_time	27.262331
trans_MPI_time	24.148561
trans_pack_time	0.585441
trans_enlarge_time	0.793440
trans_mu_time	0.505600
trans_unpack_time	6.391381
updateU_new_time	5.221139
runtime	6.675722
--------------------------------------------------!
***************dt=2.000000***************
***************flag=0***************
--------------------------------------------------!
time		0.000000
wall time	314.069835
*******************************
dgemm_time	180.989410
conv_transfer_time	0.000000
conv_calculate_time	6233.344238
elastic_calculate_time	6233.390625
Allen_Cahn_nonlinear_time	6425.242188
Cahn_Hilliard_nonlinear_time	0.012000
trans_time	59.401546
trans_Memcpy_time	27.288101
trans_MPI_time	23.394169
trans_pack_time	0.560002
trans_enlarge_time	0.809280
trans_mu_time	0.502080
trans_unpack_time	6.391544
updateU_new_time	5.222102
runtime	6.676414
--------------------------------------------------!
***************dt=2.000000***************
***************flag=0***************
--------------------------------------------------!
time		0.000000
wall time	320.772294
*******************************
dgemm_time	180.925461
conv_transfer_time	0.000000
conv_calculate_time	6234.561523
elastic_calculate_time	6234.601074
Allen_Cahn_nonlinear_time	6423.600586
Cahn_Hilliard_nonlinear_time	0.011680
trans_time	59.884174
trans_Memcpy_time	27.257071
trans_MPI_time	23.930019
trans_pack_time	0.569602
trans_enlarge_time	0.799040
trans_mu_time	0.504800
trans_unpack_time	6.362906
updateU_new_time	5.223863
runtime	6.674938
--------------------------------------------------!
***************dt=2.000000***************
***************flag=0***************
--------------------------------------------------!
time		0.000000
wall time	327.475419
*******************************
dgemm_time	180.980728
conv_transfer_time	0.000000
conv_calculate_time	6235.138184
elastic_calculate_time	6235.178711
Allen_Cahn_nonlinear_time	6424.494141
Cahn_Hilliard_nonlinear_time	0.012000
trans_time	60.009487
trans_Memcpy_time	27.269083
trans_MPI_time	24.014828
trans_pack_time	0.559202
trans_enlarge_time	0.811520
trans_mu_time	0.520960
trans_unpack_time	6.370589
updateU_new_time	5.223545
runtime	6.676039
--------------------------------------------------!
***************dt=2.000000***************
***************flag=0***************
--------------------------------------------------!
time		0.000000
wall time	334.177099
*******************************
dgemm_time	180.940552
conv_transfer_time	0.000000
conv_calculate_time	6232.204590
elastic_calculate_time	6232.244629
Allen_Cahn_nonlinear_time	6420.396484
Cahn_Hilliard_nonlinear_time	0.012160
trans_time	60.815983
trans_Memcpy_time	27.275013
trans_MPI_time	24.863962
trans_pack_time	0.562402
trans_enlarge_time	0.782880
trans_mu_time	0.505120
trans_unpack_time	6.370751
updateU_new_time	5.236025
runtime	6.673525
--------------------------------------------------!
***************dt=2.000000***************
***************flag=0***************
--------------------------------------------------!
time		0.000000
wall time	340.879911
*******************************
dgemm_time	180.965729
conv_transfer_time	0.000000
conv_calculate_time	6237.221680
elastic_calculate_time	6237.261230
Allen_Cahn_nonlinear_time	6425.898926
Cahn_Hilliard_nonlinear_time	0.011680
trans_time	59.890537
trans_Memcpy_time	27.621090
trans_MPI_time	23.530834
trans_pack_time	0.577762
trans_enlarge_time	0.776000
trans_mu_time	0.508160
trans_unpack_time	6.362270
updateU_new_time	5.221622
runtime	6.677516
--------------------------------------------------!
***************dt=2.000000***************
***************flag=0***************
--------------------------------------------------!
time		0.000000
wall time	347.553491
*******************************
dgemm_time	181.056808
conv_transfer_time	0.000000
conv_calculate_time	6234.609375
elastic_calculate_time	6234.650391
Allen_Cahn_nonlinear_time	6427.997070
Cahn_Hilliard_nonlinear_time	0.012000
trans_time	62.291531
trans_Memcpy_time	27.469234
trans_MPI_time	26.120588
trans_pack_time	0.560962
trans_enlarge_time	0.780000
trans_mu_time	0.508800
trans_unpack_time	6.396026
updateU_new_time	5.220978
runtime	6.680385
--------------------------------------------------!
***************dt=2.000000***************
***************flag=0***************
--------------------------------------------------!
time		0.000000
wall time	354.231063
*******************************
dgemm_time	180.995743
conv_transfer_time	0.000000
conv_calculate_time	6238.037109
elastic_calculate_time	6238.076660
Allen_Cahn_nonlinear_time	6425.458496
Cahn_Hilliard_nonlinear_time	0.011840
trans_time	60.051296
trans_Memcpy_time	27.455778
trans_MPI_time	23.919445
trans_pack_time	0.561281
trans_enlarge_time	0.783520
trans_mu_time	0.506240
trans_unpack_time	6.367062
updateU_new_time	5.224335
runtime	6.676881
--------------------------------------------------!
***************dt=2.000000***************
***************flag=0***************
--------------------------------------------------!
time		0.000000
wall time	360.911502
*******************************
dgemm_time	180.985565
conv_transfer_time	0.000000
conv_calculate_time	6237.412109
elastic_calculate_time	6237.451660
Allen_Cahn_nonlinear_time	6423.970215
Cahn_Hilliard_nonlinear_time	0.011840
trans_time	59.848129
trans_Memcpy_time	27.493202
trans_MPI_time	23.655270
trans_pack_time	0.560320
trans_enlarge_time	0.793760
trans_mu_time	0.522240
trans_unpack_time	6.364499
updateU_new_time	5.217612
runtime	6.675790
--------------------------------------------------!
***************dt=2.000000***************
***************flag=0***************
--------------------------------------------------!
time		0.000000
wall time	367.588436
*******************************
dgemm_time	181.065628
conv_transfer_time	0.000000
conv_calculate_time	6234.816895
elastic_calculate_time	6234.857910
Allen_Cahn_nonlinear_time	6424.489258
Cahn_Hilliard_nonlinear_time	0.011680
trans_time	60.301510
trans_Memcpy_time	27.461826
trans_MPI_time	24.145657
trans_pack_time	0.556640
trans_enlarge_time	0.798720
trans_mu_time	0.507360
trans_unpack_time	6.376335
updateU_new_time	5.232170
runtime	6.676864
--------------------------------------------------!
***************dt=2.000000***************
***************flag=0***************
--------------------------------------------------!
time		0.000000
wall time	374.264281
*******************************
dgemm_time	181.025543
conv_transfer_time	0.000000
conv_calculate_time	6239.116699
elastic_calculate_time	6239.155762
Allen_Cahn_nonlinear_time	6431.200684
Cahn_Hilliard_nonlinear_time	0.011840
trans_time	58.896393
trans_Memcpy_time	27.514290
trans_MPI_time	22.646282
trans_pack_time	0.562560
trans_enlarge_time	0.776960
trans_mu_time	0.508000
trans_unpack_time	6.374732
updateU_new_time	5.221127
runtime	6.681936
--------------------------------------------------!
***************dt=2.000000***************
***************flag=0***************
--------------------------------------------------!
time		0.000000
wall time	380.941199
*******************************
dgemm_time	181.000793
conv_transfer_time	0.000000
conv_calculate_time	6236.791504
elastic_calculate_time	6236.830566
Allen_Cahn_nonlinear_time	6425.811035
Cahn_Hilliard_nonlinear_time	0.011840
trans_time	59.591030
trans_Memcpy_time	27.452675
trans_MPI_time	23.419071
trans_pack_time	0.561760
trans_enlarge_time	0.798720
trans_mu_time	0.515520
trans_unpack_time	6.389928
updateU_new_time	5.223684
runtime	6.677082
--------------------------------------------------!
***************dt=2.000000***************
***************flag=0***************
--------------------------------------------------!
time		0.000000
wall time	387.623192
*******************************
dgemm_time	181.017029
conv_transfer_time	0.000000
conv_calculate_time	6236.778320
elastic_calculate_time	6236.816895
Allen_Cahn_nonlinear_time	6423.764648
Cahn_Hilliard_nonlinear_time	0.012160
trans_time	60.293041
trans_Memcpy_time	27.467381
trans_MPI_time	24.110260
trans_pack_time	0.560800
trans_enlarge_time	0.811360
trans_mu_time	0.505600
trans_unpack_time	6.367365
updateU_new_time	5.221922
runtime	6.676832
--------------------------------------------------!
***************dt=2.000000***************
***************flag=0***************
--------------------------------------------------!
time		0.000000
wall time	394.300328
*******************************
dgemm_time	181.010223
conv_transfer_time	0.000000
conv_calculate_time	6225.966797
elastic_calculate_time	6226.007324
Allen_Cahn_nonlinear_time	6418.032227
Cahn_Hilliard_nonlinear_time	0.011680
trans_time	60.126774
trans_Memcpy_time	27.494247
trans_MPI_time	23.952648
trans_pack_time	0.560640
trans_enlarge_time	0.792000
trans_mu_time	0.504800
trans_unpack_time	6.369922
updateU_new_time	5.231680
runtime	6.669565
--------------------------------------------------!
***************dt=2.000000***************
***************flag=0***************
--------------------------------------------------!
time		0.000000
wall time	400.977213
*******************************
dgemm_time	180.961670
conv_transfer_time	0.000000
conv_calculate_time	6235.824707
elastic_calculate_time	6235.864258
Allen_Cahn_nonlinear_time	6424.372070
Cahn_Hilliard_nonlinear_time	0.011680
trans_time	60.197636
trans_Memcpy_time	27.858080
trans_MPI_time	23.579041
trans_pack_time	0.558720
trans_enlarge_time	0.794880
trans_mu_time	0.514400
trans_unpack_time	6.371840
updateU_new_time	5.228158
runtime	6.676797
--------------------------------------------------!
***************dt=2.000000***************
***************flag=0***************
--------------------------------------------------!
time		0.000000
wall time	407.646831
*******************************
dgemm_time	181.011032
conv_transfer_time	0.000000
conv_calculate_time	6234.602539
elastic_calculate_time	6234.641602
Allen_Cahn_nonlinear_time	6423.836914
Cahn_Hilliard_nonlinear_time	0.011680
trans_time	59.836830
trans_Memcpy_time	27.493427
trans_MPI_time	23.639828
trans_pack_time	0.556960
trans_enlarge_time	0.788000
trans_mu_time	0.505920
trans_unpack_time	6.402077
updateU_new_time	5.223676
runtime	6.675632
--------------------------------------------------!
***************dt=2.000000***************
***************flag=0***************
--------------------------------------------------!
time		0.000000
wall time	414.323683
*******************************
dgemm_time	181.047760
conv_transfer_time	0.000000
conv_calculate_time	6237.525391
elastic_calculate_time	6237.564941
Allen_Cahn_nonlinear_time	6426.195312
Cahn_Hilliard_nonlinear_time	0.012000
trans_time	60.230083
trans_Memcpy_time	27.488457
trans_MPI_time	24.034698
trans_pack_time	0.565440
trans_enlarge_time	0.794240
trans_mu_time	0.506560
trans_unpack_time	6.385915
updateU_new_time	5.223834
runtime	6.677719
--------------------------------------------------!
***************dt=2.000000***************
***************flag=0***************
--------------------------------------------------!
time		0.000000
wall time	420.999370
*******************************
dgemm_time	181.038528
conv_transfer_time	0.000000
conv_calculate_time	6238.733887
elastic_calculate_time	6238.773438
Allen_Cahn_nonlinear_time	6427.134766
Cahn_Hilliard_nonlinear_time	0.011680
trans_time	59.696903
trans_Memcpy_time	27.529247
trans_MPI_time	23.479170
trans_pack_time	0.563200
trans_enlarge_time	0.793600
trans_mu_time	0.512960
trans_unpack_time	6.366872
updateU_new_time	5.222266
runtime	6.680840
--------------------------------------------------!
***************dt=2.000000***************
***************flag=0***************
--------------------------------------------------!
time		0.000000
wall time	427.677145
*******************************
dgemm_time	181.020859
conv_transfer_time	0.000000
conv_calculate_time	6237.599609
elastic_calculate_time	6237.639648
Allen_Cahn_nonlinear_time	6429.573730
Cahn_Hilliard_nonlinear_time	0.011840
trans_time	60.270554
trans_Memcpy_time	27.653900
trans_MPI_time	23.918041
trans_pack_time	0.563202
trans_enlarge_time	0.806720
trans_mu_time	0.508480
trans_unpack_time	6.361472
updateU_new_time	5.221784
runtime	6.678137
--------------------------------------------------!
***************dt=2.000000***************
***************flag=0***************
--------------------------------------------------!
time		0.000000
wall time	434.358040
*******************************
dgemm_time	181.019501
conv_transfer_time	0.000000
conv_calculate_time	6236.992676
elastic_calculate_time	6237.036133
Allen_Cahn_nonlinear_time	6427.369629
Cahn_Hilliard_nonlinear_time	0.011680
trans_time	60.415287
trans_Memcpy_time	27.551170
trans_MPI_time	24.113552
trans_pack_time	0.560962
trans_enlarge_time	0.788320
trans_mu_time	0.514880
trans_unpack_time	6.378430
updateU_new_time	5.222102
runtime	6.679369
--------------------------------------------------!
***************dt=2.000000***************
***************flag=0***************
--------------------------------------------------!
time		0.000000
wall time	441.036235
*******************************
dgemm_time	180.988068
conv_transfer_time	0.000000
conv_calculate_time	6235.497559
elastic_calculate_time	6235.534668
Allen_Cahn_nonlinear_time	6422.127930
Cahn_Hilliard_nonlinear_time	0.011680
trans_time	60.294308
trans_Memcpy_time	27.478516
trans_MPI_time	24.059143
trans_pack_time	0.562402
trans_enlarge_time	0.807840
trans_mu_time	0.503200
trans_unpack_time	6.375067
updateU_new_time	5.223060
runtime	6.673867
--------------------------------------------------!
***************dt=2.000000***************
***************flag=0***************
--------------------------------------------------!
time		0.000000
wall time	447.715660
*******************************
dgemm_time	181.087021
conv_transfer_time	0.000000
conv_calculate_time	6236.145508
elastic_calculate_time	6236.184082
Allen_Cahn_nonlinear_time	6424.583984
Cahn_Hilliard_nonlinear_time	0.012000
trans_time	60.288464
trans_Memcpy_time	27.429705
trans_MPI_time	24.133213
trans_pack_time	0.557602
trans_enlarge_time	0.813120
trans_mu_time	0.502560
trans_unpack_time	6.394904
updateU_new_time	5.221778
runtime	6.677313
--------------------------------------------------!
***************dt=2.000000***************
***************flag=0***************
--------------------------------------------------!
time		0.000000
wall time	454.389587
*******************************
dgemm_time	180.996552
conv_transfer_time	0.000000
conv_calculate_time	6238.430176
elastic_calculate_time	6238.470215
Allen_Cahn_nonlinear_time	6425.427246
Cahn_Hilliard_nonlinear_time	0.011840
trans_time	60.422379
trans_Memcpy_time	27.482653
trans_MPI_time	24.267441
trans_pack_time	0.555841
trans_enlarge_time	0.782080
trans_mu_time	0.512480
trans_unpack_time	6.363381
updateU_new_time	5.224175
runtime	6.677390
--------------------------------------------------!
***************dt=2.000000***************
***************flag=0***************
--------------------------------------------------!
time		0.000000
wall time	461.066956
*******************************
dgemm_time	181.017761
conv_transfer_time	0.000000
conv_calculate_time	6236.497070
elastic_calculate_time	6236.535645
Allen_Cahn_nonlinear_time	6425.964844
Cahn_Hilliard_nonlinear_time	0.011840
trans_time	60.363304
trans_Memcpy_time	27.571281
trans_MPI_time	24.036873
trans_pack_time	0.560640
trans_enlarge_time	0.810080
trans_mu_time	0.508320
trans_unpack_time	6.365459
updateU_new_time	5.225453
runtime	6.677988
--------------------------------------------------!
***************dt=2.000000***************
***************flag=0***************
--------------------------------------------------!
time		0.000000
wall time	467.744408
*******************************
dgemm_time	181.003448
conv_transfer_time	0.000000
conv_calculate_time	6235.468750
elastic_calculate_time	6235.506836
Allen_Cahn_nonlinear_time	6422.453613
Cahn_Hilliard_nonlinear_time	0.011680
trans_time	59.995678
trans_Memcpy_time	27.443909
trans_MPI_time	23.849823
trans_pack_time	0.560480
trans_enlarge_time	0.798080
trans_mu_time	0.504000
trans_unpack_time	6.379056
updateU_new_time	5.220171
runtime	6.674258
--------------------------------------------------!
***************dt=2.000000***************
***************flag=0***************
--------------------------------------------------!
time		0.000000
wall time	474.422454
*******************************
dgemm_time	181.006760
conv_transfer_time	0.000000
conv_calculate_time	6236.902344
elastic_calculate_time	6236.941895
Allen_Cahn_nonlinear_time	6423.785645
Cahn_Hilliard_nonlinear_time	0.011840
trans_time	59.888027
trans_Memcpy_time	27.499741
trans_MPI_time	23.692373
trans_pack_time	0.576960
trans_enlarge_time	0.782880
trans_mu_time	0.500960
trans_unpack_time	6.380494
updateU_new_time	5.222090
runtime	6.675298
--------------------------------------------------!
***************dt=2.000000***************
***************flag=0***************
--------------------------------------------------!
time		0.000000
wall time	481.096767
*******************************
dgemm_time	180.991989
conv_transfer_time	0.000000
conv_calculate_time	6236.391113
elastic_calculate_time	6236.428223
Allen_Cahn_nonlinear_time	6425.291992
Cahn_Hilliard_nonlinear_time	0.012000
trans_time	60.107201
trans_Memcpy_time	27.492052
trans_MPI_time	23.890766
trans_pack_time	0.571520
trans_enlarge_time	0.813600
trans_mu_time	0.505280
trans_unpack_time	6.382252
updateU_new_time	5.222249
runtime	6.677396
--------------------------------------------------!
***************dt=2.000000***************
***************flag=0***************
--------------------------------------------------!
time		0.000000
wall time	487.772119
*******************************
dgemm_time	181.030502
conv_transfer_time	0.000000
conv_calculate_time	6237.604980
elastic_calculate_time	6237.646973
Allen_Cahn_nonlinear_time	6426.270508
Cahn_Hilliard_nonlinear_time	0.011520
trans_time	60.003242
trans_Memcpy_time	27.395245
trans_MPI_time	23.949959
trans_pack_time	0.558240
trans_enlarge_time	0.783360
trans_mu_time	0.502560
trans_unpack_time	6.361291
updateU_new_time	5.222567
runtime	6.683107
--------------------------------------------------!
***************dt=2.000000***************
***************flag=0***************
--------------------------------------------------!
time		0.000000
wall time	494.449575
*******************************
dgemm_time	180.991104
conv_transfer_time	0.000000
conv_calculate_time	6239.219727
elastic_calculate_time	6239.258789
Allen_Cahn_nonlinear_time	6426.675781
Cahn_Hilliard_nonlinear_time	0.012000
trans_time	59.898689
trans_Memcpy_time	27.487717
trans_MPI_time	23.646275
trans_pack_time	0.557440
trans_enlarge_time	0.798400
trans_mu_time	0.512640
trans_unpack_time	6.378249
updateU_new_time	5.225286
runtime	6.678896
--------------------------------------------------!
***************dt=2.000000***************
***************flag=0***************
--------------------------------------------------!
time		0.000000
wall time	501.132776
*******************************
dgemm_time	180.951370
conv_transfer_time	0.000000
conv_calculate_time	6236.749512
elastic_calculate_time	6236.788574
Allen_Cahn_nonlinear_time	6425.170410
Cahn_Hilliard_nonlinear_time	0.011680
trans_time	59.282154
trans_Memcpy_time	27.455547
trans_MPI_time	23.131546
trans_pack_time	0.561440
trans_enlarge_time	0.794240
trans_mu_time	0.511040
trans_unpack_time	6.373767
updateU_new_time	5.220965
runtime	6.676638
--------------------------------------------------!
***************dt=2.000000***************
***************flag=0***************
--------------------------------------------------!
time		0.000000
wall time	507.811746
*******************************
dgemm_time	181.021896
conv_transfer_time	0.000000
conv_calculate_time	6237.217773
elastic_calculate_time	6237.255859
Allen_Cahn_nonlinear_time	6424.708008
Cahn_Hilliard_nonlinear_time	0.012000
trans_time	59.809288
trans_Memcpy_time	27.504505
trans_MPI_time	23.564981
trans_pack_time	0.589280
trans_enlarge_time	0.799520
trans_mu_time	0.504320
trans_unpack_time	6.393926
updateU_new_time	5.223363
runtime	6.676865
--------------------------------------------------!
***************dt=2.000000***************
***************flag=0***************
--------------------------------------------------!
time		0.000000
wall time	514.488440
*******************************
dgemm_time	181.010498
conv_transfer_time	0.000000
conv_calculate_time	6238.077637
elastic_calculate_time	6238.118164
Allen_Cahn_nonlinear_time	6424.831055
Cahn_Hilliard_nonlinear_time	0.012480
trans_time	59.817966
trans_Memcpy_time	27.502419
trans_MPI_time	23.577137
trans_pack_time	0.588480
trans_enlarge_time	0.803200
trans_mu_time	0.508000
trans_unpack_time	6.385764
updateU_new_time	5.230882
runtime	6.676568
--------------------------------------------------!
***************dt=2.000000***************
***************flag=0***************
--------------------------------------------------!
time		0.000000
wall time	521.165358
*******************************
dgemm_time	181.027405
conv_transfer_time	0.000000
conv_calculate_time	6237.623047
elastic_calculate_time	6237.661621
Allen_Cahn_nonlinear_time	6425.949707
Cahn_Hilliard_nonlinear_time	0.012000
trans_time	59.796883
trans_Memcpy_time	27.685453
trans_MPI_time	23.366570
trans_pack_time	0.560480
trans_enlarge_time	0.802080
trans_mu_time	0.505920
trans_unpack_time	6.360963
updateU_new_time	5.222721
runtime	6.677356
--------------------------------------------------!
***************dt=2.000000***************
***************flag=0***************
--------------------------------------------------!
time		0.000000
wall time	527.841979
*******************************
dgemm_time	181.061447
conv_transfer_time	0.000000
conv_calculate_time	6236.438477
elastic_calculate_time	6236.475098
Allen_Cahn_nonlinear_time	6424.416016
Cahn_Hilliard_nonlinear_time	0.011840
trans_time	59.803295
trans_Memcpy_time	27.498407
trans_MPI_time	23.608965
trans_pack_time	0.562240
trans_enlarge_time	0.794720
trans_mu_time	0.511200
trans_unpack_time	6.376641
updateU_new_time	5.224960
runtime	6.676151
--------------------------------------------------!
***************dt=2.000000***************
***************flag=0***************
--------------------------------------------------!
time		0.000000
wall time	534.519395
*******************************
dgemm_time	181.091171
conv_transfer_time	0.000000
conv_calculate_time	6238.031738
elastic_calculate_time	6238.069824
Allen_Cahn_nonlinear_time	6426.434082
Cahn_Hilliard_nonlinear_time	0.011680
trans_time	60.055141
trans_Memcpy_time	27.518879
trans_MPI_time	23.824959
trans_pack_time	0.560320
trans_enlarge_time	0.811680
trans_mu_time	0.509600
trans_unpack_time	6.373440
updateU_new_time	5.222400
runtime	6.678528
--------------------------------------------------!
***************dt=2.000000***************
***************flag=0***************
--------------------------------------------------!
time		0.000000
wall time	541.195602
*******************************
dgemm_time	181.014648
conv_transfer_time	0.000000
conv_calculate_time	6238.080566
elastic_calculate_time	6238.119629
Allen_Cahn_nonlinear_time	6428.835938
Cahn_Hilliard_nonlinear_time	0.011520
trans_time	59.915333
trans_Memcpy_time	27.456638
trans_MPI_time	23.729599
trans_pack_time	0.596640
trans_enlarge_time	0.790560
trans_mu_time	0.506080
trans_unpack_time	6.382880
updateU_new_time	5.224799
runtime	6.682259
--------------------------------------------------!
***************dt=2.000000***************
***************flag=0***************
--------------------------------------------------!
time		0.000000
wall time	547.874185
*******************************
dgemm_time	181.054779
conv_transfer_time	0.000000
conv_calculate_time	6234.217285
elastic_calculate_time	6234.258789
Allen_Cahn_nonlinear_time	6428.616699
Cahn_Hilliard_nonlinear_time	0.011840
trans_time	59.537731
trans_Memcpy_time	27.451355
trans_MPI_time	23.342232
trans_pack_time	0.588320
trans_enlarge_time	0.788800
trans_mu_time	0.514880
trans_unpack_time	6.394398
updateU_new_time	5.222238
runtime	6.682493
--------------------------------------------------!
***************dt=2.000000***************
***************flag=0***************
--------------------------------------------------!
time		0.000000
wall time	554.556499
*******************************
dgemm_time	181.017792
conv_transfer_time	0.000000
conv_calculate_time	6240.772461
elastic_calculate_time	6240.811035
Allen_Cahn_nonlinear_time	6427.029785
Cahn_Hilliard_nonlinear_time	0.011680
trans_time	59.568920
trans_Memcpy_time	27.589588
trans_MPI_time	23.272469
trans_pack_time	0.567520
trans_enlarge_time	0.808960
trans_mu_time	0.506080
trans_unpack_time	6.368317
updateU_new_time	5.223837
runtime	6.679483
--------------------------------------------------!
***************dt=2.000000***************
***************flag=0***************
--------------------------------------------------!
time		0.000000
wall time	561.239046
*******************************
dgemm_time	181.013123
conv_transfer_time	0.000000
conv_calculate_time	6237.413574
elastic_calculate_time	6237.452637
Allen_Cahn_nonlinear_time	6424.574219
Cahn_Hilliard_nonlinear_time	0.011520
trans_time	59.616001
trans_Memcpy_time	27.457100
trans_MPI_time	23.486866
trans_pack_time	0.567680
trans_enlarge_time	0.773120
trans_mu_time	0.507040
trans_unpack_time	6.370556
updateU_new_time	5.220476
runtime	6.676593
--------------------------------------------------!
***************dt=2.000000***************
***************flag=0***************
--------------------------------------------------!
time		0.000000
wall time	567.918596
*******************************
dgemm_time	181.008133
conv_transfer_time	0.000000
conv_calculate_time	6238.013184
elastic_calculate_time	6238.050293
Allen_Cahn_nonlinear_time	6425.448730
Cahn_Hilliard_nonlinear_time	0.011840
trans_time	60.385338
trans_Memcpy_time	27.440460
trans_MPI_time	24.243340
trans_pack_time	0.563040
trans_enlarge_time	0.804480
trans_mu_time	0.509600
trans_unpack_time	6.369275
updateU_new_time	5.220795
runtime	6.677503
--------------------------------------------------!
***************dt=2.000000***************
***************flag=0***************
--------------------------------------------------!
time		0.000000
wall time	574.595258
*******************************
dgemm_time	181.007782
conv_transfer_time	0.000000
conv_calculate_time	6236.779785
elastic_calculate_time	6236.827148
Allen_Cahn_nonlinear_time	6422.844727
Cahn_Hilliard_nonlinear_time	0.012000
trans_time	59.145760
trans_Memcpy_time	27.467335
trans_MPI_time	22.959335
trans_pack_time	0.575360
trans_enlarge_time	0.805920
trans_mu_time	0.505600
trans_unpack_time	6.374394
updateU_new_time	5.230074
runtime	6.676589
--------------------------------------------------!
***************dt=2.000000***************
***************flag=0***************
--------------------------------------------------!
time		0.000000
wall time	581.272880
*******************************
dgemm_time	181.017670
conv_transfer_time	0.000000
conv_calculate_time	6236.428711
elastic_calculate_time	6236.466309
Allen_Cahn_nonlinear_time	6424.908203
Cahn_Hilliard_nonlinear_time	0.011520
trans_time	60.429260
trans_Memcpy_time	27.494850
trans_MPI_time	24.195812
trans_pack_time	0.573760
trans_enlarge_time	0.769760
trans_mu_time	0.505920
trans_unpack_time	6.375353
updateU_new_time	5.224153
runtime	6.679533
--------------------------------------------------!
***************dt=2.000000***************
***************flag=0***************
--------------------------------------------------!
time		0.000000
wall time	587.949523
*******************************
dgemm_time	181.019241
conv_transfer_time	0.000000
conv_calculate_time	6237.643066
elastic_calculate_time	6237.683105
Allen_Cahn_nonlinear_time	6425.593262
Cahn_Hilliard_nonlinear_time	0.012000
trans_time	60.092018
trans_Memcpy_time	27.458527
trans_MPI_time	23.935167
trans_pack_time	0.565120
trans_enlarge_time	0.792640
trans_mu_time	0.516000
trans_unpack_time	6.370232
updateU_new_time	5.222393
runtime	6.676985
--------------------------------------------------!
***************dt=2.000000***************
***************flag=0***************
--------------------------------------------------!
time		0.000000
wall time	594.629110
*******************************
dgemm_time	181.016174
conv_transfer_time	0.000000
conv_calculate_time	6236.957031
elastic_calculate_time	6236.997070
Allen_Cahn_nonlinear_time	6424.597656
Cahn_Hilliard_nonlinear_time	0.011840
trans_time	60.164631
trans_Memcpy_time	27.435963
trans_MPI_time	24.031006
trans_pack_time	0.558720
trans_enlarge_time	0.790560
trans_mu_time	0.510880
trans_unpack_time	6.383191
updateU_new_time	5.233112
runtime	6.677400
--------------------------------------------------!
***************dt=2.000000***************
***************flag=0***************
--------------------------------------------------!
time		0.000000
wall time	601.306150
*******************************
dgemm_time	181.021423
conv_transfer_time	0.000000
conv_calculate_time	6235.991699
elastic_calculate_time	6236.031250
Allen_Cahn_nonlinear_time	6424.539062
Cahn_Hilliard_nonlinear_time	0.011840
trans_time	59.951012
trans_Memcpy_time	27.512596
trans_MPI_time	23.755001
trans_pack_time	0.558080
trans_enlarge_time	0.790720
trans_mu_time	0.510240
trans_unpack_time	6.369430
updateU_new_time	5.223671
runtime	6.676129
--------------------------------------------------!
***************dt=2.000000***************
***************flag=0***************
--------------------------------------------------!
time		0.000000
wall time	607.983604
*******************************
dgemm_time	181.061554
conv_transfer_time	0.000000
conv_calculate_time	6236.813477
elastic_calculate_time	6236.854004
Allen_Cahn_nonlinear_time	6424.960449
Cahn_Hilliard_nonlinear_time	0.012160
trans_time	59.931580
trans_Memcpy_time	27.465549
trans_MPI_time	23.783318
trans_pack_time	0.565920
trans_enlarge_time	0.791520
trans_mu_time	0.504960
trans_unpack_time	6.367989
updateU_new_time	5.224963
runtime	6.678959
--------------------------------------------------!
***************dt=2.000000***************
***************flag=0***************
--------------------------------------------------!
time		0.000000
wall time	614.659790
*******************************
dgemm_time	180.985825
conv_transfer_time	0.000000
conv_calculate_time	6238.243652
elastic_calculate_time	6238.283691
Allen_Cahn_nonlinear_time	6425.884277
Cahn_Hilliard_nonlinear_time	0.012160
trans_time	59.332306
trans_Memcpy_time	27.467533
trans_MPI_time	23.112972
trans_pack_time	0.565280
trans_enlarge_time	0.800960
trans_mu_time	0.504000
trans_unpack_time	6.362883
updateU_new_time	5.223681
runtime	6.677099
--------------------------------------------------!
***************dt=2.000000***************
***************flag=0***************
--------------------------------------------------!
time		0.000000
wall time	621.338812
*******************************
dgemm_time	181.073944
conv_transfer_time	0.000000
conv_calculate_time	6236.198730
elastic_calculate_time	6236.237305
Allen_Cahn_nonlinear_time	6422.942383
Cahn_Hilliard_nonlinear_time	0.011840
trans_time	60.218849
trans_Memcpy_time	27.620167
trans_MPI_time	23.908968
trans_pack_time	0.557760
trans_enlarge_time	0.788640
trans_mu_time	0.517920
trans_unpack_time	6.373442
updateU_new_time	5.223200
runtime	6.675893
--------------------------------------------------!
***************dt=2.000000***************
***************flag=0***************
--------------------------------------------------!
time		0.000000
wall time	628.015966
*******************************
dgemm_time	181.034866
conv_transfer_time	0.000000
conv_calculate_time	6237.886719
elastic_calculate_time	6237.925781
Allen_Cahn_nonlinear_time	6424.239258
Cahn_Hilliard_nonlinear_time	0.012000
trans_time	59.840790
trans_Memcpy_time	27.487680
trans_MPI_time	23.645441
trans_pack_time	0.563680
trans_enlarge_time	0.813920
trans_mu_time	0.507360
trans_unpack_time	6.367680
updateU_new_time	5.241920
runtime	6.677140
--------------------------------------------------!
***************dt=2.000000***************
***************flag=0***************
--------------------------------------------------!
time		0.000000
wall time	634.691912
*******************************
dgemm_time	181.033707
conv_transfer_time	0.000000
conv_calculate_time	6238.103027
elastic_calculate_time	6238.176270
Allen_Cahn_nonlinear_time	6429.481445
Cahn_Hilliard_nonlinear_time	0.012160
trans_time	59.983868
trans_Memcpy_time	27.454401
trans_MPI_time	23.836159
trans_pack_time	0.568960
trans_enlarge_time	0.791520
trans_mu_time	0.508160
trans_unpack_time	6.372480
updateU_new_time	5.223199
runtime	6.681637
--------------------------------------------------!
***************dt=2.000000***************
***************flag=0***************
--------------------------------------------------!
time		0.000000
wall time	641.369105
*******************************
dgemm_time	180.983597
conv_transfer_time	0.000000
conv_calculate_time	6235.985352
elastic_calculate_time	6236.024902
Allen_Cahn_nonlinear_time	6428.894531
Cahn_Hilliard_nonlinear_time	0.011840
trans_time	59.908604
trans_Memcpy_time	27.224636
trans_MPI_time	23.939995
trans_pack_time	0.563360
trans_enlarge_time	0.780320
trans_mu_time	0.506080
trans_unpack_time	6.361759
updateU_new_time	5.222558
runtime	6.679911
--------------------------------------------------!
***************dt=2.000000***************
***************flag=0***************
--------------------------------------------------!
time		0.000000
wall time	648.050795
*******************************
dgemm_time	181.035873
conv_transfer_time	0.000000
conv_calculate_time	6233.826660
elastic_calculate_time	6233.874023
Allen_Cahn_nonlinear_time	6422.095703
Cahn_Hilliard_nonlinear_time	0.011680
trans_time	59.857620
trans_Memcpy_time	27.283350
trans_MPI_time	23.827511
trans_pack_time	0.560480
trans_enlarge_time	0.796160
trans_mu_time	0.505600
trans_unpack_time	6.362557
updateU_new_time	5.223037
runtime	6.674307
--------------------------------------------------!
***************dt=2.000000***************
***************flag=0***************
--------------------------------------------------!
time		0.000000
wall time	654.730751
*******************************
dgemm_time	181.029922
conv_transfer_time	0.000000
conv_calculate_time	6238.549805
elastic_calculate_time	6238.589355
Allen_Cahn_nonlinear_time	6425.011719
Cahn_Hilliard_nonlinear_time	0.012320
trans_time	59.369648
trans_Memcpy_time	27.456781
trans_MPI_time	23.231346
trans_pack_time	0.559200
trans_enlarge_time	0.794560
trans_mu_time	0.506400
trans_unpack_time	6.363516
updateU_new_time	5.221916
runtime	6.676752
--------------------------------------------------!
***************dt=2.000000***************
***************flag=0***************
--------------------------------------------------!
time		0.000000
wall time	661.405113
*******************************
dgemm_time	181.026367
conv_transfer_time	0.000000
conv_calculate_time	6238.105469
elastic_calculate_time	6238.142578
Allen_Cahn_nonlinear_time	6424.780762
Cahn_Hilliard_nonlinear_time	0.012000
trans_time	59.874947
trans_Memcpy_time	27.271976
trans_MPI_time	23.910860
trans_pack_time	0.558240
trans_enlarge_time	0.794080
trans_mu_time	0.512960
trans_unpack_time	6.373115
updateU_new_time	5.241115
runtime	6.678630
--------------------------------------------------!
***************dt=2.000000***************
***************flag=0***************
--------------------------------------------------!
time		0.000000
wall time	668.081919
