running   on	512   processors
restart		0
nx,ny,nz	260	260	260
px,py,pz	8	8	8
nghost		2
output   dir	./output/output2/
data   dir	./data/
dt,t_total	2.000000,200.100000
ELASTIC		1
ANISOTROPIC		1
nac,nch		6,2
xmin,ymin,zmin	0.000000	0.000000	0.000000
xmax,ymax,zmax	2048.000000	2048.000000	2048.000000
checkpoint_,nchk,chk	1,1000,0
nout		10000
Approx		32
detect_iter		100000
Reading input.txt file:
myrank = 327 P = 2 Q = 4
myrank = 319 P = 2 Q = 5
myrank = 314 P = 4 Q = 3
myrank = 313 P = 3 Q = 4
myrank = 326 P = 0 Q = 3
myrank = 283 P = 2 Q = 4
myrank = 463 P = 1 Q = 0
myrank = 318 P = 2 Q = 4
myrank = 324 P = 0 Q = 1
myrank = 315 P = 0 Q = 1
myrank = 317 P = 0 Q = 3
myrank = 325 P = 5 Q = 2
myrank = 436 P = 2 Q = 1
myrank = 281 P = 2 Q = 5
myrank = 299 P = 1 Q = 4
myrank = 280 P = 1 Q = 3
myrank = 439 P = 0 Q = 3
myrank = 296 P = 5 Q = 4
myrank = 438 P = 1 Q = 0
myrank = 294 P = 0 Q = 2
myrank = 495 P = 1 Q = 1
myrank = 316 P = 4 Q = 0
myrank = 460 P = 2 Q = 0
myrank = 312 P = 5 Q = 1
myrank = 282 P = 4 Q = 2
myrank = 507 P = 1 Q = 0
myrank = 504 P = 0 Q = 3
myrank = 437 P = 2 Q = 5
myrank = 308 P = 3 Q = 3
myrank = 321 P = 5 Q = 4
myrank = 462 P = 5 Q = 5
myrank = 292 P = 0 Q = 3
myrank = 320 P = 4 Q = 0
myrank = 479 P = 3 Q = 3
myrank = 311 P = 3 Q = 4
myrank = 286 P = 0 Q = 0
myrank = 369 P = 4 Q = 3
myrank = 323 P = 3 Q = 5
myrank = 493 P = 1 Q = 2
myrank = 285 P = 0 Q = 2
myrank = 322 P = 4 Q = 2
myrank = 424 P = 0 Q = 4
myrank = 307 P = 4 Q = 2
myrank = 305 P = 1 Q = 3
myrank = 273 P = 3 Q = 3
myrank = 295 P = 5 Q = 3
myrank = 432 P = 4 Q = 0
myrank = 297 P = 4 Q = 5
myrank = 263 P = 0 Q = 2
myrank = 270 P = 5 Q = 5
myrank = 310 P = 5 Q = 5
myrank = 464 P = 3 Q = 4
myrank = 470 P = 2 Q = 1
myrank = 505 P = 0 Q = 5
myrank = 304 P = 2 Q = 0
myrank = 498 P = 3 Q = 4
myrank = 293 P = 1 Q = 4
myrank = 511 P = 3 Q = 4
myrank = 268 P = 4 Q = 4
myrank = 391 P = 4 Q = 2
myrank = 506 P = 2 Q = 5
myrank = 287 P = 5 Q = 4
myrank = 434 P = 2 Q = 1
myrank = 328 P = 4 Q = 4
myrank = 492 P = 1 Q = 0
myrank = 423 P = 4 Q = 0
myrank = 261 P = 4 Q = 3
myrank = 494 P = 3 Q = 3
myrank = 371 P = 2 Q = 1
myrank = 395 P = 3 Q = 3
myrank = 496 P = 0 Q = 2
myrank = 284 P = 4 Q = 1
myrank = 461 P = 1 Q = 1
myrank = 277 P = 0 Q = 0
myrank = 468 P = 2 Q = 5
myrank = 499 P = 4 Q = 1
myrank = 306 P = 2 Q = 2
myrank = 333 P = 5 Q = 3
myrank = 272 P = 5 Q = 1
myrank = 368 P = 4 Q = 1
myrank = 433 P = 3 Q = 4
myrank = 481 P = 3 Q = 2
myrank = 262 P = 0 Q = 1
myrank = 497 P = 5 Q = 2
myrank = 467 P = 3 Q = 4
myrank = 482 P = 5 Q = 0
myrank = 471 P = 3 Q = 2
myrank = 480 P = 4 Q = 2
myrank = 271 P = 0 Q = 4
myrank = 298 P = 2 Q = 3
myrank = 472 P = 5 Q = 2
myrank = 475 P = 0 Q = 0
myrank = 332 P = 3 Q = 3
myrank = 393 P = 3 Q = 4
myrank = 485 P = 2 Q = 4
myrank = 510 P = 1 Q = 4
myrank = 508 P = 2 Q = 2
myrank = 477 P = 3 Q = 4
myrank = 266 P = 5 Q = 5
myrank = 269 P = 0 Q = 5
myrank = 331 P = 4 Q = 2
myrank = 487 P = 0 Q = 2
myrank = 452 P = 0 Q = 2
myrank = 279 P = 3 Q = 5
myrank = 509 P = 1 Q = 5
myrank = 453 P = 2 Q = 5
myrank = 403 P = 3 Q = 2
myrank = 211 P = 2 Q = 0
myrank = 486 P = 1 Q = 4
myrank = 309 P = 0 Q = 5
myrank = 274 P = 1 Q = 4
myrank = 370 P = 0 Q = 3
myrank = 459 P = 5 Q = 5
myrank = 276 P = 1 Q = 0
myrank = 422 P = 5 Q = 0
myrank = 456 P = 0 Q = 5
myrank = 478 P = 4 Q = 3
myrank = 454 P = 4 Q = 3
myrank = 400 P = 4 Q = 5
myrank = 399 P = 5 Q = 5
myrank = 435 P = 0 Q = 3
myrank = 483 P = 2 Q = 4
myrank = 290 P = 4 Q = 4
myrank = 278 P = 1 Q = 5
myrank = 425 P = 4 Q = 5
myrank = 264 P = 2 Q = 0
myrank = 335 P = 5 Q = 2
myrank = 474 P = 2 Q = 4
myrank = 420 P = 2 Q = 1
myrank = 458 P = 0 Q = 4
myrank = 226 P = 5 Q = 5
myrank = 457 P = 4 Q = 1
myrank = 172 P = 2 Q = 5
myrank = 401 P = 3 Q = 3
myrank = 451 P = 2 Q = 0
myrank = 329 P = 5 Q = 3
myrank = 392 P = 4 Q = 4
myrank = 441 P = 3 Q = 5
myrank = 484 P = 1 Q = 2
myrank = 465 P = 3 Q = 2
myrank = 389 P = 0 Q = 1
myrank = 455 P = 4 Q = 4
myrank = 476 P = 5 Q = 0
myrank = 442 P = 3 Q = 4
myrank = 490 P = 3 Q = 2
myrank = 301 P = 1 Q = 0
myrank = 227 P = 1 Q = 3
myrank = 300 P = 3 Q = 1
myrank = 209 P = 5 Q = 1
myrank = 275 P = 3 Q = 4
myrank = 190 P = 4 Q = 4
myrank = 418 P = 0 Q = 4
myrank = 289 P = 5 Q = 0
myrank = 394 P = 1 Q = 0
myrank = 473 P = 3 Q = 1
myrank = 173 P = 4 Q = 2
myrank = 260 P = 0 Q = 5
myrank = 402 P = 4 Q = 1
myrank = 174 P = 3 Q = 3
myrank = 267 P = 1 Q = 0
myrank = 417 P = 1 Q = 4
myrank = 288 P = 0 Q = 0
myrank = 265 P = 4 Q = 0
myrank = 421 P = 4 Q = 4
myrank = 225 P = 3 Q = 5
myrank = 440 P = 1 Q = 2
myrank = 224 P = 5 Q = 3
myrank = 448 P = 3 Q = 3
myrank = 449 P = 2 Q = 1
myrank = 208 P = 3 Q = 0
myrank = 334 P = 3 Q = 2
myrank = 210 P = 3 Q = 2
myrank = 153 P = 3 Q = 1
myrank = 188 P = 5 Q = 2
myrank = 469 P = 1 Q = 5
myrank = 397 P = 0 Q = 0
myrank = 175 P = 4 Q = 1
myrank = 427 P = 3 Q = 5
myrank = 419 P = 2 Q = 5
myrank = 387 P = 3 Q = 2
myrank = 416 P = 0 Q = 5
myrank = 415 P = 4 Q = 2
myrank = 191 P = 0 Q = 1
myrank = 396 P = 5 Q = 1
myrank = 488 P = 0 Q = 0
myrank = 466 P = 5 Q = 0
myrank = 390 P = 5 Q = 5
myrank = 450 P = 3 Q = 0
myrank = 330 P = 4 Q = 0
myrank = 388 P = 5 Q = 5
myrank = 155 P = 3 Q = 3
myrank = 502 P = 3 Q = 1
myrank = 411 P = 5 Q = 0
myrank = 189 P = 4 Q = 5
myrank = 303 P = 3 Q = 5
myrank = 302 P = 5 Q = 1
myrank = 501 P = 4 Q = 4
myrank = 386 P = 0 Q = 3
myrank = 409 P = 4 Q = 5
myrank = 443 P = 5 Q = 5
myrank = 385 P = 4 Q = 0
myrank = 426 P = 5 Q = 3
myrank = 489 P = 2 Q = 1
myrank = 491 P = 5 Q = 3
myrank = 428 P = 2 Q = 5
myrank = 398 P = 4 Q = 3
myrank = 222 P = 3 Q = 1
myrank = 408 P = 1 Q = 1
myrank = 291 P = 4 Q = 2
myrank = 380 P = 3 Q = 4
myrank = 382 P = 2 Q = 0
myrank = 251 P = 2 Q = 3
myrank = 500 P = 5 Q = 0
myrank = 197 P = 3 Q = 1
myrank = 412 P = 0 Q = 2
myrank = 431 P = 1 Q = 5
myrank = 447 P = 5 Q = 3
myrank = 410 P = 3 Q = 0
myrank = 223 P = 3 Q = 0
myrank = 152 P = 4 Q = 0
myrank = 384 P = 2 Q = 5
myrank = 383 P = 4 Q = 4
myrank = 429 P = 1 Q = 3
myrank = 430 P = 2 Q = 1
myrank = 503 P = 1 Q = 0
myrank = 414 P = 5 Q = 4
myrank = 377 P = 4 Q = 1
myrank = 185 P = 3 Q = 5
myrank = 413 P = 5 Q = 0
myrank = 249 P = 5 Q = 3
myrank = 445 P = 2 Q = 1
myrank = 195 P = 2 Q = 0
myrank = 203 P = 5 Q = 4
myrank = 248 P = 3 Q = 3
myrank = 446 P = 1 Q = 4
myrank = 379 P = 4 Q = 0
myrank = 107 P = 3 Q = 2
myrank = 405 P = 5 Q = 1
myrank = 215 P = 1 Q = 4
myrank = 378 P = 3 Q = 2
myrank = 105 P = 1 Q = 3
myrank = 220 P = 2 Q = 3
myrank = 444 P = 4 Q = 5
myrank = 108 P = 5 Q = 5
myrank = 196 P = 4 Q = 0
myrank = 407 P = 5 Q = 0
myrank = 376 P = 3 Q = 0
myrank = 340 P = 0 Q = 4
myrank = 363 P = 3 Q = 5
myrank = 361 P = 3 Q = 3
myrank = 199 P = 0 Q = 3
myrank = 221 P = 1 Q = 4
myrank = 404 P = 0 Q = 4
myrank = 128 P = 0 Q = 4
myrank = 154 P = 2 Q = 1
myrank = 106 P = 2 Q = 0
myrank = 206 P = 4 Q = 1
myrank = 247 P = 5 Q = 4
myrank = 187 P = 3 Q = 1
myrank = 259 P = 1 Q = 4
myrank = 375 P = 2 Q = 2
myrank = 381 P = 5 Q = 1
myrank = 372 P = 0 Q = 2
myrank = 254 P = 3 Q = 5
myrank = 104 P = 5 Q = 2
myrank = 186 P = 2 Q = 3
myrank = 250 P = 1 Q = 1
myrank = 346 P = 2 Q = 5
myrank = 239 P = 0 Q = 3
myrank = 244 P = 1 Q = 5
myrank = 253 P = 4 Q = 5
myrank = 359 P = 5 Q = 2
myrank = 198 P = 1 Q = 5
myrank = 184 P = 3 Q = 0
myrank = 252 P = 3 Q = 3
myrank = 243 P = 5 Q = 1
myrank = 130 P = 0 Q = 0
myrank = 192 P = 1 Q = 0
myrank = 207 P = 3 Q = 2
myrank = 406 P = 1 Q = 5
myrank = 214 P = 3 Q = 0
myrank = 258 P = 2 Q = 4
myrank = 240 P = 0 Q = 1
myrank = 103 P = 1 Q = 0
myrank = 245 P = 4 Q = 0
myrank = 111 P = 1 Q = 5
myrank = 194 P = 2 Q = 4
myrank = 241 P = 2 Q = 5
myrank = 373 P = 5 Q = 0
myrank = 362 P = 4 Q = 5
myrank = 374 P = 3 Q = 1
myrank = 87 P = 2 Q = 0
myrank = 131 P = 5 Q = 3
myrank = 339 P = 1 Q = 1
myrank = 212 P = 1 Q = 0
myrank = 109 P = 3 Q = 1
myrank = 255 P = 5 Q = 3
myrank = 99 P = 3 Q = 3
myrank = 193 P = 3 Q = 4
myrank = 202 P = 4 Q = 3
myrank = 246 P = 0 Q = 1
myrank = 356 P = 4 Q = 2
myrank = 237 P = 0 Q = 4
myrank = 344 P = 2 Q = 5
myrank = 352 P = 2 Q = 1
myrank = 242 P = 4 Q = 5
myrank = 347 P = 0 Q = 2
myrank = 204 P = 1 Q = 2
myrank = 343 P = 4 Q = 1
myrank = 345 P = 1 Q = 3
myrank = 360 P = 4 Q = 5
myrank = 95 P = 1 Q = 5
myrank = 337 P = 1 Q = 1
myrank = 341 P = 3 Q = 0
myrank = 201 P = 2 Q = 5
myrank = 86 P = 1 Q = 5
myrank = 336 P = 5 Q = 1
myrank = 213 P = 1 Q = 5
myrank = 71 P = 2 Q = 0
myrank = 349 P = 3 Q = 1
myrank = 85 P = 2 Q = 1
myrank = 183 P = 1 Q = 0
myrank = 157 P = 2 Q = 2
myrank = 129 P = 1 Q = 5
myrank = 353 P = 3 Q = 4
myrank = 94 P = 2 Q = 1
myrank = 257 P = 5 Q = 5
myrank = 92 P = 3 Q = 5
myrank = 205 P = 5 Q = 0
myrank = 98 P = 0 Q = 2
myrank = 148 P = 2 Q = 2
myrank = 84 P = 0 Q = 1
myrank = 358 P = 5 Q = 0
myrank = 348 P = 2 Q = 3
myrank = 93 P = 5 Q = 3
myrank = 110 P = 2 Q = 4
myrank = 200 P = 4 Q = 2
myrank = 354 P = 4 Q = 3
myrank = 68 P = 5 Q = 0
myrank = 79 P = 5 Q = 5
myrank = 357 P = 3 Q = 0
myrank = 100 P = 2 Q = 4
myrank = 342 P = 5 Q = 0
myrank = 256 P = 0 Q = 1
myrank = 158 P = 1 Q = 3
myrank = 364 P = 0 Q = 4
myrank = 76 P = 4 Q = 5
myrank = 355 P = 0 Q = 1
myrank = 72 P = 1 Q = 1
myrank = 236 P = 1 Q = 0
myrank = 69 P = 0 Q = 4
myrank = 217 P = 2 Q = 5
myrank = 338 P = 3 Q = 2
myrank = 77 P = 5 Q = 0
myrank = 75 P = 3 Q = 1
myrank = 176 P = 3 Q = 2
myrank = 142 P = 5 Q = 0
myrank = 96 P = 3 Q = 5
myrank = 181 P = 4 Q = 4
myrank = 218 P = 5 Q = 4
myrank = 70 P = 2 Q = 2
myrank = 78 P = 4 Q = 3
myrank = 238 P = 4 Q = 2
myrank = 159 P = 0 Q = 0
myrank = 83 P = 3 Q = 2
myrank = 80 P = 4 Q = 5
myrank = 351 P = 0 Q = 0
myrank = 125 P = 2 Q = 1
myrank = 367 P = 2 Q = 0
myrank = 178 P = 0 Q = 4
myrank = 170 P = 3 Q = 3
myrank = 180 P = 5 Q = 0
myrank = 365 P = 5 Q = 1
myrank = 126 P = 1 Q = 2
myrank = 216 P = 0 Q = 5
myrank = 167 P = 4 Q = 3
myrank = 156 P = 5 Q = 4
myrank = 165 P = 5 Q = 1
myrank = 82 P = 1 Q = 5
myrank = 66 P = 1 Q = 4
myrank = 89 P = 4 Q = 0
myrank = 101 P = 1 Q = 1
myrank = 182 P = 2 Q = 2
myrank = 179 P = 4 Q = 2
myrank = 350 P = 2 Q = 2
myrank = 91 P = 5 Q = 4
myrank = 74 P = 1 Q = 3
myrank = 97 P = 1 Q = 4
myrank = 177 P = 4 Q = 4
myrank = 119 P = 5 Q = 5
myrank = 127 P = 5 Q = 0
myrank = 149 P = 1 Q = 3
myrank = 102 P = 2 Q = 3
myrank = 168 P = 3 Q = 0
myrank = 166 P = 4 Q = 1
myrank = 113 P = 0 Q = 4
myrank = 219 P = 1 Q = 4
myrank = 235 P = 5 Q = 2
myrank = 118 P = 4 Q = 0
myrank = 73 P = 3 Q = 1
myrank = 117 P = 2 Q = 5
myrank = 115 P = 3 Q = 3
myrank = 124 P = 0 Q = 0
myrank = 65 P = 4 Q = 3
myrank = 366 P = 1 Q = 5
myrank = 81 P = 2 Q = 1
myrank = 116 P = 2 Q = 1
myrank = 232 P = 5 Q = 2
myrank = 90 P = 3 Q = 0
myrank = 64 P = 2 Q = 2
myrank = 231 P = 0 Q = 1
myrank = 228 P = 2 Q = 1
myrank = 164 P = 1 Q = 2
myrank = 233 P = 0 Q = 0
myrank = 150 P = 1 Q = 4
myrank = 163 P = 5 Q = 5
myrank = 120 P = 1 Q = 2
myrank = 169 P = 5 Q = 1
myrank = 114 P = 4 Q = 3
myrank = 171 P = 5 Q = 3
myrank = 234 P = 2 Q = 1
myrank = 161 P = 3 Q = 2
myrank = 143 P = 1 Q = 3
myrank = 140 P = 2 Q = 3
myrank = 162 P = 3 Q = 4
myrank = 230 P = 4 Q = 1
myrank = 147 P = 3 Q = 4
myrank = 112 P = 4 Q = 1
myrank = 146 P = 5 Q = 0
myrank = 122 P = 0 Q = 1
myrank = 67 P = 0 Q = 5
myrank = 121 P = 0 Q = 0
myrank = 123 P = 5 Q = 5
myrank = 144 P = 3 Q = 4
myrank = 141 P = 1 Q = 4
myrank = 88 P = 4 Q = 4
myrank = 229 P = 0 Q = 2
myrank = 160 P = 1 Q = 5
myrank = 145 P = 0 Q = 2
myrank = 137 P = 4 Q = 4
myrank = 136 P = 0 Q = 2
myrank = 139 P = 5 Q = 2
myrank = 138 P = 0 Q = 1
myrank = 133 P = 5 Q = 3
myrank = 134 P = 5 Q = 1
myrank = 135 P = 1 Q = 2
myrank = 132 P = 3 Q = 2
myrank = 151 P = 0 Q = 5
myrank = 11 P = 4 Q = 5
myrank = 8 P = 3 Q = 3
myrank = 9 P = 2 Q = 3
myrank = 14 P = 0 Q = 2
myrank = 10 P = 4 Q = 1
myrank = 13 P = 4 Q = 1
myrank = 12 P = 3 Q = 3
myrank = 15 P = 2 Q = 2
myrank = 5 P = 2 Q = 2
myrank = 7 P = 5 Q = 4
myrank = 4 P = 0 Q = 1
myrank = 6 P = 0 Q = 0
myrank = 3 P = 2 Q = 1
myrank = 20 P = 3 Q = 4
myrank = 2 P = 1 Q = 5
myrank = 23 P = 3 Q = 5
myrank = 31 P = 0 Q = 4
myrank = 30 P = 2 Q = 2
myrank = 0 P = 1 Q = 3
myrank = 24 P = 5 Q = 3
myrank = 21 P = 3 Q = 0
myrank = 28 P = 2 Q = 3
myrank = 58 P = 3 Q = 5
myrank = 1 P = 2 Q = 2
myrank = 43 P = 0 Q = 2
myrank = 40 P = 1 Q = 3
myrank = 25 P = 1 Q = 0
myrank = 63 P = 4 Q = 1
myrank = 29 P = 3 Q = 4
myrank = 26 P = 4 Q = 5
myrank = 60 P = 0 Q = 4
myrank = 57 P = 1 Q = 4
myrank = 22 P = 2 Q = 3
myrank = 27 P = 3 Q = 5
myrank = 56 P = 2 Q = 4
myrank = 16 P = 5 Q = 4
myrank = 62 P = 2 Q = 0
myrank = 17 P = 4 Q = 5
myrank = 41 P = 5 Q = 1
myrank = 59 P = 4 Q = 0
myrank = 37 P = 0 Q = 0
myrank = 55 P = 1 Q = 5
myrank = 50 P = 3 Q = 3
myrank = 19 P = 4 Q = 1
myrank = 46 P = 0 Q = 0
myrank = 39 P = 2 Q = 2
myrank = 44 P = 3 Q = 4
myrank = 18 P = 2 Q = 0
myrank = 42 P = 1 Q = 5
myrank = 35 P = 0 Q = 4
myrank = 32 P = 2 Q = 4
myrank = 61 P = 3 Q = 3
myrank = 45 P = 2 Q = 1
myrank = 49 P = 1 Q = 0
myrank = 47 P = 5 Q = 1
myrank = 48 P = 4 Q = 4
myrank = 51 P = 4 Q = 2
myrank = 38 P = 5 Q = 0
myrank = 34 P = 4 Q = 0
myrank = 53 P = 2 Q = 0
myrank = 54 P = 0 Q = 5
myrank = 52 P = 0 Q = 2
myrank = 36 P = 4 Q = 5
myrank = 33 P = 0 Q = 5
*******************************
dgemm_time	182.082306
conv_transfer_time	0.000000
conv_calculate_time	9696.595703
elastic_calculate_time	9696.645508
Allen_Cahn_nonlinear_time	9876.367188
Cahn_Hilliard_nonlinear_time	0.012000
trans_time	227.462463
trans_Memcpy_time	52.640259
trans_MPI_time	165.472137
trans_pack_time	0.649586
trans_enlarge_time	1.063179
trans_mu_time	0.511833
trans_unpack_time	6.575533
updateU_new_time	5.227243
runtime	10.298555
--------------------------------------------------!
***************dt=2.000000***************
***************flag=0***************
--------------------------------------------------!
time		0.000000
wall time	2.182631
*******************************
dgemm_time	180.792755
conv_transfer_time	0.000000
conv_calculate_time	6215.580078
elastic_calculate_time	6215.638672
Allen_Cahn_nonlinear_time	6402.844238
Cahn_Hilliard_nonlinear_time	0.011840
trans_time	60.477524
trans_Memcpy_time	27.303230
trans_MPI_time	24.391132
trans_pack_time	0.559028
trans_enlarge_time	0.775667
trans_mu_time	0.513432
trans_unpack_time	6.475855
updateU_new_time	5.224203
runtime	6.657198
--------------------------------------------------!
***************dt=2.000000***************
***************flag=0***************
--------------------------------------------------!
time		0.000000
wall time	12.507748
*******************************
dgemm_time	180.839188
conv_transfer_time	0.000000
conv_calculate_time	6209.289551
elastic_calculate_time	6209.331055
Allen_Cahn_nonlinear_time	6399.570312
Cahn_Hilliard_nonlinear_time	0.011840
trans_time	59.489742
trans_Memcpy_time	27.246750
trans_MPI_time	23.494514
trans_pack_time	0.551828
trans_enlarge_time	0.797585
trans_mu_time	0.507033
trans_unpack_time	6.370418
updateU_new_time	5.225965
runtime	6.654666
--------------------------------------------------!
***************dt=2.000000***************
***************flag=0***************
--------------------------------------------------!
time		0.000000
wall time	19.191595
*******************************
dgemm_time	180.788239
conv_transfer_time	0.000000
conv_calculate_time	6215.261230
elastic_calculate_time	6215.299805
Allen_Cahn_nonlinear_time	6402.606934
Cahn_Hilliard_nonlinear_time	0.011840
trans_time	59.542072
trans_Memcpy_time	27.214119
trans_MPI_time	23.644278
trans_pack_time	0.557908
trans_enlarge_time	0.788146
trans_mu_time	0.503033
trans_unpack_time	6.376659
updateU_new_time	5.230767
runtime	6.655782
--------------------------------------------------!
***************dt=2.000000***************
***************flag=0***************
--------------------------------------------------!
time		0.000000
wall time	25.872897
*******************************
dgemm_time	180.787003
conv_transfer_time	0.000000
conv_calculate_time	6216.820801
elastic_calculate_time	6216.874512
Allen_Cahn_nonlinear_time	6400.597656
Cahn_Hilliard_nonlinear_time	0.011680
trans_time	59.870331
trans_Memcpy_time	27.177170
trans_MPI_time	24.003799
trans_pack_time	0.557109
trans_enlarge_time	0.795987
trans_mu_time	0.511833
trans_unpack_time	6.366262
updateU_new_time	5.224529
runtime	6.654262
--------------------------------------------------!
***************dt=2.000000***************
***************flag=0***************
--------------------------------------------------!
time		0.000000
wall time	32.555241
*******************************
dgemm_time	180.803528
conv_transfer_time	0.000000
conv_calculate_time	6211.466797
elastic_calculate_time	6211.511719
Allen_Cahn_nonlinear_time	6413.265625
Cahn_Hilliard_nonlinear_time	0.011680
trans_time	59.670094
trans_Memcpy_time	27.200216
trans_MPI_time	23.812130
trans_pack_time	0.550549
trans_enlarge_time	0.787987
trans_mu_time	0.501114
trans_unpack_time	6.360504
updateU_new_time	5.226930
runtime	6.665285
--------------------------------------------------!
***************dt=2.000000***************
***************flag=0***************
--------------------------------------------------!
time		0.000000
wall time	39.236148
*******************************
dgemm_time	180.760376
conv_transfer_time	0.000000
conv_calculate_time	6214.240234
elastic_calculate_time	6214.281738
Allen_Cahn_nonlinear_time	6401.060547
Cahn_Hilliard_nonlinear_time	0.012480
trans_time	59.731197
trans_Memcpy_time	27.218145
trans_MPI_time	23.773899
trans_pack_time	0.559829
trans_enlarge_time	0.772307
trans_mu_time	0.504314
trans_unpack_time	6.379065
updateU_new_time	5.227571
runtime	6.654592
--------------------------------------------------!
***************dt=2.000000***************
***************flag=0***************
--------------------------------------------------!
time		0.000000
wall time	45.928046
*******************************
dgemm_time	180.866638
conv_transfer_time	0.000000
conv_calculate_time	6209.403320
elastic_calculate_time	6209.443359
Allen_Cahn_nonlinear_time	6398.839844
Cahn_Hilliard_nonlinear_time	0.012000
trans_time	69.044014
trans_Memcpy_time	27.233669
trans_MPI_time	33.062027
trans_pack_time	0.571669
trans_enlarge_time	0.793267
trans_mu_time	0.500954
trans_unpack_time	6.375867
updateU_new_time	5.226451
runtime	6.661441
--------------------------------------------------!
***************dt=2.000000***************
***************flag=0***************
--------------------------------------------------!
time		0.000000
wall time	52.609291
*******************************
dgemm_time	180.815460
conv_transfer_time	0.000000
conv_calculate_time	6214.856934
elastic_calculate_time	6214.914062
Allen_Cahn_nonlinear_time	6406.357422
Cahn_Hilliard_nonlinear_time	0.012000
trans_time	59.330143
trans_Memcpy_time	27.213995
trans_MPI_time	23.409271
trans_pack_time	0.572469
trans_enlarge_time	0.793267
trans_mu_time	0.502234
trans_unpack_time	6.381787
updateU_new_time	5.225172
runtime	6.658071
--------------------------------------------------!
***************dt=2.000000***************
***************flag=0***************
--------------------------------------------------!
time		0.000000
wall time	59.297300
*******************************
dgemm_time	180.849380
conv_transfer_time	0.000000
conv_calculate_time	6209.886719
elastic_calculate_time	6209.927246
Allen_Cahn_nonlinear_time	6400.882812
Cahn_Hilliard_nonlinear_time	0.012000
trans_time	59.766434
trans_Memcpy_time	27.296719
trans_MPI_time	23.776468
trans_pack_time	0.557269
trans_enlarge_time	0.796947
trans_mu_time	0.501914
trans_unpack_time	6.378428
updateU_new_time	5.226612
runtime	6.654552
--------------------------------------------------!
***************dt=2.000000***************
***************flag=0***************
--------------------------------------------------!
time		0.000000
wall time	65.981980
*******************************
dgemm_time	180.845734
conv_transfer_time	0.000000
conv_calculate_time	6215.524902
elastic_calculate_time	6215.582031
Allen_Cahn_nonlinear_time	6404.368652
Cahn_Hilliard_nonlinear_time	0.011680
trans_time	60.268536
trans_Memcpy_time	27.176720
trans_MPI_time	24.387497
trans_pack_time	0.560309
trans_enlarge_time	0.801587
trans_mu_time	0.508474
trans_unpack_time	6.371709
updateU_new_time	5.228053
runtime	6.656893
--------------------------------------------------!
***************dt=2.000000***************
***************flag=0***************
--------------------------------------------------!
time		0.000000
wall time	72.663134
*******************************
dgemm_time	180.859329
conv_transfer_time	0.000000
conv_calculate_time	6211.392578
elastic_calculate_time	6211.432129
Allen_Cahn_nonlinear_time	6399.965332
Cahn_Hilliard_nonlinear_time	0.011840
trans_time	59.678345
trans_Memcpy_time	27.223282
trans_MPI_time	23.709114
trans_pack_time	0.554229
trans_enlarge_time	0.803987
trans_mu_time	0.506394
trans_unpack_time	6.363710
updateU_new_time	5.226613
runtime	6.653016
--------------------------------------------------!
***************dt=2.000000***************
***************flag=0***************
--------------------------------------------------!
time		0.000000
wall time	79.346657
*******************************
dgemm_time	180.858383
conv_transfer_time	0.000000
conv_calculate_time	6215.813477
elastic_calculate_time	6215.852539
Allen_Cahn_nonlinear_time	6402.826172
Cahn_Hilliard_nonlinear_time	0.011840
trans_time	59.665047
trans_Memcpy_time	27.253525
trans_MPI_time	23.679516
trans_pack_time	0.580309
trans_enlarge_time	0.803027
trans_mu_time	0.506394
trans_unpack_time	6.384189
updateU_new_time	5.225636
runtime	6.657562
--------------------------------------------------!
***************dt=2.000000***************
***************flag=0***************
--------------------------------------------------!
time		0.000000
wall time	86.026266
*******************************
dgemm_time	180.860687
conv_transfer_time	0.000000
conv_calculate_time	6217.312988
elastic_calculate_time	6217.352051
Allen_Cahn_nonlinear_time	6403.274902
Cahn_Hilliard_nonlinear_time	0.012480
trans_time	59.747566
trans_Memcpy_time	27.201002
trans_MPI_time	23.808338
trans_pack_time	0.584004
trans_enlarge_time	0.800643
trans_mu_time	0.508160
trans_unpack_time	6.387728
updateU_new_time	5.225320
runtime	6.660260
--------------------------------------------------!
***************dt=2.000000***************
***************flag=0***************
--------------------------------------------------!
time		0.000000
wall time	92.710463
*******************************
dgemm_time	180.858704
conv_transfer_time	0.000000
conv_calculate_time	6212.855957
elastic_calculate_time	6212.897461
Allen_Cahn_nonlinear_time	6403.098145
Cahn_Hilliard_nonlinear_time	0.012160
trans_time	60.218540
trans_Memcpy_time	27.167292
trans_MPI_time	24.361425
trans_pack_time	0.557461
trans_enlarge_time	0.806750
trans_mu_time	0.511058
trans_unpack_time	6.358967
updateU_new_time	5.226123
runtime	6.656388
--------------------------------------------------!
***************dt=2.000000***************
***************flag=0***************
--------------------------------------------------!
time		0.000000
wall time	99.397315
*******************************
dgemm_time	180.830414
conv_transfer_time	0.000000
conv_calculate_time	6211.630371
elastic_calculate_time	6211.671875
Allen_Cahn_nonlinear_time	6401.770508
Cahn_Hilliard_nonlinear_time	0.012000
trans_time	59.444260
trans_Memcpy_time	27.201054
trans_MPI_time	23.548115
trans_pack_time	0.550581
trans_enlarge_time	0.796829
trans_mu_time	0.510098
trans_unpack_time	6.379287
updateU_new_time	5.227230
runtime	6.659919
--------------------------------------------------!
***************dt=2.000000***************
***************flag=0***************
--------------------------------------------------!
time		0.000000
wall time	106.080279
*******************************
dgemm_time	180.814819
conv_transfer_time	0.000000
conv_calculate_time	6213.692383
elastic_calculate_time	6213.732422
Allen_Cahn_nonlinear_time	6404.125488
Cahn_Hilliard_nonlinear_time	0.011680
trans_time	60.199680
trans_Memcpy_time	27.183067
trans_MPI_time	24.266323
trans_pack_time	0.556179
trans_enlarge_time	0.799706
trans_mu_time	0.506418
trans_unpack_time	6.372551
updateU_new_time	5.226258
runtime	6.657213
--------------------------------------------------!
***************dt=2.000000***************
***************flag=0***************
--------------------------------------------------!
time		0.000000
wall time	112.766817
*******************************
dgemm_time	180.807098
conv_transfer_time	0.000000
conv_calculate_time	6216.142090
elastic_calculate_time	6216.183105
Allen_Cahn_nonlinear_time	6402.587402
Cahn_Hilliard_nonlinear_time	0.012000
trans_time	59.924595
trans_Memcpy_time	27.200447
trans_MPI_time	24.001617
trans_pack_time	0.579220
trans_enlarge_time	0.788985
trans_mu_time	0.505613
trans_unpack_time	6.390458
updateU_new_time	5.224808
runtime	6.656534
--------------------------------------------------!
***************dt=2.000000***************
***************flag=0***************
--------------------------------------------------!
time		0.000000
wall time	119.450601
*******************************
dgemm_time	180.836380
conv_transfer_time	0.000000
conv_calculate_time	6216.312988
elastic_calculate_time	6216.352539
Allen_Cahn_nonlinear_time	6402.996582
Cahn_Hilliard_nonlinear_time	0.011840
trans_time	59.370819
trans_Memcpy_time	27.239117
trans_MPI_time	23.419952
trans_pack_time	0.590418
trans_enlarge_time	0.778744
trans_mu_time	0.512653
trans_unpack_time	6.373645
updateU_new_time	5.223998
runtime	6.655668
--------------------------------------------------!
***************dt=2.000000***************
***************flag=0***************
--------------------------------------------------!
time		0.000000
wall time	126.133671
*******************************
dgemm_time	180.837845
conv_transfer_time	0.000000
conv_calculate_time	6214.633301
elastic_calculate_time	6214.690918
Allen_Cahn_nonlinear_time	6400.916504
Cahn_Hilliard_nonlinear_time	0.011680
trans_time	60.061825
trans_Memcpy_time	27.214905
trans_MPI_time	24.160574
trans_pack_time	0.550576
trans_enlarge_time	0.805622
trans_mu_time	0.503052
trans_unpack_time	6.368193
updateU_new_time	5.224150
runtime	6.654786
--------------------------------------------------!
***************dt=2.000000***************
***************flag=0***************
--------------------------------------------------!
time		0.000000
wall time	132.815955
*******************************
dgemm_time	180.839020
conv_transfer_time	0.000000
conv_calculate_time	6209.430664
elastic_calculate_time	6209.472168
Allen_Cahn_nonlinear_time	6397.289551
Cahn_Hilliard_nonlinear_time	0.011680
trans_time	62.572468
trans_Memcpy_time	27.266062
trans_MPI_time	26.557882
trans_pack_time	0.557455
trans_enlarge_time	0.791699
trans_mu_time	0.505772
trans_unpack_time	6.374583
updateU_new_time	5.225742
runtime	6.652919
--------------------------------------------------!
***************dt=2.000000***************
***************flag=0***************
--------------------------------------------------!
time		0.000000
wall time	139.497447
*******************************
dgemm_time	180.817001
conv_transfer_time	0.000000
conv_calculate_time	6213.922852
elastic_calculate_time	6213.961426
Allen_Cahn_nonlinear_time	6401.796875
Cahn_Hilliard_nonlinear_time	0.011840
trans_time	60.070950
trans_Memcpy_time	27.239780
trans_MPI_time	24.135218
trans_pack_time	0.554895
trans_enlarge_time	0.796179
trans_mu_time	0.510412
trans_unpack_time	6.372493
updateU_new_time	5.225095
runtime	6.655699
--------------------------------------------------!
***************dt=2.000000***************
***************flag=0***************
--------------------------------------------------!
time		0.000000
wall time	146.177051
*******************************
dgemm_time	180.862244
conv_transfer_time	0.000000
conv_calculate_time	6216.108887
elastic_calculate_time	6216.149414
Allen_Cahn_nonlinear_time	6402.510254
Cahn_Hilliard_nonlinear_time	0.011680
trans_time	60.208305
trans_Memcpy_time	27.199421
trans_MPI_time	24.309107
trans_pack_time	0.567534
trans_enlarge_time	0.793778
trans_mu_time	0.501932
trans_unpack_time	6.379844
updateU_new_time	5.224925
runtime	6.657364
--------------------------------------------------!
***************dt=2.000000***************
***************flag=0***************
--------------------------------------------------!
time		0.000000
wall time	152.859319
*******************************
dgemm_time	180.802399
conv_transfer_time	0.000000
conv_calculate_time	6214.456543
elastic_calculate_time	6214.496094
Allen_Cahn_nonlinear_time	6402.701660
Cahn_Hilliard_nonlinear_time	0.012000
trans_time	58.681511
trans_Memcpy_time	27.305290
trans_MPI_time	22.658461
trans_pack_time	0.576813
trans_enlarge_time	0.800177
trans_mu_time	0.502892
trans_unpack_time	6.379032
updateU_new_time	5.226675
runtime	6.654925
--------------------------------------------------!
***************dt=2.000000***************
***************flag=0***************
--------------------------------------------------!
time		0.000000
wall time	159.544307
*******************************
dgemm_time	180.866425
conv_transfer_time	0.000000
conv_calculate_time	6209.896484
elastic_calculate_time	6209.938965
Allen_Cahn_nonlinear_time	6401.668945
Cahn_Hilliard_nonlinear_time	0.012000
trans_time	64.272514
trans_Memcpy_time	27.277882
trans_MPI_time	28.289904
trans_pack_time	0.557612
trans_enlarge_time	0.796814
trans_mu_time	0.513288
trans_unpack_time	6.374541
updateU_new_time	5.222987
runtime	6.661056
--------------------------------------------------!
***************dt=2.000000***************
***************flag=0***************
--------------------------------------------------!
time		0.000000
wall time	166.225806
*******************************
dgemm_time	180.855438
conv_transfer_time	0.000000
conv_calculate_time	6215.232422
elastic_calculate_time	6215.270996
Allen_Cahn_nonlinear_time	6403.351074
Cahn_Hilliard_nonlinear_time	0.012160
trans_time	59.073620
trans_Memcpy_time	27.225836
trans_MPI_time	23.090874
trans_pack_time	0.556651
trans_enlarge_time	0.798893
trans_mu_time	0.504646
trans_unpack_time	6.374690
updateU_new_time	5.237539
runtime	6.656018
--------------------------------------------------!
***************dt=2.000000***************
***************flag=0***************
--------------------------------------------------!
time		0.000000
wall time	172.913489
*******************************
dgemm_time	180.834061
conv_transfer_time	0.000000
conv_calculate_time	6215.694336
elastic_calculate_time	6215.733398
Allen_Cahn_nonlinear_time	6403.096680
Cahn_Hilliard_nonlinear_time	0.011680
trans_time	59.245914
trans_Memcpy_time	27.399076
trans_MPI_time	23.145557
trans_pack_time	0.558570
trans_enlarge_time	0.798572
trans_mu_time	0.512486
trans_unpack_time	6.372600
updateU_new_time	5.227291
runtime	6.655274
--------------------------------------------------!
***************dt=2.000000***************
***************flag=0***************
--------------------------------------------------!
time		0.000000
wall time	179.596428
*******************************
dgemm_time	180.813980
conv_transfer_time	0.000000
conv_calculate_time	6215.725098
elastic_calculate_time	6215.765625
Allen_Cahn_nonlinear_time	6402.978027
Cahn_Hilliard_nonlinear_time	0.011680
trans_time	59.489124
trans_Memcpy_time	27.212955
trans_MPI_time	23.598013
trans_pack_time	0.556809
trans_enlarge_time	0.792652
trans_mu_time	0.502726
trans_unpack_time	6.370991
updateU_new_time	5.225045
runtime	6.655923
--------------------------------------------------!
***************dt=2.000000***************
***************flag=0***************
--------------------------------------------------!
time		0.000000
wall time	186.278295
*******************************
dgemm_time	180.843842
conv_transfer_time	0.000000
conv_calculate_time	6216.238281
elastic_calculate_time	6216.281250
Allen_Cahn_nonlinear_time	6402.723633
Cahn_Hilliard_nonlinear_time	0.011680
trans_time	59.484776
trans_Memcpy_time	27.265400
trans_MPI_time	23.553501
trans_pack_time	0.557928
trans_enlarge_time	0.787212
trans_mu_time	0.505126
trans_unpack_time	6.357543
updateU_new_time	5.225998
runtime	6.654251
--------------------------------------------------!
***************dt=2.000000***************
***************flag=0***************
--------------------------------------------------!
time		0.000000
wall time	192.960791
*******************************
dgemm_time	180.844757
conv_transfer_time	0.000000
conv_calculate_time	6213.217773
elastic_calculate_time	6213.256348
Allen_Cahn_nonlinear_time	6398.752930
Cahn_Hilliard_nonlinear_time	0.012160
trans_time	61.501842
trans_Memcpy_time	27.196247
trans_MPI_time	25.581343
trans_pack_time	0.558248
trans_enlarge_time	0.787528
trans_mu_time	0.515366
trans_unpack_time	6.359295
updateU_new_time	5.223432
runtime	6.653208
--------------------------------------------------!
***************dt=2.000000***************
***************flag=0***************
--------------------------------------------------!
time		0.000000
wall time	199.641656
*******************************
dgemm_time	180.767426
conv_transfer_time	0.000000
conv_calculate_time	6216.412598
elastic_calculate_time	6216.451660
Allen_Cahn_nonlinear_time	6404.241699
Cahn_Hilliard_nonlinear_time	0.011680
trans_time	60.237251
trans_Memcpy_time	27.175896
trans_MPI_time	24.375376
trans_pack_time	0.556167
trans_enlarge_time	0.788807
trans_mu_time	0.506726
trans_unpack_time	6.375448
updateU_new_time	5.244867
runtime	6.657448
--------------------------------------------------!
***************dt=2.000000***************
***************flag=0***************
--------------------------------------------------!
time		0.000000
wall time	206.321433
*******************************
dgemm_time	180.835724
conv_transfer_time	0.000000
conv_calculate_time	6218.590332
elastic_calculate_time	6218.630859
Allen_Cahn_nonlinear_time	6403.409180
Cahn_Hilliard_nonlinear_time	0.012000
trans_time	59.038494
trans_Memcpy_time	27.178104
trans_MPI_time	23.159336
trans_pack_time	0.558246
trans_enlarge_time	0.803206
trans_mu_time	0.505606
trans_unpack_time	6.369841
updateU_new_time	5.225021
runtime	6.656155
--------------------------------------------------!
***************dt=2.000000***************
***************flag=0***************
--------------------------------------------------!
time		0.000000
wall time	213.005514
*******************************
dgemm_time	180.798767
conv_transfer_time	0.000000
conv_calculate_time	6214.590820
elastic_calculate_time	6214.631836
Allen_Cahn_nonlinear_time	6404.573242
Cahn_Hilliard_nonlinear_time	0.011840
trans_time	59.504101
trans_Memcpy_time	27.191196
trans_MPI_time	23.646839
trans_pack_time	0.556006
trans_enlarge_time	0.784486
trans_mu_time	0.503365
trans_unpack_time	6.362954
updateU_new_time	5.225016
runtime	6.656853
--------------------------------------------------!
***************dt=2.000000***************
***************flag=0***************
--------------------------------------------------!
time		0.000000
wall time	219.688259
*******************************
dgemm_time	180.887253
conv_transfer_time	0.000000
conv_calculate_time	6214.461426
elastic_calculate_time	6214.499512
Allen_Cahn_nonlinear_time	6401.056641
Cahn_Hilliard_nonlinear_time	0.012480
trans_time	60.008739
trans_Memcpy_time	27.158215
trans_MPI_time	24.171141
trans_pack_time	0.558725
trans_enlarge_time	0.800326
trans_mu_time	0.509601
trans_unpack_time	6.352549
updateU_new_time	5.225492
runtime	6.653906
--------------------------------------------------!
***************dt=2.000000***************
***************flag=0***************
--------------------------------------------------!
time		0.000000
wall time	226.371697
*******************************
dgemm_time	180.800232
conv_transfer_time	0.000000
conv_calculate_time	6212.019531
elastic_calculate_time	6212.058594
Allen_Cahn_nonlinear_time	6399.977539
Cahn_Hilliard_nonlinear_time	0.011840
trans_time	59.447964
trans_Memcpy_time	27.180590
trans_MPI_time	23.586475
trans_pack_time	0.560965
trans_enlarge_time	0.799846
trans_mu_time	0.504960
trans_unpack_time	6.356863
updateU_new_time	5.226928
runtime	6.652696
--------------------------------------------------!
***************dt=2.000000***************
***************flag=0***************
--------------------------------------------------!
time		0.000000
wall time	233.052168
*******************************
dgemm_time	180.813370
conv_transfer_time	0.000000
conv_calculate_time	6212.646484
elastic_calculate_time	6212.686035
Allen_Cahn_nonlinear_time	6402.043945
Cahn_Hilliard_nonlinear_time	0.011840
trans_time	59.504368
trans_Memcpy_time	27.240730
trans_MPI_time	23.567575
trans_pack_time	0.562884
trans_enlarge_time	0.794086
trans_mu_time	0.510080
trans_unpack_time	6.371898
updateU_new_time	5.242124
runtime	6.653787
--------------------------------------------------!
***************dt=2.000000***************
***************flag=0***************
--------------------------------------------------!
time		0.000000
wall time	239.731537
*******************************
dgemm_time	180.840454
conv_transfer_time	0.000000
conv_calculate_time	6214.057617
elastic_calculate_time	6214.096191
Allen_Cahn_nonlinear_time	6401.068359
Cahn_Hilliard_nonlinear_time	0.012000
trans_time	61.677902
trans_Memcpy_time	27.227264
trans_MPI_time	25.753176
trans_pack_time	0.569604
trans_enlarge_time	0.791366
trans_mu_time	0.503520
trans_unpack_time	6.375573
updateU_new_time	5.225960
runtime	6.655828
--------------------------------------------------!
***************dt=2.000000***************
***************flag=0***************
--------------------------------------------------!
time		0.000000
wall time	246.411984
*******************************
dgemm_time	180.886078
conv_transfer_time	0.000000
conv_calculate_time	6212.900879
elastic_calculate_time	6212.966309
Allen_Cahn_nonlinear_time	6399.713379
Cahn_Hilliard_nonlinear_time	0.011840
trans_time	59.506413
trans_Memcpy_time	27.497971
trans_MPI_time	23.333778
trans_pack_time	0.558884
trans_enlarge_time	0.792485
trans_mu_time	0.504640
trans_unpack_time	6.359249
updateU_new_time	5.224037
runtime	6.654018
--------------------------------------------------!
***************dt=2.000000***************
***************flag=0***************
--------------------------------------------------!
time		0.000000
wall time	253.094873
*******************************
dgemm_time	180.904510
conv_transfer_time	0.000000
conv_calculate_time	6216.018066
elastic_calculate_time	6216.058105
Allen_Cahn_nonlinear_time	6402.333008
Cahn_Hilliard_nonlinear_time	0.011680
trans_time	59.362309
trans_Memcpy_time	27.181629
trans_MPI_time	23.465282
trans_pack_time	0.561763
trans_enlarge_time	0.774081
trans_mu_time	0.508320
trans_unpack_time	6.359724
updateU_new_time	5.227233
runtime	6.654188
--------------------------------------------------!
***************dt=2.000000***************
***************flag=0***************
--------------------------------------------------!
time		0.000000
wall time	259.775431
*******************************
dgemm_time	180.853851
conv_transfer_time	0.000000
conv_calculate_time	6216.296387
elastic_calculate_time	6216.339355
Allen_Cahn_nonlinear_time	6402.348633
Cahn_Hilliard_nonlinear_time	0.011680
trans_time	59.963753
trans_Memcpy_time	27.193769
trans_MPI_time	24.084154
trans_pack_time	0.553282
trans_enlarge_time	0.818720
trans_mu_time	0.501760
trans_unpack_time	6.358120
updateU_new_time	5.225150
runtime	6.655679
--------------------------------------------------!
***************dt=2.000000***************
***************flag=0***************
--------------------------------------------------!
time		0.000000
wall time	266.456158
*******************************
dgemm_time	180.864380
conv_transfer_time	0.000000
conv_calculate_time	6212.165527
elastic_calculate_time	6212.204102
Allen_Cahn_nonlinear_time	6401.890625
Cahn_Hilliard_nonlinear_time	0.012160
trans_time	59.343582
trans_Memcpy_time	27.202076
trans_MPI_time	23.426693
trans_pack_time	0.551202
trans_enlarge_time	0.800160
trans_mu_time	0.508480
trans_unpack_time	6.394437
updateU_new_time	5.234955
runtime	6.656976
--------------------------------------------------!
***************dt=2.000000***************
***************flag=0***************
--------------------------------------------------!
time		0.000000
wall time	273.138370
*******************************
dgemm_time	180.826141
conv_transfer_time	0.000000
conv_calculate_time	6208.380371
elastic_calculate_time	6208.419434
Allen_Cahn_nonlinear_time	6398.176270
Cahn_Hilliard_nonlinear_time	0.011680
trans_time	59.499084
trans_Memcpy_time	27.189354
trans_MPI_time	23.591225
trans_pack_time	0.584487
trans_enlarge_time	0.799048
trans_mu_time	0.500166
trans_unpack_time	6.374493
updateU_new_time	5.226842
runtime	6.653685
--------------------------------------------------!
***************dt=2.000000***************
***************flag=0***************
--------------------------------------------------!
time		0.000000
wall time	279.821889
*******************************
dgemm_time	180.890137
conv_transfer_time	0.000000
conv_calculate_time	6213.722656
elastic_calculate_time	6213.764648
Allen_Cahn_nonlinear_time	6401.589844
Cahn_Hilliard_nonlinear_time	0.011840
trans_time	61.040035
trans_Memcpy_time	27.189274
trans_MPI_time	25.143145
trans_pack_time	0.557612
trans_enlarge_time	0.801937
trans_mu_time	0.502728
trans_unpack_time	6.386869
updateU_new_time	5.226677
runtime	6.656752
--------------------------------------------------!
***************dt=2.000000***************
***************flag=0***************
--------------------------------------------------!
time		0.000000
wall time	286.502106
*******************************
dgemm_time	180.851074
conv_transfer_time	0.000000
conv_calculate_time	6211.648438
elastic_calculate_time	6211.687988
Allen_Cahn_nonlinear_time	6399.672852
Cahn_Hilliard_nonlinear_time	0.012320
trans_time	59.963753
trans_Memcpy_time	27.181246
trans_MPI_time	24.020538
trans_pack_time	0.561932
trans_enlarge_time	0.803375
trans_mu_time	0.512008
trans_unpack_time	6.369102
updateU_new_time	5.229872
runtime	6.656308
--------------------------------------------------!
***************dt=2.000000***************
***************flag=0***************
--------------------------------------------------!
time		0.000000
wall time	293.185444
*******************************
dgemm_time	180.798767
conv_transfer_time	0.000000
conv_calculate_time	6210.177734
elastic_calculate_time	6210.216797
Allen_Cahn_nonlinear_time	6400.577637
Cahn_Hilliard_nonlinear_time	0.011680
trans_time	60.625511
trans_Memcpy_time	27.186022
trans_MPI_time	24.729809
trans_pack_time	0.561611
trans_enlarge_time	0.822095
trans_mu_time	0.505287
trans_unpack_time	6.363016
updateU_new_time	5.225387
runtime	6.654056
--------------------------------------------------!
***************dt=2.000000***************
***************flag=0***************
--------------------------------------------------!
time		0.000000
wall time	299.868431
*******************************
dgemm_time	180.801331
conv_transfer_time	0.000000
conv_calculate_time	6214.882324
elastic_calculate_time	6214.921875
Allen_Cahn_nonlinear_time	6401.925293
Cahn_Hilliard_nonlinear_time	0.011680
trans_time	60.055927
trans_Memcpy_time	27.171597
trans_MPI_time	24.194258
trans_pack_time	0.560651
trans_enlarge_time	0.800813
trans_mu_time	0.502246
trans_unpack_time	6.365411
updateU_new_time	5.230503
runtime	6.656246
--------------------------------------------------!
***************dt=2.000000***************
***************flag=0***************
--------------------------------------------------!
time		0.000000
wall time	306.549147
*******************************
dgemm_time	180.818146
conv_transfer_time	0.000000
conv_calculate_time	6204.905273
elastic_calculate_time	6204.961426
Allen_Cahn_nonlinear_time	6400.927246
Cahn_Hilliard_nonlinear_time	0.012000
trans_time	61.762283
trans_Memcpy_time	27.191734
trans_MPI_time	25.844669
trans_pack_time	0.588651
trans_enlarge_time	0.790732
trans_mu_time	0.505446
trans_unpack_time	6.379806
updateU_new_time	5.230339
runtime	6.660354
--------------------------------------------------!
***************dt=2.000000***************
***************flag=0***************
--------------------------------------------------!
time		0.000000
wall time	313.231951
*******************************
dgemm_time	180.834808
conv_transfer_time	0.000000
conv_calculate_time	6214.731934
elastic_calculate_time	6214.770996
Allen_Cahn_nonlinear_time	6403.845215
Cahn_Hilliard_nonlinear_time	0.012000
trans_time	59.649551
trans_Memcpy_time	27.448999
trans_MPI_time	23.451805
trans_pack_time	0.552810
trans_enlarge_time	0.782732
trans_mu_time	0.503846
trans_unpack_time	6.394041
updateU_new_time	5.227615
runtime	6.657168
--------------------------------------------------!
***************dt=2.000000***************
***************flag=0***************
--------------------------------------------------!
time		0.000000
wall time	319.919125
*******************************
dgemm_time	180.860443
conv_transfer_time	0.000000
conv_calculate_time	6208.646484
elastic_calculate_time	6208.687012
Allen_Cahn_nonlinear_time	6400.693359
Cahn_Hilliard_nonlinear_time	0.011840
trans_time	59.552814
trans_Memcpy_time	27.467058
trans_MPI_time	23.397064
trans_pack_time	0.561770
trans_enlarge_time	0.790892
trans_mu_time	0.508966
trans_unpack_time	6.369236
updateU_new_time	5.225691
runtime	6.652837
--------------------------------------------------!
***************dt=2.000000***************
***************flag=0***************
--------------------------------------------------!
time		0.000000
wall time	326.603036
*******************************
dgemm_time	180.843201
conv_transfer_time	0.000000
conv_calculate_time	6216.354004
elastic_calculate_time	6216.392578
Allen_Cahn_nonlinear_time	6403.622070
Cahn_Hilliard_nonlinear_time	0.012000
trans_time	61.158669
trans_Memcpy_time	27.472797
trans_MPI_time	24.997875
trans_pack_time	0.559209
trans_enlarge_time	0.796332
trans_mu_time	0.522246
trans_unpack_time	6.354351
updateU_new_time	5.226487
runtime	6.657778
--------------------------------------------------!
***************dt=2.000000***************
***************flag=0***************
--------------------------------------------------!
time		0.000000
wall time	333.282635
*******************************
dgemm_time	180.812668
conv_transfer_time	0.000000
conv_calculate_time	6219.227539
elastic_calculate_time	6219.265625
Allen_Cahn_nonlinear_time	6406.667480
Cahn_Hilliard_nonlinear_time	0.012000
trans_time	59.628712
trans_Memcpy_time	27.441578
trans_MPI_time	23.522152
trans_pack_time	0.552488
trans_enlarge_time	0.778732
trans_mu_time	0.505126
trans_unpack_time	6.371306
updateU_new_time	5.239124
runtime	6.662515
--------------------------------------------------!
***************dt=2.000000***************
***************flag=0***************
--------------------------------------------------!
time		0.000000
wall time	339.967157
*******************************
dgemm_time	180.930786
conv_transfer_time	0.000000
conv_calculate_time	6217.059082
elastic_calculate_time	6217.096680
Allen_Cahn_nonlinear_time	6404.379883
Cahn_Hilliard_nonlinear_time	0.011840
trans_time	59.969944
trans_Memcpy_time	27.678844
trans_MPI_time	23.597977
trans_pack_time	0.566728
trans_enlarge_time	0.782572
trans_mu_time	0.505446
trans_unpack_time	6.386502
updateU_new_time	5.227600
runtime	6.658512
--------------------------------------------------!
***************dt=2.000000***************
***************flag=0***************
--------------------------------------------------!
time		0.000000
wall time	346.629728
*******************************
dgemm_time	180.847626
conv_transfer_time	0.000000
conv_calculate_time	6216.803711
elastic_calculate_time	6216.843262
Allen_Cahn_nonlinear_time	6403.516602
Cahn_Hilliard_nonlinear_time	0.012320
trans_time	59.804512
trans_Memcpy_time	27.666824
trans_MPI_time	23.443562
trans_pack_time	0.558568
trans_enlarge_time	0.770888
trans_mu_time	0.514246
trans_unpack_time	6.396258
updateU_new_time	5.226477
runtime	6.656635
--------------------------------------------------!
***************dt=2.000000***************
***************flag=0***************
--------------------------------------------------!
time		0.000000
wall time	353.288294
*******************************
dgemm_time	180.848160
conv_transfer_time	0.000000
conv_calculate_time	6214.013184
elastic_calculate_time	6214.052246
Allen_Cahn_nonlinear_time	6406.965820
Cahn_Hilliard_nonlinear_time	0.012000
trans_time	61.147415
trans_Memcpy_time	27.632248
trans_MPI_time	24.830126
trans_pack_time	0.552327
trans_enlarge_time	0.802730
trans_mu_time	0.505606
trans_unpack_time	6.372094
updateU_new_time	5.225514
runtime	6.659914
--------------------------------------------------!
***************dt=2.000000***************
***************flag=0***************
--------------------------------------------------!
time		0.000000
wall time	359.944983
*******************************
dgemm_time	180.855591
conv_transfer_time	0.000000
conv_calculate_time	6216.432129
elastic_calculate_time	6216.470703
Allen_Cahn_nonlinear_time	6403.017578
Cahn_Hilliard_nonlinear_time	0.012480
trans_time	59.834328
trans_Memcpy_time	27.681030
trans_MPI_time	23.482252
trans_pack_time	0.554247
trans_enlarge_time	0.782887
trans_mu_time	0.520166
trans_unpack_time	6.361050
updateU_new_time	5.225991
runtime	6.656212
--------------------------------------------------!
***************dt=2.000000***************
***************flag=0***************
--------------------------------------------------!
time		0.000000
wall time	366.604951
*******************************
dgemm_time	180.895157
conv_transfer_time	0.000000
conv_calculate_time	6214.812500
elastic_calculate_time	6214.877441
Allen_Cahn_nonlinear_time	6405.915527
Cahn_Hilliard_nonlinear_time	0.011680
trans_time	59.879814
trans_Memcpy_time	27.683094
trans_MPI_time	23.540798
trans_pack_time	0.552326
trans_enlarge_time	0.784646
trans_mu_time	0.507846
trans_unpack_time	6.358326
updateU_new_time	5.238308
runtime	6.661748
--------------------------------------------------!
***************dt=2.000000***************
***************flag=0***************
--------------------------------------------------!
time		0.000000
wall time	373.261241
*******************************
dgemm_time	180.848969
conv_transfer_time	0.000000
conv_calculate_time	6209.645996
elastic_calculate_time	6209.687012
Allen_Cahn_nonlinear_time	6402.738281
Cahn_Hilliard_nonlinear_time	0.012160
trans_time	60.628670
trans_Memcpy_time	27.643238
trans_MPI_time	24.239834
trans_pack_time	0.556486
trans_enlarge_time	0.794726
trans_mu_time	0.506086
trans_unpack_time	6.380403
updateU_new_time	5.225505
runtime	6.655833
--------------------------------------------------!
***************dt=2.000000***************
***************flag=0***************
--------------------------------------------------!
time		0.000000
wall time	379.923044
*******************************
dgemm_time	180.843445
conv_transfer_time	0.000000
conv_calculate_time	6216.620117
elastic_calculate_time	6216.659668
Allen_Cahn_nonlinear_time	6403.154785
Cahn_Hilliard_nonlinear_time	0.011840
trans_time	59.407612
trans_Memcpy_time	27.686583
trans_MPI_time	23.028927
trans_pack_time	0.559846
trans_enlarge_time	0.787366
trans_mu_time	0.512006
trans_unpack_time	6.381679
updateU_new_time	5.225502
runtime	6.655565
--------------------------------------------------!
***************dt=2.000000***************
***************flag=0***************
--------------------------------------------------!
time		0.000000
wall time	386.578935
*******************************
dgemm_time	180.823669
conv_transfer_time	0.000000
conv_calculate_time	6217.633789
elastic_calculate_time	6217.673340
Allen_Cahn_nonlinear_time	6406.414062
Cahn_Hilliard_nonlinear_time	0.012960
trans_time	59.550613
trans_Memcpy_time	27.655209
trans_MPI_time	23.213717
trans_pack_time	0.556806
trans_enlarge_time	0.807206
trans_mu_time	0.502566
trans_unpack_time	6.360716
updateU_new_time	5.224859
runtime	6.658374
--------------------------------------------------!
***************dt=2.000000***************
***************flag=0***************
--------------------------------------------------!
time		0.000000
wall time	393.234554
*******************************
dgemm_time	180.850784
conv_transfer_time	0.000000
conv_calculate_time	6216.680176
elastic_calculate_time	6216.721680
Allen_Cahn_nonlinear_time	6409.299316
Cahn_Hilliard_nonlinear_time	0.012320
trans_time	59.566681
trans_Memcpy_time	27.660793
trans_MPI_time	23.236744
trans_pack_time	0.554086
trans_enlarge_time	0.786886
trans_mu_time	0.505121
trans_unpack_time	6.368392
updateU_new_time	5.232217
runtime	6.664606
--------------------------------------------------!
***************dt=2.000000***************
***************flag=0***************
--------------------------------------------------!
time		0.000000
wall time	399.892994
*******************************
dgemm_time	180.851654
conv_transfer_time	0.000000
conv_calculate_time	6216.495117
elastic_calculate_time	6216.536133
Allen_Cahn_nonlinear_time	6408.811035
Cahn_Hilliard_nonlinear_time	0.012320
trans_time	59.491711
trans_Memcpy_time	27.719982
trans_MPI_time	23.102970
trans_pack_time	0.554245
trans_enlarge_time	0.794406
trans_mu_time	0.510722
trans_unpack_time	6.355589
updateU_new_time	5.230454
runtime	6.659948
--------------------------------------------------!
***************dt=2.000000***************
***************flag=0***************
--------------------------------------------------!
time		0.000000
wall time	406.557654
*******************************
dgemm_time	180.795898
conv_transfer_time	0.000000
conv_calculate_time	6213.207031
elastic_calculate_time	6213.247070
Allen_Cahn_nonlinear_time	6403.901367
Cahn_Hilliard_nonlinear_time	0.011840
trans_time	59.821777
trans_Memcpy_time	27.658363
trans_MPI_time	23.476725
trans_pack_time	0.558085
trans_enlarge_time	0.782086
trans_mu_time	0.504000
trans_unpack_time	6.389506
updateU_new_time	5.228532
runtime	6.659074
--------------------------------------------------!
***************dt=2.000000***************
***************flag=0***************
--------------------------------------------------!
time		0.000000
wall time	413.217655
*******************************
dgemm_time	180.840134
conv_transfer_time	0.000000
conv_calculate_time	6214.038574
elastic_calculate_time	6214.076660
Allen_Cahn_nonlinear_time	6406.887207
Cahn_Hilliard_nonlinear_time	0.011680
trans_time	59.259293
trans_Memcpy_time	27.742836
trans_MPI_time	22.814466
trans_pack_time	0.558725
trans_enlarge_time	0.796486
trans_mu_time	0.505120
trans_unpack_time	6.387584
updateU_new_time	5.225810
runtime	6.659624
--------------------------------------------------!
***************dt=2.000000***************
***************flag=0***************
--------------------------------------------------!
time		0.000000
wall time	419.876786
*******************************
dgemm_time	180.843414
conv_transfer_time	0.000000
conv_calculate_time	6217.396484
elastic_calculate_time	6217.440430
Allen_Cahn_nonlinear_time	6407.285645
Cahn_Hilliard_nonlinear_time	0.011840
trans_time	59.624344
trans_Memcpy_time	27.674822
trans_MPI_time	23.266943
trans_pack_time	0.559044
trans_enlarge_time	0.792006
trans_mu_time	0.513120
trans_unpack_time	6.360861
updateU_new_time	5.225487
runtime	6.660909
--------------------------------------------------!
***************dt=2.000000***************
***************flag=0***************
--------------------------------------------------!
time		0.000000
wall time	426.536464
*******************************
dgemm_time	180.854553
conv_transfer_time	0.000000
conv_calculate_time	6215.684570
elastic_calculate_time	6215.743164
Allen_Cahn_nonlinear_time	6409.907227
Cahn_Hilliard_nonlinear_time	0.012000
trans_time	64.317200
trans_Memcpy_time	27.698332
trans_MPI_time	27.940735
trans_pack_time	0.553764
trans_enlarge_time	0.801766
trans_mu_time	0.507680
trans_unpack_time	6.354138
updateU_new_time	5.226285
runtime	6.667351
--------------------------------------------------!
***************dt=2.000000***************
***************flag=0***************
--------------------------------------------------!
time		0.000000
wall time	433.197494
*******************************
dgemm_time	180.847748
conv_transfer_time	0.000000
conv_calculate_time	6217.573730
elastic_calculate_time	6217.611328
Allen_Cahn_nonlinear_time	6402.984863
Cahn_Hilliard_nonlinear_time	0.012320
trans_time	59.527592
trans_Memcpy_time	27.707760
trans_MPI_time	23.075720
trans_pack_time	0.555524
trans_enlarge_time	0.786406
trans_mu_time	0.510080
trans_unpack_time	6.376695
updateU_new_time	5.226283
runtime	6.658799
--------------------------------------------------!
***************dt=2.000000***************
***************flag=0***************
--------------------------------------------------!
time		0.000000
wall time	439.864915
*******************************
dgemm_time	180.857452
conv_transfer_time	0.000000
conv_calculate_time	6218.346191
elastic_calculate_time	6218.384277
Allen_Cahn_nonlinear_time	6406.956543
Cahn_Hilliard_nonlinear_time	0.012000
trans_time	59.684757
trans_Memcpy_time	27.695908
trans_MPI_time	23.303875
trans_pack_time	0.550564
trans_enlarge_time	0.801126
trans_mu_time	0.501920
trans_unpack_time	6.378613
updateU_new_time	5.227081
runtime	6.658307
--------------------------------------------------!
***************dt=2.000000***************
***************flag=0***************
--------------------------------------------------!
time		0.000000
wall time	446.523834
*******************************
dgemm_time	180.837540
conv_transfer_time	0.000000
conv_calculate_time	6213.486816
elastic_calculate_time	6213.525879
Allen_Cahn_nonlinear_time	6406.846680
Cahn_Hilliard_nonlinear_time	0.012320
trans_time	59.970638
trans_Memcpy_time	27.663578
trans_MPI_time	23.607386
trans_pack_time	0.558404
trans_enlarge_time	0.788325
trans_mu_time	0.504960
trans_unpack_time	6.394771
updateU_new_time	5.227399
runtime	6.659700
--------------------------------------------------!
***************dt=2.000000***************
***************flag=0***************
--------------------------------------------------!
time		0.000000
wall time	453.182236
*******************************
dgemm_time	180.873047
conv_transfer_time	0.000000
conv_calculate_time	6216.249512
elastic_calculate_time	6216.289551
Allen_Cahn_nonlinear_time	6406.607422
Cahn_Hilliard_nonlinear_time	0.012000
trans_time	60.014137
trans_Memcpy_time	27.657806
trans_MPI_time	23.672180
trans_pack_time	0.557284
trans_enlarge_time	0.785602
trans_mu_time	0.513600
trans_unpack_time	6.370768
updateU_new_time	5.226439
runtime	6.659377
--------------------------------------------------!
***************dt=2.000000***************
***************flag=0***************
--------------------------------------------------!
time		0.000000
wall time	459.841991
*******************************
dgemm_time	180.861633
conv_transfer_time	0.000000
conv_calculate_time	6216.188965
elastic_calculate_time	6216.227539
Allen_Cahn_nonlinear_time	6407.013672
Cahn_Hilliard_nonlinear_time	0.012480
trans_time	60.028336
trans_Memcpy_time	27.648045
trans_MPI_time	23.694901
trans_pack_time	0.551684
trans_enlarge_time	0.805764
trans_mu_time	0.506880
trans_unpack_time	6.367728
updateU_new_time	5.229477
runtime	6.662205
--------------------------------------------------!
***************dt=2.000000***************
***************flag=0***************
--------------------------------------------------!
time		0.000000
wall time	466.501489
*******************************
dgemm_time	180.853897
conv_transfer_time	0.000000
conv_calculate_time	6218.162598
elastic_calculate_time	6218.203613
Allen_Cahn_nonlinear_time	6406.162598
Cahn_Hilliard_nonlinear_time	0.011840
trans_time	59.418961
trans_Memcpy_time	27.648037
trans_MPI_time	23.080324
trans_pack_time	0.556003
trans_enlarge_time	0.798241
trans_mu_time	0.503360
trans_unpack_time	6.377006
updateU_new_time	5.224516
runtime	6.659846
--------------------------------------------------!
***************dt=2.000000***************
***************flag=0***************
--------------------------------------------------!
time		0.000000
wall time	473.163795
*******************************
dgemm_time	180.939117
conv_transfer_time	0.000000
conv_calculate_time	6209.805176
elastic_calculate_time	6209.844727
Allen_Cahn_nonlinear_time	6400.262207
Cahn_Hilliard_nonlinear_time	0.011840
trans_time	60.186916
trans_Memcpy_time	27.923071
trans_MPI_time	23.564163
trans_pack_time	0.571203
trans_enlarge_time	0.781601
trans_mu_time	0.505440
trans_unpack_time	6.379244
updateU_new_time	5.225954
runtime	6.654368
--------------------------------------------------!
***************dt=2.000000***************
***************flag=0***************
--------------------------------------------------!
time		0.000000
wall time	479.823711
*******************************
dgemm_time	180.835068
conv_transfer_time	0.000000
conv_calculate_time	6212.710449
elastic_calculate_time	6212.749023
Allen_Cahn_nonlinear_time	6406.346680
Cahn_Hilliard_nonlinear_time	0.011840
trans_time	59.268745
trans_Memcpy_time	27.655384
trans_MPI_time	22.891190
trans_pack_time	0.571043
trans_enlarge_time	0.799681
trans_mu_time	0.501600
trans_unpack_time	6.396202
updateU_new_time	5.228353
runtime	6.659966
--------------------------------------------------!
***************dt=2.000000***************
***************flag=0***************
--------------------------------------------------!
time		0.000000
wall time	486.478135
*******************************
dgemm_time	180.895508
conv_transfer_time	0.000000
conv_calculate_time	6213.095703
elastic_calculate_time	6213.151367
Allen_Cahn_nonlinear_time	6405.109375
Cahn_Hilliard_nonlinear_time	0.011840
trans_time	60.491215
trans_Memcpy_time	27.782251
trans_MPI_time	24.044952
trans_pack_time	0.557122
trans_enlarge_time	0.788480
trans_mu_time	0.503360
trans_unpack_time	6.358920
updateU_new_time	5.228672
runtime	6.660517
--------------------------------------------------!
***************dt=2.000000***************
***************flag=0***************
--------------------------------------------------!
time		0.000000
wall time	493.138154
*******************************
dgemm_time	180.844421
conv_transfer_time	0.000000
conv_calculate_time	6212.056152
elastic_calculate_time	6212.092773
Allen_Cahn_nonlinear_time	6405.787598
Cahn_Hilliard_nonlinear_time	0.012000
trans_time	59.470123
trans_Memcpy_time	27.761765
trans_MPI_time	23.009739
trans_pack_time	0.556642
trans_enlarge_time	0.804000
trans_mu_time	0.512160
trans_unpack_time	6.373478
updateU_new_time	5.227550
runtime	6.658305
--------------------------------------------------!
***************dt=2.000000***************
***************flag=0***************
--------------------------------------------------!
time		0.000000
wall time	499.798756
*******************************
dgemm_time	180.828217
conv_transfer_time	0.000000
conv_calculate_time	6212.200684
elastic_calculate_time	6212.240234
Allen_Cahn_nonlinear_time	6403.233887
Cahn_Hilliard_nonlinear_time	0.012000
trans_time	59.045036
trans_Memcpy_time	27.696640
trans_MPI_time	22.647652
trans_pack_time	0.561282
trans_enlarge_time	0.796800
trans_mu_time	0.504000
trans_unpack_time	6.383397
updateU_new_time	5.226909
runtime	6.655875
--------------------------------------------------!
***************dt=2.000000***************
***************flag=0***************
--------------------------------------------------!
time		0.000000
wall time	506.457117
*******************************
dgemm_time	180.938095
conv_transfer_time	0.000000
conv_calculate_time	6218.438477
elastic_calculate_time	6218.476074
Allen_Cahn_nonlinear_time	6405.193359
Cahn_Hilliard_nonlinear_time	0.012320
trans_time	59.922264
trans_Memcpy_time	27.715355
trans_MPI_time	23.496609
trans_pack_time	0.577282
trans_enlarge_time	0.785920
trans_mu_time	0.503520
trans_unpack_time	6.390915
updateU_new_time	5.225148
runtime	6.657687
--------------------------------------------------!
***************dt=2.000000***************
***************flag=0***************
--------------------------------------------------!
time		0.000000
wall time	513.113049
*******************************
dgemm_time	180.847488
conv_transfer_time	0.000000
conv_calculate_time	6214.005371
elastic_calculate_time	6214.051270
Allen_Cahn_nonlinear_time	6404.502930
Cahn_Hilliard_nonlinear_time	0.011680
trans_time	60.015232
trans_Memcpy_time	27.760307
trans_MPI_time	23.518366
trans_pack_time	0.587842
trans_enlarge_time	0.796640
trans_mu_time	0.510240
trans_unpack_time	6.386914
updateU_new_time	5.227706
runtime	6.658558
--------------------------------------------------!
***************dt=2.000000***************
***************flag=0***************
--------------------------------------------------!
time		0.000000
wall time	519.770792
*******************************
dgemm_time	180.832718
conv_transfer_time	0.000000
conv_calculate_time	6212.325195
elastic_calculate_time	6212.365723
Allen_Cahn_nonlinear_time	6405.209961
Cahn_Hilliard_nonlinear_time	0.011840
trans_time	59.736927
trans_Memcpy_time	27.704460
trans_MPI_time	23.342518
trans_pack_time	0.552482
trans_enlarge_time	0.812160
trans_mu_time	0.506560
trans_unpack_time	6.366272
updateU_new_time	5.225625
runtime	6.656454
--------------------------------------------------!
***************dt=2.000000***************
***************flag=0***************
--------------------------------------------------!
time		0.000000
wall time	526.429416
*******************************
dgemm_time	180.850616
conv_transfer_time	0.000000
conv_calculate_time	6204.555176
elastic_calculate_time	6204.597168
Allen_Cahn_nonlinear_time	6400.347168
Cahn_Hilliard_nonlinear_time	0.011840
trans_time	60.138985
trans_Memcpy_time	27.667171
trans_MPI_time	23.722195
trans_pack_time	0.554722
trans_enlarge_time	0.804000
trans_mu_time	0.508640
trans_unpack_time	6.372511
updateU_new_time	5.227544
runtime	6.654377
--------------------------------------------------!
***************dt=2.000000***************
***************flag=0***************
--------------------------------------------------!
time		0.000000
wall time	533.085928
*******************************
dgemm_time	180.834717
conv_transfer_time	0.000000
conv_calculate_time	6217.022461
elastic_calculate_time	6217.060059
Allen_Cahn_nonlinear_time	6404.656250
Cahn_Hilliard_nonlinear_time	0.012000
trans_time	61.020798
trans_Memcpy_time	27.758528
trans_MPI_time	24.554512
trans_pack_time	0.555842
trans_enlarge_time	0.808640
trans_mu_time	0.503680
trans_unpack_time	6.383549
updateU_new_time	5.227063
runtime	6.659246
--------------------------------------------------!
***************dt=2.000000***************
***************flag=0***************
--------------------------------------------------!
time		0.000000
wall time	539.740367
*******************************
dgemm_time	180.873077
conv_transfer_time	0.000000
conv_calculate_time	6217.009277
elastic_calculate_time	6217.045410
Allen_Cahn_nonlinear_time	6404.243164
Cahn_Hilliard_nonlinear_time	0.011840
trans_time	60.096386
trans_Memcpy_time	27.706520
trans_MPI_time	23.669064
trans_pack_time	0.582402
trans_enlarge_time	0.797920
trans_mu_time	0.505600
trans_unpack_time	6.378268
updateU_new_time	5.229781
runtime	6.658001
--------------------------------------------------!
***************dt=2.000000***************
***************flag=0***************
--------------------------------------------------!
time		0.000000
wall time	546.399669
*******************************
dgemm_time	180.845825
conv_transfer_time	0.000000
conv_calculate_time	6218.008301
elastic_calculate_time	6218.064453
Allen_Cahn_nonlinear_time	6412.176758
Cahn_Hilliard_nonlinear_time	0.012160
trans_time	59.692608
trans_Memcpy_time	27.685394
trans_MPI_time	23.270016
trans_pack_time	0.586082
trans_enlarge_time	0.797760
trans_mu_time	0.512800
trans_unpack_time	6.385626
updateU_new_time	5.223060
runtime	6.665645
--------------------------------------------------!
***************dt=2.000000***************
***************flag=0***************
--------------------------------------------------!
time		0.000000
wall time	553.057728
*******************************
dgemm_time	180.835693
conv_transfer_time	0.000000
conv_calculate_time	6216.391113
elastic_calculate_time	6216.430664
Allen_Cahn_nonlinear_time	6402.534180
Cahn_Hilliard_nonlinear_time	0.012000
trans_time	60.724354
trans_Memcpy_time	27.701864
trans_MPI_time	24.288414
trans_pack_time	0.555202
trans_enlarge_time	0.805280
trans_mu_time	0.504320
trans_unpack_time	6.363224
updateU_new_time	5.225778
runtime	6.657219
--------------------------------------------------!
***************dt=2.000000***************
***************flag=0***************
--------------------------------------------------!
time		0.000000
wall time	559.723431
*******************************
dgemm_time	180.885574
conv_transfer_time	0.000000
conv_calculate_time	6218.229980
elastic_calculate_time	6218.269531
Allen_Cahn_nonlinear_time	6403.144043
Cahn_Hilliard_nonlinear_time	0.011680
trans_time	59.761215
trans_Memcpy_time	27.694016
trans_MPI_time	23.385365
trans_pack_time	0.554721
trans_enlarge_time	0.799040
trans_mu_time	0.504320
trans_unpack_time	6.370423
updateU_new_time	5.226577
runtime	6.656198
--------------------------------------------------!
***************dt=2.000000***************
***************flag=0***************
--------------------------------------------------!
time		0.000000
wall time	566.380736
*******************************
dgemm_time	180.857849
conv_transfer_time	0.000000
conv_calculate_time	6214.826660
elastic_calculate_time	6214.866699
Allen_Cahn_nonlinear_time	6403.875000
Cahn_Hilliard_nonlinear_time	0.011680
trans_time	59.759682
trans_Memcpy_time	27.723612
trans_MPI_time	23.342798
trans_pack_time	0.552800
trans_enlarge_time	0.792320
trans_mu_time	0.508800
trans_unpack_time	6.382421
updateU_new_time	5.225616
runtime	6.656658
--------------------------------------------------!
***************dt=2.000000***************
***************flag=0***************
--------------------------------------------------!
time		0.000000
wall time	573.036990
*******************************
dgemm_time	180.871887
conv_transfer_time	0.000000
conv_calculate_time	6211.958496
elastic_calculate_time	6212.003418
Allen_Cahn_nonlinear_time	6403.688477
Cahn_Hilliard_nonlinear_time	0.012000
trans_time	60.421860
trans_Memcpy_time	27.692245
trans_MPI_time	24.020714
trans_pack_time	0.566560
trans_enlarge_time	0.792960
trans_mu_time	0.503680
trans_unpack_time	6.388980
updateU_new_time	5.227055
runtime	6.657819
--------------------------------------------------!
***************dt=2.000000***************
***************flag=0***************
--------------------------------------------------!
time		0.000000
wall time	579.693707
*******************************
dgemm_time	180.881927
conv_transfer_time	0.000000
conv_calculate_time	6214.227539
elastic_calculate_time	6214.272949
Allen_Cahn_nonlinear_time	6409.406250
Cahn_Hilliard_nonlinear_time	0.016000
trans_time	60.511173
trans_Memcpy_time	27.729998
trans_MPI_time	24.067589
trans_pack_time	0.575520
trans_enlarge_time	0.794080
trans_mu_time	0.510400
trans_unpack_time	6.381138
updateU_new_time	5.230093
runtime	6.662709
--------------------------------------------------!
***************dt=2.000000***************
***************flag=0***************
--------------------------------------------------!
time		0.000000
wall time	586.351612
*******************************
dgemm_time	180.909393
conv_transfer_time	0.000000
conv_calculate_time	6212.593262
elastic_calculate_time	6212.639160
Allen_Cahn_nonlinear_time	6405.172852
Cahn_Hilliard_nonlinear_time	0.014240
trans_time	60.096760
trans_Memcpy_time	27.707272
trans_MPI_time	23.499580
trans_pack_time	0.560160
trans_enlarge_time	0.820960
trans_mu_time	0.536000
trans_unpack_time	6.358736
updateU_new_time	5.226572
runtime	6.658506
--------------------------------------------------!
***************dt=2.000000***************
***************flag=0***************
--------------------------------------------------!
time		0.000000
wall time	593.014421
*******************************
dgemm_time	180.907440
conv_transfer_time	0.000000
conv_calculate_time	6218.433105
elastic_calculate_time	6218.482422
Allen_Cahn_nonlinear_time	6404.323242
Cahn_Hilliard_nonlinear_time	0.014240
trans_time	59.990967
trans_Memcpy_time	27.754625
trans_MPI_time	23.390135
trans_pack_time	0.560000
trans_enlarge_time	0.831520
trans_mu_time	0.532480
trans_unpack_time	6.380175
updateU_new_time	5.239211
runtime	6.658668
--------------------------------------------------!
***************dt=2.000000***************
***************flag=0***************
--------------------------------------------------!
time		0.000000
wall time	599.672982
*******************************
dgemm_time	180.884216
conv_transfer_time	0.000000
conv_calculate_time	6211.436523
elastic_calculate_time	6211.483887
Allen_Cahn_nonlinear_time	6400.166504
Cahn_Hilliard_nonlinear_time	0.014080
trans_time	64.011253
trans_Memcpy_time	27.718456
trans_MPI_time	27.440378
trans_pack_time	0.561920
trans_enlarge_time	0.827360
trans_mu_time	0.533440
trans_unpack_time	6.376654
updateU_new_time	5.229610
runtime	6.659310
--------------------------------------------------!
***************dt=2.000000***************
***************flag=0***************
--------------------------------------------------!
time		0.000000
wall time	606.331703
*******************************
dgemm_time	180.871536
conv_transfer_time	0.000000
conv_calculate_time	6214.613281
elastic_calculate_time	6214.675781
Allen_Cahn_nonlinear_time	6401.741211
Cahn_Hilliard_nonlinear_time	0.014240
trans_time	59.930614
trans_Memcpy_time	27.747253
trans_MPI_time	23.352047
trans_pack_time	0.563520
trans_enlarge_time	0.820480
trans_mu_time	0.526080
trans_unpack_time	6.378253
updateU_new_time	5.228649
runtime	6.655482
--------------------------------------------------!
***************dt=2.000000***************
***************flag=0***************
--------------------------------------------------!
time		0.000000
wall time	612.991172
*******************************
dgemm_time	180.817276
conv_transfer_time	0.000000
conv_calculate_time	6212.835938
elastic_calculate_time	6212.883301
Allen_Cahn_nonlinear_time	6407.354492
Cahn_Hilliard_nonlinear_time	0.020640
trans_time	60.376904
trans_Memcpy_time	27.764692
trans_MPI_time	23.728203
trans_pack_time	0.557280
trans_enlarge_time	0.833280
trans_mu_time	0.526240
trans_unpack_time	6.348652
updateU_new_time	5.229129
runtime	6.665893
--------------------------------------------------!
***************dt=2.000000***************
***************flag=0***************
--------------------------------------------------!
time		0.000000
wall time	619.646745
*******************************
dgemm_time	180.900452
conv_transfer_time	0.000000
conv_calculate_time	6214.309570
elastic_calculate_time	6214.356934
Allen_Cahn_nonlinear_time	6406.190918
Cahn_Hilliard_nonlinear_time	0.014400
trans_time	66.178398
trans_Memcpy_time	27.747084
trans_MPI_time	29.612850
trans_pack_time	0.565920
trans_enlarge_time	0.796160
trans_mu_time	0.542080
trans_unpack_time	6.370091
updateU_new_time	5.228328
runtime	6.664686
--------------------------------------------------!
***************dt=2.000000***************
***************flag=0***************
--------------------------------------------------!
time		0.000000
wall time	626.312691
*******************************
dgemm_time	180.846985
conv_transfer_time	0.000000
conv_calculate_time	6216.634277
elastic_calculate_time	6216.678223
Allen_Cahn_nonlinear_time	6401.353027
Cahn_Hilliard_nonlinear_time	0.014560
trans_time	60.041096
trans_Memcpy_time	27.800203
trans_MPI_time	23.401634
trans_pack_time	0.561920
trans_enlarge_time	0.825120
trans_mu_time	0.528480
trans_unpack_time	6.373290
updateU_new_time	5.247527
runtime	6.656935
--------------------------------------------------!
***************dt=2.000000***************
***************flag=0***************
--------------------------------------------------!
time		0.000000
wall time	632.977436
*******************************
dgemm_time	180.851273
conv_transfer_time	0.000000
conv_calculate_time	6219.836914
elastic_calculate_time	6219.884766
Allen_Cahn_nonlinear_time	6409.229004
Cahn_Hilliard_nonlinear_time	0.014720
trans_time	60.333904
trans_Memcpy_time	27.723238
trans_MPI_time	23.780832
trans_pack_time	0.564800
trans_enlarge_time	0.831680
trans_mu_time	0.524480
trans_unpack_time	6.366409
updateU_new_time	5.229446
runtime	6.661843
--------------------------------------------------!
***************dt=2.000000***************
***************flag=0***************
--------------------------------------------------!
time		0.000000
wall time	639.634458
*******************************
dgemm_time	180.852112
conv_transfer_time	0.000000
conv_calculate_time	6218.538574
elastic_calculate_time	6218.581543
Allen_Cahn_nonlinear_time	6406.347168
Cahn_Hilliard_nonlinear_time	0.011840
trans_time	60.217907
trans_Memcpy_time	27.752514
trans_MPI_time	23.636669
trans_pack_time	0.564000
trans_enlarge_time	0.818560
trans_mu_time	0.526720
trans_unpack_time	6.368008
updateU_new_time	5.226732
runtime	6.663022
--------------------------------------------------!
***************dt=2.000000***************
***************flag=0***************
--------------------------------------------------!
time		0.000000
wall time	646.296366
*******************************
dgemm_time	180.869385
conv_transfer_time	0.000000
conv_calculate_time	6214.066406
elastic_calculate_time	6214.104980
Allen_Cahn_nonlinear_time	6402.861816
Cahn_Hilliard_nonlinear_time	0.012000
trans_time	59.644646
trans_Memcpy_time	27.449024
trans_MPI_time	23.463257
trans_pack_time	0.561440
trans_enlarge_time	0.795840
trans_mu_time	0.504640
trans_unpack_time	6.360495
updateU_new_time	5.225932
runtime	6.656725
--------------------------------------------------!
***************dt=2.000000***************
***************flag=0***************
--------------------------------------------------!
time		0.000000
wall time	652.959447
*******************************
dgemm_time	180.890305
conv_transfer_time	0.000000
conv_calculate_time	6214.216309
elastic_calculate_time	6214.255859
Allen_Cahn_nonlinear_time	6406.545898
Cahn_Hilliard_nonlinear_time	0.011840
trans_time	59.678768
trans_Memcpy_time	27.677662
trans_MPI_time	23.322933
trans_pack_time	0.556160
trans_enlarge_time	0.799520
trans_mu_time	0.504640
trans_unpack_time	6.361454
updateU_new_time	5.226571
runtime	6.658244
--------------------------------------------------!
***************dt=2.000000***************
***************flag=0***************
--------------------------------------------------!
time		0.000000
wall time	659.616225
*******************************
dgemm_time	180.888046
conv_transfer_time	0.000000
conv_calculate_time	6212.825195
elastic_calculate_time	6212.864746
Allen_Cahn_nonlinear_time	6403.685547
Cahn_Hilliard_nonlinear_time	0.011840
trans_time	59.584721
trans_Memcpy_time	27.490616
trans_MPI_time	23.393009
trans_pack_time	0.557440
trans_enlarge_time	0.801440
trans_mu_time	0.512160
trans_unpack_time	6.374893
updateU_new_time	5.242250
runtime	6.659542
--------------------------------------------------!
***************dt=2.000000***************
***************flag=0***************
--------------------------------------------------!
time		0.000000
wall time	666.274523
