running   on	8   processors
restart		0
nx,ny,nz	260	260	260
px,py,pz	2	2	2
nghost		2
output   dir	./output/output2/
data   dir	./data/
dt,t_total	2.000000,200.100000
ELASTIC		1
ANISOTROPIC		1
nac,nch		6,2
xmin,ymin,zmin	0.000000	0.000000	0.000000
xmax,ymax,zmax	512.000000	512.000000	512.000000
checkpoint_,nchk,chk	1,1000,0
nout		10000
Approx		32
detect_iter		100000
Reading input.txt file:
myrank = 0 P = 3 Q = 2
myrank = 2 P = 3 Q = 5
myrank = 3 P = 0 Q = 0
myrank = 1 P = 5 Q = 3
myrank = 6 P = 0 Q = 0
myrank = 7 P = 4 Q = 0
myrank = 4 P = 3 Q = 0
myrank = 5 P = 1 Q = 2
*******************************
dgemm_time	182.222626
conv_transfer_time	0.000000
conv_calculate_time	9275.932617
elastic_calculate_time	9275.982422
Allen_Cahn_nonlinear_time	9448.597656
Cahn_Hilliard_nonlinear_time	0.011841
trans_time	142.128983
trans_Memcpy_time	50.208435
trans_MPI_time	82.593369
trans_pack_time	0.650777
trans_enlarge_time	1.024569
trans_mu_time	0.533166
trans_unpack_time	6.532896
updateU_new_time	5.226221
runtime	9.779135
--------------------------------------------------!
***************dt=2.000000***************
***************flag=0***************
--------------------------------------------------!
time		0.000000
wall time	2.124507
*******************************
dgemm_time	180.959152
conv_transfer_time	0.000000
conv_calculate_time	6105.969238
elastic_calculate_time	6106.008789
Allen_Cahn_nonlinear_time	6277.879395
Cahn_Hilliard_nonlinear_time	0.012161
trans_time	54.496567
trans_Memcpy_time	27.652359
trans_MPI_time	18.073433
trans_pack_time	0.562930
trans_enlarge_time	0.798311
trans_mu_time	0.506284
trans_unpack_time	6.442968
updateU_new_time	5.222701
runtime	6.519263
--------------------------------------------------!
***************dt=2.000000***************
***************flag=0***************
--------------------------------------------------!
time		0.000000
wall time	11.930519
*******************************
dgemm_time	180.997238
conv_transfer_time	0.000000
conv_calculate_time	6106.473145
elastic_calculate_time	6106.514160
Allen_Cahn_nonlinear_time	6279.273438
Cahn_Hilliard_nonlinear_time	0.011681
trans_time	53.986923
trans_Memcpy_time	27.452021
trans_MPI_time	17.811489
trans_pack_time	0.559249
trans_enlarge_time	0.807432
trans_mu_time	0.509644
trans_unpack_time	6.355600
updateU_new_time	5.224621
runtime	6.520703
--------------------------------------------------!
***************dt=2.000000***************
***************flag=0***************
--------------------------------------------------!
time		0.000000
wall time	18.476598
*******************************
dgemm_time	180.988434
conv_transfer_time	0.000000
conv_calculate_time	6105.032227
elastic_calculate_time	6105.071777
Allen_Cahn_nonlinear_time	6278.167969
Cahn_Hilliard_nonlinear_time	0.011841
trans_time	53.976631
trans_Memcpy_time	27.498905
trans_MPI_time	17.790207
trans_pack_time	0.557009
trans_enlarge_time	0.801190
trans_mu_time	0.508205
trans_unpack_time	6.357841
updateU_new_time	5.242542
runtime	6.519913
--------------------------------------------------!
***************dt=2.000000***************
***************flag=0***************
--------------------------------------------------!
time		0.000000
wall time	25.024164
*******************************
dgemm_time	180.899628
conv_transfer_time	0.000000
conv_calculate_time	6105.431641
elastic_calculate_time	6105.474121
Allen_Cahn_nonlinear_time	6278.441895
Cahn_Hilliard_nonlinear_time	0.011681
trans_time	53.884171
trans_Memcpy_time	27.429459
trans_MPI_time	17.746365
trans_pack_time	0.566129
trans_enlarge_time	0.803911
trans_mu_time	0.502284
trans_unpack_time	6.368081
updateU_new_time	5.225101
runtime	6.519712
--------------------------------------------------!
***************dt=2.000000***************
***************flag=0***************
--------------------------------------------------!
time		0.000000
wall time	31.570860
*******************************
dgemm_time	181.021286
conv_transfer_time	0.000000
conv_calculate_time	6106.431152
elastic_calculate_time	6106.479004
Allen_Cahn_nonlinear_time	6279.850586
Cahn_Hilliard_nonlinear_time	0.012001
trans_time	54.728558
trans_Memcpy_time	27.514910
trans_MPI_time	18.485470
trans_pack_time	0.562930
trans_enlarge_time	0.764548
trans_mu_time	0.506444
trans_unpack_time	6.374322
updateU_new_time	5.225252
runtime	6.522123
--------------------------------------------------!
***************dt=2.000000***************
***************flag=0***************
--------------------------------------------------!
time		0.000000
wall time	38.117481
*******************************
dgemm_time	180.996567
conv_transfer_time	0.000000
conv_calculate_time	6107.835938
elastic_calculate_time	6107.875000
Allen_Cahn_nonlinear_time	6279.837402
Cahn_Hilliard_nonlinear_time	0.011681
trans_time	53.905247
trans_Memcpy_time	27.462563
trans_MPI_time	17.734671
trans_pack_time	0.553648
trans_enlarge_time	0.822471
trans_mu_time	0.509325
trans_unpack_time	6.359438
updateU_new_time	5.223427
runtime	6.522037
--------------------------------------------------!
***************dt=2.000000***************
***************flag=0***************
--------------------------------------------------!
time		0.000000
wall time	44.666560
*******************************
dgemm_time	180.939056
conv_transfer_time	0.000000
conv_calculate_time	6106.122559
elastic_calculate_time	6106.162109
Allen_Cahn_nonlinear_time	6279.035156
Cahn_Hilliard_nonlinear_time	0.011681
trans_time	54.055035
trans_Memcpy_time	27.478556
trans_MPI_time	17.902033
trans_pack_time	0.556698
trans_enlarge_time	0.798164
trans_mu_time	0.500851
trans_unpack_time	6.351225
updateU_new_time	5.228349
runtime	6.520162
--------------------------------------------------!
***************dt=2.000000***************
***************flag=0***************
--------------------------------------------------!
time		0.000000
wall time	51.215390
*******************************
dgemm_time	181.002457
conv_transfer_time	0.000000
conv_calculate_time	6106.001465
elastic_calculate_time	6106.057129
Allen_Cahn_nonlinear_time	6278.562012
Cahn_Hilliard_nonlinear_time	0.011681
trans_time	53.957348
trans_Memcpy_time	27.541719
trans_MPI_time	17.702042
trans_pack_time	0.557814
trans_enlarge_time	0.801358
trans_mu_time	0.507729
trans_unpack_time	6.381100
updateU_new_time	5.232478
runtime	6.519695
--------------------------------------------------!
***************dt=2.000000***************
***************flag=0***************
--------------------------------------------------!
time		0.000000
wall time	57.762328
*******************************
dgemm_time	180.910339
conv_transfer_time	0.000000
conv_calculate_time	6105.473633
elastic_calculate_time	6105.513672
Allen_Cahn_nonlinear_time	6283.003418
Cahn_Hilliard_nonlinear_time	0.011681
trans_time	54.439980
trans_Memcpy_time	27.763174
trans_MPI_time	17.881950
trans_pack_time	0.584373
trans_enlarge_time	0.792713
trans_mu_time	0.504364
trans_unpack_time	6.374342
updateU_new_time	5.222691
runtime	6.524156
--------------------------------------------------!
***************dt=2.000000***************
***************flag=0***************
--------------------------------------------------!
time		0.000000
wall time	64.308946
*******************************
dgemm_time	180.974228
conv_transfer_time	0.000000
conv_calculate_time	6107.149414
elastic_calculate_time	6107.189453
Allen_Cahn_nonlinear_time	6279.271973
Cahn_Hilliard_nonlinear_time	0.011521
trans_time	54.090496
trans_Memcpy_time	27.383484
trans_MPI_time	18.001392
trans_pack_time	0.557488
trans_enlarge_time	0.797508
trans_mu_time	0.507084
trans_unpack_time	6.375590
updateU_new_time	5.227150
runtime	6.520204
--------------------------------------------------!
***************dt=2.000000***************
***************flag=0***************
--------------------------------------------------!
time		0.000000
wall time	70.859954
*******************************
dgemm_time	180.983978
conv_transfer_time	0.000000
conv_calculate_time	6104.642090
elastic_calculate_time	6104.684570
Allen_Cahn_nonlinear_time	6278.509277
Cahn_Hilliard_nonlinear_time	0.011521
trans_time	55.972458
trans_Memcpy_time	27.384968
trans_MPI_time	19.903076
trans_pack_time	0.568047
trans_enlarge_time	0.779102
trans_mu_time	0.510441
trans_unpack_time	6.364522
updateU_new_time	5.228571
runtime	6.521644
--------------------------------------------------!
***************dt=2.000000***************
***************flag=0***************
--------------------------------------------------!
time		0.000000
wall time	77.406946
*******************************
dgemm_time	180.953995
conv_transfer_time	0.000000
conv_calculate_time	6105.086914
elastic_calculate_time	6105.125977
Allen_Cahn_nonlinear_time	6277.061523
Cahn_Hilliard_nonlinear_time	0.011841
trans_time	54.048256
trans_Memcpy_time	27.463919
trans_MPI_time	17.894848
trans_pack_time	0.552524
trans_enlarge_time	0.811903
trans_mu_time	0.504678
trans_unpack_time	6.358739
updateU_new_time	5.226155
runtime	6.518051
--------------------------------------------------!
***************dt=2.000000***************
***************flag=0***************
--------------------------------------------------!
time		0.000000
wall time	83.955334
*******************************
dgemm_time	181.024872
conv_transfer_time	0.000000
conv_calculate_time	6104.507812
elastic_calculate_time	6104.548828
Allen_Cahn_nonlinear_time	6276.775879
Cahn_Hilliard_nonlinear_time	0.011521
trans_time	53.880226
trans_Memcpy_time	27.423191
trans_MPI_time	17.799263
trans_pack_time	0.552041
trans_enlarge_time	0.780537
trans_mu_time	0.504198
trans_unpack_time	6.360160
updateU_new_time	5.233501
runtime	6.517425
--------------------------------------------------!
***************dt=2.000000***************
***************flag=0***************
--------------------------------------------------!
time		0.000000
wall time	90.500206
*******************************
dgemm_time	181.022522
conv_transfer_time	0.000000
conv_calculate_time	6108.462891
elastic_calculate_time	6108.504395
Allen_Cahn_nonlinear_time	6280.845215
Cahn_Hilliard_nonlinear_time	0.011681
trans_time	54.037918
trans_Memcpy_time	27.458961
trans_MPI_time	17.809458
trans_pack_time	0.580042
trans_enlarge_time	0.791577
trans_mu_time	0.504678
trans_unpack_time	6.376144
updateU_new_time	5.225968
runtime	6.522086
--------------------------------------------------!
***************dt=2.000000***************
***************flag=0***************
--------------------------------------------------!
time		0.000000
wall time	97.044419
*******************************
dgemm_time	180.945343
conv_transfer_time	0.000000
conv_calculate_time	6107.465332
elastic_calculate_time	6107.506836
Allen_Cahn_nonlinear_time	6279.451660
Cahn_Hilliard_nonlinear_time	0.011841
trans_time	54.218243
trans_Memcpy_time	27.475058
trans_MPI_time	17.965908
trans_pack_time	0.561479
trans_enlarge_time	0.802617
trans_mu_time	0.502277
trans_unpack_time	6.381890
updateU_new_time	5.228198
runtime	6.521327
--------------------------------------------------!
***************dt=2.000000***************
***************flag=0***************
--------------------------------------------------!
time		0.000000
wall time	103.593359
*******************************
dgemm_time	180.960342
conv_transfer_time	0.000000
conv_calculate_time	6108.964844
elastic_calculate_time	6109.003906
Allen_Cahn_nonlinear_time	6281.273926
Cahn_Hilliard_nonlinear_time	0.011681
trans_time	54.066769
trans_Memcpy_time	27.417236
trans_MPI_time	17.958508
trans_pack_time	0.561958
trans_enlarge_time	0.789173
trans_mu_time	0.515233
trans_unpack_time	6.359795
updateU_new_time	5.224827
runtime	6.522656
--------------------------------------------------!
***************dt=2.000000***************
***************flag=0***************
--------------------------------------------------!
time		0.000000
wall time	110.141497
*******************************
dgemm_time	180.998688
conv_transfer_time	0.000000
conv_calculate_time	6107.842285
elastic_calculate_time	6107.881836
Allen_Cahn_nonlinear_time	6281.151855
Cahn_Hilliard_nonlinear_time	0.011521
trans_time	54.082020
trans_Memcpy_time	27.510948
trans_MPI_time	17.864708
trans_pack_time	0.557957
trans_enlarge_time	0.804852
trans_mu_time	0.517954
trans_unpack_time	6.359782
updateU_new_time	5.226256
runtime	6.522534
--------------------------------------------------!
***************dt=2.000000***************
***************flag=0***************
--------------------------------------------------!
time		0.000000
wall time	116.690932
*******************************
dgemm_time	180.943939
conv_transfer_time	0.000000
conv_calculate_time	6108.075684
elastic_calculate_time	6108.117188
Allen_Cahn_nonlinear_time	6281.232422
Cahn_Hilliard_nonlinear_time	0.012001
trans_time	54.003925
trans_Memcpy_time	27.473127
trans_MPI_time	17.846748
trans_pack_time	0.559076
trans_enlarge_time	0.785650
trans_mu_time	0.503392
trans_unpack_time	6.367769
updateU_new_time	5.235687
runtime	6.522177
--------------------------------------------------!
***************dt=2.000000***************
***************flag=0***************
--------------------------------------------------!
time		0.000000
wall time	123.240225
*******************************
dgemm_time	180.950836
conv_transfer_time	0.000000
conv_calculate_time	6111.937012
elastic_calculate_time	6111.976562
Allen_Cahn_nonlinear_time	6284.342773
Cahn_Hilliard_nonlinear_time	0.011841
trans_time	54.938782
trans_Memcpy_time	27.447796
trans_MPI_time	18.797653
trans_pack_time	0.568195
trans_enlarge_time	0.781489
trans_mu_time	0.507071
trans_unpack_time	6.370958
updateU_new_time	5.225277
runtime	6.526595
--------------------------------------------------!
***************dt=2.000000***************
***************flag=0***************
--------------------------------------------------!
time		0.000000
wall time	129.789220
*******************************
dgemm_time	181.032318
conv_transfer_time	0.000000
conv_calculate_time	6108.573730
elastic_calculate_time	6108.613770
Allen_Cahn_nonlinear_time	6280.595703
Cahn_Hilliard_nonlinear_time	0.012000
trans_time	54.167202
trans_Memcpy_time	27.082926
trans_MPI_time	18.365597
trans_pack_time	0.556034
trans_enlarge_time	0.803728
trans_mu_time	0.508030
trans_unpack_time	6.379107
updateU_new_time	5.226229
runtime	6.522001
--------------------------------------------------!
***************dt=2.000000***************
***************flag=0***************
--------------------------------------------------!
time		0.000000
wall time	136.342396
*******************************
dgemm_time	181.002945
conv_transfer_time	0.000000
conv_calculate_time	6106.284180
elastic_calculate_time	6106.328125
Allen_Cahn_nonlinear_time	6280.218750
Cahn_Hilliard_nonlinear_time	0.012000
trans_time	54.263981
trans_Memcpy_time	27.018400
trans_MPI_time	18.565578
trans_pack_time	0.553632
trans_enlarge_time	0.795564
trans_mu_time	0.503070
trans_unpack_time	6.364217
updateU_new_time	5.224462
runtime	6.521848
--------------------------------------------------!
***************dt=2.000000***************
***************flag=0***************
--------------------------------------------------!
time		0.000000
wall time	142.890942
*******************************
dgemm_time	180.971344
conv_transfer_time	0.000000
conv_calculate_time	6106.915527
elastic_calculate_time	6106.956055
Allen_Cahn_nonlinear_time	6279.048828
Cahn_Hilliard_nonlinear_time	0.011680
trans_time	54.259888
trans_Memcpy_time	27.052921
trans_MPI_time	18.534990
trans_pack_time	0.554912
trans_enlarge_time	0.781483
trans_mu_time	0.518267
trans_unpack_time	6.350287
updateU_new_time	5.224935
runtime	6.520235
--------------------------------------------------!
***************dt=2.000000***************
***************flag=0***************
--------------------------------------------------!
time		0.000000
wall time	149.439261
*******************************
dgemm_time	180.961044
conv_transfer_time	0.000000
conv_calculate_time	6105.972168
elastic_calculate_time	6106.009277
Allen_Cahn_nonlinear_time	6278.721191
Cahn_Hilliard_nonlinear_time	0.011520
trans_time	54.403294
trans_Memcpy_time	27.143452
trans_MPI_time	18.498325
trans_pack_time	0.552671
trans_enlarge_time	0.821804
trans_mu_time	0.507225
trans_unpack_time	6.354119
updateU_new_time	5.234049
runtime	6.520290
--------------------------------------------------!
***************dt=2.000000***************
***************flag=0***************
--------------------------------------------------!
time		0.000000
wall time	155.986021
*******************************
dgemm_time	180.930450
conv_transfer_time	0.000000
conv_calculate_time	6107.900879
elastic_calculate_time	6107.940430
Allen_Cahn_nonlinear_time	6278.761719
Cahn_Hilliard_nonlinear_time	0.011680
trans_time	54.572948
trans_Memcpy_time	27.108061
trans_MPI_time	18.698795
trans_pack_time	0.565151
trans_enlarge_time	0.794123
trans_mu_time	0.501625
trans_unpack_time	6.375872
updateU_new_time	5.225883
runtime	6.520790
--------------------------------------------------!
***************dt=2.000000***************
***************flag=0***************
--------------------------------------------------!
time		0.000000
wall time	162.532841
*******************************
dgemm_time	181.000031
conv_transfer_time	0.000000
conv_calculate_time	6104.075195
elastic_calculate_time	6104.114746
Allen_Cahn_nonlinear_time	6276.747070
Cahn_Hilliard_nonlinear_time	0.012000
trans_time	54.274372
trans_Memcpy_time	27.073786
trans_MPI_time	18.524845
trans_pack_time	0.554429
trans_enlarge_time	0.782600
trans_mu_time	0.508665
trans_unpack_time	6.371385
updateU_new_time	5.224758
runtime	6.518234
--------------------------------------------------!
***************dt=2.000000***************
***************flag=0***************
--------------------------------------------------!
time		0.000000
wall time	169.080182
*******************************
dgemm_time	180.916260
conv_transfer_time	0.000000
conv_calculate_time	6104.581055
elastic_calculate_time	6104.619629
Allen_Cahn_nonlinear_time	6277.280273
Cahn_Hilliard_nonlinear_time	0.011840
trans_time	54.250874
trans_Memcpy_time	27.018236
trans_MPI_time	18.555706
trans_pack_time	0.556029
trans_enlarge_time	0.793799
trans_mu_time	0.504825
trans_unpack_time	6.361298
updateU_new_time	5.225071
runtime	6.518889
--------------------------------------------------!
***************dt=2.000000***************
***************flag=0***************
--------------------------------------------------!
time		0.000000
wall time	175.624951
*******************************
dgemm_time	181.065231
conv_transfer_time	0.000000
conv_calculate_time	6105.886719
elastic_calculate_time	6105.926270
Allen_Cahn_nonlinear_time	6278.620605
Cahn_Hilliard_nonlinear_time	0.012640
trans_time	54.231663
trans_Memcpy_time	27.163809
trans_MPI_time	18.386713
trans_pack_time	0.557949
trans_enlarge_time	0.784358
trans_mu_time	0.504024
trans_unpack_time	6.370090
updateU_new_time	5.227782
runtime	6.519923
--------------------------------------------------!
***************dt=2.000000***************
***************flag=0***************
--------------------------------------------------!
time		0.000000
wall time	182.170433
*******************************
dgemm_time	180.975174
conv_transfer_time	0.000000
conv_calculate_time	6105.800293
elastic_calculate_time	6105.839355
Allen_Cahn_nonlinear_time	6278.246094
Cahn_Hilliard_nonlinear_time	0.011520
trans_time	54.265759
trans_Memcpy_time	27.170961
trans_MPI_time	18.414204
trans_pack_time	0.553947
trans_enlarge_time	0.801958
trans_mu_time	0.508344
trans_unpack_time	6.356798
updateU_new_time	5.231454
runtime	6.519654
--------------------------------------------------!
***************dt=2.000000***************
***************flag=0***************
--------------------------------------------------!
time		0.000000
wall time	188.716938
*******************************
dgemm_time	181.015396
conv_transfer_time	0.000000
conv_calculate_time	6106.112305
elastic_calculate_time	6106.149902
Allen_Cahn_nonlinear_time	6278.644531
Cahn_Hilliard_nonlinear_time	0.012000
trans_time	54.231491
trans_Memcpy_time	27.193960
trans_MPI_time	18.352091
trans_pack_time	0.554587
trans_enlarge_time	0.777797
trans_mu_time	0.505304
trans_unpack_time	6.383509
updateU_new_time	5.226166
runtime	6.519616
--------------------------------------------------!
***************dt=2.000000***************
***************flag=0***************
--------------------------------------------------!
time		0.000000
wall time	195.263216
*******************************
dgemm_time	180.920898
conv_transfer_time	0.000000
conv_calculate_time	6105.260254
elastic_calculate_time	6105.300293
Allen_Cahn_nonlinear_time	6277.153809
Cahn_Hilliard_nonlinear_time	0.011680
trans_time	54.289780
trans_Memcpy_time	27.209438
trans_MPI_time	18.371422
trans_pack_time	0.558265
trans_enlarge_time	0.796516
trans_mu_time	0.502261
trans_unpack_time	6.389740
updateU_new_time	5.225038
runtime	6.518501
--------------------------------------------------!
***************dt=2.000000***************
***************flag=0***************
--------------------------------------------------!
time		0.000000
wall time	201.809454
*******************************
dgemm_time	180.895370
conv_transfer_time	0.000000
conv_calculate_time	6105.994629
elastic_calculate_time	6106.042480
Allen_Cahn_nonlinear_time	6279.295898
Cahn_Hilliard_nonlinear_time	0.011680
trans_time	54.334686
trans_Memcpy_time	27.223642
trans_MPI_time	18.356516
trans_pack_time	0.556345
trans_enlarge_time	0.793154
trans_mu_time	0.513940
trans_unpack_time	6.359170
updateU_new_time	5.225991
runtime	6.520951
--------------------------------------------------!
***************dt=2.000000***************
***************flag=0***************
--------------------------------------------------!
time		0.000000
wall time	208.354572
*******************************
dgemm_time	180.972595
conv_transfer_time	0.000000
conv_calculate_time	6106.743652
elastic_calculate_time	6106.783203
Allen_Cahn_nonlinear_time	6278.437500
Cahn_Hilliard_nonlinear_time	0.011520
trans_time	54.381409
trans_Memcpy_time	27.355129
trans_MPI_time	18.299690
trans_pack_time	0.557305
trans_enlarge_time	0.788671
trans_mu_time	0.502419
trans_unpack_time	6.347481
updateU_new_time	5.222944
runtime	6.520074
--------------------------------------------------!
***************dt=2.000000***************
***************flag=0***************
--------------------------------------------------!
time		0.000000
wall time	214.902281
*******************************
dgemm_time	181.001968
conv_transfer_time	0.000000
conv_calculate_time	6105.937500
elastic_calculate_time	6105.990723
Allen_Cahn_nonlinear_time	6279.992188
Cahn_Hilliard_nonlinear_time	0.011520
trans_time	54.274723
trans_Memcpy_time	27.201649
trans_MPI_time	18.370708
trans_pack_time	0.555863
trans_enlarge_time	0.789631
trans_mu_time	0.510098
trans_unpack_time	6.382194
updateU_new_time	5.223738
runtime	6.521170
--------------------------------------------------!
***************dt=2.000000***************
***************flag=0***************
--------------------------------------------------!
time		0.000000
wall time	221.449031
*******************************
dgemm_time	180.964478
conv_transfer_time	0.000000
conv_calculate_time	6106.012207
elastic_calculate_time	6106.051758
Allen_Cahn_nonlinear_time	6278.974609
Cahn_Hilliard_nonlinear_time	0.011680
trans_time	54.043491
trans_Memcpy_time	27.178255
trans_MPI_time	18.176119
trans_pack_time	0.559063
trans_enlarge_time	0.792031
trans_mu_time	0.498418
trans_unpack_time	6.376906
updateU_new_time	5.226735
runtime	6.518076
--------------------------------------------------!
***************dt=2.000000***************
***************flag=0***************
--------------------------------------------------!
time		0.000000
wall time	227.996774
*******************************
dgemm_time	181.026382
conv_transfer_time	0.000000
conv_calculate_time	6106.734375
elastic_calculate_time	6106.772949
Allen_Cahn_nonlinear_time	6277.867188
Cahn_Hilliard_nonlinear_time	0.011680
trans_time	54.279060
trans_Memcpy_time	27.218506
trans_MPI_time	18.352293
trans_pack_time	0.554738
trans_enlarge_time	0.788184
trans_mu_time	0.505293
trans_unpack_time	6.392693
updateU_new_time	5.224421
runtime	6.516434
--------------------------------------------------!
***************dt=2.000000***************
***************flag=0***************
--------------------------------------------------!
time		0.000000
wall time	234.541465
*******************************
dgemm_time	180.953094
conv_transfer_time	0.000000
conv_calculate_time	6106.325684
elastic_calculate_time	6106.365234
Allen_Cahn_nonlinear_time	6278.160645
Cahn_Hilliard_nonlinear_time	0.011520
trans_time	54.225880
trans_Memcpy_time	27.179241
trans_MPI_time	18.372353
trans_pack_time	0.552970
trans_enlarge_time	0.795533
trans_mu_time	0.507046
trans_unpack_time	6.355481
updateU_new_time	5.220831
runtime	6.516813
--------------------------------------------------!
***************dt=2.000000***************
***************flag=0***************
--------------------------------------------------!
time		0.000000
wall time	241.084575
*******************************
dgemm_time	180.951996
conv_transfer_time	0.000000
conv_calculate_time	6102.605469
elastic_calculate_time	6102.649414
Allen_Cahn_nonlinear_time	6275.891113
Cahn_Hilliard_nonlinear_time	0.012000
trans_time	53.923927
trans_Memcpy_time	27.180639
trans_MPI_time	18.064106
trans_pack_time	0.556162
trans_enlarge_time	0.803680
trans_mu_time	0.501600
trans_unpack_time	6.357637
updateU_new_time	5.227524
runtime	6.515558
--------------------------------------------------!
***************dt=2.000000***************
***************flag=0***************
--------------------------------------------------!
time		0.000000
wall time	247.628110
*******************************
dgemm_time	180.994446
conv_transfer_time	0.000000
conv_calculate_time	6106.170898
elastic_calculate_time	6106.209473
Allen_Cahn_nonlinear_time	6278.257812
Cahn_Hilliard_nonlinear_time	0.012000
trans_time	54.055450
trans_Memcpy_time	27.334103
trans_MPI_time	18.035055
trans_pack_time	0.559200
trans_enlarge_time	0.793600
trans_mu_time	0.504480
trans_unpack_time	6.366885
updateU_new_time	5.222406
runtime	6.519787
--------------------------------------------------!
***************dt=2.000000***************
***************flag=0***************
--------------------------------------------------!
time		0.000000
wall time	254.170362
*******************************
dgemm_time	180.975311
conv_transfer_time	0.000000
conv_calculate_time	6105.356445
elastic_calculate_time	6105.396484
Allen_Cahn_nonlinear_time	6277.791504
Cahn_Hilliard_nonlinear_time	0.011680
trans_time	54.166874
trans_Memcpy_time	27.194748
trans_MPI_time	18.273140
trans_pack_time	0.572480
trans_enlarge_time	0.785760
trans_mu_time	0.503040
trans_unpack_time	6.372647
updateU_new_time	5.225287
runtime	6.519821
--------------------------------------------------!
***************dt=2.000000***************
***************flag=0***************
--------------------------------------------------!
time		0.000000
wall time	260.716731
*******************************
dgemm_time	180.947983
conv_transfer_time	0.000000
conv_calculate_time	6104.551758
elastic_calculate_time	6104.592285
Allen_Cahn_nonlinear_time	6274.071777
Cahn_Hilliard_nonlinear_time	0.012320
trans_time	54.062912
trans_Memcpy_time	27.173317
trans_MPI_time	18.186905
trans_pack_time	0.574240
trans_enlarge_time	0.791360
trans_mu_time	0.501920
trans_unpack_time	6.372649
updateU_new_time	5.229129
runtime	6.518033
--------------------------------------------------!
***************dt=2.000000***************
***************flag=0***************
--------------------------------------------------!
time		0.000000
wall time	267.263149
*******************************
dgemm_time	180.975555
conv_transfer_time	0.000000
conv_calculate_time	6111.485840
elastic_calculate_time	6111.523926
Allen_Cahn_nonlinear_time	6283.333984
Cahn_Hilliard_nonlinear_time	0.011520
trans_time	54.926456
trans_Memcpy_time	27.422764
trans_MPI_time	18.790752
trans_pack_time	0.559360
trans_enlarge_time	0.773760
trans_mu_time	0.504800
trans_unpack_time	6.356971
updateU_new_time	5.224490
runtime	6.525615
--------------------------------------------------!
***************dt=2.000000***************
***************flag=0***************
--------------------------------------------------!
time		0.000000
wall time	273.808520
*******************************
dgemm_time	180.930008
conv_transfer_time	0.000000
conv_calculate_time	6107.124512
elastic_calculate_time	6107.163574
Allen_Cahn_nonlinear_time	6279.716797
Cahn_Hilliard_nonlinear_time	0.012000
trans_time	54.226231
trans_Memcpy_time	27.234932
trans_MPI_time	18.298595
trans_pack_time	0.558080
trans_enlarge_time	0.791360
trans_mu_time	0.508160
trans_unpack_time	6.369452
updateU_new_time	5.224491
runtime	6.521198
--------------------------------------------------!
***************dt=2.000000***************
***************flag=0***************
--------------------------------------------------!
time		0.000000
wall time	280.360769
*******************************
dgemm_time	180.930695
conv_transfer_time	0.000000
conv_calculate_time	6105.222168
elastic_calculate_time	6105.262207
Allen_Cahn_nonlinear_time	6277.264160
Cahn_Hilliard_nonlinear_time	0.011840
trans_time	54.062531
trans_Memcpy_time	27.211414
trans_MPI_time	18.176998
trans_pack_time	0.561120
trans_enlarge_time	0.782080
trans_mu_time	0.508480
trans_unpack_time	6.363694
updateU_new_time	5.223852
runtime	6.518592
--------------------------------------------------!
***************dt=2.000000***************
***************flag=0***************
--------------------------------------------------!
time		0.000000
wall time	286.908561
*******************************
dgemm_time	180.936157
conv_transfer_time	0.000000
conv_calculate_time	6106.918945
elastic_calculate_time	6106.956543
Allen_Cahn_nonlinear_time	6279.039551
Cahn_Hilliard_nonlinear_time	0.012000
trans_time	54.215805
trans_Memcpy_time	27.163105
trans_MPI_time	18.343405
trans_pack_time	0.586720
trans_enlarge_time	0.789920
trans_mu_time	0.505120
trans_unpack_time	6.367215
updateU_new_time	5.224014
runtime	6.521205
--------------------------------------------------!
***************dt=2.000000***************
***************flag=0***************
--------------------------------------------------!
time		0.000000
wall time	293.453724
*******************************
dgemm_time	181.026291
conv_transfer_time	0.000000
conv_calculate_time	6104.257812
elastic_calculate_time	6104.296875
Allen_Cahn_nonlinear_time	6275.485840
Cahn_Hilliard_nonlinear_time	0.011840
trans_time	54.113544
trans_Memcpy_time	27.187429
trans_MPI_time	18.186127
trans_pack_time	0.584000
trans_enlarge_time	0.797440
trans_mu_time	0.512800
trans_unpack_time	6.382737
updateU_new_time	5.228655
runtime	6.516969
--------------------------------------------------!
***************dt=2.000000***************
***************flag=0***************
--------------------------------------------------!
time		0.000000
wall time	300.001546
*******************************
dgemm_time	180.934174
conv_transfer_time	0.000000
conv_calculate_time	6107.063477
elastic_calculate_time	6107.102051
Allen_Cahn_nonlinear_time	6281.167969
Cahn_Hilliard_nonlinear_time	0.012000
trans_time	54.112049
trans_Memcpy_time	27.239437
trans_MPI_time	18.179413
trans_pack_time	0.558720
trans_enlarge_time	0.811200
trans_mu_time	0.504800
trans_unpack_time	6.357138
updateU_new_time	5.224496
runtime	6.522484
--------------------------------------------------!
***************dt=2.000000***************
***************flag=0***************
--------------------------------------------------!
time		0.000000
wall time	306.545117
*******************************
dgemm_time	180.950043
conv_transfer_time	0.000000
conv_calculate_time	6106.763184
elastic_calculate_time	6106.801270
Allen_Cahn_nonlinear_time	6278.947754
Cahn_Hilliard_nonlinear_time	0.012320
trans_time	54.319092
trans_Memcpy_time	27.191923
trans_MPI_time	18.417818
trans_pack_time	0.552480
trans_enlarge_time	0.810560
trans_mu_time	0.509600
trans_unpack_time	6.373620
updateU_new_time	5.223377
runtime	6.520382
--------------------------------------------------!
***************dt=2.000000***************
***************flag=0***************
--------------------------------------------------!
time		0.000000
wall time	313.094222
*******************************
dgemm_time	180.979523
conv_transfer_time	0.000000
conv_calculate_time	6106.254395
elastic_calculate_time	6106.293457
Allen_Cahn_nonlinear_time	6279.322754
Cahn_Hilliard_nonlinear_time	0.013760
trans_time	54.164982
trans_Memcpy_time	27.174007
trans_MPI_time	18.302780
trans_pack_time	0.555520
trans_enlarge_time	0.793440
trans_mu_time	0.503840
trans_unpack_time	6.373781
updateU_new_time	5.223538
runtime	6.520813
--------------------------------------------------!
***************dt=2.000000***************
***************flag=0***************
--------------------------------------------------!
time		0.000000
wall time	319.641229
*******************************
dgemm_time	180.998611
conv_transfer_time	0.000000
conv_calculate_time	6107.504883
elastic_calculate_time	6107.542969
Allen_Cahn_nonlinear_time	6280.529297
Cahn_Hilliard_nonlinear_time	0.011520
trans_time	54.141457
trans_Memcpy_time	27.160734
trans_MPI_time	18.247105
trans_pack_time	0.587042
trans_enlarge_time	0.793920
trans_mu_time	0.504640
trans_unpack_time	6.386103
updateU_new_time	5.225780
runtime	6.522269
--------------------------------------------------!
***************dt=2.000000***************
***************flag=0***************
--------------------------------------------------!
time		0.000000
wall time	326.188660
*******************************
dgemm_time	181.003143
conv_transfer_time	0.000000
conv_calculate_time	6108.170410
elastic_calculate_time	6108.210449
Allen_Cahn_nonlinear_time	6279.873535
Cahn_Hilliard_nonlinear_time	0.011680
trans_time	54.184437
trans_Memcpy_time	27.146980
trans_MPI_time	18.307270
trans_pack_time	0.585922
trans_enlarge_time	0.792320
trans_mu_time	0.508960
trans_unpack_time	6.382584
updateU_new_time	5.221301
runtime	6.521637
--------------------------------------------------!
***************dt=2.000000***************
***************flag=0***************
--------------------------------------------------!
time		0.000000
wall time	332.737515
*******************************
dgemm_time	181.027649
conv_transfer_time	0.000000
conv_calculate_time	6106.994141
elastic_calculate_time	6107.031250
Allen_Cahn_nonlinear_time	6279.575684
Cahn_Hilliard_nonlinear_time	0.011840
trans_time	55.233376
trans_Memcpy_time	27.435467
trans_MPI_time	19.062794
trans_pack_time	0.555362
trans_enlarge_time	0.801760
trans_mu_time	0.504480
trans_unpack_time	6.370425
updateU_new_time	5.223702
runtime	6.522362
--------------------------------------------------!
***************dt=2.000000***************
***************flag=0***************
--------------------------------------------------!
time		0.000000
wall time	339.259229
*******************************
dgemm_time	181.017120
conv_transfer_time	0.000000
conv_calculate_time	6108.503906
elastic_calculate_time	6108.543457
Allen_Cahn_nonlinear_time	6279.303711
Cahn_Hilliard_nonlinear_time	0.011680
trans_time	54.297840
trans_Memcpy_time	27.355795
trans_MPI_time	18.270636
trans_pack_time	0.554402
trans_enlarge_time	0.783680
trans_mu_time	0.507520
trans_unpack_time	6.363067
updateU_new_time	5.223543
runtime	6.521370
--------------------------------------------------!
***************dt=2.000000***************
***************flag=0***************
--------------------------------------------------!
time		0.000000
wall time	345.781687
*******************************
dgemm_time	181.007233
conv_transfer_time	0.000000
conv_calculate_time	6106.972656
elastic_calculate_time	6107.012695
Allen_Cahn_nonlinear_time	6280.540039
Cahn_Hilliard_nonlinear_time	0.011520
trans_time	54.243393
trans_Memcpy_time	27.370037
trans_MPI_time	18.184719
trans_pack_time	0.556162
trans_enlarge_time	0.786240
trans_mu_time	0.512480
trans_unpack_time	6.378588
updateU_new_time	5.224024
runtime	6.522307
--------------------------------------------------!
***************dt=2.000000***************
***************flag=0***************
--------------------------------------------------!
time		0.000000
wall time	352.303128
*******************************
dgemm_time	181.046310
conv_transfer_time	0.000000
conv_calculate_time	6104.072266
elastic_calculate_time	6104.125488
Allen_Cahn_nonlinear_time	6277.966797
Cahn_Hilliard_nonlinear_time	0.011840
trans_time	54.267914
trans_Memcpy_time	27.470366
trans_MPI_time	18.110003
trans_pack_time	0.569282
trans_enlarge_time	0.802880
trans_mu_time	0.504160
trans_unpack_time	6.348509
updateU_new_time	5.222105
runtime	6.519623
--------------------------------------------------!
***************dt=2.000000***************
***************flag=0***************
--------------------------------------------------!
time		0.000000
wall time	358.825527
*******************************
dgemm_time	181.008102
conv_transfer_time	0.000000
conv_calculate_time	6105.449707
elastic_calculate_time	6105.488770
Allen_Cahn_nonlinear_time	6278.662109
Cahn_Hilliard_nonlinear_time	0.011840
trans_time	54.399342
trans_Memcpy_time	27.423811
trans_MPI_time	18.202806
trans_pack_time	0.576482
trans_enlarge_time	0.794080
trans_mu_time	0.509280
trans_unpack_time	6.379550
updateU_new_time	5.224666
runtime	6.520787
--------------------------------------------------!
***************dt=2.000000***************
***************flag=0***************
--------------------------------------------------!
time		0.000000
wall time	365.345234
*******************************
dgemm_time	181.028107
conv_transfer_time	0.000000
conv_calculate_time	6109.589355
elastic_calculate_time	6109.629395
Allen_Cahn_nonlinear_time	6281.802734
Cahn_Hilliard_nonlinear_time	0.011680
trans_time	54.439533
trans_Memcpy_time	27.408293
trans_MPI_time	18.333372
trans_pack_time	0.560002
trans_enlarge_time	0.804320
trans_mu_time	0.515360
trans_unpack_time	6.358591
updateU_new_time	5.223226
runtime	6.523949
--------------------------------------------------!
***************dt=2.000000***************
***************flag=0***************
--------------------------------------------------!
time		0.000000
wall time	371.866088
*******************************
dgemm_time	181.077057
conv_transfer_time	0.000000
conv_calculate_time	6109.088867
elastic_calculate_time	6109.129883
Allen_Cahn_nonlinear_time	6279.717285
Cahn_Hilliard_nonlinear_time	0.011680
trans_time	54.357224
trans_Memcpy_time	27.416454
trans_MPI_time	18.245689
trans_pack_time	0.554082
trans_enlarge_time	0.798560
trans_mu_time	0.506560
trans_unpack_time	6.378271
updateU_new_time	5.235545
runtime	6.521626
--------------------------------------------------!
***************dt=2.000000***************
***************flag=0***************
--------------------------------------------------!
time		0.000000
wall time	378.390114
*******************************
dgemm_time	181.047607
conv_transfer_time	0.000000
conv_calculate_time	6110.909668
elastic_calculate_time	6110.948242
Allen_Cahn_nonlinear_time	6282.930176
Cahn_Hilliard_nonlinear_time	0.011840
trans_time	54.325680
trans_Memcpy_time	27.532135
trans_MPI_time	18.111767
trans_pack_time	0.558402
trans_enlarge_time	0.781600
trans_mu_time	0.514720
trans_unpack_time	6.367231
updateU_new_time	5.223225
runtime	6.524807
--------------------------------------------------!
***************dt=2.000000***************
***************flag=0***************
--------------------------------------------------!
time		0.000000
wall time	384.911835
*******************************
dgemm_time	181.069672
conv_transfer_time	0.000000
conv_calculate_time	6109.020508
elastic_calculate_time	6109.062012
Allen_Cahn_nonlinear_time	6282.343750
Cahn_Hilliard_nonlinear_time	0.011840
trans_time	54.262707
trans_Memcpy_time	27.440771
trans_MPI_time	18.148888
trans_pack_time	0.555522
trans_enlarge_time	0.799840
trans_mu_time	0.504480
trans_unpack_time	6.355711
updateU_new_time	5.223385
runtime	6.524448
--------------------------------------------------!
***************dt=2.000000***************
***************flag=0***************
--------------------------------------------------!
time		0.000000
wall time	391.436722
*******************************
dgemm_time	181.061996
conv_transfer_time	0.000000
conv_calculate_time	6107.119629
elastic_calculate_time	6107.160645
Allen_Cahn_nonlinear_time	6279.553711
Cahn_Hilliard_nonlinear_time	0.011680
trans_time	54.364494
trans_Memcpy_time	27.489571
trans_MPI_time	18.123447
trans_pack_time	0.561442
trans_enlarge_time	0.806720
trans_mu_time	0.508800
trans_unpack_time	6.355550
updateU_new_time	5.225305
runtime	6.521581
--------------------------------------------------!
***************dt=2.000000***************
***************flag=0***************
--------------------------------------------------!
time		0.000000
wall time	397.961259
*******************************
dgemm_time	181.048538
conv_transfer_time	0.000000
conv_calculate_time	6110.689453
elastic_calculate_time	6110.728027
Allen_Cahn_nonlinear_time	6283.337402
Cahn_Hilliard_nonlinear_time	0.012000
trans_time	54.389133
trans_Memcpy_time	27.486530
trans_MPI_time	18.210806
trans_pack_time	0.555042
trans_enlarge_time	0.795520
trans_mu_time	0.516800
trans_unpack_time	6.367390
updateU_new_time	5.223864
runtime	6.525193
--------------------------------------------------!
***************dt=2.000000***************
***************flag=0***************
--------------------------------------------------!
time		0.000000
wall time	404.482919
*******************************
dgemm_time	181.073334
conv_transfer_time	0.000000
conv_calculate_time	6108.841797
elastic_calculate_time	6108.880859
Allen_Cahn_nonlinear_time	6281.777344
Cahn_Hilliard_nonlinear_time	0.011840
trans_time	54.229576
trans_Memcpy_time	27.492289
trans_MPI_time	18.061043
trans_pack_time	0.557442
trans_enlarge_time	0.798720
trans_mu_time	0.508960
trans_unpack_time	6.350430
updateU_new_time	5.242904
runtime	6.523529
--------------------------------------------------!
***************dt=2.000000***************
***************flag=0***************
--------------------------------------------------!
time		0.000000
wall time	411.008190
*******************************
dgemm_time	180.977005
conv_transfer_time	0.000000
conv_calculate_time	6107.385742
elastic_calculate_time	6107.439453
Allen_Cahn_nonlinear_time	6280.626953
Cahn_Hilliard_nonlinear_time	0.012000
trans_time	54.226345
trans_Memcpy_time	27.528284
trans_MPI_time	18.044085
trans_pack_time	0.556642
trans_enlarge_time	0.774560
trans_mu_time	0.505600
trans_unpack_time	6.357309
updateU_new_time	5.233273
runtime	6.519721
--------------------------------------------------!
***************dt=2.000000***************
***************flag=0***************
--------------------------------------------------!
time		0.000000
wall time	417.531787
*******************************
dgemm_time	181.003571
conv_transfer_time	0.000000
conv_calculate_time	6109.152344
elastic_calculate_time	6109.189453
Allen_Cahn_nonlinear_time	6279.939941
Cahn_Hilliard_nonlinear_time	0.013760
trans_time	54.222458
trans_Memcpy_time	27.452122
trans_MPI_time	18.058693
trans_pack_time	0.557920
trans_enlarge_time	0.783360
trans_mu_time	0.505600
trans_unpack_time	6.360151
updateU_new_time	5.225433
runtime	6.521440
--------------------------------------------------!
***************dt=2.000000***************
***************flag=0***************
--------------------------------------------------!
time		0.000000
wall time	424.051592
*******************************
dgemm_time	181.032852
conv_transfer_time	0.000000
conv_calculate_time	6106.354004
elastic_calculate_time	6106.392578
Allen_Cahn_nonlinear_time	6277.751465
Cahn_Hilliard_nonlinear_time	0.012000
trans_time	54.359798
trans_Memcpy_time	27.406843
trans_MPI_time	18.255013
trans_pack_time	0.559040
trans_enlarge_time	0.812960
trans_mu_time	0.502880
trans_unpack_time	6.364791
updateU_new_time	5.224473
runtime	6.519775
--------------------------------------------------!
***************dt=2.000000***************
***************flag=0***************
--------------------------------------------------!
time		0.000000
wall time	430.573115
*******************************
dgemm_time	181.014160
conv_transfer_time	0.000000
conv_calculate_time	6105.695801
elastic_calculate_time	6105.742188
Allen_Cahn_nonlinear_time	6278.344238
Cahn_Hilliard_nonlinear_time	0.011840
trans_time	54.198303
trans_Memcpy_time	27.375002
trans_MPI_time	18.168774
trans_pack_time	0.559360
trans_enlarge_time	0.786720
trans_mu_time	0.503200
trans_unpack_time	6.347351
updateU_new_time	5.222394
runtime	6.520314
--------------------------------------------------!
***************dt=2.000000***************
***************flag=0***************
--------------------------------------------------!
time		0.000000
wall time	437.092970
*******************************
dgemm_time	181.023315
conv_transfer_time	0.000000
conv_calculate_time	6109.066406
elastic_calculate_time	6109.105469
Allen_Cahn_nonlinear_time	6281.104004
Cahn_Hilliard_nonlinear_time	0.011680
trans_time	54.235653
trans_Memcpy_time	27.463327
trans_MPI_time	18.089577
trans_pack_time	0.558080
trans_enlarge_time	0.792320
trans_mu_time	0.510240
trans_unpack_time	6.365912
updateU_new_time	5.238395
runtime	6.523083
--------------------------------------------------!
***************dt=2.000000***************
***************flag=0***************
--------------------------------------------------!
time		0.000000
wall time	443.613353
*******************************
dgemm_time	181.023514
conv_transfer_time	0.000000
conv_calculate_time	6107.640625
elastic_calculate_time	6107.681152
Allen_Cahn_nonlinear_time	6279.762207
Cahn_Hilliard_nonlinear_time	0.012160
trans_time	54.285969
trans_Memcpy_time	27.433250
trans_MPI_time	18.155180
trans_pack_time	0.566080
trans_enlarge_time	0.796160
trans_mu_time	0.503040
trans_unpack_time	6.370873
updateU_new_time	5.223995
runtime	6.521701
--------------------------------------------------!
***************dt=2.000000***************
***************flag=0***************
--------------------------------------------------!
time		0.000000
wall time	450.136518
*******************************
dgemm_time	181.044647
conv_transfer_time	0.000000
conv_calculate_time	6104.426758
elastic_calculate_time	6104.464844
Allen_Cahn_nonlinear_time	6277.946289
Cahn_Hilliard_nonlinear_time	0.011840
trans_time	54.287529
trans_Memcpy_time	27.483335
trans_MPI_time	18.066864
trans_pack_time	0.558240
trans_enlarge_time	0.775520
trans_mu_time	0.509920
trans_unpack_time	6.381114
updateU_new_time	5.222876
runtime	6.519734
--------------------------------------------------!
***************dt=2.000000***************
***************flag=0***************
--------------------------------------------------!
time		0.000000
wall time	456.658308
*******************************
dgemm_time	181.021317
conv_transfer_time	0.000000
conv_calculate_time	6107.562012
elastic_calculate_time	6107.602051
Allen_Cahn_nonlinear_time	6279.309082
Cahn_Hilliard_nonlinear_time	0.011680
trans_time	54.406437
trans_Memcpy_time	27.432463
trans_MPI_time	18.264786
trans_pack_time	0.559520
trans_enlarge_time	0.805600
trans_mu_time	0.511840
trans_unpack_time	6.367355
updateU_new_time	5.225597
runtime	6.521434
--------------------------------------------------!
***************dt=2.000000***************
***************flag=0***************
--------------------------------------------------!
time		0.000000
wall time	463.178113
*******************************
dgemm_time	181.024384
conv_transfer_time	0.000000
conv_calculate_time	6107.689453
elastic_calculate_time	6107.728027
Allen_Cahn_nonlinear_time	6280.331543
Cahn_Hilliard_nonlinear_time	0.012000
trans_time	54.282494
trans_Memcpy_time	27.436787
trans_MPI_time	18.157108
trans_pack_time	0.557280
trans_enlarge_time	0.809600
trans_mu_time	0.502400
trans_unpack_time	6.357276
updateU_new_time	5.225758
runtime	6.522572
--------------------------------------------------!
***************dt=2.000000***************
***************flag=0***************
--------------------------------------------------!
time		0.000000
wall time	469.699614
*******************************
dgemm_time	180.927444
conv_transfer_time	0.000000
conv_calculate_time	6108.090332
elastic_calculate_time	6108.128418
Allen_Cahn_nonlinear_time	6280.663574
Cahn_Hilliard_nonlinear_time	0.011520
trans_time	54.270863
trans_Memcpy_time	27.433270
trans_MPI_time	18.149590
trans_pack_time	0.557120
trans_enlarge_time	0.784640
trans_mu_time	0.511680
trans_unpack_time	6.376317
updateU_new_time	5.230399
runtime	6.522704
--------------------------------------------------!
***************dt=2.000000***************
***************flag=0***************
--------------------------------------------------!
time		0.000000
wall time	476.222257
*******************************
dgemm_time	181.027161
conv_transfer_time	0.000000
conv_calculate_time	6108.514160
elastic_calculate_time	6108.555176
Allen_Cahn_nonlinear_time	6280.870605
Cahn_Hilliard_nonlinear_time	0.011840
trans_time	54.251232
trans_Memcpy_time	27.365595
trans_MPI_time	18.160154
trans_pack_time	0.584960
trans_enlarge_time	0.797120
trans_mu_time	0.504160
trans_unpack_time	6.376478
updateU_new_time	5.223039
runtime	6.522655
--------------------------------------------------!
***************dt=2.000000***************
***************flag=0***************
--------------------------------------------------!
time		0.000000
wall time	482.745026
*******************************
dgemm_time	181.013733
conv_transfer_time	0.000000
conv_calculate_time	6107.287598
elastic_calculate_time	6107.333984
Allen_Cahn_nonlinear_time	6279.641113
Cahn_Hilliard_nonlinear_time	0.011840
trans_time	54.758247
trans_Memcpy_time	27.383675
trans_MPI_time	18.675198
trans_pack_time	0.552640
trans_enlarge_time	0.792480
trans_mu_time	0.503680
trans_unpack_time	6.383359
updateU_new_time	5.222880
runtime	6.521713
--------------------------------------------------!
***************dt=2.000000***************
***************flag=0***************
--------------------------------------------------!
time		0.000000
wall time	489.267764
*******************************
dgemm_time	180.988647
conv_transfer_time	0.000000
conv_calculate_time	6108.816406
elastic_calculate_time	6108.854004
Allen_Cahn_nonlinear_time	6281.042480
Cahn_Hilliard_nonlinear_time	0.011680
trans_time	54.286606
trans_Memcpy_time	27.431681
trans_MPI_time	18.189760
trans_pack_time	0.561440
trans_enlarge_time	0.773440
trans_mu_time	0.508160
trans_unpack_time	6.358400
updateU_new_time	5.224000
runtime	6.522954
--------------------------------------------------!
***************dt=2.000000***************
***************flag=0***************
--------------------------------------------------!
time		0.000000
wall time	495.789570
*******************************
dgemm_time	180.962341
conv_transfer_time	0.000000
conv_calculate_time	6107.262207
elastic_calculate_time	6107.313965
Allen_Cahn_nonlinear_time	6279.922363
Cahn_Hilliard_nonlinear_time	0.012000
trans_time	54.306213
trans_Memcpy_time	27.411518
trans_MPI_time	18.196640
trans_pack_time	0.556480
trans_enlarge_time	0.818880
trans_mu_time	0.504640
trans_unpack_time	6.355040
updateU_new_time	5.222722
runtime	6.521991
--------------------------------------------------!
***************dt=2.000000***************
***************flag=0***************
--------------------------------------------------!
time		0.000000
wall time	502.312610
*******************************
dgemm_time	180.998108
conv_transfer_time	0.000000
conv_calculate_time	6106.213867
elastic_calculate_time	6106.265625
Allen_Cahn_nonlinear_time	6280.449707
Cahn_Hilliard_nonlinear_time	0.011840
trans_time	54.218559
trans_Memcpy_time	27.419851
trans_MPI_time	18.128490
trans_pack_time	0.556800
trans_enlarge_time	0.795680
trans_mu_time	0.501280
trans_unpack_time	6.360963
updateU_new_time	5.228805
runtime	6.522235
--------------------------------------------------!
***************dt=2.000000***************
***************flag=0***************
--------------------------------------------------!
time		0.000000
wall time	508.834683
*******************************
dgemm_time	181.008911
conv_transfer_time	0.000000
conv_calculate_time	6107.430176
elastic_calculate_time	6107.468262
Allen_Cahn_nonlinear_time	6278.909668
Cahn_Hilliard_nonlinear_time	0.012000
trans_time	54.279072
trans_Memcpy_time	27.424986
trans_MPI_time	18.071058
trans_pack_time	0.584640
trans_enlarge_time	0.798240
trans_mu_time	0.503680
trans_unpack_time	6.381126
updateU_new_time	5.223688
runtime	6.521340
--------------------------------------------------!
***************dt=2.000000***************
***************flag=0***************
--------------------------------------------------!
time		0.000000
wall time	515.356999
*******************************
dgemm_time	181.053009
conv_transfer_time	0.000000
conv_calculate_time	6108.017578
elastic_calculate_time	6108.056152
Allen_Cahn_nonlinear_time	6280.585938
Cahn_Hilliard_nonlinear_time	0.012160
trans_time	54.284058
trans_Memcpy_time	27.406443
trans_MPI_time	18.182587
trans_pack_time	0.561120
trans_enlarge_time	0.797920
trans_mu_time	0.499840
trans_unpack_time	6.377930
updateU_new_time	5.224010
runtime	6.522114
--------------------------------------------------!
***************dt=2.000000***************
***************flag=0***************
--------------------------------------------------!
time		0.000000
wall time	521.878415
*******************************
dgemm_time	181.022705
conv_transfer_time	0.000000
conv_calculate_time	6108.343750
elastic_calculate_time	6108.383789
Allen_Cahn_nonlinear_time	6280.332031
Cahn_Hilliard_nonlinear_time	0.011680
trans_time	54.242092
trans_Memcpy_time	27.439411
trans_MPI_time	18.131077
trans_pack_time	0.558720
trans_enlarge_time	0.786400
trans_mu_time	0.507680
trans_unpack_time	6.360813
updateU_new_time	5.224173
runtime	6.522406
--------------------------------------------------!
***************dt=2.000000***************
***************flag=0***************
--------------------------------------------------!
time		0.000000
wall time	528.400620
*******************************
dgemm_time	180.999268
conv_transfer_time	0.000000
conv_calculate_time	6107.942871
elastic_calculate_time	6107.982422
Allen_Cahn_nonlinear_time	6280.358887
Cahn_Hilliard_nonlinear_time	0.012160
trans_time	54.378639
trans_Memcpy_time	27.571587
trans_MPI_time	18.094604
trans_pack_time	0.554240
trans_enlarge_time	0.813920
trans_mu_time	0.517280
trans_unpack_time	6.363856
updateU_new_time	5.223375
runtime	6.522630
--------------------------------------------------!
***************dt=2.000000***************
***************flag=0***************
--------------------------------------------------!
time		0.000000
wall time	534.923106
*******************************
dgemm_time	181.018234
conv_transfer_time	0.000000
conv_calculate_time	6107.390625
elastic_calculate_time	6107.428711
Allen_Cahn_nonlinear_time	6280.481934
Cahn_Hilliard_nonlinear_time	0.011840
trans_time	54.211918
trans_Memcpy_time	27.367762
trans_MPI_time	18.159412
trans_pack_time	0.556800
trans_enlarge_time	0.798560
trans_mu_time	0.503040
trans_unpack_time	6.364019
updateU_new_time	5.236978
runtime	6.522830
--------------------------------------------------!
***************dt=2.000000***************
***************flag=0***************
--------------------------------------------------!
time		0.000000
wall time	541.445820
*******************************
dgemm_time	181.016388
conv_transfer_time	0.000000
conv_calculate_time	6112.671875
elastic_calculate_time	6112.709961
Allen_Cahn_nonlinear_time	6285.682129
Cahn_Hilliard_nonlinear_time	0.011840
trans_time	54.309563
trans_Memcpy_time	27.403774
trans_MPI_time	18.218782
trans_pack_time	0.571361
trans_enlarge_time	0.787200
trans_mu_time	0.502240
trans_unpack_time	6.367222
updateU_new_time	5.220820
runtime	6.527525
--------------------------------------------------!
***************dt=2.000000***************
***************flag=0***************
--------------------------------------------------!
time		0.000000
wall time	547.968699
*******************************
dgemm_time	181.022705
conv_transfer_time	0.000000
conv_calculate_time	6106.066406
elastic_calculate_time	6106.104492
Allen_Cahn_nonlinear_time	6278.269043
Cahn_Hilliard_nonlinear_time	0.011680
trans_time	54.351475
trans_Memcpy_time	27.365383
trans_MPI_time	18.314791
trans_pack_time	0.553442
trans_enlarge_time	0.777600
trans_mu_time	0.507840
trans_unpack_time	6.373945
updateU_new_time	5.223862
runtime	6.520475
--------------------------------------------------!
***************dt=2.000000***************
***************flag=0***************
--------------------------------------------------!
time		0.000000
wall time	554.496306
*******************************
dgemm_time	181.051743
conv_transfer_time	0.000000
conv_calculate_time	6107.746582
elastic_calculate_time	6107.785156
Allen_Cahn_nonlinear_time	6280.209473
Cahn_Hilliard_nonlinear_time	0.011680
trans_time	54.348129
trans_Memcpy_time	27.445879
trans_MPI_time	18.217520
trans_pack_time	0.561442
trans_enlarge_time	0.804000
trans_mu_time	0.502240
trans_unpack_time	6.357787
updateU_new_time	5.223225
runtime	6.522416
--------------------------------------------------!
***************dt=2.000000***************
***************flag=0***************
--------------------------------------------------!
time		0.000000
wall time	561.016829
*******************************
dgemm_time	181.057526
conv_transfer_time	0.000000
conv_calculate_time	6107.074219
elastic_calculate_time	6107.132324
Allen_Cahn_nonlinear_time	6279.438965
Cahn_Hilliard_nonlinear_time	0.012000
trans_time	54.293850
trans_Memcpy_time	27.405247
trans_MPI_time	18.206486
trans_pack_time	0.552962
trans_enlarge_time	0.789600
trans_mu_time	0.521600
trans_unpack_time	6.358590
updateU_new_time	5.226265
runtime	6.521663
--------------------------------------------------!
***************dt=2.000000***************
***************flag=0***************
--------------------------------------------------!
time		0.000000
wall time	567.539291
*******************************
dgemm_time	181.009232
conv_transfer_time	0.000000
conv_calculate_time	6109.084473
elastic_calculate_time	6109.124023
Allen_Cahn_nonlinear_time	6280.392578
Cahn_Hilliard_nonlinear_time	0.011840
trans_time	54.427849
trans_Memcpy_time	27.726213
trans_MPI_time	17.940407
trans_pack_time	0.556322
trans_enlarge_time	0.816800
trans_mu_time	0.504960
trans_unpack_time	6.366591
updateU_new_time	5.236026
runtime	6.522999
--------------------------------------------------!
***************dt=2.000000***************
***************flag=0***************
--------------------------------------------------!
time		0.000000
wall time	574.061003
*******************************
dgemm_time	180.977737
conv_transfer_time	0.000000
conv_calculate_time	6107.816895
elastic_calculate_time	6107.856445
Allen_Cahn_nonlinear_time	6279.355469
Cahn_Hilliard_nonlinear_time	0.011680
trans_time	54.278805
trans_Memcpy_time	27.492619
trans_MPI_time	18.087610
trans_pack_time	0.561762
trans_enlarge_time	0.796800
trans_mu_time	0.511520
trans_unpack_time	6.372192
updateU_new_time	5.221147
runtime	6.521241
--------------------------------------------------!
***************dt=2.000000***************
***************flag=0***************
--------------------------------------------------!
time		0.000000
wall time	580.584050
*******************************
dgemm_time	181.079041
conv_transfer_time	0.000000
conv_calculate_time	6108.920898
elastic_calculate_time	6108.968750
Allen_Cahn_nonlinear_time	6281.946777
Cahn_Hilliard_nonlinear_time	0.012000
trans_time	54.305264
trans_Memcpy_time	27.425579
trans_MPI_time	18.188091
trans_pack_time	0.555362
trans_enlarge_time	0.776320
trans_mu_time	0.511360
trans_unpack_time	6.391873
updateU_new_time	5.223227
runtime	6.523410
--------------------------------------------------!
***************dt=2.000000***************
***************flag=0***************
--------------------------------------------------!
time		0.000000
wall time	587.105339
*******************************
dgemm_time	180.975067
conv_transfer_time	0.000000
conv_calculate_time	6107.174316
elastic_calculate_time	6107.213867
Allen_Cahn_nonlinear_time	6280.316895
Cahn_Hilliard_nonlinear_time	0.012000
trans_time	54.431290
trans_Memcpy_time	27.336782
trans_MPI_time	18.409216
trans_pack_time	0.555202
trans_enlarge_time	0.813280
trans_mu_time	0.505760
trans_unpack_time	6.356033
updateU_new_time	5.222908
runtime	6.522296
--------------------------------------------------!
***************dt=2.000000***************
***************flag=0***************
--------------------------------------------------!
time		0.000000
wall time	593.628797
*******************************
dgemm_time	181.048279
conv_transfer_time	0.000000
conv_calculate_time	6108.511230
elastic_calculate_time	6108.549805
Allen_Cahn_nonlinear_time	6281.894531
Cahn_Hilliard_nonlinear_time	0.011680
trans_time	54.259567
trans_Memcpy_time	27.408308
trans_MPI_time	18.183138
trans_pack_time	0.559202
trans_enlarge_time	0.787680
trans_mu_time	0.505120
trans_unpack_time	6.356834
updateU_new_time	5.226595
runtime	6.524295
--------------------------------------------------!
***************dt=2.000000***************
***************flag=0***************
--------------------------------------------------!
time		0.000000
wall time	600.151140
*******************************
dgemm_time	181.099823
conv_transfer_time	0.000000
conv_calculate_time	6107.481934
elastic_calculate_time	6107.520508
Allen_Cahn_nonlinear_time	6278.979492
Cahn_Hilliard_nonlinear_time	0.011680
trans_time	54.219196
trans_Memcpy_time	27.516989
trans_MPI_time	17.979004
trans_pack_time	0.556643
trans_enlarge_time	0.782721
trans_mu_time	0.511520
trans_unpack_time	6.355244
updateU_new_time	5.229814
runtime	6.523084
--------------------------------------------------!
***************dt=2.000000***************
***************flag=0***************
--------------------------------------------------!
time		0.000000
wall time	606.675483
*******************************
dgemm_time	181.064636
conv_transfer_time	0.000000
conv_calculate_time	6106.743652
elastic_calculate_time	6106.782715
Allen_Cahn_nonlinear_time	6279.082520
Cahn_Hilliard_nonlinear_time	0.011840
trans_time	54.263180
trans_Memcpy_time	27.435163
trans_MPI_time	18.131390
trans_pack_time	0.556325
trans_enlarge_time	0.792486
trans_mu_time	0.504160
trans_unpack_time	6.388226
updateU_new_time	5.227735
runtime	6.520700
--------------------------------------------------!
***************dt=2.000000***************
***************flag=0***************
--------------------------------------------------!
time		0.000000
wall time	613.198615
*******************************
dgemm_time	181.039841
conv_transfer_time	0.000000
conv_calculate_time	6106.822266
elastic_calculate_time	6106.861328
Allen_Cahn_nonlinear_time	6278.730957
Cahn_Hilliard_nonlinear_time	0.011680
trans_time	54.245804
trans_Memcpy_time	27.395164
trans_MPI_time	18.128990
trans_pack_time	0.559205
trans_enlarge_time	0.808806
trans_mu_time	0.506401
trans_unpack_time	6.383267
updateU_new_time	5.226455
runtime	6.520730
--------------------------------------------------!
***************dt=2.000000***************
***************flag=0***************
--------------------------------------------------!
time		0.000000
wall time	619.719362
*******************************
dgemm_time	181.074402
conv_transfer_time	0.000000
conv_calculate_time	6108.233887
elastic_calculate_time	6108.271973
Allen_Cahn_nonlinear_time	6280.254395
Cahn_Hilliard_nonlinear_time	0.011680
trans_time	54.188816
trans_Memcpy_time	27.409567
trans_MPI_time	18.098272
trans_pack_time	0.556325
trans_enlarge_time	0.794566
trans_mu_time	0.512161
trans_unpack_time	6.354787
updateU_new_time	5.225975
runtime	6.521951
--------------------------------------------------!
***************dt=2.000000***************
***************flag=0***************
--------------------------------------------------!
time		0.000000
wall time	626.240141
*******************************
dgemm_time	181.017288
conv_transfer_time	0.000000
conv_calculate_time	6106.933594
elastic_calculate_time	6106.972656
Allen_Cahn_nonlinear_time	6279.215332
Cahn_Hilliard_nonlinear_time	0.012160
trans_time	54.246986
trans_Memcpy_time	27.429249
trans_MPI_time	18.133633
trans_pack_time	0.556325
trans_enlarge_time	0.817286
trans_mu_time	0.502560
trans_unpack_time	6.349827
updateU_new_time	5.223575
runtime	6.521062
--------------------------------------------------!
***************dt=2.000000***************
***************flag=0***************
--------------------------------------------------!
time		0.000000
wall time	632.762140
*******************************
dgemm_time	181.037598
conv_transfer_time	0.000000
conv_calculate_time	6109.122559
elastic_calculate_time	6109.160645
Allen_Cahn_nonlinear_time	6281.124023
Cahn_Hilliard_nonlinear_time	0.012160
trans_time	54.689590
trans_Memcpy_time	27.447491
trans_MPI_time	18.492037
trans_pack_time	0.558405
trans_enlarge_time	0.793766
trans_mu_time	0.509760
trans_unpack_time	6.373987
updateU_new_time	5.226935
runtime	6.523084
--------------------------------------------------!
***************dt=2.000000***************
***************flag=0***************
--------------------------------------------------!
time		0.000000
wall time	639.283249
*******************************
dgemm_time	180.989594
conv_transfer_time	0.000000
conv_calculate_time	6104.687500
elastic_calculate_time	6104.726074
Allen_Cahn_nonlinear_time	6276.584473
Cahn_Hilliard_nonlinear_time	0.011520
trans_time	54.219135
trans_Memcpy_time	27.367805
trans_MPI_time	18.183710
trans_pack_time	0.554725
trans_enlarge_time	0.781766
trans_mu_time	0.509601
trans_unpack_time	6.363907
updateU_new_time	5.224535
runtime	6.518612
--------------------------------------------------!
***************dt=2.000000***************
***************flag=0***************
--------------------------------------------------!
time		0.000000
wall time	645.806383
*******************************
dgemm_time	181.038055
conv_transfer_time	0.000000
conv_calculate_time	6106.831543
elastic_calculate_time	6106.868652
Allen_Cahn_nonlinear_time	6278.691406
Cahn_Hilliard_nonlinear_time	0.012160
trans_time	54.213192
trans_Memcpy_time	27.371487
trans_MPI_time	18.137630
trans_pack_time	0.551045
trans_enlarge_time	0.795526
trans_mu_time	0.503840
trans_unpack_time	6.389987
updateU_new_time	5.222935
runtime	6.520373
--------------------------------------------------!
***************dt=2.000000***************
***************flag=0***************
--------------------------------------------------!
time		0.000000
wall time	652.325043
