running   on	512   processors
restart		0
nx,ny,nz	260	260	260
px,py,pz	8	8	8
nghost		2
output   dir	./output/output2/
data   dir	./data/
dt,t_total	2.000000,200.100000
ELASTIC		1
ANISOTROPIC		1
nac,nch		6,2
xmin,ymin,zmin	0.000000	0.000000	0.000000
xmax,ymax,zmax	2048.000000	2048.000000	2048.000000
checkpoint_,nchk,chk	1,1000,0
nout		10000
Approx		32
detect_iter		100000
Reading input.txt file:
myrank = 422 P = 1 Q = 0
myrank = 407 P = 3 Q = 1
myrank = 363 P = 3 Q = 5
myrank = 420 P = 3 Q = 3
myrank = 402 P = 4 Q = 5
myrank = 404 P = 2 Q = 5
myrank = 371 P = 3 Q = 3
myrank = 365 P = 0 Q = 2
myrank = 364 P = 2 Q = 0
myrank = 401 P = 4 Q = 5
myrank = 356 P = 5 Q = 2
myrank = 367 P = 4 Q = 2
myrank = 421 P = 4 Q = 3
myrank = 410 P = 2 Q = 0
myrank = 411 P = 0 Q = 2
myrank = 423 P = 2 Q = 2
myrank = 435 P = 1 Q = 3
myrank = 358 P = 4 Q = 1
myrank = 366 P = 4 Q = 4
myrank = 361 P = 5 Q = 0
myrank = 400 P = 0 Q = 5
myrank = 427 P = 3 Q = 5
myrank = 403 P = 5 Q = 1
myrank = 359 P = 3 Q = 1
myrank = 386 P = 4 Q = 5
myrank = 415 P = 4 Q = 5
myrank = 357 P = 3 Q = 4
myrank = 434 P = 1 Q = 5
myrank = 408 P = 1 Q = 0
myrank = 355 P = 5 Q = 2
myrank = 409 P = 4 Q = 4
myrank = 354 P = 1 Q = 2
myrank = 399 P = 5 Q = 3
myrank = 431 P = 5 Q = 3
myrank = 350 P = 0 Q = 0
myrank = 406 P = 4 Q = 3
myrank = 349 P = 5 Q = 4
myrank = 387 P = 4 Q = 3
myrank = 345 P = 1 Q = 1
myrank = 424 P = 3 Q = 5
myrank = 405 P = 3 Q = 4
myrank = 385 P = 3 Q = 0
myrank = 352 P = 3 Q = 0
myrank = 368 P = 5 Q = 4
myrank = 397 P = 5 Q = 3
myrank = 348 P = 5 Q = 3
myrank = 375 P = 5 Q = 3
myrank = 412 P = 5 Q = 3
myrank = 413 P = 0 Q = 2
myrank = 347 P = 1 Q = 4
myrank = 158 P = 0 Q = 1
myrank = 372 P = 0 Q = 1
myrank = 344 P = 0 Q = 2
myrank = 46 P = 4 Q = 3
myrank = 432 P = 5 Q = 0
myrank = 47 P = 5 Q = 2
myrank = 369 P = 5 Q = 5
myrank = 433 P = 0 Q = 0
myrank = 353 P = 4 Q = 2
myrank = 351 P = 0 Q = 0
myrank = 414 P = 0 Q = 5
myrank = 370 P = 2 Q = 1
myrank = 429 P = 5 Q = 0
myrank = 384 P = 5 Q = 1
myrank = 346 P = 0 Q = 2
myrank = 44 P = 4 Q = 0
myrank = 45 P = 2 Q = 5
myrank = 360 P = 4 Q = 3
myrank = 157 P = 5 Q = 5
myrank = 374 P = 4 Q = 3
myrank = 362 P = 5 Q = 0
myrank = 35 P = 3 Q = 5
myrank = 211 P = 2 Q = 2
myrank = 156 P = 2 Q = 1
myrank = 425 P = 2 Q = 2
myrank = 208 P = 3 Q = 3
myrank = 373 P = 1 Q = 3
myrank = 430 P = 1 Q = 1
myrank = 511 P = 1 Q = 4
myrank = 379 P = 3 Q = 5
myrank = 343 P = 3 Q = 4
myrank = 428 P = 1 Q = 4
myrank = 382 P = 1 Q = 1
myrank = 209 P = 1 Q = 0
myrank = 510 P = 0 Q = 5
myrank = 159 P = 4 Q = 0
myrank = 509 P = 0 Q = 4
myrank = 279 P = 5 Q = 0
myrank = 418 P = 5 Q = 4
myrank = 508 P = 5 Q = 5
myrank = 380 P = 4 Q = 4
myrank = 396 P = 2 Q = 0
myrank = 215 P = 0 Q = 2
myrank = 416 P = 2 Q = 1
myrank = 299 P = 4 Q = 4
myrank = 210 P = 4 Q = 0
myrank = 426 P = 3 Q = 4
myrank = 277 P = 4 Q = 0
myrank = 392 P = 3 Q = 5
myrank = 383 P = 5 Q = 3
myrank = 340 P = 4 Q = 2
myrank = 394 P = 3 Q = 4
myrank = 381 P = 2 Q = 1
myrank = 214 P = 4 Q = 4
myrank = 376 P = 0 Q = 2
myrank = 377 P = 2 Q = 5
myrank = 213 P = 3 Q = 2
myrank = 378 P = 0 Q = 5
myrank = 32 P = 2 Q = 3
myrank = 398 P = 3 Q = 0
myrank = 212 P = 3 Q = 5
myrank = 496 P = 0 Q = 2
myrank = 4 P = 5 Q = 1
myrank = 5 P = 2 Q = 3
myrank = 389 P = 4 Q = 0
myrank = 390 P = 2 Q = 5
myrank = 388 P = 4 Q = 5
myrank = 33 P = 3 Q = 2
myrank = 391 P = 3 Q = 1
myrank = 51 P = 1 Q = 5
myrank = 296 P = 3 Q = 2
myrank = 507 P = 0 Q = 5
myrank = 278 P = 1 Q = 4
myrank = 34 P = 5 Q = 3
myrank = 468 P = 0 Q = 0
myrank = 311 P = 3 Q = 1
myrank = 395 P = 4 Q = 1
myrank = 471 P = 2 Q = 2
myrank = 276 P = 0 Q = 1
myrank = 295 P = 0 Q = 2
myrank = 490 P = 0 Q = 4
myrank = 292 P = 1 Q = 3
myrank = 205 P = 5 Q = 4
myrank = 300 P = 2 Q = 0
myrank = 488 P = 3 Q = 4
myrank = 6 P = 5 Q = 4
myrank = 11 P = 1 Q = 0
myrank = 487 P = 0 Q = 4
myrank = 53 P = 2 Q = 3
myrank = 309 P = 3 Q = 5
myrank = 491 P = 4 Q = 0
myrank = 308 P = 3 Q = 1
myrank = 494 P = 0 Q = 5
myrank = 10 P = 5 Q = 5
myrank = 335 P = 5 Q = 4
myrank = 206 P = 3 Q = 1
myrank = 476 P = 1 Q = 1
myrank = 419 P = 0 Q = 0
myrank = 7 P = 3 Q = 0
myrank = 8 P = 3 Q = 4
myrank = 192 P = 5 Q = 5
myrank = 469 P = 4 Q = 2
myrank = 55 P = 3 Q = 0
myrank = 310 P = 1 Q = 1
myrank = 495 P = 2 Q = 3
myrank = 302 P = 0 Q = 3
myrank = 207 P = 4 Q = 0
myrank = 393 P = 4 Q = 1
myrank = 489 P = 4 Q = 3
myrank = 493 P = 2 Q = 3
myrank = 504 P = 1 Q = 3
myrank = 263 P = 0 Q = 2
myrank = 220 P = 2 Q = 1
myrank = 417 P = 5 Q = 1
myrank = 256 P = 0 Q = 0
myrank = 492 P = 5 Q = 5
myrank = 204 P = 5 Q = 1
myrank = 499 P = 5 Q = 1
myrank = 342 P = 5 Q = 5
myrank = 503 P = 0 Q = 0
myrank = 20 P = 0 Q = 3
myrank = 15 P = 1 Q = 4
myrank = 259 P = 5 Q = 2
myrank = 497 P = 1 Q = 1
myrank = 484 P = 1 Q = 5
myrank = 103 P = 0 Q = 0
myrank = 470 P = 1 Q = 0
myrank = 225 P = 5 Q = 5
myrank = 1 P = 3 Q = 5
myrank = 224 P = 5 Q = 2
myrank = 261 P = 0 Q = 5
myrank = 160 P = 3 Q = 4
myrank = 247 P = 3 Q = 5
myrank = 54 P = 5 Q = 1
myrank = 501 P = 0 Q = 4
myrank = 505 P = 1 Q = 3
myrank = 303 P = 5 Q = 3
myrank = 294 P = 2 Q = 5
myrank = 486 P = 2 Q = 4
myrank = 95 P = 2 Q = 2
myrank = 108 P = 2 Q = 4
myrank = 9 P = 4 Q = 0
myrank = 163 P = 5 Q = 3
myrank = 162 P = 4 Q = 0
myrank = 101 P = 5 Q = 3
myrank = 22 P = 4 Q = 5
myrank = 3 P = 1 Q = 5
myrank = 193 P = 3 Q = 1
myrank = 506 P = 5 Q = 5
myrank = 332 P = 4 Q = 2
myrank = 2 P = 1 Q = 1
myrank = 257 P = 4 Q = 5
myrank = 79 P = 4 Q = 3
myrank = 0 P = 3 Q = 2
myrank = 498 P = 4 Q = 5
myrank = 128 P = 2 Q = 5
myrank = 194 P = 1 Q = 3
myrank = 293 P = 1 Q = 0
myrank = 260 P = 3 Q = 4
myrank = 334 P = 4 Q = 4
myrank = 50 P = 4 Q = 1
myrank = 93 P = 5 Q = 5
myrank = 333 P = 5 Q = 4
myrank = 14 P = 3 Q = 2
myrank = 477 P = 2 Q = 0
myrank = 267 P = 0 Q = 0
myrank = 100 P = 5 Q = 1
myrank = 479 P = 5 Q = 0
myrank = 13 P = 5 Q = 2
myrank = 221 P = 3 Q = 0
myrank = 341 P = 4 Q = 3
myrank = 199 P = 0 Q = 5
myrank = 23 P = 3 Q = 0
myrank = 226 P = 3 Q = 2
myrank = 478 P = 1 Q = 4
myrank = 12 P = 5 Q = 5
myrank = 271 P = 4 Q = 5
myrank = 318 P = 4 Q = 5
myrank = 49 P = 3 Q = 5
myrank = 301 P = 2 Q = 4
myrank = 264 P = 4 Q = 4
myrank = 227 P = 0 Q = 1
myrank = 59 P = 1 Q = 2
myrank = 110 P = 3 Q = 1
myrank = 268 P = 5 Q = 0
myrank = 196 P = 5 Q = 3
myrank = 111 P = 1 Q = 3
myrank = 500 P = 5 Q = 4
myrank = 197 P = 5 Q = 2
myrank = 198 P = 2 Q = 3
myrank = 246 P = 5 Q = 3
myrank = 78 P = 1 Q = 0
myrank = 202 P = 5 Q = 4
myrank = 223 P = 1 Q = 0
myrank = 258 P = 4 Q = 3
myrank = 319 P = 4 Q = 2
myrank = 485 P = 4 Q = 5
myrank = 48 P = 0 Q = 4
myrank = 222 P = 1 Q = 5
myrank = 52 P = 2 Q = 1
myrank = 239 P = 2 Q = 1
myrank = 460 P = 2 Q = 5
myrank = 266 P = 5 Q = 1
myrank = 92 P = 4 Q = 0
myrank = 195 P = 1 Q = 1
myrank = 254 P = 0 Q = 3
myrank = 253 P = 2 Q = 1
myrank = 297 P = 4 Q = 4
myrank = 270 P = 1 Q = 5
myrank = 109 P = 5 Q = 5
myrank = 262 P = 1 Q = 1
myrank = 298 P = 0 Q = 2
myrank = 41 P = 5 Q = 1
myrank = 21 P = 0 Q = 0
myrank = 461 P = 0 Q = 5
myrank = 131 P = 0 Q = 1
myrank = 456 P = 1 Q = 0
myrank = 244 P = 1 Q = 3
myrank = 502 P = 0 Q = 0
myrank = 463 P = 1 Q = 1
myrank = 265 P = 2 Q = 3
myrank = 480 P = 2 Q = 0
myrank = 243 P = 4 Q = 4
myrank = 76 P = 2 Q = 1
myrank = 472 P = 3 Q = 4
myrank = 237 P = 5 Q = 1
myrank = 269 P = 0 Q = 3
myrank = 129 P = 5 Q = 3
myrank = 251 P = 1 Q = 4
myrank = 77 P = 3 Q = 4
myrank = 200 P = 0 Q = 3
myrank = 462 P = 0 Q = 5
myrank = 444 P = 5 Q = 0
myrank = 245 P = 1 Q = 0
myrank = 27 P = 3 Q = 1
myrank = 94 P = 1 Q = 0
myrank = 130 P = 5 Q = 2
myrank = 304 P = 0 Q = 0
myrank = 102 P = 5 Q = 0
myrank = 316 P = 2 Q = 3
myrank = 57 P = 1 Q = 0
myrank = 203 P = 4 Q = 5
myrank = 201 P = 4 Q = 5
myrank = 317 P = 3 Q = 5
myrank = 236 P = 4 Q = 5
myrank = 445 P = 2 Q = 0
myrank = 252 P = 2 Q = 1
myrank = 176 P = 2 Q = 5
myrank = 19 P = 5 Q = 0
myrank = 483 P = 1 Q = 5
myrank = 482 P = 4 Q = 2
myrank = 288 P = 2 Q = 1
myrank = 56 P = 0 Q = 3
myrank = 464 P = 5 Q = 1
myrank = 40 P = 0 Q = 4
myrank = 446 P = 0 Q = 2
myrank = 307 P = 5 Q = 5
myrank = 18 P = 1 Q = 1
myrank = 327 P = 2 Q = 3
myrank = 242 P = 4 Q = 3
myrank = 241 P = 0 Q = 4
myrank = 306 P = 1 Q = 0
myrank = 287 P = 2 Q = 1
myrank = 255 P = 4 Q = 0
myrank = 326 P = 4 Q = 4
myrank = 447 P = 5 Q = 0
myrank = 42 P = 0 Q = 0
myrank = 291 P = 1 Q = 0
myrank = 454 P = 1 Q = 0
myrank = 452 P = 2 Q = 5
myrank = 324 P = 3 Q = 4
myrank = 150 P = 2 Q = 0
myrank = 151 P = 0 Q = 5
myrank = 184 P = 0 Q = 3
myrank = 17 P = 1 Q = 4
myrank = 43 P = 1 Q = 0
myrank = 96 P = 0 Q = 4
myrank = 99 P = 4 Q = 1
myrank = 170 P = 2 Q = 1
myrank = 142 P = 4 Q = 5
myrank = 475 P = 3 Q = 4
myrank = 473 P = 2 Q = 2
myrank = 188 P = 4 Q = 2
myrank = 290 P = 1 Q = 3
myrank = 240 P = 2 Q = 5
myrank = 179 P = 0 Q = 1
myrank = 24 P = 1 Q = 2
myrank = 80 P = 5 Q = 0
myrank = 31 P = 1 Q = 4
myrank = 28 P = 4 Q = 0
myrank = 25 P = 2 Q = 4
myrank = 323 P = 0 Q = 0
myrank = 187 P = 0 Q = 3
myrank = 325 P = 1 Q = 3
myrank = 172 P = 5 Q = 4
myrank = 280 P = 3 Q = 5
myrank = 481 P = 0 Q = 3
myrank = 82 P = 5 Q = 2
myrank = 83 P = 3 Q = 5
myrank = 98 P = 1 Q = 1
myrank = 16 P = 3 Q = 1
myrank = 58 P = 5 Q = 2
myrank = 238 P = 4 Q = 2
myrank = 457 P = 4 Q = 3
myrank = 467 P = 5 Q = 4
myrank = 67 P = 2 Q = 0
myrank = 149 P = 2 Q = 3
myrank = 466 P = 5 Q = 3
myrank = 459 P = 0 Q = 2
myrank = 180 P = 0 Q = 2
myrank = 26 P = 2 Q = 2
myrank = 248 P = 0 Q = 5
myrank = 465 P = 4 Q = 1
myrank = 37 P = 4 Q = 2
myrank = 97 P = 0 Q = 2
myrank = 439 P = 0 Q = 1
myrank = 281 P = 5 Q = 0
myrank = 455 P = 3 Q = 4
myrank = 282 P = 3 Q = 5
myrank = 458 P = 5 Q = 0
myrank = 219 P = 3 Q = 3
myrank = 286 P = 1 Q = 5
myrank = 30 P = 4 Q = 0
myrank = 250 P = 2 Q = 1
myrank = 320 P = 2 Q = 1
myrank = 474 P = 3 Q = 1
myrank = 29 P = 3 Q = 1
myrank = 249 P = 4 Q = 5
myrank = 171 P = 0 Q = 3
myrank = 84 P = 3 Q = 2
myrank = 36 P = 3 Q = 5
myrank = 289 P = 3 Q = 1
myrank = 283 P = 0 Q = 2
myrank = 148 P = 2 Q = 0
myrank = 107 P = 4 Q = 5
myrank = 145 P = 0 Q = 1
myrank = 64 P = 1 Q = 4
myrank = 315 P = 3 Q = 0
myrank = 81 P = 2 Q = 0
myrank = 284 P = 4 Q = 5
myrank = 314 P = 2 Q = 3
myrank = 232 P = 3 Q = 0
myrank = 312 P = 1 Q = 4
myrank = 135 P = 2 Q = 4
myrank = 453 P = 0 Q = 1
myrank = 275 P = 3 Q = 1
myrank = 140 P = 1 Q = 0
myrank = 104 P = 0 Q = 0
myrank = 168 P = 4 Q = 1
myrank = 285 P = 2 Q = 4
myrank = 66 P = 1 Q = 4
myrank = 141 P = 2 Q = 5
myrank = 143 P = 5 Q = 2
myrank = 65 P = 4 Q = 3
myrank = 85 P = 4 Q = 4
myrank = 105 P = 1 Q = 5
myrank = 38 P = 2 Q = 4
myrank = 436 P = 1 Q = 5
myrank = 115 P = 5 Q = 0
myrank = 191 P = 2 Q = 1
myrank = 61 P = 2 Q = 5
myrank = 71 P = 0 Q = 0
myrank = 438 P = 2 Q = 5
myrank = 228 P = 0 Q = 1
myrank = 305 P = 4 Q = 2
myrank = 144 P = 3 Q = 1
myrank = 216 P = 4 Q = 4
myrank = 451 P = 5 Q = 4
myrank = 146 P = 4 Q = 1
myrank = 273 P = 5 Q = 5
myrank = 139 P = 4 Q = 5
myrank = 169 P = 2 Q = 4
myrank = 229 P = 1 Q = 4
myrank = 437 P = 1 Q = 2
myrank = 164 P = 0 Q = 2
myrank = 274 P = 2 Q = 1
myrank = 331 P = 0 Q = 2
myrank = 231 P = 5 Q = 3
myrank = 234 P = 3 Q = 2
myrank = 183 P = 5 Q = 1
myrank = 147 P = 4 Q = 4
myrank = 448 P = 0 Q = 5
myrank = 166 P = 4 Q = 5
myrank = 167 P = 3 Q = 2
myrank = 175 P = 1 Q = 3
myrank = 313 P = 5 Q = 0
myrank = 87 P = 2 Q = 4
myrank = 39 P = 5 Q = 1
myrank = 330 P = 0 Q = 5
myrank = 86 P = 5 Q = 4
myrank = 230 P = 1 Q = 1
myrank = 63 P = 4 Q = 4
myrank = 329 P = 2 Q = 3
myrank = 154 P = 2 Q = 4
myrank = 443 P = 1 Q = 0
myrank = 132 P = 3 Q = 5
myrank = 155 P = 4 Q = 2
myrank = 328 P = 0 Q = 5
myrank = 138 P = 0 Q = 0
myrank = 338 P = 4 Q = 0
myrank = 62 P = 0 Q = 1
myrank = 233 P = 5 Q = 0
myrank = 218 P = 5 Q = 4
myrank = 272 P = 2 Q = 5
myrank = 70 P = 1 Q = 5
myrank = 152 P = 3 Q = 0
myrank = 442 P = 0 Q = 4
myrank = 72 P = 1 Q = 2
myrank = 69 P = 3 Q = 0
myrank = 450 P = 4 Q = 2
myrank = 106 P = 2 Q = 5
myrank = 449 P = 1 Q = 1
myrank = 74 P = 2 Q = 5
myrank = 60 P = 2 Q = 5
myrank = 73 P = 2 Q = 1
myrank = 134 P = 1 Q = 2
myrank = 235 P = 0 Q = 0
myrank = 153 P = 1 Q = 5
myrank = 133 P = 1 Q = 4
myrank = 112 P = 3 Q = 4
myrank = 68 P = 3 Q = 5
myrank = 88 P = 0 Q = 3
myrank = 113 P = 1 Q = 0
myrank = 339 P = 1 Q = 3
myrank = 114 P = 1 Q = 1
myrank = 440 P = 0 Q = 1
myrank = 441 P = 4 Q = 4
myrank = 217 P = 5 Q = 0
myrank = 127 P = 1 Q = 0
myrank = 321 P = 2 Q = 5
myrank = 124 P = 5 Q = 1
myrank = 91 P = 4 Q = 2
myrank = 75 P = 3 Q = 4
myrank = 126 P = 4 Q = 0
myrank = 136 P = 0 Q = 0
myrank = 336 P = 2 Q = 1
myrank = 337 P = 0 Q = 3
myrank = 89 P = 5 Q = 4
myrank = 90 P = 3 Q = 0
myrank = 125 P = 0 Q = 3
myrank = 137 P = 2 Q = 1
myrank = 121 P = 5 Q = 1
myrank = 116 P = 0 Q = 5
myrank = 182 P = 4 Q = 1
myrank = 123 P = 3 Q = 1
myrank = 122 P = 2 Q = 4
myrank = 120 P = 1 Q = 2
myrank = 118 P = 1 Q = 2
myrank = 119 P = 3 Q = 5
myrank = 117 P = 3 Q = 3
myrank = 322 P = 5 Q = 1
myrank = 185 P = 5 Q = 3
myrank = 178 P = 5 Q = 2
myrank = 165 P = 0 Q = 2
myrank = 186 P = 3 Q = 3
myrank = 177 P = 3 Q = 3
myrank = 190 P = 4 Q = 1
myrank = 161 P = 2 Q = 2
myrank = 189 P = 2 Q = 2
myrank = 181 P = 5 Q = 5
myrank = 173 P = 2 Q = 2
myrank = 174 P = 3 Q = 1
*******************************
dgemm_time	184.441345
conv_transfer_time	0.000000
conv_calculate_time	9924.957031
elastic_calculate_time	9925.008789
Allen_Cahn_nonlinear_time	10102.724609
Cahn_Hilliard_nonlinear_time	0.011840
trans_time	555.216370
trans_Memcpy_time	49.505421
trans_MPI_time	496.381409
trans_pack_time	0.640028
trans_enlarge_time	1.014603
trans_mu_time	0.531220
trans_unpack_time	6.549092
updateU_new_time	5.264395
runtime	10.849987
--------------------------------------------------!
***************dt=2.000000***************
***************flag=0***************
--------------------------------------------------!
time		0.000000
wall time	2.180471
*******************************
dgemm_time	183.282425
conv_transfer_time	0.000000
conv_calculate_time	6158.599609
elastic_calculate_time	6158.638672
Allen_Cahn_nonlinear_time	6346.748535
Cahn_Hilliard_nonlinear_time	0.012000
trans_time	60.966583
trans_Memcpy_time	27.049206
trans_MPI_time	25.138401
trans_pack_time	0.550424
trans_enlarge_time	0.801474
trans_mu_time	0.504979
trans_unpack_time	6.461568
updateU_new_time	5.265675
runtime	6.602366
--------------------------------------------------!
***************dt=2.000000***************
***************flag=0***************
--------------------------------------------------!
time		0.000000
wall time	13.057017
*******************************
dgemm_time	183.209183
conv_transfer_time	0.000000
conv_calculate_time	6159.144531
elastic_calculate_time	6159.186523
Allen_Cahn_nonlinear_time	6346.563477
Cahn_Hilliard_nonlinear_time	0.011840
trans_time	59.708878
trans_Memcpy_time	26.923441
trans_MPI_time	24.083958
trans_pack_time	0.559065
trans_enlarge_time	0.790113
trans_mu_time	0.506259
trans_unpack_time	6.361244
updateU_new_time	5.264556
runtime	6.597051
--------------------------------------------------!
***************dt=2.000000***************
***************flag=0***************
--------------------------------------------------!
time		0.000000
wall time	19.685989
*******************************
dgemm_time	183.298111
conv_transfer_time	0.000000
conv_calculate_time	6160.469238
elastic_calculate_time	6160.520020
Allen_Cahn_nonlinear_time	6353.189941
Cahn_Hilliard_nonlinear_time	0.011840
trans_time	59.239388
trans_Memcpy_time	27.084572
trans_MPI_time	23.478489
trans_pack_time	0.554425
trans_enlarge_time	0.786912
trans_mu_time	0.509140
trans_unpack_time	6.367324
updateU_new_time	5.283276
runtime	6.602058
--------------------------------------------------!
***************dt=2.000000***************
***************flag=0***************
--------------------------------------------------!
time		0.000000
wall time	26.309879
*******************************
dgemm_time	183.302429
conv_transfer_time	0.000000
conv_calculate_time	6160.961426
elastic_calculate_time	6161.002930
Allen_Cahn_nonlinear_time	6349.979004
Cahn_Hilliard_nonlinear_time	0.012000
trans_time	58.658310
trans_Memcpy_time	27.124573
trans_MPI_time	22.823738
trans_pack_time	0.564504
trans_enlarge_time	0.786271
trans_mu_time	0.504499
trans_unpack_time	6.378685
updateU_new_time	5.262155
runtime	6.600580
--------------------------------------------------!
***************dt=2.000000***************
***************flag=0***************
--------------------------------------------------!
time		0.000000
wall time	32.938702
*******************************
dgemm_time	183.211548
conv_transfer_time	0.000000
conv_calculate_time	6161.786133
elastic_calculate_time	6161.827148
Allen_Cahn_nonlinear_time	6348.821289
Cahn_Hilliard_nonlinear_time	0.012320
trans_time	60.658989
trans_Memcpy_time	26.888880
trans_MPI_time	25.086559
trans_pack_time	0.556344
trans_enlarge_time	0.785952
trans_mu_time	0.503859
trans_unpack_time	6.379325
updateU_new_time	5.262475
runtime	6.601354
--------------------------------------------------!
***************dt=2.000000***************
***************flag=0***************
--------------------------------------------------!
time		0.000000
wall time	39.565830
*******************************
dgemm_time	183.319702
conv_transfer_time	0.000000
conv_calculate_time	6164.878418
elastic_calculate_time	6164.919434
Allen_Cahn_nonlinear_time	6347.706543
Cahn_Hilliard_nonlinear_time	0.012000
trans_time	58.780407
trans_Memcpy_time	26.842638
trans_MPI_time	23.261518
trans_pack_time	0.553304
trans_enlarge_time	0.784512
trans_mu_time	0.513460
trans_unpack_time	6.365084
updateU_new_time	5.261995
runtime	6.598962
--------------------------------------------------!
***************dt=2.000000***************
***************flag=0***************
--------------------------------------------------!
time		0.000000
wall time	46.193720
*******************************
dgemm_time	183.305710
conv_transfer_time	0.000000
conv_calculate_time	6166.585938
elastic_calculate_time	6166.626465
Allen_Cahn_nonlinear_time	6351.795898
Cahn_Hilliard_nonlinear_time	0.011680
trans_time	59.256126
trans_Memcpy_time	26.912720
trans_MPI_time	23.667135
trans_pack_time	0.547544
trans_enlarge_time	0.798114
trans_mu_time	0.503219
trans_unpack_time	6.369084
updateU_new_time	5.264814
runtime	6.604205
--------------------------------------------------!
***************dt=2.000000***************
***************flag=0***************
--------------------------------------------------!
time		0.000000
wall time	52.819239
*******************************
dgemm_time	183.304794
conv_transfer_time	0.000000
conv_calculate_time	6160.958984
elastic_calculate_time	6160.999512
Allen_Cahn_nonlinear_time	6347.782227
Cahn_Hilliard_nonlinear_time	0.012480
trans_time	59.150040
trans_Memcpy_time	26.905815
trans_MPI_time	23.541550
trans_pack_time	0.550097
trans_enlarge_time	0.804824
trans_mu_time	0.510892
trans_unpack_time	6.375241
updateU_new_time	5.272037
runtime	6.593283
--------------------------------------------------!
***************dt=2.000000***************
***************flag=0***************
--------------------------------------------------!
time		0.000000
wall time	59.449969
*******************************
dgemm_time	183.280991
conv_transfer_time	0.000000
conv_calculate_time	6158.483398
elastic_calculate_time	6158.522949
Allen_Cahn_nonlinear_time	6345.551270
Cahn_Hilliard_nonlinear_time	0.012159
trans_time	59.983116
trans_Memcpy_time	26.959183
trans_MPI_time	24.307087
trans_pack_time	0.585587
trans_enlarge_time	0.780622
trans_mu_time	0.507508
trans_unpack_time	6.379043
updateU_new_time	5.264749
runtime	6.594883
--------------------------------------------------!
***************dt=2.000000***************
***************flag=0***************
--------------------------------------------------!
time		0.000000
wall time	66.069742
*******************************
dgemm_time	183.279953
conv_transfer_time	0.000000
conv_calculate_time	6162.202637
elastic_calculate_time	6162.242676
Allen_Cahn_nonlinear_time	6346.897949
Cahn_Hilliard_nonlinear_time	0.011679
trans_time	58.443211
trans_Memcpy_time	26.892166
trans_MPI_time	22.827974
trans_pack_time	0.555480
trans_enlarge_time	0.811943
trans_mu_time	0.506363
trans_unpack_time	6.393464
updateU_new_time	5.264060
runtime	6.596183
--------------------------------------------------!
***************dt=2.000000***************
***************flag=0***************
--------------------------------------------------!
time		0.000000
wall time	72.691213
*******************************
dgemm_time	183.247421
conv_transfer_time	0.000000
conv_calculate_time	6166.546875
elastic_calculate_time	6166.585449
Allen_Cahn_nonlinear_time	6353.282227
Cahn_Hilliard_nonlinear_time	0.011679
trans_time	59.304813
trans_Memcpy_time	26.890461
trans_MPI_time	23.741369
trans_pack_time	0.555299
trans_enlarge_time	0.784552
trans_mu_time	0.514663
trans_unpack_time	6.360094
updateU_new_time	5.262586
runtime	6.603160
--------------------------------------------------!
***************dt=2.000000***************
***************flag=0***************
--------------------------------------------------!
time		0.000000
wall time	79.313925
*******************************
dgemm_time	183.234970
conv_transfer_time	0.000000
conv_calculate_time	6158.430176
elastic_calculate_time	6158.488281
Allen_Cahn_nonlinear_time	6344.985840
Cahn_Hilliard_nonlinear_time	0.011679
trans_time	58.841331
trans_Memcpy_time	26.821995
trans_MPI_time	23.320164
trans_pack_time	0.556255
trans_enlarge_time	0.814945
trans_mu_time	0.507140
trans_unpack_time	6.363419
updateU_new_time	5.257838
runtime	6.596430
--------------------------------------------------!
***************dt=2.000000***************
***************flag=0***************
--------------------------------------------------!
time		0.000000
wall time	85.943618
*******************************
dgemm_time	183.331024
conv_transfer_time	0.000000
conv_calculate_time	6160.417969
elastic_calculate_time	6160.459473
Allen_Cahn_nonlinear_time	6348.017578
Cahn_Hilliard_nonlinear_time	0.011678
trans_time	59.673775
trans_Memcpy_time	26.923189
trans_MPI_time	24.025421
trans_pack_time	0.556740
trans_enlarge_time	0.783596
trans_mu_time	0.507144
trans_unpack_time	6.365716
updateU_new_time	5.266039
runtime	6.596142
--------------------------------------------------!
***************dt=2.000000***************
***************flag=0***************
--------------------------------------------------!
time		0.000000
wall time	92.566626
*******************************
dgemm_time	183.254944
conv_transfer_time	0.000000
conv_calculate_time	6159.592285
elastic_calculate_time	6159.631836
Allen_Cahn_nonlinear_time	6347.252441
Cahn_Hilliard_nonlinear_time	0.011998
trans_time	59.227337
trans_Memcpy_time	26.900835
trans_MPI_time	23.528313
trans_pack_time	0.584083
trans_enlarge_time	0.807413
trans_mu_time	0.506491
trans_unpack_time	6.381572
updateU_new_time	5.280174
runtime	6.597775
--------------------------------------------------!
***************dt=2.000000***************
***************flag=0***************
--------------------------------------------------!
time		0.000000
wall time	99.189277
*******************************
dgemm_time	183.211151
conv_transfer_time	0.000000
conv_calculate_time	6162.903809
elastic_calculate_time	6162.941406
Allen_Cahn_nonlinear_time	6353.400879
Cahn_Hilliard_nonlinear_time	0.012158
trans_time	59.563133
trans_Memcpy_time	26.897427
trans_MPI_time	23.962503
trans_pack_time	0.557676
trans_enlarge_time	0.791560
trans_mu_time	0.504725
trans_unpack_time	6.388006
updateU_new_time	5.261379
runtime	6.601496
--------------------------------------------------!
***************dt=2.000000***************
***************flag=0***************
--------------------------------------------------!
time		0.000000
wall time	105.813583
*******************************
dgemm_time	183.359818
conv_transfer_time	0.000000
conv_calculate_time	6163.255371
elastic_calculate_time	6163.295410
Allen_Cahn_nonlinear_time	6347.964844
Cahn_Hilliard_nonlinear_time	0.011678
trans_time	59.656479
trans_Memcpy_time	26.839294
trans_MPI_time	24.155252
trans_pack_time	0.553669
trans_enlarge_time	0.787231
trans_mu_time	0.506955
trans_unpack_time	6.357041
updateU_new_time	5.262875
runtime	6.601891
--------------------------------------------------!
***************dt=2.000000***************
***************flag=0***************
--------------------------------------------------!
time		0.000000
wall time	112.441661
*******************************
dgemm_time	183.324112
conv_transfer_time	0.000000
conv_calculate_time	6161.068848
elastic_calculate_time	6161.109375
Allen_Cahn_nonlinear_time	6349.938477
Cahn_Hilliard_nonlinear_time	0.011998
trans_time	59.573318
trans_Memcpy_time	26.869337
trans_MPI_time	24.000654
trans_pack_time	0.555915
trans_enlarge_time	0.803237
trans_mu_time	0.525356
trans_unpack_time	6.351510
updateU_new_time	5.264534
runtime	6.607913
--------------------------------------------------!
***************dt=2.000000***************
***************flag=0***************
--------------------------------------------------!
time		0.000000
wall time	119.070095
*******************************
dgemm_time	183.259369
conv_transfer_time	0.000000
conv_calculate_time	6163.679688
elastic_calculate_time	6163.719238
Allen_Cahn_nonlinear_time	6349.586914
Cahn_Hilliard_nonlinear_time	0.011998
trans_time	60.392666
trans_Memcpy_time	27.231190
trans_MPI_time	24.467579
trans_pack_time	0.554482
trans_enlarge_time	0.800685
trans_mu_time	0.507125
trans_unpack_time	6.367579
updateU_new_time	5.272754
runtime	6.604397
--------------------------------------------------!
***************dt=2.000000***************
***************flag=0***************
--------------------------------------------------!
time		0.000000
wall time	125.704736
*******************************
dgemm_time	183.290588
conv_transfer_time	0.000000
conv_calculate_time	6162.374023
elastic_calculate_time	6162.419922
Allen_Cahn_nonlinear_time	6350.021484
Cahn_Hilliard_nonlinear_time	0.011679
trans_time	59.459759
trans_Memcpy_time	27.190388
trans_MPI_time	23.568939
trans_pack_time	0.569206
trans_enlarge_time	0.783258
trans_mu_time	0.505851
trans_unpack_time	6.376612
updateU_new_time	5.261771
runtime	6.601743
--------------------------------------------------!
***************dt=2.000000***************
***************flag=0***************
--------------------------------------------------!
time		0.000000
wall time	132.336016
*******************************
dgemm_time	183.246124
conv_transfer_time	0.000000
conv_calculate_time	6162.239746
elastic_calculate_time	6162.279297
Allen_Cahn_nonlinear_time	6347.182617
Cahn_Hilliard_nonlinear_time	0.011999
trans_time	59.244308
trans_Memcpy_time	27.220913
trans_MPI_time	23.307779
trans_pack_time	0.551774
trans_enlarge_time	0.795105
trans_mu_time	0.510338
trans_unpack_time	6.390598
updateU_new_time	5.262622
runtime	6.599388
--------------------------------------------------!
***************dt=2.000000***************
***************flag=0***************
--------------------------------------------------!
time		0.000000
wall time	138.964517
*******************************
dgemm_time	183.307098
conv_transfer_time	0.000000
conv_calculate_time	6160.542969
elastic_calculate_time	6160.609375
Allen_Cahn_nonlinear_time	6349.261230
Cahn_Hilliard_nonlinear_time	0.011839
trans_time	59.625561
trans_Memcpy_time	27.173500
trans_MPI_time	23.755316
trans_pack_time	0.557379
trans_enlarge_time	0.808391
trans_mu_time	0.504904
trans_unpack_time	6.361543
updateU_new_time	5.262828
runtime	6.602384
--------------------------------------------------!
***************dt=2.000000***************
***************flag=0***************
--------------------------------------------------!
time		0.000000
wall time	145.590622
*******************************
dgemm_time	183.319626
conv_transfer_time	0.000000
conv_calculate_time	6161.529297
elastic_calculate_time	6161.569336
Allen_Cahn_nonlinear_time	6351.703125
Cahn_Hilliard_nonlinear_time	0.011679
trans_time	60.390697
trans_Memcpy_time	26.913927
trans_MPI_time	24.735588
trans_pack_time	0.556903
trans_enlarge_time	0.784880
trans_mu_time	0.522508
trans_unpack_time	6.364639
updateU_new_time	5.262711
runtime	6.604021
--------------------------------------------------!
***************dt=2.000000***************
***************flag=0***************
--------------------------------------------------!
time		0.000000
wall time	152.219566
*******************************
dgemm_time	183.247574
conv_transfer_time	0.000000
conv_calculate_time	6183.142578
elastic_calculate_time	6183.180176
Allen_Cahn_nonlinear_time	6368.034668
Cahn_Hilliard_nonlinear_time	0.011679
trans_time	58.703056
trans_Memcpy_time	26.869026
trans_MPI_time	23.128098
trans_pack_time	0.553548
trans_enlarge_time	0.813524
trans_mu_time	0.509394
trans_unpack_time	6.366610
updateU_new_time	5.274750
runtime	6.618758
--------------------------------------------------!
***************dt=2.000000***************
***************flag=0***************
--------------------------------------------------!
time		0.000000
wall time	158.850114
*******************************
dgemm_time	183.394424
conv_transfer_time	0.000000
conv_calculate_time	6161.010742
elastic_calculate_time	6161.051758
Allen_Cahn_nonlinear_time	6347.384766
Cahn_Hilliard_nonlinear_time	0.011679
trans_time	59.397266
trans_Memcpy_time	26.863152
trans_MPI_time	23.839409
trans_pack_time	0.556433
trans_enlarge_time	0.791933
trans_mu_time	0.503957
trans_unpack_time	6.382177
updateU_new_time	5.261828
runtime	6.598848
--------------------------------------------------!
***************dt=2.000000***************
***************flag=0***************
--------------------------------------------------!
time		0.000000
wall time	165.495499
*******************************
dgemm_time	183.312576
conv_transfer_time	0.000000
conv_calculate_time	6159.468750
elastic_calculate_time	6159.509766
Allen_Cahn_nonlinear_time	6349.436035
Cahn_Hilliard_nonlinear_time	0.012159
trans_time	59.113338
trans_Memcpy_time	26.888777
trans_MPI_time	23.522320
trans_pack_time	0.555156
trans_enlarge_time	0.773700
trans_mu_time	0.511641
trans_unpack_time	6.399499
updateU_new_time	5.263461
runtime	6.604112
--------------------------------------------------!
***************dt=2.000000***************
***************flag=0***************
--------------------------------------------------!
time		0.000000
wall time	172.120969
*******************************
dgemm_time	183.302948
conv_transfer_time	0.000000
conv_calculate_time	6161.360840
elastic_calculate_time	6161.400879
Allen_Cahn_nonlinear_time	6348.330566
Cahn_Hilliard_nonlinear_time	0.011839
trans_time	59.531189
trans_Memcpy_time	26.872629
trans_MPI_time	23.984035
trans_pack_time	0.552920
trans_enlarge_time	0.795942
trans_mu_time	0.502843
trans_unpack_time	6.366103
updateU_new_time	5.265573
runtime	6.600871
--------------------------------------------------!
***************dt=2.000000***************
***************flag=0***************
--------------------------------------------------!
time		0.000000
wall time	178.751647
*******************************
dgemm_time	183.302307
conv_transfer_time	0.000000
conv_calculate_time	6161.974121
elastic_calculate_time	6162.014160
Allen_Cahn_nonlinear_time	6350.195801
Cahn_Hilliard_nonlinear_time	0.011839
trans_time	60.959763
trans_Memcpy_time	26.878712
trans_MPI_time	25.409527
trans_pack_time	0.555644
trans_enlarge_time	0.792909
trans_mu_time	0.502048
trans_unpack_time	6.364701
updateU_new_time	5.261267
runtime	6.604064
--------------------------------------------------!
***************dt=2.000000***************
***************flag=0***************
--------------------------------------------------!
time		0.000000
wall time	185.379080
*******************************
dgemm_time	183.272934
conv_transfer_time	0.000000
conv_calculate_time	6162.722168
elastic_calculate_time	6162.761719
Allen_Cahn_nonlinear_time	6350.169434
Cahn_Hilliard_nonlinear_time	0.011839
trans_time	58.606689
trans_Memcpy_time	26.958454
trans_MPI_time	22.986546
trans_pack_time	0.555645
trans_enlarge_time	0.772751
trans_mu_time	0.513729
trans_unpack_time	6.359757
updateU_new_time	5.266553
runtime	6.600640
--------------------------------------------------!
***************dt=2.000000***************
***************flag=0***************
--------------------------------------------------!
time		0.000000
wall time	192.009879
*******************************
dgemm_time	183.336517
conv_transfer_time	0.000000
conv_calculate_time	6162.321289
elastic_calculate_time	6162.360352
Allen_Cahn_nonlinear_time	6350.194824
Cahn_Hilliard_nonlinear_time	0.011840
trans_time	59.153660
trans_Memcpy_time	26.882332
trans_MPI_time	23.580776
trans_pack_time	0.556606
trans_enlarge_time	0.788912
trans_mu_time	0.506049
trans_unpack_time	6.378324
updateU_new_time	5.262720
runtime	6.601875
--------------------------------------------------!
***************dt=2.000000***************
***************flag=0***************
--------------------------------------------------!
time		0.000000
wall time	198.637013
*******************************
dgemm_time	183.313843
conv_transfer_time	0.000000
conv_calculate_time	6161.982910
elastic_calculate_time	6162.042969
Allen_Cahn_nonlinear_time	6354.325195
Cahn_Hilliard_nonlinear_time	0.011999
trans_time	59.693527
trans_Memcpy_time	26.888283
trans_MPI_time	24.100771
trans_pack_time	0.553087
trans_enlarge_time	0.798193
trans_mu_time	0.505730
trans_unpack_time	6.386171
updateU_new_time	5.264005
runtime	6.604343
--------------------------------------------------!
***************dt=2.000000***************
***************flag=0***************
--------------------------------------------------!
time		0.000000
wall time	205.265425
*******************************
dgemm_time	183.291626
conv_transfer_time	0.000000
conv_calculate_time	6163.917480
elastic_calculate_time	6163.961914
Allen_Cahn_nonlinear_time	6350.984375
Cahn_Hilliard_nonlinear_time	0.011520
trans_time	60.374401
trans_Memcpy_time	26.887352
trans_MPI_time	24.760921
trans_pack_time	0.551008
trans_enlarge_time	0.780595
trans_mu_time	0.514850
trans_unpack_time	6.361060
updateU_new_time	5.261931
runtime	6.601898
--------------------------------------------------!
***************dt=2.000000***************
***************flag=0***************
--------------------------------------------------!
time		0.000000
wall time	211.896334
*******************************
dgemm_time	183.313568
conv_transfer_time	0.000000
conv_calculate_time	6161.759277
elastic_calculate_time	6161.798340
Allen_Cahn_nonlinear_time	6348.527832
Cahn_Hilliard_nonlinear_time	0.011840
trans_time	58.845875
trans_Memcpy_time	26.862263
trans_MPI_time	23.303429
trans_pack_time	0.552928
trans_enlarge_time	0.799955
trans_mu_time	0.506210
trans_unpack_time	6.361066
updateU_new_time	5.262576
runtime	6.599104
--------------------------------------------------!
***************dt=2.000000***************
***************flag=0***************
--------------------------------------------------!
time		0.000000
wall time	218.524739
*******************************
dgemm_time	183.276138
conv_transfer_time	0.000000
conv_calculate_time	6164.434082
elastic_calculate_time	6164.472168
Allen_Cahn_nonlinear_time	6353.312500
Cahn_Hilliard_nonlinear_time	0.012160
trans_time	61.538235
trans_Memcpy_time	26.868206
trans_MPI_time	25.976259
trans_pack_time	0.552129
trans_enlarge_time	0.787796
trans_mu_time	0.512293
trans_unpack_time	6.383151
updateU_new_time	5.262101
runtime	6.608230
--------------------------------------------------!
***************dt=2.000000***************
***************flag=0***************
--------------------------------------------------!
time		0.000000
wall time	225.150339
*******************************
dgemm_time	183.243011
conv_transfer_time	0.000000
conv_calculate_time	6161.624023
elastic_calculate_time	6161.663574
Allen_Cahn_nonlinear_time	6349.625000
Cahn_Hilliard_nonlinear_time	0.011840
trans_time	59.524288
trans_Memcpy_time	27.013506
trans_MPI_time	23.809048
trans_pack_time	0.549089
trans_enlarge_time	0.795957
trans_mu_time	0.501735
trans_unpack_time	6.392437
updateU_new_time	5.263705
runtime	6.601959
--------------------------------------------------!
***************dt=2.000000***************
***************flag=0***************
--------------------------------------------------!
time		0.000000
wall time	231.785074
*******************************
dgemm_time	183.275162
conv_transfer_time	0.000000
conv_calculate_time	6160.527832
elastic_calculate_time	6160.568848
Allen_Cahn_nonlinear_time	6349.309082
Cahn_Hilliard_nonlinear_time	0.011840
trans_time	59.741245
trans_Memcpy_time	26.971609
trans_MPI_time	24.094810
trans_pack_time	0.551490
trans_enlarge_time	0.779478
trans_mu_time	0.503815
trans_unpack_time	6.380763
updateU_new_time	5.262430
runtime	6.599194
--------------------------------------------------!
***************dt=2.000000***************
***************flag=0***************
--------------------------------------------------!
time		0.000000
wall time	238.413632
*******************************
dgemm_time	183.322357
conv_transfer_time	0.000000
conv_calculate_time	6164.792969
elastic_calculate_time	6164.832031
Allen_Cahn_nonlinear_time	6361.220703
Cahn_Hilliard_nonlinear_time	0.011840
trans_time	60.011383
trans_Memcpy_time	27.187302
trans_MPI_time	24.141228
trans_pack_time	0.550050
trans_enlarge_time	0.787958
trans_mu_time	0.514054
trans_unpack_time	6.369409
updateU_new_time	5.263394
runtime	6.612041
--------------------------------------------------!
***************dt=2.000000***************
***************flag=0***************
--------------------------------------------------!
time		0.000000
wall time	245.039598
*******************************
dgemm_time	183.223618
conv_transfer_time	0.000000
conv_calculate_time	6161.906250
elastic_calculate_time	6161.946289
Allen_Cahn_nonlinear_time	6350.092285
Cahn_Hilliard_nonlinear_time	0.011840
trans_time	59.005432
trans_Memcpy_time	27.191801
trans_MPI_time	23.118742
trans_pack_time	0.556130
trans_enlarge_time	0.801398
trans_mu_time	0.507335
trans_unpack_time	6.369094
updateU_new_time	5.261318
runtime	6.600110
--------------------------------------------------!
***************dt=2.000000***************
***************flag=0***************
--------------------------------------------------!
time		0.000000
wall time	251.678492
*******************************
dgemm_time	183.273193
conv_transfer_time	0.000000
conv_calculate_time	6159.785156
elastic_calculate_time	6159.824707
Allen_Cahn_nonlinear_time	6345.469727
Cahn_Hilliard_nonlinear_time	0.011680
trans_time	59.068714
trans_Memcpy_time	27.214542
trans_MPI_time	23.178120
trans_pack_time	0.554531
trans_enlarge_time	0.777720
trans_mu_time	0.506216
trans_unpack_time	6.375339
updateU_new_time	5.261482
runtime	6.596248
--------------------------------------------------!
***************dt=2.000000***************
***************flag=0***************
--------------------------------------------------!
time		0.000000
wall time	258.305307
*******************************
dgemm_time	183.263733
conv_transfer_time	0.000000
conv_calculate_time	6167.648926
elastic_calculate_time	6167.702637
Allen_Cahn_nonlinear_time	6351.944824
Cahn_Hilliard_nonlinear_time	0.011680
trans_time	59.313667
trans_Memcpy_time	27.148806
trans_MPI_time	23.436041
trans_pack_time	0.571330
trans_enlarge_time	0.791641
trans_mu_time	0.504936
trans_unpack_time	6.392942
updateU_new_time	5.264526
runtime	6.602192
--------------------------------------------------!
***************dt=2.000000***************
***************flag=0***************
--------------------------------------------------!
time		0.000000
wall time	264.928262
*******************************
dgemm_time	183.367676
conv_transfer_time	0.000000
conv_calculate_time	6164.115723
elastic_calculate_time	6164.155762
Allen_Cahn_nonlinear_time	6351.299316
Cahn_Hilliard_nonlinear_time	0.012160
trans_time	60.604961
trans_Memcpy_time	27.352177
trans_MPI_time	24.456646
trans_pack_time	0.569570
trans_enlarge_time	0.795961
trans_mu_time	0.512456
trans_unpack_time	6.391667
updateU_new_time	5.259729
runtime	6.602170
--------------------------------------------------!
***************dt=2.000000***************
***************flag=0***************
--------------------------------------------------!
time		0.000000
wall time	271.557455
*******************************
dgemm_time	183.386581
conv_transfer_time	0.000000
conv_calculate_time	6164.121094
elastic_calculate_time	6164.161621
Allen_Cahn_nonlinear_time	6351.858887
Cahn_Hilliard_nonlinear_time	0.011840
trans_time	59.078110
trans_Memcpy_time	27.190920
trans_MPI_time	23.200085
trans_pack_time	0.553892
trans_enlarge_time	0.785563
trans_mu_time	0.504456
trans_unpack_time	6.371192
updateU_new_time	5.263844
runtime	6.599758
--------------------------------------------------!
***************dt=2.000000***************
***************flag=0***************
--------------------------------------------------!
time		0.000000
wall time	278.186344
*******************************
dgemm_time	183.289017
conv_transfer_time	0.000000
conv_calculate_time	6163.589844
elastic_calculate_time	6163.628418
Allen_Cahn_nonlinear_time	6349.991699
Cahn_Hilliard_nonlinear_time	0.011839
trans_time	59.624317
trans_Memcpy_time	27.172602
trans_MPI_time	23.753448
trans_pack_time	0.554367
trans_enlarge_time	0.792114
trans_mu_time	0.513569
trans_unpack_time	6.376896
updateU_new_time	5.263630
runtime	6.599476
--------------------------------------------------!
***************dt=2.000000***************
***************flag=0***************
--------------------------------------------------!
time		0.000000
wall time	284.812873
*******************************
dgemm_time	183.340149
conv_transfer_time	0.000000
conv_calculate_time	6162.000000
elastic_calculate_time	6162.040527
Allen_Cahn_nonlinear_time	6349.925293
Cahn_Hilliard_nonlinear_time	0.011679
trans_time	59.457912
trans_Memcpy_time	27.154726
trans_MPI_time	23.619616
trans_pack_time	0.553082
trans_enlarge_time	0.793704
trans_mu_time	0.507163
trans_unpack_time	6.367872
updateU_new_time	5.262833
runtime	6.600399
--------------------------------------------------!
***************dt=2.000000***************
***************flag=0***************
--------------------------------------------------!
time		0.000000
wall time	291.439059
*******************************
dgemm_time	183.303375
conv_transfer_time	0.000000
conv_calculate_time	6163.300293
elastic_calculate_time	6163.341797
Allen_Cahn_nonlinear_time	6350.066406
Cahn_Hilliard_nonlinear_time	0.012159
trans_time	59.657848
trans_Memcpy_time	27.171703
trans_MPI_time	23.771782
trans_pack_time	0.580440
trans_enlarge_time	0.779307
trans_mu_time	0.505885
trans_unpack_time	6.379395
updateU_new_time	5.262518
runtime	6.608935
--------------------------------------------------!
***************dt=2.000000***************
***************flag=0***************
--------------------------------------------------!
time		0.000000
wall time	298.068189
*******************************
dgemm_time	183.269958
conv_transfer_time	0.000000
conv_calculate_time	6166.922363
elastic_calculate_time	6166.961914
Allen_Cahn_nonlinear_time	6354.985352
Cahn_Hilliard_nonlinear_time	0.011999
trans_time	59.841393
trans_Memcpy_time	27.201168
trans_MPI_time	23.876917
trans_pack_time	0.583160
trans_enlarge_time	0.811144
trans_mu_time	0.513887
trans_unpack_time	6.389000
updateU_new_time	5.261723
runtime	6.605256
--------------------------------------------------!
***************dt=2.000000***************
***************flag=0***************
--------------------------------------------------!
time		0.000000
wall time	304.703874
*******************************
dgemm_time	183.351105
conv_transfer_time	0.000000
conv_calculate_time	6158.743652
elastic_calculate_time	6158.781738
Allen_Cahn_nonlinear_time	6346.954590
Cahn_Hilliard_nonlinear_time	0.011679
trans_time	60.391254
trans_Memcpy_time	27.188557
trans_MPI_time	24.519615
trans_pack_time	0.554362
trans_enlarge_time	0.796588
trans_mu_time	0.507328
trans_unpack_time	6.365168
updateU_new_time	5.265408
runtime	6.600848
--------------------------------------------------!
***************dt=2.000000***************
***************flag=0***************
--------------------------------------------------!
time		0.000000
wall time	311.335870
*******************************
dgemm_time	183.381607
conv_transfer_time	0.000000
conv_calculate_time	6165.065918
elastic_calculate_time	6165.107422
Allen_Cahn_nonlinear_time	6350.979492
Cahn_Hilliard_nonlinear_time	0.012479
trans_time	58.232140
trans_Memcpy_time	27.203781
trans_MPI_time	22.358185
trans_pack_time	0.552444
trans_enlarge_time	0.784108
trans_mu_time	0.509407
trans_unpack_time	6.364695
updateU_new_time	5.262856
runtime	6.600115
--------------------------------------------------!
***************dt=2.000000***************
***************flag=0***************
--------------------------------------------------!
time		0.000000
wall time	317.964608
*******************************
dgemm_time	183.287964
conv_transfer_time	0.000000
conv_calculate_time	6163.125000
elastic_calculate_time	6163.190430
Allen_Cahn_nonlinear_time	6350.512695
Cahn_Hilliard_nonlinear_time	0.012159
trans_time	58.941410
trans_Memcpy_time	27.177105
trans_MPI_time	23.086651
trans_pack_time	0.552604
trans_enlarge_time	0.782510
trans_mu_time	0.505248
trans_unpack_time	6.370784
updateU_new_time	5.267183
runtime	6.602789
--------------------------------------------------!
***************dt=2.000000***************
***************flag=0***************
--------------------------------------------------!
time		0.000000
wall time	324.591442
*******************************
dgemm_time	183.350296
conv_transfer_time	0.000000
conv_calculate_time	6162.583008
elastic_calculate_time	6162.622559
Allen_Cahn_nonlinear_time	6353.753906
Cahn_Hilliard_nonlinear_time	0.011839
trans_time	60.494488
trans_Memcpy_time	27.619194
trans_MPI_time	24.050144
trans_pack_time	0.587003
trans_enlarge_time	0.796110
trans_mu_time	0.514208
trans_unpack_time	6.383912
updateU_new_time	5.261591
runtime	6.603716
--------------------------------------------------!
***************dt=2.000000***************
***************flag=0***************
--------------------------------------------------!
time		0.000000
wall time	331.221353
*******************************
dgemm_time	183.360611
conv_transfer_time	0.000000
conv_calculate_time	6164.081055
elastic_calculate_time	6164.119629
Allen_Cahn_nonlinear_time	6351.783203
Cahn_Hilliard_nonlinear_time	0.011840
trans_time	59.461555
trans_Memcpy_time	27.144382
trans_MPI_time	23.581085
trans_pack_time	0.580124
trans_enlarge_time	0.798191
trans_mu_time	0.516129
trans_unpack_time	6.385521
updateU_new_time	5.260958
runtime	6.603732
--------------------------------------------------!
***************dt=2.000000***************
***************flag=0***************
--------------------------------------------------!
time		0.000000
wall time	337.851665
*******************************
dgemm_time	183.397797
conv_transfer_time	0.000000
conv_calculate_time	6164.928223
elastic_calculate_time	6164.967773
Allen_Cahn_nonlinear_time	6352.282715
Cahn_Hilliard_nonlinear_time	0.012159
trans_time	59.686718
trans_Memcpy_time	27.350487
trans_MPI_time	23.657112
trans_pack_time	0.552127
trans_enlarge_time	0.798033
trans_mu_time	0.505409
trans_unpack_time	6.373370
updateU_new_time	5.266244
runtime	6.604807
--------------------------------------------------!
***************dt=2.000000***************
***************flag=0***************
--------------------------------------------------!
time		0.000000
wall time	344.455488
*******************************
dgemm_time	183.450989
conv_transfer_time	0.000000
conv_calculate_time	6161.642578
elastic_calculate_time	6161.679688
Allen_Cahn_nonlinear_time	6349.133301
Cahn_Hilliard_nonlinear_time	0.012639
trans_time	59.177696
trans_Memcpy_time	27.251968
trans_MPI_time	23.255405
trans_pack_time	0.553087
trans_enlarge_time	0.781556
trans_mu_time	0.509410
trans_unpack_time	6.378338
updateU_new_time	5.262411
runtime	6.605394
--------------------------------------------------!
***************dt=2.000000***************
***************flag=0***************
--------------------------------------------------!
time		0.000000
wall time	351.060380
*******************************
dgemm_time	183.455688
conv_transfer_time	0.000000
conv_calculate_time	6164.804199
elastic_calculate_time	6164.846191
Allen_Cahn_nonlinear_time	6349.715332
Cahn_Hilliard_nonlinear_time	0.011680
trans_time	58.704575
trans_Memcpy_time	27.247040
trans_MPI_time	22.772425
trans_pack_time	0.554368
trans_enlarge_time	0.785876
trans_mu_time	0.514850
trans_unpack_time	6.374186
updateU_new_time	5.260818
runtime	6.602732
--------------------------------------------------!
***************dt=2.000000***************
***************flag=0***************
--------------------------------------------------!
time		0.000000
wall time	357.665909
*******************************
dgemm_time	183.401978
conv_transfer_time	0.000000
conv_calculate_time	6167.880371
elastic_calculate_time	6167.919922
Allen_Cahn_nonlinear_time	6350.496094
Cahn_Hilliard_nonlinear_time	0.011680
trans_time	59.695351
trans_Memcpy_time	27.282753
trans_MPI_time	23.707438
trans_pack_time	0.567968
trans_enlarge_time	0.800755
trans_mu_time	0.518533
trans_unpack_time	6.367314
updateU_new_time	5.261943
runtime	6.603321
--------------------------------------------------!
***************dt=2.000000***************
***************flag=0***************
--------------------------------------------------!
time		0.000000
wall time	364.268721
*******************************
dgemm_time	183.452576
conv_transfer_time	0.000000
conv_calculate_time	6161.626953
elastic_calculate_time	6161.666504
Allen_Cahn_nonlinear_time	6349.549805
Cahn_Hilliard_nonlinear_time	0.011520
trans_time	58.769249
trans_Memcpy_time	27.200706
trans_MPI_time	22.894388
trans_pack_time	0.564128
trans_enlarge_time	0.775477
trans_mu_time	0.509255
trans_unpack_time	6.375481
updateU_new_time	5.263229
runtime	6.604336
--------------------------------------------------!
***************dt=2.000000***************
***************flag=0***************
--------------------------------------------------!
time		0.000000
wall time	370.872107
*******************************
dgemm_time	183.429733
conv_transfer_time	0.000000
conv_calculate_time	6162.719727
elastic_calculate_time	6162.757324
Allen_Cahn_nonlinear_time	6350.710449
Cahn_Hilliard_nonlinear_time	0.012000
trans_time	59.166775
trans_Memcpy_time	27.243456
trans_MPI_time	23.238876
trans_pack_time	0.553730
trans_enlarge_time	0.787158
trans_mu_time	0.520934
trans_unpack_time	6.368928
updateU_new_time	5.261315
runtime	6.601326
--------------------------------------------------!
***************dt=2.000000***************
***************flag=0***************
--------------------------------------------------!
time		0.000000
wall time	377.476518
*******************************
dgemm_time	183.405426
conv_transfer_time	0.000000
conv_calculate_time	6163.815430
elastic_calculate_time	6163.854492
Allen_Cahn_nonlinear_time	6349.286621
Cahn_Hilliard_nonlinear_time	0.011840
trans_time	59.552395
trans_Memcpy_time	27.193886
trans_MPI_time	23.674877
trans_pack_time	0.554530
trans_enlarge_time	0.789880
trans_mu_time	0.509575
trans_unpack_time	6.378054
updateU_new_time	5.272360
runtime	6.600967
--------------------------------------------------!
***************dt=2.000000***************
***************flag=0***************
--------------------------------------------------!
time		0.000000
wall time	384.077922
*******************************
dgemm_time	183.505920
conv_transfer_time	0.000000
conv_calculate_time	6165.948242
elastic_calculate_time	6165.988770
Allen_Cahn_nonlinear_time	6353.779785
Cahn_Hilliard_nonlinear_time	0.011680
trans_time	59.941971
trans_Memcpy_time	27.213272
trans_MPI_time	24.040960
trans_pack_time	0.551171
trans_enlarge_time	0.788441
trans_mu_time	0.514056
trans_unpack_time	6.378541
updateU_new_time	5.263405
runtime	6.605482
--------------------------------------------------!
***************dt=2.000000***************
***************flag=0***************
--------------------------------------------------!
time		0.000000
wall time	390.678956
*******************************
dgemm_time	183.497940
conv_transfer_time	0.000000
conv_calculate_time	6175.044922
elastic_calculate_time	6175.085449
Allen_Cahn_nonlinear_time	6360.451660
Cahn_Hilliard_nonlinear_time	0.012000
trans_time	59.040897
trans_Memcpy_time	27.389452
trans_MPI_time	22.982479
trans_pack_time	0.550691
trans_enlarge_time	0.782362
trans_mu_time	0.508936
trans_unpack_time	6.372147
updateU_new_time	5.265170
runtime	6.611810
--------------------------------------------------!
***************dt=2.000000***************
***************flag=0***************
--------------------------------------------------!
time		0.000000
wall time	397.284502
*******************************
dgemm_time	183.441788
conv_transfer_time	0.000000
conv_calculate_time	6182.812988
elastic_calculate_time	6182.853027
Allen_Cahn_nonlinear_time	6373.448730
Cahn_Hilliard_nonlinear_time	0.012000
trans_time	58.300148
trans_Memcpy_time	27.195242
trans_MPI_time	22.420769
trans_pack_time	0.555812
trans_enlarge_time	0.803641
trans_mu_time	0.505576
trans_unpack_time	6.361434
updateU_new_time	5.261975
runtime	6.623388
--------------------------------------------------!
***************dt=2.000000***************
***************flag=0***************
--------------------------------------------------!
time		0.000000
wall time	403.896366
*******************************
dgemm_time	183.428345
conv_transfer_time	0.000000
conv_calculate_time	6178.033203
elastic_calculate_time	6178.073242
Allen_Cahn_nonlinear_time	6371.713867
Cahn_Hilliard_nonlinear_time	0.011840
trans_time	59.464863
trans_Memcpy_time	27.228546
trans_MPI_time	23.533373
trans_pack_time	0.555812
trans_enlarge_time	0.792922
trans_mu_time	0.517096
trans_unpack_time	6.361439
updateU_new_time	5.265339
runtime	6.622588
--------------------------------------------------!
***************dt=2.000000***************
***************flag=0***************
--------------------------------------------------!
time		0.000000
wall time	410.519833
*******************************
dgemm_time	183.418900
conv_transfer_time	0.000000
conv_calculate_time	6172.069824
elastic_calculate_time	6172.110840
Allen_Cahn_nonlinear_time	6356.860840
Cahn_Hilliard_nonlinear_time	0.011840
trans_time	59.310921
trans_Memcpy_time	27.251610
trans_MPI_time	23.375961
trans_pack_time	0.550693
trans_enlarge_time	0.800282
trans_mu_time	0.505896
trans_unpack_time	6.372644
updateU_new_time	5.281183
runtime	6.607197
--------------------------------------------------!
***************dt=2.000000***************
***************flag=0***************
--------------------------------------------------!
time		0.000000
wall time	417.142516
*******************************
dgemm_time	183.383850
conv_transfer_time	0.000000
conv_calculate_time	6162.234375
elastic_calculate_time	6162.273926
Allen_Cahn_nonlinear_time	6349.034180
Cahn_Hilliard_nonlinear_time	0.011840
trans_time	58.927822
trans_Memcpy_time	27.280273
trans_MPI_time	22.968163
trans_pack_time	0.552613
trans_enlarge_time	0.793723
trans_mu_time	0.513736
trans_unpack_time	6.361610
updateU_new_time	5.262788
runtime	6.600022
--------------------------------------------------!
***************dt=2.000000***************
***************flag=0***************
--------------------------------------------------!
time		0.000000
wall time	423.749799
*******************************
dgemm_time	183.345291
conv_transfer_time	0.000000
conv_calculate_time	6163.057617
elastic_calculate_time	6163.097656
Allen_Cahn_nonlinear_time	6350.624023
Cahn_Hilliard_nonlinear_time	0.011520
trans_time	58.780415
trans_Memcpy_time	27.241577
trans_MPI_time	22.867386
trans_pack_time	0.552935
trans_enlarge_time	0.788285
trans_mu_time	0.511016
trans_unpack_time	6.362576
updateU_new_time	5.261352
runtime	6.603237
--------------------------------------------------!
***************dt=2.000000***************
***************flag=0***************
--------------------------------------------------!
time		0.000000
wall time	430.349921
*******************************
dgemm_time	183.423340
conv_transfer_time	0.000000
conv_calculate_time	6166.623047
elastic_calculate_time	6166.662598
Allen_Cahn_nonlinear_time	6350.131836
Cahn_Hilliard_nonlinear_time	0.012160
trans_time	58.184952
trans_Memcpy_time	27.255676
trans_MPI_time	22.243752
trans_pack_time	0.548935
trans_enlarge_time	0.805883
trans_mu_time	0.503816
trans_unpack_time	6.367860
updateU_new_time	5.261996
runtime	6.601662
--------------------------------------------------!
***************dt=2.000000***************
***************flag=0***************
--------------------------------------------------!
time		0.000000
wall time	436.953240
*******************************
dgemm_time	183.474243
conv_transfer_time	0.000000
conv_calculate_time	6163.712891
elastic_calculate_time	6163.752441
Allen_Cahn_nonlinear_time	6348.063477
Cahn_Hilliard_nonlinear_time	0.011840
trans_time	59.348301
trans_Memcpy_time	27.193462
trans_MPI_time	23.478912
trans_pack_time	0.550215
trans_enlarge_time	0.795004
trans_mu_time	0.503179
trans_unpack_time	6.371385
updateU_new_time	5.263601
runtime	6.599074
--------------------------------------------------!
***************dt=2.000000***************
***************flag=0***************
--------------------------------------------------!
time		0.000000
wall time	443.554996
*******************************
dgemm_time	183.444519
conv_transfer_time	0.000000
conv_calculate_time	6160.298828
elastic_calculate_time	6160.337891
Allen_Cahn_nonlinear_time	6344.770020
Cahn_Hilliard_nonlinear_time	0.011840
trans_time	59.003746
trans_Memcpy_time	27.294125
trans_MPI_time	23.014797
trans_pack_time	0.555655
trans_enlarge_time	0.812445
trans_mu_time	0.510540
trans_unpack_time	6.369631
updateU_new_time	5.281686
runtime	6.596732
--------------------------------------------------!
***************dt=2.000000***************
***************flag=0***************
--------------------------------------------------!
time		0.000000
wall time	450.154124
*******************************
dgemm_time	183.470947
conv_transfer_time	0.000000
conv_calculate_time	6161.863770
elastic_calculate_time	6161.901855
Allen_Cahn_nonlinear_time	6348.812500
Cahn_Hilliard_nonlinear_time	0.011840
trans_time	59.620842
trans_Memcpy_time	27.305035
trans_MPI_time	23.616236
trans_pack_time	0.571176
trans_enlarge_time	0.790048
trans_mu_time	0.506701
trans_unpack_time	6.373798
updateU_new_time	5.262173
runtime	6.601882
--------------------------------------------------!
***************dt=2.000000***************
***************flag=0***************
--------------------------------------------------!
time		0.000000
wall time	456.750939
*******************************
dgemm_time	183.540924
conv_transfer_time	0.000000
conv_calculate_time	6161.260742
elastic_calculate_time	6161.299805
Allen_Cahn_nonlinear_time	6348.641113
Cahn_Hilliard_nonlinear_time	0.011840
trans_time	58.224586
trans_Memcpy_time	27.302341
trans_MPI_time	22.244959
trans_pack_time	0.556617
trans_enlarge_time	0.784449
trans_mu_time	0.508781
trans_unpack_time	6.376685
updateU_new_time	5.263318
runtime	6.602343
--------------------------------------------------!
***************dt=2.000000***************
***************flag=0***************
--------------------------------------------------!
time		0.000000
wall time	463.352907
*******************************
dgemm_time	183.440445
conv_transfer_time	0.000000
conv_calculate_time	6162.953613
elastic_calculate_time	6162.992676
Allen_Cahn_nonlinear_time	6347.690430
Cahn_Hilliard_nonlinear_time	0.011680
trans_time	58.949261
trans_Memcpy_time	27.254154
trans_MPI_time	22.997358
trans_pack_time	0.558059
trans_enlarge_time	0.804131
trans_mu_time	0.514542
trans_unpack_time	6.362956
updateU_new_time	5.262399
runtime	6.603023
--------------------------------------------------!
***************dt=2.000000***************
***************flag=0***************
--------------------------------------------------!
time		0.000000
wall time	469.955342
*******************************
dgemm_time	183.438782
conv_transfer_time	0.000000
conv_calculate_time	6161.231934
elastic_calculate_time	6161.272461
Allen_Cahn_nonlinear_time	6348.922363
Cahn_Hilliard_nonlinear_time	0.011840
trans_time	58.460121
trans_Memcpy_time	27.252445
trans_MPI_time	22.532749
trans_pack_time	0.554703
trans_enlarge_time	0.798697
trans_mu_time	0.505908
trans_unpack_time	6.365406
updateU_new_time	5.264998
runtime	6.602311
--------------------------------------------------!
***************dt=2.000000***************
***************flag=0***************
--------------------------------------------------!
time		0.000000
wall time	476.558458
*******************************
dgemm_time	183.373749
conv_transfer_time	0.000000
conv_calculate_time	6168.070312
elastic_calculate_time	6168.109863
Allen_Cahn_nonlinear_time	6353.824707
Cahn_Hilliard_nonlinear_time	0.011680
trans_time	59.267956
trans_Memcpy_time	27.261772
trans_MPI_time	23.251783
trans_pack_time	0.554868
trans_enlarge_time	0.799663
trans_mu_time	0.511511
trans_unpack_time	6.375214
updateU_new_time	5.269197
runtime	6.607967
--------------------------------------------------!
***************dt=2.000000***************
***************flag=0***************
--------------------------------------------------!
time		0.000000
wall time	483.160866
*******************************
dgemm_time	183.393616
conv_transfer_time	0.000000
conv_calculate_time	6165.493164
elastic_calculate_time	6165.532227
Allen_Cahn_nonlinear_time	6352.136719
Cahn_Hilliard_nonlinear_time	0.011680
trans_time	58.909317
trans_Memcpy_time	27.244215
trans_MPI_time	22.965080
trans_pack_time	0.580631
trans_enlarge_time	0.780950
trans_mu_time	0.506074
trans_unpack_time	6.378460
updateU_new_time	5.263635
runtime	6.605495
--------------------------------------------------!
***************dt=2.000000***************
***************flag=0***************
--------------------------------------------------!
time		0.000000
wall time	489.768914
*******************************
dgemm_time	183.439056
conv_transfer_time	0.000000
conv_calculate_time	6160.728027
elastic_calculate_time	6160.768066
Allen_Cahn_nonlinear_time	6349.411133
Cahn_Hilliard_nonlinear_time	0.011520
trans_time	59.410065
trans_Memcpy_time	27.273211
trans_MPI_time	23.443161
trans_pack_time	0.554076
trans_enlarge_time	0.788954
trans_mu_time	0.507840
trans_unpack_time	6.388426
updateU_new_time	5.260952
runtime	6.603131
--------------------------------------------------!
***************dt=2.000000***************
***************flag=0***************
--------------------------------------------------!
time		0.000000
wall time	496.374495
*******************************
dgemm_time	183.464691
conv_transfer_time	0.000000
conv_calculate_time	6161.947754
elastic_calculate_time	6161.987305
Allen_Cahn_nonlinear_time	6354.793945
Cahn_Hilliard_nonlinear_time	0.011680
trans_time	59.845188
trans_Memcpy_time	27.254200
trans_MPI_time	23.909883
trans_pack_time	0.558720
trans_enlarge_time	0.782400
trans_mu_time	0.514080
trans_unpack_time	6.372631
updateU_new_time	5.263841
runtime	6.605652
--------------------------------------------------!
***************dt=2.000000***************
***************flag=0***************
--------------------------------------------------!
time		0.000000
wall time	502.977773
*******************************
dgemm_time	183.473709
conv_transfer_time	0.000000
conv_calculate_time	6166.429688
elastic_calculate_time	6166.469727
Allen_Cahn_nonlinear_time	6352.645020
Cahn_Hilliard_nonlinear_time	0.011680
trans_time	59.635178
trans_Memcpy_time	27.233925
trans_MPI_time	23.697445
trans_pack_time	0.555200
trans_enlarge_time	0.824960
trans_mu_time	0.504640
trans_unpack_time	6.367041
updateU_new_time	5.264639
runtime	6.606680
--------------------------------------------------!
***************dt=2.000000***************
***************flag=0***************
--------------------------------------------------!
time		0.000000
wall time	509.583506
*******************************
dgemm_time	183.444443
conv_transfer_time	0.000000
conv_calculate_time	6162.403809
elastic_calculate_time	6162.443848
Allen_Cahn_nonlinear_time	6348.902832
Cahn_Hilliard_nonlinear_time	0.011840
trans_time	60.260723
trans_Memcpy_time	27.285912
trans_MPI_time	24.310234
trans_pack_time	0.555520
trans_enlarge_time	0.785440
trans_mu_time	0.504160
trans_unpack_time	6.367679
updateU_new_time	5.271515
runtime	6.601081
--------------------------------------------------!
***************dt=2.000000***************
***************flag=0***************
--------------------------------------------------!
time		0.000000
wall time	516.190266
*******************************
dgemm_time	183.466858
conv_transfer_time	0.000000
conv_calculate_time	6163.075684
elastic_calculate_time	6163.114746
Allen_Cahn_nonlinear_time	6348.054688
Cahn_Hilliard_nonlinear_time	0.012000
trans_time	58.631954
trans_Memcpy_time	27.271652
trans_MPI_time	22.635176
trans_pack_time	0.583680
trans_enlarge_time	0.799360
trans_mu_time	0.506080
trans_unpack_time	6.386553
updateU_new_time	5.263671
runtime	6.597645
--------------------------------------------------!
***************dt=2.000000***************
***************flag=0***************
--------------------------------------------------!
time		0.000000
wall time	522.791432
*******************************
dgemm_time	183.468948
conv_transfer_time	0.000000
conv_calculate_time	6165.665527
elastic_calculate_time	6165.705078
Allen_Cahn_nonlinear_time	6352.105469
Cahn_Hilliard_nonlinear_time	0.011840
trans_time	59.524757
trans_Memcpy_time	27.213709
trans_MPI_time	23.597717
trans_pack_time	0.552800
trans_enlarge_time	0.802560
trans_mu_time	0.506400
trans_unpack_time	6.402868
updateU_new_time	5.263507
runtime	6.602925
--------------------------------------------------!
***************dt=2.000000***************
***************flag=0***************
--------------------------------------------------!
time		0.000000
wall time	529.389149
*******************************
dgemm_time	183.463058
conv_transfer_time	0.000000
conv_calculate_time	6163.654297
elastic_calculate_time	6163.712891
Allen_Cahn_nonlinear_time	6350.439453
Cahn_Hilliard_nonlinear_time	0.011680
trans_time	59.579983
trans_Memcpy_time	27.225851
trans_MPI_time	23.683781
trans_pack_time	0.557120
trans_enlarge_time	0.784160
trans_mu_time	0.510880
trans_unpack_time	6.365264
updateU_new_time	5.263023
runtime	6.600287
--------------------------------------------------!
***************dt=2.000000***************
***************flag=0***************
--------------------------------------------------!
time		0.000000
wall time	535.992136
*******************************
dgemm_time	183.460358
conv_transfer_time	0.000000
conv_calculate_time	6164.008789
elastic_calculate_time	6164.049805
Allen_Cahn_nonlinear_time	6349.051270
Cahn_Hilliard_nonlinear_time	0.012160
trans_time	59.738716
trans_Memcpy_time	27.257191
trans_MPI_time	23.726002
trans_pack_time	0.551840
trans_enlarge_time	0.800320
trans_mu_time	0.519520
trans_unpack_time	6.367979
updateU_new_time	5.265099
runtime	6.600704
--------------------------------------------------!
***************dt=2.000000***************
***************flag=0***************
--------------------------------------------------!
time		0.000000
wall time	542.592498
*******************************
dgemm_time	183.491272
conv_transfer_time	0.000000
conv_calculate_time	6161.107422
elastic_calculate_time	6161.147461
Allen_Cahn_nonlinear_time	6350.845215
Cahn_Hilliard_nonlinear_time	0.011840
trans_time	59.418262
trans_Memcpy_time	27.202612
trans_MPI_time	23.550303
trans_pack_time	0.552958
trans_enlarge_time	0.786880
trans_mu_time	0.506240
trans_unpack_time	6.367654
updateU_new_time	5.272615
runtime	6.602840
--------------------------------------------------!
***************dt=2.000000***************
***************flag=0***************
--------------------------------------------------!
time		0.000000
wall time	549.193278
*******************************
dgemm_time	183.409866
conv_transfer_time	0.000000
conv_calculate_time	6161.027344
elastic_calculate_time	6161.067383
Allen_Cahn_nonlinear_time	6347.360352
Cahn_Hilliard_nonlinear_time	0.011520
trans_time	58.573494
trans_Memcpy_time	27.260509
trans_MPI_time	22.607094
trans_pack_time	0.567838
trans_enlarge_time	0.791680
trans_mu_time	0.508960
trans_unpack_time	6.383489
updateU_new_time	5.262051
runtime	6.599173
--------------------------------------------------!
***************dt=2.000000***************
***************flag=0***************
--------------------------------------------------!
time		0.000000
wall time	555.796194
*******************************
dgemm_time	183.460449
conv_transfer_time	0.000000
conv_calculate_time	6162.922363
elastic_calculate_time	6162.961914
Allen_Cahn_nonlinear_time	6348.312988
Cahn_Hilliard_nonlinear_time	0.012320
trans_time	59.568371
trans_Memcpy_time	27.248173
trans_MPI_time	23.636351
trans_pack_time	0.554558
trans_enlarge_time	0.772640
trans_mu_time	0.511840
trans_unpack_time	6.396285
updateU_new_time	5.261728
runtime	6.599776
--------------------------------------------------!
***************dt=2.000000***************
***************flag=0***************
--------------------------------------------------!
time		0.000000
wall time	562.395447
*******************************
dgemm_time	183.454254
conv_transfer_time	0.000000
conv_calculate_time	6163.764648
elastic_calculate_time	6163.804688
Allen_Cahn_nonlinear_time	6347.755371
Cahn_Hilliard_nonlinear_time	0.011840
trans_time	59.448719
trans_Memcpy_time	27.222713
trans_MPI_time	23.537455
trans_pack_time	0.556158
trans_enlarge_time	0.806880
trans_mu_time	0.506080
trans_unpack_time	6.367321
updateU_new_time	5.263644
runtime	6.598893
--------------------------------------------------!
***************dt=2.000000***************
***************flag=0***************
--------------------------------------------------!
time		0.000000
wall time	568.995306
*******************************
dgemm_time	183.432327
conv_transfer_time	0.000000
conv_calculate_time	6165.607910
elastic_calculate_time	6165.648438
Allen_Cahn_nonlinear_time	6349.896484
Cahn_Hilliard_nonlinear_time	0.012160
trans_time	58.374668
trans_Memcpy_time	27.340454
trans_MPI_time	22.331207
trans_pack_time	0.557597
trans_enlarge_time	0.802879
trans_mu_time	0.524640
trans_unpack_time	6.365556
updateU_new_time	5.262204
runtime	6.602267
--------------------------------------------------!
***************dt=2.000000***************
***************flag=0***************
--------------------------------------------------!
time		0.000000
wall time	575.594283
*******************************
dgemm_time	183.444183
conv_transfer_time	0.000000
conv_calculate_time	6160.124512
elastic_calculate_time	6160.163574
Allen_Cahn_nonlinear_time	6346.295410
Cahn_Hilliard_nonlinear_time	0.011520
trans_time	59.269039
trans_Memcpy_time	27.201572
trans_MPI_time	23.373600
trans_pack_time	0.551997
trans_enlarge_time	0.796639
trans_mu_time	0.509280
trans_unpack_time	6.384116
updateU_new_time	5.279004
runtime	6.599166
--------------------------------------------------!
***************dt=2.000000***************
***************flag=0***************
--------------------------------------------------!
time		0.000000
wall time	582.196640
*******************************
dgemm_time	183.462738
conv_transfer_time	0.000000
conv_calculate_time	6167.022461
elastic_calculate_time	6167.061523
Allen_Cahn_nonlinear_time	6352.354492
Cahn_Hilliard_nonlinear_time	0.012320
trans_time	58.901474
trans_Memcpy_time	27.266211
trans_MPI_time	22.942562
trans_pack_time	0.552637
trans_enlarge_time	0.793599
trans_mu_time	0.504640
trans_unpack_time	6.389076
updateU_new_time	5.263484
runtime	6.603917
--------------------------------------------------!
***************dt=2.000000***************
***************flag=0***************
--------------------------------------------------!
time		0.000000
wall time	588.795889
*******************************
dgemm_time	183.382263
conv_transfer_time	0.000000
conv_calculate_time	6158.462891
elastic_calculate_time	6158.520020
Allen_Cahn_nonlinear_time	6349.229492
Cahn_Hilliard_nonlinear_time	0.012000
trans_time	59.059044
trans_Memcpy_time	27.276136
trans_MPI_time	23.081282
trans_pack_time	0.551677
trans_enlarge_time	0.802079
trans_mu_time	0.512160
trans_unpack_time	6.381396
updateU_new_time	5.263804
runtime	6.599261
--------------------------------------------------!
***************dt=2.000000***************
***************flag=0***************
--------------------------------------------------!
time		0.000000
wall time	595.399898
*******************************
dgemm_time	183.399536
conv_transfer_time	0.000000
conv_calculate_time	6161.588867
elastic_calculate_time	6161.634277
Allen_Cahn_nonlinear_time	6349.217285
Cahn_Hilliard_nonlinear_time	0.011520
trans_time	58.833225
trans_Memcpy_time	27.233892
trans_MPI_time	22.858402
trans_pack_time	0.554237
trans_enlarge_time	0.788158
trans_mu_time	0.510400
trans_unpack_time	6.369877
updateU_new_time	5.263164
runtime	6.599903
--------------------------------------------------!
***************dt=2.000000***************
***************flag=0***************
--------------------------------------------------!
time		0.000000
wall time	601.999222
*******************************
dgemm_time	183.440659
conv_transfer_time	0.000000
conv_calculate_time	6167.067383
elastic_calculate_time	6167.108398
Allen_Cahn_nonlinear_time	6355.644531
Cahn_Hilliard_nonlinear_time	0.011840
trans_time	58.860065
trans_Memcpy_time	27.338055
trans_MPI_time	22.862885
trans_pack_time	0.557437
trans_enlarge_time	0.779839
trans_mu_time	0.507680
trans_unpack_time	6.362837
updateU_new_time	5.265564
runtime	6.607964
--------------------------------------------------!
***************dt=2.000000***************
***************flag=0***************
--------------------------------------------------!
time		0.000000
wall time	608.599227
*******************************
dgemm_time	183.503860
conv_transfer_time	0.000000
conv_calculate_time	6163.419434
elastic_calculate_time	6163.460938
Allen_Cahn_nonlinear_time	6349.318848
Cahn_Hilliard_nonlinear_time	0.012000
trans_time	59.810520
trans_Memcpy_time	27.291334
trans_MPI_time	23.825439
trans_pack_time	0.556157
trans_enlarge_time	0.797439
trans_mu_time	0.513760
trans_unpack_time	6.371797
updateU_new_time	5.270044
runtime	6.603550
--------------------------------------------------!
***************dt=2.000000***************
***************flag=0***************
--------------------------------------------------!
time		0.000000
wall time	615.207265
*******************************
dgemm_time	183.425461
conv_transfer_time	0.000000
conv_calculate_time	6160.518555
elastic_calculate_time	6160.559082
Allen_Cahn_nonlinear_time	6346.220703
Cahn_Hilliard_nonlinear_time	0.011680
trans_time	58.606350
trans_Memcpy_time	27.430054
trans_MPI_time	22.484486
trans_pack_time	0.552637
trans_enlarge_time	0.773759
trans_mu_time	0.508160
trans_unpack_time	6.394357
updateU_new_time	5.263004
runtime	6.597000
--------------------------------------------------!
***************dt=2.000000***************
***************flag=0***************
--------------------------------------------------!
time		0.000000
wall time	621.810887
*******************************
dgemm_time	183.365143
conv_transfer_time	0.000000
conv_calculate_time	6161.478027
elastic_calculate_time	6161.518555
Allen_Cahn_nonlinear_time	6349.305664
Cahn_Hilliard_nonlinear_time	0.011680
trans_time	59.931171
trans_Memcpy_time	27.245897
trans_MPI_time	23.988796
trans_pack_time	0.557117
trans_enlarge_time	0.792799
trans_mu_time	0.508320
trans_unpack_time	6.390357
updateU_new_time	5.261244
runtime	6.600781
--------------------------------------------------!
***************dt=2.000000***************
***************flag=0***************
--------------------------------------------------!
time		0.000000
wall time	628.407950
*******************************
dgemm_time	183.465790
conv_transfer_time	0.000000
conv_calculate_time	6165.275391
elastic_calculate_time	6165.314941
Allen_Cahn_nonlinear_time	6352.668945
Cahn_Hilliard_nonlinear_time	0.011680
trans_time	58.933544
trans_Memcpy_time	27.245735
trans_MPI_time	23.012484
trans_pack_time	0.552957
trans_enlarge_time	0.790399
trans_mu_time	0.510080
trans_unpack_time	6.371157
updateU_new_time	5.264444
runtime	6.605954
--------------------------------------------------!
***************dt=2.000000***************
***************flag=0***************
--------------------------------------------------!
time		0.000000
wall time	635.008810
*******************************
dgemm_time	183.494598
conv_transfer_time	0.000000
conv_calculate_time	6177.827637
elastic_calculate_time	6177.867188
Allen_Cahn_nonlinear_time	6366.386230
Cahn_Hilliard_nonlinear_time	0.011680
trans_time	58.996868
trans_Memcpy_time	27.242218
trans_MPI_time	23.093763
trans_pack_time	0.554397
trans_enlarge_time	0.784480
trans_mu_time	0.508960
trans_unpack_time	6.362357
updateU_new_time	5.262364
runtime	6.615433
--------------------------------------------------!
***************dt=2.000000***************
***************flag=0***************
--------------------------------------------------!
time		0.000000
wall time	641.614833
*******************************
dgemm_time	183.458221
conv_transfer_time	0.000000
conv_calculate_time	6161.871582
elastic_calculate_time	6161.911133
Allen_Cahn_nonlinear_time	6351.204590
Cahn_Hilliard_nonlinear_time	0.012000
trans_time	60.282139
trans_Memcpy_time	27.277256
trans_MPI_time	24.330715
trans_pack_time	0.555677
trans_enlarge_time	0.777599
trans_mu_time	0.510720
trans_unpack_time	6.382037
updateU_new_time	5.263159
runtime	6.601787
--------------------------------------------------!
***************dt=2.000000***************
***************flag=0***************
--------------------------------------------------!
time		0.000000
wall time	648.230343
*******************************
dgemm_time	183.381531
conv_transfer_time	0.000000
conv_calculate_time	6163.687012
elastic_calculate_time	6163.746094
Allen_Cahn_nonlinear_time	6350.106934
Cahn_Hilliard_nonlinear_time	0.011680
trans_time	58.786812
trans_Memcpy_time	27.230347
trans_MPI_time	22.867979
trans_pack_time	0.551356
trans_enlarge_time	0.792155
trans_mu_time	0.506720
trans_unpack_time	6.384109
updateU_new_time	5.263939
runtime	6.600852
--------------------------------------------------!
***************dt=2.000000***************
***************flag=0***************
--------------------------------------------------!
time		0.000000
wall time	654.832209
*******************************
dgemm_time	183.419144
conv_transfer_time	0.000000
conv_calculate_time	6162.818848
elastic_calculate_time	6162.858398
Allen_Cahn_nonlinear_time	6349.350098
Cahn_Hilliard_nonlinear_time	0.011680
trans_time	59.372448
trans_Memcpy_time	27.407204
trans_MPI_time	23.226931
trans_pack_time	0.550714
trans_enlarge_time	0.782234
trans_mu_time	0.509595
trans_unpack_time	6.385366
updateU_new_time	5.264419
runtime	6.598755
--------------------------------------------------!
***************dt=2.000000***************
***************flag=0***************
--------------------------------------------------!
time		0.000000
wall time	661.433128
