running   on	1024   processors
restart		0
nx,ny,nz	260	260	260
px,py,pz	8	8	16
nghost		2
output   dir	./output/output2/
data   dir	./data/
dt,t_total	2.000000,200.100000
ELASTIC		1
ANISOTROPIC		1
nac,nch		6,2
xmin,ymin,zmin	0.000000	0.000000	0.000000
xmax,ymax,zmax	2048.000000	2048.000000	4096.000000
checkpoint_,nchk,chk	1,1000,0
nout		10000
Approx		32
detect_iter		100000
Reading input.txt file:
myrank = 648 P = 3 Q = 2
myrank = 650 P = 2 Q = 1
myrank = 651 P = 0 Q = 3
myrank = 649 P = 0 Q = 2
myrank = 819 P = 4 Q = 3
myrank = 855 P = 5 Q = 3
myrank = 965 P = 4 Q = 4
myrank = 817 P = 2 Q = 4
myrank = 816 P = 1 Q = 5
myrank = 5 P = 3 Q = 4
myrank = 964 P = 0 Q = 5
myrank = 853 P = 5 Q = 2
myrank = 854 P = 3 Q = 1
myrank = 852 P = 4 Q = 5
myrank = 884 P = 0 Q = 3
myrank = 877 P = 0 Q = 5
myrank = 227 P = 2 Q = 2
myrank = 866 P = 3 Q = 5
myrank = 966 P = 0 Q = 5
myrank = 879 P = 1 Q = 1
myrank = 972 P = 5 Q = 5
myrank = 871 P = 5 Q = 1
myrank = 369 P = 3 Q = 4
myrank = 559 P = 0 Q = 5
myrank = 806 P = 0 Q = 0
myrank = 872 P = 4 Q = 0
myrank = 887 P = 1 Q = 4
myrank = 885 P = 5 Q = 2
myrank = 371 P = 3 Q = 1
myrank = 868 P = 3 Q = 2
myrank = 975 P = 5 Q = 5
myrank = 319 P = 4 Q = 4
myrank = 818 P = 3 Q = 4
myrank = 864 P = 1 Q = 3
myrank = 226 P = 0 Q = 1
myrank = 974 P = 5 Q = 2
myrank = 985 P = 3 Q = 1
myrank = 370 P = 4 Q = 0
myrank = 991 P = 1 Q = 5
myrank = 967 P = 0 Q = 2
myrank = 875 P = 4 Q = 0
myrank = 368 P = 0 Q = 1
myrank = 867 P = 5 Q = 0
myrank = 989 P = 5 Q = 0
myrank = 926 P = 5 Q = 5
myrank = 556 P = 0 Q = 4
myrank = 984 P = 0 Q = 4
myrank = 558 P = 4 Q = 3
myrank = 927 P = 5 Q = 2
myrank = 6 P = 3 Q = 0
myrank = 924 P = 2 Q = 4
myrank = 415 P = 2 Q = 3
myrank = 983 P = 1 Q = 5
myrank = 316 P = 1 Q = 1
myrank = 756 P = 1 Q = 1
myrank = 557 P = 1 Q = 0
myrank = 642 P = 2 Q = 4
myrank = 987 P = 5 Q = 0
myrank = 511 P = 5 Q = 4
myrank = 863 P = 4 Q = 0
myrank = 510 P = 1 Q = 5
myrank = 988 P = 4 Q = 4
myrank = 318 P = 4 Q = 1
myrank = 869 P = 0 Q = 5
myrank = 876 P = 1 Q = 0
myrank = 856 P = 2 Q = 0
myrank = 640 P = 1 Q = 5
myrank = 224 P = 4 Q = 2
myrank = 317 P = 2 Q = 3
myrank = 973 P = 0 Q = 0
myrank = 807 P = 1 Q = 2
myrank = 4 P = 4 Q = 2
myrank = 982 P = 0 Q = 3
myrank = 860 P = 4 Q = 2
myrank = 870 P = 2 Q = 4
myrank = 986 P = 5 Q = 0
myrank = 831 P = 1 Q = 3
myrank = 865 P = 3 Q = 2
myrank = 857 P = 4 Q = 2
myrank = 981 P = 0 Q = 3
myrank = 874 P = 2 Q = 1
myrank = 791 P = 3 Q = 2
myrank = 980 P = 1 Q = 2
myrank = 886 P = 2 Q = 2
myrank = 641 P = 2 Q = 1
myrank = 515 P = 0 Q = 2
myrank = 413 P = 3 Q = 1
myrank = 861 P = 1 Q = 2
myrank = 412 P = 1 Q = 2
myrank = 995 P = 1 Q = 3
myrank = 759 P = 1 Q = 5
myrank = 760 P = 1 Q = 1
myrank = 862 P = 0 Q = 1
myrank = 1021 P = 4 Q = 4
myrank = 878 P = 4 Q = 1
myrank = 859 P = 2 Q = 0
myrank = 366 P = 4 Q = 2
myrank = 414 P = 3 Q = 4
myrank = 762 P = 1 Q = 2
myrank = 76 P = 4 Q = 3
myrank = 788 P = 3 Q = 5
myrank = 790 P = 1 Q = 1
myrank = 902 P = 4 Q = 5
myrank = 792 P = 1 Q = 1
myrank = 889 P = 5 Q = 2
myrank = 699 P = 4 Q = 3
myrank = 643 P = 4 Q = 3
myrank = 761 P = 3 Q = 0
myrank = 757 P = 5 Q = 3
myrank = 883 P = 3 Q = 0
myrank = 338 P = 3 Q = 2
myrank = 805 P = 3 Q = 3
myrank = 758 P = 2 Q = 3
myrank = 7 P = 2 Q = 2
myrank = 858 P = 5 Q = 1
myrank = 508 P = 2 Q = 4
myrank = 873 P = 2 Q = 2
myrank = 513 P = 1 Q = 3
myrank = 810 P = 2 Q = 0
myrank = 512 P = 4 Q = 3
myrank = 824 P = 0 Q = 2
myrank = 659 P = 4 Q = 1
myrank = 410 P = 3 Q = 3
myrank = 998 P = 5 Q = 3
myrank = 763 P = 4 Q = 2
myrank = 959 P = 1 Q = 2
myrank = 990 P = 5 Q = 0
myrank = 882 P = 5 Q = 1
myrank = 225 P = 5 Q = 5
myrank = 789 P = 1 Q = 4
myrank = 644 P = 4 Q = 0
myrank = 795 P = 3 Q = 3
myrank = 812 P = 0 Q = 5
myrank = 1011 P = 3 Q = 5
myrank = 337 P = 1 Q = 0
myrank = 365 P = 5 Q = 3
myrank = 79 P = 2 Q = 4
myrank = 811 P = 5 Q = 0
myrank = 211 P = 0 Q = 0
myrank = 809 P = 3 Q = 4
myrank = 815 P = 4 Q = 5
myrank = 746 P = 0 Q = 2
myrank = 591 P = 2 Q = 3
myrank = 453 P = 1 Q = 2
myrank = 163 P = 3 Q = 5
myrank = 99 P = 4 Q = 4
myrank = 753 P = 0 Q = 3
myrank = 1007 P = 1 Q = 3
myrank = 744 P = 1 Q = 1
myrank = 900 P = 2 Q = 0
myrank = 461 P = 3 Q = 5
myrank = 1 P = 1 Q = 4
myrank = 339 P = 3 Q = 5
myrank = 970 P = 3 Q = 3
myrank = 408 P = 1 Q = 5
myrank = 1005 P = 2 Q = 4
myrank = 1022 P = 4 Q = 1
myrank = 992 P = 4 Q = 5
myrank = 888 P = 5 Q = 0
myrank = 804 P = 1 Q = 5
myrank = 364 P = 4 Q = 4
myrank = 735 P = 3 Q = 2
myrank = 647 P = 2 Q = 3
myrank = 514 P = 3 Q = 2
myrank = 1020 P = 2 Q = 2
myrank = 843 P = 4 Q = 4
myrank = 3 P = 0 Q = 0
myrank = 971 P = 5 Q = 5
myrank = 96 P = 5 Q = 3
myrank = 664 P = 3 Q = 0
myrank = 743 P = 5 Q = 2
myrank = 880 P = 0 Q = 0
myrank = 311 P = 5 Q = 4
myrank = 97 P = 2 Q = 5
myrank = 829 P = 2 Q = 4
myrank = 994 P = 1 Q = 3
myrank = 901 P = 5 Q = 0
myrank = 98 P = 3 Q = 4
myrank = 509 P = 4 Q = 5
myrank = 808 P = 2 Q = 2
myrank = 697 P = 1 Q = 3
myrank = 652 P = 1 Q = 3
myrank = 968 P = 4 Q = 4
myrank = 1006 P = 1 Q = 3
myrank = 631 P = 3 Q = 0
myrank = 825 P = 2 Q = 4
myrank = 219 P = 2 Q = 2
myrank = 993 P = 2 Q = 1
myrank = 460 P = 2 Q = 0
myrank = 1023 P = 0 Q = 0
myrank = 77 P = 3 Q = 2
myrank = 745 P = 1 Q = 0
myrank = 308 P = 0 Q = 3
myrank = 78 P = 1 Q = 4
myrank = 2 P = 0 Q = 3
myrank = 336 P = 3 Q = 1
myrank = 545 P = 1 Q = 3
myrank = 160 P = 5 Q = 1
myrank = 499 P = 3 Q = 1
myrank = 793 P = 5 Q = 4
myrank = 957 P = 2 Q = 4
myrank = 925 P = 0 Q = 3
myrank = 367 P = 4 Q = 2
myrank = 161 P = 4 Q = 0
myrank = 903 P = 5 Q = 4
myrank = 830 P = 1 Q = 0
myrank = 969 P = 3 Q = 3
myrank = 958 P = 3 Q = 2
myrank = 655 P = 1 Q = 0
myrank = 799 P = 2 Q = 5
myrank = 411 P = 4 Q = 2
myrank = 630 P = 3 Q = 0
myrank = 162 P = 1 Q = 3
myrank = 996 P = 0 Q = 4
myrank = 380 P = 3 Q = 4
myrank = 663 P = 0 Q = 3
myrank = 999 P = 3 Q = 2
myrank = 383 P = 3 Q = 2
myrank = 546 P = 5 Q = 0
myrank = 814 P = 2 Q = 3
myrank = 794 P = 0 Q = 3
myrank = 588 P = 0 Q = 1
myrank = 740 P = 5 Q = 4
myrank = 151 P = 0 Q = 1
myrank = 827 P = 0 Q = 3
myrank = 881 P = 3 Q = 3
myrank = 1009 P = 4 Q = 4
myrank = 715 P = 4 Q = 4
myrank = 547 P = 3 Q = 4
myrank = 755 P = 5 Q = 2
myrank = 0 P = 1 Q = 1
myrank = 673 P = 1 Q = 2
myrank = 752 P = 0 Q = 3
myrank = 956 P = 2 Q = 1
myrank = 657 P = 3 Q = 5
myrank = 452 P = 3 Q = 3
myrank = 768 P = 0 Q = 4
myrank = 656 P = 5 Q = 2
myrank = 463 P = 5 Q = 0
myrank = 798 P = 4 Q = 3
myrank = 653 P = 2 Q = 5
myrank = 148 P = 0 Q = 4
myrank = 455 P = 0 Q = 4
myrank = 997 P = 3 Q = 1
myrank = 698 P = 5 Q = 5
myrank = 802 P = 5 Q = 3
myrank = 800 P = 2 Q = 5
myrank = 784 P = 2 Q = 1
myrank = 840 P = 2 Q = 5
myrank = 696 P = 3 Q = 3
myrank = 646 P = 1 Q = 0
myrank = 596 P = 4 Q = 2
myrank = 771 P = 1 Q = 5
myrank = 658 P = 4 Q = 1
myrank = 454 P = 0 Q = 4
myrank = 150 P = 4 Q = 3
myrank = 666 P = 3 Q = 4
myrank = 891 P = 1 Q = 4
myrank = 747 P = 1 Q = 1
myrank = 89 P = 0 Q = 0
myrank = 660 P = 0 Q = 3
myrank = 331 P = 4 Q = 5
myrank = 890 P = 1 Q = 4
myrank = 1010 P = 4 Q = 4
myrank = 708 P = 0 Q = 0
myrank = 1004 P = 5 Q = 4
myrank = 149 P = 4 Q = 3
myrank = 43 P = 2 Q = 0
myrank = 742 P = 4 Q = 3
myrank = 68 P = 0 Q = 5
myrank = 672 P = 3 Q = 0
myrank = 741 P = 1 Q = 3
myrank = 645 P = 0 Q = 5
myrank = 218 P = 1 Q = 4
myrank = 567 P = 5 Q = 2
myrank = 435 P = 1 Q = 0
myrank = 347 P = 2 Q = 5
myrank = 977 P = 1 Q = 4
myrank = 589 P = 3 Q = 4
myrank = 777 P = 4 Q = 3
myrank = 695 P = 5 Q = 1
myrank = 541 P = 0 Q = 0
myrank = 674 P = 4 Q = 5
myrank = 675 P = 0 Q = 1
myrank = 841 P = 2 Q = 2
myrank = 667 P = 1 Q = 4
myrank = 962 P = 4 Q = 0
myrank = 714 P = 1 Q = 1
myrank = 913 P = 0 Q = 5
myrank = 769 P = 2 Q = 3
myrank = 540 P = 5 Q = 0
myrank = 671 P = 2 Q = 3
myrank = 688 P = 4 Q = 3
myrank = 544 P = 0 Q = 1
myrank = 787 P = 5 Q = 5
myrank = 216 P = 2 Q = 5
myrank = 1016 P = 5 Q = 5
myrank = 915 P = 5 Q = 4
myrank = 25 P = 2 Q = 4
myrank = 1008 P = 3 Q = 2
myrank = 419 P = 3 Q = 2
myrank = 566 P = 4 Q = 0
myrank = 689 P = 1 Q = 0
myrank = 208 P = 3 Q = 5
myrank = 416 P = 3 Q = 5
myrank = 459 P = 5 Q = 3
myrank = 779 P = 3 Q = 2
myrank = 797 P = 0 Q = 4
myrank = 732 P = 0 Q = 1
myrank = 823 P = 2 Q = 3
myrank = 678 P = 0 Q = 1
myrank = 599 P = 4 Q = 3
myrank = 184 P = 3 Q = 1
myrank = 458 P = 3 Q = 4
myrank = 210 P = 2 Q = 1
myrank = 27 P = 1 Q = 0
myrank = 400 P = 2 Q = 5
myrank = 88 P = 5 Q = 3
myrank = 836 P = 3 Q = 5
myrank = 382 P = 4 Q = 0
myrank = 665 P = 5 Q = 2
myrank = 978 P = 2 Q = 0
myrank = 842 P = 0 Q = 1
myrank = 598 P = 4 Q = 0
myrank = 733 P = 1 Q = 0
myrank = 976 P = 4 Q = 4
myrank = 754 P = 2 Q = 2
myrank = 409 P = 4 Q = 2
myrank = 1019 P = 2 Q = 5
myrank = 343 P = 5 Q = 4
myrank = 821 P = 0 Q = 1
myrank = 848 P = 3 Q = 3
myrank = 543 P = 1 Q = 2
myrank = 565 P = 0 Q = 0
myrank = 668 P = 5 Q = 0
myrank = 627 P = 5 Q = 0
myrank = 734 P = 3 Q = 2
myrank = 507 P = 5 Q = 4
myrank = 1001 P = 2 Q = 1
myrank = 770 P = 5 Q = 0
myrank = 654 P = 5 Q = 1
myrank = 772 P = 5 Q = 4
myrank = 1017 P = 2 Q = 2
myrank = 960 P = 5 Q = 4
myrank = 340 P = 1 Q = 4
myrank = 629 P = 1 Q = 5
myrank = 222 P = 3 Q = 0
myrank = 498 P = 1 Q = 5
myrank = 1002 P = 5 Q = 1
myrank = 623 P = 2 Q = 2
myrank = 775 P = 4 Q = 5
myrank = 191 P = 4 Q = 2
myrank = 502 P = 0 Q = 4
myrank = 961 P = 4 Q = 0
myrank = 682 P = 1 Q = 2
myrank = 309 P = 0 Q = 3
myrank = 683 P = 2 Q = 4
myrank = 186 P = 2 Q = 3
myrank = 776 P = 3 Q = 4
myrank = 39 P = 1 Q = 3
myrank = 710 P = 5 Q = 2
myrank = 750 P = 0 Q = 3
myrank = 963 P = 2 Q = 5
myrank = 504 P = 2 Q = 0
myrank = 342 P = 0 Q = 5
myrank = 185 P = 1 Q = 4
myrank = 519 P = 2 Q = 1
myrank = 661 P = 4 Q = 1
myrank = 828 P = 1 Q = 0
myrank = 636 P = 3 Q = 2
myrank = 456 P = 4 Q = 5
myrank = 774 P = 1 Q = 0
myrank = 687 P = 3 Q = 4
myrank = 826 P = 2 Q = 1
myrank = 381 P = 4 Q = 0
myrank = 403 P = 2 Q = 2
myrank = 86 P = 1 Q = 4
myrank = 677 P = 5 Q = 5
myrank = 496 P = 5 Q = 3
myrank = 669 P = 2 Q = 5
myrank = 70 P = 5 Q = 1
myrank = 90 P = 1 Q = 1
myrank = 341 P = 5 Q = 3
myrank = 597 P = 2 Q = 4
myrank = 1018 P = 4 Q = 4
myrank = 537 P = 5 Q = 0
myrank = 420 P = 1 Q = 5
myrank = 277 P = 1 Q = 5
myrank = 542 P = 1 Q = 2
myrank = 215 P = 4 Q = 0
myrank = 619 P = 0 Q = 0
myrank = 1003 P = 4 Q = 0
myrank = 37 P = 2 Q = 1
myrank = 231 P = 5 Q = 3
myrank = 820 P = 0 Q = 2
myrank = 432 P = 0 Q = 5
myrank = 503 P = 0 Q = 1
myrank = 539 P = 1 Q = 4
myrank = 214 P = 3 Q = 3
myrank = 187 P = 2 Q = 0
myrank = 75 P = 4 Q = 3
myrank = 19 P = 1 Q = 3
myrank = 24 P = 0 Q = 5
myrank = 751 P = 2 Q = 5
myrank = 765 P = 0 Q = 1
myrank = 694 P = 2 Q = 1
myrank = 773 P = 5 Q = 4
myrank = 684 P = 2 Q = 3
myrank = 749 P = 0 Q = 0
myrank = 497 P = 1 Q = 5
myrank = 837 P = 4 Q = 4
myrank = 801 P = 4 Q = 4
myrank = 838 P = 5 Q = 4
myrank = 447 P = 0 Q = 1
myrank = 979 P = 1 Q = 2
myrank = 713 P = 2 Q = 0
myrank = 462 P = 1 Q = 5
myrank = 443 P = 0 Q = 0
myrank = 851 P = 3 Q = 0
myrank = 681 P = 0 Q = 2
myrank = 175 P = 0 Q = 2
myrank = 628 P = 4 Q = 5
myrank = 576 P = 5 Q = 5
myrank = 680 P = 5 Q = 3
myrank = 492 P = 5 Q = 0
myrank = 209 P = 1 Q = 4
myrank = 109 P = 2 Q = 3
myrank = 72 P = 4 Q = 3
myrank = 505 P = 2 Q = 3
myrank = 822 P = 1 Q = 0
myrank = 712 P = 4 Q = 4
myrank = 803 P = 0 Q = 3
myrank = 617 P = 4 Q = 4
myrank = 551 P = 1 Q = 5
myrank = 28 P = 5 Q = 4
myrank = 190 P = 0 Q = 0
myrank = 590 P = 2 Q = 3
myrank = 564 P = 2 Q = 1
myrank = 711 P = 3 Q = 4
myrank = 548 P = 3 Q = 4
myrank = 26 P = 2 Q = 1
myrank = 639 P = 2 Q = 0
myrank = 320 P = 5 Q = 3
myrank = 786 P = 4 Q = 3
myrank = 796 P = 2 Q = 5
myrank = 839 P = 0 Q = 0
myrank = 418 P = 5 Q = 3
myrank = 917 P = 4 Q = 3
myrank = 574 P = 3 Q = 3
myrank = 919 P = 2 Q = 2
myrank = 223 P = 3 Q = 0
myrank = 212 P = 5 Q = 1
myrank = 626 P = 1 Q = 4
myrank = 849 P = 4 Q = 2
myrank = 431 P = 3 Q = 3
myrank = 421 P = 5 Q = 4
myrank = 686 P = 5 Q = 1
myrank = 679 P = 0 Q = 1
myrank = 638 P = 2 Q = 3
myrank = 321 P = 0 Q = 0
myrank = 217 P = 4 Q = 1
myrank = 912 P = 2 Q = 3
myrank = 785 P = 5 Q = 1
myrank = 433 P = 2 Q = 1
myrank = 188 P = 4 Q = 5
myrank = 685 P = 1 Q = 5
myrank = 434 P = 0 Q = 0
myrank = 82 P = 5 Q = 4
myrank = 618 P = 3 Q = 0
myrank = 766 P = 5 Q = 0
myrank = 1000 P = 3 Q = 2
myrank = 604 P = 3 Q = 2
myrank = 87 P = 1 Q = 4
myrank = 446 P = 3 Q = 1
myrank = 592 P = 0 Q = 5
myrank = 495 P = 1 Q = 4
myrank = 179 P = 4 Q = 2
myrank = 276 P = 2 Q = 0
myrank = 549 P = 2 Q = 3
myrank = 17 P = 3 Q = 1
myrank = 279 P = 0 Q = 1
myrank = 155 P = 0 Q = 2
myrank = 84 P = 1 Q = 3
myrank = 83 P = 3 Q = 0
myrank = 729 P = 4 Q = 2
myrank = 550 P = 3 Q = 2
myrank = 229 P = 3 Q = 4
myrank = 74 P = 3 Q = 5
myrank = 572 P = 4 Q = 4
myrank = 323 P = 3 Q = 4
myrank = 310 P = 1 Q = 4
myrank = 396 P = 1 Q = 1
myrank = 38 P = 3 Q = 0
myrank = 85 P = 2 Q = 2
myrank = 676 P = 1 Q = 2
myrank = 178 P = 3 Q = 3
myrank = 22 P = 2 Q = 0
myrank = 748 P = 4 Q = 4
myrank = 575 P = 4 Q = 5
myrank = 213 P = 2 Q = 1
myrank = 18 P = 3 Q = 1
myrank = 385 P = 5 Q = 4
myrank = 402 P = 3 Q = 3
myrank = 501 P = 4 Q = 2
myrank = 20 P = 3 Q = 2
myrank = 335 P = 2 Q = 1
myrank = 328 P = 5 Q = 0
myrank = 573 P = 4 Q = 4
myrank = 159 P = 5 Q = 4
myrank = 850 P = 0 Q = 4
myrank = 423 P = 1 Q = 3
myrank = 67 P = 2 Q = 3
myrank = 500 P = 3 Q = 1
myrank = 670 P = 1 Q = 4
myrank = 407 P = 2 Q = 3
myrank = 73 P = 5 Q = 2
myrank = 494 P = 1 Q = 4
myrank = 189 P = 2 Q = 0
myrank = 813 P = 1 Q = 5
myrank = 401 P = 3 Q = 4
myrank = 36 P = 3 Q = 3
myrank = 69 P = 4 Q = 2
myrank = 346 P = 4 Q = 0
myrank = 662 P = 5 Q = 4
myrank = 728 P = 2 Q = 4
myrank = 108 P = 2 Q = 3
myrank = 398 P = 3 Q = 0
myrank = 738 P = 0 Q = 5
myrank = 399 P = 0 Q = 0
myrank = 441 P = 1 Q = 1
myrank = 764 P = 0 Q = 1
myrank = 91 P = 0 Q = 3
myrank = 709 P = 2 Q = 5
myrank = 394 P = 1 Q = 4
myrank = 221 P = 4 Q = 1
myrank = 42 P = 1 Q = 1
myrank = 616 P = 0 Q = 2
myrank = 847 P = 0 Q = 3
myrank = 422 P = 5 Q = 1
myrank = 605 P = 2 Q = 1
myrank = 911 P = 0 Q = 2
myrank = 571 P = 0 Q = 5
myrank = 442 P = 5 Q = 4
myrank = 232 P = 4 Q = 5
myrank = 834 P = 1 Q = 1
myrank = 425 P = 3 Q = 1
myrank = 731 P = 0 Q = 4
myrank = 65 P = 3 Q = 5
myrank = 739 P = 5 Q = 1
myrank = 278 P = 1 Q = 5
myrank = 637 P = 3 Q = 2
myrank = 730 P = 4 Q = 2
myrank = 444 P = 2 Q = 2
myrank = 35 P = 0 Q = 3
myrank = 916 P = 1 Q = 3
myrank = 322 P = 4 Q = 5
myrank = 31 P = 4 Q = 0
myrank = 16 P = 1 Q = 2
myrank = 111 P = 5 Q = 1
myrank = 538 P = 5 Q = 3
myrank = 701 P = 2 Q = 2
myrank = 593 P = 2 Q = 0
myrank = 580 P = 1 Q = 1
myrank = 333 P = 1 Q = 5
myrank = 440 P = 0 Q = 2
myrank = 727 P = 1 Q = 5
myrank = 700 P = 4 Q = 0
myrank = 778 P = 4 Q = 0
myrank = 393 P = 4 Q = 1
myrank = 94 P = 5 Q = 2
myrank = 156 P = 5 Q = 1
myrank = 583 P = 4 Q = 2
myrank = 445 P = 2 Q = 5
myrank = 174 P = 5 Q = 2
myrank = 177 P = 1 Q = 4
myrank = 703 P = 1 Q = 1
myrank = 427 P = 4 Q = 3
myrank = 406 P = 5 Q = 0
myrank = 157 P = 5 Q = 4
myrank = 33 P = 1 Q = 4
myrank = 918 P = 5 Q = 5
myrank = 614 P = 4 Q = 1
myrank = 234 P = 5 Q = 3
myrank = 112 P = 5 Q = 1
myrank = 767 P = 0 Q = 1
myrank = 457 P = 2 Q = 2
myrank = 387 P = 0 Q = 5
myrank = 736 P = 2 Q = 1
myrank = 386 P = 0 Q = 0
myrank = 536 P = 4 Q = 1
myrank = 922 P = 0 Q = 2
myrank = 612 P = 2 Q = 2
myrank = 132 P = 4 Q = 1
myrank = 534 P = 2 Q = 2
myrank = 582 P = 2 Q = 0
myrank = 397 P = 4 Q = 4
myrank = 344 P = 5 Q = 1
myrank = 690 P = 3 Q = 5
myrank = 448 P = 2 Q = 2
myrank = 134 P = 3 Q = 0
myrank = 417 P = 0 Q = 1
myrank = 40 P = 5 Q = 2
myrank = 181 P = 3 Q = 3
myrank = 206 P = 4 Q = 0
myrank = 34 P = 2 Q = 1
myrank = 620 P = 2 Q = 5
myrank = 579 P = 5 Q = 2
myrank = 833 P = 3 Q = 2
myrank = 844 P = 2 Q = 2
myrank = 921 P = 0 Q = 2
myrank = 329 P = 5 Q = 3
myrank = 552 P = 2 Q = 4
myrank = 594 P = 2 Q = 0
myrank = 392 P = 5 Q = 2
myrank = 220 P = 0 Q = 5
myrank = 846 P = 1 Q = 1
myrank = 235 P = 0 Q = 3
myrank = 624 P = 2 Q = 5
myrank = 228 P = 2 Q = 2
myrank = 506 P = 0 Q = 2
myrank = 330 P = 0 Q = 2
myrank = 64 P = 2 Q = 3
myrank = 404 P = 5 Q = 2
myrank = 693 P = 3 Q = 2
myrank = 23 P = 2 Q = 3
myrank = 66 P = 0 Q = 5
myrank = 424 P = 5 Q = 5
myrank = 41 P = 2 Q = 2
myrank = 832 P = 2 Q = 5
myrank = 621 P = 2 Q = 2
myrank = 29 P = 0 Q = 4
myrank = 568 P = 2 Q = 2
myrank = 726 P = 1 Q = 5
myrank = 196 P = 0 Q = 5
myrank = 92 P = 0 Q = 0
myrank = 80 P = 0 Q = 0
myrank = 615 P = 3 Q = 2
myrank = 607 P = 0 Q = 0
myrank = 182 P = 3 Q = 0
myrank = 570 P = 2 Q = 5
myrank = 32 P = 3 Q = 2
myrank = 428 P = 0 Q = 5
myrank = 493 P = 5 Q = 2
myrank = 724 P = 2 Q = 0
myrank = 613 P = 4 Q = 4
myrank = 345 P = 3 Q = 3
myrank = 173 P = 1 Q = 1
myrank = 702 P = 0 Q = 5
myrank = 197 P = 5 Q = 3
myrank = 603 P = 3 Q = 5
myrank = 705 P = 0 Q = 0
myrank = 910 P = 0 Q = 5
myrank = 606 P = 2 Q = 4
myrank = 204 P = 5 Q = 4
myrank = 426 P = 1 Q = 3
myrank = 562 P = 0 Q = 2
myrank = 21 P = 0 Q = 2
myrank = 30 P = 4 Q = 0
myrank = 384 P = 0 Q = 5
myrank = 334 P = 1 Q = 5
myrank = 113 P = 1 Q = 5
myrank = 180 P = 5 Q = 2
myrank = 154 P = 3 Q = 2
myrank = 437 P = 2 Q = 5
myrank = 595 P = 1 Q = 5
myrank = 835 P = 0 Q = 3
myrank = 233 P = 1 Q = 2
myrank = 908 P = 4 Q = 3
myrank = 405 P = 1 Q = 1
myrank = 704 P = 3 Q = 0
myrank = 110 P = 0 Q = 2
myrank = 577 P = 3 Q = 0
myrank = 139 P = 3 Q = 4
myrank = 920 P = 1 Q = 3
myrank = 622 P = 0 Q = 4
myrank = 923 P = 1 Q = 4
myrank = 158 P = 1 Q = 5
myrank = 294 P = 3 Q = 2
myrank = 533 P = 3 Q = 0
myrank = 133 P = 0 Q = 3
myrank = 198 P = 2 Q = 0
myrank = 71 P = 2 Q = 1
myrank = 845 P = 4 Q = 4
myrank = 725 P = 5 Q = 0
myrank = 611 P = 1 Q = 0
myrank = 199 P = 0 Q = 5
myrank = 516 P = 2 Q = 0
myrank = 719 P = 0 Q = 4
myrank = 1015 P = 0 Q = 0
myrank = 691 P = 4 Q = 3
myrank = 904 P = 2 Q = 1
myrank = 379 P = 1 Q = 5
myrank = 172 P = 2 Q = 5
myrank = 914 P = 3 Q = 2
myrank = 332 P = 2 Q = 4
myrank = 81 P = 0 Q = 0
myrank = 553 P = 5 Q = 4
myrank = 430 P = 2 Q = 1
myrank = 450 P = 1 Q = 4
myrank = 581 P = 4 Q = 1
myrank = 202 P = 4 Q = 0
myrank = 451 P = 2 Q = 3
myrank = 153 P = 2 Q = 0
myrank = 203 P = 1 Q = 3
myrank = 376 P = 2 Q = 1
myrank = 207 P = 3 Q = 5
myrank = 707 P = 2 Q = 4
myrank = 395 P = 0 Q = 5
myrank = 532 P = 0 Q = 0
myrank = 1014 P = 3 Q = 0
myrank = 737 P = 2 Q = 3
myrank = 931 P = 4 Q = 4
myrank = 307 P = 1 Q = 4
myrank = 935 P = 4 Q = 1
myrank = 535 P = 3 Q = 4
myrank = 136 P = 0 Q = 3
myrank = 146 P = 1 Q = 2
myrank = 531 P = 2 Q = 5
myrank = 894 P = 4 Q = 5
myrank = 530 P = 4 Q = 5
myrank = 436 P = 2 Q = 2
myrank = 907 P = 0 Q = 4
myrank = 115 P = 2 Q = 4
myrank = 692 P = 2 Q = 3
myrank = 610 P = 4 Q = 0
myrank = 138 P = 5 Q = 5
myrank = 176 P = 4 Q = 1
myrank = 634 P = 3 Q = 4
myrank = 578 P = 0 Q = 0
myrank = 47 P = 0 Q = 0
myrank = 128 P = 1 Q = 3
myrank = 909 P = 4 Q = 3
myrank = 243 P = 2 Q = 3
myrank = 560 P = 4 Q = 4
myrank = 143 P = 4 Q = 1
myrank = 135 P = 4 Q = 2
myrank = 372 P = 0 Q = 4
myrank = 895 P = 0 Q = 1
myrank = 306 P = 2 Q = 5
myrank = 905 P = 1 Q = 5
myrank = 131 P = 4 Q = 1
myrank = 140 P = 0 Q = 1
myrank = 1012 P = 3 Q = 5
myrank = 587 P = 1 Q = 2
myrank = 244 P = 4 Q = 5
myrank = 93 P = 1 Q = 5
myrank = 263 P = 1 Q = 1
myrank = 11 P = 5 Q = 0
myrank = 716 P = 2 Q = 0
myrank = 609 P = 5 Q = 1
myrank = 625 P = 1 Q = 4
myrank = 95 P = 3 Q = 1
myrank = 933 P = 5 Q = 3
myrank = 561 P = 5 Q = 1
myrank = 528 P = 4 Q = 1
myrank = 720 P = 0 Q = 1
myrank = 295 P = 4 Q = 3
myrank = 438 P = 1 Q = 1
myrank = 608 P = 2 Q = 4
myrank = 137 P = 0 Q = 3
myrank = 205 P = 0 Q = 1
myrank = 391 P = 2 Q = 2
myrank = 142 P = 2 Q = 3
myrank = 633 P = 0 Q = 4
myrank = 147 P = 1 Q = 2
myrank = 304 P = 4 Q = 3
myrank = 600 P = 3 Q = 4
myrank = 230 P = 1 Q = 1
myrank = 152 P = 3 Q = 1
myrank = 292 P = 1 Q = 0
myrank = 529 P = 3 Q = 0
myrank = 934 P = 0 Q = 0
myrank = 13 P = 4 Q = 2
myrank = 102 P = 1 Q = 2
myrank = 906 P = 4 Q = 2
myrank = 1013 P = 5 Q = 4
myrank = 632 P = 4 Q = 5
myrank = 240 P = 2 Q = 3
myrank = 706 P = 4 Q = 4
myrank = 892 P = 3 Q = 3
myrank = 782 P = 3 Q = 0
myrank = 555 P = 2 Q = 1
myrank = 378 P = 1 Q = 3
myrank = 439 P = 5 Q = 0
myrank = 15 P = 1 Q = 2
myrank = 951 P = 0 Q = 4
myrank = 586 P = 3 Q = 0
myrank = 183 P = 5 Q = 5
myrank = 194 P = 1 Q = 0
myrank = 100 P = 5 Q = 3
myrank = 584 P = 4 Q = 5
myrank = 563 P = 0 Q = 5
myrank = 12 P = 4 Q = 2
myrank = 201 P = 2 Q = 1
myrank = 717 P = 3 Q = 3
myrank = 103 P = 3 Q = 1
myrank = 718 P = 4 Q = 2
myrank = 932 P = 4 Q = 4
myrank = 114 P = 1 Q = 5
myrank = 122 P = 3 Q = 2
myrank = 429 P = 1 Q = 4
myrank = 127 P = 5 Q = 5
myrank = 948 P = 2 Q = 4
myrank = 893 P = 1 Q = 2
myrank = 390 P = 1 Q = 3
myrank = 48 P = 1 Q = 2
myrank = 355 P = 4 Q = 2
myrank = 305 P = 2 Q = 2
myrank = 245 P = 4 Q = 5
myrank = 315 P = 0 Q = 1
myrank = 354 P = 3 Q = 0
myrank = 449 P = 4 Q = 1
myrank = 569 P = 4 Q = 1
myrank = 248 P = 4 Q = 0
myrank = 56 P = 2 Q = 0
myrank = 242 P = 2 Q = 0
myrank = 125 P = 0 Q = 0
myrank = 487 P = 3 Q = 0
myrank = 293 P = 4 Q = 0
myrank = 8 P = 5 Q = 5
myrank = 239 P = 2 Q = 3
myrank = 259 P = 1 Q = 3
myrank = 59 P = 3 Q = 4
myrank = 635 P = 5 Q = 3
myrank = 195 P = 5 Q = 0
myrank = 554 P = 1 Q = 2
myrank = 124 P = 5 Q = 4
myrank = 200 P = 4 Q = 2
myrank = 144 P = 5 Q = 0
myrank = 249 P = 3 Q = 5
myrank = 251 P = 1 Q = 3
myrank = 120 P = 1 Q = 0
myrank = 585 P = 3 Q = 3
myrank = 389 P = 2 Q = 4
myrank = 722 P = 5 Q = 2
myrank = 260 P = 2 Q = 5
myrank = 471 P = 4 Q = 3
myrank = 723 P = 0 Q = 1
myrank = 9 P = 3 Q = 1
myrank = 63 P = 4 Q = 3
myrank = 524 P = 1 Q = 0
myrank = 129 P = 4 Q = 0
myrank = 949 P = 3 Q = 4
myrank = 45 P = 4 Q = 1
myrank = 522 P = 2 Q = 5
myrank = 374 P = 5 Q = 3
myrank = 375 P = 0 Q = 5
myrank = 58 P = 5 Q = 1
myrank = 898 P = 0 Q = 4
myrank = 51 P = 3 Q = 4
myrank = 247 P = 1 Q = 0
myrank = 781 P = 2 Q = 4
myrank = 721 P = 5 Q = 3
myrank = 350 P = 5 Q = 5
myrank = 359 P = 5 Q = 5
myrank = 780 P = 0 Q = 5
myrank = 950 P = 1 Q = 2
myrank = 241 P = 0 Q = 2
myrank = 783 P = 3 Q = 2
myrank = 10 P = 2 Q = 0
myrank = 126 P = 5 Q = 5
myrank = 258 P = 5 Q = 4
myrank = 252 P = 3 Q = 2
myrank = 246 P = 2 Q = 1
myrank = 236 P = 1 Q = 2
myrank = 303 P = 5 Q = 4
myrank = 250 P = 4 Q = 3
myrank = 164 P = 1 Q = 1
myrank = 352 P = 1 Q = 4
myrank = 107 P = 0 Q = 1
myrank = 44 P = 0 Q = 5
myrank = 527 P = 1 Q = 4
myrank = 57 P = 4 Q = 2
myrank = 325 P = 1 Q = 3
myrank = 14 P = 5 Q = 3
myrank = 470 P = 0 Q = 5
myrank = 62 P = 3 Q = 4
myrank = 526 P = 0 Q = 2
myrank = 123 P = 2 Q = 1
myrank = 55 P = 5 Q = 0
myrank = 482 P = 1 Q = 1
myrank = 49 P = 5 Q = 5
myrank = 388 P = 5 Q = 4
myrank = 358 P = 2 Q = 5
myrank = 468 P = 1 Q = 3
myrank = 253 P = 0 Q = 5
myrank = 486 P = 4 Q = 1
myrank = 192 P = 4 Q = 5
myrank = 165 P = 4 Q = 1
myrank = 60 P = 1 Q = 2
myrank = 520 P = 5 Q = 1
myrank = 238 P = 3 Q = 4
myrank = 46 P = 4 Q = 4
myrank = 314 P = 2 Q = 5
myrank = 141 P = 2 Q = 0
myrank = 929 P = 1 Q = 3
myrank = 327 P = 0 Q = 4
myrank = 257 P = 2 Q = 4
myrank = 167 P = 0 Q = 2
myrank = 170 P = 4 Q = 0
myrank = 480 P = 4 Q = 0
myrank = 356 P = 5 Q = 2
myrank = 145 P = 2 Q = 3
myrank = 472 P = 3 Q = 2
myrank = 262 P = 1 Q = 4
myrank = 466 P = 5 Q = 4
myrank = 106 P = 3 Q = 1
myrank = 899 P = 3 Q = 1
myrank = 171 P = 2 Q = 5
myrank = 52 P = 5 Q = 2
myrank = 312 P = 0 Q = 0
myrank = 483 P = 4 Q = 1
myrank = 130 P = 5 Q = 2
myrank = 475 P = 5 Q = 4
myrank = 300 P = 3 Q = 0
myrank = 896 P = 0 Q = 4
myrank = 601 P = 3 Q = 4
myrank = 193 P = 0 Q = 4
myrank = 478 P = 5 Q = 1
myrank = 54 P = 4 Q = 1
myrank = 946 P = 1 Q = 5
myrank = 169 P = 3 Q = 0
myrank = 255 P = 0 Q = 3
myrank = 313 P = 5 Q = 2
myrank = 61 P = 1 Q = 2
myrank = 944 P = 1 Q = 1
myrank = 50 P = 3 Q = 4
myrank = 523 P = 2 Q = 5
myrank = 897 P = 2 Q = 2
myrank = 474 P = 2 Q = 1
myrank = 361 P = 2 Q = 3
myrank = 936 P = 0 Q = 0
myrank = 301 P = 3 Q = 3
myrank = 930 P = 2 Q = 2
myrank = 261 P = 5 Q = 5
myrank = 479 P = 1 Q = 3
myrank = 481 P = 5 Q = 5
myrank = 469 P = 0 Q = 5
myrank = 302 P = 5 Q = 2
myrank = 464 P = 1 Q = 5
myrank = 485 P = 0 Q = 0
myrank = 939 P = 2 Q = 5
myrank = 256 P = 3 Q = 3
myrank = 351 P = 3 Q = 5
myrank = 348 P = 1 Q = 4
myrank = 324 P = 0 Q = 4
myrank = 928 P = 0 Q = 0
myrank = 254 P = 5 Q = 1
myrank = 465 P = 4 Q = 5
myrank = 116 P = 1 Q = 3
myrank = 299 P = 2 Q = 1
myrank = 53 P = 3 Q = 1
myrank = 947 P = 1 Q = 2
myrank = 237 P = 3 Q = 1
myrank = 119 P = 0 Q = 5
myrank = 938 P = 1 Q = 2
myrank = 326 P = 5 Q = 5
myrank = 118 P = 3 Q = 2
myrank = 937 P = 3 Q = 3
myrank = 362 P = 5 Q = 0
myrank = 168 P = 2 Q = 4
myrank = 955 P = 0 Q = 2
myrank = 473 P = 0 Q = 2
myrank = 104 P = 3 Q = 1
myrank = 166 P = 3 Q = 5
myrank = 954 P = 2 Q = 0
myrank = 296 P = 4 Q = 3
myrank = 477 P = 2 Q = 2
myrank = 484 P = 3 Q = 3
myrank = 476 P = 0 Q = 3
myrank = 117 P = 1 Q = 3
myrank = 490 P = 5 Q = 5
myrank = 488 P = 3 Q = 0
myrank = 953 P = 1 Q = 3
myrank = 945 P = 5 Q = 3
myrank = 291 P = 2 Q = 4
myrank = 297 P = 0 Q = 5
myrank = 298 P = 0 Q = 5
myrank = 363 P = 4 Q = 5
myrank = 489 P = 5 Q = 2
myrank = 491 P = 0 Q = 1
myrank = 360 P = 0 Q = 4
myrank = 952 P = 3 Q = 1
myrank = 289 P = 4 Q = 2
myrank = 288 P = 5 Q = 3
myrank = 290 P = 2 Q = 4
myrank = 264 P = 3 Q = 3
myrank = 274 P = 1 Q = 4
myrank = 272 P = 2 Q = 0
myrank = 265 P = 4 Q = 1
myrank = 273 P = 2 Q = 5
myrank = 267 P = 0 Q = 0
myrank = 275 P = 5 Q = 3
myrank = 266 P = 4 Q = 4
myrank = 269 P = 2 Q = 2
myrank = 287 P = 5 Q = 4
myrank = 271 P = 0 Q = 1
myrank = 943 P = 3 Q = 4
myrank = 940 P = 3 Q = 1
myrank = 941 P = 2 Q = 3
myrank = 286 P = 3 Q = 2
myrank = 942 P = 2 Q = 3
myrank = 268 P = 0 Q = 0
myrank = 284 P = 5 Q = 3
myrank = 349 P = 4 Q = 3
myrank = 280 P = 1 Q = 5
myrank = 282 P = 3 Q = 4
myrank = 270 P = 0 Q = 4
myrank = 105 P = 1 Q = 2
myrank = 283 P = 0 Q = 1
myrank = 285 P = 3 Q = 2
myrank = 281 P = 4 Q = 2
myrank = 353 P = 0 Q = 0
myrank = 602 P = 4 Q = 0
myrank = 101 P = 1 Q = 2
myrank = 467 P = 4 Q = 0
myrank = 357 P = 0 Q = 3
myrank = 373 P = 5 Q = 3
myrank = 121 P = 4 Q = 5
myrank = 377 P = 2 Q = 2
myrank = 517 P = 4 Q = 2
myrank = 525 P = 2 Q = 4
myrank = 518 P = 3 Q = 5
myrank = 521 P = 1 Q = 4
*******************************
dgemm_time	182.596069
conv_transfer_time	0.000000
conv_calculate_time	9948.603516
elastic_calculate_time	9948.654297
Allen_Cahn_nonlinear_time	10130.505859
Cahn_Hilliard_nonlinear_time	0.012163
trans_time	590.992310
trans_Memcpy_time	50.310909
trans_MPI_time	531.281616
trans_pack_time	0.668508
trans_enlarge_time	1.079510
trans_mu_time	0.513586
trans_unpack_time	6.573898
updateU_new_time	5.244146
runtime	10.912043
--------------------------------------------------!
***************dt=2.000000***************
***************flag=0***************
--------------------------------------------------!
time		0.000000
wall time	2.136112
*******************************
dgemm_time	181.386322
conv_transfer_time	0.000000
conv_calculate_time	6164.146973
elastic_calculate_time	6164.186035
Allen_Cahn_nonlinear_time	6352.253906
Cahn_Hilliard_nonlinear_time	0.011842
trans_time	72.064926
trans_Memcpy_time	27.265074
trans_MPI_time	35.977463
trans_pack_time	0.562038
trans_enlarge_time	0.800647
trans_mu_time	0.520749
trans_unpack_time	6.476555
updateU_new_time	5.243377
runtime	6.614874
--------------------------------------------------!
***************dt=2.000000***************
***************flag=0***************
--------------------------------------------------!
time		0.000000
wall time	13.061630
*******************************
dgemm_time	181.384918
conv_transfer_time	0.000000
conv_calculate_time	6162.999023
elastic_calculate_time	6163.038574
Allen_Cahn_nonlinear_time	6352.781250
Cahn_Hilliard_nonlinear_time	0.011842
trans_time	70.282639
trans_Memcpy_time	27.119251
trans_MPI_time	34.480072
trans_pack_time	0.557207
trans_enlarge_time	0.791164
trans_mu_time	0.502161
trans_unpack_time	6.376668
updateU_new_time	5.240646
runtime	6.617617
--------------------------------------------------!
***************dt=2.000000***************
***************flag=0***************
--------------------------------------------------!
time		0.000000
wall time	19.689980
*******************************
dgemm_time	181.387253
conv_transfer_time	0.000000
conv_calculate_time	6160.383789
elastic_calculate_time	6160.428711
Allen_Cahn_nonlinear_time	6351.093750
Cahn_Hilliard_nonlinear_time	0.012001
trans_time	71.225342
trans_Memcpy_time	27.111971
trans_MPI_time	35.410751
trans_pack_time	0.562949
trans_enlarge_time	0.792099
trans_mu_time	0.502623
trans_unpack_time	6.382863
updateU_new_time	5.241654
runtime	6.612100
--------------------------------------------------!
***************dt=2.000000***************
***************flag=0***************
--------------------------------------------------!
time		0.000000
wall time	26.321054
*******************************
dgemm_time	181.468399
conv_transfer_time	0.000000
conv_calculate_time	6161.624512
elastic_calculate_time	6161.663086
Allen_Cahn_nonlinear_time	6348.656738
Cahn_Hilliard_nonlinear_time	0.011841
trans_time	71.665298
trans_Memcpy_time	27.108353
trans_MPI_time	35.872280
trans_pack_time	0.559257
trans_enlarge_time	0.797521
trans_mu_time	0.509811
trans_unpack_time	6.360965
updateU_new_time	5.241580
runtime	6.616902
--------------------------------------------------!
***************dt=2.000000***************
***************flag=0***************
--------------------------------------------------!
time		0.000000
wall time	32.946631
*******************************
dgemm_time	181.407730
conv_transfer_time	0.000000
conv_calculate_time	6160.753418
elastic_calculate_time	6160.791992
Allen_Cahn_nonlinear_time	6349.643066
Cahn_Hilliard_nonlinear_time	0.011841
trans_time	71.661652
trans_Memcpy_time	27.130377
trans_MPI_time	35.862343
trans_pack_time	0.557648
trans_enlarge_time	0.793349
trans_mu_time	0.503564
trans_unpack_time	6.358156
updateU_new_time	5.241693
runtime	6.616229
--------------------------------------------------!
***************dt=2.000000***************
***************flag=0***************
--------------------------------------------------!
time		0.000000
wall time	39.577005
*******************************
dgemm_time	181.449188
conv_transfer_time	0.000000
conv_calculate_time	6164.230469
elastic_calculate_time	6164.272949
Allen_Cahn_nonlinear_time	6350.123535
Cahn_Hilliard_nonlinear_time	0.012001
trans_time	71.148636
trans_Memcpy_time	27.091570
trans_MPI_time	35.369503
trans_pack_time	0.557484
trans_enlarge_time	0.795903
trans_mu_time	0.506278
trans_unpack_time	6.371701
updateU_new_time	5.242136
runtime	6.617864
--------------------------------------------------!
***************dt=2.000000***************
***************flag=0***************
--------------------------------------------------!
time		0.000000
wall time	46.206698
*******************************
dgemm_time	181.468185
conv_transfer_time	0.000000
conv_calculate_time	6159.991211
elastic_calculate_time	6160.030762
Allen_Cahn_nonlinear_time	6347.832520
Cahn_Hilliard_nonlinear_time	0.011841
trans_time	72.376801
trans_Memcpy_time	27.111385
trans_MPI_time	36.571743
trans_pack_time	0.567400
trans_enlarge_time	0.788217
trans_mu_time	0.501637
trans_unpack_time	6.381417
updateU_new_time	5.240987
runtime	6.617395
--------------------------------------------------!
***************dt=2.000000***************
***************flag=0***************
--------------------------------------------------!
time		0.000000
wall time	52.837987
*******************************
dgemm_time	181.391190
conv_transfer_time	0.000000
conv_calculate_time	6161.886230
elastic_calculate_time	6161.925293
Allen_Cahn_nonlinear_time	6350.030762
Cahn_Hilliard_nonlinear_time	0.012161
trans_time	71.430527
trans_Memcpy_time	27.218443
trans_MPI_time	35.501068
trans_pack_time	0.572037
trans_enlarge_time	0.808692
trans_mu_time	0.502272
trans_unpack_time	6.370341
updateU_new_time	5.239203
runtime	6.615749
--------------------------------------------------!
***************dt=2.000000***************
***************flag=0***************
--------------------------------------------------!
time		0.000000
wall time	59.468819
*******************************
dgemm_time	181.328430
conv_transfer_time	0.000000
conv_calculate_time	6159.469238
elastic_calculate_time	6159.507812
Allen_Cahn_nonlinear_time	6345.710449
Cahn_Hilliard_nonlinear_time	0.011680
trans_time	72.883003
trans_Memcpy_time	27.110153
trans_MPI_time	37.088367
trans_pack_time	0.562274
trans_enlarge_time	0.797168
trans_mu_time	0.501470
trans_unpack_time	6.360712
updateU_new_time	5.241904
runtime	6.611567
--------------------------------------------------!
***************dt=2.000000***************
***************flag=0***************
--------------------------------------------------!
time		0.000000
wall time	66.098068
*******************************
dgemm_time	181.472504
conv_transfer_time	0.000000
conv_calculate_time	6159.524414
elastic_calculate_time	6159.567383
Allen_Cahn_nonlinear_time	6348.894043
Cahn_Hilliard_nonlinear_time	0.011840
trans_time	71.962547
trans_Memcpy_time	27.107807
trans_MPI_time	36.177616
trans_pack_time	0.555071
trans_enlarge_time	0.790764
trans_mu_time	0.505466
trans_unpack_time	6.371409
updateU_new_time	5.239327
runtime	6.617487
--------------------------------------------------!
***************dt=2.000000***************
***************flag=0***************
--------------------------------------------------!
time		0.000000
wall time	72.723236
*******************************
dgemm_time	181.397919
conv_transfer_time	0.000000
conv_calculate_time	6155.716309
elastic_calculate_time	6155.755859
Allen_Cahn_nonlinear_time	6345.196777
Cahn_Hilliard_nonlinear_time	0.012160
trans_time	71.670242
trans_Memcpy_time	27.110283
trans_MPI_time	35.862442
trans_pack_time	0.554910
trans_enlarge_time	0.802123
trans_mu_time	0.502265
trans_unpack_time	6.376189
updateU_new_time	5.241393
runtime	6.610356
--------------------------------------------------!
***************dt=2.000000***************
***************flag=0***************
--------------------------------------------------!
time		0.000000
wall time	79.354233
*******************************
dgemm_time	181.490768
conv_transfer_time	0.000000
conv_calculate_time	6158.358887
elastic_calculate_time	6158.395508
Allen_Cahn_nonlinear_time	6347.884766
Cahn_Hilliard_nonlinear_time	0.011840
trans_time	72.534325
trans_Memcpy_time	27.147171
trans_MPI_time	36.664627
trans_pack_time	0.585790
trans_enlarge_time	0.779558
trans_mu_time	0.503864
trans_unpack_time	6.387692
updateU_new_time	5.240900
runtime	6.610893
--------------------------------------------------!
***************dt=2.000000***************
***************flag=0***************
--------------------------------------------------!
time		0.000000
wall time	85.978017
*******************************
dgemm_time	181.393585
conv_transfer_time	0.000000
conv_calculate_time	6160.228027
elastic_calculate_time	6160.274414
Allen_Cahn_nonlinear_time	6352.369629
Cahn_Hilliard_nonlinear_time	0.012000
trans_time	71.419594
trans_Memcpy_time	27.124386
trans_MPI_time	35.541126
trans_pack_time	0.587069
trans_enlarge_time	0.806757
trans_mu_time	0.509624
trans_unpack_time	6.396157
updateU_new_time	5.239769
runtime	6.614362
--------------------------------------------------!
***************dt=2.000000***************
***************flag=0***************
--------------------------------------------------!
time		0.000000
wall time	92.602374
*******************************
dgemm_time	181.406799
conv_transfer_time	0.000000
conv_calculate_time	6156.157715
elastic_calculate_time	6156.195312
Allen_Cahn_nonlinear_time	6340.809082
Cahn_Hilliard_nonlinear_time	0.011840
trans_time	73.747208
trans_Memcpy_time	27.259697
trans_MPI_time	37.808838
trans_pack_time	0.563547
trans_enlarge_time	0.800997
trans_mu_time	0.504504
trans_unpack_time	6.356302
updateU_new_time	5.241198
runtime	6.613168
--------------------------------------------------!
***************dt=2.000000***************
***************flag=0***************
--------------------------------------------------!
time		0.000000
wall time	99.230337
*******************************
dgemm_time	181.441437
conv_transfer_time	0.000000
conv_calculate_time	6162.177734
elastic_calculate_time	6162.217773
Allen_Cahn_nonlinear_time	6353.185059
Cahn_Hilliard_nonlinear_time	0.012000
trans_time	70.775940
trans_Memcpy_time	27.168270
trans_MPI_time	34.894062
trans_pack_time	0.559065
trans_enlarge_time	0.807874
trans_mu_time	0.508340
trans_unpack_time	6.378369
updateU_new_time	5.240386
runtime	6.615165
--------------------------------------------------!
***************dt=2.000000***************
***************flag=0***************
--------------------------------------------------!
time		0.000000
wall time	105.857126
*******************************
dgemm_time	181.523331
conv_transfer_time	0.000000
conv_calculate_time	6162.343750
elastic_calculate_time	6162.382812
Allen_Cahn_nonlinear_time	6355.026367
Cahn_Hilliard_nonlinear_time	0.012000
trans_time	72.646706
trans_Memcpy_time	27.131411
trans_MPI_time	36.835831
trans_pack_time	0.558263
trans_enlarge_time	0.789152
trans_mu_time	0.504179
trans_unpack_time	6.372915
updateU_new_time	5.241816
runtime	6.617957
--------------------------------------------------!
***************dt=2.000000***************
***************flag=0***************
--------------------------------------------------!
time		0.000000
wall time	112.485739
*******************************
dgemm_time	181.427185
conv_transfer_time	0.000000
conv_calculate_time	6159.573730
elastic_calculate_time	6159.614258
Allen_Cahn_nonlinear_time	6345.312988
Cahn_Hilliard_nonlinear_time	0.011680
trans_time	71.335281
trans_Memcpy_time	27.124638
trans_MPI_time	35.514904
trans_pack_time	0.580984
trans_enlarge_time	0.789471
trans_mu_time	0.501138
trans_unpack_time	6.362822
updateU_new_time	5.241327
runtime	6.610838
--------------------------------------------------!
***************dt=2.000000***************
***************flag=0***************
--------------------------------------------------!
time		0.000000
wall time	119.117177
*******************************
dgemm_time	181.472168
conv_transfer_time	0.000000
conv_calculate_time	6160.032715
elastic_calculate_time	6160.072266
Allen_Cahn_nonlinear_time	6352.021973
Cahn_Hilliard_nonlinear_time	0.011840
trans_time	72.164421
trans_Memcpy_time	27.176592
trans_MPI_time	36.276154
trans_pack_time	0.585302
trans_enlarge_time	0.782109
trans_mu_time	0.511698
trans_unpack_time	6.378652
updateU_new_time	5.238919
runtime	6.613318
--------------------------------------------------!
***************dt=2.000000***************
***************flag=0***************
--------------------------------------------------!
time		0.000000
wall time	125.741506
*******************************
dgemm_time	181.493195
conv_transfer_time	0.000000
conv_calculate_time	6159.403320
elastic_calculate_time	6159.442383
Allen_Cahn_nonlinear_time	6349.704590
Cahn_Hilliard_nonlinear_time	0.012160
trans_time	72.557892
trans_Memcpy_time	27.120068
trans_MPI_time	36.755795
trans_pack_time	0.562901
trans_enlarge_time	0.800669
trans_mu_time	0.504178
trans_unpack_time	6.360881
updateU_new_time	5.242751
runtime	6.614742
--------------------------------------------------!
***************dt=2.000000***************
***************flag=0***************
--------------------------------------------------!
time		0.000000
wall time	132.368308
*******************************
dgemm_time	181.398712
conv_transfer_time	0.000000
conv_calculate_time	6161.867676
elastic_calculate_time	6161.907227
Allen_Cahn_nonlinear_time	6349.757812
Cahn_Hilliard_nonlinear_time	0.012000
trans_time	71.293793
trans_Memcpy_time	27.135868
trans_MPI_time	35.500656
trans_pack_time	0.555699
trans_enlarge_time	0.785305
trans_mu_time	0.503378
trans_unpack_time	6.360712
updateU_new_time	5.239544
runtime	6.611222
--------------------------------------------------!
***************dt=2.000000***************
***************flag=0***************
--------------------------------------------------!
time		0.000000
wall time	138.996511
*******************************
dgemm_time	181.490021
conv_transfer_time	0.000000
conv_calculate_time	6160.576172
elastic_calculate_time	6160.615723
Allen_Cahn_nonlinear_time	6352.687988
Cahn_Hilliard_nonlinear_time	0.011680
trans_time	72.240044
trans_Memcpy_time	27.119034
trans_MPI_time	36.425442
trans_pack_time	0.553299
trans_enlarge_time	0.802265
trans_mu_time	0.508817
trans_unpack_time	6.375264
updateU_new_time	5.241938
runtime	6.614975
--------------------------------------------------!
***************dt=2.000000***************
***************flag=0***************
--------------------------------------------------!
time		0.000000
wall time	145.621199
*******************************
dgemm_time	181.405014
conv_transfer_time	0.000000
conv_calculate_time	6158.309082
elastic_calculate_time	6158.351562
Allen_Cahn_nonlinear_time	6347.767090
Cahn_Hilliard_nonlinear_time	0.011840
trans_time	71.097359
trans_Memcpy_time	27.073238
trans_MPI_time	35.329521
trans_pack_time	0.579379
trans_enlarge_time	0.791545
trans_mu_time	0.504333
trans_unpack_time	6.365336
updateU_new_time	5.240972
runtime	6.614940
--------------------------------------------------!
***************dt=2.000000***************
***************flag=0***************
--------------------------------------------------!
time		0.000000
wall time	152.249668
*******************************
dgemm_time	181.486420
conv_transfer_time	0.000000
conv_calculate_time	6159.795898
elastic_calculate_time	6159.835938
Allen_Cahn_nonlinear_time	6351.642090
Cahn_Hilliard_nonlinear_time	0.012000
trans_time	71.978386
trans_Memcpy_time	27.135450
trans_MPI_time	36.078785
trans_pack_time	0.568658
trans_enlarge_time	0.789624
trans_mu_time	0.506413
trans_unpack_time	6.381170
updateU_new_time	5.241767
runtime	6.618376
--------------------------------------------------!
***************dt=2.000000***************
***************flag=0***************
--------------------------------------------------!
time		0.000000
wall time	158.878054
*******************************
dgemm_time	181.391922
conv_transfer_time	0.000000
conv_calculate_time	6161.331543
elastic_calculate_time	6161.374023
Allen_Cahn_nonlinear_time	6350.426758
Cahn_Hilliard_nonlinear_time	0.011680
trans_time	71.841621
trans_Memcpy_time	27.124865
trans_MPI_time	36.009628
trans_pack_time	0.558737
trans_enlarge_time	0.813305
trans_mu_time	0.512814
trans_unpack_time	6.365642
updateU_new_time	5.239359
runtime	6.612671
--------------------------------------------------!
***************dt=2.000000***************
***************flag=0***************
--------------------------------------------------!
time		0.000000
wall time	165.509910
*******************************
dgemm_time	181.454376
conv_transfer_time	0.000000
conv_calculate_time	6157.586914
elastic_calculate_time	6157.625000
Allen_Cahn_nonlinear_time	6351.501465
Cahn_Hilliard_nonlinear_time	0.011680
trans_time	72.802757
trans_Memcpy_time	27.225788
trans_MPI_time	36.743198
trans_pack_time	0.558737
trans_enlarge_time	0.771860
trans_mu_time	0.510573
trans_unpack_time	6.382434
updateU_new_time	5.250552
runtime	6.614455
--------------------------------------------------!
***************dt=2.000000***************
***************flag=0***************
--------------------------------------------------!
time		0.000000
wall time	172.136132
*******************************
dgemm_time	181.528229
conv_transfer_time	0.000000
conv_calculate_time	6157.695312
elastic_calculate_time	6157.733887
Allen_Cahn_nonlinear_time	6345.186523
Cahn_Hilliard_nonlinear_time	0.012000
trans_time	72.601357
trans_Memcpy_time	27.154228
trans_MPI_time	36.774506
trans_pack_time	0.559215
trans_enlarge_time	0.779219
trans_mu_time	0.508812
trans_unpack_time	6.366904
updateU_new_time	5.240945
runtime	6.611333
--------------------------------------------------!
***************dt=2.000000***************
***************flag=0***************
--------------------------------------------------!
time		0.000000
wall time	178.764063
*******************************
dgemm_time	181.480865
conv_transfer_time	0.000000
conv_calculate_time	6161.009277
elastic_calculate_time	6161.048828
Allen_Cahn_nonlinear_time	6363.165039
Cahn_Hilliard_nonlinear_time	0.012320
trans_time	72.007187
trans_Memcpy_time	27.178192
trans_MPI_time	36.144360
trans_pack_time	0.559535
trans_enlarge_time	0.787219
trans_mu_time	0.502572
trans_unpack_time	6.371376
updateU_new_time	5.239902
runtime	6.628211
--------------------------------------------------!
***************dt=2.000000***************
***************flag=0***************
--------------------------------------------------!
time		0.000000
wall time	185.388849
*******************************
dgemm_time	181.445160
conv_transfer_time	0.000000
conv_calculate_time	6162.544434
elastic_calculate_time	6162.584473
Allen_Cahn_nonlinear_time	6352.029785
Cahn_Hilliard_nonlinear_time	0.011680
trans_time	74.172852
trans_Memcpy_time	27.162392
trans_MPI_time	38.338680
trans_pack_time	0.556326
trans_enlarge_time	0.787526
trans_mu_time	0.503681
trans_unpack_time	6.361832
updateU_new_time	5.240934
runtime	6.622061
--------------------------------------------------!
***************dt=2.000000***************
***************flag=0***************
--------------------------------------------------!
time		0.000000
wall time	192.030533
*******************************
dgemm_time	181.521149
conv_transfer_time	0.000000
conv_calculate_time	6160.431152
elastic_calculate_time	6160.471191
Allen_Cahn_nonlinear_time	6351.372070
Cahn_Hilliard_nonlinear_time	0.012160
trans_time	72.730865
trans_Memcpy_time	27.158897
trans_MPI_time	36.884602
trans_pack_time	0.557598
trans_enlarge_time	0.787360
trans_mu_time	0.518400
trans_unpack_time	6.366846
updateU_new_time	5.242355
runtime	6.619330
--------------------------------------------------!
***************dt=2.000000***************
***************flag=0***************
--------------------------------------------------!
time		0.000000
wall time	198.668269
*******************************
dgemm_time	181.492828
conv_transfer_time	0.000000
conv_calculate_time	6160.089844
elastic_calculate_time	6160.130371
Allen_Cahn_nonlinear_time	6352.299316
Cahn_Hilliard_nonlinear_time	0.011680
trans_time	72.454857
trans_Memcpy_time	27.122969
trans_MPI_time	36.659523
trans_pack_time	0.556956
trans_enlarge_time	0.797914
trans_mu_time	0.504960
trans_unpack_time	6.356105
updateU_new_time	5.261395
runtime	6.618191
--------------------------------------------------!
***************dt=2.000000***************
***************flag=0***************
--------------------------------------------------!
time		0.000000
wall time	205.301084
*******************************
dgemm_time	181.490906
conv_transfer_time	0.000000
conv_calculate_time	6159.577148
elastic_calculate_time	6159.624023
Allen_Cahn_nonlinear_time	6349.242676
Cahn_Hilliard_nonlinear_time	0.011520
trans_time	72.007088
trans_Memcpy_time	27.201687
trans_MPI_time	36.115211
trans_pack_time	0.556796
trans_enlarge_time	0.796474
trans_mu_time	0.505760
trans_unpack_time	6.367785
updateU_new_time	5.243635
runtime	6.615703
--------------------------------------------------!
***************dt=2.000000***************
***************flag=0***************
--------------------------------------------------!
time		0.000000
wall time	211.932745
*******************************
dgemm_time	181.563065
conv_transfer_time	0.000000
conv_calculate_time	6160.530762
elastic_calculate_time	6160.572754
Allen_Cahn_nonlinear_time	6363.434082
Cahn_Hilliard_nonlinear_time	0.011680
trans_time	72.244484
trans_Memcpy_time	27.192087
trans_MPI_time	36.329609
trans_pack_time	0.558876
trans_enlarge_time	0.781274
trans_mu_time	0.505120
trans_unpack_time	6.369385
updateU_new_time	5.238835
runtime	6.630490
--------------------------------------------------!
***************dt=2.000000***************
***************flag=0***************
--------------------------------------------------!
time		0.000000
wall time	218.561899
*******************************
dgemm_time	181.543060
conv_transfer_time	0.000000
conv_calculate_time	6160.959473
elastic_calculate_time	6161.000977
Allen_Cahn_nonlinear_time	6356.550781
Cahn_Hilliard_nonlinear_time	0.012000
trans_time	71.789047
trans_Memcpy_time	27.154968
trans_MPI_time	35.956173
trans_pack_time	0.557436
trans_enlarge_time	0.800314
trans_mu_time	0.502080
trans_unpack_time	6.354185
updateU_new_time	5.239155
runtime	6.625695
--------------------------------------------------!
***************dt=2.000000***************
***************flag=0***************
--------------------------------------------------!
time		0.000000
wall time	225.205860
*******************************
dgemm_time	181.484238
conv_transfer_time	0.000000
conv_calculate_time	6160.661621
elastic_calculate_time	6160.702148
Allen_Cahn_nonlinear_time	6349.268066
Cahn_Hilliard_nonlinear_time	0.011680
trans_time	72.102821
trans_Memcpy_time	27.134808
trans_MPI_time	36.304489
trans_pack_time	0.560796
trans_enlarge_time	0.783194
trans_mu_time	0.504960
trans_unpack_time	6.362505
updateU_new_time	5.239797
runtime	6.618198
--------------------------------------------------!
***************dt=2.000000***************
***************flag=0***************
--------------------------------------------------!
time		0.000000
wall time	231.845019
*******************************
dgemm_time	181.496933
conv_transfer_time	0.000000
conv_calculate_time	6158.179199
elastic_calculate_time	6158.218750
Allen_Cahn_nonlinear_time	6359.875977
Cahn_Hilliard_nonlinear_time	0.011680
trans_time	67.805733
trans_Memcpy_time	27.208252
trans_MPI_time	31.934135
trans_pack_time	0.558396
trans_enlarge_time	0.769114
trans_mu_time	0.511200
trans_unpack_time	6.370987
updateU_new_time	5.259158
runtime	6.624647
--------------------------------------------------!
***************dt=2.000000***************
***************flag=0***************
--------------------------------------------------!
time		0.000000
wall time	238.476733
*******************************
dgemm_time	181.536987
conv_transfer_time	0.000000
conv_calculate_time	6157.227539
elastic_calculate_time	6157.271973
Allen_Cahn_nonlinear_time	6350.907715
Cahn_Hilliard_nonlinear_time	0.012000
trans_time	73.977654
trans_Memcpy_time	27.157227
trans_MPI_time	38.107216
trans_pack_time	0.572956
trans_enlarge_time	0.801914
trans_mu_time	0.507680
trans_unpack_time	6.370669
updateU_new_time	5.243960
runtime	6.622833
--------------------------------------------------!
***************dt=2.000000***************
***************flag=0***************
--------------------------------------------------!
time		0.000000
wall time	245.114864
*******************************
dgemm_time	181.514160
conv_transfer_time	0.000000
conv_calculate_time	6161.356445
elastic_calculate_time	6161.398438
Allen_Cahn_nonlinear_time	6362.291992
Cahn_Hilliard_nonlinear_time	0.011840
trans_time	71.835762
trans_Memcpy_time	27.218670
trans_MPI_time	35.931080
trans_pack_time	0.557436
trans_enlarge_time	0.797276
trans_mu_time	0.505600
trans_unpack_time	6.370031
updateU_new_time	5.242841
runtime	6.631699
--------------------------------------------------!
***************dt=2.000000***************
***************flag=0***************
--------------------------------------------------!
time		0.000000
wall time	251.751186
*******************************
dgemm_time	181.477402
conv_transfer_time	0.000000
conv_calculate_time	6163.773438
elastic_calculate_time	6163.811523
Allen_Cahn_nonlinear_time	6363.351562
Cahn_Hilliard_nonlinear_time	0.011680
trans_time	70.367622
trans_Memcpy_time	27.141239
trans_MPI_time	34.568863
trans_pack_time	0.557756
trans_enlarge_time	0.779199
trans_mu_time	0.509600
trans_unpack_time	6.356113
updateU_new_time	5.241242
runtime	6.631464
--------------------------------------------------!
***************dt=2.000000***************
***************flag=0***************
--------------------------------------------------!
time		0.000000
wall time	258.396392
*******************************
dgemm_time	181.387833
conv_transfer_time	0.000000
conv_calculate_time	6160.863770
elastic_calculate_time	6160.904785
Allen_Cahn_nonlinear_time	6351.784180
Cahn_Hilliard_nonlinear_time	0.011680
trans_time	71.626617
trans_Memcpy_time	27.112444
trans_MPI_time	35.837502
trans_pack_time	0.559677
trans_enlarge_time	0.800317
trans_mu_time	0.502720
trans_unpack_time	6.354514
updateU_new_time	5.241243
runtime	6.620645
--------------------------------------------------!
***************dt=2.000000***************
***************flag=0***************
--------------------------------------------------!
time		0.000000
wall time	265.041337
*******************************
dgemm_time	181.483398
conv_transfer_time	0.000000
conv_calculate_time	6159.559570
elastic_calculate_time	6159.611816
Allen_Cahn_nonlinear_time	6349.648926
Cahn_Hilliard_nonlinear_time	0.011680
trans_time	71.360046
trans_Memcpy_time	27.153414
trans_MPI_time	35.519592
trans_pack_time	0.556957
trans_enlarge_time	0.792959
trans_mu_time	0.507200
trans_unpack_time	6.367955
updateU_new_time	5.248445
runtime	6.611560
--------------------------------------------------!
***************dt=2.000000***************
***************flag=0***************
--------------------------------------------------!
time		0.000000
wall time	271.675459
*******************************
dgemm_time	181.477036
conv_transfer_time	0.000000
conv_calculate_time	6158.578613
elastic_calculate_time	6158.617676
Allen_Cahn_nonlinear_time	6349.497559
Cahn_Hilliard_nonlinear_time	0.011840
trans_time	71.874687
trans_Memcpy_time	27.146378
trans_MPI_time	35.965034
trans_pack_time	0.589917
trans_enlarge_time	0.782560
trans_mu_time	0.500480
trans_unpack_time	6.372597
updateU_new_time	5.239966
runtime	6.611751
--------------------------------------------------!
***************dt=2.000000***************
***************flag=0***************
--------------------------------------------------!
time		0.000000
wall time	278.300479
*******************************
dgemm_time	181.475159
conv_transfer_time	0.000000
conv_calculate_time	6160.530273
elastic_calculate_time	6160.583008
Allen_Cahn_nonlinear_time	6351.560547
Cahn_Hilliard_nonlinear_time	0.012000
trans_time	72.518204
trans_Memcpy_time	27.131184
trans_MPI_time	36.685200
trans_pack_time	0.556158
trans_enlarge_time	0.799679
trans_mu_time	0.504800
trans_unpack_time	6.385878
updateU_new_time	5.240287
runtime	6.618768
--------------------------------------------------!
***************dt=2.000000***************
***************flag=0***************
--------------------------------------------------!
time		0.000000
wall time	284.925671
*******************************
dgemm_time	181.423843
conv_transfer_time	0.000000
conv_calculate_time	6159.031738
elastic_calculate_time	6159.070312
Allen_Cahn_nonlinear_time	6350.710938
Cahn_Hilliard_nonlinear_time	0.012160
trans_time	72.693398
trans_Memcpy_time	27.159508
trans_MPI_time	36.858486
trans_pack_time	0.564798
trans_enlarge_time	0.788480
trans_mu_time	0.510080
trans_unpack_time	6.355320
updateU_new_time	5.240608
runtime	6.615940
--------------------------------------------------!
***************dt=2.000000***************
***************flag=0***************
--------------------------------------------------!
time		0.000000
wall time	291.557907
*******************************
dgemm_time	181.524246
conv_transfer_time	0.000000
conv_calculate_time	6158.745605
elastic_calculate_time	6158.786133
Allen_Cahn_nonlinear_time	6346.129883
Cahn_Hilliard_nonlinear_time	0.011680
trans_time	72.383560
trans_Memcpy_time	27.175358
trans_MPI_time	36.515617
trans_pack_time	0.555358
trans_enlarge_time	0.822560
trans_mu_time	0.502240
trans_unpack_time	6.357881
updateU_new_time	5.240770
runtime	6.609370
--------------------------------------------------!
***************dt=2.000000***************
***************flag=0***************
--------------------------------------------------!
time		0.000000
wall time	298.187334
*******************************
dgemm_time	181.519501
conv_transfer_time	0.000000
conv_calculate_time	6161.006348
elastic_calculate_time	6161.045898
Allen_Cahn_nonlinear_time	6348.828125
Cahn_Hilliard_nonlinear_time	0.011680
trans_time	72.349144
trans_Memcpy_time	27.142729
trans_MPI_time	36.519791
trans_pack_time	0.556638
trans_enlarge_time	0.813280
trans_mu_time	0.500800
trans_unpack_time	6.361884
updateU_new_time	5.244612
runtime	6.613386
--------------------------------------------------!
***************dt=2.000000***************
***************flag=0***************
--------------------------------------------------!
time		0.000000
wall time	304.810178
*******************************
dgemm_time	181.512863
conv_transfer_time	0.000000
conv_calculate_time	6160.424805
elastic_calculate_time	6160.464355
Allen_Cahn_nonlinear_time	6348.324707
Cahn_Hilliard_nonlinear_time	0.011840
trans_time	72.684013
trans_Memcpy_time	27.132019
trans_MPI_time	36.826687
trans_pack_time	0.588478
trans_enlarge_time	0.804160
trans_mu_time	0.502240
trans_unpack_time	6.377406
updateU_new_time	5.239494
runtime	6.612306
--------------------------------------------------!
***************dt=2.000000***************
***************flag=0***************
--------------------------------------------------!
time		0.000000
wall time	311.437024
*******************************
dgemm_time	181.490845
conv_transfer_time	0.000000
conv_calculate_time	6155.485352
elastic_calculate_time	6155.526367
Allen_Cahn_nonlinear_time	6346.944824
Cahn_Hilliard_nonlinear_time	0.011680
trans_time	71.589600
trans_Memcpy_time	27.145786
trans_MPI_time	35.740143
trans_pack_time	0.559838
trans_enlarge_time	0.794560
trans_mu_time	0.502560
trans_unpack_time	6.382689
updateU_new_time	5.242536
runtime	6.613063
--------------------------------------------------!
***************dt=2.000000***************
***************flag=0***************
--------------------------------------------------!
time		0.000000
wall time	318.062787
*******************************
dgemm_time	181.488510
conv_transfer_time	0.000000
conv_calculate_time	6157.005859
elastic_calculate_time	6157.045898
Allen_Cahn_nonlinear_time	6346.918945
Cahn_Hilliard_nonlinear_time	0.012000
trans_time	72.935471
trans_Memcpy_time	27.130758
trans_MPI_time	37.131512
trans_pack_time	0.563038
trans_enlarge_time	0.795840
trans_mu_time	0.501600
trans_unpack_time	6.356291
updateU_new_time	5.241578
runtime	6.610289
--------------------------------------------------!
***************dt=2.000000***************
***************flag=0***************
--------------------------------------------------!
time		0.000000
wall time	324.689325
*******************************
dgemm_time	181.455444
conv_transfer_time	0.000000
conv_calculate_time	6157.770996
elastic_calculate_time	6157.836426
Allen_Cahn_nonlinear_time	6351.220215
Cahn_Hilliard_nonlinear_time	0.012000
trans_time	72.086266
trans_Memcpy_time	27.166927
trans_MPI_time	36.236649
trans_pack_time	0.560318
trans_enlarge_time	0.780480
trans_mu_time	0.517920
trans_unpack_time	6.369413
updateU_new_time	5.240620
runtime	6.618552
--------------------------------------------------!
***************dt=2.000000***************
***************flag=0***************
--------------------------------------------------!
time		0.000000
wall time	331.313094
*******************************
dgemm_time	181.391830
conv_transfer_time	0.000000
conv_calculate_time	6161.377441
elastic_calculate_time	6161.417480
Allen_Cahn_nonlinear_time	6349.740723
Cahn_Hilliard_nonlinear_time	0.011520
trans_time	71.700554
trans_Memcpy_time	27.148376
trans_MPI_time	35.825783
trans_pack_time	0.561918
trans_enlarge_time	0.788320
trans_mu_time	0.504960
trans_unpack_time	6.360296
updateU_new_time	5.254222
runtime	6.611903
--------------------------------------------------!
***************dt=2.000000***************
***************flag=0***************
--------------------------------------------------!
time		0.000000
wall time	337.945095
*******************************
dgemm_time	181.458771
conv_transfer_time	0.000000
conv_calculate_time	6161.575195
elastic_calculate_time	6161.614746
Allen_Cahn_nonlinear_time	6350.858887
Cahn_Hilliard_nonlinear_time	0.011680
trans_time	59.301220
trans_Memcpy_time	27.353184
trans_MPI_time	23.260717
trans_pack_time	0.573119
trans_enlarge_time	0.790080
trans_mu_time	0.502560
trans_unpack_time	6.367018
updateU_new_time	5.242223
runtime	6.603971
--------------------------------------------------!
***************dt=2.000000***************
***************flag=0***************
--------------------------------------------------!
time		0.000000
wall time	344.557068
*******************************
dgemm_time	181.455780
conv_transfer_time	0.000000
conv_calculate_time	6161.789551
elastic_calculate_time	6161.829590
Allen_Cahn_nonlinear_time	6347.471680
Cahn_Hilliard_nonlinear_time	0.011680
trans_time	59.110600
trans_Memcpy_time	27.401512
trans_MPI_time	23.015606
trans_pack_time	0.554880
trans_enlarge_time	0.801600
trans_mu_time	0.505120
trans_unpack_time	6.376460
updateU_new_time	5.239985
runtime	6.602479
--------------------------------------------------!
***************dt=2.000000***************
***************flag=0***************
--------------------------------------------------!
time		0.000000
wall time	351.161114
*******************************
dgemm_time	181.422607
conv_transfer_time	0.000000
conv_calculate_time	6162.683594
elastic_calculate_time	6162.726562
Allen_Cahn_nonlinear_time	6351.257812
Cahn_Hilliard_nonlinear_time	0.012960
trans_time	59.610985
trans_Memcpy_time	27.476084
trans_MPI_time	23.480412
trans_pack_time	0.551360
trans_enlarge_time	0.789760
trans_mu_time	0.504800
trans_unpack_time	6.357902
updateU_new_time	5.243663
runtime	6.601574
--------------------------------------------------!
***************dt=2.000000***************
***************flag=0***************
--------------------------------------------------!
time		0.000000
wall time	357.763663
*******************************
dgemm_time	181.493698
conv_transfer_time	0.000000
conv_calculate_time	6164.283203
elastic_calculate_time	6164.324219
Allen_Cahn_nonlinear_time	6352.531250
Cahn_Hilliard_nonlinear_time	0.012000
trans_time	59.267715
trans_Memcpy_time	27.381516
trans_MPI_time	23.191605
trans_pack_time	0.554560
trans_enlarge_time	0.804640
trans_mu_time	0.522240
trans_unpack_time	6.355340
updateU_new_time	5.242380
runtime	6.605717
--------------------------------------------------!
***************dt=2.000000***************
***************flag=0***************
--------------------------------------------------!
time		0.000000
wall time	364.365309
*******************************
dgemm_time	181.480774
conv_transfer_time	0.000000
conv_calculate_time	6162.270996
elastic_calculate_time	6162.314941
Allen_Cahn_nonlinear_time	6349.030762
Cahn_Hilliard_nonlinear_time	0.012000
trans_time	58.212845
trans_Memcpy_time	27.405016
trans_MPI_time	22.112555
trans_pack_time	0.558398
trans_enlarge_time	0.804160
trans_mu_time	0.509600
trans_unpack_time	6.371496
updateU_new_time	5.251474
runtime	6.597687
--------------------------------------------------!
***************dt=2.000000***************
***************flag=0***************
--------------------------------------------------!
time		0.000000
wall time	370.971115
*******************************
dgemm_time	181.448105
conv_transfer_time	0.000000
conv_calculate_time	6164.355957
elastic_calculate_time	6164.396484
Allen_Cahn_nonlinear_time	6353.925293
Cahn_Hilliard_nonlinear_time	0.011680
trans_time	59.421684
trans_Memcpy_time	27.463118
trans_MPI_time	23.287151
trans_pack_time	0.555996
trans_enlarge_time	0.777434
trans_mu_time	0.505280
trans_unpack_time	6.379623
updateU_new_time	5.240867
runtime	6.599513
--------------------------------------------------!
***************dt=2.000000***************
***************flag=0***************
--------------------------------------------------!
time		0.000000
wall time	377.568873
*******************************
dgemm_time	181.515686
conv_transfer_time	0.000000
conv_calculate_time	6161.276855
elastic_calculate_time	6161.316895
Allen_Cahn_nonlinear_time	6350.376465
Cahn_Hilliard_nonlinear_time	0.012000
trans_time	59.468391
trans_Memcpy_time	27.957901
trans_MPI_time	22.837032
trans_pack_time	0.553911
trans_enlarge_time	0.784628
trans_mu_time	0.511834
trans_unpack_time	6.364366
updateU_new_time	5.242144
runtime	6.606679
--------------------------------------------------!
***************dt=2.000000***************
***************flag=0***************
--------------------------------------------------!
time		0.000000
wall time	384.168459
*******************************
dgemm_time	181.459152
conv_transfer_time	0.000000
conv_calculate_time	6160.968750
elastic_calculate_time	6161.035645
Allen_Cahn_nonlinear_time	6351.088379
Cahn_Hilliard_nonlinear_time	0.011680
trans_time	59.559361
trans_Memcpy_time	27.503172
trans_MPI_time	23.384050
trans_pack_time	0.558230
trans_enlarge_time	0.811668
trans_mu_time	0.504794
trans_unpack_time	6.347883
updateU_new_time	5.241822
runtime	6.605021
--------------------------------------------------!
***************dt=2.000000***************
***************flag=0***************
--------------------------------------------------!
time		0.000000
wall time	390.775215
*******************************
dgemm_time	181.479095
conv_transfer_time	0.000000
conv_calculate_time	6159.938477
elastic_calculate_time	6159.979980
Allen_Cahn_nonlinear_time	6349.900391
Cahn_Hilliard_nonlinear_time	0.012000
trans_time	59.147961
trans_Memcpy_time	27.502523
trans_MPI_time	22.943569
trans_pack_time	0.558710
trans_enlarge_time	0.768148
trans_mu_time	0.504154
trans_unpack_time	6.356361
updateU_new_time	5.241020
runtime	6.602826
--------------------------------------------------!
***************dt=2.000000***************
***************flag=0***************
--------------------------------------------------!
time		0.000000
wall time	397.380313
*******************************
dgemm_time	181.443192
conv_transfer_time	0.000000
conv_calculate_time	6162.193848
elastic_calculate_time	6162.236816
Allen_Cahn_nonlinear_time	6348.296387
Cahn_Hilliard_nonlinear_time	0.011840
trans_time	58.870354
trans_Memcpy_time	27.559635
trans_MPI_time	22.610928
trans_pack_time	0.561430
trans_enlarge_time	0.812468
trans_mu_time	0.512954
trans_unpack_time	6.359879
updateU_new_time	5.245978
runtime	6.597370
--------------------------------------------------!
***************dt=2.000000***************
***************flag=0***************
--------------------------------------------------!
time		0.000000
wall time	403.983207
*******************************
dgemm_time	181.511200
conv_transfer_time	0.000000
conv_calculate_time	6160.151855
elastic_calculate_time	6160.193359
Allen_Cahn_nonlinear_time	6353.662109
Cahn_Hilliard_nonlinear_time	0.011520
trans_time	59.546631
trans_Memcpy_time	27.450348
trans_MPI_time	23.397146
trans_pack_time	0.557430
trans_enlarge_time	0.797427
trans_mu_time	0.503194
trans_unpack_time	6.384196
updateU_new_time	5.241499
runtime	6.605690
--------------------------------------------------!
***************dt=2.000000***************
***************flag=0***************
--------------------------------------------------!
time		0.000000
wall time	410.580685
*******************************
dgemm_time	181.506134
conv_transfer_time	0.000000
conv_calculate_time	6161.909180
elastic_calculate_time	6161.949219
Allen_Cahn_nonlinear_time	6349.683105
Cahn_Hilliard_nonlinear_time	0.011520
trans_time	59.392960
trans_Memcpy_time	27.488749
trans_MPI_time	23.205151
trans_pack_time	0.557590
trans_enlarge_time	0.795507
trans_mu_time	0.505914
trans_unpack_time	6.387236
updateU_new_time	5.240380
runtime	6.601933
--------------------------------------------------!
***************dt=2.000000***************
***************flag=0***************
--------------------------------------------------!
time		0.000000
wall time	417.186468
*******************************
dgemm_time	181.488953
conv_transfer_time	0.000000
conv_calculate_time	6161.154297
elastic_calculate_time	6161.195801
Allen_Cahn_nonlinear_time	6351.296387
Cahn_Hilliard_nonlinear_time	0.011680
trans_time	58.889347
trans_Memcpy_time	27.470997
trans_MPI_time	22.721006
trans_pack_time	0.556790
trans_enlarge_time	0.807828
trans_mu_time	0.511354
trans_unpack_time	6.367719
updateU_new_time	5.241023
runtime	6.600187
--------------------------------------------------!
***************dt=2.000000***************
***************flag=0***************
--------------------------------------------------!
time		0.000000
wall time	423.788473
*******************************
dgemm_time	181.485046
conv_transfer_time	0.000000
conv_calculate_time	6163.029297
elastic_calculate_time	6163.071777
Allen_Cahn_nonlinear_time	6350.528809
Cahn_Hilliard_nonlinear_time	0.012320
trans_time	58.702091
trans_Memcpy_time	27.513250
trans_MPI_time	22.525343
trans_pack_time	0.558230
trans_enlarge_time	0.795028
trans_mu_time	0.503674
trans_unpack_time	6.345802
updateU_new_time	5.239906
runtime	6.602894
--------------------------------------------------!
***************dt=2.000000***************
***************flag=0***************
--------------------------------------------------!
time		0.000000
wall time	430.388776
*******************************
dgemm_time	181.521774
conv_transfer_time	0.000000
conv_calculate_time	6162.204590
elastic_calculate_time	6162.246582
Allen_Cahn_nonlinear_time	6351.397461
Cahn_Hilliard_nonlinear_time	0.011520
trans_time	58.298290
trans_Memcpy_time	27.487825
trans_MPI_time	22.129520
trans_pack_time	0.561911
trans_enlarge_time	0.780468
trans_mu_time	0.515674
trans_unpack_time	6.370765
updateU_new_time	5.235109
runtime	6.602087
--------------------------------------------------!
***************dt=2.000000***************
***************flag=0***************
--------------------------------------------------!
time		0.000000
wall time	436.991767
*******************************
dgemm_time	181.441071
conv_transfer_time	0.000000
conv_calculate_time	6162.917969
elastic_calculate_time	6162.959473
Allen_Cahn_nonlinear_time	6349.110840
Cahn_Hilliard_nonlinear_time	0.011680
trans_time	59.178375
trans_Memcpy_time	27.477440
trans_MPI_time	23.043596
trans_pack_time	0.563511
trans_enlarge_time	0.772148
trans_mu_time	0.503834
trans_unpack_time	6.366289
updateU_new_time	5.241831
runtime	6.600320
--------------------------------------------------!
***************dt=2.000000***************
***************flag=0***************
--------------------------------------------------!
time		0.000000
wall time	443.593926
*******************************
dgemm_time	181.400513
conv_transfer_time	0.000000
conv_calculate_time	6161.628418
elastic_calculate_time	6161.672363
Allen_Cahn_nonlinear_time	6352.770020
Cahn_Hilliard_nonlinear_time	0.011680
trans_time	59.815063
trans_Memcpy_time	27.507374
trans_MPI_time	23.596081
trans_pack_time	0.561751
trans_enlarge_time	0.811188
trans_mu_time	0.502234
trans_unpack_time	6.385332
updateU_new_time	5.242154
runtime	6.604173
--------------------------------------------------!
***************dt=2.000000***************
***************flag=0***************
--------------------------------------------------!
time		0.000000
wall time	450.194320
*******************************
dgemm_time	181.456757
conv_transfer_time	0.000000
conv_calculate_time	6161.232910
elastic_calculate_time	6161.273438
Allen_Cahn_nonlinear_time	6348.568848
Cahn_Hilliard_nonlinear_time	0.011840
trans_time	59.490887
trans_Memcpy_time	27.264030
trans_MPI_time	23.458174
trans_pack_time	0.561272
trans_enlarge_time	0.803988
trans_mu_time	0.511994
trans_unpack_time	6.369975
updateU_new_time	5.239436
runtime	6.602254
--------------------------------------------------!
***************dt=2.000000***************
***************flag=0***************
--------------------------------------------------!
time		0.000000
wall time	456.798567
*******************************
dgemm_time	181.467712
conv_transfer_time	0.000000
conv_calculate_time	6161.588867
elastic_calculate_time	6161.630859
Allen_Cahn_nonlinear_time	6348.322754
Cahn_Hilliard_nonlinear_time	0.011840
trans_time	59.363426
trans_Memcpy_time	27.334925
trans_MPI_time	23.367786
trans_pack_time	0.560312
trans_enlarge_time	0.798548
trans_mu_time	0.502074
trans_unpack_time	6.349178
updateU_new_time	5.242798
runtime	6.597830
--------------------------------------------------!
***************dt=2.000000***************
***************flag=0***************
--------------------------------------------------!
time		0.000000
wall time	463.400894
*******************************
dgemm_time	181.469727
conv_transfer_time	0.000000
conv_calculate_time	6160.932617
elastic_calculate_time	6160.972168
Allen_Cahn_nonlinear_time	6351.510742
Cahn_Hilliard_nonlinear_time	0.011840
trans_time	59.391792
trans_Memcpy_time	27.298456
trans_MPI_time	23.429876
trans_pack_time	0.556472
trans_enlarge_time	0.785109
trans_mu_time	0.503834
trans_unpack_time	6.367101
updateU_new_time	5.241361
runtime	6.605582
--------------------------------------------------!
***************dt=2.000000***************
***************flag=0***************
--------------------------------------------------!
time		0.000000
wall time	469.998796
*******************************
dgemm_time	181.443878
conv_transfer_time	0.000000
conv_calculate_time	6158.373535
elastic_calculate_time	6158.413086
Allen_Cahn_nonlinear_time	6349.083008
Cahn_Hilliard_nonlinear_time	0.011680
trans_time	58.491413
trans_Memcpy_time	27.342308
trans_MPI_time	22.464300
trans_pack_time	0.567832
trans_enlarge_time	0.783510
trans_mu_time	0.502714
trans_unpack_time	6.374784
updateU_new_time	5.239923
runtime	6.598856
--------------------------------------------------!
***************dt=2.000000***************
***************flag=0***************
--------------------------------------------------!
time		0.000000
wall time	476.604451
*******************************
dgemm_time	181.526199
conv_transfer_time	0.000000
conv_calculate_time	6161.825195
elastic_calculate_time	6161.876465
Allen_Cahn_nonlinear_time	6371.142090
Cahn_Hilliard_nonlinear_time	0.012320
trans_time	59.058422
trans_Memcpy_time	27.368879
trans_MPI_time	22.987343
trans_pack_time	0.568473
trans_enlarge_time	0.801591
trans_mu_time	0.500794
trans_unpack_time	6.381826
updateU_new_time	5.239765
runtime	6.626907
--------------------------------------------------!
***************dt=2.000000***************
***************flag=0***************
--------------------------------------------------!
time		0.000000
wall time	483.203381
*******************************
dgemm_time	181.516052
conv_transfer_time	0.000000
conv_calculate_time	6164.139160
elastic_calculate_time	6164.179688
Allen_Cahn_nonlinear_time	6359.487305
Cahn_Hilliard_nonlinear_time	0.011680
trans_time	59.380703
trans_Memcpy_time	27.426329
trans_MPI_time	23.215828
trans_pack_time	0.555353
trans_enlarge_time	0.798392
trans_mu_time	0.498714
trans_unpack_time	6.373189
updateU_new_time	5.241848
runtime	6.616594
--------------------------------------------------!
***************dt=2.000000***************
***************flag=0***************
--------------------------------------------------!
time		0.000000
wall time	489.830366
*******************************
dgemm_time	181.553574
conv_transfer_time	0.000000
conv_calculate_time	6160.187012
elastic_calculate_time	6160.228516
Allen_Cahn_nonlinear_time	6347.117676
Cahn_Hilliard_nonlinear_time	0.011840
trans_time	60.952648
trans_Memcpy_time	27.369545
trans_MPI_time	24.898537
trans_pack_time	0.553433
trans_enlarge_time	0.801913
trans_mu_time	0.511034
trans_unpack_time	6.366952
updateU_new_time	5.242810
runtime	6.606079
--------------------------------------------------!
***************dt=2.000000***************
***************flag=0***************
--------------------------------------------------!
time		0.000000
wall time	496.447046
*******************************
dgemm_time	181.489166
conv_transfer_time	0.000000
conv_calculate_time	6160.855469
elastic_calculate_time	6160.893066
Allen_Cahn_nonlinear_time	6352.416992
Cahn_Hilliard_nonlinear_time	0.011840
trans_time	59.375568
trans_Memcpy_time	27.366837
trans_MPI_time	23.334089
trans_pack_time	0.560154
trans_enlarge_time	0.793434
trans_mu_time	0.502074
trans_unpack_time	6.360555
updateU_new_time	5.242493
runtime	6.605360
--------------------------------------------------!
***************dt=2.000000***************
***************flag=0***************
--------------------------------------------------!
time		0.000000
wall time	503.053413
*******************************
dgemm_time	181.465576
conv_transfer_time	0.000000
conv_calculate_time	6163.051758
elastic_calculate_time	6163.091309
Allen_Cahn_nonlinear_time	6347.458008
Cahn_Hilliard_nonlinear_time	0.011680
trans_time	58.617195
trans_Memcpy_time	27.352289
trans_MPI_time	22.537470
trans_pack_time	0.587834
trans_enlarge_time	0.786234
trans_mu_time	0.503034
trans_unpack_time	6.400558
updateU_new_time	5.240415
runtime	6.596775
--------------------------------------------------!
***************dt=2.000000***************
***************flag=0***************
--------------------------------------------------!
time		0.000000
wall time	509.658846
*******************************
dgemm_time	181.549652
conv_transfer_time	0.000000
conv_calculate_time	6164.458008
elastic_calculate_time	6164.498535
Allen_Cahn_nonlinear_time	6347.685547
Cahn_Hilliard_nonlinear_time	0.011680
trans_time	58.953136
trans_Memcpy_time	27.391342
trans_MPI_time	22.853315
trans_pack_time	0.585113
trans_enlarge_time	0.787834
trans_mu_time	0.507994
trans_unpack_time	6.375921
updateU_new_time	5.243937
runtime	6.598575
--------------------------------------------------!
***************dt=2.000000***************
***************flag=0***************
--------------------------------------------------!
time		0.000000
wall time	516.255739
*******************************
dgemm_time	181.518051
conv_transfer_time	0.000000
conv_calculate_time	6162.310059
elastic_calculate_time	6162.349609
Allen_Cahn_nonlinear_time	6352.557129
Cahn_Hilliard_nonlinear_time	0.012640
trans_time	58.862522
trans_Memcpy_time	27.403353
trans_MPI_time	22.792847
trans_pack_time	0.558394
trans_enlarge_time	0.793914
trans_mu_time	0.502554
trans_unpack_time	6.355604
updateU_new_time	5.240259
runtime	6.609397
--------------------------------------------------!
***************dt=2.000000***************
***************flag=0***************
--------------------------------------------------!
time		0.000000
wall time	522.854393
*******************************
dgemm_time	181.480835
conv_transfer_time	0.000000
conv_calculate_time	6162.389160
elastic_calculate_time	6162.429688
Allen_Cahn_nonlinear_time	6350.285645
Cahn_Hilliard_nonlinear_time	0.011680
trans_time	59.008575
trans_Memcpy_time	27.400644
trans_MPI_time	22.938454
trans_pack_time	0.557594
trans_enlarge_time	0.786394
trans_mu_time	0.510876
trans_unpack_time	6.366166
updateU_new_time	5.241702
runtime	6.604546
--------------------------------------------------!
***************dt=2.000000***************
***************flag=0***************
--------------------------------------------------!
time		0.000000
wall time	529.463865
*******************************
dgemm_time	181.510040
conv_transfer_time	0.000000
conv_calculate_time	6165.584473
elastic_calculate_time	6165.624512
Allen_Cahn_nonlinear_time	6350.352539
Cahn_Hilliard_nonlinear_time	0.011840
trans_time	57.482609
trans_Memcpy_time	27.365936
trans_MPI_time	21.428560
trans_pack_time	0.558554
trans_enlarge_time	0.802394
trans_mu_time	0.506399
trans_unpack_time	6.371769
updateU_new_time	5.242824
runtime	6.599242
--------------------------------------------------!
***************dt=2.000000***************
***************flag=0***************
--------------------------------------------------!
time		0.000000
wall time	536.068481
*******************************
dgemm_time	181.400345
conv_transfer_time	0.000000
conv_calculate_time	6161.900879
elastic_calculate_time	6161.950684
Allen_Cahn_nonlinear_time	6349.322266
Cahn_Hilliard_nonlinear_time	0.011520
trans_time	59.373550
trans_Memcpy_time	27.340347
trans_MPI_time	23.319109
trans_pack_time	0.588154
trans_enlarge_time	0.796794
trans_mu_time	0.505279
trans_unpack_time	6.370171
updateU_new_time	5.238026
runtime	6.601251
--------------------------------------------------!
***************dt=2.000000***************
***************flag=0***************
--------------------------------------------------!
time		0.000000
wall time	542.667792
*******************************
dgemm_time	181.473053
conv_transfer_time	0.000000
conv_calculate_time	6161.410156
elastic_calculate_time	6161.449219
Allen_Cahn_nonlinear_time	6351.797363
Cahn_Hilliard_nonlinear_time	0.011680
trans_time	58.530022
trans_Memcpy_time	27.389158
trans_MPI_time	22.420567
trans_pack_time	0.583835
trans_enlarge_time	0.787834
trans_mu_time	0.509120
trans_unpack_time	6.386494
updateU_new_time	5.237868
runtime	6.602710
--------------------------------------------------!
***************dt=2.000000***************
***************flag=0***************
--------------------------------------------------!
time		0.000000
wall time	549.269116
*******************************
dgemm_time	181.474731
conv_transfer_time	0.000000
conv_calculate_time	6163.486816
elastic_calculate_time	6163.525391
Allen_Cahn_nonlinear_time	6348.990234
Cahn_Hilliard_nonlinear_time	0.011520
trans_time	59.277054
trans_Memcpy_time	27.376045
trans_MPI_time	23.207127
trans_pack_time	0.559995
trans_enlarge_time	0.819354
trans_mu_time	0.503200
trans_unpack_time	6.361856
updateU_new_time	5.238350
runtime	6.598764
--------------------------------------------------!
***************dt=2.000000***************
***************flag=0***************
--------------------------------------------------!
time		0.000000
wall time	555.871895
*******************************
dgemm_time	181.474167
conv_transfer_time	0.000000
conv_calculate_time	6162.217285
elastic_calculate_time	6162.266113
Allen_Cahn_nonlinear_time	6350.816406
Cahn_Hilliard_nonlinear_time	0.011520
trans_time	59.485031
trans_Memcpy_time	27.444538
trans_MPI_time	23.369217
trans_pack_time	0.555676
trans_enlarge_time	0.792634
trans_mu_time	0.504160
trans_unpack_time	6.370980
updateU_new_time	5.239335
runtime	6.603217
--------------------------------------------------!
***************dt=2.000000***************
***************flag=0***************
--------------------------------------------------!
time		0.000000
wall time	562.470729
*******************************
dgemm_time	181.528275
conv_transfer_time	0.000000
conv_calculate_time	6161.859375
elastic_calculate_time	6161.897461
Allen_Cahn_nonlinear_time	6347.790039
Cahn_Hilliard_nonlinear_time	0.011680
trans_time	58.937660
trans_Memcpy_time	27.337631
trans_MPI_time	22.897812
trans_pack_time	0.557278
trans_enlarge_time	0.813760
trans_mu_time	0.508800
trans_unpack_time	6.372770
updateU_new_time	5.237576
runtime	6.599935
--------------------------------------------------!
***************dt=2.000000***************
***************flag=0***************
--------------------------------------------------!
time		0.000000
wall time	569.074038
*******************************
dgemm_time	181.514557
conv_transfer_time	0.000000
conv_calculate_time	6161.874512
elastic_calculate_time	6161.915527
Allen_Cahn_nonlinear_time	6351.035645
Cahn_Hilliard_nonlinear_time	0.012000
trans_time	59.362148
trans_Memcpy_time	27.403717
trans_MPI_time	23.263893
trans_pack_time	0.569438
trans_enlarge_time	0.809760
trans_mu_time	0.501760
trans_unpack_time	6.361731
updateU_new_time	5.241737
runtime	6.601996
--------------------------------------------------!
***************dt=2.000000***************
***************flag=0***************
--------------------------------------------------!
time		0.000000
wall time	575.674106
*******************************
dgemm_time	181.505310
conv_transfer_time	0.000000
conv_calculate_time	6160.177734
elastic_calculate_time	6160.215332
Allen_Cahn_nonlinear_time	6350.657227
Cahn_Hilliard_nonlinear_time	0.011840
trans_time	58.678959
trans_Memcpy_time	27.358919
trans_MPI_time	22.650139
trans_pack_time	0.571518
trans_enlarge_time	0.770080
trans_mu_time	0.504640
trans_unpack_time	6.373572
updateU_new_time	5.240138
runtime	6.600015
--------------------------------------------------!
***************dt=2.000000***************
***************flag=0***************
--------------------------------------------------!
time		0.000000
wall time	582.276175
*******************************
dgemm_time	181.462280
conv_transfer_time	0.000000
conv_calculate_time	6163.793945
elastic_calculate_time	6163.834961
Allen_Cahn_nonlinear_time	6353.087402
Cahn_Hilliard_nonlinear_time	0.011680
trans_time	58.640339
trans_Memcpy_time	27.341326
trans_MPI_time	22.614944
trans_pack_time	0.554718
trans_enlarge_time	0.795840
trans_mu_time	0.516160
trans_unpack_time	6.362533
updateU_new_time	5.239979
runtime	6.601517
--------------------------------------------------!
***************dt=2.000000***************
***************flag=0***************
--------------------------------------------------!
time		0.000000
wall time	588.876266
*******************************
dgemm_time	181.519272
conv_transfer_time	0.000000
conv_calculate_time	6161.509277
elastic_calculate_time	6161.549805
Allen_Cahn_nonlinear_time	6350.600586
Cahn_Hilliard_nonlinear_time	0.012000
trans_time	59.134968
trans_Memcpy_time	27.360369
trans_MPI_time	23.095108
trans_pack_time	0.559198
trans_enlarge_time	0.790080
trans_mu_time	0.505600
trans_unpack_time	6.371494
updateU_new_time	5.250539
runtime	6.600823
--------------------------------------------------!
***************dt=2.000000***************
***************flag=0***************
--------------------------------------------------!
time		0.000000
wall time	595.477855
*******************************
dgemm_time	181.502655
conv_transfer_time	0.000000
conv_calculate_time	6164.088379
elastic_calculate_time	6164.135254
Allen_Cahn_nonlinear_time	6351.982910
Cahn_Hilliard_nonlinear_time	0.012000
trans_time	59.126644
trans_Memcpy_time	27.352695
trans_MPI_time	23.089027
trans_pack_time	0.557278
trans_enlarge_time	0.798400
trans_mu_time	0.511360
trans_unpack_time	6.365735
updateU_new_time	5.240620
runtime	6.613362
--------------------------------------------------!
***************dt=2.000000***************
***************flag=0***************
--------------------------------------------------!
time		0.000000
wall time	602.078751
*******************************
dgemm_time	181.501251
conv_transfer_time	0.000000
conv_calculate_time	6163.078125
elastic_calculate_time	6163.118164
Allen_Cahn_nonlinear_time	6350.595703
Cahn_Hilliard_nonlinear_time	0.011840
trans_time	59.139336
trans_Memcpy_time	27.565018
trans_MPI_time	22.859592
trans_pack_time	0.556638
trans_enlarge_time	0.782240
trans_mu_time	0.502720
trans_unpack_time	6.367176
updateU_new_time	5.243021
runtime	6.600584
--------------------------------------------------!
***************dt=2.000000***************
***************flag=0***************
--------------------------------------------------!
time		0.000000
wall time	608.692203
*******************************
dgemm_time	181.465759
conv_transfer_time	0.000000
conv_calculate_time	6160.679199
elastic_calculate_time	6160.717773
Allen_Cahn_nonlinear_time	6348.046387
Cahn_Hilliard_nonlinear_time	0.012000
trans_time	59.019154
trans_Memcpy_time	27.528540
trans_MPI_time	22.816555
trans_pack_time	0.556478
trans_enlarge_time	0.805440
trans_mu_time	0.505280
trans_unpack_time	6.356617
updateU_new_time	5.243502
runtime	6.598416
--------------------------------------------------!
***************dt=2.000000***************
***************flag=0***************
--------------------------------------------------!
time		0.000000
wall time	615.292861
*******************************
dgemm_time	181.522736
conv_transfer_time	0.000000
conv_calculate_time	6158.292969
elastic_calculate_time	6158.332031
Allen_Cahn_nonlinear_time	6355.391113
Cahn_Hilliard_nonlinear_time	0.011840
trans_time	59.446480
trans_Memcpy_time	27.567265
trans_MPI_time	23.181679
trans_pack_time	0.558079
trans_enlarge_time	0.802080
trans_mu_time	0.519520
trans_unpack_time	6.364618
updateU_new_time	5.241262
runtime	6.605996
--------------------------------------------------!
***************dt=2.000000***************
***************flag=0***************
--------------------------------------------------!
time		0.000000
wall time	621.891350
*******************************
dgemm_time	181.467697
conv_transfer_time	0.000000
conv_calculate_time	6164.677734
elastic_calculate_time	6164.718750
Allen_Cahn_nonlinear_time	6361.712402
Cahn_Hilliard_nonlinear_time	0.012000
trans_time	59.038239
trans_Memcpy_time	27.530148
trans_MPI_time	22.811920
trans_pack_time	0.562079
trans_enlarge_time	0.796960
trans_mu_time	0.506880
trans_unpack_time	6.373578
updateU_new_time	5.259343
runtime	6.612251
--------------------------------------------------!
***************dt=2.000000***************
***************flag=0***************
--------------------------------------------------!
time		0.000000
wall time	628.497416
*******************************
dgemm_time	181.567245
conv_transfer_time	0.000000
conv_calculate_time	6161.119629
elastic_calculate_time	6161.170898
Allen_Cahn_nonlinear_time	6350.341309
Cahn_Hilliard_nonlinear_time	0.012480
trans_time	59.159142
trans_Memcpy_time	27.547909
trans_MPI_time	22.936405
trans_pack_time	0.556960
trans_enlarge_time	0.784640
trans_mu_time	0.507360
trans_unpack_time	6.374859
updateU_new_time	5.241583
runtime	6.599004
--------------------------------------------------!
***************dt=2.000000***************
***************flag=0***************
--------------------------------------------------!
time		0.000000
wall time	635.109736
*******************************
dgemm_time	181.526947
conv_transfer_time	0.000000
conv_calculate_time	6160.543457
elastic_calculate_time	6160.582520
Allen_Cahn_nonlinear_time	6351.407227
Cahn_Hilliard_nonlinear_time	0.012000
trans_time	59.036057
trans_Memcpy_time	27.520233
trans_MPI_time	22.839445
trans_pack_time	0.562240
trans_enlarge_time	0.782880
trans_mu_time	0.505280
trans_unpack_time	6.370859
updateU_new_time	5.241104
runtime	6.601147
--------------------------------------------------!
***************dt=2.000000***************
***************flag=0***************
--------------------------------------------------!
time		0.000000
wall time	641.708811
*******************************
dgemm_time	181.553513
conv_transfer_time	0.000000
conv_calculate_time	6161.588379
elastic_calculate_time	6161.632812
Allen_Cahn_nonlinear_time	6353.022949
Cahn_Hilliard_nonlinear_time	0.011840
trans_time	59.003464
trans_Memcpy_time	27.529514
trans_MPI_time	22.804409
trans_pack_time	0.559200
trans_enlarge_time	0.789280
trans_mu_time	0.504960
trans_unpack_time	6.361580
updateU_new_time	5.239824
runtime	6.604832
--------------------------------------------------!
***************dt=2.000000***************
***************flag=0***************
--------------------------------------------------!
time		0.000000
wall time	648.310039
*******************************
dgemm_time	181.554169
conv_transfer_time	0.000000
conv_calculate_time	6162.424805
elastic_calculate_time	6162.464355
Allen_Cahn_nonlinear_time	6352.802246
Cahn_Hilliard_nonlinear_time	0.012000
trans_time	59.237617
trans_Memcpy_time	27.548717
trans_MPI_time	23.011612
trans_pack_time	0.560320
trans_enlarge_time	0.796800
trans_mu_time	0.508320
trans_unpack_time	6.358861
updateU_new_time	5.242705
runtime	6.602473
--------------------------------------------------!
***************dt=2.000000***************
***************flag=0***************
--------------------------------------------------!
time		0.000000
wall time	654.914945
*******************************
dgemm_time	181.569061
conv_transfer_time	0.000000
conv_calculate_time	6160.101562
elastic_calculate_time	6160.166016
Allen_Cahn_nonlinear_time	6351.350586
Cahn_Hilliard_nonlinear_time	0.011840
trans_time	58.860634
trans_Memcpy_time	27.511118
trans_MPI_time	22.677534
trans_pack_time	0.556000
trans_enlarge_time	0.784320
trans_mu_time	0.512160
trans_unpack_time	6.367501
updateU_new_time	5.258865
runtime	6.602793
--------------------------------------------------!
***************dt=2.000000***************
***************flag=0***************
--------------------------------------------------!
time		0.000000
wall time	661.517494
