running   on	512   processors
restart		0
nx,ny,nz	132	132	132
px,py,pz	8	8	8
nghost		2
output   dir	./output/output2/
data   dir	./data/
dt,t_total	2.000000,200.100000
ELASTIC		1
ANISOTROPIC		1
nac,nch		6,2
xmin,ymin,zmin	0.000000	0.000000	0.000000
xmax,ymax,zmax	1024.000000	1024.000000	1024.000000
checkpoint_,nchk,chk	1,1000,0
nout		10000
Approx		32
detect_iter		100000
Reading input.txt file:
myrank = 291 P = 4 Q = 5
myrank = 288 P = 1 Q = 0
myrank = 499 P = 5 Q = 3
myrank = 480 P = 3 Q = 5
myrank = 289 P = 2 Q = 2
myrank = 496 P = 1 Q = 5
myrank = 498 P = 3 Q = 4
myrank = 290 P = 4 Q = 1
myrank = 481 P = 5 Q = 5
myrank = 497 P = 0 Q = 4
myrank = 209 P = 2 Q = 0
myrank = 142 P = 0 Q = 3
myrank = 483 P = 4 Q = 4
myrank = 507 P = 2 Q = 3
myrank = 508 P = 2 Q = 3
myrank = 511 P = 3 Q = 2
myrank = 510 P = 1 Q = 0
myrank = 248 P = 3 Q = 1
myrank = 208 P = 0 Q = 1
myrank = 509 P = 4 Q = 0
myrank = 143 P = 1 Q = 0
myrank = 482 P = 1 Q = 1
myrank = 251 P = 1 Q = 5
myrank = 141 P = 5 Q = 3
myrank = 210 P = 2 Q = 4
myrank = 92 P = 0 Q = 5
myrank = 321 P = 2 Q = 5
myrank = 93 P = 2 Q = 4
myrank = 211 P = 1 Q = 0
myrank = 94 P = 5 Q = 4
myrank = 95 P = 1 Q = 4
myrank = 15 P = 3 Q = 5
myrank = 140 P = 4 Q = 1
myrank = 370 P = 5 Q = 3
myrank = 504 P = 1 Q = 4
myrank = 323 P = 0 Q = 3
myrank = 506 P = 0 Q = 4
myrank = 250 P = 2 Q = 3
myrank = 249 P = 2 Q = 0
myrank = 367 P = 1 Q = 2
myrank = 505 P = 2 Q = 2
myrank = 13 P = 0 Q = 3
myrank = 320 P = 2 Q = 2
myrank = 322 P = 1 Q = 1
myrank = 55 P = 3 Q = 4
myrank = 369 P = 3 Q = 1
myrank = 309 P = 1 Q = 4
myrank = 227 P = 4 Q = 5
myrank = 368 P = 0 Q = 4
myrank = 493 P = 0 Q = 3
myrank = 327 P = 1 Q = 5
myrank = 364 P = 0 Q = 0
myrank = 325 P = 2 Q = 3
myrank = 492 P = 3 Q = 3
myrank = 373 P = 2 Q = 5
myrank = 308 P = 2 Q = 4
myrank = 224 P = 1 Q = 1
myrank = 310 P = 3 Q = 3
myrank = 14 P = 4 Q = 5
myrank = 372 P = 4 Q = 0
myrank = 58 P = 4 Q = 3
myrank = 375 P = 4 Q = 4
myrank = 326 P = 5 Q = 0
myrank = 365 P = 2 Q = 2
myrank = 311 P = 3 Q = 3
myrank = 11 P = 4 Q = 4
myrank = 56 P = 4 Q = 1
myrank = 23 P = 5 Q = 5
myrank = 59 P = 1 Q = 0
myrank = 19 P = 1 Q = 1
myrank = 9 P = 5 Q = 1
myrank = 495 P = 5 Q = 3
myrank = 52 P = 0 Q = 5
myrank = 324 P = 0 Q = 4
myrank = 362 P = 1 Q = 4
myrank = 503 P = 0 Q = 2
myrank = 296 P = 4 Q = 0
myrank = 374 P = 0 Q = 2
myrank = 10 P = 3 Q = 1
myrank = 366 P = 1 Q = 1
myrank = 360 P = 5 Q = 1
myrank = 8 P = 3 Q = 5
myrank = 61 P = 0 Q = 5
myrank = 60 P = 3 Q = 2
myrank = 371 P = 0 Q = 3
myrank = 298 P = 3 Q = 2
myrank = 226 P = 0 Q = 0
myrank = 16 P = 0 Q = 5
myrank = 299 P = 2 Q = 4
myrank = 363 P = 0 Q = 3
myrank = 49 P = 5 Q = 1
myrank = 494 P = 5 Q = 5
myrank = 7 P = 0 Q = 2
myrank = 12 P = 5 Q = 0
myrank = 63 P = 4 Q = 4
myrank = 361 P = 3 Q = 1
myrank = 347 P = 2 Q = 0
myrank = 57 P = 5 Q = 1
myrank = 488 P = 1 Q = 5
myrank = 4 P = 5 Q = 3
myrank = 134 P = 2 Q = 4
myrank = 62 P = 2 Q = 2
myrank = 54 P = 2 Q = 2
myrank = 225 P = 1 Q = 4
myrank = 328 P = 5 Q = 4
myrank = 292 P = 0 Q = 4
myrank = 50 P = 1 Q = 0
myrank = 21 P = 0 Q = 0
myrank = 387 P = 0 Q = 3
myrank = 449 P = 2 Q = 2
myrank = 88 P = 2 Q = 3
myrank = 501 P = 1 Q = 0
myrank = 490 P = 3 Q = 2
myrank = 0 P = 1 Q = 2
myrank = 485 P = 0 Q = 3
myrank = 48 P = 2 Q = 4
myrank = 6 P = 4 Q = 0
myrank = 132 P = 3 Q = 4
myrank = 297 P = 3 Q = 2
myrank = 53 P = 1 Q = 2
myrank = 489 P = 5 Q = 1
myrank = 331 P = 2 Q = 1
myrank = 395 P = 3 Q = 3
myrank = 393 P = 1 Q = 0
myrank = 91 P = 3 Q = 2
myrank = 133 P = 5 Q = 1
myrank = 18 P = 5 Q = 4
myrank = 294 P = 5 Q = 0
myrank = 330 P = 4 Q = 4
myrank = 22 P = 2 Q = 5
myrank = 184 P = 0 Q = 4
myrank = 25 P = 2 Q = 1
myrank = 17 P = 2 Q = 1
myrank = 135 P = 1 Q = 0
myrank = 384 P = 5 Q = 1
myrank = 502 P = 2 Q = 2
myrank = 484 P = 0 Q = 0
myrank = 2 P = 0 Q = 4
myrank = 500 P = 5 Q = 4
myrank = 344 P = 2 Q = 5
myrank = 186 P = 2 Q = 4
myrank = 346 P = 1 Q = 1
myrank = 1 P = 4 Q = 2
myrank = 5 P = 1 Q = 0
myrank = 388 P = 1 Q = 2
myrank = 114 P = 1 Q = 0
myrank = 486 P = 5 Q = 0
myrank = 223 P = 2 Q = 4
myrank = 487 P = 0 Q = 2
myrank = 44 P = 5 Q = 3
myrank = 448 P = 0 Q = 0
myrank = 411 P = 1 Q = 2
myrank = 479 P = 3 Q = 5
myrank = 392 P = 5 Q = 4
myrank = 295 P = 1 Q = 3
myrank = 345 P = 3 Q = 4
myrank = 51 P = 1 Q = 0
myrank = 306 P = 0 Q = 2
myrank = 79 P = 3 Q = 4
myrank = 89 P = 5 Q = 0
myrank = 3 P = 0 Q = 1
myrank = 20 P = 0 Q = 0
myrank = 27 P = 1 Q = 0
myrank = 383 P = 5 Q = 1
myrank = 478 P = 1 Q = 3
myrank = 90 P = 1 Q = 2
myrank = 491 P = 1 Q = 1
myrank = 130 P = 4 Q = 2
myrank = 73 P = 3 Q = 3
myrank = 389 P = 5 Q = 2
myrank = 394 P = 4 Q = 0
myrank = 475 P = 4 Q = 1
myrank = 185 P = 4 Q = 4
myrank = 75 P = 5 Q = 2
myrank = 47 P = 3 Q = 4
myrank = 112 P = 5 Q = 0
myrank = 187 P = 0 Q = 1
myrank = 77 P = 1 Q = 2
myrank = 285 P = 1 Q = 0
myrank = 304 P = 1 Q = 2
myrank = 390 P = 3 Q = 2
myrank = 329 P = 3 Q = 2
myrank = 476 P = 2 Q = 1
myrank = 115 P = 5 Q = 2
myrank = 463 P = 5 Q = 3
myrank = 391 P = 2 Q = 1
myrank = 256 P = 1 Q = 0
myrank = 408 P = 0 Q = 0
myrank = 113 P = 0 Q = 5
myrank = 459 P = 4 Q = 4
myrank = 173 P = 5 Q = 3
myrank = 175 P = 4 Q = 2
myrank = 450 P = 2 Q = 5
myrank = 307 P = 5 Q = 4
myrank = 385 P = 4 Q = 0
myrank = 378 P = 2 Q = 3
myrank = 121 P = 4 Q = 5
myrank = 473 P = 5 Q = 5
myrank = 317 P = 4 Q = 3
myrank = 45 P = 1 Q = 2
myrank = 259 P = 1 Q = 2
myrank = 293 P = 0 Q = 4
myrank = 172 P = 4 Q = 1
myrank = 24 P = 4 Q = 5
myrank = 174 P = 4 Q = 5
myrank = 129 P = 0 Q = 0
myrank = 276 P = 5 Q = 5
myrank = 222 P = 2 Q = 1
myrank = 131 P = 3 Q = 1
myrank = 386 P = 2 Q = 0
myrank = 220 P = 4 Q = 0
myrank = 403 P = 0 Q = 2
myrank = 477 P = 4 Q = 0
myrank = 396 P = 5 Q = 5
myrank = 78 P = 0 Q = 4
myrank = 163 P = 3 Q = 4
myrank = 381 P = 3 Q = 5
myrank = 284 P = 0 Q = 1
myrank = 336 P = 4 Q = 5
myrank = 257 P = 2 Q = 3
myrank = 401 P = 4 Q = 0
myrank = 46 P = 1 Q = 5
myrank = 161 P = 4 Q = 1
myrank = 474 P = 0 Q = 4
myrank = 400 P = 0 Q = 4
myrank = 380 P = 4 Q = 5
myrank = 31 P = 2 Q = 2
myrank = 162 P = 1 Q = 5
myrank = 26 P = 3 Q = 1
myrank = 128 P = 5 Q = 2
myrank = 160 P = 2 Q = 5
myrank = 409 P = 3 Q = 4
myrank = 313 P = 0 Q = 4
myrank = 456 P = 1 Q = 2
myrank = 74 P = 0 Q = 0
myrank = 451 P = 1 Q = 4
myrank = 457 P = 4 Q = 0
myrank = 83 P = 2 Q = 5
myrank = 283 P = 1 Q = 5
myrank = 461 P = 3 Q = 0
myrank = 419 P = 0 Q = 0
myrank = 468 P = 5 Q = 1
myrank = 111 P = 1 Q = 3
myrank = 382 P = 3 Q = 2
myrank = 286 P = 2 Q = 4
myrank = 377 P = 0 Q = 1
myrank = 87 P = 3 Q = 4
myrank = 376 P = 3 Q = 1
myrank = 471 P = 0 Q = 0
myrank = 399 P = 1 Q = 4
myrank = 76 P = 5 Q = 0
myrank = 277 P = 4 Q = 1
myrank = 458 P = 3 Q = 5
myrank = 86 P = 0 Q = 4
myrank = 230 P = 1 Q = 2
myrank = 462 P = 1 Q = 4
myrank = 258 P = 0 Q = 0
myrank = 316 P = 3 Q = 1
myrank = 472 P = 0 Q = 3
myrank = 72 P = 1 Q = 1
myrank = 379 P = 2 Q = 0
myrank = 279 P = 0 Q = 3
myrank = 397 P = 5 Q = 2
myrank = 356 P = 0 Q = 3
myrank = 470 P = 1 Q = 0
myrank = 120 P = 5 Q = 3
myrank = 81 P = 5 Q = 1
myrank = 312 P = 5 Q = 2
myrank = 469 P = 4 Q = 3
myrank = 333 P = 2 Q = 0
myrank = 410 P = 2 Q = 0
myrank = 231 P = 5 Q = 4
myrank = 460 P = 5 Q = 4
myrank = 229 P = 3 Q = 5
myrank = 28 P = 3 Q = 5
myrank = 343 P = 4 Q = 5
myrank = 108 P = 4 Q = 1
myrank = 341 P = 4 Q = 3
myrank = 338 P = 2 Q = 4
myrank = 358 P = 3 Q = 5
myrank = 123 P = 0 Q = 1
myrank = 39 P = 0 Q = 2
myrank = 359 P = 1 Q = 5
myrank = 280 P = 5 Q = 2
myrank = 237 P = 4 Q = 1
myrank = 110 P = 3 Q = 4
myrank = 85 P = 4 Q = 4
myrank = 221 P = 0 Q = 5
myrank = 287 P = 0 Q = 3
myrank = 413 P = 3 Q = 4
myrank = 252 P = 3 Q = 5
myrank = 339 P = 5 Q = 1
myrank = 318 P = 3 Q = 5
myrank = 407 P = 1 Q = 1
myrank = 38 P = 2 Q = 2
myrank = 414 P = 0 Q = 5
myrank = 349 P = 4 Q = 0
myrank = 228 P = 2 Q = 0
myrank = 416 P = 0 Q = 0
myrank = 80 P = 2 Q = 3
myrank = 254 P = 2 Q = 1
myrank = 337 P = 0 Q = 1
myrank = 351 P = 0 Q = 2
myrank = 332 P = 0 Q = 0
myrank = 30 P = 2 Q = 5
myrank = 314 P = 4 Q = 5
myrank = 315 P = 5 Q = 1
myrank = 82 P = 4 Q = 0
myrank = 215 P = 2 Q = 5
myrank = 84 P = 3 Q = 5
myrank = 40 P = 1 Q = 1
myrank = 109 P = 4 Q = 4
myrank = 319 P = 0 Q = 3
myrank = 41 P = 5 Q = 4
myrank = 255 P = 0 Q = 3
myrank = 42 P = 3 Q = 3
myrank = 335 P = 1 Q = 5
myrank = 127 P = 1 Q = 0
myrank = 36 P = 2 Q = 0
myrank = 122 P = 4 Q = 5
myrank = 418 P = 2 Q = 2
myrank = 29 P = 3 Q = 0
myrank = 402 P = 5 Q = 3
myrank = 340 P = 4 Q = 0
myrank = 355 P = 3 Q = 0
myrank = 272 P = 4 Q = 0
myrank = 274 P = 0 Q = 5
myrank = 236 P = 2 Q = 2
myrank = 357 P = 5 Q = 3
myrank = 440 P = 3 Q = 0
myrank = 281 P = 2 Q = 0
myrank = 405 P = 5 Q = 5
myrank = 465 P = 4 Q = 5
myrank = 417 P = 1 Q = 3
myrank = 334 P = 5 Q = 0
myrank = 444 P = 2 Q = 4
myrank = 67 P = 5 Q = 0
myrank = 196 P = 5 Q = 0
myrank = 275 P = 2 Q = 4
myrank = 213 P = 3 Q = 5
myrank = 352 P = 2 Q = 5
myrank = 238 P = 1 Q = 2
myrank = 412 P = 4 Q = 5
myrank = 342 P = 0 Q = 5
myrank = 43 P = 5 Q = 3
myrank = 66 P = 0 Q = 0
myrank = 415 P = 2 Q = 1
myrank = 126 P = 0 Q = 0
myrank = 212 P = 2 Q = 2
myrank = 124 P = 0 Q = 2
myrank = 197 P = 0 Q = 2
myrank = 125 P = 5 Q = 1
myrank = 348 P = 1 Q = 0
myrank = 302 P = 5 Q = 3
myrank = 447 P = 5 Q = 1
myrank = 398 P = 1 Q = 4
myrank = 353 P = 1 Q = 4
myrank = 167 P = 1 Q = 0
myrank = 168 P = 0 Q = 5
myrank = 199 P = 2 Q = 1
myrank = 97 P = 0 Q = 0
myrank = 214 P = 1 Q = 2
myrank = 443 P = 4 Q = 2
myrank = 165 P = 2 Q = 0
myrank = 404 P = 4 Q = 3
myrank = 37 P = 1 Q = 2
myrank = 166 P = 1 Q = 5
myrank = 243 P = 1 Q = 0
myrank = 64 P = 4 Q = 4
myrank = 441 P = 2 Q = 5
myrank = 466 P = 0 Q = 1
myrank = 171 P = 0 Q = 0
myrank = 442 P = 2 Q = 2
myrank = 282 P = 1 Q = 5
myrank = 35 P = 2 Q = 0
myrank = 354 P = 1 Q = 4
myrank = 278 P = 4 Q = 1
myrank = 425 P = 4 Q = 0
myrank = 300 P = 3 Q = 1
myrank = 242 P = 3 Q = 5
myrank = 467 P = 3 Q = 2
myrank = 65 P = 3 Q = 0
myrank = 239 P = 3 Q = 4
myrank = 169 P = 1 Q = 4
myrank = 33 P = 3 Q = 3
myrank = 105 P = 0 Q = 0
myrank = 420 P = 4 Q = 2
myrank = 406 P = 1 Q = 1
myrank = 96 P = 2 Q = 3
myrank = 424 P = 1 Q = 3
myrank = 464 P = 1 Q = 5
myrank = 147 P = 5 Q = 1
myrank = 34 P = 0 Q = 1
myrank = 183 P = 5 Q = 2
myrank = 164 P = 5 Q = 3
myrank = 446 P = 4 Q = 3
myrank = 232 P = 4 Q = 0
myrank = 271 P = 0 Q = 1
myrank = 107 P = 5 Q = 2
myrank = 192 P = 5 Q = 5
myrank = 269 P = 4 Q = 1
myrank = 198 P = 1 Q = 5
myrank = 427 P = 0 Q = 5
myrank = 219 P = 1 Q = 0
myrank = 240 P = 3 Q = 1
myrank = 104 P = 1 Q = 0
myrank = 195 P = 3 Q = 4
myrank = 32 P = 1 Q = 4
myrank = 98 P = 1 Q = 5
myrank = 218 P = 2 Q = 0
myrank = 144 P = 3 Q = 5
myrank = 170 P = 5 Q = 1
myrank = 426 P = 3 Q = 5
myrank = 445 P = 3 Q = 1
myrank = 203 P = 0 Q = 0
myrank = 430 P = 1 Q = 4
myrank = 268 P = 2 Q = 5
myrank = 431 P = 2 Q = 0
myrank = 428 P = 2 Q = 4
myrank = 241 P = 2 Q = 0
myrank = 159 P = 5 Q = 2
myrank = 106 P = 5 Q = 2
myrank = 266 P = 0 Q = 2
myrank = 194 P = 3 Q = 0
myrank = 217 P = 5 Q = 3
myrank = 235 P = 0 Q = 3
myrank = 452 P = 4 Q = 2
myrank = 433 P = 4 Q = 0
myrank = 453 P = 3 Q = 4
myrank = 455 P = 2 Q = 0
myrank = 99 P = 5 Q = 2
myrank = 423 P = 5 Q = 3
myrank = 303 P = 0 Q = 3
myrank = 193 P = 1 Q = 4
myrank = 429 P = 0 Q = 4
myrank = 149 P = 3 Q = 3
myrank = 150 P = 0 Q = 0
myrank = 148 P = 1 Q = 4
myrank = 181 P = 0 Q = 3
myrank = 145 P = 0 Q = 5
myrank = 151 P = 5 Q = 2
myrank = 100 P = 3 Q = 2
myrank = 202 P = 3 Q = 0
myrank = 422 P = 0 Q = 4
myrank = 454 P = 2 Q = 0
myrank = 267 P = 5 Q = 2
myrank = 436 P = 5 Q = 1
myrank = 157 P = 5 Q = 1
myrank = 421 P = 3 Q = 4
myrank = 264 P = 4 Q = 0
myrank = 234 P = 3 Q = 3
myrank = 189 P = 3 Q = 5
myrank = 201 P = 1 Q = 4
myrank = 155 P = 0 Q = 4
myrank = 205 P = 5 Q = 0
myrank = 206 P = 1 Q = 5
myrank = 233 P = 1 Q = 4
myrank = 153 P = 4 Q = 2
myrank = 216 P = 0 Q = 4
myrank = 154 P = 2 Q = 1
myrank = 200 P = 0 Q = 2
myrank = 180 P = 1 Q = 0
myrank = 156 P = 1 Q = 0
myrank = 204 P = 5 Q = 2
myrank = 270 P = 5 Q = 3
myrank = 117 P = 1 Q = 4
myrank = 101 P = 2 Q = 1
myrank = 207 P = 0 Q = 4
myrank = 432 P = 3 Q = 3
myrank = 152 P = 5 Q = 3
myrank = 116 P = 4 Q = 1
myrank = 244 P = 5 Q = 5
myrank = 438 P = 1 Q = 4
myrank = 182 P = 0 Q = 3
myrank = 434 P = 0 Q = 2
myrank = 179 P = 4 Q = 0
myrank = 136 P = 0 Q = 2
myrank = 102 P = 5 Q = 1
myrank = 245 P = 0 Q = 5
myrank = 158 P = 3 Q = 3
myrank = 177 P = 0 Q = 2
myrank = 190 P = 0 Q = 3
myrank = 176 P = 0 Q = 5
myrank = 435 P = 0 Q = 5
myrank = 178 P = 2 Q = 4
myrank = 119 P = 0 Q = 1
myrank = 261 P = 3 Q = 1
myrank = 71 P = 0 Q = 5
myrank = 263 P = 2 Q = 4
myrank = 260 P = 3 Q = 4
myrank = 247 P = 0 Q = 3
myrank = 188 P = 1 Q = 3
myrank = 437 P = 5 Q = 4
myrank = 301 P = 1 Q = 1
myrank = 262 P = 2 Q = 1
myrank = 137 P = 3 Q = 2
myrank = 439 P = 3 Q = 3
myrank = 69 P = 4 Q = 5
myrank = 246 P = 1 Q = 1
myrank = 139 P = 5 Q = 2
myrank = 103 P = 1 Q = 3
myrank = 118 P = 3 Q = 3
myrank = 68 P = 3 Q = 5
myrank = 191 P = 2 Q = 2
myrank = 70 P = 5 Q = 4
myrank = 138 P = 2 Q = 2
myrank = 265 P = 2 Q = 4
myrank = 305 P = 1 Q = 4
myrank = 350 P = 2 Q = 2
myrank = 253 P = 3 Q = 4
myrank = 273 P = 0 Q = 1
myrank = 146 P = 0 Q = 0
*******************************
dgemm_time	16.541565
conv_transfer_time	0.000000
conv_calculate_time	4187.217773
elastic_calculate_time	4187.264648
Allen_Cahn_nonlinear_time	4223.546387
Cahn_Hilliard_nonlinear_time	0.012000
trans_time	614.600647
trans_Memcpy_time	16.765896
trans_MPI_time	594.351624
trans_pack_time	0.341605
trans_enlarge_time	0.691530
trans_mu_time	0.401286
trans_unpack_time	1.487386
updateU_new_time	0.777933
runtime	4.858199
--------------------------------------------------!
***************dt=2.000000***************
***************flag=0***************
--------------------------------------------------!
time		0.000000
wall time	2.132595
*******************************
dgemm_time	15.366344
conv_transfer_time	0.000000
conv_calculate_time	1014.062683
elastic_calculate_time	1014.104004
Allen_Cahn_nonlinear_time	1052.715210
Cahn_Hilliard_nonlinear_time	0.011680
trans_time	18.015863
trans_Memcpy_time	8.919991
trans_MPI_time	6.070344
trans_pack_time	0.279684
trans_enlarge_time	0.473606
trans_mu_time	0.394726
trans_unpack_time	1.430424
updateU_new_time	0.776173
runtime	1.087592
--------------------------------------------------!
***************dt=2.000000***************
***************flag=0***************
--------------------------------------------------!
time		0.000000
wall time	6.995115
*******************************
dgemm_time	15.343465
conv_transfer_time	0.000000
conv_calculate_time	1013.273560
elastic_calculate_time	1013.307617
Allen_Cahn_nonlinear_time	1048.086548
Cahn_Hilliard_nonlinear_time	0.011520
trans_time	18.571001
trans_Memcpy_time	8.921113
trans_MPI_time	6.649074
trans_pack_time	0.279364
trans_enlarge_time	0.470406
trans_mu_time	0.393446
trans_unpack_time	1.408824
updateU_new_time	0.776333
runtime	1.083707
--------------------------------------------------!
***************dt=2.000000***************
***************flag=0***************
--------------------------------------------------!
time		0.000000
wall time	8.087039
*******************************
dgemm_time	15.339464
conv_transfer_time	0.000000
conv_calculate_time	1013.392090
elastic_calculate_time	1013.426208
Allen_Cahn_nonlinear_time	1050.000244
Cahn_Hilliard_nonlinear_time	0.012000
trans_time	17.905781
trans_Memcpy_time	8.930393
trans_MPI_time	5.977543
trans_pack_time	0.278084
trans_enlarge_time	0.470246
trans_mu_time	0.393126
trans_unpack_time	1.408024
updateU_new_time	0.795213
runtime	1.084830
--------------------------------------------------!
***************dt=2.000000***************
***************flag=0***************
--------------------------------------------------!
time		0.000000
wall time	9.175033
*******************************
dgemm_time	15.356106
conv_transfer_time	0.000000
conv_calculate_time	1013.632080
elastic_calculate_time	1013.666931
Allen_Cahn_nonlinear_time	1048.633789
Cahn_Hilliard_nonlinear_time	0.011680
trans_time	18.099693
trans_Memcpy_time	8.873112
trans_MPI_time	6.214027
trans_pack_time	0.279524
trans_enlarge_time	0.472326
trans_mu_time	0.394886
trans_unpack_time	1.417464
updateU_new_time	0.778573
runtime	1.088239
--------------------------------------------------!
***************dt=2.000000***************
***************flag=0***************
--------------------------------------------------!
time		0.000000
wall time	10.264127
*******************************
dgemm_time	15.351304
conv_transfer_time	0.000000
conv_calculate_time	1013.115784
elastic_calculate_time	1013.150635
Allen_Cahn_nonlinear_time	1048.252441
Cahn_Hilliard_nonlinear_time	0.012000
trans_time	17.909451
trans_Memcpy_time	8.891352
trans_MPI_time	6.024903
trans_pack_time	0.277924
trans_enlarge_time	0.472326
trans_mu_time	0.394246
trans_unpack_time	1.404024
updateU_new_time	0.776013
runtime	1.082944
--------------------------------------------------!
***************dt=2.000000***************
***************flag=0***************
--------------------------------------------------!
time		0.000000
wall time	11.356617
*******************************
dgemm_time	15.334344
conv_transfer_time	0.000000
conv_calculate_time	1014.182617
elastic_calculate_time	1014.216858
Allen_Cahn_nonlinear_time	1047.753540
Cahn_Hilliard_nonlinear_time	0.012000
trans_time	18.638414
trans_Memcpy_time	8.847671
trans_MPI_time	6.779956
trans_pack_time	0.277924
trans_enlarge_time	0.478246
trans_mu_time	0.395206
trans_unpack_time	1.410904
updateU_new_time	0.779053
runtime	1.088833
--------------------------------------------------!
***************dt=2.000000***************
***************flag=0***************
--------------------------------------------------!
time		0.000000
wall time	12.443865
*******************************
dgemm_time	15.367784
conv_transfer_time	0.000000
conv_calculate_time	1011.584290
elastic_calculate_time	1011.620178
Allen_Cahn_nonlinear_time	1047.927490
Cahn_Hilliard_nonlinear_time	0.012160
trans_time	18.818657
trans_Memcpy_time	8.900949
trans_MPI_time	6.919318
trans_pack_time	0.279684
trans_enlarge_time	0.475206
trans_mu_time	0.393286
trans_unpack_time	1.397464
updateU_new_time	0.778893
runtime	1.083823
--------------------------------------------------!
***************dt=2.000000***************
***************flag=0***************
--------------------------------------------------!
time		0.000000
wall time	13.537000
*******************************
dgemm_time	15.360424
conv_transfer_time	0.000000
conv_calculate_time	1012.817139
elastic_calculate_time	1012.852295
Allen_Cahn_nonlinear_time	1057.214844
Cahn_Hilliard_nonlinear_time	0.011840
trans_time	18.000999
trans_Memcpy_time	8.863990
trans_MPI_time	6.108584
trans_pack_time	0.281924
trans_enlarge_time	0.472006
trans_mu_time	0.392966
trans_unpack_time	1.431544
updateU_new_time	0.783053
runtime	1.092546
--------------------------------------------------!
***************dt=2.000000***************
***************flag=0***************
--------------------------------------------------!
time		0.000000
wall time	14.625106
*******************************
dgemm_time	15.359303
conv_transfer_time	0.000000
conv_calculate_time	1015.027527
elastic_calculate_time	1015.062988
Allen_Cahn_nonlinear_time	1048.918823
Cahn_Hilliard_nonlinear_time	0.012000
trans_time	18.095663
trans_Memcpy_time	8.884310
trans_MPI_time	6.197545
trans_pack_time	0.282404
trans_enlarge_time	0.475206
trans_mu_time	0.395366
trans_unpack_time	1.413944
updateU_new_time	0.779053
runtime	1.087983
--------------------------------------------------!
***************dt=2.000000***************
***************flag=0***************
--------------------------------------------------!
time		0.000000
wall time	15.721930
*******************************
dgemm_time	15.353064
conv_transfer_time	0.000000
conv_calculate_time	1012.528137
elastic_calculate_time	1012.563232
Allen_Cahn_nonlinear_time	1047.491821
Cahn_Hilliard_nonlinear_time	0.012000
trans_time	17.870277
trans_Memcpy_time	8.868470
trans_MPI_time	5.991142
trans_pack_time	0.279364
trans_enlarge_time	0.478406
trans_mu_time	0.396166
trans_unpack_time	1.409944
updateU_new_time	0.776333
runtime	1.082320
--------------------------------------------------!
***************dt=2.000000***************
***************flag=0***************
--------------------------------------------------!
time		0.000000
wall time	16.814204
*******************************
dgemm_time	15.346023
conv_transfer_time	0.000000
conv_calculate_time	1012.703918
elastic_calculate_time	1012.738770
Allen_Cahn_nonlinear_time	1051.781372
Cahn_Hilliard_nonlinear_time	0.011840
trans_time	17.833826
trans_Memcpy_time	8.909751
trans_MPI_time	5.925860
trans_pack_time	0.278564
trans_enlarge_time	0.475366
trans_mu_time	0.394726
trans_unpack_time	1.403544
updateU_new_time	0.778253
runtime	1.091259
--------------------------------------------------!
***************dt=2.000000***************
***************flag=0***************
--------------------------------------------------!
time		0.000000
wall time	17.900806
*******************************
dgemm_time	15.343143
conv_transfer_time	0.000000
conv_calculate_time	1012.422302
elastic_calculate_time	1012.456299
Allen_Cahn_nonlinear_time	1048.734863
Cahn_Hilliard_nonlinear_time	0.011680
trans_time	21.620260
trans_Memcpy_time	8.852310
trans_MPI_time	9.770885
trans_pack_time	0.279204
trans_enlarge_time	0.469446
trans_mu_time	0.394406
trans_unpack_time	1.407064
updateU_new_time	0.776973
runtime	1.089261
--------------------------------------------------!
***************dt=2.000000***************
***************flag=0***************
--------------------------------------------------!
time		0.000000
wall time	18.996339
*******************************
dgemm_time	15.334342
conv_transfer_time	0.000000
conv_calculate_time	1012.994324
elastic_calculate_time	1013.031921
Allen_Cahn_nonlinear_time	1048.697144
Cahn_Hilliard_nonlinear_time	0.011840
trans_time	18.028790
trans_Memcpy_time	8.852790
trans_MPI_time	6.165064
trans_pack_time	0.280164
trans_enlarge_time	0.471046
trans_mu_time	0.393606
trans_unpack_time	1.418744
updateU_new_time	0.780653
runtime	1.083406
--------------------------------------------------!
***************dt=2.000000***************
***************flag=0***************
--------------------------------------------------!
time		0.000000
wall time	20.089895
*******************************
dgemm_time	15.373862
conv_transfer_time	0.000000
conv_calculate_time	1012.364075
elastic_calculate_time	1012.400513
Allen_Cahn_nonlinear_time	1047.480957
Cahn_Hilliard_nonlinear_time	0.012000
trans_time	18.350355
trans_Memcpy_time	8.983832
trans_MPI_time	6.356428
trans_pack_time	0.277924
trans_enlarge_time	0.467526
trans_mu_time	0.397286
trans_unpack_time	1.420984
updateU_new_time	0.776173
runtime	1.085854
--------------------------------------------------!
***************dt=2.000000***************
***************flag=0***************
--------------------------------------------------!
time		0.000000
wall time	21.177612
*******************************
dgemm_time	15.362182
conv_transfer_time	0.000000
conv_calculate_time	1013.191895
elastic_calculate_time	1013.226868
Allen_Cahn_nonlinear_time	1050.423218
Cahn_Hilliard_nonlinear_time	0.012000
trans_time	17.819096
trans_Memcpy_time	8.976472
trans_MPI_time	5.836419
trans_pack_time	0.276164
trans_enlarge_time	0.476166
trans_mu_time	0.394566
trans_unpack_time	1.407864
updateU_new_time	0.779213
runtime	1.085108
--------------------------------------------------!
***************dt=2.000000***************
***************flag=0***************
--------------------------------------------------!
time		0.000000
wall time	22.267786
*******************************
dgemm_time	15.360582
conv_transfer_time	0.000000
conv_calculate_time	1011.675537
elastic_calculate_time	1011.710388
Allen_Cahn_nonlinear_time	1055.902222
Cahn_Hilliard_nonlinear_time	0.011520
trans_time	19.571856
trans_Memcpy_time	8.897750
trans_MPI_time	7.682690
trans_pack_time	0.276164
trans_enlarge_time	0.471046
trans_mu_time	0.393446
trans_unpack_time	1.402744
updateU_new_time	0.777613
runtime	1.092505
--------------------------------------------------!
***************dt=2.000000***************
***************flag=0***************
--------------------------------------------------!
time		0.000000
wall time	23.357193
*******************************
dgemm_time	15.331942
conv_transfer_time	0.000000
conv_calculate_time	1012.831055
elastic_calculate_time	1012.865967
Allen_Cahn_nonlinear_time	1050.042236
Cahn_Hilliard_nonlinear_time	0.012320
trans_time	17.926947
trans_Memcpy_time	8.897110
trans_MPI_time	6.031942
trans_pack_time	0.277764
trans_enlarge_time	0.470246
trans_mu_time	0.395366
trans_unpack_time	1.407224
updateU_new_time	0.779213
runtime	1.084802
--------------------------------------------------!
***************dt=2.000000***************
***************flag=0***************
--------------------------------------------------!
time		0.000000
wall time	24.453994
*******************************
dgemm_time	15.362183
conv_transfer_time	0.000000
conv_calculate_time	1013.005615
elastic_calculate_time	1013.041748
Allen_Cahn_nonlinear_time	1047.280762
Cahn_Hilliard_nonlinear_time	0.012000
trans_time	18.107309
trans_Memcpy_time	8.915030
trans_MPI_time	6.177545
trans_pack_time	0.278564
trans_enlarge_time	0.469286
trans_mu_time	0.394086
trans_unpack_time	1.421624
updateU_new_time	0.779373
runtime	1.086134
--------------------------------------------------!
***************dt=2.000000***************
***************flag=0***************
--------------------------------------------------!
time		0.000000
wall time	25.543077
*******************************
dgemm_time	15.339781
conv_transfer_time	0.000000
conv_calculate_time	1012.779541
elastic_calculate_time	1012.815247
Allen_Cahn_nonlinear_time	1054.142944
Cahn_Hilliard_nonlinear_time	0.011840
trans_time	17.933277
trans_Memcpy_time	8.870549
trans_MPI_time	6.059782
trans_pack_time	0.277764
trans_enlarge_time	0.477126
trans_mu_time	0.397606
trans_unpack_time	1.402904
updateU_new_time	0.778733
runtime	1.088803
--------------------------------------------------!
***************dt=2.000000***************
***************flag=0***************
--------------------------------------------------!
time		0.000000
wall time	26.633474
*******************************
dgemm_time	15.342821
conv_transfer_time	0.000000
conv_calculate_time	1013.483398
elastic_calculate_time	1013.518799
Allen_Cahn_nonlinear_time	1053.484863
Cahn_Hilliard_nonlinear_time	0.012160
trans_time	17.826647
trans_Memcpy_time	8.877588
trans_MPI_time	5.944901
trans_pack_time	0.277284
trans_enlarge_time	0.471846
trans_mu_time	0.394886
trans_unpack_time	1.413464
updateU_new_time	0.778253
runtime	1.088573
--------------------------------------------------!
***************dt=2.000000***************
***************flag=0***************
--------------------------------------------------!
time		0.000000
wall time	27.726572
*******************************
dgemm_time	15.337542
conv_transfer_time	0.000000
conv_calculate_time	1012.466431
elastic_calculate_time	1012.504761
Allen_Cahn_nonlinear_time	1049.787354
Cahn_Hilliard_nonlinear_time	0.011840
trans_time	17.801495
trans_Memcpy_time	8.896949
trans_MPI_time	5.906500
trans_pack_time	0.276484
trans_enlarge_time	0.472806
trans_mu_time	0.396006
trans_unpack_time	1.403704
updateU_new_time	0.777613
runtime	1.088711
--------------------------------------------------!
***************dt=2.000000***************
***************flag=0***************
--------------------------------------------------!
time		0.000000
wall time	28.819449
*******************************
dgemm_time	15.356262
conv_transfer_time	0.000000
conv_calculate_time	1013.030945
elastic_calculate_time	1013.067932
Allen_Cahn_nonlinear_time	1047.696045
Cahn_Hilliard_nonlinear_time	0.011680
trans_time	17.601761
trans_Memcpy_time	8.932950
trans_MPI_time	5.643135
trans_pack_time	0.277764
trans_enlarge_time	0.472326
trans_mu_time	0.393286
trans_unpack_time	1.416184
updateU_new_time	0.776813
runtime	1.082278
--------------------------------------------------!
***************dt=2.000000***************
***************flag=0***************
--------------------------------------------------!
time		0.000000
wall time	29.912526
*******************************
dgemm_time	15.332420
conv_transfer_time	0.000000
conv_calculate_time	1014.236694
elastic_calculate_time	1014.272644
Allen_Cahn_nonlinear_time	1050.589600
Cahn_Hilliard_nonlinear_time	0.011840
trans_time	17.695065
trans_Memcpy_time	8.851349
trans_MPI_time	5.791618
trans_pack_time	0.276644
trans_enlarge_time	0.472006
trans_mu_time	0.391686
trans_unpack_time	1.412344
updateU_new_time	0.775693
runtime	1.088937
--------------------------------------------------!
***************dt=2.000000***************
***************flag=0***************
--------------------------------------------------!
time		0.000000
wall time	30.999096
*******************************
dgemm_time	15.348261
conv_transfer_time	0.000000
conv_calculate_time	1014.182434
elastic_calculate_time	1014.218201
Allen_Cahn_nonlinear_time	1048.929199
Cahn_Hilliard_nonlinear_time	0.012000
trans_time	17.826265
trans_Memcpy_time	8.888150
trans_MPI_time	5.936100
trans_pack_time	0.276964
trans_enlarge_time	0.474086
trans_mu_time	0.396166
trans_unpack_time	1.406264
updateU_new_time	0.781933
runtime	1.083481
--------------------------------------------------!
***************dt=2.000000***************
***************flag=0***************
--------------------------------------------------!
time		0.000000
wall time	32.092269
*******************************
dgemm_time	15.353381
conv_transfer_time	0.000000
conv_calculate_time	1012.958862
elastic_calculate_time	1012.995789
Allen_Cahn_nonlinear_time	1048.817139
Cahn_Hilliard_nonlinear_time	0.012160
trans_time	18.105398
trans_Memcpy_time	8.844149
trans_MPI_time	6.266185
trans_pack_time	0.277764
trans_enlarge_time	0.472806
trans_mu_time	0.395206
trans_unpack_time	1.399863
updateU_new_time	0.777453
runtime	1.083671
--------------------------------------------------!
***************dt=2.000000***************
***************flag=0***************
--------------------------------------------------!
time		0.000000
wall time	33.180013
*******************************
dgemm_time	15.354021
conv_transfer_time	0.000000
conv_calculate_time	1012.907349
elastic_calculate_time	1012.942139
Allen_Cahn_nonlinear_time	1055.224854
Cahn_Hilliard_nonlinear_time	0.012480
trans_time	19.159946
trans_Memcpy_time	8.870708
trans_MPI_time	7.285083
trans_pack_time	0.278884
trans_enlarge_time	0.474406
trans_mu_time	0.394406
trans_unpack_time	1.408664
updateU_new_time	0.776653
runtime	1.091204
--------------------------------------------------!
***************dt=2.000000***************
***************flag=0***************
--------------------------------------------------!
time		0.000000
wall time	34.267982
*******************************
dgemm_time	15.341861
conv_transfer_time	0.000000
conv_calculate_time	1013.339844
elastic_calculate_time	1013.375183
Allen_Cahn_nonlinear_time	1049.503540
Cahn_Hilliard_nonlinear_time	0.011840
trans_time	17.892056
trans_Memcpy_time	8.841909
trans_MPI_time	6.051621
trans_pack_time	0.277444
trans_enlarge_time	0.470086
trans_mu_time	0.393926
trans_unpack_time	1.408344
updateU_new_time	0.778573
runtime	1.084012
--------------------------------------------------!
***************dt=2.000000***************
***************flag=0***************
--------------------------------------------------!
time		0.000000
wall time	35.363477
*******************************
dgemm_time	15.354501
conv_transfer_time	0.000000
conv_calculate_time	1013.436462
elastic_calculate_time	1013.473389
Allen_Cahn_nonlinear_time	1049.940918
Cahn_Hilliard_nonlinear_time	0.012320
trans_time	17.939156
trans_Memcpy_time	8.859989
trans_MPI_time	6.072263
trans_pack_time	0.278404
trans_enlarge_time	0.472326
trans_mu_time	0.395046
trans_unpack_time	1.410584
updateU_new_time	0.775053
runtime	1.084718
--------------------------------------------------!
***************dt=2.000000***************
***************flag=0***************
--------------------------------------------------!
time		0.000000
wall time	36.451722
*******************************
dgemm_time	15.358661
conv_transfer_time	0.000000
conv_calculate_time	1013.354248
elastic_calculate_time	1013.389648
Allen_Cahn_nonlinear_time	1053.236572
Cahn_Hilliard_nonlinear_time	0.011840
trans_time	17.810986
trans_Memcpy_time	8.858388
trans_MPI_time	5.947460
trans_pack_time	0.276964
trans_enlarge_time	0.476166
trans_mu_time	0.393286
trans_unpack_time	1.404344
updateU_new_time	0.778093
runtime	1.088005
--------------------------------------------------!
***************dt=2.000000***************
***************flag=0***************
--------------------------------------------------!
time		0.000000
wall time	37.540694
*******************************
dgemm_time	15.346661
conv_transfer_time	0.000000
conv_calculate_time	1012.976440
elastic_calculate_time	1013.010803
Allen_Cahn_nonlinear_time	1050.257446
Cahn_Hilliard_nonlinear_time	0.012000
trans_time	18.094158
trans_Memcpy_time	8.878069
trans_MPI_time	6.215945
trans_pack_time	0.277604
trans_enlarge_time	0.473126
trans_mu_time	0.392326
trans_unpack_time	1.408024
updateU_new_time	0.775533
runtime	1.085060
--------------------------------------------------!
***************dt=2.000000***************
***************flag=0***************
--------------------------------------------------!
time		0.000000
wall time	38.632947
*******************************
dgemm_time	15.345541
conv_transfer_time	0.000000
conv_calculate_time	1013.766052
elastic_calculate_time	1013.800781
Allen_Cahn_nonlinear_time	1050.201782
Cahn_Hilliard_nonlinear_time	0.012000
trans_time	17.929195
trans_Memcpy_time	8.839988
trans_MPI_time	6.096263
trans_pack_time	0.278084
trans_enlarge_time	0.472966
trans_mu_time	0.392806
trans_unpack_time	1.399703
updateU_new_time	0.777613
runtime	1.084869
--------------------------------------------------!
***************dt=2.000000***************
***************flag=0***************
--------------------------------------------------!
time		0.000000
wall time	39.722252
*******************************
dgemm_time	15.362822
conv_transfer_time	0.000000
conv_calculate_time	1012.957581
elastic_calculate_time	1012.992004
Allen_Cahn_nonlinear_time	1054.469727
Cahn_Hilliard_nonlinear_time	0.012000
trans_time	18.062790
trans_Memcpy_time	8.891669
trans_MPI_time	6.174824
trans_pack_time	0.278244
trans_enlarge_time	0.471846
trans_mu_time	0.393126
trans_unpack_time	1.405784
updateU_new_time	0.776813
runtime	1.089430
--------------------------------------------------!
***************dt=2.000000***************
***************flag=0***************
--------------------------------------------------!
time		0.000000
wall time	40.811340
*******************************
dgemm_time	15.328100
conv_transfer_time	0.000000
conv_calculate_time	1015.098694
elastic_calculate_time	1015.135010
Allen_Cahn_nonlinear_time	1050.075684
Cahn_Hilliard_nonlinear_time	0.011680
trans_time	17.837774
trans_Memcpy_time	8.851348
trans_MPI_time	5.988261
trans_pack_time	0.279044
trans_enlarge_time	0.470886
trans_mu_time	0.392486
trans_unpack_time	1.408984
updateU_new_time	0.778733
runtime	1.088890
--------------------------------------------------!
***************dt=2.000000***************
***************flag=0***************
--------------------------------------------------!
time		0.000000
wall time	41.905004
*******************************
dgemm_time	15.333860
conv_transfer_time	0.000000
conv_calculate_time	1013.080261
elastic_calculate_time	1013.116516
Allen_Cahn_nonlinear_time	1048.772949
Cahn_Hilliard_nonlinear_time	0.012000
trans_time	17.745083
trans_Memcpy_time	8.856789
trans_MPI_time	5.890659
trans_pack_time	0.277764
trans_enlarge_time	0.473766
trans_mu_time	0.391526
trans_unpack_time	1.407224
updateU_new_time	0.776493
runtime	1.083206
--------------------------------------------------!
***************dt=2.000000***************
***************flag=0***************
--------------------------------------------------!
time		0.000000
wall time	42.998120
*******************************
dgemm_time	15.348902
conv_transfer_time	0.000000
conv_calculate_time	1013.456421
elastic_calculate_time	1013.491760
Allen_Cahn_nonlinear_time	1048.650024
Cahn_Hilliard_nonlinear_time	0.012320
trans_time	17.927675
trans_Memcpy_time	8.872148
trans_MPI_time	6.059782
trans_pack_time	0.277444
trans_enlarge_time	0.474726
trans_mu_time	0.393926
trans_unpack_time	1.400983
updateU_new_time	0.777453
runtime	1.083333
--------------------------------------------------!
***************dt=2.000000***************
***************flag=0***************
--------------------------------------------------!
time		0.000000
wall time	44.085543
*******************************
dgemm_time	15.334660
conv_transfer_time	0.000000
conv_calculate_time	1012.115601
elastic_calculate_time	1012.156372
Allen_Cahn_nonlinear_time	1048.458130
Cahn_Hilliard_nonlinear_time	0.011680
trans_time	18.010857
trans_Memcpy_time	8.823348
trans_MPI_time	6.186184
trans_pack_time	0.277604
trans_enlarge_time	0.473606
trans_mu_time	0.393606
trans_unpack_time	1.406584
updateU_new_time	0.772653
runtime	1.083321
--------------------------------------------------!
***************dt=2.000000***************
***************flag=0***************
--------------------------------------------------!
time		0.000000
wall time	45.173121
*******************************
dgemm_time	15.335141
conv_transfer_time	0.000000
conv_calculate_time	1013.708130
elastic_calculate_time	1013.743835
Allen_Cahn_nonlinear_time	1049.190186
Cahn_Hilliard_nonlinear_time	0.012640
trans_time	18.389112
trans_Memcpy_time	8.854229
trans_MPI_time	6.532910
trans_pack_time	0.277764
trans_enlarge_time	0.472486
trans_mu_time	0.392966
trans_unpack_time	1.412664
updateU_new_time	0.778733
runtime	1.085298
--------------------------------------------------!
***************dt=2.000000***************
***************flag=0***************
--------------------------------------------------!
time		0.000000
wall time	46.260655
*******************************
dgemm_time	15.343941
conv_transfer_time	0.000000
conv_calculate_time	1012.428894
elastic_calculate_time	1012.465027
Allen_Cahn_nonlinear_time	1049.366211
Cahn_Hilliard_nonlinear_time	0.012000
trans_time	17.991346
trans_Memcpy_time	8.843349
trans_MPI_time	6.134823
trans_pack_time	0.275204
trans_enlarge_time	0.472806
trans_mu_time	0.392966
trans_unpack_time	1.416664
updateU_new_time	0.776653
runtime	1.089661
--------------------------------------------------!
***************dt=2.000000***************
***************flag=0***************
--------------------------------------------------!
time		0.000000
wall time	47.350193
*******************************
dgemm_time	15.341221
conv_transfer_time	0.000000
conv_calculate_time	1013.896912
elastic_calculate_time	1013.933472
Allen_Cahn_nonlinear_time	1049.214600
Cahn_Hilliard_nonlinear_time	0.012160
trans_time	17.914234
trans_Memcpy_time	8.863189
trans_MPI_time	6.051461
trans_pack_time	0.282404
trans_enlarge_time	0.472166
trans_mu_time	0.392166
trans_unpack_time	1.403703
updateU_new_time	0.777293
runtime	1.083838
--------------------------------------------------!
***************dt=2.000000***************
***************flag=0***************
--------------------------------------------------!
time		0.000000
wall time	48.444105
*******************************
dgemm_time	15.365381
conv_transfer_time	0.000000
conv_calculate_time	1012.989563
elastic_calculate_time	1013.028259
Allen_Cahn_nonlinear_time	1047.430054
Cahn_Hilliard_nonlinear_time	0.012000
trans_time	17.949657
trans_Memcpy_time	8.845108
trans_MPI_time	6.106343
trans_pack_time	0.279524
trans_enlarge_time	0.471686
trans_mu_time	0.393286
trans_unpack_time	1.406424
updateU_new_time	0.776493
runtime	1.082208
--------------------------------------------------!
***************dt=2.000000***************
***************flag=0***************
--------------------------------------------------!
time		0.000000
wall time	49.532185
*******************************
dgemm_time	15.325059
conv_transfer_time	0.000000
conv_calculate_time	1013.392578
elastic_calculate_time	1013.429077
Allen_Cahn_nonlinear_time	1048.108887
Cahn_Hilliard_nonlinear_time	0.012160
trans_time	17.741362
trans_Memcpy_time	8.834228
trans_MPI_time	5.888739
trans_pack_time	0.276324
trans_enlarge_time	0.474566
trans_mu_time	0.393766
trans_unpack_time	1.415704
updateU_new_time	0.776813
runtime	1.082793
--------------------------------------------------!
***************dt=2.000000***************
***************flag=0***************
--------------------------------------------------!
time		0.000000
wall time	50.618615
*******************************
dgemm_time	15.352741
conv_transfer_time	0.000000
conv_calculate_time	1014.064453
elastic_calculate_time	1014.100891
Allen_Cahn_nonlinear_time	1048.466309
Cahn_Hilliard_nonlinear_time	0.012480
trans_time	17.672701
trans_Memcpy_time	8.865588
trans_MPI_time	5.787617
trans_pack_time	0.278724
trans_enlarge_time	0.473126
trans_mu_time	0.393126
trans_unpack_time	1.427064
updateU_new_time	0.777293
runtime	1.083092
--------------------------------------------------!
***************dt=2.000000***************
***************flag=0***************
--------------------------------------------------!
time		0.000000
wall time	51.705639
*******************************
dgemm_time	15.350981
conv_transfer_time	0.000000
conv_calculate_time	1014.148621
elastic_calculate_time	1014.183655
Allen_Cahn_nonlinear_time	1051.135254
Cahn_Hilliard_nonlinear_time	0.012000
trans_time	18.138708
trans_Memcpy_time	8.831668
trans_MPI_time	6.303786
trans_pack_time	0.285444
trans_enlarge_time	0.472966
trans_mu_time	0.391366
trans_unpack_time	1.404503
updateU_new_time	0.777933
runtime	1.088573
--------------------------------------------------!
***************dt=2.000000***************
***************flag=0***************
--------------------------------------------------!
time		0.000000
wall time	52.792982
*******************************
dgemm_time	15.341700
conv_transfer_time	0.000000
conv_calculate_time	1011.939941
elastic_calculate_time	1011.977478
Allen_Cahn_nonlinear_time	1048.297852
Cahn_Hilliard_nonlinear_time	0.012480
trans_time	18.044996
trans_Memcpy_time	8.886708
trans_MPI_time	6.149063
trans_pack_time	0.289764
trans_enlarge_time	0.473446
trans_mu_time	0.391526
trans_unpack_time	1.405943
updateU_new_time	0.776173
runtime	1.083625
--------------------------------------------------!
***************dt=2.000000***************
***************flag=0***************
--------------------------------------------------!
time		0.000000
wall time	53.885784
*******************************
dgemm_time	15.367300
conv_transfer_time	0.000000
conv_calculate_time	1012.254456
elastic_calculate_time	1012.290649
Allen_Cahn_nonlinear_time	1047.239624
Cahn_Hilliard_nonlinear_time	0.011840
trans_time	18.001257
trans_Memcpy_time	8.855030
trans_MPI_time	6.151783
trans_pack_time	0.278564
trans_enlarge_time	0.471846
trans_mu_time	0.393606
trans_unpack_time	1.403223
updateU_new_time	0.786253
runtime	1.082361
--------------------------------------------------!
***************dt=2.000000***************
***************flag=0***************
--------------------------------------------------!
time		0.000000
wall time	54.973631
*******************************
dgemm_time	15.367301
conv_transfer_time	0.000000
conv_calculate_time	1012.362305
elastic_calculate_time	1012.398621
Allen_Cahn_nonlinear_time	1047.486572
Cahn_Hilliard_nonlinear_time	0.011840
trans_time	18.155310
trans_Memcpy_time	8.845108
trans_MPI_time	6.306027
trans_pack_time	0.276644
trans_enlarge_time	0.471846
trans_mu_time	0.392166
trans_unpack_time	1.414584
updateU_new_time	0.777613
runtime	1.082621
--------------------------------------------------!
***************dt=2.000000***************
***************flag=0***************
--------------------------------------------------!
time		0.000000
wall time	56.060219
*******************************
dgemm_time	15.362180
conv_transfer_time	0.000000
conv_calculate_time	1014.438171
elastic_calculate_time	1014.472839
Allen_Cahn_nonlinear_time	1056.110840
Cahn_Hilliard_nonlinear_time	0.011840
trans_time	17.723042
trans_Memcpy_time	8.843188
trans_MPI_time	5.856098
trans_pack_time	0.279684
trans_enlarge_time	0.474726
trans_mu_time	0.392006
trans_unpack_time	1.428984
updateU_new_time	0.778093
runtime	1.090512
--------------------------------------------------!
***************dt=2.000000***************
***************flag=0***************
--------------------------------------------------!
time		0.000000
wall time	57.147093
*******************************
dgemm_time	15.338820
conv_transfer_time	0.000000
conv_calculate_time	1010.969543
elastic_calculate_time	1011.014282
Allen_Cahn_nonlinear_time	1049.874756
Cahn_Hilliard_nonlinear_time	0.012000
trans_time	24.786541
trans_Memcpy_time	8.838868
trans_MPI_time	12.918777
trans_pack_time	0.285924
trans_enlarge_time	0.471046
trans_mu_time	0.392646
trans_unpack_time	1.433944
updateU_new_time	0.776333
runtime	1.091267
--------------------------------------------------!
***************dt=2.000000***************
***************flag=0***************
--------------------------------------------------!
time		0.000000
wall time	58.241835
*******************************
dgemm_time	15.364421
conv_transfer_time	0.000000
conv_calculate_time	1012.197388
elastic_calculate_time	1012.234070
Allen_Cahn_nonlinear_time	1048.510864
Cahn_Hilliard_nonlinear_time	0.012160
trans_time	17.892454
trans_Memcpy_time	8.911509
trans_MPI_time	5.927139
trans_pack_time	0.287044
trans_enlarge_time	0.477606
trans_mu_time	0.392486
trans_unpack_time	1.403863
updateU_new_time	0.778413
runtime	1.087887
--------------------------------------------------!
***************dt=2.000000***************
***************flag=0***************
--------------------------------------------------!
time		0.000000
wall time	59.337333
*******************************
dgemm_time	15.358324
conv_transfer_time	0.000000
conv_calculate_time	1013.315735
elastic_calculate_time	1013.353394
Allen_Cahn_nonlinear_time	1048.033325
Cahn_Hilliard_nonlinear_time	0.012000
trans_time	18.229641
trans_Memcpy_time	8.870229
trans_MPI_time	6.301546
trans_pack_time	0.275204
trans_enlarge_time	0.478886
trans_mu_time	0.393606
trans_unpack_time	1.408344
updateU_new_time	0.786732
runtime	1.083105
--------------------------------------------------!
***************dt=2.000000***************
***************flag=0***************
--------------------------------------------------!
time		0.000000
wall time	60.429481
*******************************
dgemm_time	15.338360
conv_transfer_time	0.000000
conv_calculate_time	1013.666992
elastic_calculate_time	1013.702881
Allen_Cahn_nonlinear_time	1048.710571
Cahn_Hilliard_nonlinear_time	0.012640
trans_time	18.000315
trans_Memcpy_time	9.074060
trans_MPI_time	5.868732
trans_pack_time	0.275844
trans_enlarge_time	0.472806
trans_mu_time	0.392806
trans_unpack_time	1.406422
updateU_new_time	0.779046
runtime	1.082845
--------------------------------------------------!
***************dt=2.000000***************
***************flag=0***************
--------------------------------------------------!
time		0.000000
wall time	61.512646
*******************************
dgemm_time	15.348320
conv_transfer_time	0.000000
conv_calculate_time	1013.952515
elastic_calculate_time	1013.988037
Allen_Cahn_nonlinear_time	1052.951904
Cahn_Hilliard_nonlinear_time	0.011680
trans_time	18.150322
trans_Memcpy_time	9.019108
trans_MPI_time	6.109326
trans_pack_time	0.277442
trans_enlarge_time	0.474720
trans_mu_time	0.393280
trans_unpack_time	1.429130
updateU_new_time	0.775040
runtime	1.087603
--------------------------------------------------!
***************dt=2.000000***************
***************flag=0***************
--------------------------------------------------!
time		0.000000
wall time	62.595547
*******************************
dgemm_time	15.380524
conv_transfer_time	0.000000
conv_calculate_time	1012.869568
elastic_calculate_time	1012.905334
Allen_Cahn_nonlinear_time	1047.800049
Cahn_Hilliard_nonlinear_time	0.012000
trans_time	18.030720
trans_Memcpy_time	9.046080
trans_MPI_time	5.971040
trans_pack_time	0.277920
trans_enlarge_time	0.472000
trans_mu_time	0.394720
trans_unpack_time	1.412800
updateU_new_time	0.777115
runtime	1.082240
--------------------------------------------------!
***************dt=2.000000***************
***************flag=0***************
--------------------------------------------------!
time		0.000000
wall time	63.683235
*******************************
dgemm_time	15.367130
conv_transfer_time	0.000000
conv_calculate_time	1014.732178
elastic_calculate_time	1014.767212
Allen_Cahn_nonlinear_time	1049.703125
Cahn_Hilliard_nonlinear_time	0.012000
trans_time	18.196451
trans_Memcpy_time	9.014174
trans_MPI_time	6.168753
trans_pack_time	0.277758
trans_enlarge_time	0.472960
trans_mu_time	0.397920
trans_unpack_time	1.414389
updateU_new_time	0.776949
runtime	1.084157
--------------------------------------------------!
***************dt=2.000000***************
***************flag=0***************
--------------------------------------------------!
time		0.000000
wall time	64.765543
*******************************
dgemm_time	15.348633
conv_transfer_time	0.000000
conv_calculate_time	1012.496399
elastic_calculate_time	1012.530212
Allen_Cahn_nonlinear_time	1047.767822
Cahn_Hilliard_nonlinear_time	0.012000
trans_time	18.126598
trans_Memcpy_time	9.028346
trans_MPI_time	6.098470
trans_pack_time	0.275836
trans_enlarge_time	0.473914
trans_mu_time	0.396634
trans_unpack_time	1.407979
updateU_new_time	0.789584
runtime	1.090611
--------------------------------------------------!
***************dt=2.000000***************
***************flag=0***************
--------------------------------------------------!
time		0.000000
wall time	65.849777
*******************************
dgemm_time	15.330844
conv_transfer_time	0.000000
conv_calculate_time	1012.997864
elastic_calculate_time	1013.033691
Allen_Cahn_nonlinear_time	1052.310059
Cahn_Hilliard_nonlinear_time	0.012000
trans_time	18.067427
trans_Memcpy_time	9.036288
trans_MPI_time	6.036032
trans_pack_time	0.278395
trans_enlarge_time	0.473273
trans_mu_time	0.394234
trans_unpack_time	1.405890
updateU_new_time	0.775342
runtime	1.087186
--------------------------------------------------!
***************dt=2.000000***************
***************flag=0***************
--------------------------------------------------!
time		0.000000
wall time	66.940468
*******************************
dgemm_time	15.367811
conv_transfer_time	0.000000
conv_calculate_time	1013.339111
elastic_calculate_time	1013.374023
Allen_Cahn_nonlinear_time	1048.674683
Cahn_Hilliard_nonlinear_time	0.012000
trans_time	18.205940
trans_Memcpy_time	9.016594
trans_MPI_time	6.196337
trans_pack_time	0.277434
trans_enlarge_time	0.468953
trans_mu_time	0.392794
trans_unpack_time	1.412128
updateU_new_time	0.785583
runtime	1.083560
--------------------------------------------------!
***************dt=2.000000***************
***************flag=0***************
--------------------------------------------------!
time		0.000000
wall time	68.027724
*******************************
dgemm_time	15.371021
conv_transfer_time	0.000000
conv_calculate_time	1012.607361
elastic_calculate_time	1012.642639
Allen_Cahn_nonlinear_time	1051.654907
Cahn_Hilliard_nonlinear_time	0.011680
trans_time	17.947975
trans_Memcpy_time	9.014839
trans_MPI_time	5.926268
trans_pack_time	0.277594
trans_enlarge_time	0.472153
trans_mu_time	0.391994
trans_unpack_time	1.418528
updateU_new_time	0.776623
runtime	1.088979
--------------------------------------------------!
***************dt=2.000000***************
***************flag=0***************
--------------------------------------------------!
time		0.000000
wall time	69.111351
*******************************
dgemm_time	15.332151
conv_transfer_time	0.000000
conv_calculate_time	1013.151794
elastic_calculate_time	1013.187805
Allen_Cahn_nonlinear_time	1047.928711
Cahn_Hilliard_nonlinear_time	0.012000
trans_time	18.359358
trans_Memcpy_time	9.049723
trans_MPI_time	6.313302
trans_pack_time	0.275194
trans_enlarge_time	0.473593
trans_mu_time	0.392154
trans_unpack_time	1.408929
updateU_new_time	0.777104
runtime	1.085208
--------------------------------------------------!
***************dt=2.000000***************
***************flag=0***************
--------------------------------------------------!
time		0.000000
wall time	70.200389
*******************************
dgemm_time	15.365120
conv_transfer_time	0.000000
conv_calculate_time	1013.402893
elastic_calculate_time	1013.437195
Allen_Cahn_nonlinear_time	1047.825806
Cahn_Hilliard_nonlinear_time	0.011520
trans_time	18.289999
trans_Memcpy_time	9.017567
trans_MPI_time	6.274907
trans_pack_time	0.277275
trans_enlarge_time	0.470553
trans_mu_time	0.394074
trans_unpack_time	1.411810
updateU_new_time	0.787824
runtime	1.083415
--------------------------------------------------!
***************dt=2.000000***************
***************flag=0***************
--------------------------------------------------!
time		0.000000
wall time	71.285666
*******************************
dgemm_time	15.375366
conv_transfer_time	0.000000
conv_calculate_time	1012.937378
elastic_calculate_time	1012.971924
Allen_Cahn_nonlinear_time	1047.562744
Cahn_Hilliard_nonlinear_time	0.012000
trans_time	18.101683
trans_Memcpy_time	9.031651
trans_MPI_time	6.068354
trans_pack_time	0.278235
trans_enlarge_time	0.473274
trans_mu_time	0.394074
trans_unpack_time	1.406691
updateU_new_time	0.777585
runtime	1.082419
--------------------------------------------------!
***************dt=2.000000***************
***************flag=0***************
--------------------------------------------------!
time		0.000000
wall time	72.369147
*******************************
dgemm_time	15.341295
conv_transfer_time	0.000000
conv_calculate_time	1013.161072
elastic_calculate_time	1013.196899
Allen_Cahn_nonlinear_time	1047.890259
Cahn_Hilliard_nonlinear_time	0.012000
trans_time	17.906885
trans_Memcpy_time	9.029098
trans_MPI_time	5.878921
trans_pack_time	0.276475
trans_enlarge_time	0.472794
trans_mu_time	0.391194
trans_unpack_time	1.413572
updateU_new_time	0.795985
runtime	1.082995
--------------------------------------------------!
***************dt=2.000000***************
***************flag=0***************
--------------------------------------------------!
time		0.000000
wall time	73.451636
*******************************
dgemm_time	15.352182
conv_transfer_time	0.000000
conv_calculate_time	1013.355835
elastic_calculate_time	1013.391479
Allen_Cahn_nonlinear_time	1049.088989
Cahn_Hilliard_nonlinear_time	0.012160
trans_time	18.194498
trans_Memcpy_time	9.008463
trans_MPI_time	6.170439
trans_pack_time	0.276156
trans_enlarge_time	0.473114
trans_mu_time	0.392154
trans_unpack_time	1.427652
updateU_new_time	0.779345
runtime	1.084784
--------------------------------------------------!
***************dt=2.000000***************
***************flag=0***************
--------------------------------------------------!
time		0.000000
wall time	74.534699
*******************************
dgemm_time	15.367390
conv_transfer_time	0.000000
conv_calculate_time	1013.569275
elastic_calculate_time	1013.604858
Allen_Cahn_nonlinear_time	1048.239868
Cahn_Hilliard_nonlinear_time	0.011840
trans_time	18.195547
trans_Memcpy_time	9.006067
trans_MPI_time	6.186281
trans_pack_time	0.280476
trans_enlarge_time	0.471194
trans_mu_time	0.393114
trans_unpack_time	1.412933
updateU_new_time	0.776626
runtime	1.083299
--------------------------------------------------!
***************dt=2.000000***************
***************flag=0***************
--------------------------------------------------!
time		0.000000
wall time	75.619550
*******************************
dgemm_time	15.341959
conv_transfer_time	0.000000
conv_calculate_time	1013.025330
elastic_calculate_time	1013.063293
Allen_Cahn_nonlinear_time	1048.338745
Cahn_Hilliard_nonlinear_time	0.012160
trans_time	18.079559
trans_Memcpy_time	9.025591
trans_MPI_time	6.066446
trans_pack_time	0.276476
trans_enlarge_time	0.471194
trans_mu_time	0.394554
trans_unpack_time	1.402374
updateU_new_time	0.775986
runtime	1.087481
--------------------------------------------------!
***************dt=2.000000***************
***************flag=0***************
--------------------------------------------------!
time		0.000000
wall time	76.702919
*******************************
dgemm_time	15.351405
conv_transfer_time	0.000000
conv_calculate_time	1015.542542
elastic_calculate_time	1015.578552
Allen_Cahn_nonlinear_time	1050.530518
Cahn_Hilliard_nonlinear_time	0.011680
trans_time	18.057228
trans_Memcpy_time	9.061595
trans_MPI_time	5.926612
trans_pack_time	0.276476
trans_enlarge_time	0.470554
trans_mu_time	0.393274
trans_unpack_time	1.411974
updateU_new_time	0.777746
runtime	1.085455
--------------------------------------------------!
***************dt=2.000000***************
***************flag=0***************
--------------------------------------------------!
time		0.000000
wall time	77.790462
*******************************
dgemm_time	15.349813
conv_transfer_time	0.000000
conv_calculate_time	1013.030762
elastic_calculate_time	1013.067261
Allen_Cahn_nonlinear_time	1048.054688
Cahn_Hilliard_nonlinear_time	0.012000
trans_time	18.178606
trans_Memcpy_time	9.018560
trans_MPI_time	6.099571
trans_pack_time	0.276636
trans_enlarge_time	0.473434
trans_mu_time	0.394714
trans_unpack_time	1.411335
updateU_new_time	0.793907
runtime	1.083692
--------------------------------------------------!
***************dt=2.000000***************
***************flag=0***************
--------------------------------------------------!
time		0.000000
wall time	78.875982
*******************************
dgemm_time	15.357979
conv_transfer_time	0.000000
conv_calculate_time	1013.651001
elastic_calculate_time	1013.686707
Allen_Cahn_nonlinear_time	1047.847412
Cahn_Hilliard_nonlinear_time	0.012320
trans_time	18.476370
trans_Memcpy_time	9.052963
trans_MPI_time	6.349010
trans_pack_time	0.279996
trans_enlarge_time	0.474074
trans_mu_time	0.399514
trans_unpack_time	1.421896
updateU_new_time	0.776787
runtime	1.083891
--------------------------------------------------!
***************dt=2.000000***************
***************flag=0***************
--------------------------------------------------!
time		0.000000
wall time	79.959747
*******************************
dgemm_time	15.382145
conv_transfer_time	0.000000
conv_calculate_time	1012.310791
elastic_calculate_time	1012.345947
Allen_Cahn_nonlinear_time	1051.672119
Cahn_Hilliard_nonlinear_time	0.012160
trans_time	18.251169
trans_Memcpy_time	9.053448
trans_MPI_time	6.153816
trans_pack_time	0.278076
trans_enlarge_time	0.471034
trans_mu_time	0.393434
trans_unpack_time	1.393417
updateU_new_time	0.778867
runtime	1.087327
--------------------------------------------------!
***************dt=2.000000***************
***************flag=0***************
--------------------------------------------------!
time		0.000000
wall time	81.043742
*******************************
dgemm_time	15.369991
conv_transfer_time	0.000000
conv_calculate_time	1012.598755
elastic_calculate_time	1012.634399
Allen_Cahn_nonlinear_time	1047.868896
Cahn_Hilliard_nonlinear_time	0.011840
trans_time	18.125160
trans_Memcpy_time	9.085609
trans_MPI_time	6.041341
trans_pack_time	0.276636
trans_enlarge_time	0.471994
trans_mu_time	0.395194
trans_unpack_time	1.403977
updateU_new_time	0.776308
runtime	1.084422
--------------------------------------------------!
***************dt=2.000000***************
***************flag=0***************
--------------------------------------------------!
time		0.000000
wall time	82.131139
*******************************
dgemm_time	15.347759
conv_transfer_time	0.000000
conv_calculate_time	1010.971680
elastic_calculate_time	1011.008301
Allen_Cahn_nonlinear_time	1049.978027
Cahn_Hilliard_nonlinear_time	0.011680
trans_time	18.250956
trans_Memcpy_time	9.088975
trans_MPI_time	6.159101
trans_pack_time	0.279196
trans_enlarge_time	0.473754
trans_mu_time	0.391514
trans_unpack_time	1.398858
updateU_new_time	0.779508
runtime	1.085596
--------------------------------------------------!
***************dt=2.000000***************
***************flag=0***************
--------------------------------------------------!
time		0.000000
wall time	83.215642
*******************************
dgemm_time	15.331285
conv_transfer_time	0.000000
conv_calculate_time	1013.324402
elastic_calculate_time	1013.366150
Allen_Cahn_nonlinear_time	1052.938843
Cahn_Hilliard_nonlinear_time	0.014720
trans_time	18.246742
trans_Memcpy_time	9.066740
trans_MPI_time	6.177663
trans_pack_time	0.282236
trans_enlarge_time	0.471034
trans_mu_time	0.392314
trans_unpack_time	1.415018
updateU_new_time	0.790228
runtime	1.088065
--------------------------------------------------!
***************dt=2.000000***************
***************flag=0***************
--------------------------------------------------!
time		0.000000
wall time	84.301319
*******************************
dgemm_time	15.361212
conv_transfer_time	0.000000
conv_calculate_time	1011.751526
elastic_calculate_time	1011.790161
Allen_Cahn_nonlinear_time	1049.547974
Cahn_Hilliard_nonlinear_time	0.011840
trans_time	18.205652
trans_Memcpy_time	9.313780
trans_MPI_time	5.735433
trans_pack_time	0.285116
trans_enlarge_time	0.499194
trans_mu_time	0.418394
trans_unpack_time	1.413419
updateU_new_time	0.778709
runtime	1.084905
--------------------------------------------------!
***************dt=2.000000***************
***************flag=0***************
--------------------------------------------------!
time		0.000000
wall time	85.389474
*******************************
dgemm_time	15.349217
conv_transfer_time	0.000000
conv_calculate_time	1012.358276
elastic_calculate_time	1012.392944
Allen_Cahn_nonlinear_time	1053.680542
Cahn_Hilliard_nonlinear_time	0.011840
trans_time	18.107201
trans_Memcpy_time	9.082268
trans_MPI_time	6.015271
trans_pack_time	0.274876
trans_enlarge_time	0.480314
trans_mu_time	0.399674
trans_unpack_time	1.408299
updateU_new_time	0.777429
runtime	1.088714
--------------------------------------------------!
***************dt=2.000000***************
***************flag=0***************
--------------------------------------------------!
time		0.000000
wall time	86.474468
*******************************
dgemm_time	15.345703
conv_transfer_time	0.000000
conv_calculate_time	1014.095276
elastic_calculate_time	1014.131104
Allen_Cahn_nonlinear_time	1048.153442
Cahn_Hilliard_nonlinear_time	0.012320
trans_time	18.331514
trans_Memcpy_time	9.115710
trans_MPI_time	6.222630
trans_pack_time	0.275836
trans_enlarge_time	0.472794
trans_mu_time	0.396638
trans_unpack_time	1.405260
updateU_new_time	0.775509
runtime	1.083395
--------------------------------------------------!
***************dt=2.000000***************
***************flag=0***************
--------------------------------------------------!
time		0.000000
wall time	87.563284
*******************************
dgemm_time	15.342988
conv_transfer_time	0.000000
conv_calculate_time	1014.669128
elastic_calculate_time	1014.707458
Allen_Cahn_nonlinear_time	1051.149536
Cahn_Hilliard_nonlinear_time	0.011680
trans_time	18.316751
trans_Memcpy_time	9.052353
trans_MPI_time	6.263592
trans_pack_time	0.276957
trans_enlarge_time	0.477754
trans_mu_time	0.393120
trans_unpack_time	1.409580
updateU_new_time	0.779510
runtime	1.088085
--------------------------------------------------!
***************dt=2.000000***************
***************flag=0***************
--------------------------------------------------!
time		0.000000
wall time	88.646842
*******************************
dgemm_time	15.334194
conv_transfer_time	0.000000
conv_calculate_time	1012.948364
elastic_calculate_time	1012.984680
Allen_Cahn_nonlinear_time	1050.904907
Cahn_Hilliard_nonlinear_time	0.012480
trans_time	18.014193
trans_Memcpy_time	9.190915
trans_MPI_time	5.746321
trans_pack_time	0.278557
trans_enlarge_time	0.473434
trans_mu_time	0.393440
trans_unpack_time	1.424141
updateU_new_time	0.776470
runtime	1.086834
--------------------------------------------------!
***************dt=2.000000***************
***************flag=0***************
--------------------------------------------------!
time		0.000000
wall time	89.734993
*******************************
dgemm_time	15.357559
conv_transfer_time	0.000000
conv_calculate_time	1011.538025
elastic_calculate_time	1011.572632
Allen_Cahn_nonlinear_time	1049.196777
Cahn_Hilliard_nonlinear_time	0.011680
trans_time	18.034388
trans_Memcpy_time	9.042440
trans_MPI_time	5.985680
trans_pack_time	0.279517
trans_enlarge_time	0.475994
trans_mu_time	0.392800
trans_unpack_time	1.414061
updateU_new_time	0.778230
runtime	1.089197
--------------------------------------------------!
***************dt=2.000000***************
***************flag=0***************
--------------------------------------------------!
time		0.000000
wall time	90.821903
*******************************
dgemm_time	15.341724
conv_transfer_time	0.000000
conv_calculate_time	1016.374146
elastic_calculate_time	1016.411438
Allen_Cahn_nonlinear_time	1051.779663
Cahn_Hilliard_nonlinear_time	0.012160
trans_time	18.267132
trans_Memcpy_time	9.030283
trans_MPI_time	6.240559
trans_pack_time	0.277118
trans_enlarge_time	0.475194
trans_mu_time	0.393600
trans_unpack_time	1.403982
updateU_new_time	0.780630
runtime	1.091738
--------------------------------------------------!
***************dt=2.000000***************
***************flag=0***************
--------------------------------------------------!
time		0.000000
wall time	91.911194
*******************************
dgemm_time	15.358049
conv_transfer_time	0.000000
conv_calculate_time	1013.078735
elastic_calculate_time	1013.119202
Allen_Cahn_nonlinear_time	1048.752563
Cahn_Hilliard_nonlinear_time	0.011840
trans_time	17.958483
trans_Memcpy_time	9.051567
trans_MPI_time	5.914965
trans_pack_time	0.273918
trans_enlarge_time	0.472634
trans_mu_time	0.392480
trans_unpack_time	1.409902
updateU_new_time	0.775671
runtime	1.083898
--------------------------------------------------!
***************dt=2.000000***************
***************flag=0***************
--------------------------------------------------!
time		0.000000
wall time	93.003021
*******************************
dgemm_time	15.355334
conv_transfer_time	0.000000
conv_calculate_time	1011.785278
elastic_calculate_time	1011.821472
Allen_Cahn_nonlinear_time	1047.509644
Cahn_Hilliard_nonlinear_time	0.011680
trans_time	18.222414
trans_Memcpy_time	9.008849
trans_MPI_time	6.211764
trans_pack_time	0.276318
trans_enlarge_time	0.474079
trans_mu_time	0.391200
trans_unpack_time	1.413263
updateU_new_time	0.779831
runtime	1.089434
--------------------------------------------------!
***************dt=2.000000***************
***************flag=0***************
--------------------------------------------------!
time		0.000000
wall time	94.087005
*******************************
dgemm_time	15.346539
conv_transfer_time	0.000000
conv_calculate_time	1013.846252
elastic_calculate_time	1013.882019
Allen_Cahn_nonlinear_time	1050.304810
Cahn_Hilliard_nonlinear_time	0.011680
trans_time	18.061382
trans_Memcpy_time	9.006133
trans_MPI_time	6.039448
trans_pack_time	0.276958
trans_enlarge_time	0.470399
trans_mu_time	0.393760
trans_unpack_time	1.427343
updateU_new_time	0.777111
runtime	1.088617
--------------------------------------------------!
***************dt=2.000000***************
***************flag=0***************
--------------------------------------------------!
time		0.000000
wall time	95.176520
*******************************
dgemm_time	15.368464
conv_transfer_time	0.000000
conv_calculate_time	1013.634094
elastic_calculate_time	1013.670959
Allen_Cahn_nonlinear_time	1048.884766
Cahn_Hilliard_nonlinear_time	0.012000
trans_time	20.180794
trans_Memcpy_time	9.044374
trans_MPI_time	8.133345
trans_pack_time	0.278078
trans_enlarge_time	0.474879
trans_mu_time	0.397120
trans_unpack_time	1.406704
updateU_new_time	0.778871
runtime	1.090392
--------------------------------------------------!
***************dt=2.000000***************
***************flag=0***************
--------------------------------------------------!
time		0.000000
wall time	96.265199
*******************************
dgemm_time	15.355989
conv_transfer_time	0.000000
conv_calculate_time	1010.752197
elastic_calculate_time	1010.788452
Allen_Cahn_nonlinear_time	1051.595947
Cahn_Hilliard_nonlinear_time	0.011840
trans_time	23.425962
trans_Memcpy_time	9.035258
trans_MPI_time	11.391390
trans_pack_time	0.278878
trans_enlarge_time	0.474079
trans_mu_time	0.392960
trans_unpack_time	1.413104
updateU_new_time	0.777432
runtime	1.092100
--------------------------------------------------!
***************dt=2.000000***************
***************flag=0***************
--------------------------------------------------!
time		0.000000
wall time	97.355654
*******************************
dgemm_time	15.325594
conv_transfer_time	0.000000
conv_calculate_time	1015.688904
elastic_calculate_time	1015.724976
Allen_Cahn_nonlinear_time	1050.860107
Cahn_Hilliard_nonlinear_time	0.011840
trans_time	17.859873
trans_Memcpy_time	9.032862
trans_MPI_time	5.830335
trans_pack_time	0.275998
trans_enlarge_time	0.475039
trans_mu_time	0.392800
trans_unpack_time	1.407665
updateU_new_time	0.778712
runtime	1.089045
--------------------------------------------------!
***************dt=2.000000***************
***************flag=0***************
--------------------------------------------------!
time		0.000000
wall time	98.447840
*******************************
dgemm_time	15.340477
conv_transfer_time	0.000000
conv_calculate_time	1013.423645
elastic_calculate_time	1013.459473
Allen_Cahn_nonlinear_time	1053.162598
Cahn_Hilliard_nonlinear_time	0.011840
trans_time	18.150574
trans_Memcpy_time	9.041184
trans_MPI_time	6.114815
trans_pack_time	0.275518
trans_enlarge_time	0.471199
trans_mu_time	0.392800
trans_unpack_time	1.412625
updateU_new_time	0.777592
runtime	1.089431
--------------------------------------------------!
***************dt=2.000000***************
***************flag=0***************
--------------------------------------------------!
time		0.000000
wall time	99.536970
*******************************
dgemm_time	15.332644
conv_transfer_time	0.000000
conv_calculate_time	1012.721375
elastic_calculate_time	1012.760376
Allen_Cahn_nonlinear_time	1054.120605
Cahn_Hilliard_nonlinear_time	0.011680
trans_time	18.006613
trans_Memcpy_time	9.080545
trans_MPI_time	5.926498
trans_pack_time	0.277758
trans_enlarge_time	0.472960
trans_mu_time	0.392480
trans_unpack_time	1.407986
updateU_new_time	0.777112
runtime	1.090977
--------------------------------------------------!
***************dt=2.000000***************
***************flag=0***************
--------------------------------------------------!
time		0.000000
wall time	100.626480
*******************************
dgemm_time	15.341927
conv_transfer_time	0.000000
conv_calculate_time	1013.780884
elastic_calculate_time	1013.815369
Allen_Cahn_nonlinear_time	1048.639404
Cahn_Hilliard_nonlinear_time	0.011840
trans_time	18.554701
trans_Memcpy_time	9.039110
trans_MPI_time	6.522015
trans_pack_time	0.277278
trans_enlarge_time	0.471200
trans_mu_time	0.396800
trans_unpack_time	1.402546
updateU_new_time	0.776313
runtime	1.084351
--------------------------------------------------!
***************dt=2.000000***************
***************flag=0***************
--------------------------------------------------!
time		0.000000
wall time	101.717540
*******************************
dgemm_time	15.339212
conv_transfer_time	0.000000
conv_calculate_time	1012.875732
elastic_calculate_time	1012.911743
Allen_Cahn_nonlinear_time	1048.406738
Cahn_Hilliard_nonlinear_time	0.011680
trans_time	18.105270
trans_Memcpy_time	9.055272
trans_MPI_time	6.053381
trans_pack_time	0.276318
trans_enlarge_time	0.470880
trans_mu_time	0.393920
trans_unpack_time	1.405106
updateU_new_time	0.777113
runtime	1.084631
--------------------------------------------------!
***************dt=2.000000***************
***************flag=0***************
--------------------------------------------------!
time		0.000000
wall time	102.801973
*******************************
dgemm_time	15.354735
conv_transfer_time	0.000000
conv_calculate_time	1013.299988
elastic_calculate_time	1013.336975
Allen_Cahn_nonlinear_time	1049.867920
Cahn_Hilliard_nonlinear_time	0.011840
trans_time	18.000135
trans_Memcpy_time	9.074634
trans_MPI_time	5.897544
trans_pack_time	0.276478
trans_enlarge_time	0.479520
trans_mu_time	0.395680
trans_unpack_time	1.419827
updateU_new_time	0.777913
runtime	1.084745
--------------------------------------------------!
***************dt=2.000000***************
***************flag=0***************
--------------------------------------------------!
time		0.000000
wall time	103.886690
*******************************
dgemm_time	15.350100
conv_transfer_time	0.000000
conv_calculate_time	1013.148743
elastic_calculate_time	1013.184021
Allen_Cahn_nonlinear_time	1048.342041
Cahn_Hilliard_nonlinear_time	0.012320
trans_time	17.987581
trans_Memcpy_time	9.032557
trans_MPI_time	5.961225
trans_pack_time	0.277758
trans_enlarge_time	0.470400
trans_mu_time	0.393760
trans_unpack_time	1.407347
updateU_new_time	0.777433
runtime	1.083222
--------------------------------------------------!
***************dt=2.000000***************
***************flag=0***************
--------------------------------------------------!
time		0.000000
wall time	104.971525
*******************************
dgemm_time	15.344984
conv_transfer_time	0.000000
conv_calculate_time	1012.516663
elastic_calculate_time	1012.554443
Allen_Cahn_nonlinear_time	1047.656494
Cahn_Hilliard_nonlinear_time	0.012320
trans_time	17.882776
trans_Memcpy_time	9.061839
trans_MPI_time	5.821228
trans_pack_time	0.276478
trans_enlarge_time	0.469920
trans_mu_time	0.394560
trans_unpack_time	1.413267
updateU_new_time	0.775674
runtime	1.082315
--------------------------------------------------!
***************dt=2.000000***************
***************flag=0***************
--------------------------------------------------!
time		0.000000
wall time	106.054866
*******************************
dgemm_time	15.343227
conv_transfer_time	0.000000
conv_calculate_time	1012.840149
elastic_calculate_time	1012.877014
Allen_Cahn_nonlinear_time	1048.334595
Cahn_Hilliard_nonlinear_time	0.012160
trans_time	17.936981
trans_Memcpy_time	9.024082
trans_MPI_time	5.917868
trans_pack_time	0.276318
trans_enlarge_time	0.473120
trans_mu_time	0.394560
trans_unpack_time	1.405268
updateU_new_time	0.779674
runtime	1.083110
--------------------------------------------------!
***************dt=2.000000***************
***************flag=0***************
--------------------------------------------------!
time		0.000000
wall time	107.137277
*******************************
dgemm_time	15.355871
conv_transfer_time	0.000000
conv_calculate_time	1012.855408
elastic_calculate_time	1012.892700
Allen_Cahn_nonlinear_time	1048.010620
Cahn_Hilliard_nonlinear_time	0.012480
trans_time	18.028606
trans_Memcpy_time	9.020243
trans_MPI_time	6.007309
trans_pack_time	0.276478
trans_enlarge_time	0.474400
trans_mu_time	0.392480
trans_unpack_time	1.405588
updateU_new_time	0.773754
runtime	1.082849
--------------------------------------------------!
***************dt=2.000000***************
***************flag=0***************
--------------------------------------------------!
time		0.000000
wall time	108.220478
*******************************
dgemm_time	15.372515
conv_transfer_time	0.000000
conv_calculate_time	1012.693909
elastic_calculate_time	1012.730408
Allen_Cahn_nonlinear_time	1048.356323
Cahn_Hilliard_nonlinear_time	0.011840
trans_time	18.007971
trans_Memcpy_time	9.003606
trans_MPI_time	5.993230
trans_pack_time	0.275198
trans_enlarge_time	0.472320
trans_mu_time	0.394400
trans_unpack_time	1.411669
updateU_new_time	0.773434
runtime	1.083050
--------------------------------------------------!
***************dt=2.000000***************
***************flag=0***************
--------------------------------------------------!
time		0.000000
wall time	109.303418
*******************************
dgemm_time	15.363239
conv_transfer_time	0.000000
conv_calculate_time	1013.192078
elastic_calculate_time	1013.228577
Allen_Cahn_nonlinear_time	1051.539429
Cahn_Hilliard_nonlinear_time	0.012000
trans_time	18.220053
trans_Memcpy_time	9.021369
trans_MPI_time	6.200591
trans_pack_time	0.277758
trans_enlarge_time	0.472000
trans_mu_time	0.392640
trans_unpack_time	1.410869
updateU_new_time	0.775834
runtime	1.087308
--------------------------------------------------!
***************dt=2.000000***************
***************flag=0***************
--------------------------------------------------!
time		0.000000
wall time	110.386550
*******************************
dgemm_time	15.341003
conv_transfer_time	0.000000
conv_calculate_time	1012.803711
elastic_calculate_time	1012.839539
Allen_Cahn_nonlinear_time	1050.580078
Cahn_Hilliard_nonlinear_time	0.011840
trans_time	17.935299
trans_Memcpy_time	9.005371
trans_MPI_time	5.931474
trans_pack_time	0.277918
trans_enlarge_time	0.473120
trans_mu_time	0.394720
trans_unpack_time	1.408469
updateU_new_time	0.777274
runtime	1.085825
--------------------------------------------------!
***************dt=2.000000***************
***************flag=0***************
--------------------------------------------------!
time		0.000000
wall time	111.473943
*******************************
dgemm_time	15.341326
conv_transfer_time	0.000000
conv_calculate_time	1011.670837
elastic_calculate_time	1011.706543
Allen_Cahn_nonlinear_time	1054.158936
Cahn_Hilliard_nonlinear_time	0.011680
trans_time	19.207264
trans_Memcpy_time	9.040894
trans_MPI_time	7.171306
trans_pack_time	0.276958
trans_enlarge_time	0.472960
trans_mu_time	0.390560
trans_unpack_time	1.405750
updateU_new_time	0.778395
runtime	1.090069
--------------------------------------------------!
***************dt=2.000000***************
***************flag=0***************
--------------------------------------------------!
time		0.000000
wall time	112.559858
*******************************
dgemm_time	15.324369
conv_transfer_time	0.000000
conv_calculate_time	1014.803040
elastic_calculate_time	1014.841064
Allen_Cahn_nonlinear_time	1049.898193
Cahn_Hilliard_nonlinear_time	0.011680
trans_time	17.933437
trans_Memcpy_time	9.066974
trans_MPI_time	5.865237
trans_pack_time	0.278238
trans_enlarge_time	0.474720
trans_mu_time	0.394720
trans_unpack_time	1.408790
updateU_new_time	0.776475
runtime	1.084543
--------------------------------------------------!
***************dt=2.000000***************
***************flag=0***************
--------------------------------------------------!
time		0.000000
wall time	113.650037
