running   on	64   processors
restart		0
nx,ny,nz	260	260	260
px,py,pz	4	4	4
nghost		2
output   dir	./output/output2/
data   dir	./data/
dt,t_total	2.000000,200.100000
ELASTIC		1
ANISOTROPIC		1
nac,nch		6,2
xmin,ymin,zmin	0.000000	0.000000	0.000000
xmax,ymax,zmax	1024.000000	1024.000000	1024.000000
checkpoint_,nchk,chk	1,1000,0
nout		10000
Approx		32
detect_iter		100000
Reading input.txt file:
myrank = 52 P = 2 Q = 4
myrank = 11 P = 1 Q = 4
myrank = 54 P = 0 Q = 3
myrank = 10 P = 0 Q = 5
myrank = 49 P = 0 Q = 4
myrank = 8 P = 2 Q = 4
myrank = 55 P = 5 Q = 1
myrank = 63 P = 4 Q = 3
myrank = 9 P = 4 Q = 4
myrank = 50 P = 2 Q = 4
myrank = 62 P = 1 Q = 0
myrank = 51 P = 0 Q = 0
myrank = 48 P = 5 Q = 5
myrank = 60 P = 1 Q = 3
myrank = 53 P = 2 Q = 1
myrank = 5 P = 4 Q = 3
myrank = 4 P = 2 Q = 5
myrank = 61 P = 5 Q = 5
myrank = 7 P = 1 Q = 2
myrank = 26 P = 3 Q = 2
myrank = 6 P = 2 Q = 4
myrank = 24 P = 3 Q = 0
myrank = 39 P = 4 Q = 2
myrank = 36 P = 2 Q = 1
myrank = 27 P = 2 Q = 3
myrank = 25 P = 2 Q = 1
myrank = 19 P = 3 Q = 0
myrank = 16 P = 1 Q = 3
myrank = 0 P = 2 Q = 3
myrank = 18 P = 1 Q = 0
myrank = 32 P = 5 Q = 3
myrank = 38 P = 0 Q = 0
myrank = 20 P = 2 Q = 1
myrank = 2 P = 5 Q = 5
myrank = 23 P = 1 Q = 2
myrank = 43 P = 3 Q = 5
myrank = 17 P = 0 Q = 1
myrank = 3 P = 3 Q = 1
myrank = 59 P = 2 Q = 0
myrank = 15 P = 0 Q = 2
myrank = 35 P = 1 Q = 0
myrank = 34 P = 2 Q = 2
myrank = 28 P = 4 Q = 4
myrank = 37 P = 4 Q = 5
myrank = 56 P = 0 Q = 0
myrank = 40 P = 0 Q = 2
myrank = 30 P = 1 Q = 3
myrank = 57 P = 2 Q = 0
myrank = 1 P = 5 Q = 5
myrank = 21 P = 0 Q = 3
myrank = 12 P = 4 Q = 5
myrank = 33 P = 4 Q = 0
myrank = 22 P = 3 Q = 1
myrank = 13 P = 5 Q = 3
myrank = 42 P = 0 Q = 5
myrank = 29 P = 2 Q = 0
myrank = 31 P = 5 Q = 5
myrank = 58 P = 1 Q = 4
myrank = 14 P = 4 Q = 4
myrank = 44 P = 1 Q = 4
myrank = 46 P = 4 Q = 4
myrank = 41 P = 1 Q = 4
myrank = 47 P = 3 Q = 4
myrank = 45 P = 3 Q = 2
*******************************
dgemm_time	182.271164
conv_transfer_time	0.000000
conv_calculate_time	9341.185547
elastic_calculate_time	9341.234375
Allen_Cahn_nonlinear_time	9518.174805
Cahn_Hilliard_nonlinear_time	0.012320
trans_time	111.435738
trans_Memcpy_time	51.854404
trans_MPI_time	50.252083
trans_pack_time	0.660514
trans_enlarge_time	1.042294
trans_mu_time	0.525145
trans_unpack_time	6.542264
updateU_new_time	5.234264
runtime	9.820135
--------------------------------------------------!
***************dt=2.000000***************
***************flag=0***************
--------------------------------------------------!
time		0.000000
wall time	2.212949
*******************************
dgemm_time	180.975525
conv_transfer_time	0.000000
conv_calculate_time	6122.736328
elastic_calculate_time	6122.774902
Allen_Cahn_nonlinear_time	6300.056641
Cahn_Hilliard_nonlinear_time	0.012158
trans_time	53.520267
trans_Memcpy_time	27.412357
trans_MPI_time	17.334423
trans_pack_time	0.561760
trans_enlarge_time	0.800000
trans_mu_time	0.505600
trans_unpack_time	6.450564
updateU_new_time	5.232450
runtime	6.541382
--------------------------------------------------!
***************dt=2.000000***************
***************flag=0***************
--------------------------------------------------!
time		0.000000
wall time	12.059713
*******************************
dgemm_time	180.957947
conv_transfer_time	0.000000
conv_calculate_time	6121.099121
elastic_calculate_time	6121.139648
Allen_Cahn_nonlinear_time	6300.918457
Cahn_Hilliard_nonlinear_time	0.011837
trans_time	53.265942
trans_Memcpy_time	27.352772
trans_MPI_time	17.234884
trans_pack_time	0.556727
trans_enlarge_time	0.802295
trans_mu_time	0.501052
trans_unpack_time	6.360133
updateU_new_time	5.231102
runtime	6.542651
--------------------------------------------------!
***************dt=2.000000***************
***************flag=0***************
--------------------------------------------------!
time		0.000000
wall time	18.627728
*******************************
dgemm_time	180.969864
conv_transfer_time	0.000000
conv_calculate_time	6121.316895
elastic_calculate_time	6121.357910
Allen_Cahn_nonlinear_time	6301.587402
Cahn_Hilliard_nonlinear_time	0.011678
trans_time	53.460625
trans_Memcpy_time	27.478897
trans_MPI_time	17.224663
trans_pack_time	0.565965
trans_enlarge_time	0.799516
trans_mu_time	0.510457
trans_unpack_time	6.363666
updateU_new_time	5.248131
runtime	6.544715
--------------------------------------------------!
***************dt=2.000000***************
***************flag=0***************
--------------------------------------------------!
time		0.000000
wall time	25.197204
*******************************
dgemm_time	180.975266
conv_transfer_time	0.000000
conv_calculate_time	6121.918945
elastic_calculate_time	6121.959961
Allen_Cahn_nonlinear_time	6298.903320
Cahn_Hilliard_nonlinear_time	0.011997
trans_time	53.042797
trans_Memcpy_time	27.332842
trans_MPI_time	16.999428
trans_pack_time	0.570098
trans_enlarge_time	0.807318
trans_mu_time	0.504835
trans_unpack_time	6.364167
updateU_new_time	5.232922
runtime	6.541253
--------------------------------------------------!
***************dt=2.000000***************
***************flag=0***************
--------------------------------------------------!
time		0.000000
wall time	31.768513
*******************************
dgemm_time	180.979645
conv_transfer_time	0.000000
conv_calculate_time	6119.781250
elastic_calculate_time	6119.821777
Allen_Cahn_nonlinear_time	6301.305176
Cahn_Hilliard_nonlinear_time	0.012157
trans_time	53.234699
trans_Memcpy_time	27.580515
trans_MPI_time	16.972319
trans_pack_time	0.560321
trans_enlarge_time	0.789857
trans_mu_time	0.502420
trans_unpack_time	6.373236
updateU_new_time	5.229779
runtime	6.544819
--------------------------------------------------!
***************dt=2.000000***************
***************flag=0***************
--------------------------------------------------!
time		0.000000
wall time	38.336611
*******************************
dgemm_time	180.946793
conv_transfer_time	0.000000
conv_calculate_time	6119.125977
elastic_calculate_time	6119.165039
Allen_Cahn_nonlinear_time	6299.019531
Cahn_Hilliard_nonlinear_time	0.012158
trans_time	53.185909
trans_Memcpy_time	27.342829
trans_MPI_time	17.172466
trans_pack_time	0.563847
trans_enlarge_time	0.784108
trans_mu_time	0.512341
trans_unpack_time	6.354439
updateU_new_time	5.231567
runtime	6.543612
--------------------------------------------------!
***************dt=2.000000***************
***************flag=0***************
--------------------------------------------------!
time		0.000000
wall time	44.908031
*******************************
dgemm_time	180.969696
conv_transfer_time	0.000000
conv_calculate_time	6120.466309
elastic_calculate_time	6120.508301
Allen_Cahn_nonlinear_time	6297.562012
Cahn_Hilliard_nonlinear_time	0.011838
trans_time	53.237003
trans_Memcpy_time	27.313578
trans_MPI_time	17.246824
trans_pack_time	0.558430
trans_enlarge_time	0.809252
trans_mu_time	0.502124
trans_unpack_time	6.350028
updateU_new_time	5.228996
runtime	6.542387
--------------------------------------------------!
***************dt=2.000000***************
***************flag=0***************
--------------------------------------------------!
time		0.000000
wall time	51.478335
*******************************
dgemm_time	180.942993
conv_transfer_time	0.000000
conv_calculate_time	6118.951660
elastic_calculate_time	6118.992188
Allen_Cahn_nonlinear_time	6305.833496
Cahn_Hilliard_nonlinear_time	0.012157
trans_time	53.255344
trans_Memcpy_time	27.334505
trans_MPI_time	17.168928
trans_pack_time	0.563084
trans_enlarge_time	0.802712
trans_mu_time	0.509337
trans_unpack_time	6.361565
updateU_new_time	5.240314
runtime	6.550272
--------------------------------------------------!
***************dt=2.000000***************
***************flag=0***************
--------------------------------------------------!
time		0.000000
wall time	58.047397
*******************************
dgemm_time	181.001404
conv_transfer_time	0.000000
conv_calculate_time	6121.378906
elastic_calculate_time	6121.417969
Allen_Cahn_nonlinear_time	6301.072754
Cahn_Hilliard_nonlinear_time	0.012158
trans_time	52.895550
trans_Memcpy_time	27.284424
trans_MPI_time	16.914488
trans_pack_time	0.584533
trans_enlarge_time	0.792971
trans_mu_time	0.499427
trans_unpack_time	6.364910
updateU_new_time	5.232418
runtime	6.545072
--------------------------------------------------!
***************dt=2.000000***************
***************flag=0***************
--------------------------------------------------!
time		0.000000
wall time	64.624317
*******************************
dgemm_time	181.023224
conv_transfer_time	0.000000
conv_calculate_time	6123.099609
elastic_calculate_time	6123.140625
Allen_Cahn_nonlinear_time	6304.911133
Cahn_Hilliard_nonlinear_time	0.011678
trans_time	57.426880
trans_Memcpy_time	27.344625
trans_MPI_time	21.393124
trans_pack_time	0.560387
trans_enlarge_time	0.798268
trans_mu_time	0.500236
trans_unpack_time	6.371593
updateU_new_time	5.231228
runtime	6.553641
--------------------------------------------------!
***************dt=2.000000***************
***************flag=0***************
--------------------------------------------------!
time		0.000000
wall time	71.196028
*******************************
dgemm_time	181.007477
conv_transfer_time	0.000000
conv_calculate_time	6117.549805
elastic_calculate_time	6117.589355
Allen_Cahn_nonlinear_time	6299.969238
Cahn_Hilliard_nonlinear_time	0.012158
trans_time	52.763962
trans_Memcpy_time	27.771269
trans_MPI_time	16.309919
trans_pack_time	0.568235
trans_enlarge_time	0.798441
trans_mu_time	0.507124
trans_unpack_time	6.350905
updateU_new_time	5.231625
runtime	6.543367
--------------------------------------------------!
***************dt=2.000000***************
***************flag=0***************
--------------------------------------------------!
time		0.000000
wall time	77.776816
*******************************
dgemm_time	180.946732
conv_transfer_time	0.000000
conv_calculate_time	6122.001953
elastic_calculate_time	6122.041016
Allen_Cahn_nonlinear_time	6301.184570
Cahn_Hilliard_nonlinear_time	0.012158
trans_time	52.819523
trans_Memcpy_time	27.337173
trans_MPI_time	16.800331
trans_pack_time	0.557365
trans_enlarge_time	0.809811
trans_mu_time	0.502171
trans_unpack_time	6.355957
updateU_new_time	5.230251
runtime	6.545807
--------------------------------------------------!
***************dt=2.000000***************
***************flag=0***************
--------------------------------------------------!
time		0.000000
wall time	84.346840
*******************************
dgemm_time	180.944580
conv_transfer_time	0.000000
conv_calculate_time	6122.648926
elastic_calculate_time	6122.689941
Allen_Cahn_nonlinear_time	6301.597168
Cahn_Hilliard_nonlinear_time	0.011999
trans_time	52.760647
trans_Memcpy_time	27.330801
trans_MPI_time	16.766148
trans_pack_time	0.553054
trans_enlarge_time	0.787265
trans_mu_time	0.506178
trans_unpack_time	6.360677
updateU_new_time	5.237028
runtime	6.545083
--------------------------------------------------!
***************dt=2.000000***************
***************flag=0***************
--------------------------------------------------!
time		0.000000
wall time	90.919310
*******************************
dgemm_time	180.962006
conv_transfer_time	0.000000
conv_calculate_time	6123.157227
elastic_calculate_time	6123.197754
Allen_Cahn_nonlinear_time	6303.774902
Cahn_Hilliard_nonlinear_time	0.011999
trans_time	53.477989
trans_Memcpy_time	27.332060
trans_MPI_time	17.451538
trans_pack_time	0.588096
trans_enlarge_time	0.779915
trans_mu_time	0.506664
trans_unpack_time	6.364587
updateU_new_time	5.230360
runtime	6.547796
--------------------------------------------------!
***************dt=2.000000***************
***************flag=0***************
--------------------------------------------------!
time		0.000000
wall time	97.491056
*******************************
dgemm_time	181.005783
conv_transfer_time	0.000000
conv_calculate_time	6121.530273
elastic_calculate_time	6121.569824
Allen_Cahn_nonlinear_time	6301.117188
Cahn_Hilliard_nonlinear_time	0.011839
trans_time	52.811871
trans_Memcpy_time	27.355043
trans_MPI_time	16.771774
trans_pack_time	0.561064
trans_enlarge_time	0.794482
trans_mu_time	0.500110
trans_unpack_time	6.374887
updateU_new_time	5.228805
runtime	6.544429
--------------------------------------------------!
***************dt=2.000000***************
***************flag=0***************
--------------------------------------------------!
time		0.000000
wall time	104.065626
*******************************
dgemm_time	180.969421
conv_transfer_time	0.000000
conv_calculate_time	6122.797852
elastic_calculate_time	6122.840820
Allen_Cahn_nonlinear_time	6301.926758
Cahn_Hilliard_nonlinear_time	0.011839
trans_time	52.804955
trans_Memcpy_time	27.346001
trans_MPI_time	16.779919
trans_pack_time	0.565549
trans_enlarge_time	0.797688
trans_mu_time	0.501396
trans_unpack_time	6.354303
updateU_new_time	5.233804
runtime	6.544984
--------------------------------------------------!
***************dt=2.000000***************
***************flag=0***************
--------------------------------------------------!
time		0.000000
wall time	110.636702
*******************************
dgemm_time	181.003784
conv_transfer_time	0.000000
conv_calculate_time	6122.634277
elastic_calculate_time	6122.676758
Allen_Cahn_nonlinear_time	6302.942383
Cahn_Hilliard_nonlinear_time	0.011839
trans_time	53.103443
trans_Memcpy_time	27.287170
trans_MPI_time	17.058422
trans_pack_time	0.562033
trans_enlarge_time	0.818012
trans_mu_time	0.517557
trans_unpack_time	6.346673
updateU_new_time	5.233360
runtime	6.546941
--------------------------------------------------!
***************dt=2.000000***************
***************flag=0***************
--------------------------------------------------!
time		0.000000
wall time	117.208323
*******************************
dgemm_time	180.967133
conv_transfer_time	0.000000
conv_calculate_time	6125.847656
elastic_calculate_time	6125.888184
Allen_Cahn_nonlinear_time	6305.311523
Cahn_Hilliard_nonlinear_time	0.011679
trans_time	54.296814
trans_Memcpy_time	27.337273
trans_MPI_time	18.257008
trans_pack_time	0.562358
trans_enlarge_time	0.811458
trans_mu_time	0.502842
trans_unpack_time	6.368474
updateU_new_time	5.242672
runtime	6.550267
--------------------------------------------------!
***************dt=2.000000***************
***************flag=0***************
--------------------------------------------------!
time		0.000000
wall time	123.781861
*******************************
dgemm_time	180.995026
conv_transfer_time	0.000000
conv_calculate_time	6120.200195
elastic_calculate_time	6120.241211
Allen_Cahn_nonlinear_time	6298.978516
Cahn_Hilliard_nonlinear_time	0.011839
trans_time	52.860062
trans_Memcpy_time	27.304169
trans_MPI_time	16.857538
trans_pack_time	0.575639
trans_enlarge_time	0.795145
trans_mu_time	0.503807
trans_unpack_time	6.366594
updateU_new_time	5.230222
runtime	6.542127
--------------------------------------------------!
***************dt=2.000000***************
***************flag=0***************
--------------------------------------------------!
time		0.000000
wall time	130.358750
*******************************
dgemm_time	181.015961
conv_transfer_time	0.000000
conv_calculate_time	6121.890137
elastic_calculate_time	6121.931641
Allen_Cahn_nonlinear_time	6301.912109
Cahn_Hilliard_nonlinear_time	0.012000
trans_time	52.557667
trans_Memcpy_time	27.303360
trans_MPI_time	16.563572
trans_pack_time	0.557724
trans_enlarge_time	0.787950
trans_mu_time	0.508768
trans_unpack_time	6.385029
updateU_new_time	5.231849
runtime	6.545620
--------------------------------------------------!
***************dt=2.000000***************
***************flag=0***************
--------------------------------------------------!
time		0.000000
wall time	136.927541
*******************************
dgemm_time	181.014709
conv_transfer_time	0.000000
conv_calculate_time	6121.491211
elastic_calculate_time	6121.531738
Allen_Cahn_nonlinear_time	6299.966309
Cahn_Hilliard_nonlinear_time	0.012000
trans_time	52.782898
trans_Memcpy_time	27.288618
trans_MPI_time	16.821081
trans_pack_time	0.555967
trans_enlarge_time	0.808594
trans_mu_time	0.504450
trans_unpack_time	6.349063
updateU_new_time	5.232513
runtime	6.543606
--------------------------------------------------!
***************dt=2.000000***************
***************flag=0***************
--------------------------------------------------!
time		0.000000
wall time	143.499747
*******************************
dgemm_time	181.054535
conv_transfer_time	0.000000
conv_calculate_time	6119.217285
elastic_calculate_time	6119.256348
Allen_Cahn_nonlinear_time	6301.830566
Cahn_Hilliard_nonlinear_time	0.012000
trans_time	52.983025
trans_Memcpy_time	27.133877
trans_MPI_time	17.175060
trans_pack_time	0.559330
trans_enlarge_time	0.790198
trans_mu_time	0.512454
trans_unpack_time	6.357732
updateU_new_time	5.230296
runtime	6.545867
--------------------------------------------------!
***************dt=2.000000***************
***************flag=0***************
--------------------------------------------------!
time		0.000000
wall time	150.069918
*******************************
dgemm_time	180.993500
conv_transfer_time	0.000000
conv_calculate_time	6122.476074
elastic_calculate_time	6122.516113
Allen_Cahn_nonlinear_time	6303.530273
Cahn_Hilliard_nonlinear_time	0.011520
trans_time	54.087887
trans_Memcpy_time	27.159592
trans_MPI_time	18.250118
trans_pack_time	0.561892
trans_enlarge_time	0.792922
trans_mu_time	0.505256
trans_unpack_time	6.363199
updateU_new_time	5.243276
runtime	6.548016
--------------------------------------------------!
***************dt=2.000000***************
***************flag=0***************
--------------------------------------------------!
time		0.000000
wall time	156.642368
*******************************
dgemm_time	181.022644
conv_transfer_time	0.000000
conv_calculate_time	6124.434082
elastic_calculate_time	6124.471680
Allen_Cahn_nonlinear_time	6303.507812
Cahn_Hilliard_nonlinear_time	0.012000
trans_time	52.891342
trans_Memcpy_time	27.136978
trans_MPI_time	17.042086
trans_pack_time	0.563655
trans_enlarge_time	0.800923
trans_mu_time	0.504939
trans_unpack_time	6.383703
updateU_new_time	5.227616
runtime	6.548237
--------------------------------------------------!
***************dt=2.000000***************
***************flag=0***************
--------------------------------------------------!
time		0.000000
wall time	163.216891
*******************************
dgemm_time	180.978119
conv_transfer_time	0.000000
conv_calculate_time	6119.591797
elastic_calculate_time	6119.644531
Allen_Cahn_nonlinear_time	6300.980957
Cahn_Hilliard_nonlinear_time	0.012000
trans_time	52.719303
trans_Memcpy_time	27.150198
trans_MPI_time	16.878157
trans_pack_time	0.556777
trans_enlarge_time	0.788129
trans_mu_time	0.510861
trans_unpack_time	6.381167
updateU_new_time	5.231314
runtime	6.544211
--------------------------------------------------!
***************dt=2.000000***************
***************flag=0***************
--------------------------------------------------!
time		0.000000
wall time	169.791718
*******************************
dgemm_time	181.053741
conv_transfer_time	0.000000
conv_calculate_time	6122.193848
elastic_calculate_time	6122.232422
Allen_Cahn_nonlinear_time	6303.343750
Cahn_Hilliard_nonlinear_time	0.011520
trans_time	52.712124
trans_Memcpy_time	27.172049
trans_MPI_time	16.845257
trans_pack_time	0.557099
trans_enlarge_time	0.790531
trans_mu_time	0.501262
trans_unpack_time	6.343590
updateU_new_time	5.232770
runtime	6.546949
--------------------------------------------------!
***************dt=2.000000***************
***************flag=0***************
--------------------------------------------------!
time		0.000000
wall time	176.362577
*******************************
dgemm_time	181.029785
conv_transfer_time	0.000000
conv_calculate_time	6121.822754
elastic_calculate_time	6121.862305
Allen_Cahn_nonlinear_time	6305.170410
Cahn_Hilliard_nonlinear_time	0.011840
trans_time	55.106472
trans_Memcpy_time	27.158054
trans_MPI_time	19.296900
trans_pack_time	0.561421
trans_enlarge_time	0.779015
trans_mu_time	0.500142
trans_unpack_time	6.354490
updateU_new_time	5.231985
runtime	6.550981
--------------------------------------------------!
***************dt=2.000000***************
***************flag=0***************
--------------------------------------------------!
time		0.000000
wall time	182.936069
*******************************
dgemm_time	180.970764
conv_transfer_time	0.000000
conv_calculate_time	6127.055176
elastic_calculate_time	6127.094238
Allen_Cahn_nonlinear_time	6306.044434
Cahn_Hilliard_nonlinear_time	0.011840
trans_time	53.102982
trans_Memcpy_time	27.119415
trans_MPI_time	17.304544
trans_pack_time	0.561421
trans_enlarge_time	0.797735
trans_mu_time	0.510226
trans_unpack_time	6.349068
updateU_new_time	5.237600
runtime	6.548869
--------------------------------------------------!
***************dt=2.000000***************
***************flag=0***************
--------------------------------------------------!
time		0.000000
wall time	189.513662
*******************************
dgemm_time	181.032547
conv_transfer_time	0.000000
conv_calculate_time	6121.180176
elastic_calculate_time	6121.219727
Allen_Cahn_nonlinear_time	6302.409668
Cahn_Hilliard_nonlinear_time	0.012000
trans_time	52.711456
trans_Memcpy_time	27.126690
trans_MPI_time	16.903002
trans_pack_time	0.558063
trans_enlarge_time	0.786698
trans_mu_time	0.504788
trans_unpack_time	6.373885
updateU_new_time	5.231310
runtime	6.543632
--------------------------------------------------!
***************dt=2.000000***************
***************flag=0***************
--------------------------------------------------!
time		0.000000
wall time	196.089065
*******************************
dgemm_time	180.990540
conv_transfer_time	0.000000
conv_calculate_time	6127.882812
elastic_calculate_time	6127.921875
Allen_Cahn_nonlinear_time	6307.980957
Cahn_Hilliard_nonlinear_time	0.012160
trans_time	53.919559
trans_Memcpy_time	27.145145
trans_MPI_time	18.104548
trans_pack_time	0.559818
trans_enlarge_time	0.765890
trans_mu_time	0.505102
trans_unpack_time	6.377182
updateU_new_time	5.233322
runtime	6.549876
--------------------------------------------------!
***************dt=2.000000***************
***************flag=0***************
--------------------------------------------------!
time		0.000000
wall time	202.659256
*******************************
dgemm_time	180.989136
conv_transfer_time	0.000000
conv_calculate_time	6121.250488
elastic_calculate_time	6121.290527
Allen_Cahn_nonlinear_time	6304.231934
Cahn_Hilliard_nonlinear_time	0.011839
trans_time	52.721115
trans_Memcpy_time	27.096634
trans_MPI_time	16.951574
trans_pack_time	0.558371
trans_enlarge_time	0.792280
trans_mu_time	0.511655
trans_unpack_time	6.355341
updateU_new_time	5.231978
runtime	6.545015
--------------------------------------------------!
***************dt=2.000000***************
***************flag=0***************
--------------------------------------------------!
time		0.000000
wall time	209.235649
*******************************
dgemm_time	181.012650
conv_transfer_time	0.000000
conv_calculate_time	6123.528809
elastic_calculate_time	6123.567383
Allen_Cahn_nonlinear_time	6304.184082
Cahn_Hilliard_nonlinear_time	0.011839
trans_time	53.162987
trans_Memcpy_time	27.203337
trans_MPI_time	17.302706
trans_pack_time	0.559004
trans_enlarge_time	0.786350
trans_mu_time	0.504768
trans_unpack_time	6.351104
updateU_new_time	5.232078
runtime	6.545126
--------------------------------------------------!
***************dt=2.000000***************
***************flag=0***************
--------------------------------------------------!
time		0.000000
wall time	215.807223
*******************************
dgemm_time	181.063171
conv_transfer_time	0.000000
conv_calculate_time	6123.988281
elastic_calculate_time	6124.028809
Allen_Cahn_nonlinear_time	6304.835449
Cahn_Hilliard_nonlinear_time	0.012479
trans_time	52.908890
trans_Memcpy_time	27.190548
trans_MPI_time	17.052448
trans_pack_time	0.560597
trans_enlarge_time	0.774343
trans_mu_time	0.510041
trans_unpack_time	6.366870
updateU_new_time	5.230422
runtime	6.545365
--------------------------------------------------!
***************dt=2.000000***************
***************flag=0***************
--------------------------------------------------!
time		0.000000
wall time	222.378881
*******************************
dgemm_time	181.057846
conv_transfer_time	0.000000
conv_calculate_time	6124.761230
elastic_calculate_time	6124.805176
Allen_Cahn_nonlinear_time	6303.114258
Cahn_Hilliard_nonlinear_time	0.011999
trans_time	53.206692
trans_Memcpy_time	27.134096
trans_MPI_time	17.374474
trans_pack_time	0.559951
trans_enlarge_time	0.797211
trans_mu_time	0.500756
trans_unpack_time	6.376880
updateU_new_time	5.241766
runtime	6.545980
--------------------------------------------------!
***************dt=2.000000***************
***************flag=0***************
--------------------------------------------------!
time		0.000000
wall time	228.950767
*******************************
dgemm_time	181.015594
conv_transfer_time	0.000000
conv_calculate_time	6123.143555
elastic_calculate_time	6123.185059
Allen_Cahn_nonlinear_time	6303.252441
Cahn_Hilliard_nonlinear_time	0.012159
trans_time	52.835964
trans_Memcpy_time	27.410639
trans_MPI_time	16.653374
trans_pack_time	0.563150
trans_enlarge_time	0.796408
trans_mu_time	0.504116
trans_unpack_time	6.374783
updateU_new_time	5.231225
runtime	6.546710
--------------------------------------------------!
***************dt=2.000000***************
***************flag=0***************
--------------------------------------------------!
time		0.000000
wall time	235.523385
*******************************
dgemm_time	181.048508
conv_transfer_time	0.000000
conv_calculate_time	6120.937500
elastic_calculate_time	6120.977539
Allen_Cahn_nonlinear_time	6301.255859
Cahn_Hilliard_nonlinear_time	0.011839
trans_time	52.748375
trans_Memcpy_time	27.309464
trans_MPI_time	16.752943
trans_pack_time	0.559472
trans_enlarge_time	0.816729
trans_mu_time	0.509076
trans_unpack_time	6.343928
updateU_new_time	5.232841
runtime	6.544556
--------------------------------------------------!
***************dt=2.000000***************
***************flag=0***************
--------------------------------------------------!
time		0.000000
wall time	242.096726
*******************************
dgemm_time	181.014511
conv_transfer_time	0.000000
conv_calculate_time	6121.552246
elastic_calculate_time	6121.592773
Allen_Cahn_nonlinear_time	6301.607910
Cahn_Hilliard_nonlinear_time	0.011679
trans_time	52.776463
trans_Memcpy_time	27.225880
trans_MPI_time	16.859547
trans_pack_time	0.558994
trans_enlarge_time	0.807612
trans_mu_time	0.504596
trans_unpack_time	6.360907
updateU_new_time	5.230458
runtime	6.544368
--------------------------------------------------!
***************dt=2.000000***************
***************flag=0***************
--------------------------------------------------!
time		0.000000
wall time	248.667863
*******************************
dgemm_time	180.951050
conv_transfer_time	0.000000
conv_calculate_time	6118.521973
elastic_calculate_time	6118.561523
Allen_Cahn_nonlinear_time	6299.318848
Cahn_Hilliard_nonlinear_time	0.011999
trans_time	52.870838
trans_Memcpy_time	27.172848
trans_MPI_time	17.013027
trans_pack_time	0.563955
trans_enlarge_time	0.795936
trans_mu_time	0.504282
trans_unpack_time	6.367806
updateU_new_time	5.230153
runtime	6.542973
--------------------------------------------------!
***************dt=2.000000***************
***************flag=0***************
--------------------------------------------------!
time		0.000000
wall time	255.238803
*******************************
dgemm_time	181.021988
conv_transfer_time	0.000000
conv_calculate_time	6118.923828
elastic_calculate_time	6118.970703
Allen_Cahn_nonlinear_time	6300.087402
Cahn_Hilliard_nonlinear_time	0.011839
trans_time	52.856236
trans_Memcpy_time	27.228285
trans_MPI_time	16.938843
trans_pack_time	0.571796
trans_enlarge_time	0.793218
trans_mu_time	0.505721
trans_unpack_time	6.361266
updateU_new_time	5.232569
runtime	6.544281
--------------------------------------------------!
***************dt=2.000000***************
***************flag=0***************
--------------------------------------------------!
time		0.000000
wall time	261.808394
*******************************
dgemm_time	180.951492
conv_transfer_time	0.000000
conv_calculate_time	6120.935547
elastic_calculate_time	6120.976074
Allen_Cahn_nonlinear_time	6301.349609
Cahn_Hilliard_nonlinear_time	0.011679
trans_time	52.764023
trans_Memcpy_time	27.237644
trans_MPI_time	16.818104
trans_pack_time	0.571957
trans_enlarge_time	0.807460
trans_mu_time	0.507002
trans_unpack_time	6.367525
updateU_new_time	5.230345
runtime	6.545158
--------------------------------------------------!
***************dt=2.000000***************
***************flag=0***************
--------------------------------------------------!
time		0.000000
wall time	268.379236
*******************************
dgemm_time	181.009750
conv_transfer_time	0.000000
conv_calculate_time	6121.123535
elastic_calculate_time	6121.163086
Allen_Cahn_nonlinear_time	6300.422363
Cahn_Hilliard_nonlinear_time	0.011679
trans_time	53.837082
trans_Memcpy_time	27.182848
trans_MPI_time	18.012947
trans_pack_time	0.558520
trans_enlarge_time	0.775305
trans_mu_time	0.499963
trans_unpack_time	6.349785
updateU_new_time	5.229879
runtime	6.544846
--------------------------------------------------!
***************dt=2.000000***************
***************flag=0***************
--------------------------------------------------!
time		0.000000
wall time	274.951080
*******************************
dgemm_time	180.978241
conv_transfer_time	0.000000
conv_calculate_time	6120.402832
elastic_calculate_time	6120.444336
Allen_Cahn_nonlinear_time	6299.041504
Cahn_Hilliard_nonlinear_time	0.011839
trans_time	52.974312
trans_Memcpy_time	27.212524
trans_MPI_time	17.059143
trans_pack_time	0.565082
trans_enlarge_time	0.805864
trans_mu_time	0.508447
trans_unpack_time	6.368361
updateU_new_time	5.228293
runtime	6.543183
--------------------------------------------------!
***************dt=2.000000***************
***************flag=0***************
--------------------------------------------------!
time		0.000000
wall time	281.522550
*******************************
dgemm_time	180.998871
conv_transfer_time	0.000000
conv_calculate_time	6120.736816
elastic_calculate_time	6120.778809
Allen_Cahn_nonlinear_time	6302.317871
Cahn_Hilliard_nonlinear_time	0.011679
trans_time	52.811035
trans_Memcpy_time	27.291470
trans_MPI_time	16.836485
trans_pack_time	0.558204
trans_enlarge_time	0.805867
trans_mu_time	0.503008
trans_unpack_time	6.359259
updateU_new_time	5.232467
runtime	6.545909
--------------------------------------------------!
***************dt=2.000000***************
***************flag=0***************
--------------------------------------------------!
time		0.000000
wall time	288.092328
*******************************
dgemm_time	181.038025
conv_transfer_time	0.000000
conv_calculate_time	6120.734863
elastic_calculate_time	6120.775879
Allen_Cahn_nonlinear_time	6298.236328
Cahn_Hilliard_nonlinear_time	0.011999
trans_time	52.749641
trans_Memcpy_time	27.218584
trans_MPI_time	16.785011
trans_pack_time	0.584923
trans_enlarge_time	0.789710
trans_mu_time	0.501249
trans_unpack_time	6.372074
updateU_new_time	5.232319
runtime	6.541725
--------------------------------------------------!
***************dt=2.000000***************
***************flag=0***************
--------------------------------------------------!
time		0.000000
wall time	294.664843
*******************************
dgemm_time	180.999573
conv_transfer_time	0.000000
conv_calculate_time	6119.692383
elastic_calculate_time	6119.731934
Allen_Cahn_nonlinear_time	6300.471680
Cahn_Hilliard_nonlinear_time	0.011520
trans_time	52.790470
trans_Memcpy_time	27.235773
trans_MPI_time	16.840088
trans_pack_time	0.588924
trans_enlarge_time	0.788913
trans_mu_time	0.508769
trans_unpack_time	6.370810
updateU_new_time	5.228812
runtime	6.543470
--------------------------------------------------!
***************dt=2.000000***************
***************flag=0***************
--------------------------------------------------!
time		0.000000
wall time	301.233177
*******************************
dgemm_time	180.982529
conv_transfer_time	0.000000
conv_calculate_time	6121.611328
elastic_calculate_time	6121.651855
Allen_Cahn_nonlinear_time	6301.974121
Cahn_Hilliard_nonlinear_time	0.012160
trans_time	53.187057
trans_Memcpy_time	27.292471
trans_MPI_time	17.229385
trans_pack_time	0.555967
trans_enlarge_time	0.803155
trans_mu_time	0.502690
trans_unpack_time	6.348266
updateU_new_time	5.231384
runtime	6.546619
--------------------------------------------------!
***************dt=2.000000***************
***************flag=0***************
--------------------------------------------------!
time		0.000000
wall time	307.803269
*******************************
dgemm_time	180.967575
conv_transfer_time	0.000000
conv_calculate_time	6120.729980
elastic_calculate_time	6120.769043
Allen_Cahn_nonlinear_time	6301.004395
Cahn_Hilliard_nonlinear_time	0.012160
trans_time	52.661808
trans_Memcpy_time	27.223740
trans_MPI_time	16.773130
trans_pack_time	0.560129
trans_enlarge_time	0.785077
trans_mu_time	0.507494
trans_unpack_time	6.358200
updateU_new_time	5.232035
runtime	6.544427
--------------------------------------------------!
***************dt=2.000000***************
***************flag=0***************
--------------------------------------------------!
time		0.000000
wall time	314.376517
*******************************
dgemm_time	181.003464
conv_transfer_time	0.000000
conv_calculate_time	6120.843262
elastic_calculate_time	6120.884766
Allen_Cahn_nonlinear_time	6302.371582
Cahn_Hilliard_nonlinear_time	0.012000
trans_time	52.763016
trans_Memcpy_time	27.215639
trans_MPI_time	16.854122
trans_pack_time	0.559810
trans_enlarge_time	0.805717
trans_mu_time	0.503496
trans_unpack_time	6.370853
updateU_new_time	5.232046
runtime	6.546399
--------------------------------------------------!
***************dt=2.000000***************
***************flag=0***************
--------------------------------------------------!
time		0.000000
wall time	320.947516
*******************************
dgemm_time	181.059509
conv_transfer_time	0.000000
conv_calculate_time	6121.020508
elastic_calculate_time	6121.060059
Allen_Cahn_nonlinear_time	6306.884277
Cahn_Hilliard_nonlinear_time	0.011520
trans_time	52.783955
trans_Memcpy_time	27.222733
trans_MPI_time	16.842796
trans_pack_time	0.589410
trans_enlarge_time	0.803481
trans_mu_time	0.505735
trans_unpack_time	6.361427
updateU_new_time	5.233176
runtime	6.550551
--------------------------------------------------!
***************dt=2.000000***************
***************flag=0***************
--------------------------------------------------!
time		0.000000
wall time	327.520514
*******************************
dgemm_time	180.977615
conv_transfer_time	0.000000
conv_calculate_time	6125.442383
elastic_calculate_time	6125.481934
Allen_Cahn_nonlinear_time	6304.670410
Cahn_Hilliard_nonlinear_time	0.012000
trans_time	53.200413
trans_Memcpy_time	27.251106
trans_MPI_time	17.215134
trans_pack_time	0.587331
trans_enlarge_time	0.802203
trans_mu_time	0.511336
trans_unpack_time	6.378559
updateU_new_time	5.231906
runtime	6.548793
--------------------------------------------------!
***************dt=2.000000***************
***************flag=0***************
--------------------------------------------------!
time		0.000000
wall time	334.097633
*******************************
dgemm_time	181.024353
conv_transfer_time	0.000000
conv_calculate_time	6122.926758
elastic_calculate_time	6122.967285
Allen_Cahn_nonlinear_time	6305.986328
Cahn_Hilliard_nonlinear_time	0.011520
trans_time	52.910950
trans_Memcpy_time	27.391312
trans_MPI_time	16.848625
trans_pack_time	0.560773
trans_enlarge_time	0.803323
trans_mu_time	0.503816
trans_unpack_time	6.353612
updateU_new_time	5.231596
runtime	6.549876
--------------------------------------------------!
***************dt=2.000000***************
***************flag=0***************
--------------------------------------------------!
time		0.000000
wall time	340.646478
*******************************
dgemm_time	181.065002
conv_transfer_time	0.000000
conv_calculate_time	6127.159180
elastic_calculate_time	6127.199707
Allen_Cahn_nonlinear_time	6306.993652
Cahn_Hilliard_nonlinear_time	0.011680
trans_time	52.909256
trans_Memcpy_time	27.520956
trans_MPI_time	16.721142
trans_pack_time	0.560775
trans_enlarge_time	0.790686
trans_mu_time	0.503341
trans_unpack_time	6.362264
updateU_new_time	5.233045
runtime	6.550509
--------------------------------------------------!
***************dt=2.000000***************
***************flag=0***************
--------------------------------------------------!
time		0.000000
wall time	347.196404
*******************************
dgemm_time	181.024994
conv_transfer_time	0.000000
conv_calculate_time	6120.533691
elastic_calculate_time	6120.575684
Allen_Cahn_nonlinear_time	6300.958008
Cahn_Hilliard_nonlinear_time	0.011680
trans_time	52.938679
trans_Memcpy_time	27.428530
trans_MPI_time	16.842125
trans_pack_time	0.558855
trans_enlarge_time	0.796607
trans_mu_time	0.511020
trans_unpack_time	6.349156
updateU_new_time	5.233535
runtime	6.544393
--------------------------------------------------!
***************dt=2.000000***************
***************flag=0***************
--------------------------------------------------!
time		0.000000
wall time	353.746961
*******************************
dgemm_time	181.043701
conv_transfer_time	0.000000
conv_calculate_time	6120.940918
elastic_calculate_time	6120.981934
Allen_Cahn_nonlinear_time	6303.024414
Cahn_Hilliard_nonlinear_time	0.011680
trans_time	53.463829
trans_Memcpy_time	27.538174
trans_MPI_time	17.164221
trans_pack_time	0.570056
trans_enlarge_time	0.794849
trans_mu_time	0.504142
trans_unpack_time	6.377325
updateU_new_time	5.231623
runtime	6.547783
--------------------------------------------------!
***************dt=2.000000***************
***************flag=0***************
--------------------------------------------------!
time		0.000000
wall time	360.291405
*******************************
dgemm_time	181.032303
conv_transfer_time	0.000000
conv_calculate_time	6125.695801
elastic_calculate_time	6125.736816
Allen_Cahn_nonlinear_time	6305.699707
Cahn_Hilliard_nonlinear_time	0.011840
trans_time	52.994656
trans_Memcpy_time	27.429905
trans_MPI_time	16.886021
trans_pack_time	0.575337
trans_enlarge_time	0.787329
trans_mu_time	0.504942
trans_unpack_time	6.358937
updateU_new_time	5.230832
runtime	6.549417
--------------------------------------------------!
***************dt=2.000000***************
***************flag=0***************
--------------------------------------------------!
time		0.000000
wall time	366.839237
*******************************
dgemm_time	181.004913
conv_transfer_time	0.000000
conv_calculate_time	6120.550781
elastic_calculate_time	6120.589844
Allen_Cahn_nonlinear_time	6302.146484
Cahn_Hilliard_nonlinear_time	0.012160
trans_time	52.907085
trans_Memcpy_time	27.447227
trans_MPI_time	16.762691
trans_pack_time	0.563978
trans_enlarge_time	0.809410
trans_mu_time	0.515822
trans_unpack_time	6.357987
updateU_new_time	5.229720
runtime	6.545640
--------------------------------------------------!
***************dt=2.000000***************
***************flag=0***************
--------------------------------------------------!
time		0.000000
wall time	373.388704
*******************************
dgemm_time	181.011642
conv_transfer_time	0.000000
conv_calculate_time	6120.012695
elastic_calculate_time	6120.074219
Allen_Cahn_nonlinear_time	6300.900391
Cahn_Hilliard_nonlinear_time	0.011520
trans_time	52.980534
trans_Memcpy_time	27.436871
trans_MPI_time	16.886074
trans_pack_time	0.558699
trans_enlarge_time	0.790692
trans_mu_time	0.503502
trans_unpack_time	6.351597
updateU_new_time	5.237556
runtime	6.543678
--------------------------------------------------!
***************dt=2.000000***************
***************flag=0***************
--------------------------------------------------!
time		0.000000
wall time	379.934393
*******************************
dgemm_time	181.025482
conv_transfer_time	0.000000
conv_calculate_time	6124.728516
elastic_calculate_time	6124.770020
Allen_Cahn_nonlinear_time	6308.700195
Cahn_Hilliard_nonlinear_time	0.011680
trans_time	52.999718
trans_Memcpy_time	27.642281
trans_MPI_time	16.627510
trans_pack_time	0.552459
trans_enlarge_time	0.786531
trans_mu_time	0.510702
trans_unpack_time	6.366951
updateU_new_time	5.229531
runtime	6.550714
--------------------------------------------------!
***************dt=2.000000***************
***************flag=0***************
--------------------------------------------------!
time		0.000000
wall time	386.478121
*******************************
dgemm_time	180.988983
conv_transfer_time	0.000000
conv_calculate_time	6126.249512
elastic_calculate_time	6126.289551
Allen_Cahn_nonlinear_time	6307.514648
Cahn_Hilliard_nonlinear_time	0.011840
trans_time	53.582153
trans_Memcpy_time	27.550312
trans_MPI_time	17.351078
trans_pack_time	0.561096
trans_enlarge_time	0.777889
trans_mu_time	0.507181
trans_unpack_time	6.381000
updateU_new_time	5.230979
runtime	6.551114
--------------------------------------------------!
***************dt=2.000000***************
***************flag=0***************
--------------------------------------------------!
time		0.000000
wall time	393.028885
*******************************
dgemm_time	181.006210
conv_transfer_time	0.000000
conv_calculate_time	6124.089844
elastic_calculate_time	6124.135254
Allen_Cahn_nonlinear_time	6311.974609
Cahn_Hilliard_nonlinear_time	0.011840
trans_time	53.153904
trans_Memcpy_time	27.537397
trans_MPI_time	16.939125
trans_pack_time	0.557577
trans_enlarge_time	0.813088
trans_mu_time	0.502062
trans_unpack_time	6.351092
updateU_new_time	5.228907
runtime	6.555621
--------------------------------------------------!
***************dt=2.000000***************
***************flag=0***************
--------------------------------------------------!
time		0.000000
wall time	399.580048
*******************************
dgemm_time	181.044708
conv_transfer_time	0.000000
conv_calculate_time	6120.972656
elastic_calculate_time	6121.013672
Allen_Cahn_nonlinear_time	6302.449707
Cahn_Hilliard_nonlinear_time	0.011520
trans_time	52.827019
trans_Memcpy_time	27.550556
trans_MPI_time	16.590202
trans_pack_time	0.558697
trans_enlarge_time	0.800129
trans_mu_time	0.514702
trans_unpack_time	6.359421
updateU_new_time	5.230674
runtime	6.546235
--------------------------------------------------!
***************dt=2.000000***************
***************flag=0***************
--------------------------------------------------!
time		0.000000
wall time	406.135718
*******************************
dgemm_time	181.030563
conv_transfer_time	0.000000
conv_calculate_time	6122.279297
elastic_calculate_time	6122.320801
Allen_Cahn_nonlinear_time	6301.655273
Cahn_Hilliard_nonlinear_time	0.011840
trans_time	52.977386
trans_Memcpy_time	27.544357
trans_MPI_time	16.759180
trans_pack_time	0.556939
trans_enlarge_time	0.803650
trans_mu_time	0.509422
trans_unpack_time	6.352870
updateU_new_time	5.250841
runtime	6.545757
--------------------------------------------------!
***************dt=2.000000***************
***************flag=0***************
--------------------------------------------------!
time		0.000000
wall time	412.682002
*******************************
dgemm_time	180.977539
conv_transfer_time	0.000000
conv_calculate_time	6128.972656
elastic_calculate_time	6129.012695
Allen_Cahn_nonlinear_time	6303.862305
Cahn_Hilliard_nonlinear_time	0.012000
trans_time	53.118427
trans_Memcpy_time	27.572714
trans_MPI_time	16.861441
trans_pack_time	0.562219
trans_enlarge_time	0.793253
trans_mu_time	0.508622
trans_unpack_time	6.362319
updateU_new_time	5.231969
runtime	6.547837
--------------------------------------------------!
***************dt=2.000000***************
***************flag=0***************
--------------------------------------------------!
time		0.000000
wall time	419.227808
*******************************
dgemm_time	181.034576
conv_transfer_time	0.000000
conv_calculate_time	6122.031250
elastic_calculate_time	6122.072754
Allen_Cahn_nonlinear_time	6299.799316
Cahn_Hilliard_nonlinear_time	0.011840
trans_time	53.146389
trans_Memcpy_time	27.531954
trans_MPI_time	16.947542
trans_pack_time	0.561741
trans_enlarge_time	0.786855
trans_mu_time	0.503022
trans_unpack_time	6.359128
updateU_new_time	5.231336
runtime	6.544107
--------------------------------------------------!
***************dt=2.000000***************
***************flag=0***************
--------------------------------------------------!
time		0.000000
wall time	425.775695
*******************************
dgemm_time	181.018967
conv_transfer_time	0.000000
conv_calculate_time	6120.336426
elastic_calculate_time	6120.377441
Allen_Cahn_nonlinear_time	6300.707031
Cahn_Hilliard_nonlinear_time	0.012000
trans_time	52.987885
trans_Memcpy_time	27.547031
trans_MPI_time	16.772690
trans_pack_time	0.560461
trans_enlarge_time	0.806055
trans_mu_time	0.498864
trans_unpack_time	6.353056
updateU_new_time	5.231023
runtime	6.544566
--------------------------------------------------!
***************dt=2.000000***************
***************flag=0***************
--------------------------------------------------!
time		0.000000
wall time	432.319852
*******************************
dgemm_time	181.082718
conv_transfer_time	0.000000
conv_calculate_time	6121.974609
elastic_calculate_time	6122.015137
Allen_Cahn_nonlinear_time	6303.068848
Cahn_Hilliard_nonlinear_time	0.011520
trans_time	52.871048
trans_Memcpy_time	27.515707
trans_MPI_time	16.688074
trans_pack_time	0.561261
trans_enlarge_time	0.802535
trans_mu_time	0.505267
trans_unpack_time	6.347945
updateU_new_time	5.235029
runtime	6.546490
--------------------------------------------------!
***************dt=2.000000***************
***************flag=0***************
--------------------------------------------------!
time		0.000000
wall time	438.864467
*******************************
dgemm_time	181.071579
conv_transfer_time	0.000000
conv_calculate_time	6120.674316
elastic_calculate_time	6120.716797
Allen_Cahn_nonlinear_time	6302.306641
Cahn_Hilliard_nonlinear_time	0.012320
trans_time	52.911484
trans_Memcpy_time	27.471106
trans_MPI_time	16.702974
trans_pack_time	0.561582
trans_enlarge_time	0.808936
trans_mu_time	0.507186
trans_unpack_time	6.368432
updateU_new_time	5.249435
runtime	6.546372
--------------------------------------------------!
***************dt=2.000000***************
***************flag=0***************
--------------------------------------------------!
time		0.000000
wall time	445.411006
*******************************
dgemm_time	181.040741
conv_transfer_time	0.000000
conv_calculate_time	6119.812500
elastic_calculate_time	6119.854492
Allen_Cahn_nonlinear_time	6299.799805
Cahn_Hilliard_nonlinear_time	0.012000
trans_time	53.079964
trans_Memcpy_time	27.549694
trans_MPI_time	16.847309
trans_pack_time	0.572783
trans_enlarge_time	0.785258
trans_mu_time	0.507348
trans_unpack_time	6.368920
updateU_new_time	5.231842
runtime	6.543717
--------------------------------------------------!
***************dt=2.000000***************
***************flag=0***************
--------------------------------------------------!
time		0.000000
wall time	451.957432
*******************************
dgemm_time	181.024475
conv_transfer_time	0.000000
conv_calculate_time	6123.620605
elastic_calculate_time	6123.661133
Allen_Cahn_nonlinear_time	6302.870117
Cahn_Hilliard_nonlinear_time	0.011840
trans_time	52.981136
trans_Memcpy_time	27.659323
trans_MPI_time	16.641897
trans_pack_time	0.560143
trans_enlarge_time	0.793740
trans_mu_time	0.505108
trans_unpack_time	6.371487
updateU_new_time	5.233448
runtime	6.547060
--------------------------------------------------!
***************dt=2.000000***************
***************flag=0***************
--------------------------------------------------!
time		0.000000
wall time	458.501199
*******************************
dgemm_time	181.053482
conv_transfer_time	0.000000
conv_calculate_time	6121.731445
elastic_calculate_time	6121.772461
Allen_Cahn_nonlinear_time	6301.950684
Cahn_Hilliard_nonlinear_time	0.012000
trans_time	52.842793
trans_Memcpy_time	27.546558
trans_MPI_time	16.633436
trans_pack_time	0.562545
trans_enlarge_time	0.782861
trans_mu_time	0.510228
trans_unpack_time	6.351495
updateU_new_time	5.232974
runtime	6.545615
--------------------------------------------------!
***************dt=2.000000***************
***************flag=0***************
--------------------------------------------------!
time		0.000000
wall time	465.048313
*******************************
dgemm_time	181.071762
conv_transfer_time	0.000000
conv_calculate_time	6130.042969
elastic_calculate_time	6130.085938
Allen_Cahn_nonlinear_time	6305.851074
Cahn_Hilliard_nonlinear_time	0.011680
trans_time	53.757126
trans_Memcpy_time	27.569309
trans_MPI_time	17.511669
trans_pack_time	0.559825
trans_enlarge_time	0.809261
trans_mu_time	0.503988
trans_unpack_time	6.352782
updateU_new_time	5.231219
runtime	6.549812
--------------------------------------------------!
***************dt=2.000000***************
***************flag=0***************
--------------------------------------------------!
time		0.000000
wall time	471.593979
*******************************
dgemm_time	181.054031
conv_transfer_time	0.000000
conv_calculate_time	6120.413574
elastic_calculate_time	6120.454102
Allen_Cahn_nonlinear_time	6299.639160
Cahn_Hilliard_nonlinear_time	0.011520
trans_time	53.000183
trans_Memcpy_time	27.551100
trans_MPI_time	16.726431
trans_pack_time	0.561905
trans_enlarge_time	0.780782
trans_mu_time	0.510388
trans_unpack_time	6.363989
updateU_new_time	5.237465
runtime	6.543455
--------------------------------------------------!
***************dt=2.000000***************
***************flag=0***************
--------------------------------------------------!
time		0.000000
wall time	478.143839
*******************************
dgemm_time	181.023499
conv_transfer_time	0.000000
conv_calculate_time	6122.499023
elastic_calculate_time	6122.539551
Allen_Cahn_nonlinear_time	6301.441406
Cahn_Hilliard_nonlinear_time	0.011840
trans_time	53.046146
trans_Memcpy_time	27.554810
trans_MPI_time	16.822124
trans_pack_time	0.584945
trans_enlarge_time	0.772142
trans_mu_time	0.503828
trans_unpack_time	6.357436
updateU_new_time	5.232190
runtime	6.545588
--------------------------------------------------!
***************dt=2.000000***************
***************flag=0***************
--------------------------------------------------!
time		0.000000
wall time	484.687344
*******************************
dgemm_time	181.071518
conv_transfer_time	0.000000
conv_calculate_time	6123.005371
elastic_calculate_time	6123.049805
Allen_Cahn_nonlinear_time	6303.259277
Cahn_Hilliard_nonlinear_time	0.011520
trans_time	53.127441
trans_Memcpy_time	27.575478
trans_MPI_time	16.882141
trans_pack_time	0.556787
trans_enlarge_time	0.780302
trans_mu_time	0.504308
trans_unpack_time	6.381602
updateU_new_time	5.233635
runtime	6.546067
--------------------------------------------------!
***************dt=2.000000***************
***************flag=0***************
--------------------------------------------------!
time		0.000000
wall time	491.232981
*******************************
dgemm_time	181.069138
conv_transfer_time	0.000000
conv_calculate_time	6120.014648
elastic_calculate_time	6120.054688
Allen_Cahn_nonlinear_time	6300.114258
Cahn_Hilliard_nonlinear_time	0.012160
trans_time	52.809753
trans_Memcpy_time	27.511505
trans_MPI_time	16.632883
trans_pack_time	0.569107
trans_enlarge_time	0.789423
trans_mu_time	0.512628
trans_unpack_time	6.342729
updateU_new_time	5.235720
runtime	6.543604
--------------------------------------------------!
***************dt=2.000000***************
***************flag=0***************
--------------------------------------------------!
time		0.000000
wall time	497.779098
*******************************
dgemm_time	181.082428
conv_transfer_time	0.000000
conv_calculate_time	6121.879883
elastic_calculate_time	6121.919922
Allen_Cahn_nonlinear_time	6300.768555
Cahn_Hilliard_nonlinear_time	0.011840
trans_time	52.857594
trans_Memcpy_time	27.548491
trans_MPI_time	16.637859
trans_pack_time	0.555188
trans_enlarge_time	0.801104
trans_mu_time	0.504312
trans_unpack_time	6.362255
updateU_new_time	5.231406
runtime	6.544819
--------------------------------------------------!
***************dt=2.000000***************
***************flag=0***************
--------------------------------------------------!
time		0.000000
wall time	504.322751
*******************************
dgemm_time	181.045959
conv_transfer_time	0.000000
conv_calculate_time	6121.341797
elastic_calculate_time	6121.381836
Allen_Cahn_nonlinear_time	6302.619629
Cahn_Hilliard_nonlinear_time	0.011840
trans_time	52.862583
trans_Memcpy_time	27.488998
trans_MPI_time	16.726994
trans_pack_time	0.560149
trans_enlarge_time	0.782226
trans_mu_time	0.500794
trans_unpack_time	6.354581
updateU_new_time	5.239570
runtime	6.546465
--------------------------------------------------!
***************dt=2.000000***************
***************flag=0***************
--------------------------------------------------!
time		0.000000
wall time	510.867626
*******************************
dgemm_time	181.039246
conv_transfer_time	0.000000
conv_calculate_time	6123.602539
elastic_calculate_time	6123.640625
Allen_Cahn_nonlinear_time	6302.510742
Cahn_Hilliard_nonlinear_time	0.011680
trans_time	53.229725
trans_Memcpy_time	27.586464
trans_MPI_time	16.940926
trans_pack_time	0.589589
trans_enlarge_time	0.787027
trans_mu_time	0.503834
trans_unpack_time	6.369307
updateU_new_time	5.230615
runtime	6.546240
--------------------------------------------------!
***************dt=2.000000***************
***************flag=0***************
--------------------------------------------------!
time		0.000000
wall time	517.414141
*******************************
dgemm_time	181.019714
conv_transfer_time	0.000000
conv_calculate_time	6119.697754
elastic_calculate_time	6119.737793
Allen_Cahn_nonlinear_time	6300.853027
Cahn_Hilliard_nonlinear_time	0.012000
trans_time	53.018417
trans_Memcpy_time	27.568247
trans_MPI_time	16.762865
trans_pack_time	0.558070
trans_enlarge_time	0.795347
trans_mu_time	0.500634
trans_unpack_time	6.382592
updateU_new_time	5.231260
runtime	6.544371
--------------------------------------------------!
***************dt=2.000000***************
***************flag=0***************
--------------------------------------------------!
time		0.000000
wall time	523.960432
*******************************
dgemm_time	181.033157
conv_transfer_time	0.000000
conv_calculate_time	6120.216797
elastic_calculate_time	6120.284180
Allen_Cahn_nonlinear_time	6300.631836
Cahn_Hilliard_nonlinear_time	0.012160
trans_time	52.887997
trans_Memcpy_time	27.659313
trans_MPI_time	16.564163
trans_pack_time	0.564950
trans_enlarge_time	0.793268
trans_mu_time	0.501274
trans_unpack_time	6.353158
updateU_new_time	5.229024
runtime	6.544609
--------------------------------------------------!
***************dt=2.000000***************
***************flag=0***************
--------------------------------------------------!
time		0.000000
wall time	530.504850
*******************************
dgemm_time	181.046753
conv_transfer_time	0.000000
conv_calculate_time	6119.770508
elastic_calculate_time	6119.809082
Allen_Cahn_nonlinear_time	6298.875488
Cahn_Hilliard_nonlinear_time	0.012000
trans_time	52.928452
trans_Memcpy_time	27.351179
trans_MPI_time	16.858570
trans_pack_time	0.555031
trans_enlarge_time	0.786068
trans_mu_time	0.515354
trans_unpack_time	6.346604
updateU_new_time	5.230789
runtime	6.547528
--------------------------------------------------!
***************dt=2.000000***************
***************flag=0***************
--------------------------------------------------!
time		0.000000
wall time	537.049509
*******************************
dgemm_time	181.049606
conv_transfer_time	0.000000
conv_calculate_time	6124.268555
elastic_calculate_time	6124.308105
Allen_Cahn_nonlinear_time	6305.008789
Cahn_Hilliard_nonlinear_time	0.011520
trans_time	53.900429
trans_Memcpy_time	27.326723
trans_MPI_time	17.911367
trans_pack_time	0.564311
trans_enlarge_time	0.793428
trans_mu_time	0.508474
trans_unpack_time	6.348049
updateU_new_time	5.243913
runtime	6.549150
--------------------------------------------------!
***************dt=2.000000***************
***************flag=0***************
--------------------------------------------------!
time		0.000000
wall time	543.597090
*******************************
dgemm_time	181.017761
conv_transfer_time	0.000000
conv_calculate_time	6119.851562
elastic_calculate_time	6119.890137
Allen_Cahn_nonlinear_time	6300.295898
Cahn_Hilliard_nonlinear_time	0.011680
trans_time	52.910599
trans_Memcpy_time	27.386425
trans_MPI_time	16.826599
trans_pack_time	0.575671
trans_enlarge_time	0.800308
trans_mu_time	0.502074
trans_unpack_time	6.371574
updateU_new_time	5.231117
runtime	6.544610
--------------------------------------------------!
***************dt=2.000000***************
***************flag=0***************
--------------------------------------------------!
time		0.000000
wall time	550.146293
*******************************
dgemm_time	181.103485
conv_transfer_time	0.000000
conv_calculate_time	6123.269531
elastic_calculate_time	6123.309082
Allen_Cahn_nonlinear_time	6305.341797
Cahn_Hilliard_nonlinear_time	0.011840
trans_time	53.071037
trans_Memcpy_time	27.367886
trans_MPI_time	17.007410
trans_pack_time	0.563832
trans_enlarge_time	0.794548
trans_mu_time	0.513754
trans_unpack_time	6.375099
updateU_new_time	5.230641
runtime	6.549495
--------------------------------------------------!
***************dt=2.000000***************
***************flag=0***************
--------------------------------------------------!
time		0.000000
wall time	556.690952
*******************************
dgemm_time	181.093063
conv_transfer_time	0.000000
conv_calculate_time	6123.360840
elastic_calculate_time	6123.401367
Allen_Cahn_nonlinear_time	6304.906738
Cahn_Hilliard_nonlinear_time	0.011840
trans_time	52.832500
trans_Memcpy_time	27.365185
trans_MPI_time	16.799908
trans_pack_time	0.558072
trans_enlarge_time	0.795191
trans_mu_time	0.499194
trans_unpack_time	6.363904
updateU_new_time	5.232725
runtime	6.548786
--------------------------------------------------!
***************dt=2.000000***************
***************flag=0***************
--------------------------------------------------!
time		0.000000
wall time	563.240496
*******************************
dgemm_time	181.019836
conv_transfer_time	0.000000
conv_calculate_time	6122.468262
elastic_calculate_time	6122.506348
Allen_Cahn_nonlinear_time	6303.549805
Cahn_Hilliard_nonlinear_time	0.011680
trans_time	52.933819
trans_Memcpy_time	27.361689
trans_MPI_time	16.900398
trans_pack_time	0.560473
trans_enlarge_time	0.790072
trans_mu_time	0.513274
trans_unpack_time	6.358309
updateU_new_time	5.232068
runtime	6.544647
--------------------------------------------------!
***************dt=2.000000***************
***************flag=0***************
--------------------------------------------------!
time		0.000000
wall time	569.789334
*******************************
dgemm_time	180.978333
conv_transfer_time	0.000000
conv_calculate_time	6127.212402
elastic_calculate_time	6127.250000
Allen_Cahn_nonlinear_time	6308.061035
Cahn_Hilliard_nonlinear_time	0.011840
trans_time	52.984974
trans_Memcpy_time	27.405756
trans_MPI_time	16.889782
trans_pack_time	0.567031
trans_enlarge_time	0.806548
trans_mu_time	0.505914
trans_unpack_time	6.357008
updateU_new_time	5.243883
runtime	6.548097
--------------------------------------------------!
***************dt=2.000000***************
***************flag=0***************
--------------------------------------------------!
time		0.000000
wall time	576.334029
*******************************
dgemm_time	181.004517
conv_transfer_time	0.000000
conv_calculate_time	6124.034180
elastic_calculate_time	6124.073730
Allen_Cahn_nonlinear_time	6304.858887
Cahn_Hilliard_nonlinear_time	0.012000
trans_time	53.001350
trans_Memcpy_time	27.325146
trans_MPI_time	16.987139
trans_pack_time	0.557908
trans_enlarge_time	0.790065
trans_mu_time	0.503033
trans_unpack_time	6.389616
updateU_new_time	5.231058
runtime	6.545034
--------------------------------------------------!
***************dt=2.000000***************
***************flag=0***************
--------------------------------------------------!
time		0.000000
wall time	582.882176
*******************************
dgemm_time	181.046234
conv_transfer_time	0.000000
conv_calculate_time	6121.403320
elastic_calculate_time	6121.455566
Allen_Cahn_nonlinear_time	6303.758789
Cahn_Hilliard_nonlinear_time	0.011840
trans_time	53.215164
trans_Memcpy_time	27.377815
trans_MPI_time	17.136173
trans_pack_time	0.561265
trans_enlarge_time	0.799661
trans_mu_time	0.508628
trans_unpack_time	6.384146
updateU_new_time	5.233754
runtime	6.544750
--------------------------------------------------!
***************dt=2.000000***************
***************flag=0***************
--------------------------------------------------!
time		0.000000
wall time	589.427257
*******************************
dgemm_time	181.078064
conv_transfer_time	0.000000
conv_calculate_time	6121.604980
elastic_calculate_time	6121.643555
Allen_Cahn_nonlinear_time	6301.730469
Cahn_Hilliard_nonlinear_time	0.012000
trans_time	53.028824
trans_Memcpy_time	27.342489
trans_MPI_time	16.951460
trans_pack_time	0.559823
trans_enlarge_time	0.800775
trans_mu_time	0.502068
trans_unpack_time	6.358678
updateU_new_time	5.231010
runtime	6.541975
--------------------------------------------------!
***************dt=2.000000***************
***************flag=0***************
--------------------------------------------------!
time		0.000000
wall time	595.972058
*******************************
dgemm_time	181.043274
conv_transfer_time	0.000000
conv_calculate_time	6128.077148
elastic_calculate_time	6128.118164
Allen_Cahn_nonlinear_time	6305.804199
Cahn_Hilliard_nonlinear_time	0.011840
trans_time	52.856010
trans_Memcpy_time	27.383484
trans_MPI_time	16.797310
trans_pack_time	0.563501
trans_enlarge_time	0.802535
trans_mu_time	0.499342
trans_unpack_time	6.351129
updateU_new_time	5.231813
runtime	6.549882
--------------------------------------------------!
***************dt=2.000000***************
***************flag=0***************
--------------------------------------------------!
time		0.000000
wall time	602.514083
*******************************
dgemm_time	181.026306
conv_transfer_time	0.000000
conv_calculate_time	6124.204102
elastic_calculate_time	6124.243164
Allen_Cahn_nonlinear_time	6304.336914
Cahn_Hilliard_nonlinear_time	0.012160
trans_time	52.933353
trans_Memcpy_time	27.355503
trans_MPI_time	16.904835
trans_pack_time	0.557421
trans_enlarge_time	0.805415
trans_mu_time	0.512462
trans_unpack_time	6.345853
updateU_new_time	5.238537
runtime	6.548971
--------------------------------------------------!
***************dt=2.000000***************
***************flag=0***************
--------------------------------------------------!
time		0.000000
wall time	609.064014
*******************************
dgemm_time	181.071594
conv_transfer_time	0.000000
conv_calculate_time	6122.882324
elastic_calculate_time	6122.919922
Allen_Cahn_nonlinear_time	6303.250000
Cahn_Hilliard_nonlinear_time	0.011520
trans_time	53.035877
trans_Memcpy_time	27.340803
trans_MPI_time	17.018766
trans_pack_time	0.560781
trans_enlarge_time	0.785895
trans_mu_time	0.505267
trans_unpack_time	6.371618
updateU_new_time	5.228622
runtime	6.546613
--------------------------------------------------!
***************dt=2.000000***************
***************flag=0***************
--------------------------------------------------!
time		0.000000
wall time	615.613039
*******************************
dgemm_time	180.997665
conv_transfer_time	0.000000
conv_calculate_time	6124.113770
elastic_calculate_time	6124.152832
Allen_Cahn_nonlinear_time	6303.902832
Cahn_Hilliard_nonlinear_time	0.012000
trans_time	53.053135
trans_Memcpy_time	27.331390
trans_MPI_time	17.032700
trans_pack_time	0.560621
trans_enlarge_time	0.792295
trans_mu_time	0.504627
trans_unpack_time	6.375623
updateU_new_time	5.229266
runtime	6.547954
--------------------------------------------------!
***************dt=2.000000***************
***************flag=0***************
--------------------------------------------------!
time		0.000000
wall time	622.159700
*******************************
dgemm_time	181.019577
conv_transfer_time	0.000000
conv_calculate_time	6121.066895
elastic_calculate_time	6121.106934
Allen_Cahn_nonlinear_time	6304.833496
Cahn_Hilliard_nonlinear_time	0.011680
trans_time	52.990662
trans_Memcpy_time	27.311893
trans_MPI_time	17.006794
trans_pack_time	0.562862
trans_enlarge_time	0.797576
trans_mu_time	0.510226
trans_unpack_time	6.350669
updateU_new_time	5.230231
runtime	6.548598
--------------------------------------------------!
***************dt=2.000000***************
***************flag=0***************
--------------------------------------------------!
time		0.000000
wall time	628.707704
*******************************
dgemm_time	181.020203
conv_transfer_time	0.000000
conv_calculate_time	6122.540527
elastic_calculate_time	6122.581055
Allen_Cahn_nonlinear_time	6303.288574
Cahn_Hilliard_nonlinear_time	0.011840
trans_time	53.064953
trans_Memcpy_time	27.350794
trans_MPI_time	17.036409
trans_pack_time	0.559823
trans_enlarge_time	0.813575
trans_mu_time	0.501428
trans_unpack_time	6.350035
updateU_new_time	5.230395
runtime	6.547087
--------------------------------------------------!
***************dt=2.000000***************
***************flag=0***************
--------------------------------------------------!
time		0.000000
wall time	635.256367
*******************************
dgemm_time	181.047058
conv_transfer_time	0.000000
conv_calculate_time	6119.431641
elastic_calculate_time	6119.470703
Allen_Cahn_nonlinear_time	6299.249023
Cahn_Hilliard_nonlinear_time	0.011840
trans_time	52.897873
trans_Memcpy_time	27.359617
trans_MPI_time	16.880589
trans_pack_time	0.558383
trans_enlarge_time	0.784777
trans_mu_time	0.506708
trans_unpack_time	6.355320
updateU_new_time	5.233119
runtime	6.543150
--------------------------------------------------!
***************dt=2.000000***************
***************flag=0***************
--------------------------------------------------!
time		0.000000
wall time	641.803502
*******************************
dgemm_time	181.027222
conv_transfer_time	0.000000
conv_calculate_time	6122.120605
elastic_calculate_time	6122.160156
Allen_Cahn_nonlinear_time	6301.334961
Cahn_Hilliard_nonlinear_time	0.011520
trans_time	52.969131
trans_Memcpy_time	27.410515
trans_MPI_time	16.866522
trans_pack_time	0.560783
trans_enlarge_time	0.804137
trans_mu_time	0.501588
trans_unpack_time	6.371964
updateU_new_time	5.231683
runtime	6.545330
--------------------------------------------------!
***************dt=2.000000***************
***************flag=0***************
--------------------------------------------------!
time		0.000000
wall time	648.346700
*******************************
dgemm_time	181.025284
conv_transfer_time	0.000000
conv_calculate_time	6121.334473
elastic_calculate_time	6121.375000
Allen_Cahn_nonlinear_time	6302.016602
Cahn_Hilliard_nonlinear_time	0.012320
trans_time	52.919456
trans_Memcpy_time	27.366381
trans_MPI_time	16.857256
trans_pack_time	0.558704
trans_enlarge_time	0.810218
trans_mu_time	0.506708
trans_unpack_time	6.370849
updateU_new_time	5.231368
runtime	6.546130
--------------------------------------------------!
***************dt=2.000000***************
***************flag=0***************
--------------------------------------------------!
time		0.000000
wall time	654.892084
