running   on	128   processors
restart		0
nx,ny,nz	260	260	132
px,py,pz	4	4	8
nghost		2
output   dir	./output/output2/
data   dir	./data/
dt,t_total	2.000000,200.100000
ELASTIC		1
ANISOTROPIC		1
nac,nch		6,2
xmin,ymin,zmin	0.000000	0.000000	0.000000
xmax,ymax,zmax	1024.000000	1024.000000	1024.000000
checkpoint_,nchk,chk	1,1000,0
nout		10000
Approx		32
detect_iter		100000
Reading input.txt file:
myrank = 49 P = 0 Q = 1
myrank = 47 P = 1 Q = 1
myrank = 48 P = 3 Q = 2
myrank = 22 P = 5 Q = 3
myrank = 59 P = 0 Q = 1
myrank = 27 P = 2 Q = 1
myrank = 15 P = 3 Q = 4
myrank = 50 P = 2 Q = 5
myrank = 58 P = 3 Q = 5
myrank = 51 P = 5 Q = 0
myrank = 12 P = 3 Q = 3
myrank = 46 P = 3 Q = 3
myrank = 13 P = 0 Q = 5
myrank = 10 P = 1 Q = 0
myrank = 56 P = 2 Q = 4
myrank = 45 P = 2 Q = 1
myrank = 11 P = 1 Q = 5
myrank = 17 P = 3 Q = 0
myrank = 24 P = 1 Q = 0
myrank = 107 P = 5 Q = 3
myrank = 63 P = 2 Q = 5
myrank = 91 P = 2 Q = 3
myrank = 62 P = 4 Q = 1
myrank = 20 P = 0 Q = 4
myrank = 8 P = 0 Q = 5
myrank = 14 P = 5 Q = 3
myrank = 26 P = 3 Q = 0
myrank = 65 P = 1 Q = 2
myrank = 23 P = 3 Q = 2
myrank = 60 P = 5 Q = 5
myrank = 88 P = 4 Q = 0
myrank = 100 P = 0 Q = 3
myrank = 35 P = 3 Q = 1
myrank = 9 P = 5 Q = 3
myrank = 61 P = 2 Q = 4
myrank = 64 P = 0 Q = 1
myrank = 25 P = 3 Q = 4
myrank = 57 P = 1 Q = 1
myrank = 101 P = 5 Q = 1
myrank = 3 P = 1 Q = 5
myrank = 103 P = 4 Q = 0
myrank = 21 P = 1 Q = 0
myrank = 105 P = 0 Q = 3
myrank = 83 P = 2 Q = 0
myrank = 94 P = 2 Q = 5
myrank = 89 P = 5 Q = 2
myrank = 95 P = 3 Q = 3
myrank = 66 P = 2 Q = 1
myrank = 1 P = 4 Q = 2
myrank = 34 P = 1 Q = 3
myrank = 104 P = 1 Q = 5
myrank = 16 P = 1 Q = 2
myrank = 55 P = 2 Q = 5
myrank = 44 P = 1 Q = 4
myrank = 33 P = 1 Q = 4
myrank = 92 P = 0 Q = 5
myrank = 7 P = 3 Q = 0
myrank = 43 P = 3 Q = 2
myrank = 85 P = 1 Q = 3
myrank = 31 P = 3 Q = 3
myrank = 119 P = 4 Q = 0
myrank = 106 P = 5 Q = 4
myrank = 41 P = 0 Q = 3
myrank = 42 P = 2 Q = 1
myrank = 93 P = 4 Q = 0
myrank = 39 P = 4 Q = 0
myrank = 30 P = 3 Q = 1
myrank = 32 P = 5 Q = 1
myrank = 54 P = 3 Q = 1
myrank = 90 P = 4 Q = 3
myrank = 87 P = 3 Q = 5
myrank = 29 P = 4 Q = 0
myrank = 67 P = 1 Q = 5
myrank = 102 P = 2 Q = 0
myrank = 81 P = 1 Q = 4
myrank = 6 P = 4 Q = 2
myrank = 18 P = 0 Q = 5
myrank = 0 P = 1 Q = 3
myrank = 19 P = 5 Q = 0
myrank = 77 P = 3 Q = 5
myrank = 115 P = 3 Q = 0
myrank = 110 P = 0 Q = 0
myrank = 36 P = 3 Q = 3
myrank = 76 P = 5 Q = 1
myrank = 80 P = 1 Q = 5
myrank = 5 P = 1 Q = 3
myrank = 84 P = 2 Q = 5
myrank = 53 P = 0 Q = 2
myrank = 68 P = 2 Q = 2
myrank = 112 P = 2 Q = 0
myrank = 28 P = 1 Q = 4
myrank = 86 P = 2 Q = 3
myrank = 82 P = 3 Q = 2
myrank = 118 P = 3 Q = 4
myrank = 123 P = 0 Q = 1
myrank = 117 P = 5 Q = 0
myrank = 111 P = 4 Q = 1
myrank = 79 P = 2 Q = 2
myrank = 71 P = 2 Q = 4
myrank = 109 P = 1 Q = 5
myrank = 116 P = 1 Q = 4
myrank = 2 P = 3 Q = 0
myrank = 69 P = 3 Q = 1
myrank = 121 P = 4 Q = 1
myrank = 120 P = 2 Q = 3
myrank = 40 P = 2 Q = 4
myrank = 78 P = 2 Q = 3
myrank = 37 P = 5 Q = 1
myrank = 114 P = 1 Q = 3
myrank = 122 P = 1 Q = 0
myrank = 113 P = 3 Q = 1
myrank = 70 P = 4 Q = 5
myrank = 108 P = 1 Q = 0
myrank = 52 P = 4 Q = 4
myrank = 4 P = 5 Q = 3
myrank = 38 P = 0 Q = 5
myrank = 72 P = 3 Q = 2
myrank = 126 P = 4 Q = 4
myrank = 124 P = 3 Q = 3
myrank = 74 P = 2 Q = 1
myrank = 75 P = 1 Q = 5
myrank = 73 P = 5 Q = 3
myrank = 99 P = 4 Q = 2
myrank = 127 P = 1 Q = 0
myrank = 98 P = 1 Q = 3
myrank = 96 P = 2 Q = 1
myrank = 97 P = 5 Q = 5
myrank = 125 P = 2 Q = 1
*******************************
dgemm_time	81.193604
conv_transfer_time	0.000000
conv_calculate_time	6476.042969
elastic_calculate_time	6476.098145
Allen_Cahn_nonlinear_time	6575.332031
Cahn_Hilliard_nonlinear_time	0.011994
trans_time	487.187317
trans_Memcpy_time	36.435780
trans_MPI_time	444.489838
trans_pack_time	0.463935
trans_enlarge_time	0.941305
trans_mu_time	0.466815
trans_unpack_time	3.725714
updateU_new_time	2.758183
runtime	7.148413
--------------------------------------------------!
***************dt=2.000000***************
***************flag=0***************
--------------------------------------------------!
time		0.000000
wall time	2.151014
*******************************
dgemm_time	79.953568
conv_transfer_time	0.000000
conv_calculate_time	3175.162354
elastic_calculate_time	3175.200928
Allen_Cahn_nonlinear_time	3273.183838
Cahn_Hilliard_nonlinear_time	0.011675
trans_time	40.137516
trans_Memcpy_time	19.394920
trans_MPI_time	15.146898
trans_pack_time	0.377097
trans_enlarge_time	0.680791
trans_mu_time	0.443147
trans_unpack_time	3.633279
updateU_new_time	2.706368
runtime	3.398349
--------------------------------------------------!
***************dt=2.000000***************
***************flag=0***************
--------------------------------------------------!
time		0.000000
wall time	9.313565
*******************************
dgemm_time	79.976601
conv_transfer_time	0.000000
conv_calculate_time	3176.942383
elastic_calculate_time	3176.983154
Allen_Cahn_nonlinear_time	3272.406982
Cahn_Hilliard_nonlinear_time	0.011994
trans_time	39.674240
trans_Memcpy_time	19.258667
trans_MPI_time	14.857918
trans_pack_time	0.378057
trans_enlarge_time	0.687348
trans_mu_time	0.446825
trans_unpack_time	3.585142
updateU_new_time	2.706848
runtime	3.396369
--------------------------------------------------!
***************dt=2.000000***************
***************flag=0***************
--------------------------------------------------!
time		0.000000
wall time	12.726026
*******************************
dgemm_time	79.954681
conv_transfer_time	0.000000
conv_calculate_time	3172.062256
elastic_calculate_time	3172.101074
Allen_Cahn_nonlinear_time	3274.389160
Cahn_Hilliard_nonlinear_time	0.011995
trans_time	39.431419
trans_Memcpy_time	19.336708
trans_MPI_time	14.510728
trans_pack_time	0.375818
trans_enlarge_time	0.668319
trans_mu_time	0.440587
trans_unpack_time	3.573148
updateU_new_time	2.709087
runtime	3.398100
--------------------------------------------------!
***************dt=2.000000***************
***************flag=0***************
--------------------------------------------------!
time		0.000000
wall time	16.136569
*******************************
dgemm_time	79.978729
conv_transfer_time	0.000000
conv_calculate_time	3173.561035
elastic_calculate_time	3173.598877
Allen_Cahn_nonlinear_time	3269.485840
Cahn_Hilliard_nonlinear_time	0.012314
trans_time	39.842930
trans_Memcpy_time	19.311602
trans_MPI_time	14.977381
trans_pack_time	0.379816
trans_enlarge_time	0.691507
trans_mu_time	0.448263
trans_unpack_time	3.581784
updateU_new_time	2.708631
runtime	3.394028
--------------------------------------------------!
***************dt=2.000000***************
***************flag=0***************
--------------------------------------------------!
time		0.000000
wall time	19.548879
*******************************
dgemm_time	79.958061
conv_transfer_time	0.000000
conv_calculate_time	3174.407959
elastic_calculate_time	3174.446533
Allen_Cahn_nonlinear_time	3270.357910
Cahn_Hilliard_nonlinear_time	0.011995
trans_time	39.791374
trans_Memcpy_time	19.324902
trans_MPI_time	14.933227
trans_pack_time	0.374862
trans_enlarge_time	0.679359
trans_mu_time	0.448269
trans_unpack_time	3.576063
updateU_new_time	2.709096
runtime	3.395744
--------------------------------------------------!
***************dt=2.000000***************
***************flag=0***************
--------------------------------------------------!
time		0.000000
wall time	22.957020
*******************************
dgemm_time	79.950470
conv_transfer_time	0.000000
conv_calculate_time	3177.446289
elastic_calculate_time	3177.483887
Allen_Cahn_nonlinear_time	3273.221436
Cahn_Hilliard_nonlinear_time	0.011835
trans_time	39.728737
trans_Memcpy_time	19.379509
trans_MPI_time	14.791844
trans_pack_time	0.377281
trans_enlarge_time	0.692349
trans_mu_time	0.449091
trans_unpack_time	3.578652
updateU_new_time	2.710492
runtime	3.398750
--------------------------------------------------!
***************dt=2.000000***************
***************flag=0***************
--------------------------------------------------!
time		0.000000
wall time	26.366956
*******************************
dgemm_time	79.973930
conv_transfer_time	0.000000
conv_calculate_time	3174.502686
elastic_calculate_time	3174.540527
Allen_Cahn_nonlinear_time	3270.655273
Cahn_Hilliard_nonlinear_time	0.011676
trans_time	39.569260
trans_Memcpy_time	19.366585
trans_MPI_time	14.688038
trans_pack_time	0.374098
trans_enlarge_time	0.673183
trans_mu_time	0.437750
trans_unpack_time	3.569688
updateU_new_time	2.710747
runtime	3.395984
--------------------------------------------------!
***************dt=2.000000***************
***************flag=0***************
--------------------------------------------------!
time		0.000000
wall time	29.780242
*******************************
dgemm_time	79.952957
conv_transfer_time	0.000000
conv_calculate_time	3173.478516
elastic_calculate_time	3173.515869
Allen_Cahn_nonlinear_time	3272.284180
Cahn_Hilliard_nonlinear_time	0.012156
trans_time	39.654545
trans_Memcpy_time	19.236753
trans_MPI_time	14.878250
trans_pack_time	0.384668
trans_enlarge_time	0.682484
trans_mu_time	0.439849
trans_unpack_time	3.574613
updateU_new_time	2.708108
runtime	3.398255
--------------------------------------------------!
***************dt=2.000000***************
***************flag=0***************
--------------------------------------------------!
time		0.000000
wall time	33.190329
*******************************
dgemm_time	80.004395
conv_transfer_time	0.000000
conv_calculate_time	3171.387695
elastic_calculate_time	3171.427002
Allen_Cahn_nonlinear_time	3266.889404
Cahn_Hilliard_nonlinear_time	0.011837
trans_time	39.645988
trans_Memcpy_time	19.268192
trans_MPI_time	14.835505
trans_pack_time	0.374602
trans_enlarge_time	0.682345
trans_mu_time	0.448819
trans_unpack_time	3.574239
updateU_new_time	2.707697
runtime	3.391912
--------------------------------------------------!
***************dt=2.000000***************
***************flag=0***************
--------------------------------------------------!
time		0.000000
wall time	36.602666
*******************************
dgemm_time	79.992844
conv_transfer_time	0.000000
conv_calculate_time	3175.460693
elastic_calculate_time	3175.497803
Allen_Cahn_nonlinear_time	3271.036133
Cahn_Hilliard_nonlinear_time	0.011677
trans_time	39.645226
trans_Memcpy_time	19.238445
trans_MPI_time	14.834917
trans_pack_time	0.390768
trans_enlarge_time	0.691961
trans_mu_time	0.435716
trans_unpack_time	3.596402
updateU_new_time	2.707756
runtime	3.396207
--------------------------------------------------!
***************dt=2.000000***************
***************flag=0***************
--------------------------------------------------!
time		0.000000
wall time	40.008668
*******************************
dgemm_time	79.977234
conv_transfer_time	0.000000
conv_calculate_time	3175.068848
elastic_calculate_time	3175.110596
Allen_Cahn_nonlinear_time	3271.119385
Cahn_Hilliard_nonlinear_time	0.014237
trans_time	39.568851
trans_Memcpy_time	19.247978
trans_MPI_time	14.761497
trans_pack_time	0.375421
trans_enlarge_time	0.670861
trans_mu_time	0.447243
trans_unpack_time	3.605437
updateU_new_time	2.711165
runtime	3.396301
--------------------------------------------------!
***************dt=2.000000***************
***************flag=0***************
--------------------------------------------------!
time		0.000000
wall time	43.418978
*******************************
dgemm_time	79.994072
conv_transfer_time	0.000000
conv_calculate_time	3175.131836
elastic_calculate_time	3175.177246
Allen_Cahn_nonlinear_time	3271.030273
Cahn_Hilliard_nonlinear_time	0.014237
trans_time	39.590618
trans_Memcpy_time	19.707584
trans_MPI_time	14.201912
trans_pack_time	0.379906
trans_enlarge_time	0.691191
trans_mu_time	0.461647
trans_unpack_time	3.608544
updateU_new_time	2.711530
runtime	3.396074
--------------------------------------------------!
***************dt=2.000000***************
***************flag=0***************
--------------------------------------------------!
time		0.000000
wall time	46.829528
*******************************
dgemm_time	79.988358
conv_transfer_time	0.000000
conv_calculate_time	3175.307129
elastic_calculate_time	3175.353760
Allen_Cahn_nonlinear_time	3271.247070
Cahn_Hilliard_nonlinear_time	0.014717
trans_time	39.878681
trans_Memcpy_time	19.496756
trans_MPI_time	14.694673
trans_pack_time	0.380072
trans_enlarge_time	0.706078
trans_mu_time	0.460214
trans_unpack_time	3.595806
updateU_new_time	2.710930
runtime	3.396963
--------------------------------------------------!
***************dt=2.000000***************
***************flag=0***************
--------------------------------------------------!
time		0.000000
wall time	50.239722
*******************************
dgemm_time	80.012909
conv_transfer_time	0.000000
conv_calculate_time	3175.083740
elastic_calculate_time	3175.129395
Allen_Cahn_nonlinear_time	3271.059326
Cahn_Hilliard_nonlinear_time	0.014397
trans_time	39.877022
trans_Memcpy_time	19.489042
trans_MPI_time	14.708164
trans_pack_time	0.380558
trans_enlarge_time	0.695531
trans_mu_time	0.467259
trans_unpack_time	3.586420
updateU_new_time	2.714004
runtime	3.396124
--------------------------------------------------!
***************dt=2.000000***************
***************flag=0***************
--------------------------------------------------!
time		0.000000
wall time	53.650797
*******************************
dgemm_time	79.947769
conv_transfer_time	0.000000
conv_calculate_time	3175.693604
elastic_calculate_time	3175.741211
Allen_Cahn_nonlinear_time	3272.049805
Cahn_Hilliard_nonlinear_time	0.014557
trans_time	39.493385
trans_Memcpy_time	19.450899
trans_MPI_time	14.356745
trans_pack_time	0.402638
trans_enlarge_time	0.696498
trans_mu_time	0.462147
trans_unpack_time	3.583427
updateU_new_time	2.725074
runtime	3.396880
--------------------------------------------------!
***************dt=2.000000***************
***************flag=0***************
--------------------------------------------------!
time		0.000000
wall time	57.061041
*******************************
dgemm_time	80.002029
conv_transfer_time	0.000000
conv_calculate_time	3174.005127
elastic_calculate_time	3174.051025
Allen_Cahn_nonlinear_time	3269.767090
Cahn_Hilliard_nonlinear_time	0.016317
trans_time	40.047554
trans_Memcpy_time	19.554148
trans_MPI_time	14.826740
trans_pack_time	0.379128
trans_enlarge_time	0.696982
trans_mu_time	0.465987
trans_unpack_time	3.577870
updateU_new_time	2.721263
runtime	3.394786
--------------------------------------------------!
***************dt=2.000000***************
***************flag=0***************
--------------------------------------------------!
time		0.000000
wall time	60.472057
*******************************
dgemm_time	80.021667
conv_transfer_time	0.000000
conv_calculate_time	3173.445312
elastic_calculate_time	3173.490479
Allen_Cahn_nonlinear_time	3269.148438
Cahn_Hilliard_nonlinear_time	0.014397
trans_time	39.965916
trans_Memcpy_time	19.468288
trans_MPI_time	14.833612
trans_pack_time	0.394487
trans_enlarge_time	0.689792
trans_mu_time	0.461352
trans_unpack_time	3.569909
updateU_new_time	2.737606
runtime	3.394255
--------------------------------------------------!
***************dt=2.000000***************
***************flag=0***************
--------------------------------------------------!
time		0.000000
wall time	63.880950
*******************************
dgemm_time	79.990204
conv_transfer_time	0.000000
conv_calculate_time	3176.699951
elastic_calculate_time	3176.741699
Allen_Cahn_nonlinear_time	3272.779541
Cahn_Hilliard_nonlinear_time	0.012478
trans_time	39.811680
trans_Memcpy_time	19.466875
trans_MPI_time	14.640987
trans_pack_time	0.396251
trans_enlarge_time	0.692838
trans_mu_time	0.473995
trans_unpack_time	3.590419
updateU_new_time	2.711714
runtime	3.397834
--------------------------------------------------!
***************dt=2.000000***************
***************flag=0***************
--------------------------------------------------!
time		0.000000
wall time	67.289316
*******************************
dgemm_time	79.991470
conv_transfer_time	0.000000
conv_calculate_time	3174.056396
elastic_calculate_time	3174.111816
Allen_Cahn_nonlinear_time	3273.717773
Cahn_Hilliard_nonlinear_time	0.011838
trans_time	39.559711
trans_Memcpy_time	19.224199
trans_MPI_time	14.770533
trans_pack_time	0.377058
trans_enlarge_time	0.685165
trans_mu_time	0.439445
trans_unpack_time	3.600848
updateU_new_time	2.713655
runtime	3.398422
--------------------------------------------------!
***************dt=2.000000***************
***************flag=0***************
--------------------------------------------------!
time		0.000000
wall time	70.701333
*******************************
dgemm_time	79.992050
conv_transfer_time	0.000000
conv_calculate_time	3176.936035
elastic_calculate_time	3176.981934
Allen_Cahn_nonlinear_time	3272.823486
Cahn_Hilliard_nonlinear_time	0.014398
trans_time	39.974823
trans_Memcpy_time	19.282902
trans_MPI_time	15.066601
trans_pack_time	0.374182
trans_enlarge_time	0.681652
trans_mu_time	0.448570
trans_unpack_time	3.594317
updateU_new_time	2.713355
runtime	3.397696
--------------------------------------------------!
***************dt=2.000000***************
***************flag=0***************
--------------------------------------------------!
time		0.000000
wall time	74.113793
*******************************
dgemm_time	79.988419
conv_transfer_time	0.000000
conv_calculate_time	3175.224854
elastic_calculate_time	3175.270020
Allen_Cahn_nonlinear_time	3270.797363
Cahn_Hilliard_nonlinear_time	0.014398
trans_time	40.373356
trans_Memcpy_time	19.529406
trans_MPI_time	15.171016
trans_pack_time	0.385222
trans_enlarge_time	0.691097
trans_mu_time	0.463131
trans_unpack_time	3.579786
updateU_new_time	2.713853
runtime	3.396176
--------------------------------------------------!
***************dt=2.000000***************
***************flag=0***************
--------------------------------------------------!
time		0.000000
wall time	77.525592
*******************************
dgemm_time	80.015152
conv_transfer_time	0.000000
conv_calculate_time	3173.376953
elastic_calculate_time	3173.417969
Allen_Cahn_nonlinear_time	3269.057373
Cahn_Hilliard_nonlinear_time	0.011678
trans_time	39.873947
trans_Memcpy_time	19.465382
trans_MPI_time	14.727499
trans_pack_time	0.380105
trans_enlarge_time	0.717018
trans_mu_time	0.461211
trans_unpack_time	3.576130
updateU_new_time	2.708270
runtime	3.393786
--------------------------------------------------!
***************dt=2.000000***************
***************flag=0***************
--------------------------------------------------!
time		0.000000
wall time	80.935872
*******************************
dgemm_time	79.966171
conv_transfer_time	0.000000
conv_calculate_time	3173.031738
elastic_calculate_time	3173.068359
Allen_Cahn_nonlinear_time	3268.489502
Cahn_Hilliard_nonlinear_time	0.011678
trans_time	39.481457
trans_Memcpy_time	19.216253
trans_MPI_time	14.726308
trans_pack_time	0.380267
trans_enlarge_time	0.675587
trans_mu_time	0.448576
trans_unpack_time	3.575832
updateU_new_time	2.709725
runtime	3.393088
--------------------------------------------------!
***************dt=2.000000***************
***************flag=0***************
--------------------------------------------------!
time		0.000000
wall time	84.343745
*******************************
dgemm_time	79.977951
conv_transfer_time	0.000000
conv_calculate_time	3174.330322
elastic_calculate_time	3174.369873
Allen_Cahn_nonlinear_time	3270.113525
Cahn_Hilliard_nonlinear_time	0.011678
trans_time	39.793129
trans_Memcpy_time	19.265638
trans_MPI_time	14.970041
trans_pack_time	0.378511
trans_enlarge_time	0.680070
trans_mu_time	0.441543
trans_unpack_time	3.600169
updateU_new_time	2.708139
runtime	3.394842
--------------------------------------------------!
***************dt=2.000000***************
***************flag=0***************
--------------------------------------------------!
time		0.000000
wall time	87.750941
*******************************
dgemm_time	79.995941
conv_transfer_time	0.000000
conv_calculate_time	3174.861084
elastic_calculate_time	3174.899170
Allen_Cahn_nonlinear_time	3270.307129
Cahn_Hilliard_nonlinear_time	0.011839
trans_time	39.660381
trans_Memcpy_time	19.303816
trans_MPI_time	14.823259
trans_pack_time	0.379952
trans_enlarge_time	0.670636
trans_mu_time	0.444263
trans_unpack_time	3.584510
updateU_new_time	2.711992
runtime	3.394788
--------------------------------------------------!
***************dt=2.000000***************
***************flag=0***************
--------------------------------------------------!
time		0.000000
wall time	91.159915
*******************************
dgemm_time	79.991844
conv_transfer_time	0.000000
conv_calculate_time	3171.183594
elastic_calculate_time	3171.219971
Allen_Cahn_nonlinear_time	3266.505127
Cahn_Hilliard_nonlinear_time	0.011838
trans_time	39.967453
trans_Memcpy_time	19.248077
trans_MPI_time	15.176250
trans_pack_time	0.375955
trans_enlarge_time	0.687436
trans_mu_time	0.441706
trans_unpack_time	3.580208
updateU_new_time	2.709126
runtime	3.391465
--------------------------------------------------!
***************dt=2.000000***************
***************flag=0***************
--------------------------------------------------!
time		0.000000
wall time	94.568823
*******************************
dgemm_time	79.984215
conv_transfer_time	0.000000
conv_calculate_time	3171.445557
elastic_calculate_time	3171.481689
Allen_Cahn_nonlinear_time	3266.399902
Cahn_Hilliard_nonlinear_time	0.011999
trans_time	39.772114
trans_Memcpy_time	19.158257
trans_MPI_time	15.064814
trans_pack_time	0.377077
trans_enlarge_time	0.688400
trans_mu_time	0.446189
trans_unpack_time	3.581825
updateU_new_time	2.709298
runtime	3.391009
--------------------------------------------------!
***************dt=2.000000***************
***************flag=0***************
--------------------------------------------------!
time		0.000000
wall time	97.974327
*******************************
dgemm_time	80.036728
conv_transfer_time	0.000000
conv_calculate_time	3174.046387
elastic_calculate_time	3174.114014
Allen_Cahn_nonlinear_time	3277.246582
Cahn_Hilliard_nonlinear_time	0.014238
trans_time	39.871979
trans_Memcpy_time	19.113873
trans_MPI_time	15.230786
trans_pack_time	0.378997
trans_enlarge_time	0.694003
trans_mu_time	0.440430
trans_unpack_time	3.556884
updateU_new_time	2.713470
runtime	3.402040
--------------------------------------------------!
***************dt=2.000000***************
***************flag=0***************
--------------------------------------------------!
time		0.000000
wall time	101.379369
*******************************
dgemm_time	79.960579
conv_transfer_time	0.000000
conv_calculate_time	3177.281006
elastic_calculate_time	3177.326660
Allen_Cahn_nonlinear_time	3278.856934
Cahn_Hilliard_nonlinear_time	0.014239
trans_time	39.773365
trans_Memcpy_time	19.489279
trans_MPI_time	14.553486
trans_pack_time	0.383159
trans_enlarge_time	0.702644
trans_mu_time	0.469068
trans_unpack_time	3.581857
updateU_new_time	2.714921
runtime	3.404124
--------------------------------------------------!
***************dt=2.000000***************
***************flag=0***************
--------------------------------------------------!
time		0.000000
wall time	104.795575
*******************************
dgemm_time	79.982491
conv_transfer_time	0.000000
conv_calculate_time	3174.097412
elastic_calculate_time	3174.145752
Allen_Cahn_nonlinear_time	3270.475830
Cahn_Hilliard_nonlinear_time	0.011839
trans_time	39.735542
trans_Memcpy_time	19.510315
trans_MPI_time	14.555785
trans_pack_time	0.382521
trans_enlarge_time	0.696249
trans_mu_time	0.462031
trans_unpack_time	3.581552
updateU_new_time	2.710772
runtime	3.394875
--------------------------------------------------!
***************dt=2.000000***************
***************flag=0***************
--------------------------------------------------!
time		0.000000
wall time	108.213843
*******************************
dgemm_time	79.989822
conv_transfer_time	0.000000
conv_calculate_time	3174.698242
elastic_calculate_time	3174.735840
Allen_Cahn_nonlinear_time	3270.408447
Cahn_Hilliard_nonlinear_time	0.011999
trans_time	39.467823
trans_Memcpy_time	19.418400
trans_MPI_time	14.479528
trans_pack_time	0.384602
trans_enlarge_time	0.680732
trans_mu_time	0.442036
trans_unpack_time	3.599324
updateU_new_time	2.710462
runtime	3.395022
--------------------------------------------------!
***************dt=2.000000***************
***************flag=0***************
--------------------------------------------------!
time		0.000000
wall time	111.623231
*******************************
dgemm_time	80.017776
conv_transfer_time	0.000000
conv_calculate_time	3177.507080
elastic_calculate_time	3177.545898
Allen_Cahn_nonlinear_time	3274.183105
Cahn_Hilliard_nonlinear_time	0.011999
trans_time	39.776276
trans_Memcpy_time	19.259127
trans_MPI_time	14.948176
trans_pack_time	0.384284
trans_enlarge_time	0.670496
trans_mu_time	0.450036
trans_unpack_time	3.598218
updateU_new_time	2.709191
runtime	3.400194
--------------------------------------------------!
***************dt=2.000000***************
***************flag=0***************
--------------------------------------------------!
time		0.000000
wall time	115.032331
*******************************
dgemm_time	79.979477
conv_transfer_time	0.000000
conv_calculate_time	3172.540039
elastic_calculate_time	3172.578125
Allen_Cahn_nonlinear_time	3266.427979
Cahn_Hilliard_nonlinear_time	0.011839
trans_time	39.797832
trans_Memcpy_time	19.223516
trans_MPI_time	15.010462
trans_pack_time	0.381885
trans_enlarge_time	0.679458
trans_mu_time	0.445721
trans_unpack_time	3.593110
updateU_new_time	2.708240
runtime	3.392695
--------------------------------------------------!
***************dt=2.000000***************
***************flag=0***************
--------------------------------------------------!
time		0.000000
wall time	118.446626
*******************************
dgemm_time	79.970444
conv_transfer_time	0.000000
conv_calculate_time	3176.322266
elastic_calculate_time	3176.359131
Allen_Cahn_nonlinear_time	3272.025146
Cahn_Hilliard_nonlinear_time	0.011999
trans_time	39.416374
trans_Memcpy_time	19.231419
trans_MPI_time	14.624466
trans_pack_time	0.374527
trans_enlarge_time	0.677061
trans_mu_time	0.447642
trans_unpack_time	3.603041
updateU_new_time	2.709049
runtime	3.396572
--------------------------------------------------!
***************dt=2.000000***************
***************flag=0***************
--------------------------------------------------!
time		0.000000
wall time	121.853435
*******************************
dgemm_time	79.973724
conv_transfer_time	0.000000
conv_calculate_time	3177.470215
elastic_calculate_time	3177.508301
Allen_Cahn_nonlinear_time	3272.977783
Cahn_Hilliard_nonlinear_time	0.011839
trans_time	39.156082
trans_Memcpy_time	19.146843
trans_MPI_time	14.467085
trans_pack_time	0.377088
trans_enlarge_time	0.675464
trans_mu_time	0.438523
trans_unpack_time	3.590574
updateU_new_time	2.709857
runtime	3.397167
--------------------------------------------------!
***************dt=2.000000***************
***************flag=0***************
--------------------------------------------------!
time		0.000000
wall time	125.263995
*******************************
dgemm_time	80.033623
conv_transfer_time	0.000000
conv_calculate_time	3175.998291
elastic_calculate_time	3176.039795
Allen_Cahn_nonlinear_time	3273.444824
Cahn_Hilliard_nonlinear_time	0.011839
trans_time	39.274258
trans_Memcpy_time	19.136822
trans_MPI_time	14.594797
trans_pack_time	0.388768
trans_enlarge_time	0.682023
trans_mu_time	0.438043
trans_unpack_time	3.578265
updateU_new_time	2.717384
runtime	3.397688
--------------------------------------------------!
***************dt=2.000000***************
***************flag=0***************
--------------------------------------------------!
time		0.000000
wall time	128.675174
*******************************
dgemm_time	79.975441
conv_transfer_time	0.000000
conv_calculate_time	3176.057861
elastic_calculate_time	3176.096191
Allen_Cahn_nonlinear_time	3275.842041
Cahn_Hilliard_nonlinear_time	0.011679
trans_time	39.585861
trans_Memcpy_time	19.181353
trans_MPI_time	14.846977
trans_pack_time	0.390369
trans_enlarge_time	0.679627
trans_mu_time	0.435487
trans_unpack_time	3.585475
updateU_new_time	2.717871
runtime	3.400499
--------------------------------------------------!
***************dt=2.000000***************
***************flag=0***************
--------------------------------------------------!
time		0.000000
wall time	132.086937
*******************************
dgemm_time	80.000122
conv_transfer_time	0.000000
conv_calculate_time	3175.144531
elastic_calculate_time	3175.181885
Allen_Cahn_nonlinear_time	3270.272949
Cahn_Hilliard_nonlinear_time	0.011999
trans_time	39.496403
trans_Memcpy_time	19.182364
trans_MPI_time	14.775662
trans_pack_time	0.376291
trans_enlarge_time	0.678989
trans_mu_time	0.438688
trans_unpack_time	3.584684
updateU_new_time	2.738676
runtime	3.394353
--------------------------------------------------!
***************dt=2.000000***************
***************flag=0***************
--------------------------------------------------!
time		0.000000
wall time	135.501480
*******************************
dgemm_time	79.997910
conv_transfer_time	0.000000
conv_calculate_time	3173.434570
elastic_calculate_time	3173.472656
Allen_Cahn_nonlinear_time	3269.417236
Cahn_Hilliard_nonlinear_time	0.011999
trans_time	39.852985
trans_Memcpy_time	19.171534
trans_MPI_time	15.131034
trans_pack_time	0.389412
trans_enlarge_time	0.672750
trans_mu_time	0.439008
trans_unpack_time	3.590293
updateU_new_time	2.720124
runtime	3.394282
--------------------------------------------------!
***************dt=2.000000***************
***************flag=0***************
--------------------------------------------------!
time		0.000000
wall time	138.909805
*******************************
dgemm_time	80.012337
conv_transfer_time	0.000000
conv_calculate_time	3175.143799
elastic_calculate_time	3175.184570
Allen_Cahn_nonlinear_time	3270.325928
Cahn_Hilliard_nonlinear_time	0.012319
trans_time	39.762398
trans_Memcpy_time	19.173500
trans_MPI_time	15.021158
trans_pack_time	0.378213
trans_enlarge_time	0.689871
trans_mu_time	0.439649
trans_unpack_time	3.594141
updateU_new_time	2.709091
runtime	3.395235
--------------------------------------------------!
***************dt=2.000000***************
***************flag=0***************
--------------------------------------------------!
time		0.000000
wall time	142.318106
*******************************
dgemm_time	80.001793
conv_transfer_time	0.000000
conv_calculate_time	3173.319092
elastic_calculate_time	3173.358154
Allen_Cahn_nonlinear_time	3268.756592
Cahn_Hilliard_nonlinear_time	0.012479
trans_time	39.761120
trans_Memcpy_time	19.188742
trans_MPI_time	15.036072
trans_pack_time	0.375654
trans_enlarge_time	0.673716
trans_mu_time	0.451809
trans_unpack_time	3.576711
updateU_new_time	2.708457
runtime	3.393243
--------------------------------------------------!
***************dt=2.000000***************
***************flag=0***************
--------------------------------------------------!
time		0.000000
wall time	145.727380
*******************************
dgemm_time	79.986282
conv_transfer_time	0.000000
conv_calculate_time	3174.644531
elastic_calculate_time	3174.683594
Allen_Cahn_nonlinear_time	3270.246582
Cahn_Hilliard_nonlinear_time	0.011839
trans_time	39.664585
trans_Memcpy_time	19.165266
trans_MPI_time	14.958190
trans_pack_time	0.377895
trans_enlarge_time	0.691154
trans_mu_time	0.437729
trans_unpack_time	3.576559
updateU_new_time	2.709103
runtime	3.394856
--------------------------------------------------!
***************dt=2.000000***************
***************flag=0***************
--------------------------------------------------!
time		0.000000
wall time	149.134630
*******************************
dgemm_time	79.989960
conv_transfer_time	0.000000
conv_calculate_time	3175.743164
elastic_calculate_time	3175.779785
Allen_Cahn_nonlinear_time	3271.702148
Cahn_Hilliard_nonlinear_time	0.011679
trans_time	39.704575
trans_Memcpy_time	19.161144
trans_MPI_time	15.025095
trans_pack_time	0.377415
trans_enlarge_time	0.670676
trans_mu_time	0.444453
trans_unpack_time	3.569207
updateU_new_time	2.712148
runtime	3.395605
--------------------------------------------------!
***************dt=2.000000***************
***************flag=0***************
--------------------------------------------------!
time		0.000000
wall time	152.543487
*******************************
dgemm_time	80.011719
conv_transfer_time	0.000000
conv_calculate_time	3174.058838
elastic_calculate_time	3174.097168
Allen_Cahn_nonlinear_time	3269.376221
Cahn_Hilliard_nonlinear_time	0.011839
trans_time	39.198540
trans_Memcpy_time	19.154305
trans_MPI_time	14.513160
trans_pack_time	0.376617
trans_enlarge_time	0.681556
trans_mu_time	0.438214
trans_unpack_time	3.575133
updateU_new_time	2.709593
runtime	3.393319
--------------------------------------------------!
***************dt=2.000000***************
***************flag=0***************
--------------------------------------------------!
time		0.000000
wall time	155.953128
*******************************
dgemm_time	79.991058
conv_transfer_time	0.000000
conv_calculate_time	3175.389893
elastic_calculate_time	3175.428467
Allen_Cahn_nonlinear_time	3276.946045
Cahn_Hilliard_nonlinear_time	0.011680
trans_time	39.614056
trans_Memcpy_time	19.164099
trans_MPI_time	14.903085
trans_pack_time	0.377737
trans_enlarge_time	0.690040
trans_mu_time	0.440935
trans_unpack_time	3.581060
updateU_new_time	2.708798
runtime	3.401622
--------------------------------------------------!
***************dt=2.000000***************
***************flag=0***************
--------------------------------------------------!
time		0.000000
wall time	159.360502
*******************************
dgemm_time	80.016777
conv_transfer_time	0.000000
conv_calculate_time	3174.942139
elastic_calculate_time	3174.980469
Allen_Cahn_nonlinear_time	3270.080566
Cahn_Hilliard_nonlinear_time	0.011840
trans_time	39.605865
trans_Memcpy_time	19.273727
trans_MPI_time	14.778478
trans_pack_time	0.377898
trans_enlarge_time	0.684762
trans_mu_time	0.451495
trans_unpack_time	3.581546
updateU_new_time	2.710402
runtime	3.394543
--------------------------------------------------!
***************dt=2.000000***************
***************flag=0***************
--------------------------------------------------!
time		0.000000
wall time	162.776141
*******************************
dgemm_time	79.963776
conv_transfer_time	0.000000
conv_calculate_time	3174.774902
elastic_calculate_time	3174.812744
Allen_Cahn_nonlinear_time	3277.972168
Cahn_Hilliard_nonlinear_time	0.012320
trans_time	39.801266
trans_Memcpy_time	19.264799
trans_MPI_time	14.991927
trans_pack_time	0.376299
trans_enlarge_time	0.684602
trans_mu_time	0.447016
trans_unpack_time	3.579472
updateU_new_time	2.711686
runtime	3.402581
--------------------------------------------------!
***************dt=2.000000***************
***************flag=0***************
--------------------------------------------------!
time		0.000000
wall time	166.184698
*******************************
dgemm_time	79.994606
conv_transfer_time	0.000000
conv_calculate_time	3174.892822
elastic_calculate_time	3174.931641
Allen_Cahn_nonlinear_time	3270.313965
Cahn_Hilliard_nonlinear_time	0.011840
trans_time	39.976315
trans_Memcpy_time	19.174751
trans_MPI_time	15.253534
trans_pack_time	0.379019
trans_enlarge_time	0.679963
trans_mu_time	0.450535
trans_unpack_time	3.580597
updateU_new_time	2.709290
runtime	3.395170
--------------------------------------------------!
***************dt=2.000000***************
***************flag=0***************
--------------------------------------------------!
time		0.000000
wall time	169.601253
*******************************
dgemm_time	79.997437
conv_transfer_time	0.000000
conv_calculate_time	3172.305420
elastic_calculate_time	3172.343750
Allen_Cahn_nonlinear_time	3267.927246
Cahn_Hilliard_nonlinear_time	0.011840
trans_time	39.666397
trans_Memcpy_time	19.194778
trans_MPI_time	14.916455
trans_pack_time	0.380139
trans_enlarge_time	0.700122
trans_mu_time	0.440776
trans_unpack_time	3.571483
updateU_new_time	2.710894
runtime	3.392643
--------------------------------------------------!
***************dt=2.000000***************
***************flag=0***************
--------------------------------------------------!
time		0.000000
wall time	173.010561
*******************************
dgemm_time	79.959503
conv_transfer_time	0.000000
conv_calculate_time	3175.820312
elastic_calculate_time	3175.856934
Allen_Cahn_nonlinear_time	3270.631348
Cahn_Hilliard_nonlinear_time	0.012000
trans_time	39.884312
trans_Memcpy_time	19.143446
trans_MPI_time	15.195499
trans_pack_time	0.378060
trans_enlarge_time	0.679805
trans_mu_time	0.447656
trans_unpack_time	3.581887
updateU_new_time	2.707528
runtime	3.395012
--------------------------------------------------!
***************dt=2.000000***************
***************flag=0***************
--------------------------------------------------!
time		0.000000
wall time	176.417203
*******************************
dgemm_time	80.038399
conv_transfer_time	0.000000
conv_calculate_time	3174.742432
elastic_calculate_time	3174.781006
Allen_Cahn_nonlinear_time	3270.678223
Cahn_Hilliard_nonlinear_time	0.012639
trans_time	39.916328
trans_Memcpy_time	19.416185
trans_MPI_time	14.962516
trans_pack_time	0.386699
trans_enlarge_time	0.683003
trans_mu_time	0.437096
trans_unpack_time	3.576758
updateU_new_time	2.711027
runtime	3.393798
--------------------------------------------------!
***************dt=2.000000***************
***************flag=0***************
--------------------------------------------------!
time		0.000000
wall time	179.812296
*******************************
dgemm_time	80.033440
conv_transfer_time	0.000000
conv_calculate_time	3173.132568
elastic_calculate_time	3173.168945
Allen_Cahn_nonlinear_time	3273.971191
Cahn_Hilliard_nonlinear_time	0.012479
trans_time	39.777752
trans_Memcpy_time	19.376358
trans_MPI_time	14.858728
trans_pack_time	0.379816
trans_enlarge_time	0.678197
trans_mu_time	0.443814
trans_unpack_time	3.580570
updateU_new_time	2.709421
runtime	3.398500
--------------------------------------------------!
***************dt=2.000000***************
***************flag=0***************
--------------------------------------------------!
time		0.000000
wall time	183.206174
*******************************
dgemm_time	80.012436
conv_transfer_time	0.000000
conv_calculate_time	3175.886963
elastic_calculate_time	3175.923584
Allen_Cahn_nonlinear_time	3271.365967
Cahn_Hilliard_nonlinear_time	0.011999
trans_time	39.909889
trans_Memcpy_time	19.356962
trans_MPI_time	14.984130
trans_pack_time	0.390534
trans_enlarge_time	0.680435
trans_mu_time	0.439494
trans_unpack_time	3.605042
updateU_new_time	2.711185
runtime	3.396160
--------------------------------------------------!
***************dt=2.000000***************
***************flag=0***************
--------------------------------------------------!
time		0.000000
wall time	186.604750
*******************************
dgemm_time	80.047585
conv_transfer_time	0.000000
conv_calculate_time	3175.393066
elastic_calculate_time	3175.429443
Allen_Cahn_nonlinear_time	3271.002686
Cahn_Hilliard_nonlinear_time	0.011839
trans_time	40.012737
trans_Memcpy_time	19.357790
trans_MPI_time	15.104465
trans_pack_time	0.375976
trans_enlarge_time	0.679317
trans_mu_time	0.438374
trans_unpack_time	3.602648
updateU_new_time	2.708949
runtime	3.395938
--------------------------------------------------!
***************dt=2.000000***************
***************flag=0***************
--------------------------------------------------!
time		0.000000
wall time	190.000990
*******************************
dgemm_time	80.038094
conv_transfer_time	0.000000
conv_calculate_time	3179.997559
elastic_calculate_time	3180.035645
Allen_Cahn_nonlinear_time	3275.390137
Cahn_Hilliard_nonlinear_time	0.011680
trans_time	39.937599
trans_Memcpy_time	19.384216
trans_MPI_time	14.992813
trans_pack_time	0.377737
trans_enlarge_time	0.678356
trans_mu_time	0.443014
trans_unpack_time	3.606492
updateU_new_time	2.709113
runtime	3.400488
--------------------------------------------------!
***************dt=2.000000***************
***************flag=0***************
--------------------------------------------------!
time		0.000000
wall time	193.397022
*******************************
dgemm_time	79.980438
conv_transfer_time	0.000000
conv_calculate_time	3174.853516
elastic_calculate_time	3174.889160
Allen_Cahn_nonlinear_time	3270.525635
Cahn_Hilliard_nonlinear_time	0.011999
trans_time	39.418468
trans_Memcpy_time	19.385044
trans_MPI_time	14.511583
trans_pack_time	0.375337
trans_enlarge_time	0.673721
trans_mu_time	0.436935
trans_unpack_time	3.584419
updateU_new_time	2.708796
runtime	3.394456
--------------------------------------------------!
***************dt=2.000000***************
***************flag=0***************
--------------------------------------------------!
time		0.000000
wall time	196.797583
*******************************
dgemm_time	80.009018
conv_transfer_time	0.000000
conv_calculate_time	3174.216064
elastic_calculate_time	3174.251953
Allen_Cahn_nonlinear_time	3270.649170
Cahn_Hilliard_nonlinear_time	0.012160
trans_time	39.806675
trans_Memcpy_time	19.397228
trans_MPI_time	14.874461
trans_pack_time	0.377417
trans_enlarge_time	0.676922
trans_mu_time	0.438055
trans_unpack_time	3.588263
updateU_new_time	2.711680
runtime	3.395150
--------------------------------------------------!
***************dt=2.000000***************
***************flag=0***************
--------------------------------------------------!
time		0.000000
wall time	200.192128
*******************************
dgemm_time	80.002075
conv_transfer_time	0.000000
conv_calculate_time	3173.859863
elastic_calculate_time	3173.895752
Allen_Cahn_nonlinear_time	3269.463623
Cahn_Hilliard_nonlinear_time	0.012160
trans_time	39.907188
trans_Memcpy_time	19.392933
trans_MPI_time	14.970474
trans_pack_time	0.399496
trans_enlarge_time	0.672123
trans_mu_time	0.437096
trans_unpack_time	3.581548
updateU_new_time	2.721282
runtime	3.394367
--------------------------------------------------!
***************dt=2.000000***************
***************flag=0***************
--------------------------------------------------!
time		0.000000
wall time	203.587367
*******************************
dgemm_time	80.086166
conv_transfer_time	0.000000
conv_calculate_time	3174.393799
elastic_calculate_time	3174.432861
Allen_Cahn_nonlinear_time	3270.193359
Cahn_Hilliard_nonlinear_time	0.011840
trans_time	39.962498
trans_Memcpy_time	19.392317
trans_MPI_time	15.024729
trans_pack_time	0.378539
trans_enlarge_time	0.691002
trans_mu_time	0.436136
trans_unpack_time	3.589072
updateU_new_time	2.730405
runtime	3.395326
--------------------------------------------------!
***************dt=2.000000***************
***************flag=0***************
--------------------------------------------------!
time		0.000000
wall time	206.981832
*******************************
dgemm_time	79.999710
conv_transfer_time	0.000000
conv_calculate_time	3174.281006
elastic_calculate_time	3174.321289
Allen_Cahn_nonlinear_time	3270.006836
Cahn_Hilliard_nonlinear_time	0.012000
trans_time	39.853199
trans_Memcpy_time	19.398739
trans_MPI_time	14.901875
trans_pack_time	0.390698
trans_enlarge_time	0.675643
trans_mu_time	0.439816
trans_unpack_time	3.591476
updateU_new_time	2.729128
runtime	3.394883
--------------------------------------------------!
***************dt=2.000000***************
***************flag=0***************
--------------------------------------------------!
time		0.000000
wall time	210.377241
*******************************
dgemm_time	80.011002
conv_transfer_time	0.000000
conv_calculate_time	3173.764160
elastic_calculate_time	3173.807129
Allen_Cahn_nonlinear_time	3269.011963
Cahn_Hilliard_nonlinear_time	0.014559
trans_time	40.027645
trans_Memcpy_time	19.419399
trans_MPI_time	15.007646
trans_pack_time	0.377739
trans_enlarge_time	0.673884
trans_mu_time	0.448456
trans_unpack_time	3.587641
updateU_new_time	2.710732
runtime	3.394007
--------------------------------------------------!
***************dt=2.000000***************
***************flag=0***************
--------------------------------------------------!
time		0.000000
wall time	213.772242
*******************************
dgemm_time	80.003723
conv_transfer_time	0.000000
conv_calculate_time	3172.209961
elastic_calculate_time	3172.256836
Allen_Cahn_nonlinear_time	3268.760010
Cahn_Hilliard_nonlinear_time	0.020319
trans_time	40.108974
trans_Memcpy_time	19.780361
trans_MPI_time	14.658882
trans_pack_time	0.384620
trans_enlarge_time	0.693402
trans_mu_time	0.463975
trans_unpack_time	3.586045
updateU_new_time	2.713295
runtime	3.395009
--------------------------------------------------!
***************dt=2.000000***************
***************flag=0***************
--------------------------------------------------!
time		0.000000
wall time	217.166339
*******************************
dgemm_time	80.029404
conv_transfer_time	0.000000
conv_calculate_time	3175.595215
elastic_calculate_time	3175.640137
Allen_Cahn_nonlinear_time	3281.686035
Cahn_Hilliard_nonlinear_time	0.011680
trans_time	40.290051
trans_Memcpy_time	19.766306
trans_MPI_time	14.832168
trans_pack_time	0.381260
trans_enlarge_time	0.716282
trans_mu_time	0.461415
trans_unpack_time	3.597088
updateU_new_time	2.710418
runtime	3.406196
--------------------------------------------------!
***************dt=2.000000***************
***************flag=0***************
--------------------------------------------------!
time		0.000000
wall time	220.561438
*******************************
dgemm_time	80.001495
conv_transfer_time	0.000000
conv_calculate_time	3175.938721
elastic_calculate_time	3175.978516
Allen_Cahn_nonlinear_time	3272.073975
Cahn_Hilliard_nonlinear_time	0.012320
trans_time	39.941891
trans_Memcpy_time	19.650492
trans_MPI_time	14.696832
trans_pack_time	0.382380
trans_enlarge_time	0.674528
trans_mu_time	0.446219
trans_unpack_time	3.563013
updateU_new_time	2.710421
runtime	3.396796
--------------------------------------------------!
***************dt=2.000000***************
***************flag=0***************
--------------------------------------------------!
time		0.000000
wall time	223.967727
*******************************
dgemm_time	80.015175
conv_transfer_time	0.000000
conv_calculate_time	3174.392578
elastic_calculate_time	3174.431396
Allen_Cahn_nonlinear_time	3269.657959
Cahn_Hilliard_nonlinear_time	0.012000
trans_time	39.898624
trans_Memcpy_time	19.392765
trans_MPI_time	14.962912
trans_pack_time	0.378541
trans_enlarge_time	0.692288
trans_mu_time	0.443501
trans_unpack_time	3.571817
updateU_new_time	2.709624
runtime	3.394326
--------------------------------------------------!
***************dt=2.000000***************
***************flag=0***************
--------------------------------------------------!
time		0.000000
wall time	227.364620
*******************************
dgemm_time	80.031258
conv_transfer_time	0.000000
conv_calculate_time	3175.015625
elastic_calculate_time	3175.056152
Allen_Cahn_nonlinear_time	3270.983398
Cahn_Hilliard_nonlinear_time	0.012160
trans_time	39.732693
trans_Memcpy_time	19.388147
trans_MPI_time	14.832214
trans_pack_time	0.376781
trans_enlarge_time	0.671649
trans_mu_time	0.445261
trans_unpack_time	3.567181
updateU_new_time	2.708507
runtime	3.395675
--------------------------------------------------!
***************dt=2.000000***************
***************flag=0***************
--------------------------------------------------!
time		0.000000
wall time	230.759022
*******************************
dgemm_time	79.995178
conv_transfer_time	0.000000
conv_calculate_time	3173.487793
elastic_calculate_time	3173.530029
Allen_Cahn_nonlinear_time	3268.915527
Cahn_Hilliard_nonlinear_time	0.011680
trans_time	39.970585
trans_Memcpy_time	19.347530
trans_MPI_time	15.080217
trans_pack_time	0.378542
trans_enlarge_time	0.687809
trans_mu_time	0.437741
trans_unpack_time	3.579984
updateU_new_time	2.710909
runtime	3.393500
--------------------------------------------------!
***************dt=2.000000***************
***************flag=0***************
--------------------------------------------------!
time		0.000000
wall time	234.154783
*******************************
dgemm_time	80.028214
conv_transfer_time	0.000000
conv_calculate_time	3174.481934
elastic_calculate_time	3174.520752
Allen_Cahn_nonlinear_time	3270.450684
Cahn_Hilliard_nonlinear_time	0.011840
trans_time	39.977764
trans_Memcpy_time	19.402264
trans_MPI_time	15.026954
trans_pack_time	0.379022
trans_enlarge_time	0.695489
trans_mu_time	0.448621
trans_unpack_time	3.570708
updateU_new_time	2.710272
runtime	3.394885
--------------------------------------------------!
***************dt=2.000000***************
***************flag=0***************
--------------------------------------------------!
time		0.000000
wall time	237.548371
*******************************
dgemm_time	80.000771
conv_transfer_time	0.000000
conv_calculate_time	3173.813232
elastic_calculate_time	3173.853271
Allen_Cahn_nonlinear_time	3269.804932
Cahn_Hilliard_nonlinear_time	0.012000
trans_time	39.905163
trans_Memcpy_time	19.394444
trans_MPI_time	14.966332
trans_pack_time	0.377903
trans_enlarge_time	0.681089
trans_mu_time	0.447501
trans_unpack_time	3.583191
updateU_new_time	2.711394
runtime	3.394546
--------------------------------------------------!
***************dt=2.000000***************
***************flag=0***************
--------------------------------------------------!
time		0.000000
wall time	240.943323
*******************************
dgemm_time	80.049477
conv_transfer_time	0.000000
conv_calculate_time	3173.269043
elastic_calculate_time	3173.305908
Allen_Cahn_nonlinear_time	3271.719482
Cahn_Hilliard_nonlinear_time	0.012160
trans_time	39.819614
trans_Memcpy_time	19.379581
trans_MPI_time	14.905389
trans_pack_time	0.380623
trans_enlarge_time	0.680129
trans_mu_time	0.443502
trans_unpack_time	3.573754
updateU_new_time	2.711557
runtime	3.396875
--------------------------------------------------!
***************dt=2.000000***************
***************flag=0***************
--------------------------------------------------!
time		0.000000
wall time	244.337970
*******************************
dgemm_time	80.007797
conv_transfer_time	0.000000
conv_calculate_time	3175.885742
elastic_calculate_time	3175.923584
Allen_Cahn_nonlinear_time	3271.509766
Cahn_Hilliard_nonlinear_time	0.011840
trans_time	39.499176
trans_Memcpy_time	19.382959
trans_MPI_time	14.566217
trans_pack_time	0.376144
trans_enlarge_time	0.684930
trans_mu_time	0.438542
trans_unpack_time	3.575678
updateU_new_time	2.710279
runtime	3.395853
--------------------------------------------------!
***************dt=2.000000***************
***************flag=0***************
--------------------------------------------------!
time		0.000000
wall time	247.734939
*******************************
dgemm_time	80.029465
conv_transfer_time	0.000000
conv_calculate_time	3175.644287
elastic_calculate_time	3175.684326
Allen_Cahn_nonlinear_time	3273.513916
Cahn_Hilliard_nonlinear_time	0.012000
trans_time	39.537460
trans_Memcpy_time	19.412575
trans_MPI_time	14.574711
trans_pack_time	0.385583
trans_enlarge_time	0.687491
trans_mu_time	0.438062
trans_unpack_time	3.571041
updateU_new_time	2.710922
runtime	3.398057
--------------------------------------------------!
***************dt=2.000000***************
***************flag=0***************
--------------------------------------------------!
time		0.000000
wall time	251.130849
*******************************
dgemm_time	80.034485
conv_transfer_time	0.000000
conv_calculate_time	3175.825928
elastic_calculate_time	3175.865967
Allen_Cahn_nonlinear_time	3271.815430
Cahn_Hilliard_nonlinear_time	0.011840
trans_time	39.809242
trans_Memcpy_time	19.493069
trans_MPI_time	14.716156
trans_pack_time	0.379344
trans_enlarge_time	0.680132
trans_mu_time	0.451182
trans_unpack_time	3.570084
updateU_new_time	2.709964
runtime	3.396533
--------------------------------------------------!
***************dt=2.000000***************
***************flag=0***************
--------------------------------------------------!
time		0.000000
wall time	254.528993
*******************************
dgemm_time	80.010391
conv_transfer_time	0.000000
conv_calculate_time	3179.273193
elastic_calculate_time	3179.312256
Allen_Cahn_nonlinear_time	3274.625000
Cahn_Hilliard_nonlinear_time	0.011840
trans_time	39.380234
trans_Memcpy_time	19.421087
trans_MPI_time	14.387062
trans_pack_time	0.391024
trans_enlarge_time	0.683654
trans_mu_time	0.440942
trans_unpack_time	3.605286
updateU_new_time	2.707886
runtime	3.399158
--------------------------------------------------!
***************dt=2.000000***************
***************flag=0***************
--------------------------------------------------!
time		0.000000
wall time	257.925623
*******************************
dgemm_time	80.013016
conv_transfer_time	0.000000
conv_calculate_time	3173.217773
elastic_calculate_time	3173.256592
Allen_Cahn_nonlinear_time	3269.697021
Cahn_Hilliard_nonlinear_time	0.014560
trans_time	39.989441
trans_Memcpy_time	19.410223
trans_MPI_time	15.008491
trans_pack_time	0.378225
trans_enlarge_time	0.682375
trans_mu_time	0.447662
trans_unpack_time	3.610888
updateU_new_time	2.712688
runtime	3.394606
--------------------------------------------------!
***************dt=2.000000***************
***************flag=0***************
--------------------------------------------------!
time		0.000000
wall time	261.324871
*******************************
dgemm_time	80.027954
conv_transfer_time	0.000000
conv_calculate_time	3174.566650
elastic_calculate_time	3174.612061
Allen_Cahn_nonlinear_time	3270.086670
Cahn_Hilliard_nonlinear_time	0.014400
trans_time	40.228962
trans_Memcpy_time	19.813904
trans_MPI_time	14.703074
trans_pack_time	0.383024
trans_enlarge_time	0.724773
trans_mu_time	0.463982
trans_unpack_time	3.598092
updateU_new_time	2.713970
runtime	3.394901
--------------------------------------------------!
***************dt=2.000000***************
***************flag=0***************
--------------------------------------------------!
time		0.000000
wall time	264.719554
*******************************
dgemm_time	80.026100
conv_transfer_time	0.000000
conv_calculate_time	3173.098145
elastic_calculate_time	3173.145996
Allen_Cahn_nonlinear_time	3269.283203
Cahn_Hilliard_nonlinear_time	0.012160
trans_time	40.046799
trans_Memcpy_time	19.811676
trans_MPI_time	14.540691
trans_pack_time	0.380625
trans_enlarge_time	0.714214
trans_mu_time	0.459022
trans_unpack_time	3.596975
updateU_new_time	2.709173
runtime	3.394020
--------------------------------------------------!
***************dt=2.000000***************
***************flag=0***************
--------------------------------------------------!
time		0.000000
wall time	268.114536
*******************************
dgemm_time	79.961365
conv_transfer_time	0.000000
conv_calculate_time	3174.381104
elastic_calculate_time	3174.419678
Allen_Cahn_nonlinear_time	3270.714600
Cahn_Hilliard_nonlinear_time	0.011840
trans_time	39.683125
trans_Memcpy_time	19.437630
trans_MPI_time	14.736053
trans_pack_time	0.369106
trans_enlarge_time	0.677255
trans_mu_time	0.440146
trans_unpack_time	3.571538
updateU_new_time	2.710775
runtime	3.395082
--------------------------------------------------!
***************dt=2.000000***************
***************flag=0***************
--------------------------------------------------!
time		0.000000
wall time	271.508644
*******************************
dgemm_time	79.969894
conv_transfer_time	0.000000
conv_calculate_time	3176.478516
elastic_calculate_time	3176.514648
Allen_Cahn_nonlinear_time	3272.737305
Cahn_Hilliard_nonlinear_time	0.011680
trans_time	39.365387
trans_Memcpy_time	19.436205
trans_MPI_time	14.370481
trans_pack_time	0.400945
trans_enlarge_time	0.681096
trans_mu_time	0.439347
trans_unpack_time	3.583381
updateU_new_time	2.720856
runtime	3.396686
--------------------------------------------------!
***************dt=2.000000***************
***************flag=0***************
--------------------------------------------------!
time		0.000000
wall time	274.903806
*******************************
dgemm_time	80.026596
conv_transfer_time	0.000000
conv_calculate_time	3173.856445
elastic_calculate_time	3173.896729
Allen_Cahn_nonlinear_time	3269.698242
Cahn_Hilliard_nonlinear_time	0.011840
trans_time	39.826679
trans_Memcpy_time	19.453979
trans_MPI_time	14.845833
trans_pack_time	0.380626
trans_enlarge_time	0.676135
trans_mu_time	0.439347
trans_unpack_time	3.574424
updateU_new_time	2.719578
runtime	3.394461
--------------------------------------------------!
***************dt=2.000000***************
***************flag=0***************
--------------------------------------------------!
time		0.000000
wall time	278.300585
*******************************
dgemm_time	80.006813
conv_transfer_time	0.000000
conv_calculate_time	3172.718262
elastic_calculate_time	3172.762451
Allen_Cahn_nonlinear_time	3275.395996
Cahn_Hilliard_nonlinear_time	0.012000
trans_time	39.821716
trans_Memcpy_time	19.452551
trans_MPI_time	14.843123
trans_pack_time	0.391666
trans_enlarge_time	0.669737
trans_mu_time	0.438388
trans_unpack_time	3.569146
updateU_new_time	2.738939
runtime	3.400243
--------------------------------------------------!
***************dt=2.000000***************
***************flag=0***************
--------------------------------------------------!
time		0.000000
wall time	281.695123
*******************************
dgemm_time	80.018219
conv_transfer_time	0.000000
conv_calculate_time	3175.794678
elastic_calculate_time	3175.833984
Allen_Cahn_nonlinear_time	3274.498779
Cahn_Hilliard_nonlinear_time	0.012160
trans_time	39.979919
trans_Memcpy_time	19.478165
trans_MPI_time	14.877852
trans_pack_time	0.389906
trans_enlarge_time	0.672616
trans_mu_time	0.450546
trans_unpack_time	3.591388
updateU_new_time	2.709822
runtime	3.399324
--------------------------------------------------!
***************dt=2.000000***************
***************flag=0***************
--------------------------------------------------!
time		0.000000
wall time	285.095463
*******************************
dgemm_time	80.015404
conv_transfer_time	0.000000
conv_calculate_time	3173.233643
elastic_calculate_time	3173.270508
Allen_Cahn_nonlinear_time	3269.166260
Cahn_Hilliard_nonlinear_time	0.011680
trans_time	39.912949
trans_Memcpy_time	19.475616
trans_MPI_time	14.894822
trans_pack_time	0.376307
trans_enlarge_time	0.679497
trans_mu_time	0.444627
trans_unpack_time	3.584031
updateU_new_time	2.710944
runtime	3.393515
--------------------------------------------------!
***************dt=2.000000***************
***************flag=0***************
--------------------------------------------------!
time		0.000000
wall time	288.494877
*******************************
dgemm_time	80.022202
conv_transfer_time	0.000000
conv_calculate_time	3174.790283
elastic_calculate_time	3174.826904
Allen_Cahn_nonlinear_time	3270.305664
Cahn_Hilliard_nonlinear_time	0.012000
trans_time	39.937260
trans_Memcpy_time	19.463633
trans_MPI_time	14.928432
trans_pack_time	0.377427
trans_enlarge_time	0.668780
trans_mu_time	0.450068
trans_unpack_time	3.588673
updateU_new_time	2.710147
runtime	3.395227
--------------------------------------------------!
***************dt=2.000000***************
***************flag=0***************
--------------------------------------------------!
time		0.000000
wall time	291.888497
*******************************
dgemm_time	80.026741
conv_transfer_time	0.000000
conv_calculate_time	3175.909668
elastic_calculate_time	3175.946045
Allen_Cahn_nonlinear_time	3272.764648
Cahn_Hilliard_nonlinear_time	0.012000
trans_time	39.904491
trans_Memcpy_time	19.460930
trans_MPI_time	14.929405
trans_pack_time	0.376468
trans_enlarge_time	0.666541
trans_mu_time	0.437108
trans_unpack_time	3.578437
updateU_new_time	2.708069
runtime	3.397439
--------------------------------------------------!
***************dt=2.000000***************
***************flag=0***************
--------------------------------------------------!
time		0.000000
wall time	295.283803
*******************************
dgemm_time	80.040405
conv_transfer_time	0.000000
conv_calculate_time	3174.924805
elastic_calculate_time	3174.964600
Allen_Cahn_nonlinear_time	3270.986328
Cahn_Hilliard_nonlinear_time	0.012160
trans_time	39.960815
trans_Memcpy_time	19.481264
trans_MPI_time	14.947976
trans_pack_time	0.375188
trans_enlarge_time	0.691500
trans_mu_time	0.439188
trans_unpack_time	3.566600
updateU_new_time	2.707591
runtime	3.395759
--------------------------------------------------!
***************dt=2.000000***************
***************flag=0***************
--------------------------------------------------!
time		0.000000
wall time	298.681334
*******************************
dgemm_time	80.011192
conv_transfer_time	0.000000
conv_calculate_time	3174.758545
elastic_calculate_time	3174.797119
Allen_Cahn_nonlinear_time	3270.819336
Cahn_Hilliard_nonlinear_time	0.012000
trans_time	40.043545
trans_Memcpy_time	19.491201
trans_MPI_time	15.008787
trans_pack_time	0.376948
trans_enlarge_time	0.678540
trans_mu_time	0.448308
trans_unpack_time	3.581483
updateU_new_time	2.709833
runtime	3.395737
--------------------------------------------------!
***************dt=2.000000***************
***************flag=0***************
--------------------------------------------------!
time		0.000000
wall time	302.077159
*******************************
dgemm_time	79.992058
conv_transfer_time	0.000000
conv_calculate_time	3173.584229
elastic_calculate_time	3173.623047
Allen_Cahn_nonlinear_time	3270.466064
Cahn_Hilliard_nonlinear_time	0.011840
trans_time	39.908310
trans_Memcpy_time	19.470896
trans_MPI_time	14.893282
trans_pack_time	0.375828
trans_enlarge_time	0.686540
trans_mu_time	0.440788
trans_unpack_time	3.585005
updateU_new_time	2.709835
runtime	3.395352
--------------------------------------------------!
***************dt=2.000000***************
***************flag=0***************
--------------------------------------------------!
time		0.000000
wall time	305.472975
*******************************
dgemm_time	80.052437
conv_transfer_time	0.000000
conv_calculate_time	3174.991943
elastic_calculate_time	3175.030762
Allen_Cahn_nonlinear_time	3270.400635
Cahn_Hilliard_nonlinear_time	0.012160
trans_time	39.799896
trans_Memcpy_time	19.429794
trans_MPI_time	14.842418
trans_pack_time	0.375829
trans_enlarge_time	0.666381
trans_mu_time	0.447348
trans_unpack_time	3.581968
updateU_new_time	2.709678
runtime	3.395232
--------------------------------------------------!
***************dt=2.000000***************
***************flag=0***************
--------------------------------------------------!
time		0.000000
wall time	308.868422
*******************************
dgemm_time	80.047058
conv_transfer_time	0.000000
conv_calculate_time	3177.521240
elastic_calculate_time	3177.565430
Allen_Cahn_nonlinear_time	3272.586914
Cahn_Hilliard_nonlinear_time	0.014720
trans_time	39.796707
trans_Memcpy_time	19.475567
trans_MPI_time	14.789949
trans_pack_time	0.380309
trans_enlarge_time	0.682222
trans_mu_time	0.440628
trans_unpack_time	3.574931
updateU_new_time	2.714799
runtime	3.397518
--------------------------------------------------!
***************dt=2.000000***************
***************flag=0***************
--------------------------------------------------!
time		0.000000
wall time	312.263745
*******************************
dgemm_time	79.997513
conv_transfer_time	0.000000
conv_calculate_time	3175.965576
elastic_calculate_time	3176.014404
Allen_Cahn_nonlinear_time	3271.980469
Cahn_Hilliard_nonlinear_time	0.014240
trans_time	39.899166
trans_Memcpy_time	19.704214
trans_MPI_time	14.465810
trans_pack_time	0.380309
trans_enlarge_time	0.712781
trans_mu_time	0.471988
trans_unpack_time	3.560694
updateU_new_time	2.708241
runtime	3.396527
--------------------------------------------------!
***************dt=2.000000***************
***************flag=0***************
--------------------------------------------------!
time		0.000000
wall time	315.661346
*******************************
dgemm_time	80.027809
conv_transfer_time	0.000000
conv_calculate_time	3175.625977
elastic_calculate_time	3175.672607
Allen_Cahn_nonlinear_time	3272.067627
Cahn_Hilliard_nonlinear_time	0.011520
trans_time	40.048210
trans_Memcpy_time	19.689671
trans_MPI_time	14.679255
trans_pack_time	0.381750
trans_enlarge_time	0.718382
trans_mu_time	0.460628
trans_unpack_time	3.581016
updateU_new_time	2.713043
runtime	3.396859
--------------------------------------------------!
***************dt=2.000000***************
***************flag=0***************
--------------------------------------------------!
time		0.000000
wall time	319.057943
*******************************
dgemm_time	79.989632
conv_transfer_time	0.000000
conv_calculate_time	3175.866211
elastic_calculate_time	3175.908203
Allen_Cahn_nonlinear_time	3271.968262
Cahn_Hilliard_nonlinear_time	0.014240
trans_time	39.906315
trans_Memcpy_time	19.794641
trans_MPI_time	14.443431
trans_pack_time	0.381590
trans_enlarge_time	0.693582
trans_mu_time	0.468628
trans_unpack_time	3.579899
updateU_new_time	2.713045
runtime	3.396754
--------------------------------------------------!
***************dt=2.000000***************
***************flag=0***************
--------------------------------------------------!
time		0.000000
wall time	322.454895
*******************************
dgemm_time	80.002167
conv_transfer_time	0.000000
conv_calculate_time	3175.898438
elastic_calculate_time	3175.951416
Allen_Cahn_nonlinear_time	3273.438477
Cahn_Hilliard_nonlinear_time	0.014080
trans_time	40.011059
trans_Memcpy_time	19.748255
trans_MPI_time	14.598476
trans_pack_time	0.382230
trans_enlarge_time	0.693901
trans_mu_time	0.471028
trans_unpack_time	3.564702
updateU_new_time	2.713687
runtime	3.398252
--------------------------------------------------!
***************dt=2.000000***************
***************flag=0***************
--------------------------------------------------!
time		0.000000
wall time	325.851734
*******************************
dgemm_time	79.995979
conv_transfer_time	0.000000
conv_calculate_time	3174.773926
elastic_calculate_time	3174.821289
Allen_Cahn_nonlinear_time	3270.676758
Cahn_Hilliard_nonlinear_time	0.015040
trans_time	39.974426
trans_Memcpy_time	19.757389
trans_MPI_time	14.541529
trans_pack_time	0.398550
trans_enlarge_time	0.695183
trans_mu_time	0.466068
trans_unpack_time	3.582144
updateU_new_time	2.713369
runtime	3.395566
--------------------------------------------------!
***************dt=2.000000***************
***************flag=0***************
--------------------------------------------------!
time		0.000000
wall time	329.250067
*******************************
dgemm_time	80.049156
conv_transfer_time	0.000000
conv_calculate_time	3176.605225
elastic_calculate_time	3176.651855
Allen_Cahn_nonlinear_time	3272.652832
Cahn_Hilliard_nonlinear_time	0.014560
trans_time	39.968555
trans_Memcpy_time	19.728283
trans_MPI_time	14.532900
trans_pack_time	0.388950
trans_enlarge_time	0.692944
trans_mu_time	0.472788
trans_unpack_time	3.613665
updateU_new_time	2.713531
runtime	3.397278
--------------------------------------------------!
***************dt=2.000000***************
***************flag=0***************
--------------------------------------------------!
time		0.000000
wall time	332.645712
*******************************
dgemm_time	79.991127
conv_transfer_time	0.000000
conv_calculate_time	3175.982178
elastic_calculate_time	3176.029297
Allen_Cahn_nonlinear_time	3273.067871
Cahn_Hilliard_nonlinear_time	0.014560
trans_time	40.097366
trans_Memcpy_time	19.713739
trans_MPI_time	14.680746
trans_pack_time	0.385431
trans_enlarge_time	0.697105
trans_mu_time	0.469749
trans_unpack_time	3.601668
updateU_new_time	2.712573
runtime	3.398370
--------------------------------------------------!
***************dt=2.000000***************
***************flag=0***************
--------------------------------------------------!
time		0.000000
wall time	336.043068
*******************************
dgemm_time	80.045578
conv_transfer_time	0.000000
conv_calculate_time	3175.461182
elastic_calculate_time	3175.506348
Allen_Cahn_nonlinear_time	3271.074463
Cahn_Hilliard_nonlinear_time	0.014240
trans_time	40.031364
trans_Memcpy_time	19.696152
trans_MPI_time	14.631956
trans_pack_time	0.381911
trans_enlarge_time	0.703187
trans_mu_time	0.469913
trans_unpack_time	3.608070
updateU_new_time	2.710815
runtime	3.396335
--------------------------------------------------!
***************dt=2.000000***************
***************flag=0***************
--------------------------------------------------!
time		0.000000
wall time	339.441524
*******************************
dgemm_time	80.010269
conv_transfer_time	0.000000
conv_calculate_time	3175.803711
elastic_calculate_time	3175.846924
Allen_Cahn_nonlinear_time	3275.243164
Cahn_Hilliard_nonlinear_time	0.011840
trans_time	39.701099
trans_Memcpy_time	19.677122
trans_MPI_time	14.369892
trans_pack_time	0.382872
trans_enlarge_time	0.691027
trans_mu_time	0.461753
trans_unpack_time	3.578313
updateU_new_time	2.708576
runtime	3.400491
--------------------------------------------------!
***************dt=2.000000***************
***************flag=0***************
--------------------------------------------------!
time		0.000000
wall time	342.837943
