running   on	1024   processors
restart		0
nx,ny,nz	132	132	64
px,py,pz	8	8	16
nghost		2
output   dir	./output/output2/
data   dir	./data/
dt,t_total	2.000000,200.100000
ELASTIC		1
ANISOTROPIC		1
nac,nch		6,2
xmin,ymin,zmin	0.000000	0.000000	0.000000
xmax,ymax,zmax	1024.000000	1024.000000	1024.000000
checkpoint_,nchk,chk	1,1000,0
nout		10000
Approx		32
detect_iter		100000
Reading input.txt file:
myrank = 832 P = 2 Q = 3
myrank = 834 P = 1 Q = 1
myrank = 1007 P = 4 Q = 1
myrank = 1005 P = 2 Q = 3
myrank = 863 P = 2 Q = 5
myrank = 992 P = 2 Q = 1
myrank = 997 P = 2 Q = 1
myrank = 833 P = 5 Q = 0
myrank = 1004 P = 2 Q = 0
myrank = 999 P = 2 Q = 0
myrank = 995 P = 0 Q = 0
myrank = 996 P = 2 Q = 4
myrank = 835 P = 2 Q = 5
myrank = 993 P = 1 Q = 2
myrank = 991 P = 2 Q = 5
myrank = 1006 P = 4 Q = 4
myrank = 870 P = 2 Q = 4
myrank = 1003 P = 0 Q = 2
myrank = 861 P = 3 Q = 1
myrank = 978 P = 2 Q = 0
myrank = 994 P = 3 Q = 1
myrank = 798 P = 5 Q = 1
myrank = 977 P = 4 Q = 5
myrank = 828 P = 0 Q = 0
myrank = 797 P = 5 Q = 5
myrank = 1002 P = 2 Q = 1
myrank = 979 P = 3 Q = 5
myrank = 988 P = 4 Q = 5
myrank = 981 P = 3 Q = 2
myrank = 976 P = 3 Q = 5
myrank = 1000 P = 0 Q = 3
myrank = 786 P = 1 Q = 4
myrank = 862 P = 2 Q = 5
myrank = 998 P = 4 Q = 5
myrank = 983 P = 5 Q = 3
myrank = 796 P = 3 Q = 0
myrank = 1011 P = 3 Q = 1
myrank = 868 P = 2 Q = 2
myrank = 900 P = 2 Q = 0
myrank = 990 P = 3 Q = 0
myrank = 785 P = 5 Q = 2
myrank = 829 P = 1 Q = 1
myrank = 916 P = 2 Q = 2
myrank = 799 P = 1 Q = 2
myrank = 869 P = 1 Q = 0
myrank = 980 P = 1 Q = 4
myrank = 989 P = 3 Q = 4
myrank = 982 P = 0 Q = 1
myrank = 895 P = 3 Q = 3
myrank = 860 P = 3 Q = 2
myrank = 787 P = 3 Q = 5
myrank = 871 P = 3 Q = 1
myrank = 1009 P = 1 Q = 0
myrank = 1001 P = 4 Q = 1
myrank = 896 P = 0 Q = 0
myrank = 902 P = 4 Q = 4
myrank = 802 P = 1 Q = 4
myrank = 917 P = 3 Q = 4
myrank = 892 P = 5 Q = 1
myrank = 897 P = 2 Q = 1
myrank = 801 P = 0 Q = 3
myrank = 1010 P = 2 Q = 0
myrank = 800 P = 4 Q = 2
myrank = 899 P = 1 Q = 5
myrank = 784 P = 2 Q = 3
myrank = 918 P = 5 Q = 2
myrank = 1016 P = 3 Q = 4
myrank = 866 P = 0 Q = 4
myrank = 831 P = 3 Q = 2
myrank = 855 P = 4 Q = 2
myrank = 794 P = 1 Q = 2
myrank = 1008 P = 0 Q = 2
myrank = 830 P = 3 Q = 3
myrank = 888 P = 1 Q = 0
myrank = 901 P = 0 Q = 0
myrank = 919 P = 2 Q = 1
myrank = 910 P = 2 Q = 0
myrank = 782 P = 0 Q = 2
myrank = 1022 P = 0 Q = 0
myrank = 818 P = 0 Q = 0
myrank = 1021 P = 5 Q = 4
myrank = 1023 P = 1 Q = 4
myrank = 791 P = 4 Q = 3
myrank = 852 P = 0 Q = 3
myrank = 911 P = 2 Q = 2
myrank = 908 P = 0 Q = 5
myrank = 781 P = 2 Q = 1
myrank = 887 P = 0 Q = 1
myrank = 775 P = 3 Q = 3
myrank = 898 P = 0 Q = 0
myrank = 859 P = 4 Q = 3
myrank = 773 P = 4 Q = 2
myrank = 884 P = 2 Q = 2
myrank = 909 P = 0 Q = 5
myrank = 783 P = 4 Q = 4
myrank = 865 P = 0 Q = 4
myrank = 803 P = 2 Q = 1
myrank = 843 P = 1 Q = 5
myrank = 903 P = 0 Q = 5
myrank = 819 P = 2 Q = 2
myrank = 790 P = 2 Q = 5
myrank = 1020 P = 4 Q = 5
myrank = 891 P = 4 Q = 0
myrank = 894 P = 4 Q = 2
myrank = 904 P = 3 Q = 2
myrank = 864 P = 1 Q = 3
myrank = 822 P = 0 Q = 4
myrank = 792 P = 2 Q = 5
myrank = 885 P = 4 Q = 1
myrank = 986 P = 0 Q = 2
myrank = 985 P = 4 Q = 0
myrank = 788 P = 3 Q = 4
myrank = 1017 P = 0 Q = 0
myrank = 795 P = 2 Q = 5
myrank = 789 P = 5 Q = 0
myrank = 817 P = 0 Q = 4
myrank = 1019 P = 3 Q = 3
myrank = 806 P = 2 Q = 3
myrank = 841 P = 5 Q = 2
myrank = 893 P = 4 Q = 0
myrank = 987 P = 3 Q = 4
myrank = 856 P = 4 Q = 1
myrank = 858 P = 0 Q = 5
myrank = 889 P = 5 Q = 5
myrank = 943 P = 3 Q = 1
myrank = 1018 P = 5 Q = 4
myrank = 874 P = 3 Q = 0
myrank = 867 P = 5 Q = 2
myrank = 793 P = 3 Q = 1
myrank = 984 P = 2 Q = 5
myrank = 1014 P = 1 Q = 3
myrank = 907 P = 4 Q = 1
myrank = 771 P = 5 Q = 1
myrank = 804 P = 0 Q = 2
myrank = 839 P = 0 Q = 4
myrank = 857 P = 5 Q = 3
myrank = 912 P = 4 Q = 4
myrank = 935 P = 5 Q = 5
myrank = 873 P = 2 Q = 4
myrank = 906 P = 5 Q = 0
myrank = 886 P = 4 Q = 0
myrank = 816 P = 1 Q = 0
myrank = 941 P = 4 Q = 0
myrank = 823 P = 0 Q = 0
myrank = 848 P = 4 Q = 5
myrank = 820 P = 4 Q = 0
myrank = 872 P = 1 Q = 5
myrank = 1012 P = 4 Q = 0
myrank = 777 P = 4 Q = 2
myrank = 838 P = 5 Q = 3
myrank = 925 P = 3 Q = 5
myrank = 770 P = 1 Q = 0
myrank = 1013 P = 2 Q = 2
myrank = 875 P = 5 Q = 1
myrank = 842 P = 4 Q = 0
myrank = 821 P = 4 Q = 2
myrank = 780 P = 0 Q = 5
myrank = 913 P = 2 Q = 2
myrank = 915 P = 1 Q = 0
myrank = 914 P = 0 Q = 4
myrank = 854 P = 5 Q = 3
myrank = 921 P = 1 Q = 5
myrank = 890 P = 0 Q = 4
myrank = 1015 P = 1 Q = 5
myrank = 807 P = 4 Q = 1
myrank = 840 P = 5 Q = 5
myrank = 948 P = 2 Q = 4
myrank = 905 P = 2 Q = 3
myrank = 950 P = 4 Q = 2
myrank = 768 P = 5 Q = 2
myrank = 805 P = 4 Q = 5
myrank = 942 P = 4 Q = 0
myrank = 940 P = 2 Q = 2
myrank = 951 P = 3 Q = 0
myrank = 778 P = 1 Q = 2
myrank = 772 P = 1 Q = 5
myrank = 836 P = 3 Q = 2
myrank = 879 P = 3 Q = 0
myrank = 934 P = 4 Q = 1
myrank = 845 P = 1 Q = 2
myrank = 812 P = 3 Q = 4
myrank = 853 P = 3 Q = 5
myrank = 846 P = 5 Q = 2
myrank = 811 P = 5 Q = 0
myrank = 949 P = 2 Q = 3
myrank = 779 P = 3 Q = 3
myrank = 924 P = 2 Q = 4
myrank = 774 P = 3 Q = 0
myrank = 960 P = 0 Q = 4
myrank = 808 P = 4 Q = 1
myrank = 961 P = 2 Q = 0
myrank = 844 P = 3 Q = 4
myrank = 815 P = 0 Q = 1
myrank = 927 P = 2 Q = 3
myrank = 847 P = 0 Q = 3
myrank = 967 P = 5 Q = 2
myrank = 922 P = 0 Q = 0
myrank = 964 P = 1 Q = 3
myrank = 939 P = 0 Q = 4
myrank = 837 P = 1 Q = 3
myrank = 926 P = 4 Q = 2
myrank = 932 P = 2 Q = 0
myrank = 813 P = 4 Q = 3
myrank = 878 P = 5 Q = 0
myrank = 930 P = 0 Q = 2
myrank = 920 P = 4 Q = 0
myrank = 936 P = 1 Q = 0
myrank = 810 P = 3 Q = 4
myrank = 850 P = 4 Q = 2
myrank = 933 P = 3 Q = 4
myrank = 769 P = 0 Q = 3
myrank = 776 P = 2 Q = 1
myrank = 849 P = 2 Q = 1
myrank = 851 P = 1 Q = 4
myrank = 928 P = 1 Q = 5
myrank = 923 P = 1 Q = 5
myrank = 963 P = 1 Q = 3
myrank = 944 P = 3 Q = 3
myrank = 947 P = 0 Q = 0
myrank = 876 P = 2 Q = 4
myrank = 972 P = 1 Q = 5
myrank = 945 P = 4 Q = 2
myrank = 965 P = 0 Q = 4
myrank = 824 P = 5 Q = 4
myrank = 938 P = 0 Q = 4
myrank = 877 P = 1 Q = 5
myrank = 809 P = 3 Q = 2
myrank = 814 P = 2 Q = 2
myrank = 962 P = 2 Q = 5
myrank = 931 P = 0 Q = 5
myrank = 826 P = 4 Q = 5
myrank = 827 P = 5 Q = 4
myrank = 975 P = 5 Q = 4
myrank = 929 P = 4 Q = 1
myrank = 954 P = 5 Q = 3
myrank = 937 P = 4 Q = 3
myrank = 952 P = 0 Q = 2
myrank = 974 P = 0 Q = 2
myrank = 825 P = 0 Q = 3
myrank = 946 P = 0 Q = 3
myrank = 966 P = 1 Q = 2
myrank = 883 P = 2 Q = 3
myrank = 880 P = 1 Q = 1
myrank = 955 P = 1 Q = 4
myrank = 882 P = 0 Q = 2
myrank = 973 P = 0 Q = 0
myrank = 969 P = 4 Q = 3
myrank = 881 P = 2 Q = 0
myrank = 968 P = 3 Q = 0
myrank = 959 P = 5 Q = 0
myrank = 971 P = 1 Q = 2
myrank = 958 P = 4 Q = 4
myrank = 956 P = 2 Q = 0
myrank = 970 P = 5 Q = 4
myrank = 957 P = 0 Q = 2
myrank = 953 P = 2 Q = 4
myrank = 523 P = 1 Q = 2
myrank = 521 P = 0 Q = 5
myrank = 520 P = 4 Q = 0
myrank = 522 P = 1 Q = 0
myrank = 539 P = 5 Q = 0
myrank = 538 P = 3 Q = 2
myrank = 685 P = 2 Q = 3
myrank = 536 P = 1 Q = 4
myrank = 686 P = 1 Q = 1
myrank = 726 P = 3 Q = 3
myrank = 537 P = 0 Q = 5
myrank = 684 P = 4 Q = 1
myrank = 724 P = 4 Q = 5
myrank = 727 P = 1 Q = 2
myrank = 725 P = 2 Q = 1
myrank = 114 P = 1 Q = 5
myrank = 112 P = 5 Q = 1
myrank = 687 P = 1 Q = 0
myrank = 692 P = 1 Q = 3
myrank = 235 P = 1 Q = 5
myrank = 714 P = 2 Q = 5
myrank = 18 P = 2 Q = 0
myrank = 735 P = 1 Q = 1
myrank = 767 P = 2 Q = 3
myrank = 17 P = 5 Q = 4
myrank = 563 P = 4 Q = 4
myrank = 240 P = 4 Q = 5
myrank = 764 P = 1 Q = 0
myrank = 241 P = 5 Q = 3
myrank = 219 P = 2 Q = 3
myrank = 234 P = 1 Q = 2
myrank = 734 P = 1 Q = 4
myrank = 723 P = 3 Q = 0
myrank = 113 P = 1 Q = 5
myrank = 19 P = 1 Q = 5
myrank = 16 P = 0 Q = 0
myrank = 87 P = 4 Q = 2
myrank = 168 P = 5 Q = 0
myrank = 243 P = 1 Q = 1
myrank = 85 P = 2 Q = 1
myrank = 155 P = 2 Q = 5
myrank = 232 P = 2 Q = 5
myrank = 695 P = 5 Q = 5
myrank = 556 P = 5 Q = 0
myrank = 115 P = 0 Q = 0
myrank = 715 P = 3 Q = 5
myrank = 713 P = 4 Q = 1
myrank = 733 P = 5 Q = 0
myrank = 233 P = 5 Q = 4
myrank = 94 P = 3 Q = 2
myrank = 242 P = 4 Q = 4
myrank = 731 P = 0 Q = 5
myrank = 170 P = 4 Q = 4
myrank = 93 P = 3 Q = 0
myrank = 159 P = 1 Q = 2
myrank = 169 P = 3 Q = 2
myrank = 216 P = 1 Q = 4
myrank = 86 P = 4 Q = 5
myrank = 46 P = 3 Q = 5
myrank = 84 P = 4 Q = 5
myrank = 721 P = 1 Q = 0
myrank = 218 P = 0 Q = 5
myrank = 427 P = 2 Q = 1
myrank = 766 P = 0 Q = 4
myrank = 729 P = 1 Q = 2
myrank = 558 P = 1 Q = 1
myrank = 732 P = 3 Q = 2
myrank = 47 P = 2 Q = 0
myrank = 712 P = 2 Q = 2
myrank = 561 P = 2 Q = 3
myrank = 156 P = 1 Q = 0
myrank = 154 P = 2 Q = 2
myrank = 161 P = 3 Q = 3
myrank = 559 P = 0 Q = 2
myrank = 560 P = 2 Q = 4
myrank = 217 P = 0 Q = 5
myrank = 455 P = 4 Q = 5
myrank = 249 P = 5 Q = 2
myrank = 759 P = 4 Q = 1
myrank = 15 P = 3 Q = 0
myrank = 765 P = 4 Q = 0
myrank = 720 P = 5 Q = 4
myrank = 152 P = 2 Q = 5
myrank = 627 P = 4 Q = 2
myrank = 751 P = 4 Q = 2
myrank = 92 P = 4 Q = 4
myrank = 722 P = 1 Q = 5
myrank = 694 P = 3 Q = 4
myrank = 562 P = 4 Q = 4
myrank = 171 P = 2 Q = 2
myrank = 102 P = 0 Q = 1
myrank = 98 P = 2 Q = 0
myrank = 59 P = 0 Q = 3
myrank = 11 P = 0 Q = 0
myrank = 12 P = 2 Q = 4
myrank = 426 P = 5 Q = 2
myrank = 45 P = 3 Q = 5
myrank = 757 P = 1 Q = 4
myrank = 730 P = 4 Q = 4
myrank = 728 P = 5 Q = 3
myrank = 8 P = 0 Q = 4
myrank = 248 P = 1 Q = 4
myrank = 223 P = 0 Q = 4
myrank = 71 P = 4 Q = 4
myrank = 452 P = 0 Q = 0
myrank = 153 P = 3 Q = 1
myrank = 175 P = 3 Q = 1
myrank = 4 P = 5 Q = 5
myrank = 250 P = 0 Q = 1
myrank = 31 P = 2 Q = 5
myrank = 73 P = 4 Q = 0
myrank = 72 P = 3 Q = 5
myrank = 57 P = 1 Q = 3
myrank = 44 P = 4 Q = 4
myrank = 758 P = 3 Q = 5
myrank = 48 P = 1 Q = 1
myrank = 103 P = 5 Q = 5
myrank = 261 P = 3 Q = 2
myrank = 101 P = 0 Q = 2
myrank = 97 P = 3 Q = 4
myrank = 6 P = 1 Q = 3
myrank = 163 P = 2 Q = 3
myrank = 158 P = 0 Q = 1
myrank = 14 P = 4 Q = 2
myrank = 69 P = 5 Q = 0
myrank = 251 P = 4 Q = 0
myrank = 0 P = 1 Q = 4
myrank = 386 P = 0 Q = 0
myrank = 335 P = 5 Q = 3
myrank = 476 P = 0 Q = 3
myrank = 95 P = 5 Q = 4
myrank = 260 P = 0 Q = 0
myrank = 51 P = 3 Q = 4
myrank = 143 P = 4 Q = 1
myrank = 9 P = 1 Q = 5
myrank = 70 P = 1 Q = 4
myrank = 58 P = 0 Q = 1
myrank = 10 P = 0 Q = 0
myrank = 334 P = 4 Q = 5
myrank = 111 P = 2 Q = 4
myrank = 110 P = 3 Q = 0
myrank = 129 P = 3 Q = 1
myrank = 623 P = 3 Q = 1
myrank = 13 P = 2 Q = 1
myrank = 711 P = 2 Q = 0
myrank = 708 P = 4 Q = 4
myrank = 128 P = 2 Q = 5
myrank = 512 P = 2 Q = 0
myrank = 332 P = 2 Q = 1
myrank = 194 P = 4 Q = 4
myrank = 68 P = 2 Q = 4
myrank = 453 P = 5 Q = 5
myrank = 263 P = 5 Q = 0
myrank = 3 P = 0 Q = 1
myrank = 1 P = 4 Q = 3
myrank = 75 P = 3 Q = 4
myrank = 214 P = 2 Q = 3
myrank = 50 P = 0 Q = 5
myrank = 5 P = 1 Q = 4
myrank = 162 P = 1 Q = 5
myrank = 116 P = 1 Q = 4
myrank = 108 P = 4 Q = 2
myrank = 693 P = 0 Q = 5
myrank = 160 P = 2 Q = 1
myrank = 750 P = 3 Q = 0
myrank = 41 P = 4 Q = 2
myrank = 215 P = 0 Q = 2
myrank = 513 P = 5 Q = 3
myrank = 99 P = 2 Q = 2
myrank = 141 P = 5 Q = 3
myrank = 74 P = 5 Q = 3
myrank = 716 P = 1 Q = 3
myrank = 36 P = 1 Q = 2
myrank = 709 P = 3 Q = 5
myrank = 56 P = 5 Q = 1
myrank = 502 P = 0 Q = 1
myrank = 212 P = 3 Q = 2
myrank = 748 P = 4 Q = 0
myrank = 296 P = 0 Q = 1
myrank = 710 P = 3 Q = 5
myrank = 49 P = 4 Q = 4
myrank = 106 P = 2 Q = 2
myrank = 119 P = 1 Q = 4
myrank = 208 P = 4 Q = 2
myrank = 221 P = 1 Q = 4
myrank = 262 P = 2 Q = 1
myrank = 517 P = 2 Q = 3
myrank = 747 P = 5 Q = 1
myrank = 100 P = 4 Q = 3
myrank = 67 P = 3 Q = 5
myrank = 515 P = 4 Q = 3
myrank = 478 P = 2 Q = 4
myrank = 210 P = 3 Q = 0
myrank = 96 P = 0 Q = 2
myrank = 142 P = 5 Q = 0
myrank = 745 P = 3 Q = 4
myrank = 516 P = 3 Q = 5
myrank = 744 P = 0 Q = 4
myrank = 26 P = 5 Q = 5
myrank = 298 P = 5 Q = 5
myrank = 501 P = 4 Q = 5
myrank = 620 P = 5 Q = 2
myrank = 557 P = 1 Q = 2
myrank = 519 P = 4 Q = 4
myrank = 131 P = 0 Q = 4
myrank = 622 P = 4 Q = 5
myrank = 89 P = 0 Q = 2
myrank = 209 P = 3 Q = 0
myrank = 481 P = 0 Q = 3
myrank = 203 P = 5 Q = 2
myrank = 174 P = 0 Q = 1
myrank = 220 P = 2 Q = 5
myrank = 199 P = 1 Q = 1
myrank = 21 P = 3 Q = 2
myrank = 503 P = 0 Q = 0
myrank = 40 P = 3 Q = 2
myrank = 43 P = 1 Q = 4
myrank = 230 P = 1 Q = 2
myrank = 333 P = 0 Q = 0
myrank = 749 P = 2 Q = 1
myrank = 425 P = 3 Q = 0
myrank = 508 P = 0 Q = 3
myrank = 689 P = 3 Q = 4
myrank = 746 P = 2 Q = 2
myrank = 135 P = 4 Q = 2
myrank = 480 P = 1 Q = 4
myrank = 457 P = 3 Q = 3
myrank = 2 P = 3 Q = 1
myrank = 42 P = 5 Q = 0
myrank = 454 P = 3 Q = 0
myrank = 229 P = 4 Q = 3
myrank = 477 P = 4 Q = 5
myrank = 65 P = 4 Q = 2
myrank = 511 P = 3 Q = 5
myrank = 756 P = 1 Q = 2
myrank = 27 P = 4 Q = 4
myrank = 518 P = 2 Q = 5
myrank = 739 P = 3 Q = 4
myrank = 459 P = 3 Q = 3
myrank = 297 P = 2 Q = 5
myrank = 88 P = 3 Q = 3
myrank = 117 P = 5 Q = 4
myrank = 479 P = 1 Q = 2
myrank = 719 P = 5 Q = 5
myrank = 28 P = 5 Q = 5
myrank = 66 P = 2 Q = 1
myrank = 201 P = 0 Q = 1
myrank = 624 P = 3 Q = 0
myrank = 483 P = 2 Q = 1
myrank = 157 P = 4 Q = 2
myrank = 198 P = 2 Q = 5
myrank = 718 P = 0 Q = 1
myrank = 456 P = 5 Q = 1
myrank = 326 P = 1 Q = 0
myrank = 130 P = 4 Q = 2
myrank = 30 P = 4 Q = 3
myrank = 482 P = 2 Q = 1
myrank = 7 P = 0 Q = 1
myrank = 32 P = 0 Q = 3
myrank = 621 P = 3 Q = 1
myrank = 105 P = 1 Q = 0
myrank = 24 P = 0 Q = 2
myrank = 60 P = 2 Q = 5
myrank = 760 P = 5 Q = 3
myrank = 173 P = 4 Q = 0
myrank = 327 P = 5 Q = 1
myrank = 626 P = 5 Q = 1
myrank = 146 P = 5 Q = 0
myrank = 717 P = 2 Q = 2
myrank = 743 P = 4 Q = 3
myrank = 197 P = 2 Q = 0
myrank = 34 P = 2 Q = 1
myrank = 91 P = 4 Q = 5
myrank = 500 P = 3 Q = 1
myrank = 25 P = 2 Q = 3
myrank = 132 P = 3 Q = 3
myrank = 90 P = 5 Q = 1
myrank = 63 P = 2 Q = 4
myrank = 167 P = 3 Q = 2
myrank = 231 P = 3 Q = 0
myrank = 510 P = 5 Q = 3
myrank = 33 P = 5 Q = 5
myrank = 133 P = 5 Q = 1
myrank = 23 P = 5 Q = 0
myrank = 20 P = 5 Q = 0
myrank = 514 P = 1 Q = 4
myrank = 179 P = 3 Q = 1
myrank = 625 P = 5 Q = 2
myrank = 299 P = 1 Q = 0
myrank = 611 P = 3 Q = 4
myrank = 22 P = 1 Q = 4
myrank = 285 P = 4 Q = 5
myrank = 506 P = 1 Q = 5
myrank = 37 P = 3 Q = 0
myrank = 543 P = 3 Q = 5
myrank = 195 P = 5 Q = 3
myrank = 29 P = 0 Q = 4
myrank = 192 P = 4 Q = 1
myrank = 551 P = 3 Q = 1
myrank = 109 P = 2 Q = 5
myrank = 458 P = 1 Q = 1
myrank = 38 P = 4 Q = 5
myrank = 211 P = 5 Q = 4
myrank = 762 P = 1 Q = 4
myrank = 464 P = 5 Q = 3
myrank = 144 P = 0 Q = 2
myrank = 286 P = 1 Q = 4
myrank = 177 P = 2 Q = 5
myrank = 385 P = 1 Q = 5
myrank = 509 P = 4 Q = 4
myrank = 228 P = 3 Q = 1
myrank = 325 P = 0 Q = 4
myrank = 213 P = 1 Q = 5
myrank = 738 P = 5 Q = 3
myrank = 608 P = 4 Q = 1
myrank = 64 P = 3 Q = 0
myrank = 741 P = 5 Q = 5
myrank = 642 P = 2 Q = 2
myrank = 690 P = 2 Q = 2
myrank = 200 P = 1 Q = 0
myrank = 139 P = 5 Q = 1
myrank = 39 P = 5 Q = 1
myrank = 688 P = 3 Q = 5
myrank = 424 P = 3 Q = 1
myrank = 550 P = 5 Q = 1
myrank = 127 P = 1 Q = 0
myrank = 193 P = 3 Q = 2
myrank = 118 P = 0 Q = 2
myrank = 172 P = 3 Q = 2
myrank = 222 P = 0 Q = 2
myrank = 324 P = 2 Q = 2
myrank = 134 P = 2 Q = 1
myrank = 533 P = 1 Q = 2
myrank = 384 P = 5 Q = 3
myrank = 62 P = 4 Q = 2
myrank = 287 P = 3 Q = 0
myrank = 614 P = 4 Q = 4
myrank = 761 P = 0 Q = 1
myrank = 540 P = 3 Q = 1
myrank = 183 P = 4 Q = 3
myrank = 35 P = 1 Q = 3
myrank = 542 P = 2 Q = 2
myrank = 676 P = 5 Q = 1
myrank = 147 P = 5 Q = 3
myrank = 737 P = 3 Q = 5
myrank = 505 P = 2 Q = 4
myrank = 140 P = 4 Q = 2
myrank = 742 P = 5 Q = 4
myrank = 205 P = 4 Q = 0
myrank = 532 P = 0 Q = 3
myrank = 176 P = 2 Q = 2
myrank = 180 P = 0 Q = 4
myrank = 619 P = 4 Q = 0
myrank = 145 P = 3 Q = 2
myrank = 612 P = 5 Q = 0
myrank = 148 P = 4 Q = 4
myrank = 763 P = 5 Q = 5
myrank = 468 P = 3 Q = 1
myrank = 549 P = 1 Q = 0
myrank = 609 P = 1 Q = 4
myrank = 740 P = 0 Q = 4
myrank = 188 P = 3 Q = 3
myrank = 618 P = 3 Q = 4
myrank = 138 P = 2 Q = 4
myrank = 126 P = 0 Q = 4
myrank = 643 P = 1 Q = 3
myrank = 752 P = 5 Q = 1
myrank = 610 P = 0 Q = 5
myrank = 206 P = 5 Q = 1
myrank = 541 P = 4 Q = 4
myrank = 753 P = 0 Q = 5
myrank = 196 P = 3 Q = 1
myrank = 305 P = 2 Q = 4
myrank = 504 P = 2 Q = 1
myrank = 443 P = 3 Q = 5
myrank = 397 P = 2 Q = 2
myrank = 125 P = 2 Q = 2
myrank = 149 P = 2 Q = 5
myrank = 310 P = 2 Q = 1
myrank = 754 P = 5 Q = 4
myrank = 378 P = 2 Q = 1
myrank = 137 P = 0 Q = 0
myrank = 548 P = 5 Q = 1
myrank = 591 P = 5 Q = 2
myrank = 588 P = 2 Q = 3
myrank = 496 P = 2 Q = 2
myrank = 165 P = 1 Q = 1
myrank = 377 P = 4 Q = 3
myrank = 376 P = 3 Q = 0
myrank = 151 P = 1 Q = 3
myrank = 736 P = 3 Q = 5
myrank = 83 P = 0 Q = 3
myrank = 136 P = 3 Q = 3
myrank = 615 P = 3 Q = 5
myrank = 178 P = 1 Q = 3
myrank = 190 P = 2 Q = 3
myrank = 284 P = 2 Q = 1
myrank = 399 P = 4 Q = 0
myrank = 166 P = 0 Q = 5
myrank = 466 P = 4 Q = 0
myrank = 535 P = 0 Q = 0
myrank = 590 P = 2 Q = 3
myrank = 555 P = 5 Q = 4
myrank = 675 P = 0 Q = 3
myrank = 527 P = 4 Q = 0
myrank = 617 P = 5 Q = 0
myrank = 164 P = 4 Q = 2
myrank = 124 P = 0 Q = 1
myrank = 291 P = 4 Q = 1
myrank = 189 P = 5 Q = 1
myrank = 414 P = 3 Q = 5
myrank = 413 P = 5 Q = 0
myrank = 755 P = 2 Q = 0
myrank = 366 P = 0 Q = 5
myrank = 475 P = 2 Q = 2
myrank = 450 P = 4 Q = 3
myrank = 499 P = 5 Q = 4
myrank = 202 P = 4 Q = 0
myrank = 61 P = 2 Q = 4
myrank = 387 P = 0 Q = 2
myrank = 595 P = 4 Q = 0
myrank = 107 P = 3 Q = 4
myrank = 123 P = 3 Q = 5
myrank = 467 P = 5 Q = 0
myrank = 104 P = 5 Q = 5
myrank = 497 P = 3 Q = 4
myrank = 306 P = 5 Q = 1
myrank = 182 P = 5 Q = 4
myrank = 507 P = 5 Q = 3
myrank = 677 P = 5 Q = 4
myrank = 439 P = 2 Q = 3
myrank = 678 P = 4 Q = 2
myrank = 448 P = 5 Q = 2
myrank = 498 P = 4 Q = 3
myrank = 673 P = 1 Q = 2
myrank = 635 P = 4 Q = 4
myrank = 698 P = 2 Q = 4
myrank = 150 P = 0 Q = 5
myrank = 367 P = 5 Q = 3
myrank = 307 P = 1 Q = 5
myrank = 396 P = 5 Q = 0
myrank = 613 P = 1 Q = 4
myrank = 679 P = 4 Q = 4
myrank = 534 P = 2 Q = 3
myrank = 470 P = 5 Q = 2
myrank = 415 P = 4 Q = 1
myrank = 181 P = 2 Q = 5
myrank = 552 P = 1 Q = 2
myrank = 309 P = 3 Q = 0
myrank = 191 P = 1 Q = 2
myrank = 447 P = 4 Q = 3
myrank = 398 P = 4 Q = 0
myrank = 207 P = 1 Q = 5
myrank = 696 P = 3 Q = 1
myrank = 82 P = 5 Q = 5
myrank = 121 P = 4 Q = 1
myrank = 465 P = 3 Q = 5
myrank = 81 P = 3 Q = 0
myrank = 361 P = 4 Q = 5
myrank = 204 P = 3 Q = 3
myrank = 641 P = 4 Q = 0
myrank = 304 P = 3 Q = 3
myrank = 315 P = 1 Q = 4
myrank = 640 P = 3 Q = 1
myrank = 412 P = 1 Q = 5
myrank = 252 P = 3 Q = 1
myrank = 674 P = 5 Q = 2
myrank = 355 P = 4 Q = 3
myrank = 553 P = 5 Q = 1
myrank = 691 P = 1 Q = 1
myrank = 322 P = 0 Q = 2
myrank = 451 P = 0 Q = 4
myrank = 288 P = 0 Q = 5
myrank = 469 P = 2 Q = 5
myrank = 660 P = 5 Q = 3
myrank = 392 P = 2 Q = 2
myrank = 632 P = 3 Q = 5
myrank = 80 P = 3 Q = 4
myrank = 600 P = 4 Q = 2
myrank = 672 P = 0 Q = 1
myrank = 419 P = 2 Q = 2
myrank = 487 P = 1 Q = 1
myrank = 671 P = 2 Q = 4
myrank = 224 P = 5 Q = 3
myrank = 431 P = 2 Q = 2
myrank = 633 P = 5 Q = 3
myrank = 308 P = 1 Q = 5
myrank = 311 P = 5 Q = 1
myrank = 267 P = 5 Q = 0
myrank = 78 P = 4 Q = 0
myrank = 120 P = 5 Q = 3
myrank = 122 P = 4 Q = 0
myrank = 634 P = 2 Q = 3
myrank = 323 P = 4 Q = 0
myrank = 524 P = 0 Q = 1
myrank = 544 P = 1 Q = 3
myrank = 699 P = 5 Q = 4
myrank = 321 P = 4 Q = 3
myrank = 526 P = 5 Q = 1
myrank = 320 P = 1 Q = 1
myrank = 440 P = 2 Q = 0
myrank = 444 P = 1 Q = 0
myrank = 379 P = 3 Q = 4
myrank = 697 P = 0 Q = 0
myrank = 382 P = 0 Q = 0
myrank = 569 P = 5 Q = 2
myrank = 365 P = 3 Q = 5
myrank = 430 P = 0 Q = 3
myrank = 495 P = 3 Q = 4
myrank = 340 P = 2 Q = 0
myrank = 404 P = 4 Q = 3
myrank = 374 P = 0 Q = 1
myrank = 529 P = 3 Q = 0
myrank = 347 P = 0 Q = 4
myrank = 547 P = 5 Q = 5
myrank = 369 P = 4 Q = 4
myrank = 489 P = 0 Q = 2
myrank = 596 P = 2 Q = 5
myrank = 393 P = 4 Q = 4
myrank = 227 P = 5 Q = 2
myrank = 395 P = 3 Q = 1
myrank = 410 P = 5 Q = 1
myrank = 289 P = 5 Q = 4
myrank = 290 P = 3 Q = 5
myrank = 662 P = 4 Q = 4
myrank = 571 P = 1 Q = 3
myrank = 472 P = 4 Q = 0
myrank = 350 P = 4 Q = 3
myrank = 545 P = 3 Q = 1
myrank = 388 P = 2 Q = 4
myrank = 528 P = 4 Q = 5
myrank = 490 P = 4 Q = 1
myrank = 364 P = 4 Q = 1
myrank = 353 P = 5 Q = 5
myrank = 390 P = 3 Q = 5
myrank = 373 P = 3 Q = 1
myrank = 594 P = 0 Q = 4
myrank = 265 P = 0 Q = 0
myrank = 406 P = 4 Q = 5
myrank = 473 P = 3 Q = 1
myrank = 312 P = 1 Q = 2
myrank = 592 P = 1 Q = 0
myrank = 271 P = 0 Q = 2
myrank = 661 P = 3 Q = 2
myrank = 603 P = 5 Q = 5
myrank = 186 P = 1 Q = 2
myrank = 616 P = 0 Q = 1
myrank = 360 P = 0 Q = 3
myrank = 546 P = 3 Q = 1
myrank = 554 P = 0 Q = 0
myrank = 576 P = 1 Q = 3
myrank = 394 P = 4 Q = 0
myrank = 434 P = 5 Q = 4
myrank = 663 P = 5 Q = 3
myrank = 77 P = 5 Q = 5
myrank = 655 P = 5 Q = 1
myrank = 606 P = 4 Q = 2
myrank = 391 P = 2 Q = 3
myrank = 362 P = 5 Q = 3
myrank = 416 P = 3 Q = 5
myrank = 225 P = 5 Q = 4
myrank = 314 P = 3 Q = 3
myrank = 389 P = 5 Q = 0
myrank = 79 P = 1 Q = 3
myrank = 607 P = 0 Q = 0
myrank = 605 P = 4 Q = 2
myrank = 329 P = 3 Q = 1
myrank = 579 P = 1 Q = 2
myrank = 460 P = 1 Q = 5
myrank = 375 P = 5 Q = 5
myrank = 462 P = 5 Q = 1
myrank = 494 P = 3 Q = 5
myrank = 492 P = 1 Q = 4
myrank = 401 P = 5 Q = 0
myrank = 76 P = 1 Q = 5
myrank = 449 P = 1 Q = 3
myrank = 491 P = 2 Q = 0
myrank = 485 P = 2 Q = 0
myrank = 471 P = 4 Q = 0
myrank = 349 P = 2 Q = 5
myrank = 704 P = 5 Q = 1
myrank = 417 P = 0 Q = 4
myrank = 264 P = 1 Q = 1
myrank = 381 P = 0 Q = 3
myrank = 446 P = 1 Q = 5
myrank = 52 P = 5 Q = 0
myrank = 637 P = 4 Q = 2
myrank = 418 P = 2 Q = 3
myrank = 370 P = 2 Q = 1
myrank = 639 P = 4 Q = 5
myrank = 408 P = 0 Q = 3
myrank = 644 P = 2 Q = 5
myrank = 226 P = 0 Q = 5
myrank = 670 P = 1 Q = 0
myrank = 683 P = 4 Q = 5
myrank = 405 P = 2 Q = 5
myrank = 421 P = 2 Q = 2
myrank = 302 P = 1 Q = 2
myrank = 275 P = 1 Q = 5
myrank = 531 P = 0 Q = 3
myrank = 486 P = 0 Q = 1
myrank = 652 P = 2 Q = 4
myrank = 707 P = 0 Q = 0
myrank = 313 P = 5 Q = 5
myrank = 646 P = 3 Q = 2
myrank = 604 P = 4 Q = 0
myrank = 653 P = 3 Q = 3
myrank = 383 P = 0 Q = 5
myrank = 428 P = 5 Q = 1
myrank = 407 P = 5 Q = 2
myrank = 488 P = 0 Q = 3
myrank = 669 P = 5 Q = 2
myrank = 303 P = 2 Q = 2
myrank = 371 P = 3 Q = 5
myrank = 380 P = 5 Q = 4
myrank = 599 P = 5 Q = 1
myrank = 354 P = 0 Q = 5
myrank = 493 P = 4 Q = 3
myrank = 345 P = 1 Q = 0
myrank = 187 P = 1 Q = 2
myrank = 400 P = 1 Q = 5
myrank = 328 P = 0 Q = 2
myrank = 435 P = 4 Q = 1
myrank = 568 P = 3 Q = 4
myrank = 438 P = 3 Q = 2
myrank = 442 P = 3 Q = 4
myrank = 484 P = 3 Q = 4
myrank = 55 P = 2 Q = 2
myrank = 368 P = 5 Q = 4
myrank = 348 P = 2 Q = 0
myrank = 300 P = 5 Q = 2
myrank = 598 P = 3 Q = 4
myrank = 351 P = 2 Q = 2
myrank = 341 P = 0 Q = 4
myrank = 668 P = 3 Q = 4
myrank = 409 P = 3 Q = 5
myrank = 566 P = 0 Q = 1
myrank = 461 P = 5 Q = 3
myrank = 682 P = 3 Q = 1
myrank = 645 P = 3 Q = 3
myrank = 402 P = 1 Q = 5
myrank = 422 P = 3 Q = 0
myrank = 352 P = 0 Q = 0
myrank = 705 P = 4 Q = 3
myrank = 423 P = 1 Q = 4
myrank = 301 P = 4 Q = 5
myrank = 636 P = 3 Q = 4
myrank = 474 P = 3 Q = 4
myrank = 429 P = 0 Q = 5
myrank = 266 P = 1 Q = 1
myrank = 530 P = 5 Q = 5
myrank = 638 P = 1 Q = 0
myrank = 525 P = 3 Q = 5
myrank = 372 P = 5 Q = 3
myrank = 666 P = 0 Q = 2
myrank = 363 P = 0 Q = 1
myrank = 681 P = 4 Q = 5
myrank = 586 P = 2 Q = 5
myrank = 339 P = 2 Q = 2
myrank = 239 P = 3 Q = 3
myrank = 411 P = 1 Q = 0
myrank = 420 P = 0 Q = 3
myrank = 665 P = 2 Q = 1
myrank = 331 P = 3 Q = 4
myrank = 342 P = 3 Q = 2
myrank = 578 P = 0 Q = 4
myrank = 403 P = 5 Q = 0
myrank = 680 P = 3 Q = 2
myrank = 54 P = 5 Q = 5
myrank = 706 P = 4 Q = 3
myrank = 647 P = 3 Q = 0
myrank = 445 P = 1 Q = 1
myrank = 346 P = 4 Q = 4
myrank = 437 P = 1 Q = 0
myrank = 433 P = 1 Q = 1
myrank = 237 P = 0 Q = 3
myrank = 317 P = 3 Q = 4
myrank = 344 P = 1 Q = 5
myrank = 269 P = 2 Q = 4
myrank = 436 P = 2 Q = 1
myrank = 573 P = 4 Q = 4
myrank = 648 P = 1 Q = 0
myrank = 255 P = 2 Q = 2
myrank = 567 P = 3 Q = 5
myrank = 185 P = 0 Q = 5
myrank = 53 P = 2 Q = 3
myrank = 564 P = 5 Q = 2
myrank = 343 P = 4 Q = 3
myrank = 270 P = 0 Q = 5
myrank = 664 P = 5 Q = 3
myrank = 268 P = 1 Q = 4
myrank = 572 P = 5 Q = 5
myrank = 184 P = 1 Q = 1
myrank = 575 P = 0 Q = 3
myrank = 441 P = 3 Q = 5
myrank = 236 P = 5 Q = 0
myrank = 583 P = 4 Q = 2
myrank = 274 P = 3 Q = 5
myrank = 318 P = 4 Q = 5
myrank = 580 P = 1 Q = 0
myrank = 432 P = 3 Q = 3
myrank = 654 P = 2 Q = 0
myrank = 336 P = 1 Q = 1
myrank = 667 P = 0 Q = 4
myrank = 337 P = 2 Q = 5
myrank = 238 P = 3 Q = 2
myrank = 338 P = 0 Q = 3
myrank = 570 P = 1 Q = 0
myrank = 587 P = 3 Q = 3
myrank = 319 P = 3 Q = 4
myrank = 316 P = 5 Q = 0
myrank = 585 P = 2 Q = 0
myrank = 278 P = 4 Q = 1
myrank = 651 P = 5 Q = 4
myrank = 657 P = 0 Q = 0
myrank = 246 P = 5 Q = 3
myrank = 272 P = 0 Q = 5
myrank = 295 P = 3 Q = 3
myrank = 584 P = 5 Q = 5
myrank = 582 P = 1 Q = 0
myrank = 247 P = 3 Q = 4
myrank = 357 P = 4 Q = 3
myrank = 581 P = 1 Q = 5
myrank = 245 P = 4 Q = 5
myrank = 293 P = 2 Q = 2
myrank = 356 P = 1 Q = 5
myrank = 649 P = 1 Q = 5
myrank = 330 P = 4 Q = 5
myrank = 244 P = 2 Q = 3
myrank = 574 P = 5 Q = 2
myrank = 292 P = 5 Q = 3
myrank = 359 P = 2 Q = 5
myrank = 279 P = 2 Q = 5
myrank = 258 P = 2 Q = 0
myrank = 358 P = 2 Q = 1
myrank = 259 P = 3 Q = 1
myrank = 283 P = 5 Q = 4
myrank = 628 P = 2 Q = 0
myrank = 650 P = 1 Q = 0
myrank = 463 P = 0 Q = 5
myrank = 282 P = 0 Q = 5
myrank = 256 P = 4 Q = 0
myrank = 702 P = 3 Q = 5
myrank = 294 P = 0 Q = 0
myrank = 273 P = 0 Q = 1
myrank = 656 P = 0 Q = 4
myrank = 277 P = 4 Q = 2
myrank = 701 P = 3 Q = 3
myrank = 659 P = 3 Q = 0
myrank = 658 P = 1 Q = 1
myrank = 280 P = 5 Q = 3
myrank = 703 P = 0 Q = 3
myrank = 281 P = 5 Q = 5
myrank = 276 P = 4 Q = 4
myrank = 257 P = 5 Q = 1
myrank = 629 P = 4 Q = 2
myrank = 631 P = 2 Q = 4
myrank = 700 P = 5 Q = 5
myrank = 630 P = 2 Q = 5
myrank = 254 P = 1 Q = 1
myrank = 593 P = 5 Q = 4
myrank = 253 P = 3 Q = 0
myrank = 602 P = 4 Q = 4
myrank = 589 P = 0 Q = 3
myrank = 597 P = 5 Q = 3
myrank = 565 P = 0 Q = 5
myrank = 601 P = 3 Q = 3
myrank = 577 P = 0 Q = 3
*******************************
dgemm_time	8.067511
conv_transfer_time	0.000000
conv_calculate_time	3707.071289
elastic_calculate_time	3707.121338
Allen_Cahn_nonlinear_time	3732.112549
Cahn_Hilliard_nonlinear_time	0.011838
trans_time	538.808105
trans_Memcpy_time	11.747952
trans_MPI_time	524.131226
trans_pack_time	0.306434
trans_enlarge_time	0.674138
trans_mu_time	0.388170
trans_unpack_time	1.049196
updateU_new_time	0.467409
runtime	4.281782
--------------------------------------------------!
***************dt=2.000000***************
***************flag=0***************
--------------------------------------------------!
time		0.000000
wall time	2.132794
*******************************
dgemm_time	6.928376
conv_transfer_time	0.000000
conv_calculate_time	623.840637
elastic_calculate_time	623.878601
Allen_Cahn_nonlinear_time	650.528198
Cahn_Hilliard_nonlinear_time	0.012157
trans_time	13.217522
trans_Memcpy_time	6.461817
trans_MPI_time	4.097582
trans_pack_time	0.257858
trans_enlarge_time	0.458294
trans_mu_time	0.386151
trans_unpack_time	1.025995
updateU_new_time	0.432704
runtime	0.677954
--------------------------------------------------!
***************dt=2.000000***************
***************flag=0***************
--------------------------------------------------!
time		0.000000
wall time	6.417101
*******************************
dgemm_time	6.922239
conv_transfer_time	0.000000
conv_calculate_time	624.235840
elastic_calculate_time	624.273438
Allen_Cahn_nonlinear_time	648.562622
Cahn_Hilliard_nonlinear_time	0.014237
trans_time	13.040886
trans_Memcpy_time	6.445927
trans_MPI_time	4.026465
trans_pack_time	0.253064
trans_enlarge_time	0.455580
trans_mu_time	0.386797
trans_unpack_time	1.024253
updateU_new_time	0.434790
runtime	0.670382
--------------------------------------------------!
***************dt=2.000000***************
***************flag=0***************
--------------------------------------------------!
time		0.000000
wall time	7.097527
*******************************
dgemm_time	6.908251
conv_transfer_time	0.000000
conv_calculate_time	623.237732
elastic_calculate_time	623.283386
Allen_Cahn_nonlinear_time	652.195557
Cahn_Hilliard_nonlinear_time	0.014237
trans_time	13.145282
trans_Memcpy_time	6.628222
trans_MPI_time	3.815526
trans_pack_time	0.259787
trans_enlarge_time	0.476704
trans_mu_time	0.410158
trans_unpack_time	1.024107
updateU_new_time	0.437354
runtime	0.673412
--------------------------------------------------!
***************dt=2.000000***************
***************flag=0***************
--------------------------------------------------!
time		0.000000
wall time	7.770394
*******************************
dgemm_time	6.924008
conv_transfer_time	0.000000
conv_calculate_time	624.476807
elastic_calculate_time	624.521118
Allen_Cahn_nonlinear_time	649.209656
Cahn_Hilliard_nonlinear_time	0.012317
trans_time	13.166938
trans_Memcpy_time	6.658381
trans_MPI_time	3.796539
trans_pack_time	0.262190
trans_enlarge_time	0.477186
trans_mu_time	0.414477
trans_unpack_time	1.028119
updateU_new_time	0.435600
runtime	0.673160
--------------------------------------------------!
***************dt=2.000000***************
***************flag=0***************
--------------------------------------------------!
time		0.000000
wall time	8.446269
*******************************
dgemm_time	6.884889
conv_transfer_time	0.000000
conv_calculate_time	621.239075
elastic_calculate_time	621.278076
Allen_Cahn_nonlinear_time	648.206482
Cahn_Hilliard_nonlinear_time	0.011998
trans_time	13.012449
trans_Memcpy_time	6.422660
trans_MPI_time	4.019422
trans_pack_time	0.249554
trans_enlarge_time	0.454633
trans_mu_time	0.389205
trans_unpack_time	1.023492
updateU_new_time	0.435445
runtime	0.670061
--------------------------------------------------!
***************dt=2.000000***************
***************flag=0***************
--------------------------------------------------!
time		0.000000
wall time	9.121888
*******************************
dgemm_time	6.921589
conv_transfer_time	0.000000
conv_calculate_time	621.473938
elastic_calculate_time	621.513855
Allen_Cahn_nonlinear_time	648.053223
Cahn_Hilliard_nonlinear_time	0.012318
trans_time	13.340632
trans_Memcpy_time	6.527191
trans_MPI_time	4.194315
trans_pack_time	0.252277
trans_enlarge_time	0.457840
trans_mu_time	0.387772
trans_unpack_time	1.026862
updateU_new_time	0.432729
runtime	0.676287
--------------------------------------------------!
***************dt=2.000000***************
***************flag=0***************
--------------------------------------------------!
time		0.000000
wall time	9.794483
*******************************
dgemm_time	6.925010
conv_transfer_time	0.000000
conv_calculate_time	625.964966
elastic_calculate_time	626.002197
Allen_Cahn_nonlinear_time	649.849365
Cahn_Hilliard_nonlinear_time	0.011838
trans_time	13.149911
trans_Memcpy_time	6.449506
trans_MPI_time	4.078216
trans_pack_time	0.252279
trans_enlarge_time	0.460247
trans_mu_time	0.385858
trans_unpack_time	1.019353
updateU_new_time	0.433373
runtime	0.671372
--------------------------------------------------!
***************dt=2.000000***************
***************flag=0***************
--------------------------------------------------!
time		0.000000
wall time	10.473271
*******************************
dgemm_time	6.927146
conv_transfer_time	0.000000
conv_calculate_time	623.528198
elastic_calculate_time	623.568604
Allen_Cahn_nonlinear_time	649.191345
Cahn_Hilliard_nonlinear_time	0.011838
trans_time	13.180891
trans_Memcpy_time	6.455804
trans_MPI_time	4.090410
trans_pack_time	0.256281
trans_enlarge_time	0.455288
trans_mu_time	0.385380
trans_unpack_time	1.029761
updateU_new_time	0.433216
runtime	0.670842
--------------------------------------------------!
***************dt=2.000000***************
***************flag=0***************
--------------------------------------------------!
time		0.000000
wall time	11.147105
*******************************
dgemm_time	6.903999
conv_transfer_time	0.000000
conv_calculate_time	624.572510
elastic_calculate_time	624.609375
Allen_Cahn_nonlinear_time	653.324768
Cahn_Hilliard_nonlinear_time	0.011998
trans_time	13.010781
trans_Memcpy_time	6.464494
trans_MPI_time	3.911268
trans_pack_time	0.255642
trans_enlarge_time	0.460091
trans_mu_time	0.386023
trans_unpack_time	1.023051
updateU_new_time	0.432740
runtime	0.674431
--------------------------------------------------!
***************dt=2.000000***************
***************flag=0***************
--------------------------------------------------!
time		0.000000
wall time	11.820414
*******************************
dgemm_time	6.921004
conv_transfer_time	0.000000
conv_calculate_time	622.973694
elastic_calculate_time	623.009338
Allen_Cahn_nonlinear_time	650.242737
Cahn_Hilliard_nonlinear_time	0.012318
trans_time	13.020796
trans_Memcpy_time	6.462941
trans_MPI_time	3.923614
trans_pack_time	0.255005
trans_enlarge_time	0.456577
trans_mu_time	0.384744
trans_unpack_time	1.029297
updateU_new_time	0.431623
runtime	0.678462
--------------------------------------------------!
***************dt=2.000000***************
***************flag=0***************
--------------------------------------------------!
time		0.000000
wall time	12.497304
*******************************
dgemm_time	6.911929
conv_transfer_time	0.000000
conv_calculate_time	624.075317
elastic_calculate_time	624.111328
Allen_Cahn_nonlinear_time	648.543091
Cahn_Hilliard_nonlinear_time	0.011838
trans_time	13.090666
trans_Memcpy_time	6.445229
trans_MPI_time	4.075461
trans_pack_time	0.256126
trans_enlarge_time	0.454337
trans_mu_time	0.386829
trans_unpack_time	1.025464
updateU_new_time	0.432745
runtime	0.676653
--------------------------------------------------!
***************dt=2.000000***************
***************flag=0***************
--------------------------------------------------!
time		0.000000
wall time	13.178228
*******************************
dgemm_time	6.927649
conv_transfer_time	0.000000
conv_calculate_time	624.020813
elastic_calculate_time	624.057373
Allen_Cahn_nonlinear_time	653.794922
Cahn_Hilliard_nonlinear_time	0.012318
trans_time	13.029646
trans_Memcpy_time	6.419832
trans_MPI_time	4.030053
trans_pack_time	0.255008
trans_enlarge_time	0.455783
trans_mu_time	0.388590
trans_unpack_time	1.032030
updateU_new_time	0.431468
runtime	0.675059
--------------------------------------------------!
***************dt=2.000000***************
***************flag=0***************
--------------------------------------------------!
time		0.000000
wall time	13.857338
*******************************
dgemm_time	6.928487
conv_transfer_time	0.000000
conv_calculate_time	622.505554
elastic_calculate_time	622.541504
Allen_Cahn_nonlinear_time	648.435120
Cahn_Hilliard_nonlinear_time	0.011839
trans_time	13.088476
trans_Memcpy_time	6.414911
trans_MPI_time	4.101269
trans_pack_time	0.253570
trans_enlarge_time	0.460104
trans_mu_time	0.387471
trans_unpack_time	1.024357
updateU_new_time	0.430671
runtime	0.670276
--------------------------------------------------!
***************dt=2.000000***************
***************flag=0***************
--------------------------------------------------!
time		0.000000
wall time	14.534837
*******************************
dgemm_time	6.929802
conv_transfer_time	0.000000
conv_calculate_time	625.459351
elastic_calculate_time	625.494202
Allen_Cahn_nonlinear_time	651.885864
Cahn_Hilliard_nonlinear_time	0.012159
trans_time	13.026684
trans_Memcpy_time	6.453021
trans_MPI_time	4.002743
trans_pack_time	0.255651
trans_enlarge_time	0.455790
trans_mu_time	0.385397
trans_unpack_time	1.027562
updateU_new_time	0.434352
runtime	0.674317
--------------------------------------------------!
***************dt=2.000000***************
***************flag=0***************
--------------------------------------------------!
time		0.000000
wall time	15.207585
*******************************
dgemm_time	6.915438
conv_transfer_time	0.000000
conv_calculate_time	623.262878
elastic_calculate_time	623.298767
Allen_Cahn_nonlinear_time	655.042358
Cahn_Hilliard_nonlinear_time	0.012159
trans_time	13.164226
trans_Memcpy_time	6.433377
trans_MPI_time	4.157466
trans_pack_time	0.254852
trans_enlarge_time	0.454510
trans_mu_time	0.387477
trans_unpack_time	1.029168
updateU_new_time	0.445073
runtime	0.681591
--------------------------------------------------!
***************dt=2.000000***************
***************flag=0***************
--------------------------------------------------!
time		0.000000
wall time	15.884365
*******************************
dgemm_time	6.912909
conv_transfer_time	0.000000
conv_calculate_time	623.737793
elastic_calculate_time	623.774231
Allen_Cahn_nonlinear_time	649.317200
Cahn_Hilliard_nonlinear_time	0.011839
trans_time	12.988129
trans_Memcpy_time	6.418370
trans_MPI_time	3.994943
trans_pack_time	0.253414
trans_enlarge_time	0.457231
trans_mu_time	0.385561
trans_unpack_time	1.030452
updateU_new_time	0.441396
runtime	0.673073
--------------------------------------------------!
***************dt=2.000000***************
***************flag=0***************
--------------------------------------------------!
time		0.000000
wall time	16.568419
*******************************
dgemm_time	6.929097
conv_transfer_time	0.000000
conv_calculate_time	623.421021
elastic_calculate_time	623.458679
Allen_Cahn_nonlinear_time	649.005066
Cahn_Hilliard_nonlinear_time	0.011999
trans_time	13.320226
trans_Memcpy_time	6.446557
trans_MPI_time	4.301651
trans_pack_time	0.257254
trans_enlarge_time	0.455796
trans_mu_time	0.391642
trans_unpack_time	1.021498
updateU_new_time	0.460756
runtime	0.677017
--------------------------------------------------!
***************dt=2.000000***************
***************flag=0***************
--------------------------------------------------!
time		0.000000
wall time	17.243977
*******************************
dgemm_time	6.930724
conv_transfer_time	0.000000
conv_calculate_time	623.082092
elastic_calculate_time	623.118347
Allen_Cahn_nonlinear_time	647.580688
Cahn_Hilliard_nonlinear_time	0.011839
trans_time	13.638739
trans_Memcpy_time	6.425307
trans_MPI_time	4.648516
trans_pack_time	0.254856
trans_enlarge_time	0.453876
trans_mu_time	0.387963
trans_unpack_time	1.024862
updateU_new_time	0.433080
runtime	0.669607
--------------------------------------------------!
***************dt=2.000000***************
***************flag=0***************
--------------------------------------------------!
time		0.000000
wall time	17.923446
*******************************
dgemm_time	6.929150
conv_transfer_time	0.000000
conv_calculate_time	623.532532
elastic_calculate_time	623.569031
Allen_Cahn_nonlinear_time	650.454712
Cahn_Hilliard_nonlinear_time	0.011839
trans_time	13.190045
trans_Memcpy_time	6.427731
trans_MPI_time	4.195935
trans_pack_time	0.254056
trans_enlarge_time	0.455478
trans_mu_time	0.386363
trans_unpack_time	1.023586
updateU_new_time	0.434842
runtime	0.676189
--------------------------------------------------!
***************dt=2.000000***************
***************flag=0***************
--------------------------------------------------!
time		0.000000
wall time	18.595500
*******************************
dgemm_time	6.929975
conv_transfer_time	0.000000
conv_calculate_time	622.590515
elastic_calculate_time	622.626526
Allen_Cahn_nonlinear_time	647.585510
Cahn_Hilliard_nonlinear_time	0.012319
trans_time	13.540143
trans_Memcpy_time	6.419117
trans_MPI_time	4.554960
trans_pack_time	0.253418
trans_enlarge_time	0.455322
trans_mu_time	0.385728
trans_unpack_time	1.026950
updateU_new_time	0.434843
runtime	0.670520
--------------------------------------------------!
***************dt=2.000000***************
***************flag=0***************
--------------------------------------------------!
time		0.000000
wall time	19.274158
*******************************
dgemm_time	6.900241
conv_transfer_time	0.000000
conv_calculate_time	623.726440
elastic_calculate_time	623.763367
Allen_Cahn_nonlinear_time	649.441711
Cahn_Hilliard_nonlinear_time	0.012319
trans_time	12.944012
trans_Memcpy_time	6.414979
trans_MPI_time	3.957426
trans_pack_time	0.255178
trans_enlarge_time	0.456442
trans_mu_time	0.385249
trans_unpack_time	1.027593
updateU_new_time	0.436445
runtime	0.677091
--------------------------------------------------!
***************dt=2.000000***************
***************flag=0***************
--------------------------------------------------!
time		0.000000
wall time	19.947180
*******************************
dgemm_time	6.926181
conv_transfer_time	0.000000
conv_calculate_time	623.412659
elastic_calculate_time	623.452759
Allen_Cahn_nonlinear_time	654.199829
Cahn_Hilliard_nonlinear_time	0.011679
trans_time	13.093073
trans_Memcpy_time	6.422200
trans_MPI_time	4.089589
trans_pack_time	0.255340
trans_enlarge_time	0.454843
trans_mu_time	0.386689
trans_unpack_time	1.027917
updateU_new_time	0.433726
runtime	0.675611
--------------------------------------------------!
***************dt=2.000000***************
***************flag=0***************
--------------------------------------------------!
time		0.000000
wall time	20.626720
*******************************
dgemm_time	6.922202
conv_transfer_time	0.000000
conv_calculate_time	622.656189
elastic_calculate_time	622.693115
Allen_Cahn_nonlinear_time	652.784424
Cahn_Hilliard_nonlinear_time	0.011839
trans_time	13.192677
trans_Memcpy_time	6.432779
trans_MPI_time	4.191993
trans_pack_time	0.256940
trans_enlarge_time	0.452446
trans_mu_time	0.389249
trans_unpack_time	1.024080
updateU_new_time	0.435328
runtime	0.674695
--------------------------------------------------!
***************dt=2.000000***************
***************flag=0***************
--------------------------------------------------!
time		0.000000
wall time	21.304848
*******************************
dgemm_time	6.901583
conv_transfer_time	0.000000
conv_calculate_time	624.471130
elastic_calculate_time	624.508728
Allen_Cahn_nonlinear_time	649.105469
Cahn_Hilliard_nonlinear_time	0.012159
trans_time	13.190766
trans_Memcpy_time	6.422238
trans_MPI_time	4.190567
trans_pack_time	0.255501
trans_enlarge_time	0.458048
trans_mu_time	0.387330
trans_unpack_time	1.030163
updateU_new_time	0.431329
runtime	0.676521
--------------------------------------------------!
***************dt=2.000000***************
***************flag=0***************
--------------------------------------------------!
time		0.000000
wall time	21.982006
*******************************
dgemm_time	6.914562
conv_transfer_time	0.000000
conv_calculate_time	623.432434
elastic_calculate_time	623.468140
Allen_Cahn_nonlinear_time	649.595459
Cahn_Hilliard_nonlinear_time	0.011999
trans_time	13.055075
trans_Memcpy_time	6.408659
trans_MPI_time	4.077307
trans_pack_time	0.255662
trans_enlarge_time	0.456448
trans_mu_time	0.387334
trans_unpack_time	1.023767
updateU_new_time	0.434530
runtime	0.671247
--------------------------------------------------!
***************dt=2.000000***************
***************flag=0***************
--------------------------------------------------!
time		0.000000
wall time	22.661033
*******************************
dgemm_time	6.915219
conv_transfer_time	0.000000
conv_calculate_time	623.505859
elastic_calculate_time	623.541443
Allen_Cahn_nonlinear_time	648.354614
Cahn_Hilliard_nonlinear_time	0.011999
trans_time	13.384526
trans_Memcpy_time	6.428196
trans_MPI_time	4.387377
trans_pack_time	0.254222
trans_enlarge_time	0.456929
trans_mu_time	0.386695
trans_unpack_time	1.024569
updateU_new_time	0.431971
runtime	0.670043
--------------------------------------------------!
***************dt=2.000000***************
***************flag=0***************
--------------------------------------------------!
time		0.000000
wall time	23.334712
*******************************
dgemm_time	6.923876
conv_transfer_time	0.000000
conv_calculate_time	624.293762
elastic_calculate_time	624.329834
Allen_Cahn_nonlinear_time	648.540100
Cahn_Hilliard_nonlinear_time	0.011679
trans_time	13.290797
trans_Memcpy_time	6.428213
trans_MPI_time	4.284995
trans_pack_time	0.253904
trans_enlarge_time	0.456609
trans_mu_time	0.387815
trans_unpack_time	1.029212
updateU_new_time	0.433732
runtime	0.670606
--------------------------------------------------!
***************dt=2.000000***************
***************flag=0***************
--------------------------------------------------!
time		0.000000
wall time	24.007195
*******************************
dgemm_time	6.949971
conv_transfer_time	0.000000
conv_calculate_time	621.719238
elastic_calculate_time	621.754272
Allen_Cahn_nonlinear_time	646.814636
Cahn_Hilliard_nonlinear_time	0.011839
trans_time	13.635428
trans_Memcpy_time	6.432549
trans_MPI_time	4.628343
trans_pack_time	0.254224
trans_enlarge_time	0.457573
trans_mu_time	0.386535
trans_unpack_time	1.029854
updateU_new_time	0.431174
runtime	0.675227
--------------------------------------------------!
***************dt=2.000000***************
***************flag=0***************
--------------------------------------------------!
time		0.000000
wall time	24.680258
*******************************
dgemm_time	6.917028
conv_transfer_time	0.000000
conv_calculate_time	623.598450
elastic_calculate_time	623.636414
Allen_Cahn_nonlinear_time	649.450012
Cahn_Hilliard_nonlinear_time	0.012000
trans_time	13.033128
trans_Memcpy_time	6.423443
trans_MPI_time	4.042951
trans_pack_time	0.253904
trans_enlarge_time	0.454855
trans_mu_time	0.391015
trans_unpack_time	1.022657
updateU_new_time	0.436294
runtime	0.673549
--------------------------------------------------!
***************dt=2.000000***************
***************flag=0***************
--------------------------------------------------!
time		0.000000
wall time	25.357928
*******************************
dgemm_time	6.919283
conv_transfer_time	0.000000
conv_calculate_time	624.881042
elastic_calculate_time	624.919006
Allen_Cahn_nonlinear_time	650.548767
Cahn_Hilliard_nonlinear_time	0.011680
trans_time	13.039756
trans_Memcpy_time	6.425060
trans_MPI_time	4.042800
trans_pack_time	0.255826
trans_enlarge_time	0.455015
trans_mu_time	0.386220
trans_unpack_time	1.024739
updateU_new_time	0.429096
runtime	0.674937
--------------------------------------------------!
***************dt=2.000000***************
***************flag=0***************
--------------------------------------------------!
time		0.000000
wall time	26.033943
*******************************
dgemm_time	6.896739
conv_transfer_time	0.000000
conv_calculate_time	623.299561
elastic_calculate_time	623.336060
Allen_Cahn_nonlinear_time	649.899963
Cahn_Hilliard_nonlinear_time	0.012000
trans_time	13.101142
trans_Memcpy_time	6.428273
trans_MPI_time	4.098485
trans_pack_time	0.253906
trans_enlarge_time	0.456136
trans_mu_time	0.384462
trans_unpack_time	1.034021
updateU_new_time	0.433576
runtime	0.672384
--------------------------------------------------!
***************dt=2.000000***************
***************flag=0***************
--------------------------------------------------!
time		0.000000
wall time	26.711336
*******************************
dgemm_time	6.912592
conv_transfer_time	0.000000
conv_calculate_time	622.737305
elastic_calculate_time	622.773621
Allen_Cahn_nonlinear_time	649.976379
Cahn_Hilliard_nonlinear_time	0.012480
trans_time	13.461448
trans_Memcpy_time	6.398527
trans_MPI_time	4.487592
trans_pack_time	0.258546
trans_enlarge_time	0.454536
trans_mu_time	0.388782
trans_unpack_time	1.026343
updateU_new_time	0.433737
runtime	0.677147
--------------------------------------------------!
***************dt=2.000000***************
***************flag=0***************
--------------------------------------------------!
time		0.000000
wall time	27.386196
*******************************
dgemm_time	6.923805
conv_transfer_time	0.000000
conv_calculate_time	623.088196
elastic_calculate_time	623.124084
Allen_Cahn_nonlinear_time	649.499939
Cahn_Hilliard_nonlinear_time	0.012000
trans_time	13.129453
trans_Memcpy_time	6.471816
trans_MPI_time	4.078823
trans_pack_time	0.255826
trans_enlarge_time	0.456936
trans_mu_time	0.386382
trans_unpack_time	1.029225
updateU_new_time	0.433578
runtime	0.672347
--------------------------------------------------!
***************dt=2.000000***************
***************flag=0***************
--------------------------------------------------!
time		0.000000
wall time	28.065805
*******************************
dgemm_time	6.913897
conv_transfer_time	0.000000
conv_calculate_time	622.987305
elastic_calculate_time	623.025208
Allen_Cahn_nonlinear_time	649.511841
Cahn_Hilliard_nonlinear_time	0.011680
trans_time	13.148738
trans_Memcpy_time	6.472149
trans_MPI_time	4.109709
trans_pack_time	0.253108
trans_enlarge_time	0.452941
trans_mu_time	0.393902
trans_unpack_time	1.022188
updateU_new_time	0.433259
runtime	0.671222
--------------------------------------------------!
***************dt=2.000000***************
***************flag=0***************
--------------------------------------------------!
time		0.000000
wall time	28.740646
*******************************
dgemm_time	6.916471
conv_transfer_time	0.000000
conv_calculate_time	624.383179
elastic_calculate_time	624.421021
Allen_Cahn_nonlinear_time	649.538452
Cahn_Hilliard_nonlinear_time	0.011680
trans_time	13.020538
trans_Memcpy_time	6.475840
trans_MPI_time	3.967964
trans_pack_time	0.257588
trans_enlarge_time	0.456141
trans_mu_time	0.386702
trans_unpack_time	1.026509
updateU_new_time	0.434379
runtime	0.671245
--------------------------------------------------!
***************dt=2.000000***************
***************flag=0***************
--------------------------------------------------!
time		0.000000
wall time	29.414330
*******************************
dgemm_time	6.907682
conv_transfer_time	0.000000
conv_calculate_time	624.087280
elastic_calculate_time	624.124146
Allen_Cahn_nonlinear_time	650.163635
Cahn_Hilliard_nonlinear_time	0.012320
trans_time	13.036820
trans_Memcpy_time	6.570088
trans_MPI_time	3.891494
trans_pack_time	0.256468
trans_enlarge_time	0.456621
trans_mu_time	0.386702
trans_unpack_time	1.028591
updateU_new_time	0.439340
runtime	0.674063
--------------------------------------------------!
***************dt=2.000000***************
***************flag=0***************
--------------------------------------------------!
time		0.000000
wall time	30.088075
*******************************
dgemm_time	6.916332
conv_transfer_time	0.000000
conv_calculate_time	623.676331
elastic_calculate_time	623.710754
Allen_Cahn_nonlinear_time	648.894348
Cahn_Hilliard_nonlinear_time	0.011840
trans_time	12.987584
trans_Memcpy_time	6.442263
trans_MPI_time	3.968138
trans_pack_time	0.259348
trans_enlarge_time	0.458382
trans_mu_time	0.386222
trans_unpack_time	1.029233
updateU_new_time	0.440301
runtime	0.675219
--------------------------------------------------!
***************dt=2.000000***************
***************flag=0***************
--------------------------------------------------!
time		0.000000
wall time	30.764591
*******************************
dgemm_time	6.919704
conv_transfer_time	0.000000
conv_calculate_time	623.761292
elastic_calculate_time	623.801147
Allen_Cahn_nonlinear_time	648.968323
Cahn_Hilliard_nonlinear_time	0.012000
trans_time	13.161738
trans_Memcpy_time	6.454754
trans_MPI_time	4.135497
trans_pack_time	0.253590
trans_enlarge_time	0.456302
trans_mu_time	0.385586
trans_unpack_time	1.030034
updateU_new_time	0.458221
runtime	0.674983
--------------------------------------------------!
***************dt=2.000000***************
***************flag=0***************
--------------------------------------------------!
time		0.000000
wall time	31.442261
*******************************
dgemm_time	6.924514
conv_transfer_time	0.000000
conv_calculate_time	623.065796
elastic_calculate_time	623.103638
Allen_Cahn_nonlinear_time	650.816406
Cahn_Hilliard_nonlinear_time	0.012160
trans_time	13.158898
trans_Memcpy_time	6.442444
trans_MPI_time	4.147983
trans_pack_time	0.255510
trans_enlarge_time	0.455022
trans_mu_time	0.387507
trans_unpack_time	1.026516
updateU_new_time	0.444142
runtime	0.678774
--------------------------------------------------!
***************dt=2.000000***************
***************flag=0***************
--------------------------------------------------!
time		0.000000
wall time	32.119694
*******************************
dgemm_time	6.909804
conv_transfer_time	0.000000
conv_calculate_time	624.530518
elastic_calculate_time	624.565857
Allen_Cahn_nonlinear_time	650.120483
Cahn_Hilliard_nonlinear_time	0.014560
trans_time	13.150569
trans_Memcpy_time	6.434774
trans_MPI_time	4.141430
trans_pack_time	0.254390
trans_enlarge_time	0.457262
trans_mu_time	0.387668
trans_unpack_time	1.027158
updateU_new_time	0.433103
runtime	0.671371
--------------------------------------------------!
***************dt=2.000000***************
***************flag=0***************
--------------------------------------------------!
time		0.000000
wall time	32.800924
*******************************
dgemm_time	6.925013
conv_transfer_time	0.000000
conv_calculate_time	623.398132
elastic_calculate_time	623.434570
Allen_Cahn_nonlinear_time	649.244873
Cahn_Hilliard_nonlinear_time	0.012160
trans_time	13.134578
trans_Memcpy_time	6.415906
trans_MPI_time	4.155035
trans_pack_time	0.256310
trans_enlarge_time	0.454702
trans_mu_time	0.387508
trans_unpack_time	1.013720
updateU_new_time	0.434703
runtime	0.670927
--------------------------------------------------!
***************dt=2.000000***************
***************flag=0***************
--------------------------------------------------!
time		0.000000
wall time	33.474731
*******************************
dgemm_time	6.936703
conv_transfer_time	0.000000
conv_calculate_time	623.104797
elastic_calculate_time	623.142029
Allen_Cahn_nonlinear_time	649.268555
Cahn_Hilliard_nonlinear_time	0.011840
trans_time	13.152245
trans_Memcpy_time	6.422634
trans_MPI_time	4.147841
trans_pack_time	0.251671
trans_enlarge_time	0.460943
trans_mu_time	0.387028
trans_unpack_time	1.035640
updateU_new_time	0.432464
runtime	0.670955
--------------------------------------------------!
***************dt=2.000000***************
***************flag=0***************
--------------------------------------------------!
time		0.000000
wall time	34.148179
*******************************
dgemm_time	6.933351
conv_transfer_time	0.000000
conv_calculate_time	623.340820
elastic_calculate_time	623.379089
Allen_Cahn_nonlinear_time	652.808167
Cahn_Hilliard_nonlinear_time	0.011840
trans_time	13.547700
trans_Memcpy_time	6.456561
trans_MPI_time	4.461914
trans_pack_time	0.253592
trans_enlarge_time	0.455187
trans_mu_time	0.387668
trans_unpack_time	1.023162
updateU_new_time	0.432305
runtime	0.675995
--------------------------------------------------!
***************dt=2.000000***************
***************flag=0***************
--------------------------------------------------!
time		0.000000
wall time	34.821594
*******************************
dgemm_time	6.921040
conv_transfer_time	0.000000
conv_calculate_time	623.038513
elastic_calculate_time	623.076599
Allen_Cahn_nonlinear_time	649.423401
Cahn_Hilliard_nonlinear_time	0.012160
trans_time	13.431392
trans_Memcpy_time	6.434492
trans_MPI_time	4.370724
trans_pack_time	0.254552
trans_enlarge_time	0.457587
trans_mu_time	0.387028
trans_unpack_time	1.022364
updateU_new_time	0.432945
runtime	0.674577
--------------------------------------------------!
***************dt=2.000000***************
***************flag=0***************
--------------------------------------------------!
time		0.000000
wall time	35.500052
*******************************
dgemm_time	6.919129
conv_transfer_time	0.000000
conv_calculate_time	623.522034
elastic_calculate_time	623.558105
Allen_Cahn_nonlinear_time	648.579956
Cahn_Hilliard_nonlinear_time	0.012160
trans_time	13.300933
trans_Memcpy_time	6.484256
trans_MPI_time	4.249773
trans_pack_time	0.255832
trans_enlarge_time	0.457108
trans_mu_time	0.386228
trans_unpack_time	1.023485
updateU_new_time	0.430066
runtime	0.674884
--------------------------------------------------!
***************dt=2.000000***************
***************flag=0***************
--------------------------------------------------!
time		0.000000
wall time	36.177130
*******************************
dgemm_time	6.933857
conv_transfer_time	0.000000
conv_calculate_time	623.902893
elastic_calculate_time	623.940918
Allen_Cahn_nonlinear_time	655.849609
Cahn_Hilliard_nonlinear_time	0.012000
trans_time	13.187853
trans_Memcpy_time	6.433067
trans_MPI_time	4.176182
trans_pack_time	0.254712
trans_enlarge_time	0.456628
trans_mu_time	0.387188
trans_unpack_time	1.029406
updateU_new_time	0.435346
runtime	0.677171
--------------------------------------------------!
***************dt=2.000000***************
***************flag=0***************
--------------------------------------------------!
time		0.000000
wall time	36.854480
*******************************
dgemm_time	6.923306
conv_transfer_time	0.000000
conv_calculate_time	623.202515
elastic_calculate_time	623.239075
Allen_Cahn_nonlinear_time	648.667114
Cahn_Hilliard_nonlinear_time	0.011840
trans_time	13.268996
trans_Memcpy_time	6.437555
trans_MPI_time	4.261944
trans_pack_time	0.252952
trans_enlarge_time	0.459028
trans_mu_time	0.385588
trans_unpack_time	1.026847
updateU_new_time	0.435987
runtime	0.675149
--------------------------------------------------!
***************dt=2.000000***************
***************flag=0***************
--------------------------------------------------!
time		0.000000
wall time	37.534120
*******************************
dgemm_time	6.917873
conv_transfer_time	0.000000
conv_calculate_time	623.164673
elastic_calculate_time	623.199707
Allen_Cahn_nonlinear_time	653.658813
Cahn_Hilliard_nonlinear_time	0.012160
trans_time	13.090307
trans_Memcpy_time	6.427963
trans_MPI_time	4.086914
trans_pack_time	0.254392
trans_enlarge_time	0.454388
trans_mu_time	0.387348
trans_unpack_time	1.029568
updateU_new_time	0.432147
runtime	0.675260
--------------------------------------------------!
***************dt=2.000000***************
***************flag=0***************
--------------------------------------------------!
time		0.000000
wall time	38.211773
*******************************
dgemm_time	6.922681
conv_transfer_time	0.000000
conv_calculate_time	624.705261
elastic_calculate_time	624.740723
Allen_Cahn_nonlinear_time	650.903259
Cahn_Hilliard_nonlinear_time	0.012000
trans_time	13.192027
trans_Memcpy_time	6.438210
trans_MPI_time	4.183397
trans_pack_time	0.255674
trans_enlarge_time	0.456628
trans_mu_time	0.386871
trans_unpack_time	1.017570
updateU_new_time	0.434068
runtime	0.672284
--------------------------------------------------!
***************dt=2.000000***************
***************flag=0***************
--------------------------------------------------!
time		0.000000
wall time	38.889539
*******************************
dgemm_time	6.938048
conv_transfer_time	0.000000
conv_calculate_time	625.742615
elastic_calculate_time	625.779419
Allen_Cahn_nonlinear_time	652.094055
Cahn_Hilliard_nonlinear_time	0.012320
trans_time	13.136754
trans_Memcpy_time	6.506374
trans_MPI_time	3.986926
trans_pack_time	0.257274
trans_enlarge_time	0.455188
trans_mu_time	0.389753
trans_unpack_time	1.033091
updateU_new_time	0.434388
runtime	0.673191
--------------------------------------------------!
***************dt=2.000000***************
***************flag=0***************
--------------------------------------------------!
time		0.000000
wall time	39.564327
*******************************
dgemm_time	6.937894
conv_transfer_time	0.000000
conv_calculate_time	622.561646
elastic_calculate_time	622.608459
Allen_Cahn_nonlinear_time	651.398621
Cahn_Hilliard_nonlinear_time	0.014560
trans_time	13.565906
trans_Memcpy_time	6.638057
trans_MPI_time	4.305801
trans_pack_time	0.256474
trans_enlarge_time	0.452468
trans_mu_time	0.387194
trans_unpack_time	1.019012
updateU_new_time	0.433589
runtime	0.674933
--------------------------------------------------!
***************dt=2.000000***************
***************flag=0***************
--------------------------------------------------!
time		0.000000
wall time	40.237588
*******************************
dgemm_time	6.917102
conv_transfer_time	0.000000
conv_calculate_time	624.341797
elastic_calculate_time	624.392212
Allen_Cahn_nonlinear_time	649.167603
Cahn_Hilliard_nonlinear_time	0.014080
trans_time	13.230149
trans_Memcpy_time	6.780460
trans_MPI_time	3.689022
trans_pack_time	0.266394
trans_enlarge_time	0.475668
trans_mu_time	0.410554
trans_unpack_time	1.022213
updateU_new_time	0.437749
runtime	0.671899
--------------------------------------------------!
***************dt=2.000000***************
***************flag=0***************
--------------------------------------------------!
time		0.000000
wall time	40.912597
*******************************
dgemm_time	6.961908
conv_transfer_time	0.000000
conv_calculate_time	624.208008
elastic_calculate_time	624.251343
Allen_Cahn_nonlinear_time	650.031738
Cahn_Hilliard_nonlinear_time	0.014240
trans_time	13.409937
trans_Memcpy_time	6.720469
trans_MPI_time	3.918780
trans_pack_time	0.259994
trans_enlarge_time	0.479668
trans_mu_time	0.407834
trans_unpack_time	1.025734
updateU_new_time	0.434710
runtime	0.676705
--------------------------------------------------!
***************dt=2.000000***************
***************flag=0***************
--------------------------------------------------!
time		0.000000
wall time	41.584583
*******************************
dgemm_time	6.929915
conv_transfer_time	0.000000
conv_calculate_time	623.714661
elastic_calculate_time	623.762390
Allen_Cahn_nonlinear_time	649.350830
Cahn_Hilliard_nonlinear_time	0.014560
trans_time	13.582826
trans_Memcpy_time	6.756954
trans_MPI_time	4.058781
trans_pack_time	0.260154
trans_enlarge_time	0.483830
trans_mu_time	0.409274
trans_unpack_time	1.024775
updateU_new_time	0.436790
runtime	0.672522
--------------------------------------------------!
***************dt=2.000000***************
***************flag=0***************
--------------------------------------------------!
time		0.000000
wall time	42.261365
*******************************
dgemm_time	6.920321
conv_transfer_time	0.000000
conv_calculate_time	622.200684
elastic_calculate_time	622.243408
Allen_Cahn_nonlinear_time	654.225769
Cahn_Hilliard_nonlinear_time	0.014400
trans_time	13.431882
trans_Memcpy_time	6.736320
trans_MPI_time	3.922307
trans_pack_time	0.261754
trans_enlarge_time	0.480313
trans_mu_time	0.411194
trans_unpack_time	1.029576
updateU_new_time	0.435350
runtime	0.681262
--------------------------------------------------!
***************dt=2.000000***************
***************flag=0***************
--------------------------------------------------!
time		0.000000
wall time	42.933959
*******************************
dgemm_time	6.931847
conv_transfer_time	0.000000
conv_calculate_time	623.103577
elastic_calculate_time	623.145874
Allen_Cahn_nonlinear_time	649.488281
Cahn_Hilliard_nonlinear_time	0.014560
trans_time	13.460903
trans_Memcpy_time	6.702087
trans_MPI_time	3.981349
trans_pack_time	0.260314
trans_enlarge_time	0.478233
trans_mu_time	0.408794
trans_unpack_time	1.033257
updateU_new_time	0.435191
runtime	0.671810
--------------------------------------------------!
***************dt=2.000000***************
***************flag=0***************
--------------------------------------------------!
time		0.000000
wall time	43.615319
*******************************
dgemm_time	6.928173
conv_transfer_time	0.000000
conv_calculate_time	622.805725
elastic_calculate_time	622.850098
Allen_Cahn_nonlinear_time	649.424316
Cahn_Hilliard_nonlinear_time	0.012160
trans_time	13.593362
trans_Memcpy_time	6.704173
trans_MPI_time	4.182789
trans_pack_time	0.259674
trans_enlarge_time	0.476314
trans_mu_time	0.411994
trans_unpack_time	1.033577
updateU_new_time	0.432471
runtime	0.671255
--------------------------------------------------!
***************dt=2.000000***************
***************flag=0***************
--------------------------------------------------!
time		0.000000
wall time	44.287200
*******************************
dgemm_time	6.930579
conv_transfer_time	0.000000
conv_calculate_time	623.756287
elastic_calculate_time	623.791077
Allen_Cahn_nonlinear_time	648.182129
Cahn_Hilliard_nonlinear_time	0.012160
trans_time	13.218140
trans_Memcpy_time	6.520502
trans_MPI_time	4.124394
trans_pack_time	0.252316
trans_enlarge_time	0.453114
trans_mu_time	0.386234
trans_unpack_time	1.031818
updateU_new_time	0.442871
runtime	0.673097
--------------------------------------------------!
***************dt=2.000000***************
***************flag=0***************
--------------------------------------------------!
time		0.000000
wall time	44.958525
*******************************
dgemm_time	6.907545
conv_transfer_time	0.000000
conv_calculate_time	624.703064
elastic_calculate_time	624.739441
Allen_Cahn_nonlinear_time	653.554138
Cahn_Hilliard_nonlinear_time	0.011840
trans_time	13.214151
trans_Memcpy_time	6.524668
trans_MPI_time	4.114637
trans_pack_time	0.263676
trans_enlarge_time	0.458554
trans_mu_time	0.384314
trans_unpack_time	1.023499
updateU_new_time	0.450552
runtime	0.677172
--------------------------------------------------!
***************dt=2.000000***************
***************flag=0***************
--------------------------------------------------!
time		0.000000
wall time	45.631711
*******************************
dgemm_time	6.958430
conv_transfer_time	0.000000
conv_calculate_time	623.562927
elastic_calculate_time	623.599121
Allen_Cahn_nonlinear_time	658.204407
Cahn_Hilliard_nonlinear_time	0.012160
trans_time	13.395079
trans_Memcpy_time	6.538753
trans_MPI_time	4.297516
trans_pack_time	0.251996
trans_enlarge_time	0.456154
trans_mu_time	0.387034
trans_unpack_time	1.019660
updateU_new_time	0.451992
runtime	0.680609
--------------------------------------------------!
***************dt=2.000000***************
***************flag=0***************
--------------------------------------------------!
time		0.000000
wall time	46.308954
*******************************
dgemm_time	6.921315
conv_transfer_time	0.000000
conv_calculate_time	623.319397
elastic_calculate_time	623.355225
Allen_Cahn_nonlinear_time	650.055237
Cahn_Hilliard_nonlinear_time	0.012000
trans_time	13.285721
trans_Memcpy_time	6.534761
trans_MPI_time	4.179922
trans_pack_time	0.258076
trans_enlarge_time	0.454394
trans_mu_time	0.387834
trans_unpack_time	1.026701
updateU_new_time	0.436632
runtime	0.678343
--------------------------------------------------!
***************dt=2.000000***************
***************flag=0***************
--------------------------------------------------!
time		0.000000
wall time	46.989707
*******************************
dgemm_time	6.940520
conv_transfer_time	0.000000
conv_calculate_time	623.762268
elastic_calculate_time	623.798096
Allen_Cahn_nonlinear_time	650.682495
Cahn_Hilliard_nonlinear_time	0.011840
trans_time	13.255602
trans_Memcpy_time	6.542924
trans_MPI_time	4.151606
trans_pack_time	0.255196
trans_enlarge_time	0.455034
trans_mu_time	0.384954
trans_unpack_time	1.022862
updateU_new_time	0.432793
runtime	0.679003
--------------------------------------------------!
***************dt=2.000000***************
***************flag=0***************
--------------------------------------------------!
time		0.000000
wall time	47.668153
*******************************
dgemm_time	6.894126
conv_transfer_time	0.000000
conv_calculate_time	624.572449
elastic_calculate_time	624.612488
Allen_Cahn_nonlinear_time	652.924072
Cahn_Hilliard_nonlinear_time	0.011840
trans_time	13.384049
trans_Memcpy_time	6.555088
trans_MPI_time	4.258647
trans_pack_time	0.254076
trans_enlarge_time	0.456154
trans_mu_time	0.392154
trans_unpack_time	1.025263
updateU_new_time	0.438233
runtime	0.674556
--------------------------------------------------!
***************dt=2.000000***************
***************flag=0***************
--------------------------------------------------!
time		0.000000
wall time	48.347228
*******************************
dgemm_time	6.924051
conv_transfer_time	0.000000
conv_calculate_time	623.991638
elastic_calculate_time	624.026978
Allen_Cahn_nonlinear_time	651.021545
Cahn_Hilliard_nonlinear_time	0.012160
trans_time	13.183772
trans_Memcpy_time	6.530934
trans_MPI_time	4.092573
trans_pack_time	0.255516
trans_enlarge_time	0.454074
trans_mu_time	0.387674
trans_unpack_time	1.020463
updateU_new_time	0.431354
runtime	0.675218
--------------------------------------------------!
***************dt=2.000000***************
***************flag=0***************
--------------------------------------------------!
time		0.000000
wall time	49.021855
*******************************
dgemm_time	6.914615
conv_transfer_time	0.000000
conv_calculate_time	628.307983
elastic_calculate_time	628.345459
Allen_Cahn_nonlinear_time	654.673096
Cahn_Hilliard_nonlinear_time	0.012160
trans_time	13.009956
trans_Memcpy_time	6.528219
trans_MPI_time	3.916579
trans_pack_time	0.255036
trans_enlarge_time	0.454714
trans_mu_time	0.387034
trans_unpack_time	1.024944
updateU_new_time	0.433754
runtime	0.675652
--------------------------------------------------!
***************dt=2.000000***************
***************flag=0***************
--------------------------------------------------!
time		0.000000
wall time	49.697209
*******************************
dgemm_time	6.914300
conv_transfer_time	0.000000
conv_calculate_time	626.059021
elastic_calculate_time	626.094849
Allen_Cahn_nonlinear_time	649.906860
Cahn_Hilliard_nonlinear_time	0.011840
trans_time	13.228920
trans_Memcpy_time	6.524062
trans_MPI_time	4.138659
trans_pack_time	0.253276
trans_enlarge_time	0.453434
trans_mu_time	0.387194
trans_unpack_time	1.027665
updateU_new_time	0.433114
runtime	0.677633
--------------------------------------------------!
***************dt=2.000000***************
***************flag=0***************
--------------------------------------------------!
time		0.000000
wall time	50.372933
*******************************
dgemm_time	6.937824
conv_transfer_time	0.000000
conv_calculate_time	623.759766
elastic_calculate_time	623.796509
Allen_Cahn_nonlinear_time	649.086853
Cahn_Hilliard_nonlinear_time	0.012000
trans_time	13.238090
trans_Memcpy_time	6.532387
trans_MPI_time	4.136101
trans_pack_time	0.253758
trans_enlarge_time	0.455994
trans_mu_time	0.387039
trans_unpack_time	1.027185
updateU_new_time	0.432954
runtime	0.670973
--------------------------------------------------!
***************dt=2.000000***************
***************flag=0***************
--------------------------------------------------!
time		0.000000
wall time	51.050640
*******************************
dgemm_time	6.942629
conv_transfer_time	0.000000
conv_calculate_time	622.859070
elastic_calculate_time	622.895020
Allen_Cahn_nonlinear_time	648.187439
Cahn_Hilliard_nonlinear_time	0.012160
trans_time	13.194959
trans_Memcpy_time	6.520552
trans_MPI_time	4.098025
trans_pack_time	0.252478
trans_enlarge_time	0.455514
trans_mu_time	0.387520
trans_unpack_time	1.035346
updateU_new_time	0.434555
runtime	0.674805
--------------------------------------------------!
***************dt=2.000000***************
***************flag=0***************
--------------------------------------------------!
time		0.000000
wall time	51.721726
*******************************
dgemm_time	6.921673
conv_transfer_time	0.000000
conv_calculate_time	625.090027
elastic_calculate_time	625.126831
Allen_Cahn_nonlinear_time	648.516846
Cahn_Hilliard_nonlinear_time	0.011520
trans_time	13.178868
trans_Memcpy_time	6.524715
trans_MPI_time	4.085067
trans_pack_time	0.258078
trans_enlarge_time	0.455834
trans_mu_time	0.388000
trans_unpack_time	1.024787
updateU_new_time	0.433915
runtime	0.671120
--------------------------------------------------!
***************dt=2.000000***************
***************flag=0***************
--------------------------------------------------!
time		0.000000
wall time	52.396668
*******************************
dgemm_time	6.901358
conv_transfer_time	0.000000
conv_calculate_time	623.481262
elastic_calculate_time	623.516418
Allen_Cahn_nonlinear_time	647.639832
Cahn_Hilliard_nonlinear_time	0.012000
trans_time	13.340073
trans_Memcpy_time	6.531600
trans_MPI_time	4.243308
trans_pack_time	0.254558
trans_enlarge_time	0.458239
trans_mu_time	0.388480
trans_unpack_time	1.020628
updateU_new_time	0.434395
runtime	0.670794
--------------------------------------------------!
***************dt=2.000000***************
***************flag=0***************
--------------------------------------------------!
time		0.000000
wall time	53.067861
*******************************
dgemm_time	6.938322
conv_transfer_time	0.000000
conv_calculate_time	623.711243
elastic_calculate_time	623.746948
Allen_Cahn_nonlinear_time	648.851196
Cahn_Hilliard_nonlinear_time	0.012000
trans_time	13.221973
trans_Memcpy_time	6.521525
trans_MPI_time	4.125072
trans_pack_time	0.256638
trans_enlarge_time	0.455199
trans_mu_time	0.390560
trans_unpack_time	1.031988
updateU_new_time	0.431836
runtime	0.671158
--------------------------------------------------!
***************dt=2.000000***************
***************flag=0***************
--------------------------------------------------!
time		0.000000
wall time	53.738729
*******************************
dgemm_time	6.927605
conv_transfer_time	0.000000
conv_calculate_time	623.554993
elastic_calculate_time	623.590515
Allen_Cahn_nonlinear_time	649.010193
Cahn_Hilliard_nonlinear_time	0.011840
trans_time	13.196912
trans_Memcpy_time	6.506968
trans_MPI_time	4.129234
trans_pack_time	0.255518
trans_enlarge_time	0.455520
trans_mu_time	0.385120
trans_unpack_time	1.024149
updateU_new_time	0.432636
runtime	0.671343
--------------------------------------------------!
***************dt=2.000000***************
***************flag=0***************
--------------------------------------------------!
time		0.000000
wall time	54.409979
*******************************
dgemm_time	6.942170
conv_transfer_time	0.000000
conv_calculate_time	622.863831
elastic_calculate_time	622.899841
Allen_Cahn_nonlinear_time	653.073364
Cahn_Hilliard_nonlinear_time	0.011680
trans_time	13.272448
trans_Memcpy_time	6.530333
trans_MPI_time	4.174197
trans_pack_time	0.256318
trans_enlarge_time	0.454400
trans_mu_time	0.387360
trans_unpack_time	1.026229
updateU_new_time	0.434236
runtime	0.674152
--------------------------------------------------!
***************dt=2.000000***************
***************flag=0***************
--------------------------------------------------!
time		0.000000
wall time	55.081393
*******************************
dgemm_time	6.904414
conv_transfer_time	0.000000
conv_calculate_time	623.988464
elastic_calculate_time	624.023376
Allen_Cahn_nonlinear_time	653.509644
Cahn_Hilliard_nonlinear_time	0.012000
trans_time	13.276826
trans_Memcpy_time	6.520735
trans_MPI_time	4.184118
trans_pack_time	0.255198
trans_enlarge_time	0.456480
trans_mu_time	0.384640
trans_unpack_time	1.032950
updateU_new_time	0.430716
runtime	0.679233
--------------------------------------------------!
***************dt=2.000000***************
***************flag=0***************
--------------------------------------------------!
time		0.000000
wall time	55.755617
*******************************
dgemm_time	6.942177
conv_transfer_time	0.000000
conv_calculate_time	623.497925
elastic_calculate_time	623.534546
Allen_Cahn_nonlinear_time	648.653503
Cahn_Hilliard_nonlinear_time	0.012000
trans_time	13.215014
trans_Memcpy_time	6.490501
trans_MPI_time	4.154361
trans_pack_time	0.253598
trans_enlarge_time	0.455840
trans_mu_time	0.389120
trans_unpack_time	1.021430
updateU_new_time	0.431996
runtime	0.671316
--------------------------------------------------!
***************dt=2.000000***************
***************flag=0***************
--------------------------------------------------!
time		0.000000
wall time	56.435068
*******************************
dgemm_time	6.920420
conv_transfer_time	0.000000
conv_calculate_time	625.048645
elastic_calculate_time	625.082764
Allen_Cahn_nonlinear_time	648.707153
Cahn_Hilliard_nonlinear_time	0.011680
trans_time	13.096091
trans_Memcpy_time	6.510981
trans_MPI_time	4.009884
trans_pack_time	0.255518
trans_enlarge_time	0.454400
trans_mu_time	0.386400
trans_unpack_time	1.030231
updateU_new_time	0.431357
runtime	0.670404
--------------------------------------------------!
***************dt=2.000000***************
***************flag=0***************
--------------------------------------------------!
time		0.000000
wall time	57.106457
*******************************
dgemm_time	6.901546
conv_transfer_time	0.000000
conv_calculate_time	623.201904
elastic_calculate_time	623.237976
Allen_Cahn_nonlinear_time	648.469604
Cahn_Hilliard_nonlinear_time	0.012000
trans_time	13.319357
trans_Memcpy_time	6.524586
trans_MPI_time	4.221725
trans_pack_time	0.252958
trans_enlarge_time	0.460000
trans_mu_time	0.386720
trans_unpack_time	1.029592
updateU_new_time	0.431037
runtime	0.670443
--------------------------------------------------!
***************dt=2.000000***************
***************flag=0***************
--------------------------------------------------!
time		0.000000
wall time	57.776941
*******************************
dgemm_time	6.891948
conv_transfer_time	0.000000
conv_calculate_time	622.963013
elastic_calculate_time	622.999512
Allen_Cahn_nonlinear_time	648.667236
Cahn_Hilliard_nonlinear_time	0.011840
trans_time	13.523252
trans_Memcpy_time	6.498030
trans_MPI_time	4.462365
trans_pack_time	0.255198
trans_enlarge_time	0.456480
trans_mu_time	0.385120
trans_unpack_time	1.023832
updateU_new_time	0.436317
runtime	0.673962
--------------------------------------------------!
***************dt=2.000000***************
***************flag=0***************
--------------------------------------------------!
time		0.000000
wall time	58.447488
*******************************
dgemm_time	6.921871
conv_transfer_time	0.000000
conv_calculate_time	623.219788
elastic_calculate_time	623.256775
Allen_Cahn_nonlinear_time	648.151672
Cahn_Hilliard_nonlinear_time	0.011840
trans_time	13.184460
trans_Memcpy_time	6.519953
trans_MPI_time	4.103650
trans_pack_time	0.252958
trans_enlarge_time	0.454880
trans_mu_time	0.385600
trans_unpack_time	1.025433
updateU_new_time	0.444637
runtime	0.670256
--------------------------------------------------!
***************dt=2.000000***************
***************flag=0***************
--------------------------------------------------!
time		0.000000
wall time	59.121519
*******************************
dgemm_time	6.914834
conv_transfer_time	0.000000
conv_calculate_time	623.476562
elastic_calculate_time	623.512756
Allen_Cahn_nonlinear_time	654.143921
Cahn_Hilliard_nonlinear_time	0.012000
trans_time	13.223437
trans_Memcpy_time	6.513556
trans_MPI_time	4.145252
trans_pack_time	0.253760
trans_enlarge_time	0.455520
trans_mu_time	0.386720
trans_unpack_time	1.025273
updateU_new_time	0.440797
runtime	0.675520
--------------------------------------------------!
***************dt=2.000000***************
***************flag=0***************
--------------------------------------------------!
time		0.000000
wall time	59.791851
*******************************
dgemm_time	6.908438
conv_transfer_time	0.000000
conv_calculate_time	624.561340
elastic_calculate_time	624.599976
Allen_Cahn_nonlinear_time	649.125122
Cahn_Hilliard_nonlinear_time	0.011840
trans_time	13.066585
trans_Memcpy_time	6.514839
trans_MPI_time	3.997094
trans_pack_time	0.256480
trans_enlarge_time	0.456160
trans_mu_time	0.386080
trans_unpack_time	1.013914
updateU_new_time	0.461598
runtime	0.676929
--------------------------------------------------!
***************dt=2.000000***************
***************flag=0***************
--------------------------------------------------!
time		0.000000
wall time	60.467498
*******************************
dgemm_time	6.930201
conv_transfer_time	0.000000
conv_calculate_time	624.511414
elastic_calculate_time	624.603638
Allen_Cahn_nonlinear_time	649.819519
Cahn_Hilliard_nonlinear_time	0.011680
trans_time	13.210139
trans_Memcpy_time	6.509082
trans_MPI_time	4.124295
trans_pack_time	0.257120
trans_enlarge_time	0.455360
trans_mu_time	0.387840
trans_unpack_time	1.030714
updateU_new_time	0.431678
runtime	0.672230
--------------------------------------------------!
***************dt=2.000000***************
***************flag=0***************
--------------------------------------------------!
time		0.000000
wall time	61.144501
*******************************
dgemm_time	6.950684
conv_transfer_time	0.000000
conv_calculate_time	624.326721
elastic_calculate_time	624.361755
Allen_Cahn_nonlinear_time	651.949158
Cahn_Hilliard_nonlinear_time	0.011840
trans_time	13.417204
trans_Memcpy_time	6.501405
trans_MPI_time	4.355816
trans_pack_time	0.253760
trans_enlarge_time	0.457120
trans_mu_time	0.387360
trans_unpack_time	1.017755
updateU_new_time	0.437918
runtime	0.676723
--------------------------------------------------!
***************dt=2.000000***************
***************flag=0***************
--------------------------------------------------!
time		0.000000
wall time	61.816801
*******************************
dgemm_time	6.922527
conv_transfer_time	0.000000
conv_calculate_time	624.137878
elastic_calculate_time	624.174866
Allen_Cahn_nonlinear_time	649.752014
Cahn_Hilliard_nonlinear_time	0.011840
trans_time	13.257781
trans_Memcpy_time	6.505888
trans_MPI_time	4.176299
trans_pack_time	0.258400
trans_enlarge_time	0.456160
trans_mu_time	0.388320
trans_unpack_time	1.030715
updateU_new_time	0.434398
runtime	0.676310
--------------------------------------------------!
***************dt=2.000000***************
***************flag=0***************
--------------------------------------------------!
time		0.000000
wall time	62.493617
*******************************
dgemm_time	6.925410
conv_transfer_time	0.000000
conv_calculate_time	623.005188
elastic_calculate_time	623.040405
Allen_Cahn_nonlinear_time	651.155762
Cahn_Hilliard_nonlinear_time	0.011680
trans_time	13.230937
trans_Memcpy_time	6.542211
trans_MPI_time	4.130061
trans_pack_time	0.252160
trans_enlarge_time	0.455520
trans_mu_time	0.386720
trans_unpack_time	1.021915
updateU_new_time	0.435359
runtime	0.672703
--------------------------------------------------!
***************dt=2.000000***************
***************flag=0***************
--------------------------------------------------!
time		0.000000
wall time	63.169995
*******************************
dgemm_time	6.941573
conv_transfer_time	0.000000
conv_calculate_time	624.697754
elastic_calculate_time	624.733582
Allen_Cahn_nonlinear_time	648.889648
Cahn_Hilliard_nonlinear_time	0.012800
trans_time	13.208122
trans_Memcpy_time	6.520133
trans_MPI_time	4.129903
trans_pack_time	0.253440
trans_enlarge_time	0.454720
trans_mu_time	0.386080
trans_unpack_time	1.020156
updateU_new_time	0.434239
runtime	0.676297
--------------------------------------------------!
***************dt=2.000000***************
***************flag=0***************
--------------------------------------------------!
time		0.000000
wall time	63.842771
*******************************
dgemm_time	6.914216
conv_transfer_time	0.000000
conv_calculate_time	622.484558
elastic_calculate_time	622.521729
Allen_Cahn_nonlinear_time	651.212830
Cahn_Hilliard_nonlinear_time	0.011680
trans_time	13.233199
trans_Memcpy_time	6.504456
trans_MPI_time	4.165905
trans_pack_time	0.254720
trans_enlarge_time	0.455360
trans_mu_time	0.385920
trans_unpack_time	1.023516
updateU_new_time	0.433759
runtime	0.672597
--------------------------------------------------!
***************dt=2.000000***************
***************flag=0***************
--------------------------------------------------!
time		0.000000
wall time	64.519172
*******************************
dgemm_time	6.907338
conv_transfer_time	0.000000
conv_calculate_time	622.635559
elastic_calculate_time	622.671753
Allen_Cahn_nonlinear_time	647.855835
Cahn_Hilliard_nonlinear_time	0.012320
trans_time	13.173553
trans_Memcpy_time	6.514379
trans_MPI_time	4.083026
trans_pack_time	0.253760
trans_enlarge_time	0.460800
trans_mu_time	0.386400
trans_unpack_time	1.029757
updateU_new_time	0.431359
runtime	0.673822
--------------------------------------------------!
***************dt=2.000000***************
***************flag=0***************
--------------------------------------------------!
time		0.000000
wall time	65.191842
*******************************
dgemm_time	6.938381
conv_transfer_time	0.000000
conv_calculate_time	623.744263
elastic_calculate_time	623.780151
Allen_Cahn_nonlinear_time	650.770020
Cahn_Hilliard_nonlinear_time	0.012160
trans_time	13.165070
trans_Memcpy_time	6.520621
trans_MPI_time	4.072468
trans_pack_time	0.255520
trans_enlarge_time	0.456160
trans_mu_time	0.387360
trans_unpack_time	1.027997
updateU_new_time	0.431999
runtime	0.674662
--------------------------------------------------!
***************dt=2.000000***************
***************flag=0***************
--------------------------------------------------!
time		0.000000
wall time	65.865740
*******************************
dgemm_time	6.934864
conv_transfer_time	0.000000
conv_calculate_time	624.730408
elastic_calculate_time	624.766235
Allen_Cahn_nonlinear_time	649.327148
Cahn_Hilliard_nonlinear_time	0.011840
trans_time	13.245704
trans_Memcpy_time	6.501105
trans_MPI_time	4.185429
trans_pack_time	0.252640
trans_enlarge_time	0.457440
trans_mu_time	0.385440
trans_unpack_time	1.020478
updateU_new_time	0.432959
runtime	0.671686
--------------------------------------------------!
***************dt=2.000000***************
***************flag=0***************
--------------------------------------------------!
time		0.000000
wall time	66.540490
*******************************
dgemm_time	6.935507
conv_transfer_time	0.000000
conv_calculate_time	623.718811
elastic_calculate_time	623.754211
Allen_Cahn_nonlinear_time	648.070740
Cahn_Hilliard_nonlinear_time	0.011680
trans_time	13.315600
trans_Memcpy_time	6.500626
trans_MPI_time	4.251191
trans_pack_time	0.253920
trans_enlarge_time	0.458400
trans_mu_time	0.387040
trans_unpack_time	1.018878
updateU_new_time	0.435360
runtime	0.669976
--------------------------------------------------!
***************dt=2.000000***************
***************flag=0***************
--------------------------------------------------!
time		0.000000
wall time	67.212248
*******************************
dgemm_time	6.929108
conv_transfer_time	0.000000
conv_calculate_time	622.684998
elastic_calculate_time	622.720764
Allen_Cahn_nonlinear_time	647.616699
Cahn_Hilliard_nonlinear_time	0.011840
trans_time	13.266244
trans_Memcpy_time	6.510390
trans_MPI_time	4.185912
trans_pack_time	0.252640
trans_enlarge_time	0.457280
trans_mu_time	0.385920
trans_unpack_time	1.028798
updateU_new_time	0.431200
runtime	0.671613
--------------------------------------------------!
***************dt=2.000000***************
***************flag=0***************
--------------------------------------------------!
time		0.000000
wall time	67.882294
*******************************
dgemm_time	6.934231
conv_transfer_time	0.000000
conv_calculate_time	623.603943
elastic_calculate_time	623.640198
Allen_Cahn_nonlinear_time	651.022217
Cahn_Hilliard_nonlinear_time	0.012320
trans_time	13.303190
trans_Memcpy_time	6.534392
trans_MPI_time	4.196795
trans_pack_time	0.253600
trans_enlarge_time	0.455040
trans_mu_time	0.389280
trans_unpack_time	1.025919
updateU_new_time	0.433600
runtime	0.672596
--------------------------------------------------!
***************dt=2.000000***************
***************flag=0***************
--------------------------------------------------!
time		0.000000
wall time	68.553998
*******************************
dgemm_time	6.914554
conv_transfer_time	0.000000
conv_calculate_time	623.174927
elastic_calculate_time	623.214478
Allen_Cahn_nonlinear_time	651.554993
Cahn_Hilliard_nonlinear_time	0.012480
trans_time	13.083735
trans_Memcpy_time	6.478074
trans_MPI_time	4.033596
trans_pack_time	0.253600
trans_enlarge_time	0.456480
trans_mu_time	0.386400
trans_unpack_time	1.027839
updateU_new_time	0.433120
runtime	0.672642
--------------------------------------------------!
***************dt=2.000000***************
***************flag=0***************
--------------------------------------------------!
time		0.000000
wall time	69.226664
*******************************
dgemm_time	6.931037
conv_transfer_time	0.000000
conv_calculate_time	627.038818
elastic_calculate_time	627.075867
Allen_Cahn_nonlinear_time	651.988831
Cahn_Hilliard_nonlinear_time	0.012000
trans_time	13.145319
trans_Memcpy_time	6.588318
trans_MPI_time	3.925118
trans_pack_time	0.258240
trans_enlarge_time	0.458080
trans_mu_time	0.386560
trans_unpack_time	1.027359
updateU_new_time	0.436000
runtime	0.673894
--------------------------------------------------!
***************dt=2.000000***************
***************flag=0***************
--------------------------------------------------!
time		0.000000
wall time	69.899378
*******************************
dgemm_time	6.917919
conv_transfer_time	0.000000
conv_calculate_time	623.985107
elastic_calculate_time	624.023804
Allen_Cahn_nonlinear_time	649.901428
Cahn_Hilliard_nonlinear_time	0.012160
trans_time	13.231874
trans_Memcpy_time	6.522400
trans_MPI_time	4.068639
trans_pack_time	0.255200
trans_enlarge_time	0.454560
trans_mu_time	0.387200
trans_unpack_time	1.028480
updateU_new_time	0.438080
runtime	0.676479
--------------------------------------------------!
***************dt=2.000000***************
***************flag=0***************
--------------------------------------------------!
time		0.000000
wall time	70.573406
*******************************
dgemm_time	6.926080
conv_transfer_time	0.000000
conv_calculate_time	624.418457
elastic_calculate_time	624.456421
Allen_Cahn_nonlinear_time	649.632202
Cahn_Hilliard_nonlinear_time	0.011680
trans_time	13.166419
trans_Memcpy_time	6.542400
trans_MPI_time	4.005440
trans_pack_time	0.258080
trans_enlarge_time	0.454720
trans_mu_time	0.388320
trans_unpack_time	1.026720
updateU_new_time	0.434400
runtime	0.671553
--------------------------------------------------!
***************dt=2.000000***************
***************flag=0***************
--------------------------------------------------!
time		0.000000
wall time	71.249976
*******************************
dgemm_time	6.933281
conv_transfer_time	0.000000
conv_calculate_time	623.148560
elastic_calculate_time	623.187561
Allen_Cahn_nonlinear_time	646.999084
Cahn_Hilliard_nonlinear_time	0.012000
trans_time	13.220222
trans_Memcpy_time	6.514400
trans_MPI_time	4.102560
trans_pack_time	0.253280
trans_enlarge_time	0.455360
trans_mu_time	0.387360
trans_unpack_time	1.029280
updateU_new_time	0.433280
runtime	0.669397
--------------------------------------------------!
***************dt=2.000000***************
***************flag=0***************
--------------------------------------------------!
time		0.000000
wall time	71.921601
*******************************
dgemm_time	6.911524
conv_transfer_time	0.000000
conv_calculate_time	622.971680
elastic_calculate_time	623.009521
Allen_Cahn_nonlinear_time	647.954529
Cahn_Hilliard_nonlinear_time	0.012320
trans_time	13.246916
trans_Memcpy_time	6.503360
trans_MPI_time	4.118400
trans_pack_time	0.253600
trans_enlarge_time	0.456480
trans_mu_time	0.385920
trans_unpack_time	1.025920
updateU_new_time	0.432800
runtime	0.673695
--------------------------------------------------!
***************dt=2.000000***************
***************flag=0***************
--------------------------------------------------!
time		0.000000
wall time	72.591085
