running   on	128   processors
restart		0
nx,ny,nz	260	260	132
px,py,pz	4	4	8
nghost		2
output   dir	./output/output2/
data   dir	./data/
dt,t_total	2.000000,200.100000
ELASTIC		1
ANISOTROPIC		1
nac,nch		6,2
xmin,ymin,zmin	0.000000	0.000000	0.000000
xmax,ymax,zmax	1024.000000	1024.000000	1024.000000
checkpoint_,nchk,chk	1,1000,0
nout		10000
Approx		32
detect_iter		100000
Reading input.txt file:
myrank = 41 P = 4 Q = 5
myrank = 43 P = 4 Q = 1
myrank = 40 P = 5 Q = 4
myrank = 42 P = 4 Q = 0
myrank = 23 P = 4 Q = 2
myrank = 19 P = 4 Q = 0
myrank = 18 P = 1 Q = 5
myrank = 16 P = 0 Q = 5
myrank = 21 P = 2 Q = 0
myrank = 20 P = 1 Q = 1
myrank = 54 P = 0 Q = 3
myrank = 17 P = 5 Q = 0
myrank = 3 P = 5 Q = 3
myrank = 55 P = 4 Q = 4
myrank = 63 P = 5 Q = 1
myrank = 60 P = 3 Q = 2
myrank = 50 P = 2 Q = 4
myrank = 2 P = 2 Q = 1
myrank = 47 P = 5 Q = 2
myrank = 61 P = 4 Q = 0
myrank = 121 P = 0 Q = 4
myrank = 33 P = 4 Q = 4
myrank = 56 P = 5 Q = 3
myrank = 22 P = 4 Q = 0
myrank = 123 P = 3 Q = 0
myrank = 44 P = 3 Q = 3
myrank = 0 P = 4 Q = 3
myrank = 120 P = 1 Q = 4
myrank = 53 P = 1 Q = 0
myrank = 34 P = 5 Q = 5
myrank = 15 P = 2 Q = 4
myrank = 52 P = 2 Q = 0
myrank = 32 P = 2 Q = 1
myrank = 45 P = 0 Q = 1
myrank = 51 P = 3 Q = 5
myrank = 46 P = 0 Q = 5
myrank = 58 P = 3 Q = 0
myrank = 66 P = 3 Q = 1
myrank = 1 P = 5 Q = 4
myrank = 49 P = 0 Q = 1
myrank = 67 P = 5 Q = 4
myrank = 38 P = 3 Q = 5
myrank = 36 P = 5 Q = 4
myrank = 90 P = 4 Q = 2
myrank = 35 P = 4 Q = 0
myrank = 13 P = 4 Q = 0
myrank = 59 P = 4 Q = 2
myrank = 14 P = 0 Q = 1
myrank = 64 P = 0 Q = 5
myrank = 7 P = 4 Q = 2
myrank = 27 P = 3 Q = 0
myrank = 25 P = 0 Q = 5
myrank = 26 P = 4 Q = 3
myrank = 39 P = 1 Q = 3
myrank = 57 P = 1 Q = 0
myrank = 6 P = 1 Q = 1
myrank = 12 P = 3 Q = 5
myrank = 4 P = 4 Q = 3
myrank = 88 P = 4 Q = 3
myrank = 62 P = 3 Q = 0
myrank = 91 P = 3 Q = 5
myrank = 48 P = 5 Q = 5
myrank = 122 P = 4 Q = 0
myrank = 37 P = 1 Q = 4
myrank = 5 P = 1 Q = 3
myrank = 65 P = 5 Q = 5
myrank = 24 P = 4 Q = 5
myrank = 89 P = 1 Q = 1
myrank = 119 P = 5 Q = 4
myrank = 116 P = 4 Q = 1
myrank = 83 P = 1 Q = 0
myrank = 9 P = 4 Q = 0
myrank = 11 P = 1 Q = 5
myrank = 118 P = 1 Q = 3
myrank = 117 P = 2 Q = 2
myrank = 10 P = 0 Q = 0
myrank = 8 P = 1 Q = 3
myrank = 127 P = 3 Q = 3
myrank = 81 P = 3 Q = 5
myrank = 99 P = 0 Q = 2
myrank = 126 P = 3 Q = 5
myrank = 111 P = 2 Q = 1
myrank = 95 P = 0 Q = 5
myrank = 109 P = 4 Q = 3
myrank = 96 P = 5 Q = 5
myrank = 70 P = 4 Q = 0
myrank = 76 P = 4 Q = 2
myrank = 80 P = 2 Q = 1
myrank = 98 P = 5 Q = 4
myrank = 125 P = 0 Q = 5
myrank = 82 P = 5 Q = 2
myrank = 124 P = 1 Q = 1
myrank = 68 P = 4 Q = 4
myrank = 113 P = 2 Q = 2
myrank = 31 P = 0 Q = 4
myrank = 86 P = 4 Q = 4
myrank = 29 P = 0 Q = 2
myrank = 94 P = 4 Q = 5
myrank = 97 P = 0 Q = 1
myrank = 73 P = 0 Q = 2
myrank = 108 P = 0 Q = 2
myrank = 93 P = 0 Q = 0
myrank = 71 P = 5 Q = 1
myrank = 77 P = 3 Q = 5
myrank = 78 P = 5 Q = 2
myrank = 84 P = 5 Q = 4
myrank = 74 P = 4 Q = 0
myrank = 69 P = 5 Q = 0
myrank = 85 P = 1 Q = 4
myrank = 92 P = 1 Q = 0
myrank = 110 P = 0 Q = 0
myrank = 79 P = 3 Q = 3
myrank = 115 P = 2 Q = 4
myrank = 105 P = 1 Q = 0
myrank = 28 P = 5 Q = 4
myrank = 30 P = 2 Q = 2
myrank = 112 P = 0 Q = 5
myrank = 114 P = 3 Q = 3
myrank = 87 P = 4 Q = 0
myrank = 104 P = 2 Q = 3
myrank = 72 P = 4 Q = 1
myrank = 107 P = 1 Q = 4
myrank = 106 P = 0 Q = 0
myrank = 75 P = 0 Q = 0
myrank = 103 P = 1 Q = 1
myrank = 101 P = 1 Q = 3
myrank = 102 P = 2 Q = 4
myrank = 100 P = 5 Q = 5
*******************************
dgemm_time	81.810959
conv_transfer_time	0.000000
conv_calculate_time	6074.590820
elastic_calculate_time	6074.645020
Allen_Cahn_nonlinear_time	6185.483887
Cahn_Hilliard_nonlinear_time	0.011999
trans_time	160.337463
trans_Memcpy_time	37.704086
trans_MPI_time	116.412048
trans_pack_time	0.459331
trans_enlarge_time	0.948419
trans_mu_time	0.470849
trans_unpack_time	3.701998
updateU_new_time	2.756299
runtime	6.431270
--------------------------------------------------!
***************dt=2.000000***************
***************flag=0***************
--------------------------------------------------!
time		0.000000
wall time	2.161194
*******************************
dgemm_time	80.044991
conv_transfer_time	0.000000
conv_calculate_time	3157.965088
elastic_calculate_time	3158.002441
Allen_Cahn_nonlinear_time	3252.871094
Cahn_Hilliard_nonlinear_time	0.012319
trans_time	38.323627
trans_Memcpy_time	19.038591
trans_MPI_time	13.656544
trans_pack_time	0.377095
trans_enlarge_time	0.693875
trans_mu_time	0.442054
trans_unpack_time	3.657200
updateU_new_time	2.703023
runtime	3.375765
--------------------------------------------------!
***************dt=2.000000***************
***************flag=0***************
--------------------------------------------------!
time		0.000000
wall time	8.606506
*******************************
dgemm_time	80.105789
conv_transfer_time	0.000000
conv_calculate_time	3161.110107
elastic_calculate_time	3161.146729
Allen_Cahn_nonlinear_time	3254.442871
Cahn_Hilliard_nonlinear_time	0.012159
trans_time	37.598557
trans_Memcpy_time	18.983875
trans_MPI_time	13.061544
trans_pack_time	0.375015
trans_enlarge_time	0.674356
trans_mu_time	0.445733
trans_unpack_time	3.594964
updateU_new_time	2.701103
runtime	3.377036
--------------------------------------------------!
***************dt=2.000000***************
***************flag=0***************
--------------------------------------------------!
time		0.000000
wall time	11.996282
*******************************
dgemm_time	80.099548
conv_transfer_time	0.000000
conv_calculate_time	3157.066895
elastic_calculate_time	3157.116211
Allen_Cahn_nonlinear_time	3254.634277
Cahn_Hilliard_nonlinear_time	0.011999
trans_time	38.062405
trans_Memcpy_time	19.002434
trans_MPI_time	13.522154
trans_pack_time	0.373895
trans_enlarge_time	0.676276
trans_mu_time	0.443014
trans_unpack_time	3.588245
updateU_new_time	2.703823
runtime	3.377066
--------------------------------------------------!
***************dt=2.000000***************
***************flag=0***************
--------------------------------------------------!
time		0.000000
wall time	15.387318
*******************************
dgemm_time	80.032021
conv_transfer_time	0.000000
conv_calculate_time	3156.592773
elastic_calculate_time	3156.632568
Allen_Cahn_nonlinear_time	3251.541748
Cahn_Hilliard_nonlinear_time	0.011840
trans_time	39.098858
trans_Memcpy_time	19.055872
trans_MPI_time	14.428495
trans_pack_time	0.386695
trans_enlarge_time	0.671796
trans_mu_time	0.440292
trans_unpack_time	3.593685
updateU_new_time	2.708649
runtime	3.375489
--------------------------------------------------!
***************dt=2.000000***************
***************flag=0***************
--------------------------------------------------!
time		0.000000
wall time	18.778503
*******************************
dgemm_time	80.020233
conv_transfer_time	0.000000
conv_calculate_time	3155.899414
elastic_calculate_time	3155.938232
Allen_Cahn_nonlinear_time	3249.127686
Cahn_Hilliard_nonlinear_time	0.012000
trans_time	37.811382
trans_Memcpy_time	18.983107
trans_MPI_time	13.229025
trans_pack_time	0.388139
trans_enlarge_time	0.673243
trans_mu_time	0.439816
trans_unpack_time	3.576122
updateU_new_time	2.708192
runtime	3.371899
--------------------------------------------------!
***************dt=2.000000***************
***************flag=0***************
--------------------------------------------------!
time		0.000000
wall time	22.167965
*******************************
dgemm_time	80.116776
conv_transfer_time	0.000000
conv_calculate_time	3161.377930
elastic_calculate_time	3161.419922
Allen_Cahn_nonlinear_time	3256.883301
Cahn_Hilliard_nonlinear_time	0.011680
trans_time	37.653305
trans_Memcpy_time	19.061985
trans_MPI_time	12.990430
trans_pack_time	0.375503
trans_enlarge_time	0.682849
trans_mu_time	0.439822
trans_unpack_time	3.583992
updateU_new_time	2.730130
runtime	3.382205
--------------------------------------------------!
***************dt=2.000000***************
***************flag=0***************
--------------------------------------------------!
time		0.000000
wall time	25.553858
*******************************
dgemm_time	80.067146
conv_transfer_time	0.000000
conv_calculate_time	3158.589600
elastic_calculate_time	3158.628906
Allen_Cahn_nonlinear_time	3253.148926
Cahn_Hilliard_nonlinear_time	0.011840
trans_time	37.781090
trans_Memcpy_time	18.966600
trans_MPI_time	13.190351
trans_pack_time	0.395185
trans_enlarge_time	0.683975
trans_mu_time	0.442543
trans_unpack_time	3.589616
updateU_new_time	2.711746
runtime	3.376463
--------------------------------------------------!
***************dt=2.000000***************
***************flag=0***************
--------------------------------------------------!
time		0.000000
wall time	28.950083
*******************************
dgemm_time	80.118401
conv_transfer_time	0.000000
conv_calculate_time	3155.924561
elastic_calculate_time	3155.979492
Allen_Cahn_nonlinear_time	3255.360596
Cahn_Hilliard_nonlinear_time	0.011840
trans_time	37.720570
trans_Memcpy_time	18.990383
trans_MPI_time	13.195064
trans_pack_time	0.374228
trans_enlarge_time	0.688779
trans_mu_time	0.436148
trans_unpack_time	3.578277
updateU_new_time	2.703759
runtime	3.377230
--------------------------------------------------!
***************dt=2.000000***************
***************flag=0***************
--------------------------------------------------!
time		0.000000
wall time	32.340566
*******************************
dgemm_time	80.119675
conv_transfer_time	0.000000
conv_calculate_time	3165.182861
elastic_calculate_time	3165.220215
Allen_Cahn_nonlinear_time	3260.448975
Cahn_Hilliard_nonlinear_time	0.012000
trans_time	38.312828
trans_Memcpy_time	18.977516
trans_MPI_time	13.778149
trans_pack_time	0.377749
trans_enlarge_time	0.687662
trans_mu_time	0.445908
trans_unpack_time	3.589653
updateU_new_time	2.700730
runtime	3.385134
--------------------------------------------------!
***************dt=2.000000***************
***************flag=0***************
--------------------------------------------------!
time		0.000000
wall time	35.731809
*******************************
dgemm_time	80.101227
conv_transfer_time	0.000000
conv_calculate_time	3160.418213
elastic_calculate_time	3160.455566
Allen_Cahn_nonlinear_time	3256.491211
Cahn_Hilliard_nonlinear_time	0.011680
trans_time	37.748192
trans_Memcpy_time	18.957748
trans_MPI_time	13.245895
trans_pack_time	0.376631
trans_enlarge_time	0.691026
trans_mu_time	0.438553
trans_unpack_time	3.581827
updateU_new_time	2.702339
runtime	3.380449
--------------------------------------------------!
***************dt=2.000000***************
***************flag=0***************
--------------------------------------------------!
time		0.000000
wall time	39.130951
*******************************
dgemm_time	80.094421
conv_transfer_time	0.000000
conv_calculate_time	3162.949951
elastic_calculate_time	3162.998047
Allen_Cahn_nonlinear_time	3257.006836
Cahn_Hilliard_nonlinear_time	0.012000
trans_time	37.687561
trans_Memcpy_time	18.928694
trans_MPI_time	13.224023
trans_pack_time	0.373272
trans_enlarge_time	0.678548
trans_mu_time	0.445434
trans_unpack_time	3.576880
updateU_new_time	2.704747
runtime	3.379634
--------------------------------------------------!
***************dt=2.000000***************
***************flag=0***************
--------------------------------------------------!
time		0.000000
wall time	42.525391
*******************************
dgemm_time	80.085510
conv_transfer_time	0.000000
conv_calculate_time	3162.115234
elastic_calculate_time	3162.179932
Allen_Cahn_nonlinear_time	3256.282227
Cahn_Hilliard_nonlinear_time	0.014400
trans_time	37.339207
trans_Memcpy_time	19.354500
trans_MPI_time	12.458157
trans_pack_time	0.373914
trans_enlarge_time	0.682868
trans_mu_time	0.441434
trans_unpack_time	3.571930
updateU_new_time	2.706994
runtime	3.379093
--------------------------------------------------!
***************dt=2.000000***************
***************flag=0***************
--------------------------------------------------!
time		0.000000
wall time	45.919326
*******************************
dgemm_time	80.112885
conv_transfer_time	0.000000
conv_calculate_time	3155.471191
elastic_calculate_time	3155.519287
Allen_Cahn_nonlinear_time	3249.286377
Cahn_Hilliard_nonlinear_time	0.014080
trans_time	37.546013
trans_Memcpy_time	19.254074
trans_MPI_time	12.541067
trans_pack_time	0.379674
trans_enlarge_time	0.703510
trans_mu_time	0.456954
trans_unpack_time	3.589219
updateU_new_time	2.704760
runtime	3.371204
--------------------------------------------------!
***************dt=2.000000***************
***************flag=0***************
--------------------------------------------------!
time		0.000000
wall time	49.312560
*******************************
dgemm_time	80.059280
conv_transfer_time	0.000000
conv_calculate_time	3158.794434
elastic_calculate_time	3158.841553
Allen_Cahn_nonlinear_time	3252.729736
Cahn_Hilliard_nonlinear_time	0.014400
trans_time	37.842979
trans_Memcpy_time	19.409473
trans_MPI_time	12.771010
trans_pack_time	0.378876
trans_enlarge_time	0.708313
trans_mu_time	0.469114
trans_unpack_time	3.572267
updateU_new_time	2.706045
runtime	3.374795
--------------------------------------------------!
***************dt=2.000000***************
***************flag=0***************
--------------------------------------------------!
time		0.000000
wall time	52.697913
*******************************
dgemm_time	80.112228
conv_transfer_time	0.000000
conv_calculate_time	3160.406006
elastic_calculate_time	3160.454102
Allen_Cahn_nonlinear_time	3259.645752
Cahn_Hilliard_nonlinear_time	0.014400
trans_time	37.661137
trans_Memcpy_time	19.261515
trans_MPI_time	12.728958
trans_pack_time	0.379356
trans_enlarge_time	0.704954
trans_mu_time	0.468955
trans_unpack_time	3.569234
updateU_new_time	2.703970
runtime	3.382456
--------------------------------------------------!
***************dt=2.000000***************
***************flag=0***************
--------------------------------------------------!
time		0.000000
wall time	56.086831
*******************************
dgemm_time	80.122757
conv_transfer_time	0.000000
conv_calculate_time	3157.279297
elastic_calculate_time	3157.325439
Allen_Cahn_nonlinear_time	3251.069824
Cahn_Hilliard_nonlinear_time	0.014240
trans_time	37.785542
trans_Memcpy_time	19.278828
trans_MPI_time	12.818259
trans_pack_time	0.382396
trans_enlarge_time	0.697274
trans_mu_time	0.474559
trans_unpack_time	3.578841
updateU_new_time	2.703975
runtime	3.373441
--------------------------------------------------!
***************dt=2.000000***************
***************flag=0***************
--------------------------------------------------!
time		0.000000
wall time	59.483397
*******************************
dgemm_time	80.093597
conv_transfer_time	0.000000
conv_calculate_time	3161.216553
elastic_calculate_time	3161.264893
Allen_Cahn_nonlinear_time	3257.583496
Cahn_Hilliard_nonlinear_time	0.014400
trans_time	37.675667
trans_Memcpy_time	19.287659
trans_MPI_time	12.723561
trans_pack_time	0.381278
trans_enlarge_time	0.701594
trans_mu_time	0.468320
trans_unpack_time	3.566687
updateU_new_time	2.707659
runtime	3.380310
--------------------------------------------------!
***************dt=2.000000***************
***************flag=0***************
--------------------------------------------------!
time		0.000000
wall time	62.871091
*******************************
dgemm_time	80.086662
conv_transfer_time	0.000000
conv_calculate_time	3168.524414
elastic_calculate_time	3168.567139
Allen_Cahn_nonlinear_time	3262.458252
Cahn_Hilliard_nonlinear_time	0.011840
trans_time	37.691730
trans_Memcpy_time	19.259369
trans_MPI_time	12.765658
trans_pack_time	0.377598
trans_enlarge_time	0.700638
trans_mu_time	0.469280
trans_unpack_time	3.572772
updateU_new_time	2.703982
runtime	3.385477
--------------------------------------------------!
***************dt=2.000000***************
***************flag=0***************
--------------------------------------------------!
time		0.000000
wall time	66.265535
*******************************
dgemm_time	80.050125
conv_transfer_time	0.000000
conv_calculate_time	3160.593262
elastic_calculate_time	3160.631592
Allen_Cahn_nonlinear_time	3262.174805
Cahn_Hilliard_nonlinear_time	0.012320
trans_time	37.525501
trans_Memcpy_time	19.184515
trans_MPI_time	12.807116
trans_pack_time	0.381118
trans_enlarge_time	0.683840
trans_mu_time	0.439520
trans_unpack_time	3.572937
updateU_new_time	2.704786
runtime	3.384629
--------------------------------------------------!
***************dt=2.000000***************
***************flag=0***************
--------------------------------------------------!
time		0.000000
wall time	69.665155
*******************************
dgemm_time	80.069885
conv_transfer_time	0.000000
conv_calculate_time	3158.660156
elastic_calculate_time	3158.701660
Allen_Cahn_nonlinear_time	3252.620361
Cahn_Hilliard_nonlinear_time	0.012000
trans_time	37.599735
trans_Memcpy_time	19.194616
trans_MPI_time	12.883931
trans_pack_time	0.375358
trans_enlarge_time	0.668480
trans_mu_time	0.448160
trans_unpack_time	3.571821
updateU_new_time	2.702549
runtime	3.374900
--------------------------------------------------!
***************dt=2.000000***************
***************flag=0***************
--------------------------------------------------!
time		0.000000
wall time	73.063798
*******************************
dgemm_time	80.029175
conv_transfer_time	0.000000
conv_calculate_time	3155.373047
elastic_calculate_time	3155.412842
Allen_Cahn_nonlinear_time	3250.438232
Cahn_Hilliard_nonlinear_time	0.012000
trans_time	37.584526
trans_Memcpy_time	19.151600
trans_MPI_time	12.848906
trans_pack_time	0.394080
trans_enlarge_time	0.687200
trans_mu_time	0.442400
trans_unpack_time	3.606065
updateU_new_time	2.702871
runtime	3.372485
--------------------------------------------------!
***************dt=2.000000***************
***************flag=0***************
--------------------------------------------------!
time		0.000000
wall time	76.452832
*******************************
dgemm_time	80.097725
conv_transfer_time	0.000000
conv_calculate_time	3156.085693
elastic_calculate_time	3156.126221
Allen_Cahn_nonlinear_time	3250.174316
Cahn_Hilliard_nonlinear_time	0.012000
trans_time	40.449577
trans_Memcpy_time	19.191458
trans_MPI_time	15.641069
trans_pack_time	0.375680
trans_enlarge_time	0.691360
trans_mu_time	0.441760
trans_unpack_time	3.594068
updateU_new_time	2.702874
runtime	3.375799
--------------------------------------------------!
***************dt=2.000000***************
***************flag=0***************
--------------------------------------------------!
time		0.000000
wall time	79.839469
*******************************
dgemm_time	80.060600
conv_transfer_time	0.000000
conv_calculate_time	3155.424072
elastic_calculate_time	3155.463867
Allen_Cahn_nonlinear_time	3254.105957
Cahn_Hilliard_nonlinear_time	0.012000
trans_time	37.723473
trans_Memcpy_time	19.139957
trans_MPI_time	12.972610
trans_pack_time	0.376160
trans_enlarge_time	0.677440
trans_mu_time	0.445760
trans_unpack_time	3.596792
updateU_new_time	2.701439
runtime	3.375929
--------------------------------------------------!
***************dt=2.000000***************
***************flag=0***************
--------------------------------------------------!
time		0.000000
wall time	83.229374
*******************************
dgemm_time	80.078369
conv_transfer_time	0.000000
conv_calculate_time	3160.246094
elastic_calculate_time	3160.285400
Allen_Cahn_nonlinear_time	3261.730225
Cahn_Hilliard_nonlinear_time	0.012000
trans_time	37.555683
trans_Memcpy_time	19.153751
trans_MPI_time	12.864316
trans_pack_time	0.373280
trans_enlarge_time	0.673440
trans_mu_time	0.442080
trans_unpack_time	3.592479
updateU_new_time	2.702724
runtime	3.387967
--------------------------------------------------!
***************dt=2.000000***************
***************flag=0***************
--------------------------------------------------!
time		0.000000
wall time	86.619473
*******************************
dgemm_time	80.043816
conv_transfer_time	0.000000
conv_calculate_time	3159.353271
elastic_calculate_time	3159.392334
Allen_Cahn_nonlinear_time	3254.072510
Cahn_Hilliard_nonlinear_time	0.011680
trans_time	37.479988
trans_Memcpy_time	19.280350
trans_MPI_time	12.679861
trans_pack_time	0.375680
trans_enlarge_time	0.679520
trans_mu_time	0.438240
trans_unpack_time	3.571846
updateU_new_time	2.703850
runtime	3.376279
--------------------------------------------------!
***************dt=2.000000***************
***************flag=0***************
--------------------------------------------------!
time		0.000000
wall time	90.021785
*******************************
dgemm_time	80.064133
conv_transfer_time	0.000000
conv_calculate_time	3157.629150
elastic_calculate_time	3157.668945
Allen_Cahn_nonlinear_time	3251.540039
Cahn_Hilliard_nonlinear_time	0.011840
trans_time	49.552380
trans_Memcpy_time	19.167271
trans_MPI_time	24.835291
trans_pack_time	0.402080
trans_enlarge_time	0.672320
trans_mu_time	0.436640
trans_unpack_time	3.584813
updateU_new_time	2.715375
runtime	3.386432
--------------------------------------------------!
***************dt=2.000000***************
***************flag=0***************
--------------------------------------------------!
time		0.000000
wall time	93.412224
*******************************
dgemm_time	80.077553
conv_transfer_time	0.000000
conv_calculate_time	3168.313232
elastic_calculate_time	3168.351562
Allen_Cahn_nonlinear_time	3262.244385
Cahn_Hilliard_nonlinear_time	0.012000
trans_time	37.650005
trans_Memcpy_time	19.159306
trans_MPI_time	12.948553
trans_pack_time	0.374082
trans_enlarge_time	0.678560
trans_mu_time	0.441440
trans_unpack_time	3.589460
updateU_new_time	2.719860
runtime	3.385059
--------------------------------------------------!
***************dt=2.000000***************
***************flag=0***************
--------------------------------------------------!
time		0.000000
wall time	96.812809
*******************************
dgemm_time	80.098007
conv_transfer_time	0.000000
conv_calculate_time	3154.606689
elastic_calculate_time	3154.645752
Allen_Cahn_nonlinear_time	3249.882080
Cahn_Hilliard_nonlinear_time	0.011840
trans_time	38.086636
trans_Memcpy_time	19.127020
trans_MPI_time	13.440740
trans_pack_time	0.375842
trans_enlarge_time	0.670240
trans_mu_time	0.438080
trans_unpack_time	3.579066
updateU_new_time	2.723064
runtime	3.372937
--------------------------------------------------!
***************dt=2.000000***************
***************flag=0***************
--------------------------------------------------!
time		0.000000
wall time	100.212010
*******************************
dgemm_time	80.071091
conv_transfer_time	0.000000
conv_calculate_time	3157.823975
elastic_calculate_time	3157.860352
Allen_Cahn_nonlinear_time	3255.553711
Cahn_Hilliard_nonlinear_time	0.011840
trans_time	37.253971
trans_Memcpy_time	19.141932
trans_MPI_time	12.565553
trans_pack_time	0.376162
trans_enlarge_time	0.673126
trans_mu_time	0.445280
trans_unpack_time	3.593472
updateU_new_time	2.703228
runtime	3.377127
--------------------------------------------------!
***************dt=2.000000***************
***************flag=0***************
--------------------------------------------------!
time		0.000000
wall time	103.599114
*******************************
dgemm_time	80.080330
conv_transfer_time	0.000000
conv_calculate_time	3157.603516
elastic_calculate_time	3157.642578
Allen_Cahn_nonlinear_time	3253.562012
Cahn_Hilliard_nonlinear_time	0.012480
trans_time	37.490402
trans_Memcpy_time	19.170284
trans_MPI_time	12.785894
trans_pack_time	0.374404
trans_enlarge_time	0.672486
trans_mu_time	0.439840
trans_unpack_time	3.591558
updateU_new_time	2.705312
runtime	3.375668
--------------------------------------------------!
***************dt=2.000000***************
***************flag=0***************
--------------------------------------------------!
time		0.000000
wall time	106.990429
*******************************
dgemm_time	80.075165
conv_transfer_time	0.000000
conv_calculate_time	3163.887939
elastic_calculate_time	3163.924072
Allen_Cahn_nonlinear_time	3258.343262
Cahn_Hilliard_nonlinear_time	0.012000
trans_time	37.644020
trans_Memcpy_time	19.184231
trans_MPI_time	12.861595
trans_pack_time	0.375364
trans_enlarge_time	0.685766
trans_mu_time	0.436160
trans_unpack_time	3.590123
updateU_new_time	2.702596
runtime	3.380386
--------------------------------------------------!
***************dt=2.000000***************
***************flag=0***************
--------------------------------------------------!
time		0.000000
wall time	110.380225
*******************************
dgemm_time	80.082306
conv_transfer_time	0.000000
conv_calculate_time	3160.701172
elastic_calculate_time	3160.740967
Allen_Cahn_nonlinear_time	3254.712158
Cahn_Hilliard_nonlinear_time	0.012640
trans_time	38.375961
trans_Memcpy_time	19.195780
trans_MPI_time	13.645304
trans_pack_time	0.371204
trans_enlarge_time	0.666086
trans_mu_time	0.452486
trans_unpack_time	3.585648
updateU_new_time	2.703560
runtime	3.378039
--------------------------------------------------!
***************dt=2.000000***************
***************flag=0***************
--------------------------------------------------!
time		0.000000
wall time	113.774728
*******************************
dgemm_time	80.103210
conv_transfer_time	0.000000
conv_calculate_time	3170.416260
elastic_calculate_time	3170.455566
Allen_Cahn_nonlinear_time	3263.414062
Cahn_Hilliard_nonlinear_time	0.011840
trans_time	37.409737
trans_Memcpy_time	19.166523
trans_MPI_time	12.718748
trans_pack_time	0.373924
trans_enlarge_time	0.673446
trans_mu_time	0.441766
trans_unpack_time	3.577013
updateU_new_time	2.703243
runtime	3.385912
--------------------------------------------------!
***************dt=2.000000***************
***************flag=0***************
--------------------------------------------------!
time		0.000000
wall time	117.166932
*******************************
dgemm_time	80.082825
conv_transfer_time	0.000000
conv_calculate_time	3175.950439
elastic_calculate_time	3175.988281
Allen_Cahn_nonlinear_time	3275.386963
Cahn_Hilliard_nonlinear_time	0.011840
trans_time	37.490147
trans_Memcpy_time	19.176147
trans_MPI_time	12.773806
trans_pack_time	0.375366
trans_enlarge_time	0.690087
trans_mu_time	0.446246
trans_unpack_time	3.572857
updateU_new_time	2.703566
runtime	3.397324
--------------------------------------------------!
***************dt=2.000000***************
***************flag=0***************
--------------------------------------------------!
time		0.000000
wall time	120.567059
*******************************
dgemm_time	80.094910
conv_transfer_time	0.000000
conv_calculate_time	3158.370361
elastic_calculate_time	3158.414062
Allen_Cahn_nonlinear_time	3253.105713
Cahn_Hilliard_nonlinear_time	0.011680
trans_time	37.448002
trans_Memcpy_time	19.146088
trans_MPI_time	12.772860
trans_pack_time	0.373126
trans_enlarge_time	0.671207
trans_mu_time	0.441766
trans_unpack_time	3.580382
updateU_new_time	2.703729
runtime	3.375381
--------------------------------------------------!
***************dt=2.000000***************
***************flag=0***************
--------------------------------------------------!
time		0.000000
wall time	123.978567
*******************************
dgemm_time	80.074997
conv_transfer_time	0.000000
conv_calculate_time	3155.559082
elastic_calculate_time	3155.597168
Allen_Cahn_nonlinear_time	3250.152100
Cahn_Hilliard_nonlinear_time	0.011840
trans_time	39.209484
trans_Memcpy_time	19.121950
trans_MPI_time	14.540747
trans_pack_time	0.373446
trans_enlarge_time	0.682731
trans_mu_time	0.449606
trans_unpack_time	3.583106
updateU_new_time	2.702292
runtime	3.374326
--------------------------------------------------!
***************dt=2.000000***************
***************flag=0***************
--------------------------------------------------!
time		0.000000
wall time	127.368074
*******************************
dgemm_time	80.072838
conv_transfer_time	0.000000
conv_calculate_time	3163.331543
elastic_calculate_time	3163.371094
Allen_Cahn_nonlinear_time	3257.660400
Cahn_Hilliard_nonlinear_time	0.012000
trans_time	37.447311
trans_Memcpy_time	19.132370
trans_MPI_time	12.770167
trans_pack_time	0.377126
trans_enlarge_time	0.684652
trans_mu_time	0.449446
trans_unpack_time	3.574309
updateU_new_time	2.705655
runtime	3.380031
--------------------------------------------------!
***************dt=2.000000***************
***************flag=0***************
--------------------------------------------------!
time		0.000000
wall time	130.756549
*******************************
dgemm_time	80.105873
conv_transfer_time	0.000000
conv_calculate_time	3154.911133
elastic_calculate_time	3154.948975
Allen_Cahn_nonlinear_time	3249.801025
Cahn_Hilliard_nonlinear_time	0.012000
trans_time	37.994148
trans_Memcpy_time	19.154150
trans_MPI_time	13.297071
trans_pack_time	0.376647
trans_enlarge_time	0.699212
trans_mu_time	0.450246
trans_unpack_time	3.561513
updateU_new_time	2.702618
runtime	3.372368
--------------------------------------------------!
***************dt=2.000000***************
***************flag=0***************
--------------------------------------------------!
time		0.000000
wall time	134.150728
*******************************
dgemm_time	80.107231
conv_transfer_time	0.000000
conv_calculate_time	3160.863037
elastic_calculate_time	3160.903076
Allen_Cahn_nonlinear_time	3255.014893
Cahn_Hilliard_nonlinear_time	0.012000
trans_time	37.867794
trans_Memcpy_time	19.148249
trans_MPI_time	13.179002
trans_pack_time	0.378728
trans_enlarge_time	0.678732
trans_mu_time	0.442246
trans_unpack_time	3.585197
updateU_new_time	2.702460
runtime	3.377602
--------------------------------------------------!
***************dt=2.000000***************
***************flag=0***************
--------------------------------------------------!
time		0.000000
wall time	137.537284
*******************************
dgemm_time	80.045853
conv_transfer_time	0.000000
conv_calculate_time	3156.782715
elastic_calculate_time	3156.827637
Allen_Cahn_nonlinear_time	3250.870850
Cahn_Hilliard_nonlinear_time	0.012160
trans_time	37.429680
trans_Memcpy_time	19.119629
trans_MPI_time	12.715803
trans_pack_time	0.381448
trans_enlarge_time	0.680492
trans_mu_time	0.439206
trans_unpack_time	3.575760
updateU_new_time	2.699262
runtime	3.372574
--------------------------------------------------!
***************dt=2.000000***************
***************flag=0***************
--------------------------------------------------!
time		0.000000
wall time	140.929050
*******************************
dgemm_time	80.063652
conv_transfer_time	0.000000
conv_calculate_time	3168.542725
elastic_calculate_time	3168.581055
Allen_Cahn_nonlinear_time	3262.857178
Cahn_Hilliard_nonlinear_time	0.012000
trans_time	37.617306
trans_Memcpy_time	19.154202
trans_MPI_time	12.935019
trans_pack_time	0.375208
trans_enlarge_time	0.677132
trans_mu_time	0.452006
trans_unpack_time	3.570003
updateU_new_time	2.702485
runtime	3.385994
--------------------------------------------------!
***************dt=2.000000***************
***************flag=0***************
--------------------------------------------------!
time		0.000000
wall time	144.315801
*******************************
dgemm_time	80.117332
conv_transfer_time	0.000000
conv_calculate_time	3157.847412
elastic_calculate_time	3157.885498
Allen_Cahn_nonlinear_time	3252.964111
Cahn_Hilliard_nonlinear_time	0.012000
trans_time	37.648232
trans_Memcpy_time	19.169569
trans_MPI_time	12.924090
trans_pack_time	0.389772
trans_enlarge_time	0.682899
trans_mu_time	0.436172
trans_unpack_time	3.592434
updateU_new_time	2.701533
runtime	3.376378
--------------------------------------------------!
***************dt=2.000000***************
***************flag=0***************
--------------------------------------------------!
time		0.000000
wall time	147.715951
*******************************
dgemm_time	80.068649
conv_transfer_time	0.000000
conv_calculate_time	3156.889404
elastic_calculate_time	3156.928223
Allen_Cahn_nonlinear_time	3251.981201
Cahn_Hilliard_nonlinear_time	0.012320
trans_time	37.776756
trans_Memcpy_time	19.095379
trans_MPI_time	13.114853
trans_pack_time	0.375692
trans_enlarge_time	0.685779
trans_mu_time	0.447532
trans_unpack_time	3.598204
updateU_new_time	2.702012
runtime	3.374287
--------------------------------------------------!
***************dt=2.000000***************
***************flag=0***************
--------------------------------------------------!
time		0.000000
wall time	151.106464
*******************************
dgemm_time	80.111816
conv_transfer_time	0.000000
conv_calculate_time	3155.983887
elastic_calculate_time	3156.021973
Allen_Cahn_nonlinear_time	3255.615967
Cahn_Hilliard_nonlinear_time	0.012320
trans_time	38.094639
trans_Memcpy_time	19.132010
trans_MPI_time	13.427497
trans_pack_time	0.371852
trans_enlarge_time	0.659059
trans_mu_time	0.440492
trans_unpack_time	3.608283
updateU_new_time	2.702651
runtime	3.378534
--------------------------------------------------!
***************dt=2.000000***************
***************flag=0***************
--------------------------------------------------!
time		0.000000
wall time	154.494917
*******************************
dgemm_time	80.112411
conv_transfer_time	0.000000
conv_calculate_time	3161.447998
elastic_calculate_time	3161.483887
Allen_Cahn_nonlinear_time	3255.893799
Cahn_Hilliard_nonlinear_time	0.011840
trans_time	37.431339
trans_Memcpy_time	19.130239
trans_MPI_time	12.760909
trans_pack_time	0.370412
trans_enlarge_time	0.678739
trans_mu_time	0.436172
trans_unpack_time	3.597401
updateU_new_time	2.703769
runtime	3.378119
--------------------------------------------------!
***************dt=2.000000***************
***************flag=0***************
--------------------------------------------------!
time		0.000000
wall time	157.887613
*******************************
dgemm_time	80.121986
conv_transfer_time	0.000000
conv_calculate_time	3167.608643
elastic_calculate_time	3167.645996
Allen_Cahn_nonlinear_time	3263.254883
Cahn_Hilliard_nonlinear_time	0.012160
trans_time	37.345310
trans_Memcpy_time	19.131672
trans_MPI_time	12.678020
trans_pack_time	0.375852
trans_enlarge_time	0.682259
trans_mu_time	0.440492
trans_unpack_time	3.573718
updateU_new_time	2.702168
runtime	3.385312
--------------------------------------------------!
***************dt=2.000000***************
***************flag=0***************
--------------------------------------------------!
time		0.000000
wall time	161.279897
*******************************
dgemm_time	80.094269
conv_transfer_time	0.000000
conv_calculate_time	3155.809570
elastic_calculate_time	3155.850342
Allen_Cahn_nonlinear_time	3249.747559
Cahn_Hilliard_nonlinear_time	0.011680
trans_time	39.416759
trans_Memcpy_time	19.130547
trans_MPI_time	14.738562
trans_pack_time	0.397453
trans_enlarge_time	0.669779
trans_mu_time	0.438412
trans_unpack_time	3.584917
updateU_new_time	2.715447
runtime	3.373690
--------------------------------------------------!
***************dt=2.000000***************
***************flag=0***************
--------------------------------------------------!
time		0.000000
wall time	164.679354
*******************************
dgemm_time	80.068314
conv_transfer_time	0.000000
conv_calculate_time	3164.751221
elastic_calculate_time	3164.789795
Allen_Cahn_nonlinear_time	3267.889648
Cahn_Hilliard_nonlinear_time	0.011680
trans_time	38.871609
trans_Memcpy_time	19.154537
trans_MPI_time	14.196777
trans_pack_time	0.372491
trans_enlarge_time	0.675699
trans_mu_time	0.438892
trans_unpack_time	3.572755
updateU_new_time	2.709366
runtime	3.391029
--------------------------------------------------!
***************dt=2.000000***************
***************flag=0***************
--------------------------------------------------!
time		0.000000
wall time	168.067192
*******************************
dgemm_time	80.094528
conv_transfer_time	0.000000
conv_calculate_time	3159.858398
elastic_calculate_time	3159.895752
Allen_Cahn_nonlinear_time	3258.108887
Cahn_Hilliard_nonlinear_time	0.011680
trans_time	37.332642
trans_Memcpy_time	19.170853
trans_MPI_time	12.649363
trans_pack_time	0.375691
trans_enlarge_time	0.671539
trans_mu_time	0.438732
trans_unpack_time	3.570194
updateU_new_time	2.729366
runtime	3.379746
--------------------------------------------------!
***************dt=2.000000***************
***************flag=0***************
--------------------------------------------------!
time		0.000000
wall time	171.472349
*******************************
dgemm_time	80.105217
conv_transfer_time	0.000000
conv_calculate_time	3164.289307
elastic_calculate_time	3164.326416
Allen_Cahn_nonlinear_time	3259.054688
Cahn_Hilliard_nonlinear_time	0.012160
trans_time	37.471272
trans_Memcpy_time	19.139482
trans_MPI_time	12.773682
trans_pack_time	0.389132
trans_enlarge_time	0.671218
trans_mu_time	0.450252
trans_unpack_time	3.586993
updateU_new_time	2.700404
runtime	3.381713
--------------------------------------------------!
***************dt=2.000000***************
***************flag=0***************
--------------------------------------------------!
time		0.000000
wall time	174.866266
*******************************
dgemm_time	80.136711
conv_transfer_time	0.000000
conv_calculate_time	3167.661133
elastic_calculate_time	3167.700684
Allen_Cahn_nonlinear_time	3264.802002
Cahn_Hilliard_nonlinear_time	0.011680
trans_time	39.251244
trans_Memcpy_time	19.421083
trans_MPI_time	14.300447
trans_pack_time	0.375211
trans_enlarge_time	0.684979
trans_mu_time	0.444492
trans_unpack_time	3.571151
updateU_new_time	2.702803
runtime	3.388342
--------------------------------------------------!
***************dt=2.000000***************
***************flag=0***************
--------------------------------------------------!
time		0.000000
wall time	178.248028
*******************************
dgemm_time	80.101479
conv_transfer_time	0.000000
conv_calculate_time	3160.816162
elastic_calculate_time	3160.855713
Allen_Cahn_nonlinear_time	3255.730469
Cahn_Hilliard_nonlinear_time	0.012000
trans_time	37.838428
trans_Memcpy_time	19.385239
trans_MPI_time	12.922798
trans_pack_time	0.374891
trans_enlarge_time	0.666418
trans_mu_time	0.450092
trans_unpack_time	3.585390
updateU_new_time	2.702482
runtime	3.378557
--------------------------------------------------!
***************dt=2.000000***************
***************flag=0***************
--------------------------------------------------!
time		0.000000
wall time	181.636421
*******************************
dgemm_time	80.155540
conv_transfer_time	0.000000
conv_calculate_time	3180.298340
elastic_calculate_time	3180.335205
Allen_Cahn_nonlinear_time	3275.005615
Cahn_Hilliard_nonlinear_time	0.011840
trans_time	37.912586
trans_Memcpy_time	19.372269
trans_MPI_time	13.016077
trans_pack_time	0.372330
trans_enlarge_time	0.671858
trans_mu_time	0.443052
trans_unpack_time	3.579309
updateU_new_time	2.705361
runtime	3.397814
--------------------------------------------------!
***************dt=2.000000***************
***************flag=0***************
--------------------------------------------------!
time		0.000000
wall time	185.015028
*******************************
dgemm_time	80.123672
conv_transfer_time	0.000000
conv_calculate_time	3163.960938
elastic_calculate_time	3164.000244
Allen_Cahn_nonlinear_time	3259.218994
Cahn_Hilliard_nonlinear_time	0.012160
trans_time	38.042877
trans_Memcpy_time	19.393383
trans_MPI_time	13.121195
trans_pack_time	0.372170
trans_enlarge_time	0.687858
trans_mu_time	0.441612
trans_unpack_time	3.573867
updateU_new_time	2.704400
runtime	3.381454
--------------------------------------------------!
***************dt=2.000000***************
***************flag=0***************
--------------------------------------------------!
time		0.000000
wall time	188.412892
*******************************
dgemm_time	80.104286
conv_transfer_time	0.000000
conv_calculate_time	3170.252197
elastic_calculate_time	3170.290771
Allen_Cahn_nonlinear_time	3268.353027
Cahn_Hilliard_nonlinear_time	0.011680
trans_time	37.800079
trans_Memcpy_time	19.367458
trans_MPI_time	12.909504
trans_pack_time	0.373610
trans_enlarge_time	0.674898
trans_mu_time	0.446412
trans_unpack_time	3.578506
updateU_new_time	2.704560
runtime	3.390707
--------------------------------------------------!
***************dt=2.000000***************
***************flag=0***************
--------------------------------------------------!
time		0.000000
wall time	191.794397
*******************************
dgemm_time	80.082016
conv_transfer_time	0.000000
conv_calculate_time	3163.153076
elastic_calculate_time	3163.207275
Allen_Cahn_nonlinear_time	3258.061035
Cahn_Hilliard_nonlinear_time	0.012000
trans_time	44.096104
trans_Memcpy_time	19.388573
trans_MPI_time	19.172564
trans_pack_time	0.374570
trans_enlarge_time	0.689458
trans_mu_time	0.442732
trans_unpack_time	3.573865
updateU_new_time	2.703919
runtime	3.386913
--------------------------------------------------!
***************dt=2.000000***************
***************flag=0***************
--------------------------------------------------!
time		0.000000
wall time	195.185155
*******************************
dgemm_time	80.126961
conv_transfer_time	0.000000
conv_calculate_time	3158.569092
elastic_calculate_time	3158.609863
Allen_Cahn_nonlinear_time	3257.981934
Cahn_Hilliard_nonlinear_time	0.012000
trans_time	37.980202
trans_Memcpy_time	19.391285
trans_MPI_time	13.015100
trans_pack_time	0.382090
trans_enlarge_time	0.664978
trans_mu_time	0.445292
trans_unpack_time	3.575464
updateU_new_time	2.704558
runtime	3.380867
--------------------------------------------------!
***************dt=2.000000***************
***************flag=0***************
--------------------------------------------------!
time		0.000000
wall time	198.572117
*******************************
dgemm_time	80.158615
conv_transfer_time	0.000000
conv_calculate_time	3158.317383
elastic_calculate_time	3158.358398
Allen_Cahn_nonlinear_time	3255.740967
Cahn_Hilliard_nonlinear_time	0.011840
trans_time	37.973148
trans_Memcpy_time	19.400723
trans_MPI_time	12.973016
trans_pack_time	0.377770
trans_enlarge_time	0.680658
trans_mu_time	0.443212
trans_unpack_time	3.581543
updateU_new_time	2.698797
runtime	3.378183
--------------------------------------------------!
***************dt=2.000000***************
***************flag=0***************
--------------------------------------------------!
time		0.000000
wall time	201.953035
*******************************
dgemm_time	80.132202
conv_transfer_time	0.000000
conv_calculate_time	3155.956055
elastic_calculate_time	3155.992432
Allen_Cahn_nonlinear_time	3255.442139
Cahn_Hilliard_nonlinear_time	0.011840
trans_time	39.230774
trans_Memcpy_time	19.401672
trans_MPI_time	14.303129
trans_pack_time	0.372170
trans_enlarge_time	0.693139
trans_mu_time	0.448972
trans_unpack_time	3.563302
updateU_new_time	2.706637
runtime	3.382868
--------------------------------------------------!
***************dt=2.000000***************
***************flag=0***************
--------------------------------------------------!
time		0.000000
wall time	205.331267
*******************************
dgemm_time	80.104652
conv_transfer_time	0.000000
conv_calculate_time	3158.844238
elastic_calculate_time	3158.883301
Allen_Cahn_nonlinear_time	3253.483887
Cahn_Hilliard_nonlinear_time	0.011840
trans_time	37.877415
trans_Memcpy_time	19.364870
trans_MPI_time	12.984528
trans_pack_time	0.373450
trans_enlarge_time	0.684818
trans_mu_time	0.439532
trans_unpack_time	3.575461
updateU_new_time	2.700876
runtime	3.375807
--------------------------------------------------!
***************dt=2.000000***************
***************flag=0***************
--------------------------------------------------!
time		0.000000
wall time	208.714186
*******************************
dgemm_time	80.108795
conv_transfer_time	0.000000
conv_calculate_time	3159.898193
elastic_calculate_time	3159.937256
Allen_Cahn_nonlinear_time	3256.217529
Cahn_Hilliard_nonlinear_time	0.011680
trans_time	43.611378
trans_Memcpy_time	19.409664
trans_MPI_time	18.680843
trans_pack_time	0.375050
trans_enlarge_time	0.671538
trans_mu_time	0.448172
trans_unpack_time	3.578660
updateU_new_time	2.700875
runtime	3.384472
--------------------------------------------------!
***************dt=2.000000***************
***************flag=0***************
--------------------------------------------------!
time		0.000000
wall time	212.090043
*******************************
dgemm_time	80.083984
conv_transfer_time	0.000000
conv_calculate_time	3159.367920
elastic_calculate_time	3159.405762
Allen_Cahn_nonlinear_time	3254.968018
Cahn_Hilliard_nonlinear_time	0.011680
trans_time	38.660820
trans_Memcpy_time	19.441019
trans_MPI_time	13.706303
trans_pack_time	0.373610
trans_enlarge_time	0.675218
trans_mu_time	0.442092
trans_unpack_time	3.572259
updateU_new_time	2.701675
runtime	3.377983
--------------------------------------------------!
***************dt=2.000000***************
***************flag=0***************
--------------------------------------------------!
time		0.000000
wall time	215.474569
*******************************
dgemm_time	80.117088
conv_transfer_time	0.000000
conv_calculate_time	3158.507324
elastic_calculate_time	3158.543701
Allen_Cahn_nonlinear_time	3256.996826
Cahn_Hilliard_nonlinear_time	0.012480
trans_time	37.735748
trans_Memcpy_time	19.467258
trans_MPI_time	12.724512
trans_pack_time	0.376010
trans_enlarge_time	0.673618
trans_mu_time	0.440332
trans_unpack_time	3.590979
updateU_new_time	2.704554
runtime	3.379593
--------------------------------------------------!
***************dt=2.000000***************
***************flag=0***************
--------------------------------------------------!
time		0.000000
wall time	218.852614
*******************************
dgemm_time	80.088432
conv_transfer_time	0.000000
conv_calculate_time	3158.653320
elastic_calculate_time	3158.690430
Allen_Cahn_nonlinear_time	3253.248779
Cahn_Hilliard_nonlinear_time	0.012000
trans_time	38.534393
trans_Memcpy_time	19.371733
trans_MPI_time	13.607254
trans_pack_time	0.389930
trans_enlarge_time	0.667858
trans_mu_time	0.448012
trans_unpack_time	3.593219
updateU_new_time	2.703594
runtime	3.376728
--------------------------------------------------!
***************dt=2.000000***************
***************flag=0***************
--------------------------------------------------!
time		0.000000
wall time	222.232259
*******************************
dgemm_time	80.069061
conv_transfer_time	0.000000
conv_calculate_time	3167.811768
elastic_calculate_time	3167.861572
Allen_Cahn_nonlinear_time	3262.733154
Cahn_Hilliard_nonlinear_time	0.012000
trans_time	37.880775
trans_Memcpy_time	19.387568
trans_MPI_time	12.931393
trans_pack_time	0.373290
trans_enlarge_time	0.689137
trans_mu_time	0.444012
trans_unpack_time	3.602658
updateU_new_time	2.702953
runtime	3.385563
--------------------------------------------------!
***************dt=2.000000***************
***************flag=0***************
--------------------------------------------------!
time		0.000000
wall time	225.609038
*******************************
dgemm_time	80.107124
conv_transfer_time	0.000000
conv_calculate_time	3167.585938
elastic_calculate_time	3167.623535
Allen_Cahn_nonlinear_time	3262.105469
Cahn_Hilliard_nonlinear_time	0.012160
trans_time	37.988186
trans_Memcpy_time	19.335562
trans_MPI_time	13.018434
trans_pack_time	0.376490
trans_enlarge_time	0.673296
trans_mu_time	0.445772
trans_unpack_time	3.606978
updateU_new_time	2.703433
runtime	3.385168
--------------------------------------------------!
***************dt=2.000000***************
***************flag=0***************
--------------------------------------------------!
time		0.000000
wall time	228.994679
*******************************
dgemm_time	80.148872
conv_transfer_time	0.000000
conv_calculate_time	3166.249512
elastic_calculate_time	3166.288818
Allen_Cahn_nonlinear_time	3260.926514
Cahn_Hilliard_nonlinear_time	0.011840
trans_time	37.880653
trans_Memcpy_time	19.350281
trans_MPI_time	13.009631
trans_pack_time	0.373770
trans_enlarge_time	0.665615
trans_mu_time	0.437292
trans_unpack_time	3.584737
updateU_new_time	2.703432
runtime	3.383183
--------------------------------------------------!
***************dt=2.000000***************
***************flag=0***************
--------------------------------------------------!
time		0.000000
wall time	232.379967
*******************************
dgemm_time	80.089180
conv_transfer_time	0.000000
conv_calculate_time	3157.464600
elastic_calculate_time	3157.502930
Allen_Cahn_nonlinear_time	3256.965576
Cahn_Hilliard_nonlinear_time	0.011680
trans_time	37.941830
trans_Memcpy_time	19.386761
trans_MPI_time	13.002269
trans_pack_time	0.385769
trans_enlarge_time	0.686897
trans_mu_time	0.443850
trans_unpack_time	3.584576
updateU_new_time	2.709832
runtime	3.380654
--------------------------------------------------!
***************dt=2.000000***************
***************flag=0***************
--------------------------------------------------!
time		0.000000
wall time	235.763199
*******************************
dgemm_time	80.131729
conv_transfer_time	0.000000
conv_calculate_time	3159.975830
elastic_calculate_time	3160.015869
Allen_Cahn_nonlinear_time	3257.635742
Cahn_Hilliard_nonlinear_time	0.011680
trans_time	38.351963
trans_Memcpy_time	19.387396
trans_MPI_time	13.420036
trans_pack_time	0.385609
trans_enlarge_time	0.676176
trans_mu_time	0.439531
trans_unpack_time	3.590495
updateU_new_time	2.710472
runtime	3.381968
--------------------------------------------------!
***************dt=2.000000***************
***************flag=0***************
--------------------------------------------------!
time		0.000000
wall time	239.143903
*******************************
dgemm_time	80.132034
conv_transfer_time	0.000000
conv_calculate_time	3172.820068
elastic_calculate_time	3172.856201
Allen_Cahn_nonlinear_time	3267.342285
Cahn_Hilliard_nonlinear_time	0.012000
trans_time	37.907436
trans_Memcpy_time	19.420031
trans_MPI_time	12.961464
trans_pack_time	0.375689
trans_enlarge_time	0.674414
trans_mu_time	0.439848
trans_unpack_time	3.583935
updateU_new_time	2.729192
runtime	3.389909
--------------------------------------------------!
***************dt=2.000000***************
***************flag=0***************
--------------------------------------------------!
time		0.000000
wall time	242.525921
*******************************
dgemm_time	80.148026
conv_transfer_time	0.000000
conv_calculate_time	3167.349121
elastic_calculate_time	3167.385254
Allen_Cahn_nonlinear_time	3261.663330
Cahn_Hilliard_nonlinear_time	0.012000
trans_time	38.482147
trans_Memcpy_time	19.382751
trans_MPI_time	13.557318
trans_pack_time	0.394890
trans_enlarge_time	0.667374
trans_mu_time	0.439847
trans_unpack_time	3.583134
updateU_new_time	2.711271
runtime	3.384895
--------------------------------------------------!
***************dt=2.000000***************
***************flag=0***************
--------------------------------------------------!
time		0.000000
wall time	245.915881
*******************************
dgemm_time	80.077927
conv_transfer_time	0.000000
conv_calculate_time	3166.070557
elastic_calculate_time	3166.108643
Allen_Cahn_nonlinear_time	3260.362061
Cahn_Hilliard_nonlinear_time	0.012000
trans_time	37.926876
trans_Memcpy_time	19.426590
trans_MPI_time	12.952660
trans_pack_time	0.375209
trans_enlarge_time	0.693615
trans_mu_time	0.437127
trans_unpack_time	3.587454
updateU_new_time	2.702790
runtime	3.383103
--------------------------------------------------!
***************dt=2.000000***************
***************flag=0***************
--------------------------------------------------!
time		0.000000
wall time	249.300827
*******************************
dgemm_time	80.121277
conv_transfer_time	0.000000
conv_calculate_time	3167.431396
elastic_calculate_time	3167.468262
Allen_Cahn_nonlinear_time	3261.964355
Cahn_Hilliard_nonlinear_time	0.012160
trans_time	37.866707
trans_Memcpy_time	19.378744
trans_MPI_time	12.949297
trans_pack_time	0.376329
trans_enlarge_time	0.675214
trans_mu_time	0.446728
trans_unpack_time	3.587453
updateU_new_time	2.704070
runtime	3.384846
--------------------------------------------------!
***************dt=2.000000***************
***************flag=0***************
--------------------------------------------------!
time		0.000000
wall time	252.683982
*******************************
dgemm_time	80.086708
conv_transfer_time	0.000000
conv_calculate_time	3157.159912
elastic_calculate_time	3157.209473
Allen_Cahn_nonlinear_time	3252.537354
Cahn_Hilliard_nonlinear_time	0.011840
trans_time	37.848461
trans_Memcpy_time	19.369621
trans_MPI_time	12.954735
trans_pack_time	0.373929
trans_enlarge_time	0.684174
trans_mu_time	0.440807
trans_unpack_time	3.571772
updateU_new_time	2.700869
runtime	3.375121
--------------------------------------------------!
***************dt=2.000000***************
***************flag=0***************
--------------------------------------------------!
time		0.000000
wall time	256.068883
*******************************
dgemm_time	80.116936
conv_transfer_time	0.000000
conv_calculate_time	3169.146484
elastic_calculate_time	3169.186279
Allen_Cahn_nonlinear_time	3273.644043
Cahn_Hilliard_nonlinear_time	0.012000
trans_time	37.895248
trans_Memcpy_time	19.413620
trans_MPI_time	12.892813
trans_pack_time	0.371209
trans_enlarge_time	0.676974
trans_mu_time	0.452329
trans_unpack_time	3.577852
updateU_new_time	2.701669
runtime	3.396063
--------------------------------------------------!
***************dt=2.000000***************
***************flag=0***************
--------------------------------------------------!
time		0.000000
wall time	259.444059
*******************************
dgemm_time	80.122208
conv_transfer_time	0.000000
conv_calculate_time	3161.797852
elastic_calculate_time	3161.837402
Allen_Cahn_nonlinear_time	3260.813232
Cahn_Hilliard_nonlinear_time	0.011840
trans_time	41.088135
trans_Memcpy_time	19.372976
trans_MPI_time	16.111933
trans_pack_time	0.375849
trans_enlarge_time	0.681935
trans_mu_time	0.439527
trans_unpack_time	3.583132
updateU_new_time	2.700709
runtime	3.386545
--------------------------------------------------!
***************dt=2.000000***************
***************flag=0***************
--------------------------------------------------!
time		0.000000
wall time	262.840173
*******************************
dgemm_time	80.125717
conv_transfer_time	0.000000
conv_calculate_time	3168.659912
elastic_calculate_time	3168.703857
Allen_Cahn_nonlinear_time	3266.852295
Cahn_Hilliard_nonlinear_time	0.014560
trans_time	37.793316
trans_Memcpy_time	19.385775
trans_MPI_time	12.868328
trans_pack_time	0.376809
trans_enlarge_time	0.684015
trans_mu_time	0.442247
trans_unpack_time	3.583931
updateU_new_time	2.703588
runtime	3.389165
--------------------------------------------------!
***************dt=2.000000***************
***************flag=0***************
--------------------------------------------------!
time		0.000000
wall time	266.226776
*******************************
dgemm_time	80.097549
conv_transfer_time	0.000000
conv_calculate_time	3163.548828
elastic_calculate_time	3163.597656
Allen_Cahn_nonlinear_time	3258.588379
Cahn_Hilliard_nonlinear_time	0.014560
trans_time	45.113297
trans_Memcpy_time	19.499855
trans_MPI_time	19.928026
trans_pack_time	0.380649
trans_enlarge_time	0.704974
trans_mu_time	0.466728
trans_unpack_time	3.592411
updateU_new_time	2.705028
runtime	3.388303
--------------------------------------------------!
***************dt=2.000000***************
***************flag=0***************
--------------------------------------------------!
time		0.000000
wall time	269.615993
*******************************
dgemm_time	80.128258
conv_transfer_time	0.000000
conv_calculate_time	3154.958984
elastic_calculate_time	3155.013428
Allen_Cahn_nonlinear_time	3251.693848
Cahn_Hilliard_nonlinear_time	0.012320
trans_time	50.206650
trans_Memcpy_time	19.463690
trans_MPI_time	25.072153
trans_pack_time	0.379529
trans_enlarge_time	0.706254
trans_mu_time	0.472488
trans_unpack_time	3.570650
updateU_new_time	2.700708
runtime	3.386524
--------------------------------------------------!
***************dt=2.000000***************
***************flag=0***************
--------------------------------------------------!
time		0.000000
wall time	273.004349
*******************************
dgemm_time	80.101364
conv_transfer_time	0.000000
conv_calculate_time	3157.112793
elastic_calculate_time	3157.152100
Allen_Cahn_nonlinear_time	3250.588135
Cahn_Hilliard_nonlinear_time	0.011840
trans_time	37.736820
trans_Memcpy_time	19.305925
trans_MPI_time	12.892324
trans_pack_time	0.375688
trans_enlarge_time	0.692333
trans_mu_time	0.447207
trans_unpack_time	3.568089
updateU_new_time	2.702627
runtime	3.374181
--------------------------------------------------!
***************dt=2.000000***************
***************flag=0***************
--------------------------------------------------!
time		0.000000
wall time	276.390926
*******************************
dgemm_time	80.151123
conv_transfer_time	0.000000
conv_calculate_time	3166.092041
elastic_calculate_time	3166.131104
Allen_Cahn_nonlinear_time	3267.812500
Cahn_Hilliard_nonlinear_time	0.012000
trans_time	38.000233
trans_Memcpy_time	19.202719
trans_MPI_time	13.235371
trans_pack_time	0.377448
trans_enlarge_time	0.695854
trans_mu_time	0.442728
trans_unpack_time	3.594170
updateU_new_time	2.702627
runtime	3.390589
--------------------------------------------------!
***************dt=2.000000***************
***************flag=0***************
--------------------------------------------------!
time		0.000000
wall time	279.765159
*******************************
dgemm_time	80.149193
conv_transfer_time	0.000000
conv_calculate_time	3183.805176
elastic_calculate_time	3183.843994
Allen_Cahn_nonlinear_time	3279.150879
Cahn_Hilliard_nonlinear_time	0.012160
trans_time	47.185310
trans_Memcpy_time	19.184958
trans_MPI_time	22.476879
trans_pack_time	0.375688
trans_enlarge_time	0.669133
trans_mu_time	0.447848
trans_unpack_time	3.579129
updateU_new_time	2.706627
runtime	3.413261
--------------------------------------------------!
***************dt=2.000000***************
***************flag=0***************
--------------------------------------------------!
time		0.000000
wall time	283.155812
*******************************
dgemm_time	80.146469
conv_transfer_time	0.000000
conv_calculate_time	3159.146240
elastic_calculate_time	3159.197266
Allen_Cahn_nonlinear_time	3255.467529
Cahn_Hilliard_nonlinear_time	0.012160
trans_time	37.866112
trans_Memcpy_time	19.227837
trans_MPI_time	13.110245
trans_pack_time	0.381449
trans_enlarge_time	0.683373
trans_mu_time	0.438887
trans_unpack_time	3.569688
updateU_new_time	2.703747
runtime	3.377725
--------------------------------------------------!
***************dt=2.000000***************
***************flag=0***************
--------------------------------------------------!
time		0.000000
wall time	286.569124
*******************************
dgemm_time	80.113022
conv_transfer_time	0.000000
conv_calculate_time	3157.566162
elastic_calculate_time	3157.607666
Allen_Cahn_nonlinear_time	3254.905029
Cahn_Hilliard_nonlinear_time	0.012320
trans_time	38.107635
trans_Memcpy_time	19.448959
trans_MPI_time	13.079844
trans_pack_time	0.373128
trans_enlarge_time	0.664013
trans_mu_time	0.446728
trans_unpack_time	3.579128
updateU_new_time	2.701986
runtime	3.377507
--------------------------------------------------!
***************dt=2.000000***************
***************flag=0***************
--------------------------------------------------!
time		0.000000
wall time	289.946899
*******************************
dgemm_time	80.093491
conv_transfer_time	0.000000
conv_calculate_time	3166.018555
elastic_calculate_time	3166.056152
Allen_Cahn_nonlinear_time	3262.548096
Cahn_Hilliard_nonlinear_time	0.011840
trans_time	38.176205
trans_Memcpy_time	19.490076
trans_MPI_time	13.113764
trans_pack_time	0.391689
trans_enlarge_time	0.678573
trans_mu_time	0.439207
trans_unpack_time	3.610009
updateU_new_time	2.701826
runtime	3.385348
--------------------------------------------------!
***************dt=2.000000***************
***************flag=0***************
--------------------------------------------------!
time		0.000000
wall time	293.324458
*******************************
dgemm_time	80.113968
conv_transfer_time	0.000000
conv_calculate_time	3158.292725
elastic_calculate_time	3158.330322
Allen_Cahn_nonlinear_time	3253.837158
Cahn_Hilliard_nonlinear_time	0.012000
trans_time	48.992397
trans_Memcpy_time	19.467039
trans_MPI_time	23.966669
trans_pack_time	0.375208
trans_enlarge_time	0.699534
trans_mu_time	0.444327
trans_unpack_time	3.586808
updateU_new_time	2.701346
runtime	3.387682
--------------------------------------------------!
***************dt=2.000000***************
***************flag=0***************
--------------------------------------------------!
time		0.000000
wall time	296.709857
*******************************
dgemm_time	80.063881
conv_transfer_time	0.000000
conv_calculate_time	3157.034912
elastic_calculate_time	3157.076660
Allen_Cahn_nonlinear_time	3251.775635
Cahn_Hilliard_nonlinear_time	0.011680
trans_time	37.921791
trans_Memcpy_time	19.413754
trans_MPI_time	12.971518
trans_pack_time	0.378568
trans_enlarge_time	0.654733
trans_mu_time	0.448967
trans_unpack_time	3.601208
updateU_new_time	2.702786
runtime	3.374487
--------------------------------------------------!
***************dt=2.000000***************
***************flag=0***************
--------------------------------------------------!
time		0.000000
wall time	300.097597
*******************************
dgemm_time	80.156197
conv_transfer_time	0.000000
conv_calculate_time	3164.927979
elastic_calculate_time	3164.966309
Allen_Cahn_nonlinear_time	3265.945312
Cahn_Hilliard_nonlinear_time	0.011840
trans_time	45.724899
trans_Memcpy_time	19.334230
trans_MPI_time	20.874111
trans_pack_time	0.372488
trans_enlarge_time	0.678413
trans_mu_time	0.440967
trans_unpack_time	3.576247
updateU_new_time	2.702946
runtime	3.396593
--------------------------------------------------!
***************dt=2.000000***************
***************flag=0***************
--------------------------------------------------!
time		0.000000
wall time	303.472141
*******************************
dgemm_time	80.115067
conv_transfer_time	0.000000
conv_calculate_time	3169.488281
elastic_calculate_time	3169.532715
Allen_Cahn_nonlinear_time	3264.028809
Cahn_Hilliard_nonlinear_time	0.012000
trans_time	37.698242
trans_Memcpy_time	19.378551
trans_MPI_time	12.809432
trans_pack_time	0.373608
trans_enlarge_time	0.670413
trans_mu_time	0.438406
trans_unpack_time	3.575127
updateU_new_time	2.702465
runtime	3.386694
--------------------------------------------------!
***************dt=2.000000***************
***************flag=0***************
--------------------------------------------------!
time		0.000000
wall time	306.868786
*******************************
dgemm_time	80.118103
conv_transfer_time	0.000000
conv_calculate_time	3157.544678
elastic_calculate_time	3157.582275
Allen_Cahn_nonlinear_time	3254.746094
Cahn_Hilliard_nonlinear_time	0.012000
trans_time	38.416084
trans_Memcpy_time	19.431032
trans_MPI_time	13.426565
trans_pack_time	0.398089
trans_enlarge_time	0.675533
trans_mu_time	0.440806
trans_unpack_time	3.586967
updateU_new_time	2.713345
runtime	3.378369
--------------------------------------------------!
***************dt=2.000000***************
***************flag=0***************
--------------------------------------------------!
time		0.000000
wall time	310.255529
*******************************
dgemm_time	80.140335
conv_transfer_time	0.000000
conv_calculate_time	3156.194336
elastic_calculate_time	3156.234863
Allen_Cahn_nonlinear_time	3255.293457
Cahn_Hilliard_nonlinear_time	0.011840
trans_time	38.210018
trans_Memcpy_time	19.384150
trans_MPI_time	13.306562
trans_pack_time	0.375208
trans_enlarge_time	0.671853
trans_mu_time	0.441126
trans_unpack_time	3.577046
updateU_new_time	2.723585
runtime	3.377884
--------------------------------------------------!
***************dt=2.000000***************
***************flag=0***************
--------------------------------------------------!
time		0.000000
wall time	313.633949
*******************************
dgemm_time	80.080971
conv_transfer_time	0.000000
conv_calculate_time	3170.591309
elastic_calculate_time	3170.630371
Allen_Cahn_nonlinear_time	3265.783203
Cahn_Hilliard_nonlinear_time	0.012000
trans_time	37.848534
trans_Memcpy_time	19.385107
trans_MPI_time	12.928953
trans_pack_time	0.375528
trans_enlarge_time	0.676013
trans_mu_time	0.440486
trans_unpack_time	3.588086
updateU_new_time	2.719745
runtime	3.388929
--------------------------------------------------!
***************dt=2.000000***************
***************flag=0***************
--------------------------------------------------!
time		0.000000
wall time	317.011886
*******************************
dgemm_time	80.077927
conv_transfer_time	0.000000
conv_calculate_time	3160.449219
elastic_calculate_time	3160.488281
Allen_Cahn_nonlinear_time	3255.511230
Cahn_Hilliard_nonlinear_time	0.012320
trans_time	38.017757
trans_Memcpy_time	19.399185
trans_MPI_time	13.030074
trans_pack_time	0.375368
trans_enlarge_time	0.673773
trans_mu_time	0.447847
trans_unpack_time	3.577846
updateU_new_time	2.703585
runtime	3.378143
--------------------------------------------------!
***************dt=2.000000***************
***************flag=0***************
--------------------------------------------------!
time		0.000000
wall time	320.400921
*******************************
dgemm_time	80.104156
conv_transfer_time	0.000000
conv_calculate_time	3165.389404
elastic_calculate_time	3165.429199
Allen_Cahn_nonlinear_time	3260.140137
Cahn_Hilliard_nonlinear_time	0.011840
trans_time	37.913254
trans_Memcpy_time	19.395344
trans_MPI_time	12.906549
trans_pack_time	0.372968
trans_enlarge_time	0.680173
trans_mu_time	0.452328
trans_unpack_time	3.589366
updateU_new_time	2.701664
runtime	3.382458
--------------------------------------------------!
***************dt=2.000000***************
***************flag=0***************
--------------------------------------------------!
time		0.000000
wall time	323.779115
*******************************
dgemm_time	80.096954
conv_transfer_time	0.000000
conv_calculate_time	3158.405762
elastic_calculate_time	3158.444824
Allen_Cahn_nonlinear_time	3256.200439
Cahn_Hilliard_nonlinear_time	0.011680
trans_time	37.969460
trans_Memcpy_time	19.327341
trans_MPI_time	13.036793
trans_pack_time	0.373608
trans_enlarge_time	0.696494
trans_mu_time	0.438407
trans_unpack_time	3.585686
updateU_new_time	2.704544
runtime	3.378467
--------------------------------------------------!
***************dt=2.000000***************
***************flag=0***************
--------------------------------------------------!
time		0.000000
wall time	327.161630
*******************************
dgemm_time	80.126526
conv_transfer_time	0.000000
conv_calculate_time	3160.645020
elastic_calculate_time	3160.685547
Allen_Cahn_nonlinear_time	3258.093262
Cahn_Hilliard_nonlinear_time	0.011840
trans_time	38.045742
trans_Memcpy_time	19.408941
trans_MPI_time	13.035351
trans_pack_time	0.379048
trans_enlarge_time	0.662252
trans_mu_time	0.449448
trans_unpack_time	3.583605
updateU_new_time	2.703898
runtime	3.380387
--------------------------------------------------!
***************dt=2.000000***************
***************flag=0***************
--------------------------------------------------!
time		0.000000
wall time	330.540151
*******************************
dgemm_time	80.106125
conv_transfer_time	0.000000
conv_calculate_time	3165.532471
elastic_calculate_time	3165.569092
Allen_Cahn_nonlinear_time	3262.248779
Cahn_Hilliard_nonlinear_time	0.012320
trans_time	39.097855
trans_Memcpy_time	19.378496
trans_MPI_time	14.191504
trans_pack_time	0.379208
trans_enlarge_time	0.689132
trans_mu_time	0.438726
trans_unpack_time	3.569196
updateU_new_time	2.702764
runtime	3.385034
--------------------------------------------------!
***************dt=2.000000***************
***************flag=0***************
--------------------------------------------------!
time		0.000000
wall time	333.920597
*******************************
dgemm_time	80.100616
conv_transfer_time	0.000000
conv_calculate_time	3160.138916
elastic_calculate_time	3160.175049
Allen_Cahn_nonlinear_time	3255.683594
Cahn_Hilliard_nonlinear_time	0.011680
trans_time	37.806526
trans_Memcpy_time	19.381596
trans_MPI_time	12.891572
trans_pack_time	0.372646
trans_enlarge_time	0.685447
trans_mu_time	0.447206
trans_unpack_time	3.573819
updateU_new_time	2.702911
runtime	3.377127
--------------------------------------------------!
***************dt=2.000000***************
***************flag=0***************
--------------------------------------------------!
time		0.000000
wall time	337.305684
*******************************
dgemm_time	80.140396
conv_transfer_time	0.000000
conv_calculate_time	3156.323242
elastic_calculate_time	3156.362549
Allen_Cahn_nonlinear_time	3253.864502
Cahn_Hilliard_nonlinear_time	0.011840
trans_time	43.295036
trans_Memcpy_time	19.377022
trans_MPI_time	18.389174
trans_pack_time	0.376004
trans_enlarge_time	0.675206
trans_mu_time	0.442880
trans_unpack_time	3.580361
updateU_new_time	2.705458
runtime	3.379913
--------------------------------------------------!
***************dt=2.000000***************
***************flag=0***************
--------------------------------------------------!
time		0.000000
wall time	340.682862
