running   on	1024   processors
restart		0
nx,ny,nz	132	132	64
px,py,pz	8	8	16
nghost		2
output   dir	./output/output2/
data   dir	./data/
dt,t_total	2.000000,200.100000
ELASTIC		1
ANISOTROPIC		1
nac,nch		6,2
xmin,ymin,zmin	0.000000	0.000000	0.000000
xmax,ymax,zmax	1024.000000	1024.000000	1024.000000
checkpoint_,nchk,chk	1,1000,0
nout		10000
Approx		32
detect_iter		100000
Reading input.txt file:
myrank = 835 P = 1 Q = 1
myrank = 863 P = 4 Q = 5
myrank = 860 P = 5 Q = 4
myrank = 861 P = 5 Q = 5
myrank = 832 P = 1 Q = 1
myrank = 798 P = 4 Q = 5
myrank = 834 P = 2 Q = 3
myrank = 800 P = 5 Q = 1
myrank = 996 P = 1 Q = 2
myrank = 862 P = 4 Q = 3
myrank = 997 P = 4 Q = 1
myrank = 979 P = 5 Q = 5
myrank = 799 P = 5 Q = 5
myrank = 995 P = 0 Q = 5
myrank = 833 P = 1 Q = 3
myrank = 1011 P = 1 Q = 2
myrank = 801 P = 0 Q = 5
myrank = 978 P = 2 Q = 0
myrank = 977 P = 1 Q = 0
myrank = 29 P = 2 Q = 4
myrank = 802 P = 2 Q = 2
myrank = 52 P = 2 Q = 2
myrank = 28 P = 5 Q = 0
myrank = 795 P = 1 Q = 2
myrank = 976 P = 4 Q = 1
myrank = 803 P = 5 Q = 4
myrank = 30 P = 0 Q = 5
myrank = 796 P = 3 Q = 3
myrank = 998 P = 0 Q = 5
myrank = 31 P = 0 Q = 3
myrank = 993 P = 5 Q = 0
myrank = 1008 P = 1 Q = 2
myrank = 797 P = 1 Q = 3
myrank = 1009 P = 3 Q = 3
myrank = 786 P = 4 Q = 5
myrank = 999 P = 4 Q = 2
myrank = 992 P = 3 Q = 5
myrank = 98 P = 3 Q = 1
myrank = 909 P = 4 Q = 0
myrank = 907 P = 0 Q = 4
myrank = 53 P = 3 Q = 0
myrank = 124 P = 1 Q = 0
myrank = 60 P = 0 Q = 4
myrank = 97 P = 1 Q = 1
myrank = 20 P = 4 Q = 4
myrank = 55 P = 2 Q = 5
myrank = 794 P = 1 Q = 1
myrank = 784 P = 5 Q = 0
myrank = 911 P = 2 Q = 0
myrank = 85 P = 1 Q = 1
myrank = 22 P = 0 Q = 3
myrank = 1010 P = 0 Q = 4
myrank = 43 P = 2 Q = 2
myrank = 994 P = 3 Q = 3
myrank = 115 P = 1 Q = 0
myrank = 1003 P = 3 Q = 0
myrank = 23 P = 3 Q = 5
myrank = 908 P = 1 Q = 5
myrank = 16 P = 0 Q = 1
myrank = 910 P = 5 Q = 1
myrank = 1002 P = 2 Q = 3
myrank = 792 P = 3 Q = 4
myrank = 96 P = 4 Q = 2
myrank = 894 P = 4 Q = 1
myrank = 904 P = 0 Q = 2
myrank = 126 P = 4 Q = 1
myrank = 125 P = 5 Q = 0
myrank = 857 P = 3 Q = 1
myrank = 99 P = 3 Q = 3
myrank = 86 P = 2 Q = 4
myrank = 1001 P = 2 Q = 4
myrank = 101 P = 5 Q = 4
myrank = 1004 P = 5 Q = 4
myrank = 906 P = 2 Q = 4
myrank = 87 P = 5 Q = 3
myrank = 46 P = 0 Q = 0
myrank = 780 P = 1 Q = 3
myrank = 127 P = 1 Q = 0
myrank = 905 P = 5 Q = 5
myrank = 867 P = 5 Q = 2
myrank = 1020 P = 2 Q = 5
myrank = 44 P = 2 Q = 4
myrank = 858 P = 3 Q = 0
myrank = 982 P = 5 Q = 5
myrank = 981 P = 1 Q = 0
myrank = 45 P = 0 Q = 4
myrank = 830 P = 0 Q = 5
myrank = 980 P = 3 Q = 2
myrank = 18 P = 5 Q = 0
myrank = 895 P = 0 Q = 5
myrank = 1021 P = 0 Q = 0
myrank = 21 P = 1 Q = 0
myrank = 912 P = 4 Q = 3
myrank = 892 P = 0 Q = 5
myrank = 781 P = 3 Q = 3
myrank = 83 P = 0 Q = 5
myrank = 57 P = 3 Q = 1
myrank = 81 P = 0 Q = 1
myrank = 983 P = 0 Q = 2
myrank = 113 P = 2 Q = 1
myrank = 986 P = 2 Q = 2
myrank = 824 P = 4 Q = 3
myrank = 100 P = 1 Q = 3
myrank = 84 P = 0 Q = 3
myrank = 7 P = 0 Q = 4
myrank = 1000 P = 1 Q = 4
myrank = 783 P = 4 Q = 5
myrank = 859 P = 4 Q = 3
myrank = 856 P = 1 Q = 4
myrank = 1022 P = 0 Q = 4
myrank = 991 P = 3 Q = 1
myrank = 827 P = 3 Q = 5
myrank = 63 P = 2 Q = 0
myrank = 62 P = 1 Q = 3
myrank = 901 P = 1 Q = 2
myrank = 82 P = 2 Q = 1
myrank = 104 P = 4 Q = 2
myrank = 13 P = 1 Q = 1
myrank = 962 P = 1 Q = 0
myrank = 788 P = 5 Q = 1
myrank = 916 P = 3 Q = 1
myrank = 19 P = 0 Q = 4
myrank = 106 P = 0 Q = 3
myrank = 951 P = 5 Q = 1
myrank = 12 P = 4 Q = 0
myrank = 17 P = 5 Q = 5
myrank = 829 P = 2 Q = 4
myrank = 782 P = 1 Q = 1
myrank = 851 P = 4 Q = 2
myrank = 103 P = 1 Q = 0
myrank = 922 P = 3 Q = 4
myrank = 960 P = 0 Q = 4
myrank = 903 P = 0 Q = 0
myrank = 35 P = 1 Q = 4
myrank = 839 P = 0 Q = 5
myrank = 988 P = 4 Q = 1
myrank = 789 P = 3 Q = 5
myrank = 105 P = 2 Q = 5
myrank = 112 P = 1 Q = 0
myrank = 987 P = 2 Q = 3
myrank = 831 P = 0 Q = 0
myrank = 828 P = 3 Q = 4
myrank = 1006 P = 3 Q = 0
myrank = 54 P = 3 Q = 4
myrank = 41 P = 5 Q = 4
myrank = 875 P = 2 Q = 0
myrank = 56 P = 2 Q = 4
myrank = 114 P = 2 Q = 5
myrank = 107 P = 0 Q = 1
myrank = 785 P = 5 Q = 5
myrank = 75 P = 5 Q = 3
myrank = 963 P = 5 Q = 1
myrank = 961 P = 4 Q = 2
myrank = 1007 P = 0 Q = 2
myrank = 1023 P = 1 Q = 5
myrank = 917 P = 2 Q = 5
myrank = 923 P = 1 Q = 1
myrank = 845 P = 0 Q = 1
myrank = 913 P = 2 Q = 4
myrank = 1005 P = 5 Q = 0
myrank = 47 P = 1 Q = 3
myrank = 26 P = 5 Q = 2
myrank = 896 P = 0 Q = 0
myrank = 880 P = 0 Q = 2
myrank = 868 P = 5 Q = 3
myrank = 790 P = 0 Q = 3
myrank = 793 P = 3 Q = 0
myrank = 1019 P = 1 Q = 0
myrank = 826 P = 2 Q = 2
myrank = 61 P = 3 Q = 5
myrank = 989 P = 2 Q = 5
myrank = 40 P = 5 Q = 0
myrank = 24 P = 1 Q = 2
myrank = 882 P = 4 Q = 1
myrank = 838 P = 2 Q = 1
myrank = 42 P = 3 Q = 5
myrank = 25 P = 2 Q = 0
myrank = 869 P = 0 Q = 1
myrank = 825 P = 2 Q = 0
myrank = 778 P = 0 Q = 1
myrank = 870 P = 4 Q = 4
myrank = 914 P = 5 Q = 5
myrank = 918 P = 0 Q = 3
myrank = 841 P = 2 Q = 4
myrank = 902 P = 5 Q = 0
myrank = 108 P = 1 Q = 2
myrank = 866 P = 3 Q = 4
myrank = 791 P = 2 Q = 4
myrank = 777 P = 3 Q = 5
myrank = 843 P = 0 Q = 3
myrank = 74 P = 4 Q = 0
myrank = 72 P = 3 Q = 4
myrank = 4 P = 3 Q = 4
myrank = 948 P = 5 Q = 1
myrank = 899 P = 5 Q = 3
myrank = 990 P = 2 Q = 3
myrank = 897 P = 1 Q = 1
myrank = 893 P = 1 Q = 5
myrank = 59 P = 4 Q = 0
myrank = 58 P = 1 Q = 2
myrank = 871 P = 4 Q = 0
myrank = 73 P = 4 Q = 4
myrank = 15 P = 3 Q = 2
myrank = 27 P = 4 Q = 2
myrank = 873 P = 2 Q = 5
myrank = 775 P = 4 Q = 4
myrank = 853 P = 5 Q = 4
myrank = 787 P = 5 Q = 3
myrank = 102 P = 5 Q = 5
myrank = 985 P = 1 Q = 4
myrank = 850 P = 1 Q = 0
myrank = 77 P = 1 Q = 2
myrank = 109 P = 4 Q = 0
myrank = 779 P = 1 Q = 4
myrank = 874 P = 1 Q = 3
myrank = 836 P = 1 Q = 5
myrank = 872 P = 2 Q = 1
myrank = 900 P = 4 Q = 3
myrank = 915 P = 3 Q = 0
myrank = 768 P = 1 Q = 3
myrank = 921 P = 4 Q = 3
myrank = 855 P = 4 Q = 5
myrank = 770 P = 3 Q = 2
myrank = 920 P = 1 Q = 5
myrank = 773 P = 2 Q = 5
myrank = 898 P = 5 Q = 4
myrank = 34 P = 0 Q = 0
myrank = 849 P = 2 Q = 0
myrank = 811 P = 5 Q = 2
myrank = 36 P = 4 Q = 5
myrank = 10 P = 2 Q = 1
myrank = 33 P = 3 Q = 4
myrank = 1016 P = 5 Q = 1
myrank = 984 P = 3 Q = 1
myrank = 80 P = 0 Q = 5
myrank = 842 P = 0 Q = 2
myrank = 1017 P = 5 Q = 5
myrank = 822 P = 5 Q = 0
myrank = 6 P = 2 Q = 0
myrank = 769 P = 3 Q = 4
myrank = 79 P = 5 Q = 1
myrank = 774 P = 4 Q = 2
myrank = 847 P = 1 Q = 0
myrank = 78 P = 5 Q = 3
myrank = 864 P = 2 Q = 5
myrank = 884 P = 0 Q = 3
myrank = 37 P = 5 Q = 3
myrank = 771 P = 4 Q = 3
myrank = 14 P = 2 Q = 2
myrank = 772 P = 5 Q = 0
myrank = 111 P = 4 Q = 4
myrank = 807 P = 0 Q = 4
myrank = 823 P = 5 Q = 5
myrank = 76 P = 2 Q = 2
myrank = 848 P = 4 Q = 2
myrank = 1018 P = 0 Q = 3
myrank = 32 P = 4 Q = 4
myrank = 819 P = 3 Q = 1
myrank = 865 P = 3 Q = 3
myrank = 804 P = 3 Q = 1
myrank = 844 P = 1 Q = 4
myrank = 949 P = 5 Q = 0
myrank = 776 P = 2 Q = 1
myrank = 950 P = 4 Q = 4
myrank = 11 P = 0 Q = 5
myrank = 805 P = 0 Q = 3
myrank = 837 P = 2 Q = 3
myrank = 49 P = 2 Q = 3
myrank = 926 P = 5 Q = 2
myrank = 919 P = 3 Q = 4
myrank = 840 P = 2 Q = 0
myrank = 50 P = 1 Q = 0
myrank = 887 P = 2 Q = 0
myrank = 110 P = 3 Q = 1
myrank = 5 P = 2 Q = 5
myrank = 820 P = 4 Q = 4
myrank = 806 P = 4 Q = 3
myrank = 816 P = 3 Q = 4
myrank = 39 P = 4 Q = 2
myrank = 808 P = 3 Q = 0
myrank = 48 P = 5 Q = 4
myrank = 818 P = 4 Q = 0
myrank = 886 P = 1 Q = 0
myrank = 846 P = 3 Q = 0
myrank = 8 P = 0 Q = 5
myrank = 946 P = 1 Q = 5
myrank = 121 P = 0 Q = 5
myrank = 1 P = 4 Q = 5
myrank = 3 P = 5 Q = 4
myrank = 973 P = 4 Q = 5
myrank = 809 P = 1 Q = 0
myrank = 38 P = 1 Q = 0
myrank = 878 P = 2 Q = 3
myrank = 944 P = 2 Q = 1
myrank = 928 P = 5 Q = 3
myrank = 883 P = 0 Q = 2
myrank = 964 P = 2 Q = 5
myrank = 1013 P = 2 Q = 4
myrank = 947 P = 4 Q = 4
myrank = 852 P = 5 Q = 2
myrank = 71 P = 4 Q = 3
myrank = 876 P = 2 Q = 2
myrank = 817 P = 4 Q = 2
myrank = 879 P = 5 Q = 5
myrank = 821 P = 4 Q = 0
myrank = 885 P = 4 Q = 4
myrank = 69 P = 3 Q = 1
myrank = 943 P = 2 Q = 3
myrank = 90 P = 2 Q = 3
myrank = 2 P = 2 Q = 2
myrank = 68 P = 3 Q = 5
myrank = 877 P = 3 Q = 2
myrank = 941 P = 3 Q = 3
myrank = 924 P = 1 Q = 3
myrank = 1015 P = 1 Q = 0
myrank = 972 P = 0 Q = 4
myrank = 940 P = 2 Q = 0
myrank = 927 P = 3 Q = 0
myrank = 967 P = 2 Q = 5
myrank = 854 P = 0 Q = 4
myrank = 975 P = 2 Q = 1
myrank = 1014 P = 1 Q = 5
myrank = 0 P = 4 Q = 0
myrank = 932 P = 1 Q = 1
myrank = 889 P = 0 Q = 5
myrank = 122 P = 3 Q = 4
myrank = 70 P = 1 Q = 1
myrank = 810 P = 4 Q = 5
myrank = 89 P = 4 Q = 2
myrank = 51 P = 4 Q = 5
myrank = 88 P = 1 Q = 1
myrank = 881 P = 3 Q = 4
myrank = 891 P = 5 Q = 4
myrank = 812 P = 1 Q = 0
myrank = 888 P = 3 Q = 1
myrank = 1012 P = 4 Q = 4
myrank = 890 P = 5 Q = 0
myrank = 815 P = 2 Q = 0
myrank = 934 P = 0 Q = 1
myrank = 9 P = 4 Q = 0
myrank = 117 P = 5 Q = 2
myrank = 120 P = 2 Q = 5
myrank = 91 P = 3 Q = 3
myrank = 974 P = 4 Q = 3
myrank = 930 P = 0 Q = 5
myrank = 929 P = 5 Q = 5
myrank = 942 P = 0 Q = 5
myrank = 123 P = 4 Q = 4
myrank = 119 P = 3 Q = 1
myrank = 116 P = 2 Q = 0
myrank = 933 P = 3 Q = 2
myrank = 935 P = 4 Q = 1
myrank = 945 P = 3 Q = 2
myrank = 118 P = 3 Q = 5
myrank = 954 P = 0 Q = 5
myrank = 94 P = 5 Q = 1
myrank = 813 P = 1 Q = 1
myrank = 814 P = 5 Q = 5
myrank = 931 P = 3 Q = 1
myrank = 958 P = 1 Q = 2
myrank = 93 P = 2 Q = 2
myrank = 959 P = 1 Q = 4
myrank = 925 P = 2 Q = 3
myrank = 952 P = 5 Q = 3
myrank = 966 P = 2 Q = 1
myrank = 955 P = 5 Q = 5
myrank = 939 P = 1 Q = 5
myrank = 965 P = 3 Q = 0
myrank = 956 P = 0 Q = 0
myrank = 969 P = 0 Q = 1
myrank = 938 P = 1 Q = 4
myrank = 64 P = 5 Q = 5
myrank = 968 P = 0 Q = 0
myrank = 936 P = 5 Q = 2
myrank = 92 P = 3 Q = 5
myrank = 957 P = 3 Q = 5
myrank = 971 P = 3 Q = 5
myrank = 67 P = 5 Q = 5
myrank = 95 P = 0 Q = 1
myrank = 937 P = 2 Q = 0
myrank = 65 P = 1 Q = 0
myrank = 970 P = 1 Q = 2
myrank = 66 P = 4 Q = 4
myrank = 953 P = 0 Q = 0
myrank = 548 P = 0 Q = 4
myrank = 550 P = 4 Q = 1
myrank = 535 P = 1 Q = 4
myrank = 551 P = 4 Q = 5
myrank = 549 P = 1 Q = 4
myrank = 534 P = 2 Q = 0
myrank = 533 P = 4 Q = 3
myrank = 532 P = 5 Q = 2
myrank = 244 P = 5 Q = 2
myrank = 246 P = 5 Q = 3
myrank = 722 P = 4 Q = 2
myrank = 247 P = 2 Q = 3
myrank = 723 P = 5 Q = 2
myrank = 684 P = 4 Q = 3
myrank = 721 P = 2 Q = 1
myrank = 245 P = 1 Q = 0
myrank = 297 P = 5 Q = 1
myrank = 720 P = 5 Q = 1
myrank = 687 P = 4 Q = 4
myrank = 686 P = 2 Q = 3
myrank = 685 P = 1 Q = 0
myrank = 155 P = 1 Q = 5
myrank = 166 P = 4 Q = 3
myrank = 164 P = 5 Q = 5
myrank = 299 P = 1 Q = 2
myrank = 167 P = 0 Q = 1
myrank = 230 P = 2 Q = 2
myrank = 165 P = 1 Q = 0
myrank = 298 P = 4 Q = 5
myrank = 716 P = 0 Q = 2
myrank = 296 P = 4 Q = 4
myrank = 228 P = 0 Q = 1
myrank = 171 P = 4 Q = 0
myrank = 153 P = 5 Q = 1
myrank = 717 P = 2 Q = 0
myrank = 231 P = 0 Q = 5
myrank = 229 P = 3 Q = 4
myrank = 466 P = 3 Q = 3
myrank = 531 P = 5 Q = 5
myrank = 729 P = 5 Q = 4
myrank = 187 P = 5 Q = 1
myrank = 719 P = 3 Q = 3
myrank = 191 P = 2 Q = 2
myrank = 168 P = 4 Q = 1
myrank = 714 P = 3 Q = 1
myrank = 184 P = 0 Q = 2
myrank = 726 P = 5 Q = 3
myrank = 616 P = 2 Q = 3
myrank = 467 P = 5 Q = 1
myrank = 692 P = 1 Q = 4
myrank = 253 P = 1 Q = 3
myrank = 618 P = 0 Q = 4
myrank = 724 P = 2 Q = 2
myrank = 735 P = 4 Q = 4
myrank = 212 P = 2 Q = 2
myrank = 464 P = 4 Q = 2
myrank = 643 P = 1 Q = 3
myrank = 712 P = 2 Q = 1
myrank = 730 P = 4 Q = 2
myrank = 713 P = 3 Q = 1
myrank = 718 P = 5 Q = 3
myrank = 617 P = 0 Q = 4
myrank = 152 P = 4 Q = 4
myrank = 732 P = 4 Q = 3
myrank = 255 P = 2 Q = 3
myrank = 733 P = 4 Q = 0
myrank = 254 P = 4 Q = 0
myrank = 731 P = 5 Q = 5
myrank = 575 P = 0 Q = 0
myrank = 715 P = 5 Q = 2
myrank = 528 P = 5 Q = 4
myrank = 488 P = 4 Q = 4
myrank = 556 P = 0 Q = 1
myrank = 757 P = 2 Q = 5
myrank = 734 P = 2 Q = 3
myrank = 563 P = 2 Q = 1
myrank = 344 P = 4 Q = 4
myrank = 272 P = 4 Q = 2
myrank = 695 P = 4 Q = 5
myrank = 513 P = 3 Q = 0
myrank = 252 P = 2 Q = 5
myrank = 759 P = 0 Q = 3
myrank = 756 P = 0 Q = 4
myrank = 725 P = 2 Q = 3
myrank = 574 P = 5 Q = 0
myrank = 154 P = 2 Q = 4
myrank = 188 P = 2 Q = 4
myrank = 185 P = 5 Q = 0
myrank = 465 P = 3 Q = 3
myrank = 572 P = 0 Q = 5
myrank = 635 P = 2 Q = 2
myrank = 515 P = 2 Q = 4
myrank = 562 P = 0 Q = 3
myrank = 728 P = 2 Q = 1
myrank = 175 P = 0 Q = 5
myrank = 529 P = 5 Q = 4
myrank = 514 P = 3 Q = 0
myrank = 214 P = 4 Q = 0
myrank = 273 P = 0 Q = 3
myrank = 189 P = 0 Q = 4
myrank = 727 P = 4 Q = 1
myrank = 693 P = 4 Q = 4
myrank = 241 P = 5 Q = 1
myrank = 179 P = 1 Q = 3
myrank = 158 P = 4 Q = 3
myrank = 260 P = 5 Q = 5
myrank = 169 P = 1 Q = 5
myrank = 530 P = 1 Q = 5
myrank = 347 P = 1 Q = 5
myrank = 642 P = 4 Q = 0
myrank = 310 P = 1 Q = 0
myrank = 709 P = 0 Q = 4
myrank = 438 P = 2 Q = 3
myrank = 641 P = 0 Q = 3
myrank = 170 P = 0 Q = 0
myrank = 186 P = 0 Q = 3
myrank = 767 P = 3 Q = 0
myrank = 220 P = 3 Q = 1
myrank = 242 P = 0 Q = 1
myrank = 215 P = 0 Q = 1
myrank = 754 P = 3 Q = 0
myrank = 560 P = 4 Q = 2
myrank = 619 P = 5 Q = 2
myrank = 764 P = 0 Q = 2
myrank = 573 P = 2 Q = 3
myrank = 439 P = 5 Q = 3
myrank = 213 P = 4 Q = 3
myrank = 455 P = 3 Q = 2
myrank = 345 P = 5 Q = 1
myrank = 221 P = 3 Q = 4
myrank = 274 P = 3 Q = 0
myrank = 172 P = 3 Q = 1
myrank = 156 P = 2 Q = 5
myrank = 753 P = 0 Q = 0
myrank = 177 P = 0 Q = 3
myrank = 634 P = 1 Q = 2
myrank = 222 P = 1 Q = 1
myrank = 561 P = 0 Q = 0
myrank = 494 P = 5 Q = 0
myrank = 275 P = 1 Q = 3
myrank = 489 P = 5 Q = 4
myrank = 694 P = 3 Q = 5
myrank = 752 P = 2 Q = 3
myrank = 471 P = 0 Q = 2
myrank = 190 P = 5 Q = 2
myrank = 490 P = 4 Q = 2
myrank = 766 P = 5 Q = 0
myrank = 436 P = 2 Q = 2
myrank = 751 P = 0 Q = 2
myrank = 468 P = 0 Q = 1
myrank = 765 P = 2 Q = 0
myrank = 491 P = 5 Q = 5
myrank = 262 P = 1 Q = 0
myrank = 261 P = 4 Q = 0
myrank = 174 P = 1 Q = 1
myrank = 640 P = 4 Q = 1
myrank = 233 P = 5 Q = 3
myrank = 176 P = 0 Q = 5
myrank = 346 P = 4 Q = 5
myrank = 159 P = 5 Q = 3
myrank = 708 P = 3 Q = 4
myrank = 240 P = 2 Q = 1
myrank = 711 P = 3 Q = 2
myrank = 173 P = 0 Q = 1
myrank = 308 P = 3 Q = 0
myrank = 157 P = 1 Q = 3
myrank = 710 P = 0 Q = 5
myrank = 758 P = 0 Q = 2
myrank = 309 P = 4 Q = 0
myrank = 226 P = 3 Q = 3
myrank = 224 P = 0 Q = 2
myrank = 243 P = 5 Q = 2
myrank = 559 P = 3 Q = 2
myrank = 223 P = 0 Q = 5
myrank = 763 P = 2 Q = 2
myrank = 232 P = 0 Q = 2
myrank = 762 P = 2 Q = 5
myrank = 737 P = 3 Q = 3
myrank = 339 P = 2 Q = 2
myrank = 139 P = 5 Q = 4
myrank = 748 P = 3 Q = 1
myrank = 760 P = 5 Q = 1
myrank = 558 P = 0 Q = 5
myrank = 761 P = 3 Q = 4
myrank = 512 P = 1 Q = 5
myrank = 437 P = 4 Q = 3
myrank = 463 P = 3 Q = 2
myrank = 338 P = 3 Q = 1
myrank = 235 P = 5 Q = 1
myrank = 632 P = 5 Q = 1
myrank = 160 P = 4 Q = 4
myrank = 755 P = 0 Q = 4
myrank = 205 P = 4 Q = 0
myrank = 178 P = 0 Q = 3
myrank = 524 P = 0 Q = 2
myrank = 568 P = 2 Q = 0
myrank = 209 P = 5 Q = 1
myrank = 130 P = 0 Q = 3
myrank = 234 P = 3 Q = 3
myrank = 131 P = 1 Q = 3
myrank = 151 P = 2 Q = 0
myrank = 377 P = 5 Q = 0
myrank = 493 P = 4 Q = 3
myrank = 744 P = 4 Q = 2
myrank = 487 P = 5 Q = 3
myrank = 470 P = 5 Q = 5
myrank = 527 P = 3 Q = 3
myrank = 128 P = 3 Q = 2
myrank = 539 P = 5 Q = 5
myrank = 162 P = 1 Q = 2
myrank = 376 P = 0 Q = 5
myrank = 311 P = 0 Q = 2
myrank = 564 P = 3 Q = 4
myrank = 691 P = 4 Q = 3
myrank = 495 P = 4 Q = 4
myrank = 628 P = 2 Q = 5
myrank = 207 P = 5 Q = 3
myrank = 565 P = 3 Q = 4
myrank = 739 P = 1 Q = 0
myrank = 746 P = 4 Q = 3
myrank = 571 P = 2 Q = 5
myrank = 639 P = 1 Q = 1
myrank = 747 P = 0 Q = 4
myrank = 557 P = 4 Q = 1
myrank = 492 P = 2 Q = 5
myrank = 389 P = 1 Q = 3
myrank = 150 P = 5 Q = 3
myrank = 552 P = 4 Q = 5
myrank = 137 P = 2 Q = 3
myrank = 263 P = 3 Q = 2
myrank = 424 P = 3 Q = 2
myrank = 204 P = 2 Q = 5
myrank = 145 P = 5 Q = 4
myrank = 525 P = 5 Q = 0
myrank = 203 P = 1 Q = 5
myrank = 699 P = 0 Q = 1
myrank = 743 P = 4 Q = 5
myrank = 631 P = 1 Q = 1
myrank = 469 P = 0 Q = 1
myrank = 427 P = 2 Q = 1
myrank = 355 P = 1 Q = 2
myrank = 132 P = 3 Q = 1
myrank = 629 P = 1 Q = 0
myrank = 206 P = 1 Q = 3
myrank = 227 P = 1 Q = 3
myrank = 138 P = 3 Q = 3
myrank = 519 P = 3 Q = 2
myrank = 143 P = 2 Q = 5
myrank = 511 P = 0 Q = 2
myrank = 688 P = 1 Q = 5
myrank = 630 P = 5 Q = 0
myrank = 698 P = 1 Q = 3
myrank = 553 P = 3 Q = 3
myrank = 637 P = 4 Q = 0
myrank = 390 P = 2 Q = 3
myrank = 526 P = 2 Q = 3
myrank = 161 P = 4 Q = 1
myrank = 225 P = 3 Q = 0
myrank = 555 P = 4 Q = 0
myrank = 144 P = 3 Q = 2
myrank = 745 P = 0 Q = 3
myrank = 388 P = 2 Q = 2
myrank = 567 P = 3 Q = 5
myrank = 638 P = 5 Q = 0
myrank = 202 P = 2 Q = 4
myrank = 442 P = 1 Q = 5
myrank = 410 P = 3 Q = 0
myrank = 633 P = 2 Q = 4
myrank = 443 P = 2 Q = 5
myrank = 136 P = 3 Q = 2
myrank = 140 P = 5 Q = 4
myrank = 392 P = 4 Q = 4
myrank = 462 P = 0 Q = 2
myrank = 352 P = 4 Q = 4
myrank = 697 P = 0 Q = 3
myrank = 147 P = 5 Q = 5
myrank = 750 P = 0 Q = 5
myrank = 459 P = 4 Q = 3
myrank = 135 P = 3 Q = 2
myrank = 200 P = 4 Q = 1
myrank = 738 P = 4 Q = 0
myrank = 690 P = 4 Q = 3
myrank = 566 P = 5 Q = 2
myrank = 516 P = 3 Q = 1
myrank = 208 P = 1 Q = 1
myrank = 129 P = 3 Q = 3
myrank = 379 P = 5 Q = 4
myrank = 627 P = 5 Q = 5
myrank = 451 P = 1 Q = 2
myrank = 510 P = 0 Q = 2
myrank = 149 P = 0 Q = 2
myrank = 569 P = 0 Q = 0
myrank = 398 P = 2 Q = 3
myrank = 554 P = 1 Q = 3
myrank = 736 P = 1 Q = 5
myrank = 408 P = 4 Q = 2
myrank = 180 P = 0 Q = 1
myrank = 518 P = 2 Q = 2
myrank = 636 P = 1 Q = 0
myrank = 409 P = 0 Q = 0
myrank = 183 P = 0 Q = 2
myrank = 391 P = 5 Q = 3
myrank = 461 P = 4 Q = 4
myrank = 749 P = 1 Q = 4
myrank = 626 P = 1 Q = 5
myrank = 201 P = 2 Q = 1
myrank = 351 P = 1 Q = 4
myrank = 741 P = 1 Q = 4
myrank = 517 P = 0 Q = 1
myrank = 219 P = 1 Q = 3
myrank = 210 P = 4 Q = 5
myrank = 163 P = 4 Q = 5
myrank = 182 P = 5 Q = 5
myrank = 696 P = 1 Q = 5
myrank = 336 P = 2 Q = 1
myrank = 211 P = 4 Q = 5
myrank = 378 P = 0 Q = 3
myrank = 689 P = 0 Q = 0
myrank = 440 P = 1 Q = 1
myrank = 134 P = 2 Q = 5
myrank = 509 P = 1 Q = 1
myrank = 521 P = 0 Q = 0
myrank = 394 P = 1 Q = 5
myrank = 501 P = 1 Q = 1
myrank = 318 P = 1 Q = 1
myrank = 353 P = 2 Q = 1
myrank = 181 P = 0 Q = 4
myrank = 742 P = 0 Q = 2
myrank = 588 P = 4 Q = 0
myrank = 148 P = 2 Q = 2
myrank = 327 P = 0 Q = 2
myrank = 277 P = 0 Q = 1
myrank = 411 P = 4 Q = 3
myrank = 321 P = 0 Q = 0
myrank = 484 P = 2 Q = 5
myrank = 425 P = 2 Q = 0
myrank = 612 P = 0 Q = 4
myrank = 740 P = 4 Q = 4
myrank = 198 P = 2 Q = 3
myrank = 337 P = 5 Q = 1
myrank = 545 P = 5 Q = 1
myrank = 324 P = 3 Q = 1
myrank = 591 P = 4 Q = 1
myrank = 625 P = 2 Q = 1
myrank = 426 P = 3 Q = 0
myrank = 508 P = 0 Q = 4
myrank = 322 P = 3 Q = 0
myrank = 441 P = 5 Q = 4
myrank = 458 P = 3 Q = 0
myrank = 385 P = 5 Q = 1
myrank = 196 P = 5 Q = 2
myrank = 395 P = 2 Q = 5
myrank = 218 P = 0 Q = 0
myrank = 217 P = 4 Q = 2
myrank = 579 P = 2 Q = 5
myrank = 432 P = 5 Q = 1
myrank = 620 P = 0 Q = 5
myrank = 417 P = 3 Q = 0
myrank = 544 P = 1 Q = 1
myrank = 133 P = 0 Q = 4
myrank = 317 P = 4 Q = 1
myrank = 387 P = 2 Q = 2
myrank = 570 P = 3 Q = 0
myrank = 393 P = 2 Q = 1
myrank = 522 P = 3 Q = 0
myrank = 476 P = 3 Q = 5
myrank = 373 P = 3 Q = 1
myrank = 520 P = 5 Q = 3
myrank = 199 P = 2 Q = 3
myrank = 523 P = 2 Q = 2
myrank = 621 P = 2 Q = 3
myrank = 146 P = 2 Q = 1
myrank = 623 P = 3 Q = 0
myrank = 546 P = 1 Q = 5
myrank = 316 P = 0 Q = 4
myrank = 142 P = 2 Q = 2
myrank = 141 P = 3 Q = 4
myrank = 418 P = 0 Q = 0
myrank = 399 P = 4 Q = 4
myrank = 624 P = 5 Q = 4
myrank = 323 P = 4 Q = 3
myrank = 319 P = 0 Q = 5
myrank = 283 P = 2 Q = 4
myrank = 507 P = 1 Q = 3
myrank = 236 P = 5 Q = 1
myrank = 320 P = 4 Q = 2
myrank = 460 P = 0 Q = 4
myrank = 547 P = 1 Q = 3
myrank = 264 P = 4 Q = 5
myrank = 457 P = 3 Q = 3
myrank = 419 P = 5 Q = 4
myrank = 325 P = 3 Q = 1
myrank = 435 P = 5 Q = 5
myrank = 384 P = 2 Q = 4
myrank = 348 P = 5 Q = 5
myrank = 452 P = 0 Q = 1
myrank = 704 P = 2 Q = 0
myrank = 682 P = 1 Q = 5
myrank = 281 P = 2 Q = 0
myrank = 248 P = 4 Q = 1
myrank = 707 P = 2 Q = 4
myrank = 538 P = 1 Q = 2
myrank = 354 P = 1 Q = 2
myrank = 456 P = 4 Q = 2
myrank = 474 P = 0 Q = 3
myrank = 497 P = 2 Q = 1
myrank = 499 P = 1 Q = 0
myrank = 485 P = 4 Q = 3
myrank = 195 P = 2 Q = 2
myrank = 335 P = 0 Q = 0
myrank = 326 P = 2 Q = 2
myrank = 192 P = 5 Q = 4
myrank = 678 P = 2 Q = 0
myrank = 239 P = 5 Q = 0
myrank = 599 P = 4 Q = 2
myrank = 578 P = 1 Q = 2
myrank = 280 P = 3 Q = 2
myrank = 197 P = 0 Q = 5
myrank = 659 P = 5 Q = 1
myrank = 502 P = 4 Q = 4
myrank = 681 P = 5 Q = 1
myrank = 238 P = 5 Q = 5
myrank = 676 P = 5 Q = 5
myrank = 193 P = 2 Q = 1
myrank = 622 P = 2 Q = 0
myrank = 576 P = 2 Q = 1
myrank = 679 P = 4 Q = 4
myrank = 349 P = 1 Q = 3
myrank = 608 P = 4 Q = 5
myrank = 251 P = 4 Q = 5
myrank = 237 P = 3 Q = 1
myrank = 498 P = 1 Q = 2
myrank = 496 P = 4 Q = 4
myrank = 330 P = 0 Q = 0
myrank = 431 P = 3 Q = 0
myrank = 397 P = 4 Q = 3
myrank = 267 P = 4 Q = 3
myrank = 249 P = 2 Q = 1
myrank = 216 P = 1 Q = 5
myrank = 332 P = 2 Q = 4
myrank = 504 P = 4 Q = 2
myrank = 602 P = 1 Q = 0
myrank = 428 P = 5 Q = 4
myrank = 369 P = 0 Q = 3
myrank = 386 P = 3 Q = 1
myrank = 536 P = 1 Q = 4
myrank = 486 P = 2 Q = 0
myrank = 705 P = 0 Q = 3
myrank = 503 P = 3 Q = 2
myrank = 541 P = 1 Q = 0
myrank = 677 P = 5 Q = 3
myrank = 334 P = 2 Q = 0
myrank = 542 P = 5 Q = 3
myrank = 350 P = 5 Q = 3
myrank = 683 P = 5 Q = 5
myrank = 374 P = 2 Q = 2
myrank = 313 P = 1 Q = 5
myrank = 505 P = 0 Q = 3
myrank = 312 P = 1 Q = 2
myrank = 361 P = 3 Q = 0
myrank = 610 P = 0 Q = 3
myrank = 303 P = 1 Q = 4
myrank = 482 P = 0 Q = 4
myrank = 477 P = 5 Q = 0
myrank = 615 P = 3 Q = 2
myrank = 537 P = 5 Q = 1
myrank = 433 P = 2 Q = 1
myrank = 603 P = 4 Q = 0
myrank = 595 P = 1 Q = 0
myrank = 372 P = 0 Q = 1
myrank = 500 P = 3 Q = 1
myrank = 276 P = 3 Q = 4
myrank = 506 P = 4 Q = 0
myrank = 282 P = 0 Q = 0
myrank = 706 P = 3 Q = 3
myrank = 287 P = 3 Q = 3
myrank = 250 P = 1 Q = 5
myrank = 194 P = 2 Q = 4
myrank = 396 P = 2 Q = 2
myrank = 315 P = 4 Q = 3
myrank = 480 P = 2 Q = 4
myrank = 611 P = 2 Q = 1
myrank = 651 P = 1 Q = 3
myrank = 606 P = 0 Q = 2
myrank = 304 P = 1 Q = 4
myrank = 454 P = 4 Q = 1
myrank = 300 P = 5 Q = 5
myrank = 593 P = 5 Q = 1
myrank = 434 P = 3 Q = 4
myrank = 403 P = 4 Q = 2
myrank = 540 P = 5 Q = 5
myrank = 449 P = 5 Q = 4
myrank = 649 P = 3 Q = 3
myrank = 596 P = 3 Q = 1
myrank = 279 P = 3 Q = 2
myrank = 590 P = 5 Q = 0
myrank = 414 P = 0 Q = 5
myrank = 450 P = 1 Q = 5
myrank = 543 P = 4 Q = 4
myrank = 382 P = 5 Q = 0
myrank = 650 P = 4 Q = 3
myrank = 598 P = 1 Q = 1
myrank = 600 P = 4 Q = 5
myrank = 648 P = 4 Q = 5
myrank = 453 P = 4 Q = 1
myrank = 446 P = 5 Q = 3
myrank = 429 P = 0 Q = 5
myrank = 658 P = 3 Q = 0
myrank = 278 P = 2 Q = 2
myrank = 607 P = 0 Q = 5
myrank = 416 P = 4 Q = 5
myrank = 407 P = 3 Q = 5
myrank = 584 P = 5 Q = 1
myrank = 333 P = 0 Q = 1
myrank = 383 P = 3 Q = 3
myrank = 412 P = 3 Q = 4
myrank = 371 P = 1 Q = 0
myrank = 478 P = 2 Q = 3
myrank = 592 P = 4 Q = 1
myrank = 597 P = 1 Q = 4
myrank = 585 P = 5 Q = 4
myrank = 329 P = 5 Q = 0
myrank = 295 P = 2 Q = 0
myrank = 680 P = 5 Q = 4
myrank = 301 P = 1 Q = 0
myrank = 430 P = 2 Q = 3
myrank = 305 P = 5 Q = 1
myrank = 405 P = 4 Q = 1
myrank = 479 P = 0 Q = 3
myrank = 481 P = 2 Q = 4
myrank = 667 P = 5 Q = 5
myrank = 604 P = 0 Q = 4
myrank = 587 P = 2 Q = 2
myrank = 401 P = 5 Q = 1
myrank = 402 P = 4 Q = 5
myrank = 363 P = 1 Q = 3
myrank = 664 P = 5 Q = 4
myrank = 448 P = 4 Q = 4
myrank = 292 P = 2 Q = 5
myrank = 415 P = 0 Q = 2
myrank = 413 P = 4 Q = 1
myrank = 367 P = 3 Q = 2
myrank = 302 P = 2 Q = 3
myrank = 406 P = 4 Q = 1
myrank = 483 P = 5 Q = 2
myrank = 447 P = 1 Q = 1
myrank = 404 P = 3 Q = 0
myrank = 445 P = 1 Q = 0
myrank = 422 P = 5 Q = 2
myrank = 652 P = 3 Q = 1
myrank = 340 P = 2 Q = 2
myrank = 314 P = 0 Q = 3
myrank = 375 P = 0 Q = 2
myrank = 268 P = 0 Q = 1
myrank = 328 P = 0 Q = 5
myrank = 368 P = 1 Q = 5
myrank = 307 P = 1 Q = 5
myrank = 370 P = 3 Q = 0
myrank = 594 P = 1 Q = 3
myrank = 400 P = 4 Q = 4
myrank = 284 P = 2 Q = 1
myrank = 666 P = 3 Q = 4
myrank = 331 P = 5 Q = 4
myrank = 362 P = 3 Q = 0
myrank = 342 P = 2 Q = 0
myrank = 656 P = 1 Q = 5
myrank = 306 P = 1 Q = 2
myrank = 580 P = 5 Q = 5
myrank = 655 P = 3 Q = 2
myrank = 358 P = 1 Q = 4
myrank = 420 P = 3 Q = 1
myrank = 259 P = 1 Q = 5
myrank = 472 P = 5 Q = 0
myrank = 586 P = 1 Q = 2
myrank = 356 P = 3 Q = 4
myrank = 364 P = 0 Q = 4
myrank = 365 P = 4 Q = 4
myrank = 657 P = 0 Q = 0
myrank = 294 P = 5 Q = 3
myrank = 360 P = 4 Q = 2
myrank = 423 P = 0 Q = 2
myrank = 421 P = 3 Q = 4
myrank = 343 P = 5 Q = 3
myrank = 270 P = 1 Q = 4
myrank = 286 P = 5 Q = 3
myrank = 257 P = 2 Q = 1
myrank = 357 P = 4 Q = 4
myrank = 582 P = 5 Q = 0
myrank = 271 P = 0 Q = 2
myrank = 444 P = 2 Q = 5
myrank = 581 P = 1 Q = 0
myrank = 285 P = 0 Q = 4
myrank = 668 P = 0 Q = 5
myrank = 583 P = 4 Q = 1
myrank = 291 P = 5 Q = 2
myrank = 669 P = 2 Q = 0
myrank = 359 P = 3 Q = 2
myrank = 473 P = 2 Q = 0
myrank = 258 P = 1 Q = 2
myrank = 475 P = 2 Q = 2
myrank = 381 P = 3 Q = 2
myrank = 653 P = 1 Q = 1
myrank = 654 P = 0 Q = 2
myrank = 665 P = 0 Q = 1
myrank = 256 P = 1 Q = 1
myrank = 290 P = 0 Q = 4
myrank = 671 P = 0 Q = 0
myrank = 341 P = 4 Q = 0
myrank = 366 P = 0 Q = 2
myrank = 702 P = 3 Q = 2
myrank = 293 P = 4 Q = 3
myrank = 380 P = 5 Q = 4
myrank = 266 P = 3 Q = 3
myrank = 700 P = 3 Q = 1
myrank = 647 P = 1 Q = 2
myrank = 670 P = 2 Q = 3
myrank = 646 P = 3 Q = 5
myrank = 289 P = 2 Q = 1
myrank = 269 P = 0 Q = 4
myrank = 673 P = 2 Q = 1
myrank = 645 P = 4 Q = 1
myrank = 644 P = 0 Q = 1
myrank = 288 P = 5 Q = 1
myrank = 675 P = 2 Q = 5
myrank = 701 P = 1 Q = 1
myrank = 672 P = 5 Q = 4
myrank = 674 P = 1 Q = 5
myrank = 660 P = 3 Q = 1
myrank = 661 P = 3 Q = 4
myrank = 703 P = 3 Q = 5
myrank = 662 P = 3 Q = 2
myrank = 663 P = 0 Q = 2
myrank = 605 P = 1 Q = 4
myrank = 265 P = 1 Q = 2
myrank = 614 P = 2 Q = 5
myrank = 609 P = 3 Q = 3
myrank = 577 P = 5 Q = 1
myrank = 613 P = 0 Q = 1
myrank = 601 P = 0 Q = 3
myrank = 589 P = 4 Q = 5
*******************************
dgemm_time	8.038243
conv_transfer_time	0.000000
conv_calculate_time	3601.838379
elastic_calculate_time	3601.885498
Allen_Cahn_nonlinear_time	3621.692627
Cahn_Hilliard_nonlinear_time	0.011840
trans_time	524.344604
trans_Memcpy_time	11.975760
trans_MPI_time	509.420929
trans_pack_time	0.314099
trans_enlarge_time	0.673959
trans_mu_time	0.396185
trans_unpack_time	1.057184
updateU_new_time	0.471548
runtime	4.156087
--------------------------------------------------!
***************dt=2.000000***************
***************flag=0***************
--------------------------------------------------!
time		0.000000
wall time	2.133118
*******************************
dgemm_time	6.866013
conv_transfer_time	0.000000
conv_calculate_time	623.641907
elastic_calculate_time	623.678040
Allen_Cahn_nonlinear_time	648.273010
Cahn_Hilliard_nonlinear_time	0.011840
trans_time	13.040106
trans_Memcpy_time	6.429506
trans_MPI_time	4.049843
trans_pack_time	0.252334
trans_enlarge_time	0.457145
trans_mu_time	0.382100
trans_unpack_time	1.029342
updateU_new_time	0.432346
runtime	0.670092
--------------------------------------------------!
***************dt=2.000000***************
***************flag=0***************
--------------------------------------------------!
time		0.000000
wall time	6.291730
*******************************
dgemm_time	6.874173
conv_transfer_time	0.000000
conv_calculate_time	624.998291
elastic_calculate_time	625.034729
Allen_Cahn_nonlinear_time	651.226440
Cahn_Hilliard_nonlinear_time	0.012001
trans_time	13.176755
trans_Memcpy_time	6.409826
trans_MPI_time	4.205212
trans_pack_time	0.252975
trans_enlarge_time	0.455705
trans_mu_time	0.384981
trans_unpack_time	1.018941
updateU_new_time	0.430906
runtime	0.676953
--------------------------------------------------!
***************dt=2.000000***************
***************flag=0***************
--------------------------------------------------!
time		0.000000
wall time	6.964300
*******************************
dgemm_time	6.873534
conv_transfer_time	0.000000
conv_calculate_time	623.476257
elastic_calculate_time	623.513123
Allen_Cahn_nonlinear_time	649.454346
Cahn_Hilliard_nonlinear_time	0.011680
trans_time	12.987503
trans_Memcpy_time	6.414306
trans_MPI_time	4.010961
trans_pack_time	0.253134
trans_enlarge_time	0.451225
trans_mu_time	0.385621
trans_unpack_time	1.021021
updateU_new_time	0.433146
runtime	0.673364
--------------------------------------------------!
***************dt=2.000000***************
***************flag=0***************
--------------------------------------------------!
time		0.000000
wall time	7.643722
*******************************
dgemm_time	6.869373
conv_transfer_time	0.000000
conv_calculate_time	627.110413
elastic_calculate_time	627.145508
Allen_Cahn_nonlinear_time	651.385132
Cahn_Hilliard_nonlinear_time	0.011520
trans_time	12.986783
trans_Memcpy_time	6.405024
trans_MPI_time	4.019441
trans_pack_time	0.253294
trans_enlarge_time	0.459385
trans_mu_time	0.384022
trans_unpack_time	1.022301
updateU_new_time	0.436506
runtime	0.673748
--------------------------------------------------!
***************dt=2.000000***************
***************flag=0***************
--------------------------------------------------!
time		0.000000
wall time	8.319582
*******************************
dgemm_time	6.887614
conv_transfer_time	0.000000
conv_calculate_time	623.142639
elastic_calculate_time	623.179260
Allen_Cahn_nonlinear_time	650.246338
Cahn_Hilliard_nonlinear_time	0.011840
trans_time	13.172814
trans_Memcpy_time	6.417186
trans_MPI_time	4.188892
trans_pack_time	0.256815
trans_enlarge_time	0.456025
trans_mu_time	0.383860
trans_unpack_time	1.022301
updateU_new_time	0.437146
runtime	0.675572
--------------------------------------------------!
***************dt=2.000000***************
***************flag=0***************
--------------------------------------------------!
time		0.000000
wall time	8.995776
*******************************
dgemm_time	6.881694
conv_transfer_time	0.000000
conv_calculate_time	623.034180
elastic_calculate_time	623.072815
Allen_Cahn_nonlinear_time	649.415161
Cahn_Hilliard_nonlinear_time	0.011840
trans_time	13.752429
trans_Memcpy_time	6.432868
trans_MPI_time	4.754365
trans_pack_time	0.253135
trans_enlarge_time	0.453466
trans_mu_time	0.384823
trans_unpack_time	1.026622
updateU_new_time	0.455707
runtime	0.673181
--------------------------------------------------!
***************dt=2.000000***************
***************flag=0***************
--------------------------------------------------!
time		0.000000
wall time	9.673799
*******************************
dgemm_time	6.883614
conv_transfer_time	0.000000
conv_calculate_time	624.376770
elastic_calculate_time	624.414124
Allen_Cahn_nonlinear_time	648.013977
Cahn_Hilliard_nonlinear_time	0.011840
trans_time	12.937360
trans_Memcpy_time	6.477829
trans_MPI_time	3.902474
trans_pack_time	0.255375
trans_enlarge_time	0.455545
trans_mu_time	0.384341
trans_unpack_time	1.020061
updateU_new_time	0.443386
runtime	0.669140
--------------------------------------------------!
***************dt=2.000000***************
***************flag=0***************
--------------------------------------------------!
time		0.000000
wall time	10.349469
*******************************
dgemm_time	6.896735
conv_transfer_time	0.000000
conv_calculate_time	622.724548
elastic_calculate_time	622.761292
Allen_Cahn_nonlinear_time	647.131653
Cahn_Hilliard_nonlinear_time	0.012161
trans_time	13.261679
trans_Memcpy_time	6.453027
trans_MPI_time	4.240575
trans_pack_time	0.254575
trans_enlarge_time	0.461306
trans_mu_time	0.384981
trans_unpack_time	1.025982
updateU_new_time	0.432826
runtime	0.668833
--------------------------------------------------!
***************dt=2.000000***************
***************flag=0***************
--------------------------------------------------!
time		0.000000
wall time	11.021102
*******************************
dgemm_time	6.889535
conv_transfer_time	0.000000
conv_calculate_time	623.156433
elastic_calculate_time	623.194275
Allen_Cahn_nonlinear_time	647.346680
Cahn_Hilliard_nonlinear_time	0.011520
trans_time	13.559457
trans_Memcpy_time	6.362622
trans_MPI_time	4.632438
trans_pack_time	0.253614
trans_enlarge_time	0.455385
trans_mu_time	0.386581
trans_unpack_time	1.024061
updateU_new_time	0.432026
runtime	0.669146
--------------------------------------------------!
***************dt=2.000000***************
***************flag=0***************
--------------------------------------------------!
time		0.000000
wall time	11.692449
*******************************
dgemm_time	6.883294
conv_transfer_time	0.000000
conv_calculate_time	623.605896
elastic_calculate_time	623.641602
Allen_Cahn_nonlinear_time	649.254822
Cahn_Hilliard_nonlinear_time	0.011840
trans_time	13.058737
trans_Memcpy_time	6.409665
trans_MPI_time	4.075446
trans_pack_time	0.254095
trans_enlarge_time	0.457945
trans_mu_time	0.386422
trans_unpack_time	1.030622
updateU_new_time	0.433146
runtime	0.670768
--------------------------------------------------!
***************dt=2.000000***************
***************flag=0***************
--------------------------------------------------!
time		0.000000
wall time	12.364085
*******************************
dgemm_time	6.869534
conv_transfer_time	0.000000
conv_calculate_time	623.768738
elastic_calculate_time	623.806152
Allen_Cahn_nonlinear_time	649.739380
Cahn_Hilliard_nonlinear_time	0.011840
trans_time	13.106890
trans_Memcpy_time	6.424067
trans_MPI_time	4.121367
trans_pack_time	0.255695
trans_enlarge_time	0.454586
trans_mu_time	0.387062
trans_unpack_time	1.022621
updateU_new_time	0.436986
runtime	0.676666
--------------------------------------------------!
***************dt=2.000000***************
***************flag=0***************
--------------------------------------------------!
time		0.000000
wall time	13.037327
*******************************
dgemm_time	6.867294
conv_transfer_time	0.000000
conv_calculate_time	622.741699
elastic_calculate_time	622.780518
Allen_Cahn_nonlinear_time	648.154602
Cahn_Hilliard_nonlinear_time	0.011840
trans_time	12.862877
trans_Memcpy_time	6.361825
trans_MPI_time	3.877033
trans_pack_time	0.255856
trans_enlarge_time	0.456665
trans_mu_time	0.385622
trans_unpack_time	1.021981
updateU_new_time	0.431386
runtime	0.669796
--------------------------------------------------!
***************dt=2.000000***************
***************flag=0***************
--------------------------------------------------!
time		0.000000
wall time	13.716535
*******************************
dgemm_time	6.876255
conv_transfer_time	0.000000
conv_calculate_time	622.758057
elastic_calculate_time	622.798462
Allen_Cahn_nonlinear_time	647.041138
Cahn_Hilliard_nonlinear_time	0.012481
trans_time	13.231729
trans_Memcpy_time	6.636241
trans_MPI_time	3.956398
trans_pack_time	0.253456
trans_enlarge_time	0.457625
trans_mu_time	0.386423
trans_unpack_time	1.018941
updateU_new_time	0.432026
runtime	0.669204
--------------------------------------------------!
***************dt=2.000000***************
***************flag=0***************
--------------------------------------------------!
time		0.000000
wall time	14.389093
*******************************
dgemm_time	6.873373
conv_transfer_time	0.000000
conv_calculate_time	622.968872
elastic_calculate_time	623.003845
Allen_Cahn_nonlinear_time	648.930298
Cahn_Hilliard_nonlinear_time	0.012001
trans_time	13.397549
trans_Memcpy_time	6.431267
trans_MPI_time	4.348262
trans_pack_time	0.255056
trans_enlarge_time	0.454106
trans_mu_time	0.387064
trans_unpack_time	1.021981
updateU_new_time	0.432666
runtime	0.673474
--------------------------------------------------!
***************dt=2.000000***************
***************flag=0***************
--------------------------------------------------!
time		0.000000
wall time	15.060761
*******************************
dgemm_time	6.884254
conv_transfer_time	0.000000
conv_calculate_time	622.935120
elastic_calculate_time	622.971619
Allen_Cahn_nonlinear_time	648.299927
Cahn_Hilliard_nonlinear_time	0.011841
trans_time	13.020125
trans_Memcpy_time	6.417346
trans_MPI_time	4.044883
trans_pack_time	0.255054
trans_enlarge_time	0.456506
trans_mu_time	0.386582
trans_unpack_time	1.016861
updateU_new_time	0.433626
runtime	0.669976
--------------------------------------------------!
***************dt=2.000000***************
***************flag=0***************
--------------------------------------------------!
time		0.000000
wall time	15.736692
*******************************
dgemm_time	6.870013
conv_transfer_time	0.000000
conv_calculate_time	622.763428
elastic_calculate_time	622.799438
Allen_Cahn_nonlinear_time	649.361877
Cahn_Hilliard_nonlinear_time	0.011840
trans_time	12.856055
trans_Memcpy_time	6.391744
trans_MPI_time	3.900395
trans_pack_time	0.253135
trans_enlarge_time	0.454106
trans_mu_time	0.385140
trans_unpack_time	1.028702
updateU_new_time	0.432826
runtime	0.675611
--------------------------------------------------!
***************dt=2.000000***************
***************flag=0***************
--------------------------------------------------!
time		0.000000
wall time	16.409179
*******************************
dgemm_time	6.869693
conv_transfer_time	0.000000
conv_calculate_time	623.061340
elastic_calculate_time	623.096008
Allen_Cahn_nonlinear_time	649.884705
Cahn_Hilliard_nonlinear_time	0.011680
trans_time	12.964831
trans_Memcpy_time	6.369664
trans_MPI_time	4.039602
trans_pack_time	0.252814
trans_enlarge_time	0.452665
trans_mu_time	0.386903
trans_unpack_time	1.018141
updateU_new_time	0.433146
runtime	0.676116
--------------------------------------------------!
***************dt=2.000000***************
***************flag=0***************
--------------------------------------------------!
time		0.000000
wall time	17.087251
*******************************
dgemm_time	6.875294
conv_transfer_time	0.000000
conv_calculate_time	625.327881
elastic_calculate_time	625.364258
Allen_Cahn_nonlinear_time	648.737671
Cahn_Hilliard_nonlinear_time	0.011520
trans_time	13.001424
trans_Memcpy_time	6.406306
trans_MPI_time	4.026642
trans_pack_time	0.257935
trans_enlarge_time	0.458105
trans_mu_time	0.386901
trans_unpack_time	1.021341
updateU_new_time	0.432346
runtime	0.673980
--------------------------------------------------!
***************dt=2.000000***************
***************flag=0***************
--------------------------------------------------!
time		0.000000
wall time	17.765864
*******************************
dgemm_time	6.866173
conv_transfer_time	0.000000
conv_calculate_time	622.375061
elastic_calculate_time	622.410645
Allen_Cahn_nonlinear_time	655.036926
Cahn_Hilliard_nonlinear_time	0.012001
trans_time	13.315053
trans_Memcpy_time	6.416706
trans_MPI_time	4.329380
trans_pack_time	0.256655
trans_enlarge_time	0.455225
trans_mu_time	0.386580
trans_unpack_time	1.022941
updateU_new_time	0.431866
runtime	0.676226
--------------------------------------------------!
***************dt=2.000000***************
***************flag=0***************
--------------------------------------------------!
time		0.000000
wall time	18.442297
*******************************
dgemm_time	6.870814
conv_transfer_time	0.000000
conv_calculate_time	623.626343
elastic_calculate_time	623.663635
Allen_Cahn_nonlinear_time	649.992981
Cahn_Hilliard_nonlinear_time	0.011841
trans_time	13.091349
trans_Memcpy_time	6.400383
trans_MPI_time	4.128568
trans_pack_time	0.251854
trans_enlarge_time	0.454745
trans_mu_time	0.386904
trans_unpack_time	1.024381
updateU_new_time	0.430906
runtime	0.671240
--------------------------------------------------!
***************dt=2.000000***************
***************flag=0***************
--------------------------------------------------!
time		0.000000
wall time	19.120977
*******************************
dgemm_time	6.879454
conv_transfer_time	0.000000
conv_calculate_time	623.371643
elastic_calculate_time	623.406494
Allen_Cahn_nonlinear_time	650.202332
Cahn_Hilliard_nonlinear_time	0.012160
trans_time	12.985343
trans_Memcpy_time	6.445666
trans_MPI_time	3.973678
trans_pack_time	0.255695
trans_enlarge_time	0.457465
trans_mu_time	0.386263
trans_unpack_time	1.022781
updateU_new_time	0.432986
runtime	0.673007
--------------------------------------------------!
***************dt=2.000000***************
***************flag=0***************
--------------------------------------------------!
time		0.000000
wall time	19.794682
*******************************
dgemm_time	6.884573
conv_transfer_time	0.000000
conv_calculate_time	624.034912
elastic_calculate_time	624.071289
Allen_Cahn_nonlinear_time	647.677612
Cahn_Hilliard_nonlinear_time	0.011840
trans_time	12.844854
trans_Memcpy_time	6.382785
trans_MPI_time	3.894474
trans_pack_time	0.252654
trans_enlarge_time	0.458586
trans_mu_time	0.384181
trans_unpack_time	1.027902
updateU_new_time	0.430426
runtime	0.669238
--------------------------------------------------!
***************dt=2.000000***************
***************flag=0***************
--------------------------------------------------!
time		0.000000
wall time	20.470181
*******************************
dgemm_time	6.879289
conv_transfer_time	0.000000
conv_calculate_time	623.104309
elastic_calculate_time	623.140503
Allen_Cahn_nonlinear_time	649.175354
Cahn_Hilliard_nonlinear_time	0.012000
trans_time	12.959329
trans_Memcpy_time	6.393503
trans_MPI_time	4.002319
trans_pack_time	0.253614
trans_enlarge_time	0.456506
trans_mu_time	0.389304
trans_unpack_time	1.019261
updateU_new_time	0.430745
runtime	0.670201
--------------------------------------------------!
***************dt=2.000000***************
***************flag=0***************
--------------------------------------------------!
time		0.000000
wall time	21.141880
*******************************
dgemm_time	6.879766
conv_transfer_time	0.000000
conv_calculate_time	624.954529
elastic_calculate_time	624.993469
Allen_Cahn_nonlinear_time	649.634766
Cahn_Hilliard_nonlinear_time	0.012481
trans_time	13.022786
trans_Memcpy_time	6.388220
trans_MPI_time	4.073042
trans_pack_time	0.253614
trans_enlarge_time	0.454105
trans_mu_time	0.386740
trans_unpack_time	1.025341
updateU_new_time	0.431225
runtime	0.671096
--------------------------------------------------!
***************dt=2.000000***************
***************flag=0***************
--------------------------------------------------!
time		0.000000
wall time	21.814538
*******************************
dgemm_time	6.854641
conv_transfer_time	0.000000
conv_calculate_time	623.699585
elastic_calculate_time	623.734802
Allen_Cahn_nonlinear_time	648.368042
Cahn_Hilliard_nonlinear_time	0.012000
trans_time	13.340467
trans_Memcpy_time	6.372056
trans_MPI_time	4.408260
trans_pack_time	0.253774
trans_enlarge_time	0.453464
trans_mu_time	0.387539
trans_unpack_time	1.022140
updateU_new_time	0.433945
runtime	0.674264
--------------------------------------------------!
***************dt=2.000000***************
***************flag=0***************
--------------------------------------------------!
time		0.000000
wall time	22.488102
*******************************
dgemm_time	6.884559
conv_transfer_time	0.000000
conv_calculate_time	623.231750
elastic_calculate_time	623.267456
Allen_Cahn_nonlinear_time	649.830566
Cahn_Hilliard_nonlinear_time	0.011360
trans_time	13.235226
trans_Memcpy_time	6.371572
trans_MPI_time	4.297371
trans_pack_time	0.256814
trans_enlarge_time	0.455704
trans_mu_time	0.384819
trans_unpack_time	1.024860
updateU_new_time	0.442105
runtime	0.676626
--------------------------------------------------!
***************dt=2.000000***************
***************flag=0***************
--------------------------------------------------!
time		0.000000
wall time	23.164866
*******************************
dgemm_time	6.880236
conv_transfer_time	0.000000
conv_calculate_time	623.324890
elastic_calculate_time	623.361511
Allen_Cahn_nonlinear_time	652.862915
Cahn_Hilliard_nonlinear_time	0.012000
trans_time	13.642702
trans_Memcpy_time	6.386770
trans_MPI_time	4.690512
trans_pack_time	0.252974
trans_enlarge_time	0.453464
trans_mu_time	0.386899
trans_unpack_time	1.024059
updateU_new_time	0.448986
runtime	0.675832
--------------------------------------------------!
***************dt=2.000000***************
***************flag=0***************
--------------------------------------------------!
time		0.000000
wall time	23.843980
*******************************
dgemm_time	6.895275
conv_transfer_time	0.000000
conv_calculate_time	623.769287
elastic_calculate_time	623.804565
Allen_Cahn_nonlinear_time	649.242065
Cahn_Hilliard_nonlinear_time	0.011840
trans_time	12.926436
trans_Memcpy_time	6.377806
trans_MPI_time	3.981989
trans_pack_time	0.252654
trans_enlarge_time	0.453784
trans_mu_time	0.386899
trans_unpack_time	1.031099
updateU_new_time	0.448345
runtime	0.670623
--------------------------------------------------!
***************dt=2.000000***************
***************flag=0***************
--------------------------------------------------!
time		0.000000
wall time	24.522268
*******************************
dgemm_time	6.896712
conv_transfer_time	0.000000
conv_calculate_time	622.907288
elastic_calculate_time	622.943909
Allen_Cahn_nonlinear_time	647.943848
Cahn_Hilliard_nonlinear_time	0.012000
trans_time	13.345424
trans_Memcpy_time	6.384844
trans_MPI_time	4.400731
trans_pack_time	0.254574
trans_enlarge_time	0.453944
trans_mu_time	0.387058
trans_unpack_time	1.022298
updateU_new_time	0.432985
runtime	0.669362
--------------------------------------------------!
***************dt=2.000000***************
***************flag=0***************
--------------------------------------------------!
time		0.000000
wall time	25.195377
*******************************
dgemm_time	6.883108
conv_transfer_time	0.000000
conv_calculate_time	623.564209
elastic_calculate_time	623.600037
Allen_Cahn_nonlinear_time	650.891541
Cahn_Hilliard_nonlinear_time	0.011680
trans_time	12.881553
trans_Memcpy_time	6.374441
trans_MPI_time	3.941984
trans_pack_time	0.253774
trans_enlarge_time	0.453144
trans_mu_time	0.383698
trans_unpack_time	1.029178
updateU_new_time	0.431864
runtime	0.671805
--------------------------------------------------!
***************dt=2.000000***************
***************flag=0***************
--------------------------------------------------!
time		0.000000
wall time	25.867235
*******************************
dgemm_time	6.880066
conv_transfer_time	0.000000
conv_calculate_time	625.683289
elastic_calculate_time	625.717957
Allen_Cahn_nonlinear_time	652.402100
Cahn_Hilliard_nonlinear_time	0.012160
trans_time	13.099250
trans_Memcpy_time	6.404680
trans_MPI_time	4.140713
trans_pack_time	0.252174
trans_enlarge_time	0.453304
trans_mu_time	0.384498
trans_unpack_time	1.022457
updateU_new_time	0.435064
runtime	0.674119
--------------------------------------------------!
***************dt=2.000000***************
***************flag=0***************
--------------------------------------------------!
time		0.000000
wall time	26.541513
*******************************
dgemm_time	6.893184
conv_transfer_time	0.000000
conv_calculate_time	623.017334
elastic_calculate_time	623.053345
Allen_Cahn_nonlinear_time	653.978333
Cahn_Hilliard_nonlinear_time	0.012000
trans_time	13.106265
trans_Memcpy_time	6.348036
trans_MPI_time	4.189514
trans_pack_time	0.254894
trans_enlarge_time	0.451544
trans_mu_time	0.388498
trans_unpack_time	1.022937
updateU_new_time	0.433144
runtime	0.681161
--------------------------------------------------!
***************dt=2.000000***************
***************flag=0***************
--------------------------------------------------!
time		0.000000
wall time	27.218107
*******************************
dgemm_time	6.882621
conv_transfer_time	0.000000
conv_calculate_time	623.031677
elastic_calculate_time	623.068298
Allen_Cahn_nonlinear_time	655.501221
Cahn_Hilliard_nonlinear_time	0.011680
trans_time	12.882788
trans_Memcpy_time	6.385634
trans_MPI_time	3.928698
trans_pack_time	0.254574
trans_enlarge_time	0.459064
trans_mu_time	0.385778
trans_unpack_time	1.024057
updateU_new_time	0.433784
runtime	0.684043
--------------------------------------------------!
***************dt=2.000000***************
***************flag=0***************
--------------------------------------------------!
time		0.000000
wall time	27.901755
*******************************
dgemm_time	6.879899
conv_transfer_time	0.000000
conv_calculate_time	625.293518
elastic_calculate_time	625.328857
Allen_Cahn_nonlinear_time	648.961792
Cahn_Hilliard_nonlinear_time	0.012000
trans_time	13.091456
trans_Memcpy_time	6.378751
trans_MPI_time	4.151910
trans_pack_time	0.253774
trans_enlarge_time	0.454904
trans_mu_time	0.386738
trans_unpack_time	1.018776
updateU_new_time	0.430423
runtime	0.671252
--------------------------------------------------!
***************dt=2.000000***************
***************flag=0***************
--------------------------------------------------!
time		0.000000
wall time	28.588249
*******************************
dgemm_time	6.867736
conv_transfer_time	0.000000
conv_calculate_time	628.431396
elastic_calculate_time	628.468384
Allen_Cahn_nonlinear_time	652.744690
Cahn_Hilliard_nonlinear_time	0.011840
trans_time	12.847198
trans_Memcpy_time	6.364990
trans_MPI_time	3.914615
trans_pack_time	0.253134
trans_enlarge_time	0.453945
trans_mu_time	0.386418
trans_unpack_time	1.026776
updateU_new_time	0.431223
runtime	0.680083
--------------------------------------------------!
***************dt=2.000000***************
***************flag=0***************
--------------------------------------------------!
time		0.000000
wall time	29.262007
*******************************
dgemm_time	6.880374
conv_transfer_time	0.000000
conv_calculate_time	623.471558
elastic_calculate_time	623.506653
Allen_Cahn_nonlinear_time	653.093750
Cahn_Hilliard_nonlinear_time	0.011520
trans_time	13.061985
trans_Memcpy_time	6.379549
trans_MPI_time	4.108384
trans_pack_time	0.253774
trans_enlarge_time	0.457304
trans_mu_time	0.385778
trans_unpack_time	1.030136
updateU_new_time	0.430263
runtime	0.674376
--------------------------------------------------!
***************dt=2.000000***************
***************flag=0***************
--------------------------------------------------!
time		0.000000
wall time	29.944575
*******************************
dgemm_time	6.877012
conv_transfer_time	0.000000
conv_calculate_time	623.285156
elastic_calculate_time	623.320618
Allen_Cahn_nonlinear_time	651.124817
Cahn_Hilliard_nonlinear_time	0.011840
trans_time	13.188988
trans_Memcpy_time	6.347385
trans_MPI_time	4.276712
trans_pack_time	0.254574
trans_enlarge_time	0.457464
trans_mu_time	0.387058
trans_unpack_time	1.020375
updateU_new_time	0.431383
runtime	0.672429
--------------------------------------------------!
***************dt=2.000000***************
***************flag=0***************
--------------------------------------------------!
time		0.000000
wall time	30.621451
*******************************
dgemm_time	6.891091
conv_transfer_time	0.000000
conv_calculate_time	624.829834
elastic_calculate_time	624.868774
Allen_Cahn_nonlinear_time	651.648071
Cahn_Hilliard_nonlinear_time	0.012160
trans_time	12.875369
trans_Memcpy_time	6.384186
trans_MPI_time	3.937012
trans_pack_time	0.252974
trans_enlarge_time	0.454264
trans_mu_time	0.387058
trans_unpack_time	1.019735
updateU_new_time	0.430583
runtime	0.682362
--------------------------------------------------!
***************dt=2.000000***************
***************flag=0***************
--------------------------------------------------!
time		0.000000
wall time	31.296347
*******************************
dgemm_time	6.885329
conv_transfer_time	0.000000
conv_calculate_time	624.475281
elastic_calculate_time	624.511597
Allen_Cahn_nonlinear_time	646.857544
Cahn_Hilliard_nonlinear_time	0.011840
trans_time	13.220744
trans_Memcpy_time	6.424826
trans_MPI_time	4.231747
trans_pack_time	0.252654
trans_enlarge_time	0.453304
trans_mu_time	0.387858
trans_unpack_time	1.024055
updateU_new_time	0.431383
runtime	0.676147
--------------------------------------------------!
***************dt=2.000000***************
***************flag=0***************
--------------------------------------------------!
time		0.000000
wall time	31.981212
*******************************
dgemm_time	6.894607
conv_transfer_time	0.000000
conv_calculate_time	623.355225
elastic_calculate_time	623.390320
Allen_Cahn_nonlinear_time	653.344116
Cahn_Hilliard_nonlinear_time	0.012160
trans_time	12.994538
trans_Memcpy_time	6.360981
trans_MPI_time	4.053816
trans_pack_time	0.256014
trans_enlarge_time	0.462905
trans_mu_time	0.384818
trans_unpack_time	1.031255
updateU_new_time	0.432983
runtime	0.674223
--------------------------------------------------!
***************dt=2.000000***************
***************flag=0***************
--------------------------------------------------!
time		0.000000
wall time	32.659877
*******************************
dgemm_time	6.890926
conv_transfer_time	0.000000
conv_calculate_time	623.554932
elastic_calculate_time	623.591309
Allen_Cahn_nonlinear_time	648.560913
Cahn_Hilliard_nonlinear_time	0.011840
trans_time	12.884369
trans_Memcpy_time	6.371859
trans_MPI_time	3.957491
trans_pack_time	0.254093
trans_enlarge_time	0.454424
trans_mu_time	0.387858
trans_unpack_time	1.017974
updateU_new_time	0.434263
runtime	0.670625
--------------------------------------------------!
***************dt=2.000000***************
***************flag=0***************
--------------------------------------------------!
time		0.000000
wall time	33.336559
*******************************
dgemm_time	6.908685
conv_transfer_time	0.000000
conv_calculate_time	623.190735
elastic_calculate_time	623.228882
Allen_Cahn_nonlinear_time	650.023743
Cahn_Hilliard_nonlinear_time	0.011840
trans_time	12.903087
trans_Memcpy_time	6.377618
trans_MPI_time	3.957810
trans_pack_time	0.250732
trans_enlarge_time	0.456344
trans_mu_time	0.385618
trans_unpack_time	1.031255
updateU_new_time	0.434743
runtime	0.670989
--------------------------------------------------!
***************dt=2.000000***************
***************flag=0***************
--------------------------------------------------!
time		0.000000
wall time	34.009683
*******************************
dgemm_time	6.877162
conv_transfer_time	0.000000
conv_calculate_time	623.718933
elastic_calculate_time	623.755188
Allen_Cahn_nonlinear_time	651.263733
Cahn_Hilliard_nonlinear_time	0.011840
trans_time	12.955306
trans_Memcpy_time	6.381455
trans_MPI_time	4.004052
trans_pack_time	0.252653
trans_enlarge_time	0.452344
trans_mu_time	0.390898
trans_unpack_time	1.027094
updateU_new_time	0.433143
runtime	0.672158
--------------------------------------------------!
***************dt=2.000000***************
***************flag=0***************
--------------------------------------------------!
time		0.000000
wall time	34.683157
*******************************
dgemm_time	6.859720
conv_transfer_time	0.000000
conv_calculate_time	623.367126
elastic_calculate_time	623.401794
Allen_Cahn_nonlinear_time	649.667664
Cahn_Hilliard_nonlinear_time	0.012000
trans_time	12.850288
trans_Memcpy_time	6.388176
trans_MPI_time	3.890284
trans_pack_time	0.254573
trans_enlarge_time	0.454424
trans_mu_time	0.386258
trans_unpack_time	1.029814
updateU_new_time	0.430262
runtime	0.671058
--------------------------------------------------!
***************dt=2.000000***************
***************flag=0***************
--------------------------------------------------!
time		0.000000
wall time	35.357776
*******************************
dgemm_time	6.902760
conv_transfer_time	0.000000
conv_calculate_time	623.635498
elastic_calculate_time	623.670044
Allen_Cahn_nonlinear_time	648.507996
Cahn_Hilliard_nonlinear_time	0.011680
trans_time	12.843075
trans_Memcpy_time	6.358253
trans_MPI_time	3.912044
trans_pack_time	0.254092
trans_enlarge_time	0.459704
trans_mu_time	0.385938
trans_unpack_time	1.021973
updateU_new_time	0.434422
runtime	0.669704
--------------------------------------------------!
***************dt=2.000000***************
***************flag=0***************
--------------------------------------------------!
time		0.000000
wall time	36.031326
*******************************
dgemm_time	6.882759
conv_transfer_time	0.000000
conv_calculate_time	623.508789
elastic_calculate_time	623.547119
Allen_Cahn_nonlinear_time	647.740784
Cahn_Hilliard_nonlinear_time	0.012000
trans_time	12.833092
trans_Memcpy_time	6.374411
trans_MPI_time	3.889162
trans_pack_time	0.254572
trans_enlarge_time	0.461464
trans_mu_time	0.385778
trans_unpack_time	1.024853
updateU_new_time	0.436182
runtime	0.668972
--------------------------------------------------!
***************dt=2.000000***************
***************flag=0***************
--------------------------------------------------!
time		0.000000
wall time	36.703531
*******************************
dgemm_time	6.885797
conv_transfer_time	0.000000
conv_calculate_time	623.346619
elastic_calculate_time	623.383240
Allen_Cahn_nonlinear_time	647.238098
Cahn_Hilliard_nonlinear_time	0.011680
trans_time	13.170847
trans_Memcpy_time	6.362890
trans_MPI_time	4.258942
trans_pack_time	0.253452
trans_enlarge_time	0.453303
trans_mu_time	0.383218
trans_unpack_time	1.019093
updateU_new_time	0.446423
runtime	0.675599
--------------------------------------------------!
***************dt=2.000000***************
***************flag=0***************
--------------------------------------------------!
time		0.000000
wall time	37.374967
*******************************
dgemm_time	6.873635
conv_transfer_time	0.000000
conv_calculate_time	623.910828
elastic_calculate_time	623.946533
Allen_Cahn_nonlinear_time	651.951721
Cahn_Hilliard_nonlinear_time	0.012160
trans_time	12.902551
trans_Memcpy_time	6.352649
trans_MPI_time	3.988846
trans_pack_time	0.253772
trans_enlarge_time	0.453783
trans_mu_time	0.386098
trans_unpack_time	1.025333
updateU_new_time	0.440343
runtime	0.672646
--------------------------------------------------!
***************dt=2.000000***************
***************flag=0***************
--------------------------------------------------!
time		0.000000
wall time	38.053077
*******************************
dgemm_time	6.884195
conv_transfer_time	0.000000
conv_calculate_time	624.134583
elastic_calculate_time	624.169556
Allen_Cahn_nonlinear_time	647.452881
Cahn_Hilliard_nonlinear_time	0.012000
trans_time	12.911688
trans_Memcpy_time	6.350568
trans_MPI_time	4.004047
trans_pack_time	0.251532
trans_enlarge_time	0.456503
trans_mu_time	0.385298
trans_unpack_time	1.021173
updateU_new_time	0.460023
runtime	0.669127
--------------------------------------------------!
***************dt=2.000000***************
***************flag=0***************
--------------------------------------------------!
time		0.000000
wall time	38.728217
*******************************
dgemm_time	6.868832
conv_transfer_time	0.000000
conv_calculate_time	624.301880
elastic_calculate_time	624.338562
Allen_Cahn_nonlinear_time	648.202393
Cahn_Hilliard_nonlinear_time	0.011680
trans_time	13.000451
trans_Memcpy_time	6.366407
trans_MPI_time	4.062769
trans_pack_time	0.253132
trans_enlarge_time	0.458421
trans_mu_time	0.385938
trans_unpack_time	1.028533
updateU_new_time	0.432822
runtime	0.670114
--------------------------------------------------!
***************dt=2.000000***************
***************flag=0***************
--------------------------------------------------!
time		0.000000
wall time	39.399813
*******************************
dgemm_time	6.886272
conv_transfer_time	0.000000
conv_calculate_time	623.353210
elastic_calculate_time	623.390869
Allen_Cahn_nonlinear_time	648.047180
Cahn_Hilliard_nonlinear_time	0.011520
trans_time	13.094094
trans_Memcpy_time	6.508813
trans_MPI_time	4.017646
trans_pack_time	0.254412
trans_enlarge_time	0.456981
trans_mu_time	0.388978
trans_unpack_time	1.024372
updateU_new_time	0.432982
runtime	0.669560
--------------------------------------------------!
***************dt=2.000000***************
***************flag=0***************
--------------------------------------------------!
time		0.000000
wall time	40.069999
*******************************
dgemm_time	6.861790
conv_transfer_time	0.000000
conv_calculate_time	623.752502
elastic_calculate_time	623.787842
Allen_Cahn_nonlinear_time	649.563660
Cahn_Hilliard_nonlinear_time	0.011840
trans_time	13.150735
trans_Memcpy_time	6.512652
trans_MPI_time	4.070128
trans_pack_time	0.252012
trans_enlarge_time	0.455219
trans_mu_time	0.385778
trans_unpack_time	1.029332
updateU_new_time	0.431862
runtime	0.670868
--------------------------------------------------!
***************dt=2.000000***************
***************flag=0***************
--------------------------------------------------!
time		0.000000
wall time	40.739629
*******************************
dgemm_time	6.910752
conv_transfer_time	0.000000
conv_calculate_time	623.759155
elastic_calculate_time	623.794312
Allen_Cahn_nonlinear_time	648.465515
Cahn_Hilliard_nonlinear_time	0.011520
trans_time	13.240117
trans_Memcpy_time	6.487690
trans_MPI_time	4.194614
trans_pack_time	0.253932
trans_enlarge_time	0.454099
trans_mu_time	0.385458
trans_unpack_time	1.023092
updateU_new_time	0.433622
runtime	0.670853
--------------------------------------------------!
***************dt=2.000000***************
***************flag=0***************
--------------------------------------------------!
time		0.000000
wall time	41.410587
*******************************
dgemm_time	6.859228
conv_transfer_time	0.000000
conv_calculate_time	623.331360
elastic_calculate_time	623.367432
Allen_Cahn_nonlinear_time	648.215210
Cahn_Hilliard_nonlinear_time	0.011840
trans_time	13.188033
trans_Memcpy_time	6.481929
trans_MPI_time	4.130130
trans_pack_time	0.253612
trans_enlarge_time	0.456980
trans_mu_time	0.386578
trans_unpack_time	1.029172
updateU_new_time	0.432022
runtime	0.673639
--------------------------------------------------!
***************dt=2.000000***************
***************flag=0***************
--------------------------------------------------!
time		0.000000
wall time	42.081513
*******************************
dgemm_time	6.886748
conv_transfer_time	0.000000
conv_calculate_time	623.602661
elastic_calculate_time	623.639038
Allen_Cahn_nonlinear_time	650.666016
Cahn_Hilliard_nonlinear_time	0.011520
trans_time	13.135927
trans_Memcpy_time	6.476326
trans_MPI_time	4.104687
trans_pack_time	0.257292
trans_enlarge_time	0.453779
trans_mu_time	0.384178
trans_unpack_time	1.017331
updateU_new_time	0.431702
runtime	0.671843
--------------------------------------------------!
***************dt=2.000000***************
***************flag=0***************
--------------------------------------------------!
time		0.000000
wall time	42.755221
*******************************
dgemm_time	6.888508
conv_transfer_time	0.000000
conv_calculate_time	622.335938
elastic_calculate_time	622.384460
Allen_Cahn_nonlinear_time	651.648193
Cahn_Hilliard_nonlinear_time	0.011840
trans_time	13.034721
trans_Memcpy_time	6.486888
trans_MPI_time	3.985960
trans_pack_time	0.252812
trans_enlarge_time	0.455539
trans_mu_time	0.385618
trans_unpack_time	1.026772
updateU_new_time	0.432182
runtime	0.675342
--------------------------------------------------!
***************dt=2.000000***************
***************flag=0***************
--------------------------------------------------!
time		0.000000
wall time	43.427145
*******************************
dgemm_time	6.879866
conv_transfer_time	0.000000
conv_calculate_time	623.852112
elastic_calculate_time	623.889099
Allen_Cahn_nonlinear_time	654.278564
Cahn_Hilliard_nonlinear_time	0.011680
trans_time	13.076232
trans_Memcpy_time	6.509608
trans_MPI_time	3.962279
trans_pack_time	0.253772
trans_enlarge_time	0.451700
trans_mu_time	0.386898
trans_unpack_time	1.007571
updateU_new_time	0.431381
runtime	0.677032
--------------------------------------------------!
***************dt=2.000000***************
***************flag=0***************
--------------------------------------------------!
time		0.000000
wall time	44.102576
*******************************
dgemm_time	6.870105
conv_transfer_time	0.000000
conv_calculate_time	623.837463
elastic_calculate_time	623.875183
Allen_Cahn_nonlinear_time	651.038025
Cahn_Hilliard_nonlinear_time	0.012000
trans_time	13.041829
trans_Memcpy_time	6.501767
trans_MPI_time	3.926438
trans_pack_time	0.253292
trans_enlarge_time	0.456179
trans_mu_time	0.385298
trans_unpack_time	1.021651
updateU_new_time	0.432022
runtime	0.676921
--------------------------------------------------!
***************dt=2.000000***************
***************flag=0***************
--------------------------------------------------!
time		0.000000
wall time	44.779690
*******************************
dgemm_time	6.882264
conv_transfer_time	0.000000
conv_calculate_time	623.158447
elastic_calculate_time	623.196411
Allen_Cahn_nonlinear_time	651.520569
Cahn_Hilliard_nonlinear_time	0.012160
trans_time	13.073178
trans_Memcpy_time	6.483366
trans_MPI_time	3.963559
trans_pack_time	0.253612
trans_enlarge_time	0.456339
trans_mu_time	0.386738
trans_unpack_time	1.027411
updateU_new_time	0.431861
runtime	0.672707
--------------------------------------------------!
***************dt=2.000000***************
***************flag=0***************
--------------------------------------------------!
time		0.000000
wall time	45.456696
*******************************
dgemm_time	6.880183
conv_transfer_time	0.000000
conv_calculate_time	623.543030
elastic_calculate_time	623.580566
Allen_Cahn_nonlinear_time	651.710327
Cahn_Hilliard_nonlinear_time	0.011840
trans_time	13.084217
trans_Memcpy_time	6.535526
trans_MPI_time	3.925957
trans_pack_time	0.255212
trans_enlarge_time	0.458740
trans_mu_time	0.388178
trans_unpack_time	1.020211
updateU_new_time	0.434101
runtime	0.672900
--------------------------------------------------!
***************dt=2.000000***************
***************flag=0***************
--------------------------------------------------!
time		0.000000
wall time	46.129473
*******************************
dgemm_time	6.890903
conv_transfer_time	0.000000
conv_calculate_time	623.876526
elastic_calculate_time	623.912842
Allen_Cahn_nonlinear_time	657.229431
Cahn_Hilliard_nonlinear_time	0.011680
trans_time	12.997771
trans_Memcpy_time	6.502404
trans_MPI_time	3.902274
trans_pack_time	0.277453
trans_enlarge_time	0.455219
trans_mu_time	0.392658
trans_unpack_time	1.020211
updateU_new_time	0.432342
runtime	0.678350
--------------------------------------------------!
***************dt=2.000000***************
***************flag=0***************
--------------------------------------------------!
time		0.000000
wall time	46.802442
*******************************
dgemm_time	6.876661
conv_transfer_time	0.000000
conv_calculate_time	623.605591
elastic_calculate_time	623.640869
Allen_Cahn_nonlinear_time	647.403748
Cahn_Hilliard_nonlinear_time	0.011840
trans_time	13.127875
trans_Memcpy_time	6.485280
trans_MPI_time	4.085163
trans_pack_time	0.251372
trans_enlarge_time	0.452819
trans_mu_time	0.386258
trans_unpack_time	1.026131
updateU_new_time	0.432501
runtime	0.671217
--------------------------------------------------!
***************dt=2.000000***************
***************flag=0***************
--------------------------------------------------!
time		0.000000
wall time	47.480882
*******************************
dgemm_time	6.885461
conv_transfer_time	0.000000
conv_calculate_time	623.048706
elastic_calculate_time	623.086731
Allen_Cahn_nonlinear_time	648.370056
Cahn_Hilliard_nonlinear_time	0.011840
trans_time	13.123603
trans_Memcpy_time	6.489283
trans_MPI_time	4.064841
trans_pack_time	0.252972
trans_enlarge_time	0.456819
trans_mu_time	0.388178
trans_unpack_time	1.020691
updateU_new_time	0.431061
runtime	0.670761
--------------------------------------------------!
***************dt=2.000000***************
***************flag=0***************
--------------------------------------------------!
time		0.000000
wall time	48.152170
*******************************
dgemm_time	6.889781
conv_transfer_time	0.000000
conv_calculate_time	624.017639
elastic_calculate_time	624.053833
Allen_Cahn_nonlinear_time	648.871033
Cahn_Hilliard_nonlinear_time	0.012160
trans_time	13.002406
trans_Memcpy_time	6.490560
trans_MPI_time	3.959715
trans_pack_time	0.255052
trans_enlarge_time	0.453459
trans_mu_time	0.387218
trans_unpack_time	1.012530
updateU_new_time	0.432181
runtime	0.670248
--------------------------------------------------!
***************dt=2.000000***************
***************flag=0***************
--------------------------------------------------!
time		0.000000
wall time	48.823003
*******************************
dgemm_time	6.884340
conv_transfer_time	0.000000
conv_calculate_time	623.302490
elastic_calculate_time	623.337769
Allen_Cahn_nonlinear_time	654.210876
Cahn_Hilliard_nonlinear_time	0.011680
trans_time	13.019535
trans_Memcpy_time	6.477279
trans_MPI_time	3.977476
trans_pack_time	0.252972
trans_enlarge_time	0.456819
trans_mu_time	0.385778
trans_unpack_time	1.027091
updateU_new_time	0.432661
runtime	0.677752
--------------------------------------------------!
***************dt=2.000000***************
***************flag=0***************
--------------------------------------------------!
time		0.000000
wall time	49.493336
*******************************
dgemm_time	6.878259
conv_transfer_time	0.000000
conv_calculate_time	623.729614
elastic_calculate_time	623.765869
Allen_Cahn_nonlinear_time	648.683350
Cahn_Hilliard_nonlinear_time	0.012320
trans_time	13.252426
trans_Memcpy_time	6.491520
trans_MPI_time	4.197167
trans_pack_time	0.253292
trans_enlarge_time	0.455539
trans_mu_time	0.386898
trans_unpack_time	1.024850
updateU_new_time	0.430421
runtime	0.670324
--------------------------------------------------!
***************dt=2.000000***************
***************flag=0***************
--------------------------------------------------!
time		0.000000
wall time	50.171158
*******************************
dgemm_time	6.890739
conv_transfer_time	0.000000
conv_calculate_time	623.529053
elastic_calculate_time	623.563538
Allen_Cahn_nonlinear_time	647.087769
Cahn_Hilliard_nonlinear_time	0.011680
trans_time	13.046584
trans_Memcpy_time	6.525600
trans_MPI_time	3.961315
trans_pack_time	0.253932
trans_enlarge_time	0.455059
trans_mu_time	0.385938
trans_unpack_time	1.019890
updateU_new_time	0.430901
runtime	0.669626
--------------------------------------------------!
***************dt=2.000000***************
***************flag=0***************
--------------------------------------------------!
time		0.000000
wall time	50.841593
*******************************
dgemm_time	6.880178
conv_transfer_time	0.000000
conv_calculate_time	623.972046
elastic_calculate_time	624.009338
Allen_Cahn_nonlinear_time	649.704651
Cahn_Hilliard_nonlinear_time	0.011840
trans_time	12.909126
trans_Memcpy_time	6.485918
trans_MPI_time	3.851869
trans_pack_time	0.251372
trans_enlarge_time	0.457459
trans_mu_time	0.385618
trans_unpack_time	1.032691
updateU_new_time	0.435701
runtime	0.670871
--------------------------------------------------!
***************dt=2.000000***************
***************flag=0***************
--------------------------------------------------!
time		0.000000
wall time	51.511294
*******************************
dgemm_time	6.874897
conv_transfer_time	0.000000
conv_calculate_time	622.830383
elastic_calculate_time	622.867188
Allen_Cahn_nonlinear_time	648.485168
Cahn_Hilliard_nonlinear_time	0.011840
trans_time	13.030601
trans_Memcpy_time	6.511358
trans_MPI_time	3.945473
trans_pack_time	0.256492
trans_enlarge_time	0.455699
trans_mu_time	0.385458
trans_unpack_time	1.024850
updateU_new_time	0.439381
runtime	0.670231
--------------------------------------------------!
***************dt=2.000000***************
***************flag=0***************
--------------------------------------------------!
time		0.000000
wall time	52.182236
*******************************
dgemm_time	6.877136
conv_transfer_time	0.000000
conv_calculate_time	623.942810
elastic_calculate_time	623.979675
Allen_Cahn_nonlinear_time	647.205078
Cahn_Hilliard_nonlinear_time	0.011680
trans_time	13.227599
trans_Memcpy_time	6.587042
trans_MPI_time	4.073319
trans_pack_time	0.252172
trans_enlarge_time	0.453459
trans_mu_time	0.391698
trans_unpack_time	1.026610
updateU_new_time	0.457302
runtime	0.669653
--------------------------------------------------!
***************dt=2.000000***************
***************flag=0***************
--------------------------------------------------!
time		0.000000
wall time	52.852539
*******************************
dgemm_time	6.889136
conv_transfer_time	0.000000
conv_calculate_time	624.087097
elastic_calculate_time	624.123779
Allen_Cahn_nonlinear_time	649.036743
Cahn_Hilliard_nonlinear_time	0.012000
trans_time	13.011997
trans_Memcpy_time	6.487195
trans_MPI_time	3.963073
trans_pack_time	0.254412
trans_enlarge_time	0.454739
trans_mu_time	0.385458
trans_unpack_time	1.025970
updateU_new_time	0.442901
runtime	0.677319
--------------------------------------------------!
***************dt=2.000000***************
***************flag=0***************
--------------------------------------------------!
time		0.000000
wall time	53.522296
*******************************
dgemm_time	6.894896
conv_transfer_time	0.000000
conv_calculate_time	623.668152
elastic_calculate_time	623.704590
Allen_Cahn_nonlinear_time	655.936279
Cahn_Hilliard_nonlinear_time	0.012320
trans_time	13.065469
trans_Memcpy_time	6.503195
trans_MPI_time	3.994114
trans_pack_time	0.252812
trans_enlarge_time	0.455219
trans_mu_time	0.386578
trans_unpack_time	1.024370
updateU_new_time	0.432181
runtime	0.676967
--------------------------------------------------!
***************dt=2.000000***************
***************flag=0***************
--------------------------------------------------!
time		0.000000
wall time	54.199714
*******************************
dgemm_time	6.877774
conv_transfer_time	0.000000
conv_calculate_time	623.686462
elastic_calculate_time	623.721375
Allen_Cahn_nonlinear_time	649.611755
Cahn_Hilliard_nonlinear_time	0.012000
trans_time	13.097879
trans_Memcpy_time	6.500315
trans_MPI_time	4.028835
trans_pack_time	0.253132
trans_enlarge_time	0.451219
trans_mu_time	0.386898
trans_unpack_time	1.029810
updateU_new_time	0.434741
runtime	0.671139
--------------------------------------------------!
***************dt=2.000000***************
***************flag=0***************
--------------------------------------------------!
time		0.000000
wall time	54.876753
*******************************
dgemm_time	6.881453
conv_transfer_time	0.000000
conv_calculate_time	622.740295
elastic_calculate_time	622.774841
Allen_Cahn_nonlinear_time	647.478088
Cahn_Hilliard_nonlinear_time	0.011840
trans_time	13.112438
trans_Memcpy_time	6.491035
trans_MPI_time	4.055396
trans_pack_time	0.252332
trans_enlarge_time	0.459859
trans_mu_time	0.386258
trans_unpack_time	1.026770
updateU_new_time	0.432181
runtime	0.669000
--------------------------------------------------!
***************dt=2.000000***************
***************flag=0***************
--------------------------------------------------!
time		0.000000
wall time	55.547976
*******************************
dgemm_time	6.892173
conv_transfer_time	0.000000
conv_calculate_time	624.892517
elastic_calculate_time	624.928528
Allen_Cahn_nonlinear_time	649.140747
Cahn_Hilliard_nonlinear_time	0.011840
trans_time	13.102256
trans_Memcpy_time	6.504794
trans_MPI_time	4.024354
trans_pack_time	0.260972
trans_enlarge_time	0.455059
trans_mu_time	0.389778
trans_unpack_time	1.023889
updateU_new_time	0.432661
runtime	0.671567
--------------------------------------------------!
***************dt=2.000000***************
***************flag=0***************
--------------------------------------------------!
time		0.000000
wall time	56.217188
*******************************
dgemm_time	6.878092
conv_transfer_time	0.000000
conv_calculate_time	625.439026
elastic_calculate_time	625.475769
Allen_Cahn_nonlinear_time	654.043030
Cahn_Hilliard_nonlinear_time	0.011840
trans_time	13.135387
trans_Memcpy_time	6.479513
trans_MPI_time	4.101638
trans_pack_time	0.252812
trans_enlarge_time	0.454899
trans_mu_time	0.388178
trans_unpack_time	1.018289
updateU_new_time	0.432341
runtime	0.677039
--------------------------------------------------!
***************dt=2.000000***************
***************flag=0***************
--------------------------------------------------!
time		0.000000
wall time	56.888828
*******************************
dgemm_time	6.893292
conv_transfer_time	0.000000
conv_calculate_time	622.926208
elastic_calculate_time	622.962341
Allen_Cahn_nonlinear_time	650.186707
Cahn_Hilliard_nonlinear_time	0.011520
trans_time	13.186769
trans_Memcpy_time	6.467991
trans_MPI_time	4.156680
trans_pack_time	0.255052
trans_enlarge_time	0.456019
trans_mu_time	0.385458
trans_unpack_time	1.023409
updateU_new_time	0.434581
runtime	0.673903
--------------------------------------------------!
***************dt=2.000000***************
***************flag=0***************
--------------------------------------------------!
time		0.000000
wall time	57.565953
*******************************
dgemm_time	6.897292
conv_transfer_time	0.000000
conv_calculate_time	624.011169
elastic_calculate_time	624.047180
Allen_Cahn_nonlinear_time	648.666687
Cahn_Hilliard_nonlinear_time	0.011680
trans_time	13.134844
trans_Memcpy_time	6.476632
trans_MPI_time	4.092837
trans_pack_time	0.254892
trans_enlarge_time	0.456179
trans_mu_time	0.385138
trans_unpack_time	1.027249
updateU_new_time	0.430260
runtime	0.674288
--------------------------------------------------!
***************dt=2.000000***************
***************flag=0***************
--------------------------------------------------!
time		0.000000
wall time	58.239929
*******************************
dgemm_time	6.867050
conv_transfer_time	0.000000
conv_calculate_time	623.213318
elastic_calculate_time	623.249146
Allen_Cahn_nonlinear_time	648.976501
Cahn_Hilliard_nonlinear_time	0.011840
trans_time	13.314911
trans_Memcpy_time	6.479351
trans_MPI_time	4.264364
trans_pack_time	0.254252
trans_enlarge_time	0.456499
trans_mu_time	0.388818
trans_unpack_time	1.018769
updateU_new_time	0.433301
runtime	0.674588
--------------------------------------------------!
***************dt=2.000000***************
***************flag=0***************
--------------------------------------------------!
time		0.000000
wall time	58.914289
*******************************
dgemm_time	6.869130
conv_transfer_time	0.000000
conv_calculate_time	624.357971
elastic_calculate_time	624.394470
Allen_Cahn_nonlinear_time	647.365967
Cahn_Hilliard_nonlinear_time	0.011360
trans_time	13.207616
trans_Memcpy_time	6.472470
trans_MPI_time	4.174920
trans_pack_time	0.254092
trans_enlarge_time	0.455059
trans_mu_time	0.386738
trans_unpack_time	1.021809
updateU_new_time	0.431380
runtime	0.671607
--------------------------------------------------!
***************dt=2.000000***************
***************flag=0***************
--------------------------------------------------!
time		0.000000
wall time	59.588947
*******************************
dgemm_time	6.891690
conv_transfer_time	0.000000
conv_calculate_time	622.864136
elastic_calculate_time	622.900574
Allen_Cahn_nonlinear_time	647.745483
Cahn_Hilliard_nonlinear_time	0.011520
trans_time	13.178894
trans_Memcpy_time	6.494390
trans_MPI_time	4.121637
trans_pack_time	0.253132
trans_enlarge_time	0.453619
trans_mu_time	0.387858
trans_unpack_time	1.021809
updateU_new_time	0.433461
runtime	0.672093
--------------------------------------------------!
***************dt=2.000000***************
***************flag=0***************
--------------------------------------------------!
time		0.000000
wall time	60.260625
*******************************
dgemm_time	6.898090
conv_transfer_time	0.000000
conv_calculate_time	623.773376
elastic_calculate_time	623.809143
Allen_Cahn_nonlinear_time	647.807678
Cahn_Hilliard_nonlinear_time	0.011680
trans_time	13.039125
trans_Memcpy_time	6.465107
trans_MPI_time	4.000832
trans_pack_time	0.251372
trans_enlarge_time	0.462899
trans_mu_time	0.389138
trans_unpack_time	1.027569
updateU_new_time	0.434261
runtime	0.670374
--------------------------------------------------!
***************dt=2.000000***************
***************flag=0***************
--------------------------------------------------!
time		0.000000
wall time	60.932825
*******************************
dgemm_time	6.870728
conv_transfer_time	0.000000
conv_calculate_time	623.823608
elastic_calculate_time	623.858765
Allen_Cahn_nonlinear_time	648.875977
Cahn_Hilliard_nonlinear_time	0.011680
trans_time	13.035624
trans_Memcpy_time	6.493109
trans_MPI_time	3.977309
trans_pack_time	0.255852
trans_enlarge_time	0.458099
trans_mu_time	0.386098
trans_unpack_time	1.023569
updateU_new_time	0.431700
runtime	0.674203
--------------------------------------------------!
***************dt=2.000000***************
***************flag=0***************
--------------------------------------------------!
time		0.000000
wall time	61.603279
*******************************
dgemm_time	6.884808
conv_transfer_time	0.000000
conv_calculate_time	623.776794
elastic_calculate_time	623.812683
Allen_Cahn_nonlinear_time	649.174927
Cahn_Hilliard_nonlinear_time	0.012640
trans_time	13.939456
trans_Memcpy_time	6.486229
trans_MPI_time	4.889673
trans_pack_time	0.252492
trans_enlarge_time	0.457459
trans_mu_time	0.386258
trans_unpack_time	1.026129
updateU_new_time	0.433620
runtime	0.673749
--------------------------------------------------!
***************dt=2.000000***************
***************flag=0***************
--------------------------------------------------!
time		0.000000
wall time	62.277552
*******************************
dgemm_time	6.867527
conv_transfer_time	0.000000
conv_calculate_time	623.333252
elastic_calculate_time	623.374023
Allen_Cahn_nonlinear_time	649.944946
Cahn_Hilliard_nonlinear_time	0.011680
trans_time	13.355588
trans_Memcpy_time	6.525430
trans_MPI_time	4.268524
trans_pack_time	0.257132
trans_enlarge_time	0.455219
trans_mu_time	0.386898
trans_unpack_time	1.020528
updateU_new_time	0.432660
runtime	0.671577
--------------------------------------------------!
***************dt=2.000000***************
***************flag=0***************
--------------------------------------------------!
time		0.000000
wall time	62.951372
*******************************
dgemm_time	6.874886
conv_transfer_time	0.000000
conv_calculate_time	623.238464
elastic_calculate_time	623.274292
Allen_Cahn_nonlinear_time	650.064148
Cahn_Hilliard_nonlinear_time	0.011680
trans_time	13.068084
trans_Memcpy_time	6.483507
trans_MPI_time	4.022911
trans_pack_time	0.254572
trans_enlarge_time	0.457779
trans_mu_time	0.383378
trans_unpack_time	1.025649
updateU_new_time	0.431700
runtime	0.673347
--------------------------------------------------!
***************dt=2.000000***************
***************flag=0***************
--------------------------------------------------!
time		0.000000
wall time	63.623027
*******************************
dgemm_time	6.870566
conv_transfer_time	0.000000
conv_calculate_time	623.621155
elastic_calculate_time	623.657104
Allen_Cahn_nonlinear_time	653.619202
Cahn_Hilliard_nonlinear_time	0.012000
trans_time	13.148667
trans_Memcpy_time	6.595834
trans_MPI_time	3.987229
trans_pack_time	0.255212
trans_enlarge_time	0.455538
trans_mu_time	0.387058
trans_unpack_time	1.023568
updateU_new_time	0.429780
runtime	0.674864
--------------------------------------------------!
***************dt=2.000000***************
***************flag=0***************
--------------------------------------------------!
time		0.000000
wall time	64.296445
*******************************
dgemm_time	6.867205
conv_transfer_time	0.000000
conv_calculate_time	623.755493
elastic_calculate_time	623.790344
Allen_Cahn_nonlinear_time	649.398010
Cahn_Hilliard_nonlinear_time	0.012000
trans_time	13.394366
trans_Memcpy_time	6.495507
trans_MPI_time	4.321005
trans_pack_time	0.255212
trans_enlarge_time	0.455860
trans_mu_time	0.385458
trans_unpack_time	1.026448
updateU_new_time	0.433140
runtime	0.671435
--------------------------------------------------!
***************dt=2.000000***************
***************flag=0***************
--------------------------------------------------!
time		0.000000
wall time	64.971378
*******************************
dgemm_time	6.868645
conv_transfer_time	0.000000
conv_calculate_time	623.320068
elastic_calculate_time	623.356873
Allen_Cahn_nonlinear_time	648.994080
Cahn_Hilliard_nonlinear_time	0.011680
trans_time	13.184406
trans_Memcpy_time	6.507668
trans_MPI_time	4.117314
trans_pack_time	0.252652
trans_enlarge_time	0.454258
trans_mu_time	0.388338
trans_unpack_time	1.022608
updateU_new_time	0.431220
runtime	0.670931
--------------------------------------------------!
***************dt=2.000000***************
***************flag=0***************
--------------------------------------------------!
time		0.000000
wall time	65.642888
*******************************
dgemm_time	6.916166
conv_transfer_time	0.000000
conv_calculate_time	624.528931
elastic_calculate_time	624.566284
Allen_Cahn_nonlinear_time	649.970947
Cahn_Hilliard_nonlinear_time	0.011840
trans_time	13.003096
trans_Memcpy_time	6.504148
trans_MPI_time	3.938746
trans_pack_time	0.254092
trans_enlarge_time	0.454899
trans_mu_time	0.385298
trans_unpack_time	1.023408
updateU_new_time	0.442101
runtime	0.675947
--------------------------------------------------!
***************dt=2.000000***************
***************flag=0***************
--------------------------------------------------!
time		0.000000
wall time	66.313891
*******************************
dgemm_time	6.876324
conv_transfer_time	0.000000
conv_calculate_time	624.001953
elastic_calculate_time	624.037598
Allen_Cahn_nonlinear_time	648.952026
Cahn_Hilliard_nonlinear_time	0.011840
trans_time	13.124422
trans_Memcpy_time	6.482385
trans_MPI_time	4.077952
trans_pack_time	0.254252
trans_enlarge_time	0.455538
trans_mu_time	0.386418
trans_unpack_time	1.023568
updateU_new_time	0.449141
runtime	0.673762
--------------------------------------------------!
***************dt=2.000000***************
***************flag=0***************
--------------------------------------------------!
time		0.000000
wall time	66.989913
*******************************
dgemm_time	6.873604
conv_transfer_time	0.000000
conv_calculate_time	623.233093
elastic_calculate_time	623.268677
Allen_Cahn_nonlinear_time	645.264282
Cahn_Hilliard_nonlinear_time	0.012000
trans_time	13.229555
trans_Memcpy_time	6.481585
trans_MPI_time	4.192517
trans_pack_time	0.252172
trans_enlarge_time	0.452658
trans_mu_time	0.386898
trans_unpack_time	1.022928
updateU_new_time	0.449781
runtime	0.667665
--------------------------------------------------!
***************dt=2.000000***************
***************flag=0***************
--------------------------------------------------!
time		0.000000
wall time	67.663752
*******************************
dgemm_time	6.880484
conv_transfer_time	0.000000
conv_calculate_time	623.385376
elastic_calculate_time	623.423218
Allen_Cahn_nonlinear_time	648.188110
Cahn_Hilliard_nonlinear_time	0.011840
trans_time	13.206333
trans_Memcpy_time	6.510546
trans_MPI_time	4.142274
trans_pack_time	0.252012
trans_enlarge_time	0.456658
trans_mu_time	0.386578
trans_unpack_time	1.016848
updateU_new_time	0.431540
runtime	0.670862
--------------------------------------------------!
***************dt=2.000000***************
***************flag=0***************
--------------------------------------------------!
time		0.000000
wall time	68.331486
*******************************
dgemm_time	6.872643
conv_transfer_time	0.000000
conv_calculate_time	622.923706
elastic_calculate_time	622.962280
Allen_Cahn_nonlinear_time	648.099670
Cahn_Hilliard_nonlinear_time	0.012000
trans_time	13.149901
trans_Memcpy_time	6.496944
trans_MPI_time	4.088992
trans_pack_time	0.253772
trans_enlarge_time	0.455538
trans_mu_time	0.385618
trans_unpack_time	1.027088
updateU_new_time	0.432180
runtime	0.673679
--------------------------------------------------!
***************dt=2.000000***************
***************flag=0***************
--------------------------------------------------!
time		0.000000
wall time	69.002417
*******************************
dgemm_time	6.883683
conv_transfer_time	0.000000
conv_calculate_time	622.580322
elastic_calculate_time	622.615723
Allen_Cahn_nonlinear_time	647.323669
Cahn_Hilliard_nonlinear_time	0.011520
trans_time	13.178070
trans_Memcpy_time	6.506545
trans_MPI_time	4.111393
trans_pack_time	0.252492
trans_enlarge_time	0.455538
trans_mu_time	0.386098
trans_unpack_time	1.019728
updateU_new_time	0.432500
runtime	0.674463
--------------------------------------------------!
***************dt=2.000000***************
***************flag=0***************
--------------------------------------------------!
time		0.000000
wall time	69.676180
*******************************
dgemm_time	6.888643
conv_transfer_time	0.000000
conv_calculate_time	623.642273
elastic_calculate_time	623.679504
Allen_Cahn_nonlinear_time	655.488708
Cahn_Hilliard_nonlinear_time	0.011680
trans_time	13.074226
trans_Memcpy_time	6.504625
trans_MPI_time	4.001147
trans_pack_time	0.252172
trans_enlarge_time	0.456499
trans_mu_time	0.387698
trans_unpack_time	1.030608
updateU_new_time	0.431860
runtime	0.676778
--------------------------------------------------!
***************dt=2.000000***************
***************flag=0***************
--------------------------------------------------!
time		0.000000
wall time	70.350715
*******************************
dgemm_time	6.877442
conv_transfer_time	0.000000
conv_calculate_time	624.932495
elastic_calculate_time	624.967346
Allen_Cahn_nonlinear_time	653.126892
Cahn_Hilliard_nonlinear_time	0.011680
trans_time	13.132437
trans_Memcpy_time	6.492143
trans_MPI_time	4.076831
trans_pack_time	0.252172
trans_enlarge_time	0.463219
trans_mu_time	0.384338
trans_unpack_time	1.020528
updateU_new_time	0.432820
runtime	0.674119
--------------------------------------------------!
***************dt=2.000000***************
***************flag=0***************
--------------------------------------------------!
time		0.000000
wall time	71.027564
*******************************
dgemm_time	6.884322
conv_transfer_time	0.000000
conv_calculate_time	622.436523
elastic_calculate_time	622.473083
Allen_Cahn_nonlinear_time	647.735840
Cahn_Hilliard_nonlinear_time	0.011840
trans_time	13.131847
trans_Memcpy_time	6.471982
trans_MPI_time	4.088351
trans_pack_time	0.252492
trans_enlarge_time	0.460819
trans_mu_time	0.385938
trans_unpack_time	1.030768
updateU_new_time	0.432020
runtime	0.674183
--------------------------------------------------!
***************dt=2.000000***************
***************flag=0***************
--------------------------------------------------!
time		0.000000
wall time	71.701756
*******************************
dgemm_time	6.893762
conv_transfer_time	0.000000
conv_calculate_time	622.289124
elastic_calculate_time	622.325562
Allen_Cahn_nonlinear_time	647.554138
Cahn_Hilliard_nonlinear_time	0.011680
trans_time	13.181817
trans_Memcpy_time	6.512303
trans_MPI_time	4.099872
trans_pack_time	0.252812
trans_enlarge_time	0.455218
trans_mu_time	0.386898
trans_unpack_time	1.024528
updateU_new_time	0.431540
runtime	0.669672
--------------------------------------------------!
***************dt=2.000000***************
***************flag=0***************
--------------------------------------------------!
time		0.000000
wall time	72.376008
