running   on	1024   processors
restart		0
nx,ny,nz	132	132	64
px,py,pz	8	8	16
nghost		2
output   dir	./output/output2/
data   dir	./data/
dt,t_total	2.000000,200.100000
ELASTIC		1
ANISOTROPIC		1
nac,nch		6,2
xmin,ymin,zmin	0.000000	0.000000	0.000000
xmax,ymax,zmax	1024.000000	1024.000000	1024.000000
checkpoint_,nchk,chk	1,1000,0
nout		10000
Approx		32
detect_iter		100000
Reading input.txt file:
myrank = 519 P = 5 Q = 1
myrank = 518 P = 1 Q = 0
myrank = 603 P = 1 Q = 4
myrank = 602 P = 3 Q = 5
myrank = 212 P = 5 Q = 0
myrank = 502 P = 5 Q = 3
myrank = 600 P = 4 Q = 4
myrank = 601 P = 2 Q = 4
myrank = 992 P = 1 Q = 2
myrank = 995 P = 1 Q = 1
myrank = 503 P = 5 Q = 5
myrank = 31 P = 1 Q = 1
myrank = 501 P = 1 Q = 4
myrank = 994 P = 4 Q = 4
myrank = 979 P = 4 Q = 5
myrank = 30 P = 1 Q = 5
myrank = 516 P = 5 Q = 5
myrank = 215 P = 1 Q = 0
myrank = 517 P = 4 Q = 0
myrank = 993 P = 2 Q = 3
myrank = 28 P = 5 Q = 4
myrank = 199 P = 5 Q = 0
myrank = 980 P = 2 Q = 1
myrank = 684 P = 2 Q = 5
myrank = 686 P = 5 Q = 2
myrank = 983 P = 2 Q = 0
myrank = 786 P = 0 Q = 1
myrank = 662 P = 0 Q = 4
myrank = 660 P = 5 Q = 3
myrank = 978 P = 4 Q = 3
myrank = 996 P = 2 Q = 5
myrank = 196 P = 2 Q = 1
myrank = 860 P = 1 Q = 1
myrank = 863 P = 0 Q = 4
myrank = 981 P = 4 Q = 2
myrank = 976 P = 2 Q = 5
myrank = 904 P = 5 Q = 3
myrank = 787 P = 1 Q = 3
myrank = 213 P = 2 Q = 2
myrank = 24 P = 1 Q = 3
myrank = 1008 P = 4 Q = 0
myrank = 597 P = 4 Q = 2
myrank = 663 P = 5 Q = 5
myrank = 999 P = 2 Q = 5
myrank = 79 P = 0 Q = 1
myrank = 214 P = 4 Q = 1
myrank = 21 P = 4 Q = 4
myrank = 197 P = 3 Q = 5
myrank = 997 P = 5 Q = 5
myrank = 198 P = 4 Q = 2
myrank = 862 P = 3 Q = 4
myrank = 661 P = 3 Q = 4
myrank = 29 P = 3 Q = 0
myrank = 500 P = 5 Q = 3
myrank = 785 P = 1 Q = 3
myrank = 123 P = 5 Q = 3
myrank = 135 P = 0 Q = 4
myrank = 907 P = 5 Q = 0
myrank = 867 P = 4 Q = 2
myrank = 1010 P = 2 Q = 4
myrank = 26 P = 3 Q = 4
myrank = 763 P = 5 Q = 2
myrank = 784 P = 4 Q = 0
myrank = 1009 P = 2 Q = 5
myrank = 83 P = 4 Q = 5
myrank = 905 P = 3 Q = 5
myrank = 977 P = 2 Q = 1
myrank = 27 P = 1 Q = 5
myrank = 759 P = 2 Q = 3
myrank = 998 P = 1 Q = 0
myrank = 758 P = 4 Q = 1
myrank = 833 P = 0 Q = 3
myrank = 982 P = 4 Q = 1
myrank = 435 P = 0 Q = 1
myrank = 432 P = 4 Q = 5
myrank = 599 P = 3 Q = 0
myrank = 835 P = 3 Q = 3
myrank = 731 P = 1 Q = 0
myrank = 795 P = 1 Q = 3
myrank = 832 P = 0 Q = 4
myrank = 64 P = 1 Q = 4
myrank = 132 P = 0 Q = 5
myrank = 434 P = 0 Q = 2
myrank = 834 P = 1 Q = 5
myrank = 722 P = 4 Q = 2
myrank = 761 P = 4 Q = 4
myrank = 77 P = 1 Q = 0
myrank = 866 P = 0 Q = 3
myrank = 315 P = 0 Q = 4
myrank = 20 P = 1 Q = 4
myrank = 203 P = 5 Q = 2
myrank = 864 P = 1 Q = 5
myrank = 906 P = 3 Q = 4
myrank = 716 P = 5 Q = 3
myrank = 772 P = 2 Q = 5
myrank = 81 P = 1 Q = 5
myrank = 692 P = 4 Q = 4
myrank = 792 P = 2 Q = 3
myrank = 25 P = 2 Q = 4
myrank = 134 P = 2 Q = 0
myrank = 802 P = 3 Q = 0
myrank = 748 P = 4 Q = 1
myrank = 598 P = 3 Q = 0
myrank = 76 P = 3 Q = 2
myrank = 800 P = 0 Q = 3
myrank = 1022 P = 1 Q = 2
myrank = 801 P = 1 Q = 2
myrank = 794 P = 1 Q = 1
myrank = 1017 P = 5 Q = 5
myrank = 861 P = 5 Q = 0
myrank = 671 P = 0 Q = 1
myrank = 796 P = 0 Q = 1
myrank = 729 P = 5 Q = 2
myrank = 730 P = 2 Q = 2
myrank = 721 P = 1 Q = 3
myrank = 793 P = 3 Q = 5
myrank = 23 P = 3 Q = 5
myrank = 912 P = 3 Q = 3
myrank = 1004 P = 4 Q = 5
myrank = 121 P = 0 Q = 5
myrank = 713 P = 2 Q = 3
myrank = 900 P = 2 Q = 5
myrank = 766 P = 5 Q = 4
myrank = 67 P = 1 Q = 0
myrank = 717 P = 5 Q = 2
myrank = 16 P = 0 Q = 4
myrank = 902 P = 3 Q = 5
myrank = 230 P = 2 Q = 0
myrank = 220 P = 2 Q = 0
myrank = 120 P = 2 Q = 4
myrank = 240 P = 5 Q = 1
myrank = 65 P = 3 Q = 2
myrank = 719 P = 5 Q = 2
myrank = 133 P = 2 Q = 3
myrank = 756 P = 5 Q = 1
myrank = 896 P = 0 Q = 4
myrank = 193 P = 5 Q = 5
myrank = 1011 P = 4 Q = 0
myrank = 194 P = 3 Q = 0
myrank = 51 P = 4 Q = 1
myrank = 720 P = 5 Q = 1
myrank = 751 P = 4 Q = 0
myrank = 1021 P = 1 Q = 3
myrank = 155 P = 3 Q = 2
myrank = 728 P = 4 Q = 4
myrank = 22 P = 5 Q = 5
myrank = 782 P = 2 Q = 3
myrank = 68 P = 3 Q = 5
myrank = 760 P = 2 Q = 5
myrank = 1002 P = 1 Q = 5
myrank = 143 P = 5 Q = 0
myrank = 192 P = 1 Q = 3
myrank = 668 P = 3 Q = 5
myrank = 147 P = 2 Q = 2
myrank = 78 P = 3 Q = 2
myrank = 775 P = 1 Q = 3
myrank = 141 P = 0 Q = 0
myrank = 14 P = 4 Q = 3
myrank = 13 P = 0 Q = 4
myrank = 767 P = 4 Q = 5
myrank = 910 P = 2 Q = 2
myrank = 798 P = 1 Q = 2
myrank = 911 P = 2 Q = 4
myrank = 536 P = 3 Q = 5
myrank = 765 P = 4 Q = 2
myrank = 723 P = 2 Q = 4
myrank = 1016 P = 2 Q = 0
myrank = 714 P = 3 Q = 5
myrank = 917 P = 5 Q = 3
myrank = 314 P = 4 Q = 0
myrank = 122 P = 0 Q = 5
myrank = 773 P = 2 Q = 5
myrank = 1005 P = 4 Q = 1
myrank = 918 P = 3 Q = 1
myrank = 693 P = 2 Q = 0
myrank = 433 P = 5 Q = 1
myrank = 757 P = 2 Q = 0
myrank = 1019 P = 2 Q = 5
myrank = 183 P = 5 Q = 1
myrank = 195 P = 4 Q = 0
myrank = 66 P = 3 Q = 5
myrank = 764 P = 4 Q = 3
myrank = 439 P = 5 Q = 5
myrank = 712 P = 4 Q = 5
myrank = 178 P = 0 Q = 4
myrank = 901 P = 5 Q = 4
myrank = 897 P = 2 Q = 2
myrank = 241 P = 1 Q = 2
myrank = 908 P = 3 Q = 1
myrank = 762 P = 4 Q = 0
myrank = 15 P = 5 Q = 4
myrank = 50 P = 1 Q = 5
myrank = 1020 P = 5 Q = 5
myrank = 919 P = 3 Q = 4
myrank = 803 P = 0 Q = 5
myrank = 916 P = 0 Q = 4
myrank = 783 P = 0 Q = 5
myrank = 718 P = 4 Q = 0
myrank = 1000 P = 5 Q = 1
myrank = 750 P = 5 Q = 2
myrank = 726 P = 5 Q = 0
myrank = 669 P = 3 Q = 2
myrank = 1023 P = 5 Q = 1
myrank = 82 P = 3 Q = 1
myrank = 406 P = 2 Q = 2
myrank = 841 P = 4 Q = 0
myrank = 48 P = 0 Q = 1
myrank = 312 P = 0 Q = 2
myrank = 1003 P = 2 Q = 0
myrank = 695 P = 4 Q = 4
myrank = 843 P = 0 Q = 3
myrank = 12 P = 5 Q = 2
myrank = 830 P = 1 Q = 0
myrank = 1007 P = 5 Q = 5
myrank = 774 P = 1 Q = 3
myrank = 1006 P = 2 Q = 3
myrank = 152 P = 0 Q = 2
myrank = 724 P = 4 Q = 5
myrank = 831 P = 1 Q = 2
myrank = 829 P = 0 Q = 4
myrank = 69 P = 3 Q = 4
myrank = 865 P = 3 Q = 4
myrank = 984 P = 5 Q = 5
myrank = 799 P = 3 Q = 1
myrank = 670 P = 5 Q = 0
myrank = 1001 P = 4 Q = 2
myrank = 0 P = 1 Q = 1
myrank = 242 P = 5 Q = 3
myrank = 7 P = 4 Q = 2
myrank = 6 P = 5 Q = 0
myrank = 154 P = 3 Q = 2
myrank = 75 P = 3 Q = 3
myrank = 903 P = 2 Q = 1
myrank = 539 P = 3 Q = 4
myrank = 222 P = 2 Q = 0
myrank = 987 P = 5 Q = 5
myrank = 828 P = 4 Q = 0
myrank = 438 P = 0 Q = 4
myrank = 825 P = 0 Q = 3
myrank = 71 P = 4 Q = 2
myrank = 596 P = 3 Q = 4
myrank = 96 P = 1 Q = 5
myrank = 1018 P = 4 Q = 4
myrank = 715 P = 1 Q = 1
myrank = 407 P = 2 Q = 1
myrank = 827 P = 1 Q = 4
myrank = 538 P = 4 Q = 3
myrank = 190 P = 2 Q = 2
myrank = 265 P = 5 Q = 3
myrank = 223 P = 2 Q = 2
myrank = 914 P = 2 Q = 4
myrank = 404 P = 5 Q = 2
myrank = 243 P = 5 Q = 3
myrank = 986 P = 5 Q = 5
myrank = 229 P = 5 Q = 4
myrank = 899 P = 0 Q = 3
myrank = 181 P = 3 Q = 4
myrank = 892 P = 0 Q = 2
myrank = 200 P = 2 Q = 3
myrank = 153 P = 5 Q = 4
myrank = 855 P = 3 Q = 3
myrank = 144 P = 3 Q = 2
myrank = 19 P = 5 Q = 0
myrank = 72 P = 3 Q = 3
myrank = 80 P = 1 Q = 3
myrank = 735 P = 4 Q = 5
myrank = 926 P = 0 Q = 2
myrank = 1 P = 1 Q = 0
myrank = 267 P = 4 Q = 1
myrank = 687 P = 5 Q = 4
myrank = 842 P = 0 Q = 4
myrank = 18 P = 4 Q = 1
myrank = 481 P = 1 Q = 1
myrank = 771 P = 1 Q = 4
myrank = 985 P = 4 Q = 1
myrank = 768 P = 1 Q = 2
myrank = 2 P = 2 Q = 5
myrank = 739 P = 5 Q = 5
myrank = 179 P = 5 Q = 3
myrank = 924 P = 5 Q = 1
myrank = 770 P = 2 Q = 5
myrank = 733 P = 2 Q = 1
myrank = 313 P = 4 Q = 4
myrank = 749 P = 2 Q = 0
myrank = 231 P = 1 Q = 5
myrank = 437 P = 5 Q = 5
myrank = 201 P = 4 Q = 1
myrank = 732 P = 1 Q = 2
myrank = 459 P = 2 Q = 2
myrank = 725 P = 1 Q = 1
myrank = 149 P = 5 Q = 2
myrank = 895 P = 0 Q = 4
myrank = 909 P = 0 Q = 0
myrank = 74 P = 4 Q = 1
myrank = 173 P = 2 Q = 4
myrank = 100 P = 4 Q = 3
myrank = 797 P = 1 Q = 0
myrank = 191 P = 0 Q = 1
myrank = 94 P = 2 Q = 2
myrank = 180 P = 2 Q = 5
myrank = 405 P = 0 Q = 4
myrank = 887 P = 5 Q = 5
myrank = 780 P = 0 Q = 3
myrank = 744 P = 4 Q = 5
myrank = 73 P = 1 Q = 5
myrank = 151 P = 3 Q = 3
myrank = 49 P = 0 Q = 4
myrank = 266 P = 0 Q = 3
myrank = 188 P = 1 Q = 5
myrank = 769 P = 2 Q = 0
myrank = 177 P = 5 Q = 0
myrank = 436 P = 2 Q = 0
myrank = 221 P = 4 Q = 2
myrank = 156 P = 2 Q = 0
myrank = 849 P = 3 Q = 2
myrank = 291 P = 1 Q = 0
myrank = 54 P = 1 Q = 1
myrank = 685 P = 3 Q = 3
myrank = 791 P = 1 Q = 4
myrank = 781 P = 1 Q = 1
myrank = 871 P = 5 Q = 0
myrank = 734 P = 1 Q = 5
myrank = 672 P = 3 Q = 1
myrank = 947 P = 2 Q = 1
myrank = 189 P = 2 Q = 0
myrank = 753 P = 5 Q = 4
myrank = 737 P = 2 Q = 0
myrank = 97 P = 1 Q = 1
myrank = 142 P = 0 Q = 5
myrank = 857 P = 1 Q = 1
myrank = 184 P = 3 Q = 3
myrank = 624 P = 5 Q = 4
myrank = 853 P = 3 Q = 4
myrank = 111 P = 0 Q = 2
myrank = 148 P = 3 Q = 1
myrank = 940 P = 5 Q = 3
myrank = 852 P = 0 Q = 1
myrank = 915 P = 3 Q = 5
myrank = 99 P = 3 Q = 2
myrank = 727 P = 5 Q = 2
myrank = 943 P = 2 Q = 2
myrank = 174 P = 0 Q = 3
myrank = 913 P = 5 Q = 4
myrank = 140 P = 5 Q = 1
myrank = 145 P = 3 Q = 4
myrank = 53 P = 4 Q = 4
myrank = 52 P = 3 Q = 3
myrank = 752 P = 1 Q = 3
myrank = 95 P = 0 Q = 0
myrank = 848 P = 1 Q = 1
myrank = 125 P = 0 Q = 4
myrank = 93 P = 1 Q = 2
myrank = 4 P = 1 Q = 5
myrank = 228 P = 1 Q = 3
myrank = 898 P = 0 Q = 4
myrank = 70 P = 4 Q = 5
myrank = 859 P = 3 Q = 5
myrank = 824 P = 4 Q = 1
myrank = 927 P = 5 Q = 0
myrank = 746 P = 5 Q = 3
myrank = 804 P = 1 Q = 4
myrank = 126 P = 2 Q = 2
myrank = 92 P = 3 Q = 4
myrank = 150 P = 5 Q = 1
myrank = 989 P = 5 Q = 4
myrank = 209 P = 2 Q = 3
myrank = 587 P = 1 Q = 5
myrank = 948 P = 0 Q = 2
myrank = 38 P = 2 Q = 1
myrank = 790 P = 3 Q = 0
myrank = 124 P = 2 Q = 2
myrank = 127 P = 2 Q = 2
myrank = 747 P = 2 Q = 0
myrank = 806 P = 3 Q = 5
myrank = 858 P = 2 Q = 4
myrank = 208 P = 1 Q = 2
myrank = 498 P = 4 Q = 5
myrank = 159 P = 5 Q = 2
myrank = 925 P = 0 Q = 5
myrank = 17 P = 1 Q = 5
myrank = 627 P = 5 Q = 0
myrank = 460 P = 2 Q = 2
myrank = 537 P = 4 Q = 4
myrank = 103 P = 4 Q = 2
myrank = 826 P = 0 Q = 2
myrank = 182 P = 1 Q = 3
myrank = 991 P = 1 Q = 2
myrank = 738 P = 4 Q = 1
myrank = 942 P = 0 Q = 3
myrank = 185 P = 4 Q = 2
myrank = 586 P = 3 Q = 0
myrank = 264 P = 4 Q = 5
myrank = 754 P = 4 Q = 3
myrank = 157 P = 2 Q = 2
myrank = 741 P = 1 Q = 0
myrank = 101 P = 0 Q = 5
myrank = 868 P = 2 Q = 4
myrank = 146 P = 2 Q = 3
myrank = 480 P = 5 Q = 2
myrank = 39 P = 3 Q = 0
myrank = 946 P = 5 Q = 1
myrank = 850 P = 4 Q = 0
myrank = 202 P = 5 Q = 2
myrank = 694 P = 5 Q = 5
myrank = 884 P = 5 Q = 0
myrank = 635 P = 3 Q = 2
myrank = 1013 P = 5 Q = 4
myrank = 854 P = 1 Q = 5
myrank = 1012 P = 1 Q = 5
myrank = 55 P = 0 Q = 5
myrank = 366 P = 0 Q = 2
myrank = 888 P = 0 Q = 3
myrank = 288 P = 4 Q = 4
myrank = 290 P = 1 Q = 1
myrank = 675 P = 3 Q = 3
myrank = 990 P = 5 Q = 1
myrank = 131 P = 3 Q = 2
myrank = 637 P = 2 Q = 3
myrank = 3 P = 5 Q = 1
myrank = 211 P = 1 Q = 4
myrank = 36 P = 3 Q = 4
myrank = 755 P = 1 Q = 5
myrank = 805 P = 4 Q = 3
myrank = 851 P = 4 Q = 3
myrank = 107 P = 2 Q = 1
myrank = 5 P = 2 Q = 4
myrank = 163 P = 5 Q = 1
myrank = 85 P = 3 Q = 0
myrank = 988 P = 4 Q = 0
myrank = 102 P = 3 Q = 1
myrank = 458 P = 1 Q = 1
myrank = 457 P = 5 Q = 0
myrank = 941 P = 0 Q = 1
myrank = 1014 P = 1 Q = 2
myrank = 789 P = 5 Q = 4
myrank = 879 P = 3 Q = 3
myrank = 104 P = 5 Q = 5
myrank = 584 P = 4 Q = 3
myrank = 945 P = 0 Q = 0
myrank = 856 P = 3 Q = 0
myrank = 365 P = 3 Q = 3
myrank = 210 P = 2 Q = 0
myrank = 743 P = 2 Q = 4
myrank = 893 P = 2 Q = 1
myrank = 1015 P = 4 Q = 1
myrank = 886 P = 0 Q = 1
myrank = 807 P = 1 Q = 0
myrank = 160 P = 5 Q = 2
myrank = 524 P = 1 Q = 1
myrank = 456 P = 5 Q = 0
myrank = 187 P = 5 Q = 0
myrank = 778 P = 1 Q = 2
myrank = 347 P = 4 Q = 0
myrank = 673 P = 2 Q = 2
myrank = 742 P = 1 Q = 3
myrank = 162 P = 0 Q = 0
myrank = 465 P = 1 Q = 2
myrank = 462 P = 1 Q = 0
myrank = 278 P = 4 Q = 4
myrank = 186 P = 2 Q = 1
myrank = 43 P = 4 Q = 4
myrank = 84 P = 4 Q = 4
myrank = 873 P = 3 Q = 1
myrank = 874 P = 2 Q = 3
myrank = 951 P = 0 Q = 4
myrank = 891 P = 2 Q = 4
myrank = 431 P = 0 Q = 0
myrank = 91 P = 3 Q = 1
myrank = 485 P = 4 Q = 3
myrank = 745 P = 4 Q = 2
myrank = 483 P = 5 Q = 2
myrank = 890 P = 2 Q = 1
myrank = 894 P = 5 Q = 0
myrank = 37 P = 4 Q = 5
myrank = 964 P = 2 Q = 2
myrank = 311 P = 4 Q = 4
myrank = 788 P = 4 Q = 5
myrank = 949 P = 1 Q = 1
myrank = 936 P = 5 Q = 1
myrank = 364 P = 2 Q = 4
myrank = 736 P = 2 Q = 3
myrank = 108 P = 3 Q = 3
myrank = 110 P = 5 Q = 0
myrank = 920 P = 5 Q = 5
myrank = 923 P = 5 Q = 4
myrank = 496 P = 5 Q = 1
myrank = 86 P = 1 Q = 1
myrank = 87 P = 1 Q = 1
myrank = 821 P = 1 Q = 2
myrank = 779 P = 2 Q = 0
myrank = 113 P = 4 Q = 3
myrank = 499 P = 2 Q = 0
myrank = 526 P = 3 Q = 2
myrank = 497 P = 4 Q = 3
myrank = 90 P = 4 Q = 3
myrank = 136 P = 5 Q = 2
myrank = 811 P = 4 Q = 2
myrank = 295 P = 2 Q = 4
myrank = 487 P = 4 Q = 5
myrank = 944 P = 2 Q = 4
myrank = 176 P = 2 Q = 0
myrank = 883 P = 4 Q = 0
myrank = 922 P = 3 Q = 0
myrank = 815 P = 1 Q = 4
myrank = 492 P = 2 Q = 5
myrank = 836 P = 0 Q = 2
myrank = 344 P = 4 Q = 4
myrank = 950 P = 5 Q = 0
myrank = 819 P = 3 Q = 4
myrank = 822 P = 3 Q = 1
myrank = 98 P = 3 Q = 2
myrank = 461 P = 4 Q = 3
myrank = 889 P = 3 Q = 0
myrank = 175 P = 0 Q = 2
myrank = 115 P = 3 Q = 4
myrank = 869 P = 3 Q = 2
myrank = 621 P = 5 Q = 4
myrank = 809 P = 3 Q = 4
myrank = 877 P = 2 Q = 5
myrank = 740 P = 5 Q = 5
myrank = 482 P = 2 Q = 2
myrank = 109 P = 3 Q = 5
myrank = 542 P = 5 Q = 1
myrank = 872 P = 0 Q = 2
myrank = 626 P = 3 Q = 4
myrank = 40 P = 4 Q = 5
myrank = 878 P = 0 Q = 0
myrank = 353 P = 1 Q = 2
myrank = 607 P = 4 Q = 2
myrank = 880 P = 1 Q = 4
myrank = 493 P = 2 Q = 2
myrank = 882 P = 0 Q = 2
myrank = 45 P = 0 Q = 5
myrank = 698 P = 0 Q = 3
myrank = 42 P = 0 Q = 3
myrank = 289 P = 0 Q = 5
myrank = 875 P = 3 Q = 1
myrank = 939 P = 3 Q = 1
myrank = 638 P = 0 Q = 4
myrank = 777 P = 4 Q = 5
myrank = 463 P = 5 Q = 1
myrank = 570 P = 1 Q = 4
myrank = 393 P = 2 Q = 5
myrank = 840 P = 4 Q = 3
myrank = 172 P = 1 Q = 0
myrank = 812 P = 0 Q = 0
myrank = 921 P = 5 Q = 2
myrank = 810 P = 3 Q = 3
myrank = 595 P = 3 Q = 4
myrank = 467 P = 2 Q = 0
myrank = 494 P = 1 Q = 3
myrank = 634 P = 5 Q = 4
myrank = 276 P = 0 Q = 0
myrank = 158 P = 0 Q = 4
myrank = 47 P = 4 Q = 0
myrank = 543 P = 3 Q = 0
myrank = 394 P = 2 Q = 5
myrank = 106 P = 1 Q = 5
myrank = 620 P = 1 Q = 2
myrank = 540 P = 4 Q = 3
myrank = 818 P = 4 Q = 3
myrank = 606 P = 0 Q = 4
myrank = 575 P = 3 Q = 4
myrank = 633 P = 5 Q = 4
myrank = 885 P = 3 Q = 1
myrank = 105 P = 3 Q = 3
myrank = 41 P = 1 Q = 4
myrank = 541 P = 4 Q = 5
myrank = 838 P = 4 Q = 0
myrank = 604 P = 1 Q = 3
myrank = 876 P = 3 Q = 0
myrank = 530 P = 0 Q = 4
myrank = 112 P = 3 Q = 1
myrank = 820 P = 1 Q = 3
myrank = 808 P = 4 Q = 0
myrank = 938 P = 3 Q = 5
myrank = 881 P = 5 Q = 1
myrank = 362 P = 0 Q = 3
myrank = 484 P = 4 Q = 3
myrank = 935 P = 0 Q = 5
myrank = 89 P = 3 Q = 2
myrank = 464 P = 4 Q = 0
myrank = 486 P = 5 Q = 1
myrank = 934 P = 2 Q = 4
myrank = 571 P = 4 Q = 3
myrank = 527 P = 4 Q = 3
myrank = 625 P = 0 Q = 2
myrank = 139 P = 3 Q = 0
myrank = 611 P = 5 Q = 4
myrank = 525 P = 1 Q = 1
myrank = 568 P = 4 Q = 4
myrank = 430 P = 5 Q = 4
myrank = 46 P = 3 Q = 4
myrank = 632 P = 3 Q = 0
myrank = 639 P = 3 Q = 1
myrank = 170 P = 2 Q = 2
myrank = 495 P = 1 Q = 3
myrank = 44 P = 4 Q = 0
myrank = 342 P = 3 Q = 3
myrank = 591 P = 4 Q = 4
myrank = 168 P = 3 Q = 4
myrank = 88 P = 0 Q = 5
myrank = 280 P = 4 Q = 4
myrank = 271 P = 1 Q = 3
myrank = 308 P = 4 Q = 1
myrank = 129 P = 0 Q = 3
myrank = 8 P = 4 Q = 4
myrank = 62 P = 3 Q = 0
myrank = 277 P = 4 Q = 1
myrank = 870 P = 1 Q = 1
myrank = 689 P = 4 Q = 5
myrank = 636 P = 3 Q = 2
myrank = 608 P = 0 Q = 4
myrank = 610 P = 4 Q = 5
myrank = 343 P = 4 Q = 4
myrank = 161 P = 3 Q = 3
myrank = 349 P = 0 Q = 1
myrank = 616 P = 0 Q = 1
myrank = 293 P = 0 Q = 4
myrank = 962 P = 1 Q = 4
myrank = 346 P = 3 Q = 2
myrank = 169 P = 2 Q = 2
myrank = 471 P = 1 Q = 1
myrank = 351 P = 5 Q = 5
myrank = 528 P = 1 Q = 3
myrank = 531 P = 1 Q = 5
myrank = 688 P = 0 Q = 3
myrank = 282 P = 2 Q = 4
myrank = 392 P = 3 Q = 4
myrank = 352 P = 3 Q = 0
myrank = 776 P = 5 Q = 4
myrank = 137 P = 2 Q = 2
myrank = 932 P = 3 Q = 3
myrank = 270 P = 4 Q = 0
myrank = 128 P = 0 Q = 0
myrank = 963 P = 2 Q = 2
myrank = 576 P = 0 Q = 0
myrank = 691 P = 0 Q = 5
myrank = 232 P = 5 Q = 3
myrank = 643 P = 5 Q = 2
myrank = 294 P = 1 Q = 0
myrank = 690 P = 2 Q = 1
myrank = 114 P = 5 Q = 2
myrank = 354 P = 2 Q = 1
myrank = 341 P = 1 Q = 4
myrank = 961 P = 0 Q = 4
myrank = 813 P = 0 Q = 3
myrank = 817 P = 1 Q = 3
myrank = 138 P = 3 Q = 0
myrank = 967 P = 2 Q = 4
myrank = 9 P = 5 Q = 0
myrank = 847 P = 1 Q = 4
myrank = 839 P = 0 Q = 2
myrank = 304 P = 4 Q = 3
myrank = 305 P = 3 Q = 4
myrank = 309 P = 3 Q = 3
myrank = 960 P = 5 Q = 0
myrank = 469 P = 2 Q = 3
myrank = 642 P = 3 Q = 0
myrank = 360 P = 4 Q = 3
myrank = 697 P = 2 Q = 5
myrank = 965 P = 1 Q = 0
myrank = 937 P = 5 Q = 3
myrank = 696 P = 5 Q = 2
myrank = 623 P = 1 Q = 1
myrank = 306 P = 3 Q = 4
myrank = 361 P = 5 Q = 2
myrank = 474 P = 4 Q = 0
myrank = 509 P = 5 Q = 1
myrank = 171 P = 0 Q = 3
myrank = 411 P = 0 Q = 5
myrank = 321 P = 4 Q = 1
myrank = 287 P = 4 Q = 2
myrank = 507 P = 1 Q = 3
myrank = 975 P = 1 Q = 3
myrank = 403 P = 5 Q = 0
myrank = 363 P = 4 Q = 5
myrank = 268 P = 1 Q = 4
myrank = 269 P = 5 Q = 5
myrank = 409 P = 3 Q = 5
myrank = 816 P = 3 Q = 2
myrank = 928 P = 0 Q = 4
myrank = 60 P = 1 Q = 2
myrank = 285 P = 2 Q = 1
myrank = 592 P = 3 Q = 2
myrank = 588 P = 1 Q = 4
myrank = 286 P = 3 Q = 0
myrank = 345 P = 0 Q = 2
myrank = 400 P = 5 Q = 1
myrank = 578 P = 1 Q = 1
myrank = 583 P = 3 Q = 1
myrank = 386 P = 2 Q = 5
myrank = 933 P = 5 Q = 2
myrank = 529 P = 2 Q = 4
myrank = 292 P = 3 Q = 5
myrank = 367 P = 5 Q = 4
myrank = 323 P = 1 Q = 4
myrank = 429 P = 2 Q = 5
myrank = 410 P = 2 Q = 4
myrank = 490 P = 2 Q = 3
myrank = 579 P = 3 Q = 2
myrank = 823 P = 3 Q = 3
myrank = 641 P = 5 Q = 2
myrank = 954 P = 2 Q = 5
myrank = 704 P = 5 Q = 5
myrank = 281 P = 4 Q = 0
myrank = 574 P = 4 Q = 2
myrank = 466 P = 2 Q = 3
myrank = 61 P = 1 Q = 2
myrank = 377 P = 2 Q = 1
myrank = 57 P = 4 Q = 3
myrank = 470 P = 5 Q = 2
myrank = 63 P = 4 Q = 5
myrank = 968 P = 4 Q = 5
myrank = 428 P = 0 Q = 3
myrank = 355 P = 0 Q = 2
myrank = 646 P = 3 Q = 5
myrank = 837 P = 4 Q = 4
myrank = 590 P = 4 Q = 1
myrank = 468 P = 4 Q = 4
myrank = 521 P = 4 Q = 5
myrank = 651 P = 0 Q = 1
myrank = 844 P = 4 Q = 5
myrank = 664 P = 5 Q = 2
myrank = 357 P = 1 Q = 3
myrank = 283 P = 3 Q = 1
myrank = 358 P = 0 Q = 2
myrank = 350 P = 1 Q = 5
myrank = 455 P = 4 Q = 2
myrank = 348 P = 3 Q = 1
myrank = 472 P = 4 Q = 0
myrank = 814 P = 4 Q = 1
myrank = 488 P = 1 Q = 5
myrank = 385 P = 0 Q = 0
myrank = 846 P = 3 Q = 0
myrank = 340 P = 1 Q = 2
myrank = 401 P = 0 Q = 2
myrank = 384 P = 5 Q = 2
myrank = 514 P = 1 Q = 1
myrank = 705 P = 1 Q = 1
myrank = 369 P = 0 Q = 4
myrank = 58 P = 3 Q = 1
myrank = 952 P = 4 Q = 4
myrank = 594 P = 4 Q = 3
myrank = 279 P = 0 Q = 2
myrank = 379 P = 0 Q = 2
myrank = 533 P = 3 Q = 0
myrank = 640 P = 5 Q = 5
myrank = 845 P = 0 Q = 3
myrank = 681 P = 3 Q = 5
myrank = 612 P = 0 Q = 5
myrank = 508 P = 4 Q = 5
myrank = 707 P = 5 Q = 5
myrank = 515 P = 4 Q = 3
myrank = 376 P = 1 Q = 1
myrank = 249 P = 5 Q = 4
myrank = 119 P = 3 Q = 5
myrank = 378 P = 3 Q = 2
myrank = 56 P = 3 Q = 2
myrank = 320 P = 1 Q = 5
myrank = 619 P = 3 Q = 3
myrank = 618 P = 3 Q = 1
myrank = 59 P = 0 Q = 1
myrank = 402 P = 3 Q = 4
myrank = 478 P = 1 Q = 5
myrank = 395 P = 3 Q = 0
myrank = 371 P = 3 Q = 1
myrank = 310 P = 4 Q = 1
myrank = 491 P = 4 Q = 1
myrank = 666 P = 5 Q = 4
myrank = 647 P = 5 Q = 0
myrank = 511 P = 4 Q = 2
myrank = 116 P = 4 Q = 2
myrank = 699 P = 1 Q = 2
myrank = 10 P = 1 Q = 1
myrank = 307 P = 1 Q = 5
myrank = 644 P = 2 Q = 4
myrank = 408 P = 0 Q = 3
myrank = 475 P = 4 Q = 2
myrank = 966 P = 5 Q = 5
myrank = 130 P = 2 Q = 1
myrank = 204 P = 1 Q = 3
myrank = 556 P = 3 Q = 3
myrank = 284 P = 1 Q = 2
myrank = 680 P = 2 Q = 3
myrank = 559 P = 3 Q = 2
myrank = 649 P = 3 Q = 1
myrank = 513 P = 5 Q = 2
myrank = 512 P = 2 Q = 0
myrank = 955 P = 0 Q = 3
myrank = 520 P = 0 Q = 0
myrank = 614 P = 2 Q = 3
myrank = 331 P = 4 Q = 1
myrank = 973 P = 5 Q = 3
myrank = 489 P = 5 Q = 3
myrank = 613 P = 1 Q = 4
myrank = 245 P = 4 Q = 1
myrank = 479 P = 5 Q = 3
myrank = 572 P = 0 Q = 1
myrank = 318 P = 0 Q = 1
myrank = 535 P = 1 Q = 1
myrank = 370 P = 5 Q = 0
myrank = 368 P = 0 Q = 5
myrank = 931 P = 2 Q = 5
myrank = 506 P = 5 Q = 4
myrank = 523 P = 3 Q = 3
myrank = 706 P = 5 Q = 2
myrank = 615 P = 3 Q = 2
myrank = 11 P = 4 Q = 3
myrank = 247 P = 1 Q = 1
myrank = 328 P = 3 Q = 1
myrank = 929 P = 0 Q = 1
myrank = 396 P = 5 Q = 5
myrank = 164 P = 0 Q = 5
myrank = 547 P = 1 Q = 1
myrank = 255 P = 5 Q = 3
myrank = 969 P = 1 Q = 2
myrank = 667 P = 2 Q = 1
myrank = 319 P = 3 Q = 3
myrank = 322 P = 0 Q = 2
myrank = 330 P = 1 Q = 5
myrank = 972 P = 1 Q = 1
myrank = 580 P = 4 Q = 1
myrank = 555 P = 3 Q = 0
myrank = 317 P = 1 Q = 5
myrank = 476 P = 5 Q = 1
myrank = 300 P = 4 Q = 4
myrank = 551 P = 4 Q = 3
myrank = 971 P = 4 Q = 5
myrank = 251 P = 4 Q = 5
myrank = 316 P = 0 Q = 4
myrank = 504 P = 1 Q = 4
myrank = 356 P = 0 Q = 5
myrank = 167 P = 2 Q = 0
myrank = 930 P = 5 Q = 5
myrank = 250 P = 2 Q = 4
myrank = 510 P = 5 Q = 0
myrank = 302 P = 0 Q = 5
myrank = 165 P = 3 Q = 5
myrank = 650 P = 2 Q = 0
myrank = 359 P = 3 Q = 4
myrank = 246 P = 2 Q = 5
myrank = 552 P = 3 Q = 4
myrank = 567 P = 4 Q = 4
myrank = 329 P = 3 Q = 0
myrank = 387 P = 5 Q = 4
myrank = 390 P = 5 Q = 3
myrank = 118 P = 3 Q = 0
myrank = 622 P = 3 Q = 0
myrank = 544 P = 4 Q = 2
myrank = 477 P = 5 Q = 3
myrank = 372 P = 3 Q = 4
myrank = 117 P = 5 Q = 1
myrank = 333 P = 1 Q = 1
myrank = 391 P = 3 Q = 2
myrank = 532 P = 5 Q = 0
myrank = 389 P = 3 Q = 5
myrank = 166 P = 2 Q = 3
myrank = 235 P = 1 Q = 4
myrank = 683 P = 2 Q = 0
myrank = 958 P = 3 Q = 5
myrank = 970 P = 2 Q = 0
myrank = 648 P = 0 Q = 5
myrank = 546 P = 0 Q = 5
myrank = 665 P = 3 Q = 0
myrank = 216 P = 2 Q = 4
myrank = 548 P = 4 Q = 0
myrank = 473 P = 5 Q = 1
myrank = 335 P = 0 Q = 5
myrank = 522 P = 2 Q = 0
myrank = 534 P = 1 Q = 4
myrank = 553 P = 3 Q = 0
myrank = 301 P = 4 Q = 1
myrank = 959 P = 1 Q = 2
myrank = 260 P = 1 Q = 0
myrank = 332 P = 3 Q = 3
myrank = 565 P = 3 Q = 3
myrank = 261 P = 4 Q = 0
myrank = 957 P = 5 Q = 4
myrank = 263 P = 2 Q = 0
myrank = 248 P = 4 Q = 0
myrank = 244 P = 4 Q = 4
myrank = 399 P = 0 Q = 2
myrank = 566 P = 0 Q = 0
myrank = 631 P = 2 Q = 5
myrank = 956 P = 5 Q = 4
myrank = 550 P = 1 Q = 0
myrank = 262 P = 2 Q = 4
myrank = 554 P = 1 Q = 5
myrank = 710 P = 2 Q = 1
myrank = 974 P = 5 Q = 5
myrank = 558 P = 4 Q = 1
myrank = 217 P = 1 Q = 3
myrank = 324 P = 4 Q = 0
myrank = 373 P = 2 Q = 5
myrank = 375 P = 3 Q = 3
myrank = 205 P = 4 Q = 0
myrank = 219 P = 2 Q = 1
myrank = 218 P = 1 Q = 5
myrank = 206 P = 2 Q = 1
myrank = 442 P = 4 Q = 2
myrank = 549 P = 3 Q = 5
myrank = 708 P = 4 Q = 0
myrank = 711 P = 0 Q = 2
myrank = 381 P = 3 Q = 4
myrank = 505 P = 1 Q = 3
myrank = 398 P = 0 Q = 3
myrank = 327 P = 1 Q = 3
myrank = 397 P = 2 Q = 4
myrank = 452 P = 4 Q = 0
myrank = 275 P = 2 Q = 3
myrank = 454 P = 3 Q = 2
myrank = 415 P = 0 Q = 1
myrank = 374 P = 5 Q = 4
myrank = 388 P = 0 Q = 2
myrank = 238 P = 4 Q = 3
myrank = 299 P = 0 Q = 3
myrank = 334 P = 4 Q = 0
myrank = 453 P = 5 Q = 4
myrank = 259 P = 5 Q = 5
myrank = 296 P = 3 Q = 0
myrank = 413 P = 5 Q = 3
myrank = 440 P = 2 Q = 1
myrank = 207 P = 0 Q = 0
myrank = 441 P = 0 Q = 3
myrank = 414 P = 5 Q = 5
myrank = 35 P = 0 Q = 5
myrank = 297 P = 4 Q = 2
myrank = 709 P = 5 Q = 5
myrank = 258 P = 4 Q = 0
myrank = 303 P = 0 Q = 1
myrank = 273 P = 3 Q = 4
myrank = 272 P = 2 Q = 4
myrank = 225 P = 1 Q = 3
myrank = 227 P = 4 Q = 0
myrank = 236 P = 2 Q = 2
myrank = 563 P = 3 Q = 4
myrank = 253 P = 5 Q = 0
myrank = 326 P = 3 Q = 4
myrank = 274 P = 4 Q = 5
myrank = 33 P = 4 Q = 4
myrank = 254 P = 1 Q = 2
myrank = 628 P = 3 Q = 4
myrank = 224 P = 4 Q = 1
myrank = 32 P = 3 Q = 5
myrank = 382 P = 3 Q = 1
myrank = 338 P = 0 Q = 1
myrank = 239 P = 2 Q = 1
myrank = 653 P = 2 Q = 5
myrank = 564 P = 4 Q = 5
myrank = 252 P = 5 Q = 4
myrank = 652 P = 3 Q = 0
myrank = 561 P = 1 Q = 3
myrank = 325 P = 0 Q = 2
myrank = 257 P = 1 Q = 1
myrank = 298 P = 1 Q = 4
myrank = 380 P = 2 Q = 0
myrank = 226 P = 5 Q = 5
myrank = 237 P = 4 Q = 3
myrank = 423 P = 2 Q = 0
myrank = 34 P = 4 Q = 3
myrank = 655 P = 3 Q = 0
myrank = 256 P = 5 Q = 5
myrank = 412 P = 0 Q = 2
myrank = 443 P = 2 Q = 1
myrank = 448 P = 4 Q = 4
myrank = 234 P = 1 Q = 1
myrank = 562 P = 3 Q = 4
myrank = 630 P = 2 Q = 2
myrank = 560 P = 4 Q = 3
myrank = 339 P = 3 Q = 4
myrank = 336 P = 3 Q = 1
myrank = 700 P = 2 Q = 1
myrank = 383 P = 5 Q = 2
myrank = 337 P = 1 Q = 0
myrank = 426 P = 5 Q = 5
myrank = 701 P = 3 Q = 5
myrank = 427 P = 2 Q = 5
myrank = 702 P = 4 Q = 5
myrank = 654 P = 2 Q = 4
myrank = 629 P = 3 Q = 4
myrank = 676 P = 5 Q = 2
myrank = 424 P = 3 Q = 5
myrank = 450 P = 2 Q = 5
myrank = 425 P = 3 Q = 4
myrank = 420 P = 5 Q = 1
myrank = 703 P = 5 Q = 3
myrank = 678 P = 3 Q = 2
myrank = 451 P = 0 Q = 0
myrank = 658 P = 0 Q = 5
myrank = 449 P = 5 Q = 5
myrank = 419 P = 0 Q = 3
myrank = 445 P = 1 Q = 5
myrank = 677 P = 2 Q = 1
myrank = 659 P = 0 Q = 4
myrank = 679 P = 0 Q = 5
myrank = 656 P = 2 Q = 4
myrank = 422 P = 0 Q = 5
myrank = 418 P = 0 Q = 0
myrank = 421 P = 0 Q = 5
myrank = 444 P = 0 Q = 5
myrank = 657 P = 5 Q = 1
myrank = 416 P = 5 Q = 2
myrank = 446 P = 2 Q = 0
myrank = 417 P = 2 Q = 5
myrank = 447 P = 2 Q = 5
myrank = 573 P = 0 Q = 1
myrank = 589 P = 0 Q = 3
myrank = 953 P = 2 Q = 2
myrank = 682 P = 0 Q = 1
myrank = 645 P = 0 Q = 5
myrank = 233 P = 2 Q = 3
myrank = 582 P = 0 Q = 5
myrank = 674 P = 1 Q = 4
myrank = 545 P = 4 Q = 0
myrank = 585 P = 3 Q = 1
myrank = 569 P = 4 Q = 2
myrank = 605 P = 4 Q = 0
myrank = 577 P = 5 Q = 0
myrank = 609 P = 4 Q = 3
myrank = 581 P = 2 Q = 3
myrank = 557 P = 1 Q = 4
myrank = 593 P = 4 Q = 0
myrank = 617 P = 4 Q = 4
*******************************
dgemm_time	8.029747
conv_transfer_time	0.000000
conv_calculate_time	3708.768066
elastic_calculate_time	3708.816162
Allen_Cahn_nonlinear_time	3729.891602
Cahn_Hilliard_nonlinear_time	0.012000
trans_time	584.732849
trans_Memcpy_time	11.987020
trans_MPI_time	569.413025
trans_pack_time	0.309932
trans_enlarge_time	1.057480
trans_mu_time	0.395052
trans_unpack_time	1.060200
updateU_new_time	0.467378
runtime	4.324934
--------------------------------------------------!
***************dt=2.000000***************
***************flag=0***************
--------------------------------------------------!
time		0.000000
wall time	2.083775
*******************************
dgemm_time	6.871942
conv_transfer_time	0.000000
conv_calculate_time	627.173279
elastic_calculate_time	627.214355
Allen_Cahn_nonlinear_time	650.816956
Cahn_Hilliard_nonlinear_time	0.011840
trans_time	14.831459
trans_Memcpy_time	6.481206
trans_MPI_time	5.775580
trans_pack_time	0.256010
trans_enlarge_time	0.455854
trans_mu_time	0.387852
trans_unpack_time	1.031239
updateU_new_time	0.432176
runtime	0.675403
--------------------------------------------------!
***************dt=2.000000***************
***************flag=0***************
--------------------------------------------------!
time		0.000000
wall time	6.410037
*******************************
dgemm_time	6.851462
conv_transfer_time	0.000000
conv_calculate_time	627.959717
elastic_calculate_time	627.996765
Allen_Cahn_nonlinear_time	652.125854
Cahn_Hilliard_nonlinear_time	0.011840
trans_time	14.377712
trans_Memcpy_time	6.467127
trans_MPI_time	5.344044
trans_pack_time	0.252650
trans_enlarge_time	0.455053
trans_mu_time	0.389612
trans_unpack_time	1.028519
updateU_new_time	0.430896
runtime	0.674361
--------------------------------------------------!
***************dt=2.000000***************
***************flag=0***************
--------------------------------------------------!
time		0.000000
wall time	7.086729
*******************************
dgemm_time	6.870983
conv_transfer_time	0.000000
conv_calculate_time	627.359253
elastic_calculate_time	627.393982
Allen_Cahn_nonlinear_time	654.980530
Cahn_Hilliard_nonlinear_time	0.012000
trans_time	14.417702
trans_Memcpy_time	6.457365
trans_MPI_time	5.389645
trans_pack_time	0.254250
trans_enlarge_time	0.456974
trans_mu_time	0.386412
trans_unpack_time	1.031399
updateU_new_time	0.434736
runtime	0.678697
--------------------------------------------------!
***************dt=2.000000***************
***************flag=0***************
--------------------------------------------------!
time		0.000000
wall time	7.762395
*******************************
dgemm_time	6.895782
conv_transfer_time	0.000000
conv_calculate_time	628.381042
elastic_calculate_time	628.419189
Allen_Cahn_nonlinear_time	654.706299
Cahn_Hilliard_nonlinear_time	0.011680
trans_time	14.478825
trans_Memcpy_time	6.453846
trans_MPI_time	5.453968
trans_pack_time	0.254090
trans_enlarge_time	0.461134
trans_mu_time	0.387052
trans_unpack_time	1.021479
updateU_new_time	0.442257
runtime	0.682179
--------------------------------------------------!
***************dt=2.000000***************
***************flag=0***************
--------------------------------------------------!
time		0.000000
wall time	8.442534
*******************************
dgemm_time	6.881063
conv_transfer_time	0.000000
conv_calculate_time	627.404663
elastic_calculate_time	627.440369
Allen_Cahn_nonlinear_time	652.434875
Cahn_Hilliard_nonlinear_time	0.012000
trans_time	14.157212
trans_Memcpy_time	6.452245
trans_MPI_time	5.139396
trans_pack_time	0.258570
trans_enlarge_time	0.455213
trans_mu_time	0.386412
trans_unpack_time	1.022759
updateU_new_time	0.440497
runtime	0.675571
--------------------------------------------------!
***************dt=2.000000***************
***************flag=0***************
--------------------------------------------------!
time		0.000000
wall time	9.126009
*******************************
dgemm_time	6.886503
conv_transfer_time	0.000000
conv_calculate_time	627.457642
elastic_calculate_time	627.493835
Allen_Cahn_nonlinear_time	650.123108
Cahn_Hilliard_nonlinear_time	0.011680
trans_time	14.352251
trans_Memcpy_time	6.447125
trans_MPI_time	5.334283
trans_pack_time	0.254730
trans_enlarge_time	0.454253
trans_mu_time	0.386092
trans_unpack_time	1.033319
updateU_new_time	0.458097
runtime	0.672639
--------------------------------------------------!
***************dt=2.000000***************
***************flag=0***************
--------------------------------------------------!
time		0.000000
wall time	9.802881
*******************************
dgemm_time	6.873063
conv_transfer_time	0.000000
conv_calculate_time	626.297913
elastic_calculate_time	626.333923
Allen_Cahn_nonlinear_time	653.723572
Cahn_Hilliard_nonlinear_time	0.012000
trans_time	14.485966
trans_Memcpy_time	6.462806
trans_MPI_time	5.453166
trans_pack_time	0.256010
trans_enlarge_time	0.454094
trans_mu_time	0.388652
trans_unpack_time	1.027399
updateU_new_time	0.440657
runtime	0.677269
--------------------------------------------------!
***************dt=2.000000***************
***************flag=0***************
--------------------------------------------------!
time		0.000000
wall time	10.476834
*******************************
dgemm_time	6.890983
conv_transfer_time	0.000000
conv_calculate_time	626.743835
elastic_calculate_time	626.778748
Allen_Cahn_nonlinear_time	649.831543
Cahn_Hilliard_nonlinear_time	0.011680
trans_time	14.219005
trans_Memcpy_time	6.437366
trans_MPI_time	5.223399
trans_pack_time	0.253290
trans_enlarge_time	0.454573
trans_mu_time	0.386572
trans_unpack_time	1.018119
updateU_new_time	0.433456
runtime	0.673424
--------------------------------------------------!
***************dt=2.000000***************
***************flag=0***************
--------------------------------------------------!
time		0.000000
wall time	11.155388
*******************************
dgemm_time	6.879783
conv_transfer_time	0.000000
conv_calculate_time	627.127075
elastic_calculate_time	627.162720
Allen_Cahn_nonlinear_time	651.674377
Cahn_Hilliard_nonlinear_time	0.012160
trans_time	14.319249
trans_Memcpy_time	6.447126
trans_MPI_time	5.316203
trans_pack_time	0.254730
trans_enlarge_time	0.452973
trans_mu_time	0.388172
trans_unpack_time	1.016839
updateU_new_time	0.432176
runtime	0.677922
--------------------------------------------------!
***************dt=2.000000***************
***************flag=0***************
--------------------------------------------------!
time		0.000000
wall time	11.830109
*******************************
dgemm_time	6.882983
conv_transfer_time	0.000000
conv_calculate_time	626.833130
elastic_calculate_time	626.869507
Allen_Cahn_nonlinear_time	654.374207
Cahn_Hilliard_nonlinear_time	0.011680
trans_time	14.535437
trans_Memcpy_time	6.455926
trans_MPI_time	5.513169
trans_pack_time	0.255690
trans_enlarge_time	0.456974
trans_mu_time	0.387052
trans_unpack_time	1.024039
updateU_new_time	0.436176
runtime	0.677360
--------------------------------------------------!
***************dt=2.000000***************
***************flag=0***************
--------------------------------------------------!
time		0.000000
wall time	12.509320
*******************************
dgemm_time	6.893864
conv_transfer_time	0.000000
conv_calculate_time	626.766418
elastic_calculate_time	626.802734
Allen_Cahn_nonlinear_time	651.163635
Cahn_Hilliard_nonlinear_time	0.012000
trans_time	14.239106
trans_Memcpy_time	6.443926
trans_MPI_time	5.227559
trans_pack_time	0.253930
trans_enlarge_time	0.454894
trans_mu_time	0.393772
trans_unpack_time	1.022119
updateU_new_time	0.433296
runtime	0.677553
--------------------------------------------------!
***************dt=2.000000***************
***************flag=0***************
--------------------------------------------------!
time		0.000000
wall time	13.188006
*******************************
dgemm_time	6.860582
conv_transfer_time	0.000000
conv_calculate_time	626.999512
elastic_calculate_time	627.036682
Allen_Cahn_nonlinear_time	654.407349
Cahn_Hilliard_nonlinear_time	0.011840
trans_time	14.436884
trans_Memcpy_time	6.433044
trans_MPI_time	5.427727
trans_pack_time	0.254250
trans_enlarge_time	0.454893
trans_mu_time	0.388012
trans_unpack_time	1.032679
updateU_new_time	0.429776
runtime	0.676670
--------------------------------------------------!
***************dt=2.000000***************
***************flag=0***************
--------------------------------------------------!
time		0.000000
wall time	13.866839
*******************************
dgemm_time	6.890823
conv_transfer_time	0.000000
conv_calculate_time	627.414612
elastic_calculate_time	627.451172
Allen_Cahn_nonlinear_time	649.222107
Cahn_Hilliard_nonlinear_time	0.012480
trans_time	14.303258
trans_Memcpy_time	6.437205
trans_MPI_time	5.302282
trans_pack_time	0.251529
trans_enlarge_time	0.459213
trans_mu_time	0.384972
trans_unpack_time	1.024839
updateU_new_time	0.429136
runtime	0.676543
--------------------------------------------------!
***************dt=2.000000***************
***************flag=0***************
--------------------------------------------------!
time		0.000000
wall time	14.544810
*******************************
dgemm_time	6.877063
conv_transfer_time	0.000000
conv_calculate_time	627.420654
elastic_calculate_time	627.459045
Allen_Cahn_nonlinear_time	651.204224
Cahn_Hilliard_nonlinear_time	0.011680
trans_time	14.190983
trans_Memcpy_time	6.426803
trans_MPI_time	5.201638
trans_pack_time	0.253930
trans_enlarge_time	0.453933
trans_mu_time	0.385612
trans_unpack_time	1.028999
updateU_new_time	0.433296
runtime	0.673347
--------------------------------------------------!
***************dt=2.000000***************
***************flag=0***************
--------------------------------------------------!
time		0.000000
wall time	15.222686
*******************************
dgemm_time	6.913224
conv_transfer_time	0.000000
conv_calculate_time	627.875793
elastic_calculate_time	627.920044
Allen_Cahn_nonlinear_time	651.237854
Cahn_Hilliard_nonlinear_time	0.012000
trans_time	14.384692
trans_Memcpy_time	6.440086
trans_MPI_time	5.378285
trans_pack_time	0.259210
trans_enlarge_time	0.455053
trans_mu_time	0.387372
trans_unpack_time	1.023239
updateU_new_time	0.433616
runtime	0.678570
--------------------------------------------------!
***************dt=2.000000***************
***************flag=0***************
--------------------------------------------------!
time		0.000000
wall time	15.897346
*******************************
dgemm_time	6.881768
conv_transfer_time	0.000000
conv_calculate_time	627.205566
elastic_calculate_time	627.241455
Allen_Cahn_nonlinear_time	650.108704
Cahn_Hilliard_nonlinear_time	0.012000
trans_time	14.502695
trans_Memcpy_time	6.499607
trans_MPI_time	5.362764
trans_pack_time	0.254730
trans_enlarge_time	0.459856
trans_mu_time	0.392492
trans_unpack_time	1.031559
updateU_new_time	0.430250
runtime	0.674423
--------------------------------------------------!
***************dt=2.000000***************
***************flag=0***************
--------------------------------------------------!
time		0.000000
wall time	16.577220
*******************************
dgemm_time	6.890465
conv_transfer_time	0.000000
conv_calculate_time	627.436157
elastic_calculate_time	627.479187
Allen_Cahn_nonlinear_time	649.465210
Cahn_Hilliard_nonlinear_time	0.012160
trans_time	14.767238
trans_Memcpy_time	6.502876
trans_MPI_time	5.634535
trans_pack_time	0.253126
trans_enlarge_time	0.452967
trans_mu_time	0.387526
trans_unpack_time	1.025944
updateU_new_time	0.430404
runtime	0.672735
--------------------------------------------------!
***************dt=2.000000***************
***************flag=0***************
--------------------------------------------------!
time		0.000000
wall time	17.252956
*******************************
dgemm_time	6.874690
conv_transfer_time	0.000000
conv_calculate_time	627.639160
elastic_calculate_time	627.678345
Allen_Cahn_nonlinear_time	649.955322
Cahn_Hilliard_nonlinear_time	0.012000
trans_time	14.287852
trans_Memcpy_time	6.440698
trans_MPI_time	5.220687
trans_pack_time	0.254882
trans_enlarge_time	0.452000
trans_mu_time	0.395200
trans_unpack_time	1.019529
updateU_new_time	0.431199
runtime	0.676839
--------------------------------------------------!
***************dt=2.000000***************
***************flag=0***************
--------------------------------------------------!
time		0.000000
wall time	17.926974
*******************************
dgemm_time	6.889799
conv_transfer_time	0.000000
conv_calculate_time	626.920654
elastic_calculate_time	626.959229
Allen_Cahn_nonlinear_time	648.611389
Cahn_Hilliard_nonlinear_time	0.012320
trans_time	14.480431
trans_Memcpy_time	6.439172
trans_MPI_time	5.412616
trans_pack_time	0.256320
trans_enlarge_time	0.455200
trans_mu_time	0.390080
trans_unpack_time	1.027355
updateU_new_time	0.433273
runtime	0.676759
--------------------------------------------------!
***************dt=2.000000***************
***************flag=0***************
--------------------------------------------------!
time		0.000000
wall time	18.605133
*******************************
dgemm_time	6.874831
conv_transfer_time	0.000000
conv_calculate_time	627.211670
elastic_calculate_time	627.250366
Allen_Cahn_nonlinear_time	649.676758
Cahn_Hilliard_nonlinear_time	0.011840
trans_time	14.359852
trans_Memcpy_time	6.441165
trans_MPI_time	5.283105
trans_pack_time	0.254236
trans_enlarge_time	0.454874
trans_mu_time	0.387994
trans_unpack_time	1.022862
updateU_new_time	0.435027
runtime	0.671701
--------------------------------------------------!
***************dt=2.000000***************
***************flag=0***************
--------------------------------------------------!
time		0.000000
wall time	19.283185
*******************************
dgemm_time	6.871070
conv_transfer_time	0.000000
conv_calculate_time	626.467468
elastic_calculate_time	626.505615
Allen_Cahn_nonlinear_time	656.816345
Cahn_Hilliard_nonlinear_time	0.012000
trans_time	14.674472
trans_Memcpy_time	6.423005
trans_MPI_time	5.610869
trans_pack_time	0.260632
trans_enlarge_time	0.452628
trans_mu_time	0.388308
trans_unpack_time	1.031329
updateU_new_time	0.430702
runtime	0.679053
--------------------------------------------------!
***************dt=2.000000***************
***************flag=0***************
--------------------------------------------------!
time		0.000000
wall time	19.956221
*******************************
dgemm_time	6.901231
conv_transfer_time	0.000000
conv_calculate_time	626.750000
elastic_calculate_time	626.789734
Allen_Cahn_nonlinear_time	651.698242
Cahn_Hilliard_nonlinear_time	0.012000
trans_time	14.420608
trans_Memcpy_time	6.428369
trans_MPI_time	5.363133
trans_pack_time	0.255510
trans_enlarge_time	0.458542
trans_mu_time	0.387028
trans_unpack_time	1.031956
updateU_new_time	0.432297
runtime	0.678003
--------------------------------------------------!
***************dt=2.000000***************
***************flag=0***************
--------------------------------------------------!
time		0.000000
wall time	20.636559
*******************************
dgemm_time	6.877958
conv_transfer_time	0.000000
conv_calculate_time	627.320312
elastic_calculate_time	627.356934
Allen_Cahn_nonlinear_time	652.724609
Cahn_Hilliard_nonlinear_time	0.011839
trans_time	14.353120
trans_Memcpy_time	6.450694
trans_MPI_time	5.287397
trans_pack_time	0.254546
trans_enlarge_time	0.457416
trans_mu_time	0.387022
trans_unpack_time	1.027465
updateU_new_time	0.432132
runtime	0.677948
--------------------------------------------------!
***************dt=2.000000***************
***************flag=0***************
--------------------------------------------------!
time		0.000000
wall time	21.315859
*******************************
dgemm_time	6.876929
conv_transfer_time	0.000000
conv_calculate_time	626.635437
elastic_calculate_time	626.669312
Allen_Cahn_nonlinear_time	648.888184
Cahn_Hilliard_nonlinear_time	0.011999
trans_time	14.278202
trans_Memcpy_time	6.424867
trans_MPI_time	5.281100
trans_pack_time	0.253424
trans_enlarge_time	0.458531
trans_mu_time	0.387655
trans_unpack_time	1.028414
updateU_new_time	0.432768
runtime	0.676120
--------------------------------------------------!
***************dt=2.000000***************
***************flag=0***************
--------------------------------------------------!
time		0.000000
wall time	21.995090
*******************************
dgemm_time	6.880063
conv_transfer_time	0.000000
conv_calculate_time	627.362488
elastic_calculate_time	627.397583
Allen_Cahn_nonlinear_time	649.113159
Cahn_Hilliard_nonlinear_time	0.011839
trans_time	14.323085
trans_Memcpy_time	6.425282
trans_MPI_time	5.335602
trans_pack_time	0.255342
trans_enlarge_time	0.455808
trans_mu_time	0.386212
trans_unpack_time	1.022484
updateU_new_time	0.431164
runtime	0.673125
--------------------------------------------------!
***************dt=2.000000***************
***************flag=0***************
--------------------------------------------------!
time		0.000000
wall time	22.672500
*******************************
dgemm_time	6.895839
conv_transfer_time	0.000000
conv_calculate_time	627.715759
elastic_calculate_time	627.753845
Allen_Cahn_nonlinear_time	649.744385
Cahn_Hilliard_nonlinear_time	0.011839
trans_time	14.230997
trans_Memcpy_time	6.433380
trans_MPI_time	5.235080
trans_pack_time	0.256458
trans_enlarge_time	0.455162
trans_mu_time	0.386369
trans_unpack_time	1.022314
updateU_new_time	0.443639
runtime	0.679283
--------------------------------------------------!
***************dt=2.000000***************
***************flag=0***************
--------------------------------------------------!
time		0.000000
wall time	23.346909
*******************************
dgemm_time	6.877539
conv_transfer_time	0.000000
conv_calculate_time	635.096008
elastic_calculate_time	635.132996
Allen_Cahn_nonlinear_time	659.545593
Cahn_Hilliard_nonlinear_time	0.011839
trans_time	14.473113
trans_Memcpy_time	6.433319
trans_MPI_time	5.463971
trans_pack_time	0.252296
trans_enlarge_time	0.457876
trans_mu_time	0.387962
trans_unpack_time	1.028704
updateU_new_time	0.448114
runtime	0.681821
--------------------------------------------------!
***************dt=2.000000***************
***************flag=0***************
--------------------------------------------------!
time		0.000000
wall time	24.027496
*******************************
dgemm_time	6.862443
conv_transfer_time	0.000000
conv_calculate_time	626.947632
elastic_calculate_time	626.982727
Allen_Cahn_nonlinear_time	655.532837
Cahn_Hilliard_nonlinear_time	0.011839
trans_time	14.408563
trans_Memcpy_time	6.424944
trans_MPI_time	5.412408
trans_pack_time	0.253414
trans_enlarge_time	0.461074
trans_mu_time	0.385722
trans_unpack_time	1.027095
updateU_new_time	0.451790
runtime	0.677722
--------------------------------------------------!
***************dt=2.000000***************
***************flag=0***************
--------------------------------------------------!
time		0.000000
wall time	24.710603
*******************************
dgemm_time	6.883667
conv_transfer_time	0.000000
conv_calculate_time	626.829529
elastic_calculate_time	626.866089
Allen_Cahn_nonlinear_time	649.096924
Cahn_Hilliard_nonlinear_time	0.011679
trans_time	14.424993
trans_Memcpy_time	6.444887
trans_MPI_time	5.414922
trans_pack_time	0.253412
trans_enlarge_time	0.455950
trans_mu_time	0.386357
trans_unpack_time	1.024687
updateU_new_time	0.432269
runtime	0.678089
--------------------------------------------------!
***************dt=2.000000***************
***************flag=0***************
--------------------------------------------------!
time		0.000000
wall time	25.389623
*******************************
dgemm_time	6.888893
conv_transfer_time	0.000000
conv_calculate_time	627.293030
elastic_calculate_time	627.329285
Allen_Cahn_nonlinear_time	654.474854
Cahn_Hilliard_nonlinear_time	0.011838
trans_time	14.357786
trans_Memcpy_time	6.452196
trans_MPI_time	5.334408
trans_pack_time	0.254530
trans_enlarge_time	0.458824
trans_mu_time	0.387796
trans_unpack_time	1.024359
updateU_new_time	0.433545
runtime	0.678545
--------------------------------------------------!
***************dt=2.000000***************
***************flag=0***************
--------------------------------------------------!
time		0.000000
wall time	26.069003
*******************************
dgemm_time	6.903561
conv_transfer_time	0.000000
conv_calculate_time	627.081299
elastic_calculate_time	627.117371
Allen_Cahn_nonlinear_time	649.076599
Cahn_Hilliard_nonlinear_time	0.011998
trans_time	14.502539
trans_Memcpy_time	6.451348
trans_MPI_time	5.481550
trans_pack_time	0.255008
trans_enlarge_time	0.455943
trans_mu_time	0.386510
trans_unpack_time	1.028990
updateU_new_time	0.432582
runtime	0.672134
--------------------------------------------------!
***************dt=2.000000***************
***************flag=0***************
--------------------------------------------------!
time		0.000000
wall time	26.748826
*******************************
dgemm_time	6.876478
conv_transfer_time	0.000000
conv_calculate_time	626.798889
elastic_calculate_time	626.837646
Allen_Cahn_nonlinear_time	651.339783
Cahn_Hilliard_nonlinear_time	0.011998
trans_time	14.400878
trans_Memcpy_time	6.438984
trans_MPI_time	5.401521
trans_pack_time	0.253406
trans_enlarge_time	0.451617
trans_mu_time	0.389388
trans_unpack_time	1.019544
updateU_new_time	0.433219
runtime	0.673387
--------------------------------------------------!
***************dt=2.000000***************
***************flag=0***************
--------------------------------------------------!
time		0.000000
wall time	27.422235
*******************************
dgemm_time	6.887630
conv_transfer_time	0.000000
conv_calculate_time	625.927673
elastic_calculate_time	625.963806
Allen_Cahn_nonlinear_time	649.434326
Cahn_Hilliard_nonlinear_time	0.012158
trans_time	14.534309
trans_Memcpy_time	6.440697
trans_MPI_time	5.525625
trans_pack_time	0.256444
trans_enlarge_time	0.454177
trans_mu_time	0.390344
trans_unpack_time	1.026416
updateU_new_time	0.433376
runtime	0.682494
--------------------------------------------------!
***************dt=2.000000***************
***************flag=0***************
--------------------------------------------------!
time		0.000000
wall time	28.096907
*******************************
dgemm_time	6.889986
conv_transfer_time	0.000000
conv_calculate_time	627.057068
elastic_calculate_time	627.092102
Allen_Cahn_nonlinear_time	650.411255
Cahn_Hilliard_nonlinear_time	0.011838
trans_time	15.076453
trans_Memcpy_time	6.438894
trans_MPI_time	6.069989
trans_pack_time	0.252762
trans_enlarge_time	0.452731
trans_mu_time	0.388423
trans_unpack_time	1.026569
updateU_new_time	0.432094
runtime	0.674994
--------------------------------------------------!
***************dt=2.000000***************
***************flag=0***************
--------------------------------------------------!
time		0.000000
wall time	28.780704
*******************************
dgemm_time	6.850910
conv_transfer_time	0.000000
conv_calculate_time	625.656128
elastic_calculate_time	625.692383
Allen_Cahn_nonlinear_time	650.159424
Cahn_Hilliard_nonlinear_time	0.011838
trans_time	14.366215
trans_Memcpy_time	6.450850
trans_MPI_time	5.347980
trans_pack_time	0.254200
trans_enlarge_time	0.459447
trans_mu_time	0.383938
trans_unpack_time	1.021603
updateU_new_time	0.433371
runtime	0.675922
--------------------------------------------------!
***************dt=2.000000***************
***************flag=0***************
--------------------------------------------------!
time		0.000000
wall time	29.456988
*******************************
dgemm_time	6.890542
conv_transfer_time	0.000000
conv_calculate_time	626.273926
elastic_calculate_time	626.310547
Allen_Cahn_nonlinear_time	653.022583
Cahn_Hilliard_nonlinear_time	0.012318
trans_time	14.674548
trans_Memcpy_time	6.447613
trans_MPI_time	5.659098
trans_pack_time	0.254038
trans_enlarge_time	0.456725
trans_mu_time	0.388738
trans_unpack_time	1.023997
updateU_new_time	0.432888
runtime	0.676412
--------------------------------------------------!
***************dt=2.000000***************
***************flag=0***************
--------------------------------------------------!
time		0.000000
wall time	30.134184
*******************************
dgemm_time	6.880585
conv_transfer_time	0.000000
conv_calculate_time	626.225281
elastic_calculate_time	626.261414
Allen_Cahn_nonlinear_time	652.296753
Cahn_Hilliard_nonlinear_time	0.012158
trans_time	14.348766
trans_Memcpy_time	6.449172
trans_MPI_time	5.324879
trans_pack_time	0.253238
trans_enlarge_time	0.455925
trans_mu_time	0.396253
trans_unpack_time	1.026230
updateU_new_time	0.432406
runtime	0.676051
--------------------------------------------------!
***************dt=2.000000***************
***************flag=0***************
--------------------------------------------------!
time		0.000000
wall time	30.811903
*******************************
dgemm_time	6.884387
conv_transfer_time	0.000000
conv_calculate_time	626.460999
elastic_calculate_time	626.495483
Allen_Cahn_nonlinear_time	647.064148
Cahn_Hilliard_nonlinear_time	0.011678
trans_time	14.882944
trans_Memcpy_time	6.402264
trans_MPI_time	5.911310
trans_pack_time	0.258035
trans_enlarge_time	0.457039
trans_mu_time	0.386972
trans_unpack_time	1.020145
updateU_new_time	0.431604
runtime	0.674822
--------------------------------------------------!
***************dt=2.000000***************
***************flag=0***************
--------------------------------------------------!
time		0.000000
wall time	31.489248
*******************************
dgemm_time	6.890113
conv_transfer_time	0.000000
conv_calculate_time	626.653625
elastic_calculate_time	626.690674
Allen_Cahn_nonlinear_time	648.800415
Cahn_Hilliard_nonlinear_time	0.011997
trans_time	14.365123
trans_Memcpy_time	6.424146
trans_MPI_time	5.382092
trans_pack_time	0.259153
trans_enlarge_time	0.453679
trans_mu_time	0.386811
trans_unpack_time	1.016940
updateU_new_time	0.429842
runtime	0.676486
--------------------------------------------------!
***************dt=2.000000***************
***************flag=0***************
--------------------------------------------------!
time		0.000000
wall time	32.165356
*******************************
dgemm_time	6.892492
conv_transfer_time	0.000000
conv_calculate_time	627.194397
elastic_calculate_time	627.229736
Allen_Cahn_nonlinear_time	651.570679
Cahn_Hilliard_nonlinear_time	0.011838
trans_time	14.449093
trans_Memcpy_time	6.428754
trans_MPI_time	5.458533
trans_pack_time	0.254833
trans_enlarge_time	0.454795
trans_mu_time	0.385207
trans_unpack_time	1.018375
updateU_new_time	0.431280
runtime	0.676036
--------------------------------------------------!
***************dt=2.000000***************
***************flag=0***************
--------------------------------------------------!
time		0.000000
wall time	32.843138
*******************************
dgemm_time	6.863554
conv_transfer_time	0.000000
conv_calculate_time	623.084167
elastic_calculate_time	623.121704
Allen_Cahn_nonlinear_time	648.016113
Cahn_Hilliard_nonlinear_time	0.011838
trans_time	18.050608
trans_Memcpy_time	6.433376
trans_MPI_time	9.046816
trans_pack_time	0.255472
trans_enlarge_time	0.457512
trans_mu_time	0.389205
trans_unpack_time	1.021252
updateU_new_time	0.429202
runtime	0.674458
--------------------------------------------------!
***************dt=2.000000***************
***************flag=0***************
--------------------------------------------------!
time		0.000000
wall time	33.520467
*******************************
dgemm_time	6.880378
conv_transfer_time	0.000000
conv_calculate_time	629.861816
elastic_calculate_time	629.899292
Allen_Cahn_nonlinear_time	652.915283
Cahn_Hilliard_nonlinear_time	0.011998
trans_time	17.406910
trans_Memcpy_time	6.427475
trans_MPI_time	8.403275
trans_pack_time	0.256272
trans_enlarge_time	0.461672
trans_mu_time	0.385846
trans_unpack_time	1.029253
updateU_new_time	0.430483
runtime	0.683932
--------------------------------------------------!
***************dt=2.000000***************
***************flag=0***************
--------------------------------------------------!
time		0.000000
wall time	34.196282
*******************************
dgemm_time	6.869525
conv_transfer_time	0.000000
conv_calculate_time	626.699768
elastic_calculate_time	626.736145
Allen_Cahn_nonlinear_time	654.033325
Cahn_Hilliard_nonlinear_time	0.011838
trans_time	14.383393
trans_Memcpy_time	6.422539
trans_MPI_time	5.394082
trans_pack_time	0.252914
trans_enlarge_time	0.455597
trans_mu_time	0.388091
trans_unpack_time	1.027497
updateU_new_time	0.432724
runtime	0.676958
--------------------------------------------------!
***************dt=2.000000***************
***************flag=0***************
--------------------------------------------------!
time		0.000000
wall time	34.881506
*******************************
dgemm_time	6.884748
conv_transfer_time	0.000000
conv_calculate_time	627.171509
elastic_calculate_time	627.207214
Allen_Cahn_nonlinear_time	654.239258
Cahn_Hilliard_nonlinear_time	0.011838
trans_time	14.312097
trans_Memcpy_time	6.444799
trans_MPI_time	5.302918
trans_pack_time	0.254835
trans_enlarge_time	0.456719
trans_mu_time	0.387611
trans_unpack_time	1.020462
updateU_new_time	0.433686
runtime	0.676872
--------------------------------------------------!
***************dt=2.000000***************
***************flag=0***************
--------------------------------------------------!
time		0.000000
wall time	35.559811
*******************************
dgemm_time	6.883811
conv_transfer_time	0.000000
conv_calculate_time	625.705261
elastic_calculate_time	625.744080
Allen_Cahn_nonlinear_time	650.453735
Cahn_Hilliard_nonlinear_time	0.012158
trans_time	14.621706
trans_Memcpy_time	6.432344
trans_MPI_time	5.623842
trans_pack_time	0.253716
trans_enlarge_time	0.454320
trans_mu_time	0.387452
trans_unpack_time	1.023026
updateU_new_time	0.431128
runtime	0.677766
--------------------------------------------------!
***************dt=2.000000***************
***************flag=0***************
--------------------------------------------------!
time		0.000000
wall time	36.237973
*******************************
dgemm_time	6.882394
conv_transfer_time	0.000000
conv_calculate_time	627.249390
elastic_calculate_time	627.285034
Allen_Cahn_nonlinear_time	650.000183
Cahn_Hilliard_nonlinear_time	0.011838
trans_time	14.212094
trans_Memcpy_time	6.415410
trans_MPI_time	5.234646
trans_pack_time	0.255636
trans_enlarge_time	0.454324
trans_mu_time	0.387612
trans_unpack_time	1.021269
updateU_new_time	0.435449
runtime	0.672377
--------------------------------------------------!
***************dt=2.000000***************
***************flag=0***************
--------------------------------------------------!
time		0.000000
wall time	36.917108
*******************************
dgemm_time	6.870738
conv_transfer_time	0.000000
conv_calculate_time	626.100037
elastic_calculate_time	626.135925
Allen_Cahn_nonlinear_time	648.641174
Cahn_Hilliard_nonlinear_time	0.011998
trans_time	14.471089
trans_Memcpy_time	6.410152
trans_MPI_time	5.506619
trans_pack_time	0.254198
trans_enlarge_time	0.453685
trans_mu_time	0.386977
trans_unpack_time	1.016793
updateU_new_time	0.443289
runtime	0.675070
--------------------------------------------------!
***************dt=2.000000***************
***************flag=0***************
--------------------------------------------------!
time		0.000000
wall time	37.590797
*******************************
dgemm_time	6.893796
conv_transfer_time	0.000000
conv_calculate_time	627.611694
elastic_calculate_time	627.649658
Allen_Cahn_nonlinear_time	652.883911
Cahn_Hilliard_nonlinear_time	0.011998
trans_time	14.469396
trans_Memcpy_time	6.419770
trans_MPI_time	5.486640
trans_pack_time	0.252599
trans_enlarge_time	0.453525
trans_mu_time	0.387937
trans_unpack_time	1.027995
updateU_new_time	0.441210
runtime	0.676396
--------------------------------------------------!
***************dt=2.000000***************
***************flag=0***************
--------------------------------------------------!
time		0.000000
wall time	38.267144
*******************************
dgemm_time	6.900696
conv_transfer_time	0.000000
conv_calculate_time	627.373962
elastic_calculate_time	627.409729
Allen_Cahn_nonlinear_time	649.460266
Cahn_Hilliard_nonlinear_time	0.011998
trans_time	14.099900
trans_Memcpy_time	6.431468
trans_MPI_time	5.111036
trans_pack_time	0.253720
trans_enlarge_time	0.453686
trans_mu_time	0.387297
trans_unpack_time	1.021919
updateU_new_time	0.458649
runtime	0.672010
--------------------------------------------------!
***************dt=2.000000***************
***************flag=0***************
--------------------------------------------------!
time		0.000000
wall time	38.944841
*******************************
dgemm_time	6.889358
conv_transfer_time	0.000000
conv_calculate_time	627.009460
elastic_calculate_time	627.046692
Allen_Cahn_nonlinear_time	654.010193
Cahn_Hilliard_nonlinear_time	0.011838
trans_time	14.396907
trans_Memcpy_time	6.435327
trans_MPI_time	5.396608
trans_pack_time	0.256600
trans_enlarge_time	0.454329
trans_mu_time	0.388258
trans_unpack_time	1.022882
updateU_new_time	0.433854
runtime	0.676396
--------------------------------------------------!
***************dt=2.000000***************
***************flag=0***************
--------------------------------------------------!
time		0.000000
wall time	39.618143
*******************************
dgemm_time	6.888098
conv_transfer_time	0.000000
conv_calculate_time	629.310608
elastic_calculate_time	629.345154
Allen_Cahn_nonlinear_time	651.883789
Cahn_Hilliard_nonlinear_time	0.011838
trans_time	13.294276
trans_Memcpy_time	6.491977
trans_MPI_time	4.229600
trans_pack_time	0.253402
trans_enlarge_time	0.454331
trans_mu_time	0.393697
trans_unpack_time	1.028004
updateU_new_time	0.435135
runtime	0.678098
--------------------------------------------------!
***************dt=2.000000***************
***************flag=0***************
--------------------------------------------------!
time		0.000000
wall time	40.294621
*******************************
dgemm_time	6.871319
conv_transfer_time	0.000000
conv_calculate_time	627.656738
elastic_calculate_time	627.692566
Allen_Cahn_nonlinear_time	649.622437
Cahn_Hilliard_nonlinear_time	0.011678
trans_time	13.284465
trans_Memcpy_time	6.494875
trans_MPI_time	4.227372
trans_pack_time	0.252602
trans_enlarge_time	0.454171
trans_mu_time	0.388903
trans_unpack_time	1.024488
updateU_new_time	0.433057
runtime	0.671749
--------------------------------------------------!
***************dt=2.000000***************
***************flag=0***************
--------------------------------------------------!
time		0.000000
wall time	40.972795
*******************************
dgemm_time	6.893414
conv_transfer_time	0.000000
conv_calculate_time	626.392334
elastic_calculate_time	626.429077
Allen_Cahn_nonlinear_time	652.123596
Cahn_Hilliard_nonlinear_time	0.011678
trans_time	13.463885
trans_Memcpy_time	6.508012
trans_MPI_time	4.391041
trans_pack_time	0.254042
trans_enlarge_time	0.457051
trans_mu_time	0.387783
trans_unpack_time	1.024491
updateU_new_time	0.432418
runtime	0.673570
--------------------------------------------------!
***************dt=2.000000***************
***************flag=0***************
--------------------------------------------------!
time		0.000000
wall time	41.644619
*******************************
dgemm_time	6.873915
conv_transfer_time	0.000000
conv_calculate_time	627.240417
elastic_calculate_time	627.278137
Allen_Cahn_nonlinear_time	649.916077
Cahn_Hilliard_nonlinear_time	0.011678
trans_time	13.281347
trans_Memcpy_time	6.555383
trans_MPI_time	4.160045
trans_pack_time	0.253244
trans_enlarge_time	0.455772
trans_mu_time	0.386664
trans_unpack_time	1.028493
updateU_new_time	0.433059
runtime	0.673821
--------------------------------------------------!
***************dt=2.000000***************
***************flag=0***************
--------------------------------------------------!
time		0.000000
wall time	42.318270
*******************************
dgemm_time	6.902729
conv_transfer_time	0.000000
conv_calculate_time	630.153748
elastic_calculate_time	630.192810
Allen_Cahn_nonlinear_time	651.200500
Cahn_Hilliard_nonlinear_time	0.011998
trans_time	13.441518
trans_Memcpy_time	6.544361
trans_MPI_time	4.328992
trans_pack_time	0.254684
trans_enlarge_time	0.454816
trans_mu_time	0.387944
trans_unpack_time	1.028496
updateU_new_time	0.433220
runtime	0.675846
--------------------------------------------------!
***************dt=2.000000***************
***************flag=0***************
--------------------------------------------------!
time		0.000000
wall time	42.992163
*******************************
dgemm_time	6.871070
conv_transfer_time	0.000000
conv_calculate_time	626.314392
elastic_calculate_time	626.359985
Allen_Cahn_nonlinear_time	648.400269
Cahn_Hilliard_nonlinear_time	0.012318
trans_time	13.359375
trans_Memcpy_time	6.562777
trans_MPI_time	4.228218
trans_pack_time	0.253564
trans_enlarge_time	0.457057
trans_mu_time	0.385544
trans_unpack_time	1.029298
updateU_new_time	0.432101
runtime	0.673808
--------------------------------------------------!
***************dt=2.000000***************
***************flag=0***************
--------------------------------------------------!
time		0.000000
wall time	43.668122
*******************************
dgemm_time	6.871566
conv_transfer_time	0.000000
conv_calculate_time	627.383728
elastic_calculate_time	627.426392
Allen_Cahn_nonlinear_time	651.757874
Cahn_Hilliard_nonlinear_time	0.011678
trans_time	13.296275
trans_Memcpy_time	6.524558
trans_MPI_time	4.203750
trans_pack_time	0.252926
trans_enlarge_time	0.457377
trans_mu_time	0.388104
trans_unpack_time	1.025941
updateU_new_time	0.432902
runtime	0.673405
--------------------------------------------------!
***************dt=2.000000***************
***************flag=0***************
--------------------------------------------------!
time		0.000000
wall time	44.342041
*******************************
dgemm_time	6.900699
conv_transfer_time	0.000000
conv_calculate_time	626.583740
elastic_calculate_time	626.621216
Allen_Cahn_nonlinear_time	648.724792
Cahn_Hilliard_nonlinear_time	0.011838
trans_time	13.446278
trans_Memcpy_time	6.538011
trans_MPI_time	4.331583
trans_pack_time	0.255006
trans_enlarge_time	0.454337
trans_mu_time	0.387469
trans_unpack_time	1.029623
updateU_new_time	0.432423
runtime	0.670597
--------------------------------------------------!
***************dt=2.000000***************
***************flag=0***************
--------------------------------------------------!
time		0.000000
wall time	45.015573
*******************************
dgemm_time	6.875117
conv_transfer_time	0.000000
conv_calculate_time	626.614075
elastic_calculate_time	626.650574
Allen_Cahn_nonlinear_time	649.185364
Cahn_Hilliard_nonlinear_time	0.011998
trans_time	13.430871
trans_Memcpy_time	6.524108
trans_MPI_time	4.338313
trans_pack_time	0.253087
trans_enlarge_time	0.458497
trans_mu_time	0.387149
trans_unpack_time	1.027066
updateU_new_time	0.432904
runtime	0.670830
--------------------------------------------------!
***************dt=2.000000***************
***************flag=0***************
--------------------------------------------------!
time		0.000000
wall time	45.686257
*******************************
dgemm_time	6.888091
conv_transfer_time	0.000000
conv_calculate_time	625.866150
elastic_calculate_time	625.905640
Allen_Cahn_nonlinear_time	648.536682
Cahn_Hilliard_nonlinear_time	0.011518
trans_time	13.522398
trans_Memcpy_time	6.503485
trans_MPI_time	4.453828
trans_pack_time	0.253408
trans_enlarge_time	0.457222
trans_mu_time	0.387629
trans_unpack_time	1.020189
updateU_new_time	0.428426
runtime	0.676316
--------------------------------------------------!
***************dt=2.000000***************
***************flag=0***************
--------------------------------------------------!
time		0.000000
wall time	46.357159
*******************************
dgemm_time	6.858669
conv_transfer_time	0.000000
conv_calculate_time	627.050720
elastic_calculate_time	627.088928
Allen_Cahn_nonlinear_time	651.766663
Cahn_Hilliard_nonlinear_time	0.011838
trans_time	13.443320
trans_Memcpy_time	6.634522
trans_MPI_time	4.179472
trans_pack_time	0.253568
trans_enlarge_time	0.458021
trans_mu_time	0.386509
trans_unpack_time	1.020671
updateU_new_time	0.431466
runtime	0.673446
--------------------------------------------------!
***************dt=2.000000***************
***************flag=0***************
--------------------------------------------------!
time		0.000000
wall time	47.033560
*******************************
dgemm_time	6.883641
conv_transfer_time	0.000000
conv_calculate_time	626.706726
elastic_calculate_time	626.743591
Allen_Cahn_nonlinear_time	651.359009
Cahn_Hilliard_nonlinear_time	0.011998
trans_time	13.318543
trans_Memcpy_time	6.495676
trans_MPI_time	4.218357
trans_pack_time	0.252128
trans_enlarge_time	0.456423
trans_mu_time	0.387310
trans_unpack_time	1.029152
updateU_new_time	0.433707
runtime	0.673356
--------------------------------------------------!
***************dt=2.000000***************
***************flag=0***************
--------------------------------------------------!
time		0.000000
wall time	47.707109
*******************************
dgemm_time	6.870377
conv_transfer_time	0.000000
conv_calculate_time	627.003174
elastic_calculate_time	627.040100
Allen_Cahn_nonlinear_time	657.774414
Cahn_Hilliard_nonlinear_time	0.011999
trans_time	13.260828
trans_Memcpy_time	6.518565
trans_MPI_time	4.183649
trans_pack_time	0.253248
trans_enlarge_time	0.459144
trans_mu_time	0.385070
trans_unpack_time	1.020516
updateU_new_time	0.433548
runtime	0.679149
--------------------------------------------------!
***************dt=2.000000***************
***************flag=0***************
--------------------------------------------------!
time		0.000000
wall time	48.380549
*******************************
dgemm_time	6.871830
conv_transfer_time	0.000000
conv_calculate_time	627.586121
elastic_calculate_time	627.622498
Allen_Cahn_nonlinear_time	650.272217
Cahn_Hilliard_nonlinear_time	0.012478
trans_time	13.282991
trans_Memcpy_time	6.484821
trans_MPI_time	4.224933
trans_pack_time	0.258209
trans_enlarge_time	0.454504
trans_mu_time	0.389072
trans_unpack_time	1.031556
updateU_new_time	0.436109
runtime	0.672306
--------------------------------------------------!
***************dt=2.000000***************
***************flag=0***************
--------------------------------------------------!
time		0.000000
wall time	49.059780
*******************************
dgemm_time	6.868484
conv_transfer_time	0.000000
conv_calculate_time	627.415527
elastic_calculate_time	627.451233
Allen_Cahn_nonlinear_time	651.303833
Cahn_Hilliard_nonlinear_time	0.011999
trans_time	13.427831
trans_Memcpy_time	6.498273
trans_MPI_time	4.368444
trans_pack_time	0.254050
trans_enlarge_time	0.455944
trans_mu_time	0.386196
trans_unpack_time	1.025159
updateU_new_time	0.433550
runtime	0.672988
--------------------------------------------------!
***************dt=2.000000***************
***************flag=0***************
--------------------------------------------------!
time		0.000000
wall time	49.732174
*******************************
dgemm_time	6.912011
conv_transfer_time	0.000000
conv_calculate_time	627.464233
elastic_calculate_time	627.500183
Allen_Cahn_nonlinear_time	649.121826
Cahn_Hilliard_nonlinear_time	0.011839
trans_time	13.354016
trans_Memcpy_time	6.501006
trans_MPI_time	4.285742
trans_pack_time	0.252770
trans_enlarge_time	0.453549
trans_mu_time	0.386836
trans_unpack_time	1.032680
updateU_new_time	0.435950
runtime	0.671694
--------------------------------------------------!
***************dt=2.000000***************
***************flag=0***************
--------------------------------------------------!
time		0.000000
wall time	50.405260
*******************************
dgemm_time	6.888347
conv_transfer_time	0.000000
conv_calculate_time	628.305237
elastic_calculate_time	628.341309
Allen_Cahn_nonlinear_time	652.150574
Cahn_Hilliard_nonlinear_time	0.011519
trans_time	13.187640
trans_Memcpy_time	6.485821
trans_MPI_time	4.136967
trans_pack_time	0.254210
trans_enlarge_time	0.453230
trans_mu_time	0.386676
trans_unpack_time	1.028843
updateU_new_time	0.432751
runtime	0.673564
--------------------------------------------------!
***************dt=2.000000***************
***************flag=0***************
--------------------------------------------------!
time		0.000000
wall time	51.077067
*******************************
dgemm_time	6.876840
conv_transfer_time	0.000000
conv_calculate_time	626.028198
elastic_calculate_time	626.064453
Allen_Cahn_nonlinear_time	648.345398
Cahn_Hilliard_nonlinear_time	0.011519
trans_time	13.341316
trans_Memcpy_time	6.475592
trans_MPI_time	4.269601
trans_pack_time	0.289248
trans_enlarge_time	0.454990
trans_mu_time	0.385557
trans_unpack_time	1.025005
updateU_new_time	0.437232
runtime	0.671017
--------------------------------------------------!
***************dt=2.000000***************
***************flag=0***************
--------------------------------------------------!
time		0.000000
wall time	51.750709
*******************************
dgemm_time	6.872853
conv_transfer_time	0.000000
conv_calculate_time	627.314941
elastic_calculate_time	627.349976
Allen_Cahn_nonlinear_time	649.299255
Cahn_Hilliard_nonlinear_time	0.011839
trans_time	13.209395
trans_Memcpy_time	6.489682
trans_MPI_time	4.159221
trans_pack_time	0.255332
trans_enlarge_time	0.454830
trans_mu_time	0.386357
trans_unpack_time	1.021647
updateU_new_time	0.439152
runtime	0.670561
--------------------------------------------------!
***************dt=2.000000***************
***************flag=0***************
--------------------------------------------------!
time		0.000000
wall time	52.421829
*******************************
dgemm_time	6.885663
conv_transfer_time	0.000000
conv_calculate_time	627.751465
elastic_calculate_time	627.786682
Allen_Cahn_nonlinear_time	648.856323
Cahn_Hilliard_nonlinear_time	0.011679
trans_time	13.359100
trans_Memcpy_time	6.498332
trans_MPI_time	4.285293
trans_pack_time	0.253412
trans_enlarge_time	0.458190
trans_mu_time	0.387637
trans_unpack_time	1.032368
updateU_new_time	0.457871
runtime	0.670601
--------------------------------------------------!
***************dt=2.000000***************
***************flag=0***************
--------------------------------------------------!
time		0.000000
wall time	53.092499
*******************************
dgemm_time	6.910791
conv_transfer_time	0.000000
conv_calculate_time	626.832153
elastic_calculate_time	626.868713
Allen_Cahn_nonlinear_time	655.601929
Cahn_Hilliard_nonlinear_time	0.011679
trans_time	13.256624
trans_Memcpy_time	6.491145
trans_MPI_time	4.208190
trans_pack_time	0.255972
trans_enlarge_time	0.454830
trans_mu_time	0.386517
trans_unpack_time	1.019731
updateU_new_time	0.442033
runtime	0.682506
--------------------------------------------------!
***************dt=2.000000***************
***************flag=0***************
--------------------------------------------------!
time		0.000000
wall time	53.763200
*******************************
dgemm_time	6.877686
conv_transfer_time	0.000000
conv_calculate_time	624.412476
elastic_calculate_time	624.447754
Allen_Cahn_nonlinear_time	650.058411
Cahn_Hilliard_nonlinear_time	0.011999
trans_time	13.499292
trans_Memcpy_time	6.475477
trans_MPI_time	4.470569
trans_pack_time	0.252774
trans_enlarge_time	0.455471
trans_mu_time	0.386359
trans_unpack_time	1.018613
updateU_new_time	0.431155
runtime	0.671829
--------------------------------------------------!
***************dt=2.000000***************
***************flag=0***************
--------------------------------------------------!
time		0.000000
wall time	54.445812
*******************************
dgemm_time	6.890976
conv_transfer_time	0.000000
conv_calculate_time	626.855896
elastic_calculate_time	626.891907
Allen_Cahn_nonlinear_time	648.894287
Cahn_Hilliard_nonlinear_time	0.012319
trans_time	13.424101
trans_Memcpy_time	6.487487
trans_MPI_time	4.376186
trans_pack_time	0.252774
trans_enlarge_time	0.454194
trans_mu_time	0.386202
trans_unpack_time	1.025174
updateU_new_time	0.430036
runtime	0.670529
--------------------------------------------------!
***************dt=2.000000***************
***************flag=0***************
--------------------------------------------------!
time		0.000000
wall time	55.117724
*******************************
dgemm_time	6.875948
conv_transfer_time	0.000000
conv_calculate_time	627.614563
elastic_calculate_time	627.650696
Allen_Cahn_nonlinear_time	652.736938
Cahn_Hilliard_nonlinear_time	0.011999
trans_time	13.178047
trans_Memcpy_time	6.499654
trans_MPI_time	4.117340
trans_pack_time	0.252774
trans_enlarge_time	0.455156
trans_mu_time	0.385722
trans_unpack_time	1.024855
updateU_new_time	0.431797
runtime	0.674160
--------------------------------------------------!
***************dt=2.000000***************
***************flag=0***************
--------------------------------------------------!
time		0.000000
wall time	55.788357
*******************************
dgemm_time	6.886837
conv_transfer_time	0.000000
conv_calculate_time	627.770081
elastic_calculate_time	627.806519
Allen_Cahn_nonlinear_time	649.128845
Cahn_Hilliard_nonlinear_time	0.011679
trans_time	13.276038
trans_Memcpy_time	6.484147
trans_MPI_time	4.224855
trans_pack_time	0.253254
trans_enlarge_time	0.457716
trans_mu_time	0.387003
trans_unpack_time	1.020377
updateU_new_time	0.432597
runtime	0.682045
--------------------------------------------------!
***************dt=2.000000***************
***************flag=0***************
--------------------------------------------------!
time		0.000000
wall time	56.462754
*******************************
dgemm_time	6.875969
conv_transfer_time	0.000000
conv_calculate_time	628.075928
elastic_calculate_time	628.111938
Allen_Cahn_nonlinear_time	650.029541
Cahn_Hilliard_nonlinear_time	0.012159
trans_time	13.278577
trans_Memcpy_time	6.491196
trans_MPI_time	4.223101
trans_pack_time	0.253414
trans_enlarge_time	0.456596
trans_mu_time	0.387803
trans_unpack_time	1.024539
updateU_new_time	0.431318
runtime	0.678282
--------------------------------------------------!
***************dt=2.000000***************
***************flag=0***************
--------------------------------------------------!
time		0.000000
wall time	57.144904
*******************************
dgemm_time	6.887018
conv_transfer_time	0.000000
conv_calculate_time	627.890137
elastic_calculate_time	627.926147
Allen_Cahn_nonlinear_time	649.652893
Cahn_Hilliard_nonlinear_time	0.011839
trans_time	13.850522
trans_Memcpy_time	6.499045
trans_MPI_time	4.787213
trans_pack_time	0.252936
trans_enlarge_time	0.458356
trans_mu_time	0.389083
trans_unpack_time	1.023260
updateU_new_time	0.431639
runtime	0.678666
--------------------------------------------------!
***************dt=2.000000***************
***************flag=0***************
--------------------------------------------------!
time		0.000000
wall time	57.823372
*******************************
dgemm_time	6.881269
conv_transfer_time	0.000000
conv_calculate_time	627.086975
elastic_calculate_time	627.122314
Allen_Cahn_nonlinear_time	649.026245
Cahn_Hilliard_nonlinear_time	0.011999
trans_time	13.556081
trans_Memcpy_time	6.489937
trans_MPI_time	4.498608
trans_pack_time	0.253736
trans_enlarge_time	0.454516
trans_mu_time	0.386363
trans_unpack_time	1.022622
updateU_new_time	0.430679
runtime	0.670873
--------------------------------------------------!
***************dt=2.000000***************
***************flag=0***************
--------------------------------------------------!
time		0.000000
wall time	58.502123
*******************************
dgemm_time	6.889598
conv_transfer_time	0.000000
conv_calculate_time	627.359680
elastic_calculate_time	627.395813
Allen_Cahn_nonlinear_time	653.272034
Cahn_Hilliard_nonlinear_time	0.011839
trans_time	13.336370
trans_Memcpy_time	6.491225
trans_MPI_time	4.285195
trans_pack_time	0.253576
trans_enlarge_time	0.453877
trans_mu_time	0.386043
trans_unpack_time	1.025663
updateU_new_time	0.432280
runtime	0.681623
--------------------------------------------------!
***************dt=2.000000***************
***************flag=0***************
--------------------------------------------------!
time		0.000000
wall time	59.173133
*******************************
dgemm_time	6.892327
conv_transfer_time	0.000000
conv_calculate_time	626.746521
elastic_calculate_time	626.782410
Allen_Cahn_nonlinear_time	650.741516
Cahn_Hilliard_nonlinear_time	0.012159
trans_time	13.490085
trans_Memcpy_time	6.512992
trans_MPI_time	4.418948
trans_pack_time	0.253096
trans_enlarge_time	0.453557
trans_mu_time	0.388283
trans_unpack_time	1.021345
updateU_new_time	0.431320
runtime	0.675832
--------------------------------------------------!
***************dt=2.000000***************
***************flag=0***************
--------------------------------------------------!
time		0.000000
wall time	59.854865
*******************************
dgemm_time	6.879697
conv_transfer_time	0.000000
conv_calculate_time	627.367126
elastic_calculate_time	627.402649
Allen_Cahn_nonlinear_time	650.255737
Cahn_Hilliard_nonlinear_time	0.011839
trans_time	13.320108
trans_Memcpy_time	6.484363
trans_MPI_time	4.283767
trans_pack_time	0.253736
trans_enlarge_time	0.454037
trans_mu_time	0.387323
trans_unpack_time	1.016067
updateU_new_time	0.433561
runtime	0.672568
--------------------------------------------------!
***************dt=2.000000***************
***************flag=0***************
--------------------------------------------------!
time		0.000000
wall time	60.530787
*******************************
dgemm_time	6.873626
conv_transfer_time	0.000000
conv_calculate_time	628.392639
elastic_calculate_time	628.428101
Allen_Cahn_nonlinear_time	650.351562
Cahn_Hilliard_nonlinear_time	0.011999
trans_time	13.307527
trans_Memcpy_time	6.496051
trans_MPI_time	4.250175
trans_pack_time	0.254058
trans_enlarge_time	0.453560
trans_mu_time	0.387644
trans_unpack_time	1.024067
updateU_new_time	0.430042
runtime	0.678852
--------------------------------------------------!
***************dt=2.000000***************
***************flag=0***************
--------------------------------------------------!
time		0.000000
wall time	61.203461
*******************************
dgemm_time	6.888833
conv_transfer_time	0.000000
conv_calculate_time	627.599426
elastic_calculate_time	627.633911
Allen_Cahn_nonlinear_time	649.109619
Cahn_Hilliard_nonlinear_time	0.011999
trans_time	13.218474
trans_Memcpy_time	6.501020
trans_MPI_time	4.152109
trans_pack_time	0.257097
trans_enlarge_time	0.453082
trans_mu_time	0.389405
trans_unpack_time	1.022629
updateU_new_time	0.434362
runtime	0.675403
--------------------------------------------------!
***************dt=2.000000***************
***************flag=0***************
--------------------------------------------------!
time		0.000000
wall time	61.882412
*******************************
dgemm_time	6.889482
conv_transfer_time	0.000000
conv_calculate_time	629.128906
elastic_calculate_time	629.165833
Allen_Cahn_nonlinear_time	650.460510
Cahn_Hilliard_nonlinear_time	0.011839
trans_time	13.263417
trans_Memcpy_time	6.514147
trans_MPI_time	4.187632
trans_pack_time	0.253258
trans_enlarge_time	0.454842
trans_mu_time	0.387168
trans_unpack_time	1.025030
updateU_new_time	0.430523
runtime	0.676334
--------------------------------------------------!
***************dt=2.000000***************
***************flag=0***************
--------------------------------------------------!
time		0.000000
wall time	62.557906
*******************************
dgemm_time	6.878932
conv_transfer_time	0.000000
conv_calculate_time	627.893311
elastic_calculate_time	627.930725
Allen_Cahn_nonlinear_time	656.239807
Cahn_Hilliard_nonlinear_time	0.011999
trans_time	13.301120
trans_Memcpy_time	6.488398
trans_MPI_time	4.236912
trans_pack_time	0.254218
trans_enlarge_time	0.462361
trans_mu_time	0.386369
trans_unpack_time	1.024391
updateU_new_time	0.431643
runtime	0.677662
--------------------------------------------------!
***************dt=2.000000***************
***************flag=0***************
--------------------------------------------------!
time		0.000000
wall time	63.234345
*******************************
dgemm_time	6.872541
conv_transfer_time	0.000000
conv_calculate_time	620.814697
elastic_calculate_time	620.851807
Allen_Cahn_nonlinear_time	648.638733
Cahn_Hilliard_nonlinear_time	0.011839
trans_time	16.517021
trans_Memcpy_time	6.458169
trans_MPI_time	7.492320
trans_pack_time	0.254218
trans_enlarge_time	0.457402
trans_mu_time	0.386369
trans_unpack_time	1.027112
updateU_new_time	0.430524
runtime	0.676529
--------------------------------------------------!
***************dt=2.000000***************
***************flag=0***************
--------------------------------------------------!
time		0.000000
wall time	63.912126
*******************************
dgemm_time	6.883748
conv_transfer_time	0.000000
conv_calculate_time	625.040466
elastic_calculate_time	625.076355
Allen_Cahn_nonlinear_time	647.899658
Cahn_Hilliard_nonlinear_time	0.011839
trans_time	13.303561
trans_Memcpy_time	6.494012
trans_MPI_time	4.250362
trans_pack_time	0.254858
trans_enlarge_time	0.454363
trans_mu_time	0.388129
trans_unpack_time	1.020714
updateU_new_time	0.432924
runtime	0.674707
--------------------------------------------------!
***************dt=2.000000***************
***************flag=0***************
--------------------------------------------------!
time		0.000000
wall time	64.588820
*******************************
dgemm_time	6.900554
conv_transfer_time	0.000000
conv_calculate_time	627.664673
elastic_calculate_time	627.702271
Allen_Cahn_nonlinear_time	652.685181
Cahn_Hilliard_nonlinear_time	0.011679
trans_time	13.386271
trans_Memcpy_time	6.491139
trans_MPI_time	4.323801
trans_pack_time	0.252940
trans_enlarge_time	0.460922
trans_mu_time	0.385409
trans_unpack_time	1.027915
updateU_new_time	0.434205
runtime	0.675493
--------------------------------------------------!
***************dt=2.000000***************
***************flag=0***************
--------------------------------------------------!
time		0.000000
wall time	65.263611
*******************************
dgemm_time	6.902962
conv_transfer_time	0.000000
conv_calculate_time	626.697327
elastic_calculate_time	626.734802
Allen_Cahn_nonlinear_time	649.512634
Cahn_Hilliard_nonlinear_time	0.012319
trans_time	13.310102
trans_Memcpy_time	6.500907
trans_MPI_time	4.252132
trans_pack_time	0.255979
trans_enlarge_time	0.455642
trans_mu_time	0.384129
trans_unpack_time	1.018477
updateU_new_time	0.431965
runtime	0.672097
--------------------------------------------------!
***************dt=2.000000***************
***************flag=0***************
--------------------------------------------------!
time		0.000000
wall time	65.939201
*******************************
dgemm_time	6.898171
conv_transfer_time	0.000000
conv_calculate_time	627.438416
elastic_calculate_time	627.473450
Allen_Cahn_nonlinear_time	654.746521
Cahn_Hilliard_nonlinear_time	0.011839
trans_time	13.175219
trans_Memcpy_time	6.479636
trans_MPI_time	4.133107
trans_pack_time	0.255340
trans_enlarge_time	0.458203
trans_mu_time	0.386369
trans_unpack_time	1.021358
updateU_new_time	0.443965
runtime	0.676046
--------------------------------------------------!
***************dt=2.000000***************
***************flag=0***************
--------------------------------------------------!
time		0.000000
wall time	66.611639
*******************************
dgemm_time	6.883780
conv_transfer_time	0.000000
conv_calculate_time	628.755371
elastic_calculate_time	628.791382
Allen_Cahn_nonlinear_time	653.598206
Cahn_Hilliard_nonlinear_time	0.011519
trans_time	13.218109
trans_Memcpy_time	6.490364
trans_MPI_time	4.163349
trans_pack_time	0.252140
trans_enlarge_time	0.454363
trans_mu_time	0.386209
trans_unpack_time	1.025998
updateU_new_time	0.449245
runtime	0.678480
--------------------------------------------------!
***************dt=2.000000***************
***************flag=0***************
--------------------------------------------------!
time		0.000000
wall time	67.287770
*******************************
dgemm_time	6.868588
conv_transfer_time	0.000000
conv_calculate_time	626.926575
elastic_calculate_time	626.962830
Allen_Cahn_nonlinear_time	650.202026
Cahn_Hilliard_nonlinear_time	0.011839
trans_time	13.305627
trans_Memcpy_time	6.498849
trans_MPI_time	4.237587
trans_pack_time	0.252940
trans_enlarge_time	0.457723
trans_mu_time	0.386529
trans_unpack_time	1.025999
updateU_new_time	0.449085
runtime	0.671552
--------------------------------------------------!
***************dt=2.000000***************
***************flag=0***************
--------------------------------------------------!
time		0.000000
wall time	67.966357
*******************************
dgemm_time	6.883154
conv_transfer_time	0.000000
conv_calculate_time	627.736755
elastic_calculate_time	627.772644
Allen_Cahn_nonlinear_time	649.905457
Cahn_Hilliard_nonlinear_time	0.011999
trans_time	13.418372
trans_Memcpy_time	6.472298
trans_MPI_time	4.384780
trans_pack_time	0.255020
trans_enlarge_time	0.454365
trans_mu_time	0.386689
trans_unpack_time	1.022321
updateU_new_time	0.434687
runtime	0.672276
--------------------------------------------------!
***************dt=2.000000***************
***************flag=0***************
--------------------------------------------------!
time		0.000000
wall time	68.638009
*******************************
dgemm_time	6.876442
conv_transfer_time	0.000000
conv_calculate_time	626.603088
elastic_calculate_time	626.639282
Allen_Cahn_nonlinear_time	648.854675
Cahn_Hilliard_nonlinear_time	0.011839
trans_time	13.281278
trans_Memcpy_time	6.511983
trans_MPI_time	4.209119
trans_pack_time	0.253100
trans_enlarge_time	0.454688
trans_mu_time	0.386849
trans_unpack_time	1.024882
updateU_new_time	0.433247
runtime	0.670543
--------------------------------------------------!
***************dt=2.000000***************
***************flag=0***************
--------------------------------------------------!
time		0.000000
wall time	69.310409
*******************************
dgemm_time	6.885568
conv_transfer_time	0.000000
conv_calculate_time	627.768433
elastic_calculate_time	627.804626
Allen_Cahn_nonlinear_time	650.593445
Cahn_Hilliard_nonlinear_time	0.011839
trans_time	13.349336
trans_Memcpy_time	6.516629
trans_MPI_time	4.271199
trans_pack_time	0.252782
trans_enlarge_time	0.455808
trans_mu_time	0.386531
trans_unpack_time	1.023123
updateU_new_time	0.434048
runtime	0.672190
--------------------------------------------------!
***************dt=2.000000***************
***************flag=0***************
--------------------------------------------------!
time		0.000000
wall time	69.981042
*******************************
dgemm_time	6.900293
conv_transfer_time	0.000000
conv_calculate_time	626.662109
elastic_calculate_time	626.701172
Allen_Cahn_nonlinear_time	655.630798
Cahn_Hilliard_nonlinear_time	0.011999
trans_time	13.809086
trans_Memcpy_time	6.474239
trans_MPI_time	4.774205
trans_pack_time	0.253422
trans_enlarge_time	0.452128
trans_mu_time	0.387812
trans_unpack_time	1.024244
updateU_new_time	0.434848
runtime	0.677354
--------------------------------------------------!
***************dt=2.000000***************
***************flag=0***************
--------------------------------------------------!
time		0.000000
wall time	70.653313
*******************************
dgemm_time	6.880302
conv_transfer_time	0.000000
conv_calculate_time	627.659485
elastic_calculate_time	627.696289
Allen_Cahn_nonlinear_time	649.441284
Cahn_Hilliard_nonlinear_time	0.011999
trans_time	13.260350
trans_Memcpy_time	6.494084
trans_MPI_time	4.208172
trans_pack_time	0.253422
trans_enlarge_time	0.451008
trans_mu_time	0.384454
trans_unpack_time	1.028565
updateU_new_time	0.432929
runtime	0.670956
--------------------------------------------------!
***************dt=2.000000***************
***************flag=0***************
--------------------------------------------------!
time		0.000000
wall time	71.331771
*******************************
dgemm_time	6.873588
conv_transfer_time	0.000000
conv_calculate_time	626.720764
elastic_calculate_time	626.756104
Allen_Cahn_nonlinear_time	649.181335
Cahn_Hilliard_nonlinear_time	0.012319
trans_time	13.360656
trans_Memcpy_time	6.477451
trans_MPI_time	4.321128
trans_pack_time	0.252942
trans_enlarge_time	0.460128
trans_mu_time	0.386855
trans_unpack_time	1.022646
updateU_new_time	0.434849
runtime	0.671778
--------------------------------------------------!
***************dt=2.000000***************
***************flag=0***************
--------------------------------------------------!
time		0.000000
wall time	72.002807
*******************************
dgemm_time	6.866876
conv_transfer_time	0.000000
conv_calculate_time	627.569763
elastic_calculate_time	627.605469
Allen_Cahn_nonlinear_time	652.361633
Cahn_Hilliard_nonlinear_time	0.011839
trans_time	13.166391
trans_Memcpy_time	6.465139
trans_MPI_time	4.149304
trans_pack_time	0.254542
trans_enlarge_time	0.452929
trans_mu_time	0.385894
trans_unpack_time	1.017527
updateU_new_time	0.433410
runtime	0.673718
--------------------------------------------------!
***************dt=2.000000***************
***************flag=0***************
--------------------------------------------------!
time		0.000000
wall time	72.674657
