running   on	256   processors
restart		0
nx,ny,nz	260	132	132
px,py,pz	4	8	8
nghost		2
output   dir	./output/output2/
data   dir	./data/
dt,t_total	2.000000,200.100000
ELASTIC		1
ANISOTROPIC		1
nac,nch		6,2
xmin,ymin,zmin	0.000000	0.000000	0.000000
xmax,ymax,zmax	1024.000000	1024.000000	1024.000000
checkpoint_,nchk,chk	1,1000,0
nout		10000
Approx		32
detect_iter		100000
Reading input.txt file:
myrank = 219 P = 1 Q = 4
myrank = 215 P = 0 Q = 4
myrank = 218 P = 1 Q = 5
myrank = 195 P = 1 Q = 2
myrank = 216 P = 2 Q = 3
myrank = 193 P = 0 Q = 1
myrank = 202 P = 1 Q = 5
myrank = 225 P = 2 Q = 5
myrank = 243 P = 1 Q = 0
myrank = 194 P = 3 Q = 2
myrank = 227 P = 1 Q = 0
myrank = 224 P = 3 Q = 3
myrank = 192 P = 0 Q = 2
myrank = 217 P = 2 Q = 5
myrank = 211 P = 0 Q = 1
myrank = 213 P = 1 Q = 3
myrank = 214 P = 4 Q = 2
myrank = 235 P = 4 Q = 3
myrank = 207 P = 3 Q = 4
myrank = 223 P = 0 Q = 4
myrank = 203 P = 2 Q = 2
myrank = 221 P = 5 Q = 2
myrank = 200 P = 1 Q = 4
myrank = 226 P = 4 Q = 4
myrank = 241 P = 0 Q = 4
myrank = 233 P = 5 Q = 2
myrank = 199 P = 2 Q = 4
myrank = 198 P = 3 Q = 3
myrank = 201 P = 4 Q = 3
myrank = 206 P = 0 Q = 5
myrank = 220 P = 5 Q = 3
myrank = 209 P = 4 Q = 0
myrank = 242 P = 3 Q = 0
myrank = 238 P = 2 Q = 1
myrank = 204 P = 5 Q = 4
myrank = 240 P = 3 Q = 0
myrank = 205 P = 0 Q = 3
myrank = 222 P = 2 Q = 4
myrank = 212 P = 0 Q = 0
myrank = 197 P = 3 Q = 1
myrank = 196 P = 1 Q = 4
myrank = 232 P = 4 Q = 5
myrank = 230 P = 1 Q = 4
myrank = 231 P = 1 Q = 0
myrank = 210 P = 3 Q = 5
myrank = 208 P = 2 Q = 1
myrank = 236 P = 3 Q = 5
myrank = 229 P = 3 Q = 5
myrank = 234 P = 5 Q = 1
myrank = 247 P = 2 Q = 2
myrank = 249 P = 4 Q = 1
myrank = 239 P = 2 Q = 3
myrank = 237 P = 3 Q = 4
myrank = 255 P = 0 Q = 5
myrank = 251 P = 2 Q = 2
myrank = 250 P = 2 Q = 4
myrank = 228 P = 0 Q = 0
myrank = 244 P = 1 Q = 5
myrank = 248 P = 4 Q = 2
myrank = 254 P = 3 Q = 0
myrank = 252 P = 2 Q = 4
myrank = 253 P = 3 Q = 1
myrank = 246 P = 5 Q = 3
myrank = 245 P = 4 Q = 2
myrank = 127 P = 0 Q = 2
myrank = 12 P = 1 Q = 3
myrank = 125 P = 3 Q = 1
myrank = 15 P = 2 Q = 2
myrank = 124 P = 4 Q = 3
myrank = 126 P = 5 Q = 2
myrank = 23 P = 4 Q = 4
myrank = 13 P = 4 Q = 5
myrank = 44 P = 2 Q = 0
myrank = 47 P = 3 Q = 5
myrank = 14 P = 3 Q = 1
myrank = 46 P = 4 Q = 4
myrank = 19 P = 4 Q = 3
myrank = 26 P = 5 Q = 3
myrank = 21 P = 4 Q = 4
myrank = 17 P = 2 Q = 3
myrank = 16 P = 3 Q = 4
myrank = 5 P = 3 Q = 3
myrank = 144 P = 1 Q = 3
myrank = 20 P = 3 Q = 1
myrank = 123 P = 3 Q = 4
myrank = 56 P = 1 Q = 3
myrank = 24 P = 3 Q = 2
myrank = 27 P = 1 Q = 4
myrank = 146 P = 1 Q = 0
myrank = 25 P = 5 Q = 4
myrank = 132 P = 4 Q = 4
myrank = 7 P = 2 Q = 4
myrank = 18 P = 0 Q = 5
myrank = 4 P = 4 Q = 5
myrank = 131 P = 0 Q = 5
myrank = 135 P = 0 Q = 3
myrank = 67 P = 0 Q = 3
myrank = 57 P = 0 Q = 1
myrank = 45 P = 4 Q = 4
myrank = 134 P = 4 Q = 2
myrank = 22 P = 3 Q = 5
myrank = 145 P = 5 Q = 2
myrank = 143 P = 3 Q = 4
myrank = 147 P = 5 Q = 2
myrank = 59 P = 3 Q = 4
myrank = 129 P = 2 Q = 5
myrank = 3 P = 2 Q = 1
myrank = 64 P = 4 Q = 1
myrank = 6 P = 3 Q = 2
myrank = 130 P = 4 Q = 1
myrank = 133 P = 0 Q = 5
myrank = 0 P = 4 Q = 4
myrank = 120 P = 2 Q = 5
myrank = 65 P = 0 Q = 5
myrank = 128 P = 2 Q = 3
myrank = 113 P = 1 Q = 2
myrank = 141 P = 3 Q = 1
myrank = 70 P = 1 Q = 2
myrank = 94 P = 0 Q = 0
myrank = 112 P = 2 Q = 0
myrank = 115 P = 4 Q = 5
myrank = 2 P = 1 Q = 1
myrank = 122 P = 5 Q = 2
myrank = 95 P = 1 Q = 2
myrank = 1 P = 2 Q = 0
myrank = 114 P = 5 Q = 4
myrank = 121 P = 1 Q = 0
myrank = 58 P = 2 Q = 5
myrank = 83 P = 5 Q = 5
myrank = 66 P = 1 Q = 1
myrank = 39 P = 4 Q = 1
myrank = 71 P = 5 Q = 4
myrank = 73 P = 0 Q = 0
myrank = 69 P = 2 Q = 3
myrank = 142 P = 4 Q = 0
myrank = 140 P = 4 Q = 2
myrank = 36 P = 5 Q = 5
myrank = 72 P = 1 Q = 5
myrank = 55 P = 0 Q = 0
myrank = 54 P = 1 Q = 5
myrank = 52 P = 2 Q = 4
myrank = 53 P = 4 Q = 0
myrank = 108 P = 0 Q = 2
myrank = 98 P = 0 Q = 0
myrank = 34 P = 2 Q = 1
myrank = 68 P = 4 Q = 4
myrank = 92 P = 0 Q = 0
myrank = 63 P = 0 Q = 5
myrank = 37 P = 4 Q = 3
myrank = 61 P = 5 Q = 2
myrank = 93 P = 5 Q = 1
myrank = 84 P = 3 Q = 2
myrank = 97 P = 4 Q = 2
myrank = 33 P = 5 Q = 2
myrank = 80 P = 1 Q = 3
myrank = 50 P = 5 Q = 1
myrank = 99 P = 1 Q = 3
myrank = 9 P = 2 Q = 4
myrank = 38 P = 0 Q = 1
myrank = 62 P = 4 Q = 0
myrank = 87 P = 2 Q = 3
myrank = 89 P = 1 Q = 1
myrank = 183 P = 4 Q = 3
myrank = 106 P = 3 Q = 5
myrank = 85 P = 2 Q = 0
myrank = 11 P = 2 Q = 2
myrank = 10 P = 4 Q = 5
myrank = 90 P = 3 Q = 2
myrank = 32 P = 3 Q = 4
myrank = 109 P = 0 Q = 2
myrank = 8 P = 3 Q = 0
myrank = 74 P = 3 Q = 0
myrank = 35 P = 1 Q = 0
myrank = 60 P = 5 Q = 0
myrank = 91 P = 2 Q = 3
myrank = 96 P = 0 Q = 3
myrank = 79 P = 5 Q = 2
myrank = 75 P = 2 Q = 1
myrank = 82 P = 3 Q = 1
myrank = 48 P = 2 Q = 0
myrank = 40 P = 2 Q = 5
myrank = 49 P = 0 Q = 0
myrank = 105 P = 4 Q = 0
myrank = 110 P = 5 Q = 3
myrank = 42 P = 5 Q = 0
myrank = 78 P = 1 Q = 3
myrank = 111 P = 4 Q = 4
myrank = 104 P = 5 Q = 2
myrank = 107 P = 1 Q = 1
myrank = 51 P = 0 Q = 0
myrank = 43 P = 1 Q = 4
myrank = 100 P = 3 Q = 4
myrank = 41 P = 3 Q = 4
myrank = 30 P = 3 Q = 0
myrank = 81 P = 4 Q = 3
myrank = 181 P = 4 Q = 2
myrank = 86 P = 4 Q = 1
myrank = 103 P = 4 Q = 3
myrank = 77 P = 2 Q = 2
myrank = 31 P = 4 Q = 2
myrank = 116 P = 0 Q = 4
myrank = 180 P = 5 Q = 1
myrank = 101 P = 5 Q = 5
myrank = 88 P = 1 Q = 5
myrank = 28 P = 0 Q = 0
myrank = 76 P = 0 Q = 3
myrank = 102 P = 5 Q = 5
myrank = 174 P = 3 Q = 2
myrank = 175 P = 1 Q = 4
myrank = 119 P = 3 Q = 3
myrank = 29 P = 1 Q = 2
myrank = 137 P = 2 Q = 1
myrank = 186 P = 2 Q = 4
myrank = 187 P = 3 Q = 4
myrank = 189 P = 4 Q = 0
myrank = 176 P = 0 Q = 0
myrank = 178 P = 5 Q = 0
myrank = 118 P = 2 Q = 1
myrank = 184 P = 0 Q = 1
myrank = 139 P = 2 Q = 4
myrank = 160 P = 3 Q = 0
myrank = 159 P = 2 Q = 4
myrank = 117 P = 0 Q = 3
myrank = 173 P = 4 Q = 1
myrank = 169 P = 2 Q = 0
myrank = 167 P = 4 Q = 0
myrank = 177 P = 0 Q = 2
myrank = 163 P = 2 Q = 5
myrank = 148 P = 4 Q = 4
myrank = 151 P = 2 Q = 3
myrank = 136 P = 5 Q = 1
myrank = 185 P = 3 Q = 0
myrank = 179 P = 1 Q = 5
myrank = 182 P = 2 Q = 4
myrank = 170 P = 0 Q = 2
myrank = 172 P = 5 Q = 3
myrank = 171 P = 2 Q = 3
myrank = 158 P = 3 Q = 0
myrank = 149 P = 3 Q = 5
myrank = 168 P = 3 Q = 1
myrank = 164 P = 1 Q = 0
myrank = 138 P = 1 Q = 5
myrank = 161 P = 2 Q = 1
myrank = 162 P = 0 Q = 1
myrank = 156 P = 4 Q = 2
myrank = 191 P = 4 Q = 4
myrank = 154 P = 1 Q = 1
myrank = 166 P = 3 Q = 4
myrank = 157 P = 1 Q = 4
myrank = 165 P = 1 Q = 0
myrank = 155 P = 5 Q = 4
myrank = 190 P = 2 Q = 0
myrank = 153 P = 2 Q = 3
myrank = 150 P = 3 Q = 1
myrank = 188 P = 2 Q = 2
myrank = 152 P = 0 Q = 5
*******************************
dgemm_time	36.323502
conv_transfer_time	0.000000
conv_calculate_time	4584.694824
elastic_calculate_time	4584.744629
Allen_Cahn_nonlinear_time	4646.240723
Cahn_Hilliard_nonlinear_time	0.012000
trans_time	149.393036
trans_Memcpy_time	25.482857
trans_MPI_time	119.491325
trans_pack_time	0.406076
trans_enlarge_time	0.842711
trans_mu_time	0.422078
trans_unpack_time	2.221570
updateU_new_time	1.440781
runtime	4.836888
--------------------------------------------------!
***************dt=2.000000***************
***************flag=0***************
--------------------------------------------------!
time		0.000000
wall time	2.121887
*******************************
dgemm_time	35.068958
conv_transfer_time	0.000000
conv_calculate_time	1792.957642
elastic_calculate_time	1792.994995
Allen_Cahn_nonlinear_time	1877.237061
Cahn_Hilliard_nonlinear_time	0.012000
trans_time	31.325411
trans_Memcpy_time	13.062384
trans_MPI_time	14.299484
trans_pack_time	0.333596
trans_enlarge_time	0.590554
trans_mu_time	0.411039
trans_unpack_time	2.177731
updateU_new_time	1.429421
runtime	1.948202
--------------------------------------------------!
***************dt=2.000000***************
***************flag=0***************
--------------------------------------------------!
time		0.000000
wall time	6.962682
*******************************
dgemm_time	35.107040
conv_transfer_time	0.000000
conv_calculate_time	1792.977173
elastic_calculate_time	1793.013916
Allen_Cahn_nonlinear_time	1870.272827
Cahn_Hilliard_nonlinear_time	0.012160
trans_time	31.031027
trans_Memcpy_time	13.113262
trans_MPI_time	13.992609
trans_pack_time	0.323356
trans_enlarge_time	0.596474
trans_mu_time	0.411839
trans_unpack_time	2.143171
updateU_new_time	1.428141
runtime	1.940112
--------------------------------------------------!
***************dt=2.000000***************
***************flag=0***************
--------------------------------------------------!
time		0.000000
wall time	8.914725
*******************************
dgemm_time	35.098881
conv_transfer_time	0.000000
conv_calculate_time	1793.436768
elastic_calculate_time	1793.475586
Allen_Cahn_nonlinear_time	1871.009644
Cahn_Hilliard_nonlinear_time	0.012000
trans_time	30.862907
trans_Memcpy_time	13.029743
trans_MPI_time	13.919010
trans_pack_time	0.332636
trans_enlarge_time	0.588154
trans_mu_time	0.412798
trans_unpack_time	2.124131
updateU_new_time	1.430061
runtime	1.941928
--------------------------------------------------!
***************dt=2.000000***************
***************flag=0***************
--------------------------------------------------!
time		0.000000
wall time	10.858707
*******************************
dgemm_time	35.083359
conv_transfer_time	0.000000
conv_calculate_time	1793.474243
elastic_calculate_time	1793.512085
Allen_Cahn_nonlinear_time	1871.578125
Cahn_Hilliard_nonlinear_time	0.012160
trans_time	30.599710
trans_Memcpy_time	13.108624
trans_MPI_time	13.549577
trans_pack_time	0.326556
trans_enlarge_time	0.591194
trans_mu_time	0.413759
trans_unpack_time	2.139011
updateU_new_time	1.430221
runtime	1.941283
--------------------------------------------------!
***************dt=2.000000***************
***************flag=0***************
--------------------------------------------------!
time		0.000000
wall time	12.804473
*******************************
dgemm_time	35.076637
conv_transfer_time	0.000000
conv_calculate_time	1793.199463
elastic_calculate_time	1793.237305
Allen_Cahn_nonlinear_time	1871.324463
Cahn_Hilliard_nonlinear_time	0.012320
trans_time	31.052916
trans_Memcpy_time	13.067342
trans_MPI_time	14.077088
trans_pack_time	0.322876
trans_enlarge_time	0.593274
trans_mu_time	0.411679
trans_unpack_time	2.130531
updateU_new_time	1.434861
runtime	1.941588
--------------------------------------------------!
***************dt=2.000000***************
***************flag=0***************
--------------------------------------------------!
time		0.000000
wall time	14.749611
*******************************
dgemm_time	35.073921
conv_transfer_time	0.000000
conv_calculate_time	1792.845581
elastic_calculate_time	1792.882812
Allen_Cahn_nonlinear_time	1867.887573
Cahn_Hilliard_nonlinear_time	0.011840
trans_time	30.846527
trans_Memcpy_time	13.067662
trans_MPI_time	13.861569
trans_pack_time	0.327516
trans_enlarge_time	0.590554
trans_mu_time	0.410399
trans_unpack_time	2.137091
updateU_new_time	1.428141
runtime	1.938231
--------------------------------------------------!
***************dt=2.000000***************
***************flag=0***************
--------------------------------------------------!
time		0.000000
wall time	16.695079
*******************************
dgemm_time	35.087677
conv_transfer_time	0.000000
conv_calculate_time	1792.298584
elastic_calculate_time	1792.337158
Allen_Cahn_nonlinear_time	1871.841919
Cahn_Hilliard_nonlinear_time	0.011680
trans_time	31.166563
trans_Memcpy_time	13.035183
trans_MPI_time	14.194685
trans_pack_time	0.324316
trans_enlarge_time	0.598874
trans_mu_time	0.412319
trans_unpack_time	2.151011
updateU_new_time	1.429421
runtime	1.942011
--------------------------------------------------!
***************dt=2.000000***************
***************flag=0***************
--------------------------------------------------!
time		0.000000
wall time	18.637208
*******************************
dgemm_time	35.084476
conv_transfer_time	0.000000
conv_calculate_time	1794.520874
elastic_calculate_time	1794.562866
Allen_Cahn_nonlinear_time	1872.350342
Cahn_Hilliard_nonlinear_time	0.012000
trans_time	30.809628
trans_Memcpy_time	13.175661
trans_MPI_time	13.709893
trans_pack_time	0.330396
trans_enlarge_time	0.598874
trans_mu_time	0.410240
trans_unpack_time	2.132771
updateU_new_time	1.429421
runtime	1.942108
--------------------------------------------------!
***************dt=2.000000***************
***************flag=0***************
--------------------------------------------------!
time		0.000000
wall time	20.583086
*******************************
dgemm_time	35.079678
conv_transfer_time	0.000000
conv_calculate_time	1793.697876
elastic_calculate_time	1793.736694
Allen_Cahn_nonlinear_time	1872.797485
Cahn_Hilliard_nonlinear_time	0.012320
trans_time	30.604019
trans_Memcpy_time	13.105742
trans_MPI_time	13.590693
trans_pack_time	0.322076
trans_enlarge_time	0.594234
trans_mu_time	0.411359
trans_unpack_time	2.127651
updateU_new_time	1.430861
runtime	1.942807
--------------------------------------------------!
***************dt=2.000000***************
***************flag=0***************
--------------------------------------------------!
time		0.000000
wall time	22.529179
*******************************
dgemm_time	35.093117
conv_transfer_time	0.000000
conv_calculate_time	1793.665894
elastic_calculate_time	1793.702515
Allen_Cahn_nonlinear_time	1871.094971
Cahn_Hilliard_nonlinear_time	0.012000
trans_time	30.553801
trans_Memcpy_time	13.119501
trans_MPI_time	13.528135
trans_pack_time	0.325756
trans_enlarge_time	0.585594
trans_mu_time	0.410879
trans_unpack_time	2.134051
updateU_new_time	1.438381
runtime	1.940814
--------------------------------------------------!
***************dt=2.000000***************
***************flag=0***************
--------------------------------------------------!
time		0.000000
wall time	24.475855
*******************************
dgemm_time	35.078079
conv_transfer_time	0.000000
conv_calculate_time	1792.785522
elastic_calculate_time	1792.822266
Allen_Cahn_nonlinear_time	1871.670410
Cahn_Hilliard_nonlinear_time	0.011680
trans_time	30.911917
trans_Memcpy_time	13.859330
trans_MPI_time	13.133901
trans_pack_time	0.324796
trans_enlarge_time	0.594394
trans_mu_time	0.411519
trans_unpack_time	2.130851
updateU_new_time	1.430221
runtime	1.941982
--------------------------------------------------!
***************dt=2.000000***************
***************flag=0***************
--------------------------------------------------!
time		0.000000
wall time	26.420554
*******************************
dgemm_time	35.079517
conv_transfer_time	0.000000
conv_calculate_time	1793.272339
elastic_calculate_time	1793.309692
Allen_Cahn_nonlinear_time	1872.087524
Cahn_Hilliard_nonlinear_time	0.012320
trans_time	30.446814
trans_Memcpy_time	13.100782
trans_MPI_time	13.419497
trans_pack_time	0.325596
trans_enlarge_time	0.587994
trans_mu_time	0.410399
trans_unpack_time	2.147171
updateU_new_time	1.428621
runtime	1.941618
--------------------------------------------------!
***************dt=2.000000***************
***************flag=0***************
--------------------------------------------------!
time		0.000000
wall time	28.366419
*******************************
dgemm_time	35.069118
conv_transfer_time	0.000000
conv_calculate_time	1790.900757
elastic_calculate_time	1790.938110
Allen_Cahn_nonlinear_time	1865.840698
Cahn_Hilliard_nonlinear_time	0.012480
trans_time	31.146011
trans_Memcpy_time	13.062222
trans_MPI_time	14.169407
trans_pack_time	0.320956
trans_enlarge_time	0.594234
trans_mu_time	0.412479
trans_unpack_time	2.137891
updateU_new_time	1.428141
runtime	1.935231
--------------------------------------------------!
***************dt=2.000000***************
***************flag=0***************
--------------------------------------------------!
time		0.000000
wall time	30.311962
*******************************
dgemm_time	35.083038
conv_transfer_time	0.000000
conv_calculate_time	1795.317261
elastic_calculate_time	1795.355469
Allen_Cahn_nonlinear_time	1871.984619
Cahn_Hilliard_nonlinear_time	0.011840
trans_time	30.964546
trans_Memcpy_time	13.069901
trans_MPI_time	13.978209
trans_pack_time	0.322076
trans_enlarge_time	0.590874
trans_mu_time	0.416638
trans_unpack_time	2.135331
updateU_new_time	1.430381
runtime	1.942173
--------------------------------------------------!
***************dt=2.000000***************
***************flag=0***************
--------------------------------------------------!
time		0.000000
wall time	32.251071
*******************************
dgemm_time	35.101280
conv_transfer_time	0.000000
conv_calculate_time	1794.494385
elastic_calculate_time	1794.530518
Allen_Cahn_nonlinear_time	1869.193848
Cahn_Hilliard_nonlinear_time	0.011680
trans_time	30.848452
trans_Memcpy_time	13.027503
trans_MPI_time	13.903811
trans_pack_time	0.323676
trans_enlarge_time	0.592314
trans_mu_time	0.412319
trans_unpack_time	2.136771
updateU_new_time	1.439501
runtime	1.939384
--------------------------------------------------!
***************dt=2.000000***************
***************flag=0***************
--------------------------------------------------!
time		0.000000
wall time	34.197132
*******************************
dgemm_time	35.087837
conv_transfer_time	0.000000
conv_calculate_time	1792.660889
elastic_calculate_time	1792.697144
Allen_Cahn_nonlinear_time	1870.700195
Cahn_Hilliard_nonlinear_time	0.012160
trans_time	30.702209
trans_Memcpy_time	13.045582
trans_MPI_time	13.745254
trans_pack_time	0.321116
trans_enlarge_time	0.598394
trans_mu_time	0.412159
trans_unpack_time	2.127331
updateU_new_time	1.430701
runtime	1.940500
--------------------------------------------------!
***************dt=2.000000***************
***************flag=0***************
--------------------------------------------------!
time		0.000000
wall time	36.140432
*******************************
dgemm_time	35.098080
conv_transfer_time	0.000000
conv_calculate_time	1795.718994
elastic_calculate_time	1795.756226
Allen_Cahn_nonlinear_time	1874.701416
Cahn_Hilliard_nonlinear_time	0.012000
trans_time	30.804659
trans_Memcpy_time	13.044144
trans_MPI_time	13.836771
trans_pack_time	0.330076
trans_enlarge_time	0.593914
trans_mu_time	0.415199
trans_unpack_time	2.135011
updateU_new_time	1.430381
runtime	1.946579
--------------------------------------------------!
***************dt=2.000000***************
***************flag=0***************
--------------------------------------------------!
time		0.000000
wall time	38.084905
*******************************
dgemm_time	35.068958
conv_transfer_time	0.000000
conv_calculate_time	1798.255615
elastic_calculate_time	1798.300415
Allen_Cahn_nonlinear_time	1873.776001
Cahn_Hilliard_nonlinear_time	0.011840
trans_time	31.064064
trans_Memcpy_time	13.079342
trans_MPI_time	14.062208
trans_pack_time	0.319356
trans_enlarge_time	0.590234
trans_mu_time	0.412959
trans_unpack_time	2.144771
updateU_new_time	1.428941
runtime	1.943835
--------------------------------------------------!
***************dt=2.000000***************
***************flag=0***************
--------------------------------------------------!
time		0.000000
wall time	40.035364
*******************************
dgemm_time	35.097595
conv_transfer_time	0.000000
conv_calculate_time	1794.727295
elastic_calculate_time	1794.766602
Allen_Cahn_nonlinear_time	1873.589722
Cahn_Hilliard_nonlinear_time	0.011840
trans_time	30.795210
trans_Memcpy_time	13.119823
trans_MPI_time	13.716454
trans_pack_time	0.323356
trans_enlarge_time	0.592954
trans_mu_time	0.411837
trans_unpack_time	2.135651
updateU_new_time	1.428461
runtime	1.943358
--------------------------------------------------!
***************dt=2.000000***************
***************flag=0***************
--------------------------------------------------!
time		0.000000
wall time	41.983075
*******************************
dgemm_time	35.084793
conv_transfer_time	0.000000
conv_calculate_time	1792.425659
elastic_calculate_time	1792.464233
Allen_Cahn_nonlinear_time	1871.692017
Cahn_Hilliard_nonlinear_time	0.012000
trans_time	35.692390
trans_Memcpy_time	12.969903
trans_MPI_time	18.765022
trans_pack_time	0.322716
trans_enlarge_time	0.592634
trans_mu_time	0.412159
trans_unpack_time	2.142531
updateU_new_time	1.435020
runtime	1.946681
--------------------------------------------------!
***************dt=2.000000***************
***************flag=0***************
--------------------------------------------------!
time		0.000000
wall time	43.930321
*******************************
dgemm_time	35.102390
conv_transfer_time	0.000000
conv_calculate_time	1792.985718
elastic_calculate_time	1793.024780
Allen_Cahn_nonlinear_time	1870.354248
Cahn_Hilliard_nonlinear_time	0.012160
trans_time	31.090460
trans_Memcpy_time	13.063023
trans_MPI_time	14.105726
trans_pack_time	0.331676
trans_enlarge_time	0.588954
trans_mu_time	0.413279
trans_unpack_time	2.141091
updateU_new_time	1.429581
runtime	1.940805
--------------------------------------------------!
***************dt=2.000000***************
***************flag=0***************
--------------------------------------------------!
time		0.000000
wall time	45.880864
*******************************
dgemm_time	35.071831
conv_transfer_time	0.000000
conv_calculate_time	1794.541626
elastic_calculate_time	1794.578247
Allen_Cahn_nonlinear_time	1873.990967
Cahn_Hilliard_nonlinear_time	0.011840
trans_time	31.735949
trans_Memcpy_time	13.085260
trans_MPI_time	14.725236
trans_pack_time	0.325116
trans_enlarge_time	0.596954
trans_mu_time	0.413279
trans_unpack_time	2.136611
updateU_new_time	1.430060
runtime	1.944609
--------------------------------------------------!
***************dt=2.000000***************
***************flag=0***************
--------------------------------------------------!
time		0.000000
wall time	47.825587
*******************************
dgemm_time	35.063828
conv_transfer_time	0.000000
conv_calculate_time	1794.207520
elastic_calculate_time	1794.245605
Allen_Cahn_nonlinear_time	1874.554077
Cahn_Hilliard_nonlinear_time	0.012160
trans_time	30.771893
trans_Memcpy_time	13.073580
trans_MPI_time	13.791648
trans_pack_time	0.317596
trans_enlarge_time	0.587514
trans_mu_time	0.413439
trans_unpack_time	2.129731
updateU_new_time	1.431340
runtime	1.944057
--------------------------------------------------!
***************dt=2.000000***************
***************flag=0***************
--------------------------------------------------!
time		0.000000
wall time	49.774076
*******************************
dgemm_time	35.091187
conv_transfer_time	0.000000
conv_calculate_time	1794.548096
elastic_calculate_time	1794.585938
Allen_Cahn_nonlinear_time	1873.602783
Cahn_Hilliard_nonlinear_time	0.012160
trans_time	30.926098
trans_Memcpy_time	13.035020
trans_MPI_time	13.979165
trans_pack_time	0.327996
trans_enlarge_time	0.592954
trans_mu_time	0.412159
trans_unpack_time	2.131331
updateU_new_time	1.430060
runtime	1.943707
--------------------------------------------------!
***************dt=2.000000***************
***************flag=0***************
--------------------------------------------------!
time		0.000000
wall time	51.721988
*******************************
dgemm_time	35.112625
conv_transfer_time	0.000000
conv_calculate_time	1794.538208
elastic_calculate_time	1794.574829
Allen_Cahn_nonlinear_time	1871.532715
Cahn_Hilliard_nonlinear_time	0.012000
trans_time	30.775879
trans_Memcpy_time	13.071980
trans_MPI_time	13.790208
trans_pack_time	0.323836
trans_enlarge_time	0.587034
trans_mu_time	0.414715
trans_unpack_time	2.134530
updateU_new_time	1.428620
runtime	1.941296
--------------------------------------------------!
***************dt=2.000000***************
***************flag=0***************
--------------------------------------------------!
time		0.000000
wall time	53.669579
*******************************
dgemm_time	35.074867
conv_transfer_time	0.000000
conv_calculate_time	1794.736450
elastic_calculate_time	1794.774292
Allen_Cahn_nonlinear_time	1869.808838
Cahn_Hilliard_nonlinear_time	0.012640
trans_time	30.726288
trans_Memcpy_time	13.045419
trans_MPI_time	13.765727
trans_pack_time	0.325436
trans_enlarge_time	0.592474
trans_mu_time	0.412157
trans_unpack_time	2.135010
updateU_new_time	1.429100
runtime	1.939455
--------------------------------------------------!
***************dt=2.000000***************
***************flag=0***************
--------------------------------------------------!
time		0.000000
wall time	55.614743
*******************************
dgemm_time	35.111343
conv_transfer_time	0.000000
conv_calculate_time	1794.388306
elastic_calculate_time	1794.426270
Allen_Cahn_nonlinear_time	1873.542480
Cahn_Hilliard_nonlinear_time	0.012000
trans_time	31.092691
trans_Memcpy_time	13.067979
trans_MPI_time	14.099001
trans_pack_time	0.322716
trans_enlarge_time	0.589114
trans_mu_time	0.412635
trans_unpack_time	2.148450
updateU_new_time	1.427980
runtime	1.943841
--------------------------------------------------!
***************dt=2.000000***************
***************flag=0***************
--------------------------------------------------!
time		0.000000
wall time	57.558078
*******************************
dgemm_time	35.105103
conv_transfer_time	0.000000
conv_calculate_time	1798.428101
elastic_calculate_time	1798.467529
Allen_Cahn_nonlinear_time	1870.466919
Cahn_Hilliard_nonlinear_time	0.012160
trans_time	30.773947
trans_Memcpy_time	13.021418
trans_MPI_time	13.833567
trans_pack_time	0.326236
trans_enlarge_time	0.591194
trans_mu_time	0.414235
trans_unpack_time	2.132770
updateU_new_time	1.428460
runtime	1.940335
--------------------------------------------------!
***************dt=2.000000***************
***************flag=0***************
--------------------------------------------------!
time		0.000000
wall time	59.505791
*******************************
dgemm_time	35.093102
conv_transfer_time	0.000000
conv_calculate_time	1794.689575
elastic_calculate_time	1794.725342
Allen_Cahn_nonlinear_time	1874.757935
Cahn_Hilliard_nonlinear_time	0.012160
trans_time	31.031380
trans_Memcpy_time	13.076297
trans_MPI_time	14.030204
trans_pack_time	0.324316
trans_enlarge_time	0.591994
trans_mu_time	0.415515
trans_unpack_time	2.141890
updateU_new_time	1.428940
runtime	1.947013
--------------------------------------------------!
***************dt=2.000000***************
***************flag=0***************
--------------------------------------------------!
time		0.000000
wall time	61.449990
*******************************
dgemm_time	35.098381
conv_transfer_time	0.000000
conv_calculate_time	1794.259766
elastic_calculate_time	1794.296509
Allen_Cahn_nonlinear_time	1873.811035
Cahn_Hilliard_nonlinear_time	0.011840
trans_time	31.380116
trans_Memcpy_time	13.055817
trans_MPI_time	14.414996
trans_pack_time	0.323196
trans_enlarge_time	0.584954
trans_mu_time	0.413274
trans_unpack_time	2.139810
updateU_new_time	1.429260
runtime	1.944117
--------------------------------------------------!
***************dt=2.000000***************
***************flag=0***************
--------------------------------------------------!
time		0.000000
wall time	63.400873
*******************************
dgemm_time	35.104622
conv_transfer_time	0.000000
conv_calculate_time	1794.465576
elastic_calculate_time	1794.503174
Allen_Cahn_nonlinear_time	1870.703125
Cahn_Hilliard_nonlinear_time	0.012000
trans_time	31.179398
trans_Memcpy_time	13.076297
trans_MPI_time	14.188599
trans_pack_time	0.330556
trans_enlarge_time	0.584954
trans_mu_time	0.415354
trans_unpack_time	2.134210
updateU_new_time	1.429580
runtime	1.941248
--------------------------------------------------!
***************dt=2.000000***************
***************flag=0***************
--------------------------------------------------!
time		0.000000
wall time	65.348879
*******************************
dgemm_time	35.080299
conv_transfer_time	0.000000
conv_calculate_time	1794.522949
elastic_calculate_time	1794.562622
Allen_Cahn_nonlinear_time	1872.138062
Cahn_Hilliard_nonlinear_time	0.011680
trans_time	31.119947
trans_Memcpy_time	13.064775
trans_MPI_time	14.110519
trans_pack_time	0.334876
trans_enlarge_time	0.587034
trans_mu_time	0.414714
trans_unpack_time	2.157410
updateU_new_time	1.428460
runtime	1.942597
--------------------------------------------------!
***************dt=2.000000***************
***************flag=0***************
--------------------------------------------------!
time		0.000000
wall time	67.294003
*******************************
dgemm_time	35.091820
conv_transfer_time	0.000000
conv_calculate_time	1793.995483
elastic_calculate_time	1794.034668
Allen_Cahn_nonlinear_time	1879.095581
Cahn_Hilliard_nonlinear_time	0.011840
trans_time	31.136557
trans_Memcpy_time	13.059975
trans_MPI_time	14.173879
trans_pack_time	0.320956
trans_enlarge_time	0.592794
trans_mu_time	0.411354
trans_unpack_time	2.131650
updateU_new_time	1.428780
runtime	1.949138
--------------------------------------------------!
***************dt=2.000000***************
***************flag=0***************
--------------------------------------------------!
time		0.000000
wall time	69.240480
*******************************
dgemm_time	35.132774
conv_transfer_time	0.000000
conv_calculate_time	1794.432861
elastic_calculate_time	1794.472168
Allen_Cahn_nonlinear_time	1872.524780
Cahn_Hilliard_nonlinear_time	0.012320
trans_time	31.147905
trans_Memcpy_time	13.078055
trans_MPI_time	14.101560
trans_pack_time	0.324636
trans_enlarge_time	0.591994
trans_mu_time	0.414714
trans_unpack_time	2.130690
updateU_new_time	1.430540
runtime	1.942918
--------------------------------------------------!
***************dt=2.000000***************
***************flag=0***************
--------------------------------------------------!
time		0.000000
wall time	71.193475
*******************************
dgemm_time	35.060619
conv_transfer_time	0.000000
conv_calculate_time	1794.020508
elastic_calculate_time	1794.059082
Allen_Cahn_nonlinear_time	1873.293335
Cahn_Hilliard_nonlinear_time	0.012160
trans_time	30.862160
trans_Memcpy_time	13.077734
trans_MPI_time	13.881882
trans_pack_time	0.325916
trans_enlarge_time	0.583354
trans_mu_time	0.412954
trans_unpack_time	2.133090
updateU_new_time	1.428140
runtime	1.943246
--------------------------------------------------!
***************dt=2.000000***************
***************flag=0***************
--------------------------------------------------!
time		0.000000
wall time	73.140239
*******************************
dgemm_time	35.071335
conv_transfer_time	0.000000
conv_calculate_time	1794.120605
elastic_calculate_time	1794.157471
Allen_Cahn_nonlinear_time	1870.672485
Cahn_Hilliard_nonlinear_time	0.012160
trans_time	30.841518
trans_Memcpy_time	13.034055
trans_MPI_time	13.886042
trans_pack_time	0.327836
trans_enlarge_time	0.593114
trans_mu_time	0.411034
trans_unpack_time	2.136930
updateU_new_time	1.431660
runtime	1.940573
--------------------------------------------------!
***************dt=2.000000***************
***************flag=0***************
--------------------------------------------------!
time		0.000000
wall time	75.087353
*******************************
dgemm_time	35.058376
conv_transfer_time	0.000000
conv_calculate_time	1792.885742
elastic_calculate_time	1792.924194
Allen_Cahn_nonlinear_time	1870.404541
Cahn_Hilliard_nonlinear_time	0.011680
trans_time	31.575558
trans_Memcpy_time	13.108934
trans_MPI_time	14.518513
trans_pack_time	0.348636
trans_enlarge_time	0.595674
trans_mu_time	0.416314
trans_unpack_time	2.137410
updateU_new_time	1.428620
runtime	1.940482
--------------------------------------------------!
***************dt=2.000000***************
***************flag=0***************
--------------------------------------------------!
time		0.000000
wall time	77.031787
*******************************
dgemm_time	35.095173
conv_transfer_time	0.000000
conv_calculate_time	1793.776123
elastic_calculate_time	1793.813599
Allen_Cahn_nonlinear_time	1874.013794
Cahn_Hilliard_nonlinear_time	0.012160
trans_time	30.730429
trans_Memcpy_time	12.995815
trans_MPI_time	13.824282
trans_pack_time	0.325756
trans_enlarge_time	0.587354
trans_mu_time	0.410874
trans_unpack_time	2.134370
updateU_new_time	1.430860
runtime	1.943781
--------------------------------------------------!
***************dt=2.000000***************
***************flag=0***************
--------------------------------------------------!
time		0.000000
wall time	78.976149
*******************************
dgemm_time	35.067017
conv_transfer_time	0.000000
conv_calculate_time	1795.687988
elastic_calculate_time	1795.726074
Allen_Cahn_nonlinear_time	1870.067749
Cahn_Hilliard_nonlinear_time	0.012160
trans_time	30.986944
trans_Memcpy_time	13.086052
trans_MPI_time	13.989080
trans_pack_time	0.324636
trans_enlarge_time	0.591354
trans_mu_time	0.413114
trans_unpack_time	2.133890
updateU_new_time	1.439180
runtime	1.940644
--------------------------------------------------!
***************dt=2.000000***************
***************flag=0***************
--------------------------------------------------!
time		0.000000
wall time	80.923799
*******************************
dgemm_time	35.109818
conv_transfer_time	0.000000
conv_calculate_time	1794.106812
elastic_calculate_time	1794.146240
Allen_Cahn_nonlinear_time	1870.985474
Cahn_Hilliard_nonlinear_time	0.012800
trans_time	31.238420
trans_Memcpy_time	13.073894
trans_MPI_time	14.236596
trans_pack_time	0.325756
trans_enlarge_time	0.595354
trans_mu_time	0.413914
trans_unpack_time	2.144609
updateU_new_time	1.429743
runtime	1.941750
--------------------------------------------------!
***************dt=2.000000***************
***************flag=0***************
--------------------------------------------------!
time		0.000000
wall time	82.868322
*******************************
dgemm_time	35.098946
conv_transfer_time	0.000000
conv_calculate_time	1793.051758
elastic_calculate_time	1793.090210
Allen_Cahn_nonlinear_time	1870.864136
Cahn_Hilliard_nonlinear_time	0.012000
trans_time	31.231359
trans_Memcpy_time	13.036966
trans_MPI_time	14.272951
trans_pack_time	0.320797
trans_enlarge_time	0.593274
trans_mu_time	0.412960
trans_unpack_time	2.140295
updateU_new_time	1.428957
runtime	1.942025
--------------------------------------------------!
***************dt=2.000000***************
***************flag=0***************
--------------------------------------------------!
time		0.000000
wall time	84.813928
*******************************
dgemm_time	35.087944
conv_transfer_time	0.000000
conv_calculate_time	1793.961792
elastic_calculate_time	1794.000244
Allen_Cahn_nonlinear_time	1870.879761
Cahn_Hilliard_nonlinear_time	0.012000
trans_time	30.762035
trans_Memcpy_time	13.037089
trans_MPI_time	13.783006
trans_pack_time	0.344000
trans_enlarge_time	0.595680
trans_mu_time	0.413760
trans_unpack_time	2.138555
updateU_new_time	1.430238
runtime	1.940736
--------------------------------------------------!
***************dt=2.000000***************
***************flag=0***************
--------------------------------------------------!
time		0.000000
wall time	86.759823
*******************************
dgemm_time	35.098495
conv_transfer_time	0.000000
conv_calculate_time	1793.918701
elastic_calculate_time	1793.955444
Allen_Cahn_nonlinear_time	1870.932983
Cahn_Hilliard_nonlinear_time	0.012480
trans_time	31.159321
trans_Memcpy_time	13.041101
trans_MPI_time	14.202858
trans_pack_time	0.322880
trans_enlarge_time	0.594080
trans_mu_time	0.413920
trans_unpack_time	2.132637
updateU_new_time	1.429278
runtime	1.941157
--------------------------------------------------!
***************dt=2.000000***************
***************flag=0***************
--------------------------------------------------!
time		0.000000
wall time	88.704427
*******************************
dgemm_time	35.094807
conv_transfer_time	0.000000
conv_calculate_time	1792.745361
elastic_calculate_time	1792.784546
Allen_Cahn_nonlinear_time	1869.181763
Cahn_Hilliard_nonlinear_time	0.011680
trans_time	31.171762
trans_Memcpy_time	13.041418
trans_MPI_time	14.222854
trans_pack_time	0.322560
trans_enlarge_time	0.591840
trans_mu_time	0.410080
trans_unpack_time	2.135996
updateU_new_time	1.448637
runtime	1.939383
--------------------------------------------------!
***************dt=2.000000***************
***************flag=0***************
--------------------------------------------------!
time		0.000000
wall time	90.649460
*******************************
dgemm_time	35.079117
conv_transfer_time	0.000000
conv_calculate_time	1793.875854
elastic_calculate_time	1793.911987
Allen_Cahn_nonlinear_time	1871.039551
Cahn_Hilliard_nonlinear_time	0.012000
trans_time	30.678715
trans_Memcpy_time	13.039494
trans_MPI_time	13.717732
trans_pack_time	0.318240
trans_enlarge_time	0.603680
trans_mu_time	0.412000
trans_unpack_time	2.138876
updateU_new_time	1.428157
runtime	1.940528
--------------------------------------------------!
***************dt=2.000000***************
***************flag=0***************
--------------------------------------------------!
time		0.000000
wall time	92.592730
*******************************
dgemm_time	35.086784
conv_transfer_time	0.000000
conv_calculate_time	1796.564331
elastic_calculate_time	1796.602173
Allen_Cahn_nonlinear_time	1870.848145
Cahn_Hilliard_nonlinear_time	0.012160
trans_time	30.837406
trans_Memcpy_time	13.030531
trans_MPI_time	13.886688
trans_pack_time	0.324320
trans_enlarge_time	0.591200
trans_mu_time	0.414720
trans_unpack_time	2.140955
updateU_new_time	1.427837
runtime	1.940631
--------------------------------------------------!
***************dt=2.000000***************
***************flag=0***************
--------------------------------------------------!
time		0.000000
wall time	94.537143
*******************************
dgemm_time	35.100697
conv_transfer_time	0.000000
conv_calculate_time	1793.439941
elastic_calculate_time	1793.477417
Allen_Cahn_nonlinear_time	1869.402466
Cahn_Hilliard_nonlinear_time	0.012480
trans_time	31.127089
trans_Memcpy_time	13.066209
trans_MPI_time	14.130363
trans_pack_time	0.337760
trans_enlarge_time	0.587520
trans_mu_time	0.413600
trans_unpack_time	2.139195
updateU_new_time	1.429596
runtime	1.939472
--------------------------------------------------!
***************dt=2.000000***************
***************flag=0***************
--------------------------------------------------!
time		0.000000
wall time	96.481648
*******************************
dgemm_time	35.086609
conv_transfer_time	0.000000
conv_calculate_time	1793.447388
elastic_calculate_time	1793.483154
Allen_Cahn_nonlinear_time	1869.802246
Cahn_Hilliard_nonlinear_time	0.012800
trans_time	30.424982
trans_Memcpy_time	13.069085
trans_MPI_time	13.438682
trans_pack_time	0.323680
trans_enlarge_time	0.588640
trans_mu_time	0.418080
trans_unpack_time	2.136314
updateU_new_time	1.428156
runtime	1.939220
--------------------------------------------------!
***************dt=2.000000***************
***************flag=0***************
--------------------------------------------------!
time		0.000000
wall time	98.425003
*******************************
dgemm_time	35.123245
conv_transfer_time	0.000000
conv_calculate_time	1796.394287
elastic_calculate_time	1796.433838
Allen_Cahn_nonlinear_time	1874.215088
Cahn_Hilliard_nonlinear_time	0.012000
trans_time	30.875074
trans_Memcpy_time	13.042521
trans_MPI_time	13.924917
trans_pack_time	0.321440
trans_enlarge_time	0.588320
trans_mu_time	0.411680
trans_unpack_time	2.132474
updateU_new_time	1.457596
runtime	1.943935
--------------------------------------------------!
***************dt=2.000000***************
***************flag=0***************
--------------------------------------------------!
time		0.000000
wall time	100.368126
*******************************
dgemm_time	35.049797
conv_transfer_time	0.000000
conv_calculate_time	1794.601807
elastic_calculate_time	1794.640259
Allen_Cahn_nonlinear_time	1872.478394
Cahn_Hilliard_nonlinear_time	0.012000
trans_time	30.781609
trans_Memcpy_time	13.079479
trans_MPI_time	13.721076
trans_pack_time	0.333600
trans_enlarge_time	0.587840
trans_mu_time	0.414240
trans_unpack_time	2.134073
updateU_new_time	1.430555
runtime	1.942246
--------------------------------------------------!
***************dt=2.000000***************
***************flag=0***************
--------------------------------------------------!
time		0.000000
wall time	102.315933
*******************************
dgemm_time	35.056026
conv_transfer_time	0.000000
conv_calculate_time	1793.365723
elastic_calculate_time	1793.403076
Allen_Cahn_nonlinear_time	1873.291870
Cahn_Hilliard_nonlinear_time	0.012320
trans_time	27.186363
trans_Memcpy_time	13.209077
trans_MPI_time	10.074685
trans_pack_time	0.325280
trans_enlarge_time	0.585920
trans_mu_time	0.414720
trans_unpack_time	2.130393
updateU_new_time	1.431515
runtime	1.940363
--------------------------------------------------!
***************dt=2.000000***************
***************flag=0***************
--------------------------------------------------!
time		0.000000
wall time	104.258336
*******************************
dgemm_time	35.041016
conv_transfer_time	0.000000
conv_calculate_time	1797.578613
elastic_calculate_time	1797.616211
Allen_Cahn_nonlinear_time	1874.921143
Cahn_Hilliard_nonlinear_time	0.012160
trans_time	27.030008
trans_Memcpy_time	13.165873
trans_MPI_time	9.961084
trans_pack_time	0.321120
trans_enlarge_time	0.588160
trans_mu_time	0.416000
trans_unpack_time	2.133752
updateU_new_time	1.430556
runtime	1.943822
--------------------------------------------------!
***************dt=2.000000***************
***************flag=0***************
--------------------------------------------------!
time		0.000000
wall time	106.198772
*******************************
dgemm_time	35.088409
conv_transfer_time	0.000000
conv_calculate_time	1799.686890
elastic_calculate_time	1799.725708
Allen_Cahn_nonlinear_time	1871.462646
Cahn_Hilliard_nonlinear_time	0.012160
trans_time	27.108980
trans_Memcpy_time	13.161083
trans_MPI_time	10.037091
trans_pack_time	0.321760
trans_enlarge_time	0.594080
trans_mu_time	0.413600
trans_unpack_time	2.135834
updateU_new_time	1.428637
runtime	1.937724
--------------------------------------------------!
***************dt=2.000000***************
***************flag=0***************
--------------------------------------------------!
time		0.000000
wall time	108.142681
*******************************
dgemm_time	35.106518
conv_transfer_time	0.000000
conv_calculate_time	1792.676514
elastic_calculate_time	1792.713501
Allen_Cahn_nonlinear_time	1869.892456
Cahn_Hilliard_nonlinear_time	0.011680
trans_time	27.463816
trans_Memcpy_time	13.163815
trans_MPI_time	10.403820
trans_pack_time	0.327840
trans_enlarge_time	0.587200
trans_mu_time	0.415200
trans_unpack_time	2.120956
updateU_new_time	1.456639
runtime	1.936717
--------------------------------------------------!
***************dt=2.000000***************
***************flag=0***************
--------------------------------------------------!
time		0.000000
wall time	110.080488
*******************************
dgemm_time	35.072948
conv_transfer_time	0.000000
conv_calculate_time	1793.496582
elastic_calculate_time	1793.534058
Allen_Cahn_nonlinear_time	1869.378906
Cahn_Hilliard_nonlinear_time	0.012000
trans_time	27.218340
trans_Memcpy_time	13.166069
trans_MPI_time	10.143670
trans_pack_time	0.329600
trans_enlarge_time	0.594400
trans_mu_time	0.411360
trans_unpack_time	2.127838
updateU_new_time	1.428960
runtime	1.935811
--------------------------------------------------!
***************dt=2.000000***************
***************flag=0***************
--------------------------------------------------!
time		0.000000
wall time	112.017281
*******************************
dgemm_time	35.064018
conv_transfer_time	0.000000
conv_calculate_time	1793.321167
elastic_calculate_time	1793.363647
Allen_Cahn_nonlinear_time	1869.226685
Cahn_Hilliard_nonlinear_time	0.012160
trans_time	26.750784
trans_Memcpy_time	13.160480
trans_MPI_time	9.674559
trans_pack_time	0.324480
trans_enlarge_time	0.594880
trans_mu_time	0.415040
trans_unpack_time	2.137600
updateU_new_time	1.430400
runtime	1.935247
--------------------------------------------------!
***************dt=2.000000***************
***************flag=0***************
--------------------------------------------------!
time		0.000000
wall time	113.953166
*******************************
dgemm_time	35.097328
conv_transfer_time	0.000000
conv_calculate_time	1794.408081
elastic_calculate_time	1794.445435
Allen_Cahn_nonlinear_time	1872.370728
Cahn_Hilliard_nonlinear_time	0.012000
trans_time	27.528807
trans_Memcpy_time	13.195044
trans_MPI_time	10.417284
trans_pack_time	0.330240
trans_enlarge_time	0.592480
trans_mu_time	0.414880
trans_unpack_time	2.133601
updateU_new_time	1.434721
runtime	1.940717
--------------------------------------------------!
***************dt=2.000000***************
***************flag=0***************
--------------------------------------------------!
time		0.000000
wall time	115.888484
*******************************
dgemm_time	35.087112
conv_transfer_time	0.000000
conv_calculate_time	1794.884766
elastic_calculate_time	1794.922852
Allen_Cahn_nonlinear_time	1871.820923
Cahn_Hilliard_nonlinear_time	0.011680
trans_time	27.600229
trans_Memcpy_time	13.270736
trans_MPI_time	10.416492
trans_pack_time	0.325280
trans_enlarge_time	0.596800
trans_mu_time	0.412000
trans_unpack_time	2.132802
updateU_new_time	1.429603
runtime	1.938683
--------------------------------------------------!
***************dt=2.000000***************
***************flag=0***************
--------------------------------------------------!
time		0.000000
wall time	117.829273
*******************************
dgemm_time	35.069702
conv_transfer_time	0.000000
conv_calculate_time	1794.578003
elastic_calculate_time	1794.615845
Allen_Cahn_nonlinear_time	1867.350220
Cahn_Hilliard_nonlinear_time	0.011840
trans_time	27.528391
trans_Memcpy_time	13.184987
trans_MPI_time	10.436982
trans_pack_time	0.322880
trans_enlarge_time	0.586080
trans_mu_time	0.413760
trans_unpack_time	2.136804
updateU_new_time	1.449764
runtime	1.934224
--------------------------------------------------!
***************dt=2.000000***************
***************flag=0***************
--------------------------------------------------!
time		0.000000
wall time	119.768043
*******************************
dgemm_time	35.075329
conv_transfer_time	0.000000
conv_calculate_time	1794.588135
elastic_calculate_time	1794.626953
Allen_Cahn_nonlinear_time	1874.195557
Cahn_Hilliard_nonlinear_time	0.012000
trans_time	27.049259
trans_Memcpy_time	13.209797
trans_MPI_time	9.908829
trans_pack_time	0.325920
trans_enlarge_time	0.597280
trans_mu_time	0.413760
trans_unpack_time	2.145766
updateU_new_time	1.430085
runtime	1.943513
--------------------------------------------------!
***************dt=2.000000***************
***************flag=0***************
--------------------------------------------------!
time		0.000000
wall time	121.702336
*******************************
dgemm_time	35.095673
conv_transfer_time	0.000000
conv_calculate_time	1792.974854
elastic_calculate_time	1793.013062
Allen_Cahn_nonlinear_time	1876.073975
Cahn_Hilliard_nonlinear_time	0.011680
trans_time	27.392801
trans_Memcpy_time	13.220046
trans_MPI_time	10.255877
trans_pack_time	0.321280
trans_enlarge_time	0.599040
trans_mu_time	0.412320
trans_unpack_time	2.138887
updateU_new_time	1.428166
runtime	1.941416
--------------------------------------------------!
***************dt=2.000000***************
***************flag=0***************
--------------------------------------------------!
time		0.000000
wall time	123.645930
*******************************
dgemm_time	35.084816
conv_transfer_time	0.000000
conv_calculate_time	1794.390015
elastic_calculate_time	1794.427368
Allen_Cahn_nonlinear_time	1872.620850
Cahn_Hilliard_nonlinear_time	0.011680
trans_time	27.376842
trans_Memcpy_time	13.175254
trans_MPI_time	10.296204
trans_pack_time	0.330080
trans_enlarge_time	0.587360
trans_mu_time	0.410720
trans_unpack_time	2.130729
updateU_new_time	1.429607
runtime	1.939072
--------------------------------------------------!
***************dt=2.000000***************
***************flag=0***************
--------------------------------------------------!
time		0.000000
wall time	125.587418
*******************************
dgemm_time	35.080360
conv_transfer_time	0.000000
conv_calculate_time	1794.972656
elastic_calculate_time	1795.011963
Allen_Cahn_nonlinear_time	1872.406128
Cahn_Hilliard_nonlinear_time	0.012640
trans_time	27.565052
trans_Memcpy_time	13.164544
trans_MPI_time	10.484213
trans_pack_time	0.328480
trans_enlarge_time	0.592480
trans_mu_time	0.413280
trans_unpack_time	2.131210
updateU_new_time	1.428808
runtime	1.939115
--------------------------------------------------!
***************dt=2.000000***************
***************flag=0***************
--------------------------------------------------!
time		0.000000
wall time	127.526577
*******************************
dgemm_time	35.088360
conv_transfer_time	0.000000
conv_calculate_time	1793.519165
elastic_calculate_time	1793.571533
Allen_Cahn_nonlinear_time	1873.058350
Cahn_Hilliard_nonlinear_time	0.012000
trans_time	26.974947
trans_Memcpy_time	13.149835
trans_MPI_time	9.925816
trans_pack_time	0.324001
trans_enlarge_time	0.586240
trans_mu_time	0.414080
trans_unpack_time	2.128172
updateU_new_time	1.438248
runtime	1.939162
--------------------------------------------------!
***************dt=2.000000***************
***************flag=0***************
--------------------------------------------------!
time		0.000000
wall time	129.465787
*******************************
dgemm_time	35.108353
conv_transfer_time	0.000000
conv_calculate_time	1794.234985
elastic_calculate_time	1794.272461
Allen_Cahn_nonlinear_time	1870.670410
Cahn_Hilliard_nonlinear_time	0.012320
trans_time	27.216686
trans_Memcpy_time	13.264554
trans_MPI_time	9.992216
trans_pack_time	0.336641
trans_enlarge_time	0.586240
trans_mu_time	0.412640
trans_unpack_time	2.132012
updateU_new_time	1.427687
runtime	1.936985
--------------------------------------------------!
***************dt=2.000000***************
***************flag=0***************
--------------------------------------------------!
time		0.000000
wall time	131.405062
*******************************
dgemm_time	35.088188
conv_transfer_time	0.000000
conv_calculate_time	1794.253418
elastic_calculate_time	1794.291748
Allen_Cahn_nonlinear_time	1871.998169
Cahn_Hilliard_nonlinear_time	0.011840
trans_time	27.163660
trans_Memcpy_time	13.169509
trans_MPI_time	10.081334
trans_pack_time	0.324801
trans_enlarge_time	0.590560
trans_mu_time	0.413600
trans_unpack_time	2.138091
updateU_new_time	1.429927
runtime	1.939909
--------------------------------------------------!
***************dt=2.000000***************
***************flag=0***************
--------------------------------------------------!
time		0.000000
wall time	133.342138
*******************************
dgemm_time	35.089943
conv_transfer_time	0.000000
conv_calculate_time	1793.463501
elastic_calculate_time	1793.502686
Allen_Cahn_nonlinear_time	1869.217407
Cahn_Hilliard_nonlinear_time	0.012000
trans_time	27.471786
trans_Memcpy_time	13.188869
trans_MPI_time	10.369654
trans_pack_time	0.334880
trans_enlarge_time	0.589120
trans_mu_time	0.413120
trans_unpack_time	2.128811
updateU_new_time	1.429927
runtime	1.936122
--------------------------------------------------!
***************dt=2.000000***************
***************flag=0***************
--------------------------------------------------!
time		0.000000
wall time	135.282132
*******************************
dgemm_time	35.113136
conv_transfer_time	0.000000
conv_calculate_time	1794.701782
elastic_calculate_time	1794.740112
Allen_Cahn_nonlinear_time	1872.957642
Cahn_Hilliard_nonlinear_time	0.011840
trans_time	27.653355
trans_Memcpy_time	13.173183
trans_MPI_time	10.549812
trans_pack_time	0.324960
trans_enlarge_time	0.599040
trans_mu_time	0.414880
trans_unpack_time	2.137931
updateU_new_time	1.428967
runtime	1.939874
--------------------------------------------------!
***************dt=2.000000***************
***************flag=0***************
--------------------------------------------------!
time		0.000000
wall time	137.218353
*******************************
dgemm_time	35.081451
conv_transfer_time	0.000000
conv_calculate_time	1793.995483
elastic_calculate_time	1794.035400
Allen_Cahn_nonlinear_time	1869.366211
Cahn_Hilliard_nonlinear_time	0.012000
trans_time	27.001106
trans_Memcpy_time	13.177504
trans_MPI_time	9.911408
trans_pack_time	0.327200
trans_enlarge_time	0.595360
trans_mu_time	0.414240
trans_unpack_time	2.123370
updateU_new_time	1.436807
runtime	1.935376
--------------------------------------------------!
***************dt=2.000000***************
***************flag=0***************
--------------------------------------------------!
time		0.000000
wall time	139.158308
*******************************
dgemm_time	35.077606
conv_transfer_time	0.000000
conv_calculate_time	1795.068115
elastic_calculate_time	1795.105103
Allen_Cahn_nonlinear_time	1872.796753
Cahn_Hilliard_nonlinear_time	0.012160
trans_time	26.985212
trans_Memcpy_time	13.251583
trans_MPI_time	9.821807
trans_pack_time	0.323520
trans_enlarge_time	0.588960
trans_mu_time	0.411360
trans_unpack_time	2.138570
updateU_new_time	1.429126
runtime	1.939049
--------------------------------------------------!
***************dt=2.000000***************
***************flag=0***************
--------------------------------------------------!
time		0.000000
wall time	141.093767
*******************************
dgemm_time	35.094398
conv_transfer_time	0.000000
conv_calculate_time	1794.571045
elastic_calculate_time	1794.608154
Allen_Cahn_nonlinear_time	1870.392090
Cahn_Hilliard_nonlinear_time	0.012160
trans_time	27.248178
trans_Memcpy_time	13.182940
trans_MPI_time	10.163246
trans_pack_time	0.321760
trans_enlarge_time	0.588960
trans_mu_time	0.413280
trans_unpack_time	2.132810
updateU_new_time	1.428646
runtime	1.936803
--------------------------------------------------!
***************dt=2.000000***************
***************flag=0***************
--------------------------------------------------!
time		0.000000
wall time	143.032916
*******************************
dgemm_time	35.050713
conv_transfer_time	0.000000
conv_calculate_time	1792.641724
elastic_calculate_time	1792.679932
Allen_Cahn_nonlinear_time	1868.692749
Cahn_Hilliard_nonlinear_time	0.012320
trans_time	27.836239
trans_Memcpy_time	13.147418
trans_MPI_time	10.773647
trans_pack_time	0.333280
trans_enlarge_time	0.593280
trans_mu_time	0.410720
trans_unpack_time	2.131529
updateU_new_time	1.426566
runtime	1.935519
--------------------------------------------------!
***************dt=2.000000***************
***************flag=0***************
--------------------------------------------------!
time		0.000000
wall time	144.969809
*******************************
dgemm_time	35.086868
conv_transfer_time	0.000000
conv_calculate_time	1793.293945
elastic_calculate_time	1793.331787
Allen_Cahn_nonlinear_time	1870.403931
Cahn_Hilliard_nonlinear_time	0.012000
trans_time	27.585213
trans_Memcpy_time	13.132855
trans_MPI_time	10.544366
trans_pack_time	0.322560
trans_enlarge_time	0.592160
trans_mu_time	0.414080
trans_unpack_time	2.135209
updateU_new_time	1.428166
runtime	1.937781
--------------------------------------------------!
***************dt=2.000000***************
***************flag=0***************
--------------------------------------------------!
time		0.000000
wall time	146.905413
*******************************
dgemm_time	35.112946
conv_transfer_time	0.000000
conv_calculate_time	1793.866821
elastic_calculate_time	1793.904785
Allen_Cahn_nonlinear_time	1869.086304
Cahn_Hilliard_nonlinear_time	0.012000
trans_time	27.284206
trans_Memcpy_time	13.177653
trans_MPI_time	10.204203
trans_pack_time	0.324640
trans_enlarge_time	0.585600
trans_mu_time	0.414080
trans_unpack_time	2.131369
updateU_new_time	1.441606
runtime	1.935378
--------------------------------------------------!
***************dt=2.000000***************
***************flag=0***************
--------------------------------------------------!
time		0.000000
wall time	148.843282
*******************************
dgemm_time	35.084301
conv_transfer_time	0.000000
conv_calculate_time	1792.951538
elastic_calculate_time	1792.989868
Allen_Cahn_nonlinear_time	1868.751221
Cahn_Hilliard_nonlinear_time	0.012320
trans_time	27.611994
trans_Memcpy_time	13.184052
trans_MPI_time	10.535883
trans_pack_time	0.320960
trans_enlarge_time	0.582400
trans_mu_time	0.412800
trans_unpack_time	2.127208
updateU_new_time	1.430085
runtime	1.935426
--------------------------------------------------!
***************dt=2.000000***************
***************flag=0***************
--------------------------------------------------!
time		0.000000
wall time	150.778746
*******************************
dgemm_time	35.092937
conv_transfer_time	0.000000
conv_calculate_time	1793.064941
elastic_calculate_time	1793.100464
Allen_Cahn_nonlinear_time	1871.299683
Cahn_Hilliard_nonlinear_time	0.011840
trans_time	27.661442
trans_Memcpy_time	13.137968
trans_MPI_time	10.616682
trans_pack_time	0.322240
trans_enlarge_time	0.584800
trans_mu_time	0.411040
trans_unpack_time	2.146568
updateU_new_time	1.426725
runtime	1.939652
--------------------------------------------------!
***************dt=2.000000***************
***************flag=0***************
--------------------------------------------------!
time		0.000000
wall time	152.714244
*******************************
dgemm_time	35.052132
conv_transfer_time	0.000000
conv_calculate_time	1793.453613
elastic_calculate_time	1793.491089
Allen_Cahn_nonlinear_time	1869.580566
Cahn_Hilliard_nonlinear_time	0.012320
trans_time	27.254236
trans_Memcpy_time	13.128207
trans_MPI_time	10.199718
trans_pack_time	0.328480
trans_enlarge_time	0.594080
trans_mu_time	0.416640
trans_unpack_time	2.140328
updateU_new_time	1.430405
runtime	1.936072
--------------------------------------------------!
***************dt=2.000000***************
***************flag=0***************
--------------------------------------------------!
time		0.000000
wall time	154.654014
*******************************
dgemm_time	35.075485
conv_transfer_time	0.000000
conv_calculate_time	1794.746216
elastic_calculate_time	1794.784058
Allen_Cahn_nonlinear_time	1872.363770
Cahn_Hilliard_nonlinear_time	0.011840
trans_time	27.210403
trans_Memcpy_time	13.168528
trans_MPI_time	10.133636
trans_pack_time	0.323520
trans_enlarge_time	0.589280
trans_mu_time	0.413120
trans_unpack_time	2.134888
updateU_new_time	1.431045
runtime	1.938608
--------------------------------------------------!
***************dt=2.000000***************
***************flag=0***************
--------------------------------------------------!
time		0.000000
wall time	156.590188
*******************************
dgemm_time	35.083164
conv_transfer_time	0.000000
conv_calculate_time	1794.817749
elastic_calculate_time	1794.855591
Allen_Cahn_nonlinear_time	1870.750610
Cahn_Hilliard_nonlinear_time	0.012000
trans_time	27.450060
trans_Memcpy_time	13.144525
trans_MPI_time	10.396675
trans_pack_time	0.324800
trans_enlarge_time	0.585760
trans_mu_time	0.410720
trans_unpack_time	2.137607
updateU_new_time	1.441925
runtime	1.937013
--------------------------------------------------!
***************dt=2.000000***************
***************flag=0***************
--------------------------------------------------!
time		0.000000
wall time	158.528880
*******************************
dgemm_time	35.089878
conv_transfer_time	0.000000
conv_calculate_time	1792.861206
elastic_calculate_time	1792.900269
Allen_Cahn_nonlinear_time	1871.314941
Cahn_Hilliard_nonlinear_time	0.012000
trans_time	27.516586
trans_Memcpy_time	13.163723
trans_MPI_time	10.443075
trans_pack_time	0.323520
trans_enlarge_time	0.590400
trans_mu_time	0.413120
trans_unpack_time	2.137927
updateU_new_time	1.429124
runtime	1.938270
--------------------------------------------------!
***************dt=2.000000***************
***************flag=0***************
--------------------------------------------------!
time		0.000000
wall time	160.465979
*******************************
dgemm_time	35.091793
conv_transfer_time	0.000000
conv_calculate_time	1794.578735
elastic_calculate_time	1794.617188
Allen_Cahn_nonlinear_time	1872.130859
Cahn_Hilliard_nonlinear_time	0.012160
trans_time	27.616674
trans_Memcpy_time	13.221323
trans_MPI_time	10.435555
trans_pack_time	0.318400
trans_enlarge_time	0.597440
trans_mu_time	0.414720
trans_unpack_time	2.135527
updateU_new_time	1.429924
runtime	1.938887
--------------------------------------------------!
***************dt=2.000000***************
***************flag=0***************
--------------------------------------------------!
time		0.000000
wall time	162.404329
*******************************
dgemm_time	35.098030
conv_transfer_time	0.000000
conv_calculate_time	1795.370483
elastic_calculate_time	1795.408569
Allen_Cahn_nonlinear_time	1873.475342
Cahn_Hilliard_nonlinear_time	0.011840
trans_time	26.883369
trans_Memcpy_time	13.157962
trans_MPI_time	9.818750
trans_pack_time	0.319520
trans_enlarge_time	0.592960
trans_mu_time	0.413120
trans_unpack_time	2.131207
updateU_new_time	1.428484
runtime	1.939481
--------------------------------------------------!
***************dt=2.000000***************
***************flag=0***************
--------------------------------------------------!
time		0.000000
wall time	164.343289
*******************************
dgemm_time	35.088905
conv_transfer_time	0.000000
conv_calculate_time	1793.709717
elastic_calculate_time	1793.746582
Allen_Cahn_nonlinear_time	1872.456055
Cahn_Hilliard_nonlinear_time	0.011680
trans_time	26.871086
trans_Memcpy_time	13.165318
trans_MPI_time	9.800510
trans_pack_time	0.322560
trans_enlarge_time	0.594240
trans_mu_time	0.414080
trans_unpack_time	2.128006
updateU_new_time	1.429924
runtime	1.938220
--------------------------------------------------!
***************dt=2.000000***************
***************flag=0***************
--------------------------------------------------!
time		0.000000
wall time	166.282841
*******************************
dgemm_time	35.076103
conv_transfer_time	0.000000
conv_calculate_time	1792.692627
elastic_calculate_time	1792.729248
Allen_Cahn_nonlinear_time	1873.668457
Cahn_Hilliard_nonlinear_time	0.012320
trans_time	27.105022
trans_Memcpy_time	13.160357
trans_MPI_time	10.036350
trans_pack_time	0.327520
trans_enlarge_time	0.586560
trans_mu_time	0.412800
trans_unpack_time	2.137766
updateU_new_time	1.434404
runtime	1.940028
--------------------------------------------------!
***************dt=2.000000***************
***************flag=0***************
--------------------------------------------------!
time		0.000000
wall time	168.221162
*******************************
dgemm_time	35.088577
conv_transfer_time	0.000000
conv_calculate_time	1797.520874
elastic_calculate_time	1797.558350
Allen_Cahn_nonlinear_time	1872.960327
Cahn_Hilliard_nonlinear_time	0.012000
trans_time	27.687862
trans_Memcpy_time	13.144835
trans_MPI_time	10.632669
trans_pack_time	0.328960
trans_enlarge_time	0.587520
trans_mu_time	0.412160
trans_unpack_time	2.133766
updateU_new_time	1.429444
runtime	1.939877
--------------------------------------------------!
***************dt=2.000000***************
***************flag=0***************
--------------------------------------------------!
time		0.000000
wall time	170.161261
*******************************
dgemm_time	35.088737
conv_transfer_time	0.000000
conv_calculate_time	1793.255981
elastic_calculate_time	1793.297241
Allen_Cahn_nonlinear_time	1869.733398
Cahn_Hilliard_nonlinear_time	0.012160
trans_time	27.433628
trans_Memcpy_time	13.154436
trans_MPI_time	10.358428
trans_pack_time	0.320480
trans_enlarge_time	0.591040
trans_mu_time	0.412960
trans_unpack_time	2.145446
updateU_new_time	1.429764
runtime	1.940105
--------------------------------------------------!
***************dt=2.000000***************
***************flag=0***************
--------------------------------------------------!
time		0.000000
wall time	172.101216
*******************************
dgemm_time	35.097057
conv_transfer_time	0.000000
conv_calculate_time	1793.669312
elastic_calculate_time	1793.705933
Allen_Cahn_nonlinear_time	1870.010620
Cahn_Hilliard_nonlinear_time	0.011840
trans_time	27.353848
trans_Memcpy_time	13.262115
trans_MPI_time	10.185147
trans_pack_time	0.327520
trans_enlarge_time	0.589760
trans_mu_time	0.414240
trans_unpack_time	2.126246
updateU_new_time	1.430404
runtime	1.936767
--------------------------------------------------!
***************dt=2.000000***************
***************flag=0***************
--------------------------------------------------!
time		0.000000
wall time	174.041388
*******************************
dgemm_time	35.077057
conv_transfer_time	0.000000
conv_calculate_time	1795.666260
elastic_calculate_time	1795.703125
Allen_Cahn_nonlinear_time	1872.152954
Cahn_Hilliard_nonlinear_time	0.011840
trans_time	27.035597
trans_Memcpy_time	13.165474
trans_MPI_time	9.960987
trans_pack_time	0.324800
trans_enlarge_time	0.584160
trans_mu_time	0.414720
trans_unpack_time	2.138245
updateU_new_time	1.429443
runtime	1.938238
--------------------------------------------------!
***************dt=2.000000***************
***************flag=0***************
--------------------------------------------------!
time		0.000000
wall time	175.978239
*******************************
dgemm_time	35.100414
conv_transfer_time	0.000000
conv_calculate_time	1793.494995
elastic_calculate_time	1793.533203
Allen_Cahn_nonlinear_time	1869.824951
Cahn_Hilliard_nonlinear_time	0.012320
trans_time	27.591246
trans_Memcpy_time	13.176514
trans_MPI_time	10.485308
trans_pack_time	0.323840
trans_enlarge_time	0.599360
trans_mu_time	0.415840
trans_unpack_time	2.133925
updateU_new_time	1.429123
runtime	1.936794
--------------------------------------------------!
***************dt=2.000000***************
***************flag=0***************
--------------------------------------------------!
time		0.000000
wall time	177.916550
*******************************
dgemm_time	35.087616
conv_transfer_time	0.000000
conv_calculate_time	1800.999390
elastic_calculate_time	1801.036499
Allen_Cahn_nonlinear_time	1873.443115
Cahn_Hilliard_nonlinear_time	0.012000
trans_time	27.152615
trans_Memcpy_time	13.169313
trans_MPI_time	10.073625
trans_pack_time	0.329440
trans_enlarge_time	0.592640
trans_mu_time	0.414400
trans_unpack_time	2.126885
updateU_new_time	1.428963
runtime	1.939863
--------------------------------------------------!
***************dt=2.000000***************
***************flag=0***************
--------------------------------------------------!
time		0.000000
wall time	179.853416
*******************************
dgemm_time	35.119610
conv_transfer_time	0.000000
conv_calculate_time	1792.054443
elastic_calculate_time	1792.093018
Allen_Cahn_nonlinear_time	1871.026245
Cahn_Hilliard_nonlinear_time	0.012160
trans_time	27.160343
trans_Memcpy_time	13.154592
trans_MPI_time	10.086426
trans_pack_time	0.321600
trans_enlarge_time	0.592160
trans_mu_time	0.411840
trans_unpack_time	2.147205
updateU_new_time	1.429603
runtime	1.937584
--------------------------------------------------!
***************dt=2.000000***************
***************flag=0***************
--------------------------------------------------!
time		0.000000
wall time	181.793358
*******************************
dgemm_time	35.080570
conv_transfer_time	0.000000
conv_calculate_time	1795.619385
elastic_calculate_time	1795.657227
Allen_Cahn_nonlinear_time	1874.819946
Cahn_Hilliard_nonlinear_time	0.012000
trans_time	26.988701
trans_Memcpy_time	13.167872
trans_MPI_time	9.894744
trans_pack_time	0.327040
trans_enlarge_time	0.587520
trans_mu_time	0.416160
trans_unpack_time	2.136965
updateU_new_time	1.429923
runtime	1.941108
--------------------------------------------------!
***************dt=2.000000***************
***************flag=0***************
--------------------------------------------------!
time		0.000000
wall time	183.731037
*******************************
dgemm_time	35.076889
conv_transfer_time	0.000000
conv_calculate_time	1793.482544
elastic_calculate_time	1793.519653
Allen_Cahn_nonlinear_time	1869.426392
Cahn_Hilliard_nonlinear_time	0.012640
trans_time	27.639692
trans_Memcpy_time	13.130271
trans_MPI_time	10.601306
trans_pack_time	0.322240
trans_enlarge_time	0.595360
trans_mu_time	0.415680
trans_unpack_time	2.127365
updateU_new_time	1.428963
runtime	1.936358
--------------------------------------------------!
***************dt=2.000000***************
***************flag=0***************
--------------------------------------------------!
time		0.000000
wall time	185.672215
*******************************
dgemm_time	35.074646
conv_transfer_time	0.000000
conv_calculate_time	1792.864258
elastic_calculate_time	1792.902100
Allen_Cahn_nonlinear_time	1872.909668
Cahn_Hilliard_nonlinear_time	0.012320
trans_time	27.084530
trans_Memcpy_time	13.154430
trans_MPI_time	10.022584
trans_pack_time	0.323040
trans_enlarge_time	0.591360
trans_mu_time	0.411680
trans_unpack_time	2.136805
updateU_new_time	1.429123
runtime	1.943644
--------------------------------------------------!
***************dt=2.000000***************
***************flag=0***************
--------------------------------------------------!
time		0.000000
wall time	187.608648
*******************************
dgemm_time	35.091606
conv_transfer_time	0.000000
conv_calculate_time	1792.537598
elastic_calculate_time	1792.593750
Allen_Cahn_nonlinear_time	1869.055420
Cahn_Hilliard_nonlinear_time	0.012000
trans_time	27.050179
trans_Memcpy_time	13.197151
trans_MPI_time	9.948024
trans_pack_time	0.327840
trans_enlarge_time	0.587200
trans_mu_time	0.411840
trans_unpack_time	2.130565
updateU_new_time	1.428963
runtime	1.934949
--------------------------------------------------!
***************dt=2.000000***************
***************flag=0***************
--------------------------------------------------!
time		0.000000
wall time	189.553280
*******************************
dgemm_time	35.099125
conv_transfer_time	0.000000
conv_calculate_time	1793.905151
elastic_calculate_time	1793.943237
Allen_Cahn_nonlinear_time	1873.107422
Cahn_Hilliard_nonlinear_time	0.012160
trans_time	27.377239
trans_Memcpy_time	13.195070
trans_MPI_time	10.191865
trans_pack_time	0.337600
trans_enlarge_time	0.588640
trans_mu_time	0.412960
trans_unpack_time	2.151525
updateU_new_time	1.429763
runtime	1.939811
--------------------------------------------------!
***************dt=2.000000***************
***************flag=0***************
--------------------------------------------------!
time		0.000000
wall time	191.488302
*******************************
dgemm_time	35.087284
conv_transfer_time	0.000000
conv_calculate_time	1792.060547
elastic_calculate_time	1792.097168
Allen_Cahn_nonlinear_time	1870.474731
Cahn_Hilliard_nonlinear_time	0.012320
trans_time	27.279137
trans_Memcpy_time	13.165630
trans_MPI_time	10.205783
trans_pack_time	0.324000
trans_enlarge_time	0.589760
trans_mu_time	0.414400
trans_unpack_time	2.127845
updateU_new_time	1.427203
runtime	1.936740
--------------------------------------------------!
***************dt=2.000000***************
***************flag=0***************
--------------------------------------------------!
time		0.000000
wall time	193.428182
*******************************
dgemm_time	35.108402
conv_transfer_time	0.000000
conv_calculate_time	1792.217896
elastic_calculate_time	1792.256226
Allen_Cahn_nonlinear_time	1867.952881
Cahn_Hilliard_nonlinear_time	0.011840
trans_time	27.646307
trans_Memcpy_time	13.136188
trans_MPI_time	10.602104
trans_pack_time	0.324960
trans_enlarge_time	0.587200
trans_mu_time	0.413280
trans_unpack_time	2.133925
updateU_new_time	1.429603
runtime	1.934912
--------------------------------------------------!
***************dt=2.000000***************
***************flag=0***************
--------------------------------------------------!
time		0.000000
wall time	195.364995
*******************************
dgemm_time	35.110802
conv_transfer_time	0.000000
conv_calculate_time	1793.531128
elastic_calculate_time	1793.568726
Allen_Cahn_nonlinear_time	1869.408447
Cahn_Hilliard_nonlinear_time	0.012000
trans_time	27.304556
trans_Memcpy_time	13.162907
trans_MPI_time	10.237782
trans_pack_time	0.323680
trans_enlarge_time	0.590720
trans_mu_time	0.413600
trans_unpack_time	2.129765
updateU_new_time	1.430403
runtime	1.939236
--------------------------------------------------!
***************dt=2.000000***************
***************flag=0***************
--------------------------------------------------!
time		0.000000
wall time	197.299981
