running   on	4096   processors
restart		0
nx,ny,nz	68	68	68
px,py,pz	16	16	16
nghost		2
output   dir	./output/output2/
data   dir	./data/
dt,t_total	2.000000,200.100000
ELASTIC		1
ANISOTROPIC		1
nac,nch		6,2
xmin,ymin,zmin	0.000000	0.000000	0.000000
xmax,ymax,zmax	1024.000000	1024.000000	1024.000000
checkpoint_,nchk,chk	1,1000,0
nout		10000
Approx		32
detect_iter		100000
Reading input.txt file:
*******************************
dgemm_time	3.204348
conv_transfer_time	0.000000
conv_calculate_time	3651.443359
elastic_calculate_time	3651.493896
Allen_Cahn_nonlinear_time	3661.837891
Cahn_Hilliard_nonlinear_time	0.011680
trans_time	544.381226
trans_Memcpy_time	5.818769
trans_MPI_time	535.940125
trans_pack_time	0.282242
trans_enlarge_time	0.657122
trans_mu_time	0.385600
trans_unpack_time	0.801126
updateU_new_time	0.204001
runtime	4.217728
--------------------------------------------------!
***************dt=2.000000***************
***************flag=0***************
--------------------------------------------------!
time		0.000000
wall time	2.120212
*******************************
dgemm_time	2.088018
conv_transfer_time	0.000000
conv_calculate_time	306.626892
elastic_calculate_time	306.664032
Allen_Cahn_nonlinear_time	402.035980
Cahn_Hilliard_nonlinear_time	0.011680
trans_time	7.743199
trans_Memcpy_time	3.398907
trans_MPI_time	1.987216
trans_pack_time	0.238242
trans_enlarge_time	0.455520
trans_mu_time	0.378240
trans_unpack_time	0.785286
updateU_new_time	0.200481
runtime	0.418300
--------------------------------------------------!
***************dt=2.000000***************
***************flag=0***************
--------------------------------------------------!
time		0.000000
wall time	6.339043
*******************************
dgemm_time	2.092018
conv_transfer_time	0.000000
conv_calculate_time	311.520721
elastic_calculate_time	311.558960
Allen_Cahn_nonlinear_time	423.910126
Cahn_Hilliard_nonlinear_time	0.011840
trans_time	7.716529
trans_Memcpy_time	3.434907
trans_MPI_time	1.943056
trans_pack_time	0.235842
trans_enlarge_time	0.444640
trans_mu_time	0.375840
trans_unpack_time	0.782406
updateU_new_time	0.199841
runtime	0.442353
--------------------------------------------------!
***************dt=2.000000***************
***************flag=0***************
--------------------------------------------------!
time		0.000000
wall time	6.758389
*******************************
dgemm_time	2.085778
conv_transfer_time	0.000000
conv_calculate_time	306.105896
elastic_calculate_time	306.144196
Allen_Cahn_nonlinear_time	384.525360
Cahn_Hilliard_nonlinear_time	0.011520
trans_time	7.742259
trans_Memcpy_time	3.432827
trans_MPI_time	1.983376
trans_pack_time	0.235522
trans_enlarge_time	0.441920
trans_mu_time	0.379040
trans_unpack_time	0.772166
updateU_new_time	0.202881
runtime	0.399799
--------------------------------------------------!
***************dt=2.000000***************
***************flag=0***************
--------------------------------------------------!
time		0.000000
wall time	7.201842
*******************************
dgemm_time	2.090738
conv_transfer_time	0.000000
conv_calculate_time	296.699310
elastic_calculate_time	296.738678
Allen_Cahn_nonlinear_time	332.293793
Cahn_Hilliard_nonlinear_time	0.011840
trans_time	7.707768
trans_Memcpy_time	3.422107
trans_MPI_time	1.946096
trans_pack_time	0.237442
trans_enlarge_time	0.443360
trans_mu_time	0.378240
trans_unpack_time	0.778086
updateU_new_time	0.201121
runtime	0.347270
--------------------------------------------------!
***************dt=2.000000***************
***************flag=0***************
--------------------------------------------------!
time		0.000000
wall time	7.602694
*******************************
dgemm_time	2.087538
conv_transfer_time	0.000000
conv_calculate_time	294.773956
elastic_calculate_time	294.811737
Allen_Cahn_nonlinear_time	341.390045
Cahn_Hilliard_nonlinear_time	0.011680
trans_time	7.750909
trans_Memcpy_time	3.461948
trans_MPI_time	1.945775
trans_pack_time	0.236482
trans_enlarge_time	0.442560
trans_mu_time	0.380000
trans_unpack_time	0.776166
updateU_new_time	0.200321
runtime	0.361330
--------------------------------------------------!
***************dt=2.000000***************
***************flag=0***************
--------------------------------------------------!
time		0.000000
wall time	7.951070
*******************************
dgemm_time	2.084338
conv_transfer_time	0.000000
conv_calculate_time	309.709717
elastic_calculate_time	309.746887
Allen_Cahn_nonlinear_time	378.403320
Cahn_Hilliard_nonlinear_time	0.011840
trans_time	8.015971
trans_Memcpy_time	3.418107
trans_MPI_time	2.258898
trans_pack_time	0.235842
trans_enlarge_time	0.442080
trans_mu_time	0.379200
trans_unpack_time	0.782086
updateU_new_time	0.199041
runtime	0.398729
--------------------------------------------------!
***************dt=2.000000***************
***************flag=0***************
--------------------------------------------------!
time		0.000000
wall time	8.313469
*******************************
dgemm_time	2.086258
conv_transfer_time	0.000000
conv_calculate_time	301.578308
elastic_calculate_time	301.614044
Allen_Cahn_nonlinear_time	387.740356
Cahn_Hilliard_nonlinear_time	0.011680
trans_time	7.684437
trans_Memcpy_time	3.427066
trans_MPI_time	1.992817
trans_pack_time	0.237442
trans_enlarge_time	0.441440
trans_mu_time	0.378400
trans_unpack_time	0.772646
updateU_new_time	0.202881
runtime	0.400471
--------------------------------------------------!
***************dt=2.000000***************
***************flag=0***************
--------------------------------------------------!
time		0.000000
wall time	8.720876
*******************************
dgemm_time	2.089618
conv_transfer_time	0.000000
conv_calculate_time	295.356812
elastic_calculate_time	295.391602
Allen_Cahn_nonlinear_time	363.887665
Cahn_Hilliard_nonlinear_time	0.011520
trans_time	7.635407
trans_Memcpy_time	3.433787
trans_MPI_time	1.917455
trans_pack_time	0.242082
trans_enlarge_time	0.445760
trans_mu_time	0.378240
trans_unpack_time	0.783206
updateU_new_time	0.201281
runtime	0.378522
--------------------------------------------------!
***************dt=2.000000***************
***************flag=0***************
--------------------------------------------------!
time		0.000000
wall time	9.122450
*******************************
dgemm_time	2.089138
conv_transfer_time	0.000000
conv_calculate_time	304.318634
elastic_calculate_time	304.353668
Allen_Cahn_nonlinear_time	387.499451
Cahn_Hilliard_nonlinear_time	0.011680
trans_time	7.654657
trans_Memcpy_time	3.433786
trans_MPI_time	1.954255
trans_pack_time	0.234882
trans_enlarge_time	0.445120
trans_mu_time	0.376480
trans_unpack_time	0.775206
updateU_new_time	0.204961
runtime	0.402391
--------------------------------------------------!
***************dt=2.000000***************
***************flag=0***************
--------------------------------------------------!
time		0.000000
wall time	9.502027
*******************************
dgemm_time	2.087218
conv_transfer_time	0.000000
conv_calculate_time	309.910858
elastic_calculate_time	309.946167
Allen_Cahn_nonlinear_time	387.960052
Cahn_Hilliard_nonlinear_time	0.011680
trans_time	7.618586
trans_Memcpy_time	3.444187
trans_MPI_time	1.890416
trans_pack_time	0.238082
trans_enlarge_time	0.446880
trans_mu_time	0.379520
trans_unpack_time	0.783366
updateU_new_time	0.201601
runtime	0.401424
--------------------------------------------------!
***************dt=2.000000***************
***************flag=0***************
--------------------------------------------------!
time		0.000000
wall time	9.905540
*******************************
dgemm_time	2.084978
conv_transfer_time	0.000000
conv_calculate_time	298.127869
elastic_calculate_time	298.161896
Allen_Cahn_nonlinear_time	350.031616
Cahn_Hilliard_nonlinear_time	0.011680
trans_time	7.676347
trans_Memcpy_time	3.446427
trans_MPI_time	1.963855
trans_pack_time	0.235042
trans_enlarge_time	0.445120
trans_mu_time	0.376480
trans_unpack_time	0.774886
updateU_new_time	0.201761
runtime	0.365930
--------------------------------------------------!
***************dt=2.000000***************
***************flag=0***************
--------------------------------------------------!
time		0.000000
wall time	10.308052
*******************************
dgemm_time	2.088978
conv_transfer_time	0.000000
conv_calculate_time	295.913605
elastic_calculate_time	295.949768
Allen_Cahn_nonlinear_time	331.079773
Cahn_Hilliard_nonlinear_time	0.011520
trans_time	8.056530
trans_Memcpy_time	3.448187
trans_MPI_time	2.329459
trans_pack_time	0.236322
trans_enlarge_time	0.442240
trans_mu_time	0.376160
trans_unpack_time	0.784326
updateU_new_time	0.200161
runtime	0.345193
--------------------------------------------------!
***************dt=2.000000***************
***************flag=0***************
--------------------------------------------------!
time		0.000000
wall time	10.675077
*******************************
dgemm_time	2.082578
conv_transfer_time	0.000000
conv_calculate_time	293.785583
elastic_calculate_time	293.822144
Allen_Cahn_nonlinear_time	332.211884
Cahn_Hilliard_nonlinear_time	0.011680
trans_time	7.800188
trans_Memcpy_time	3.427226
trans_MPI_time	2.102257
trans_pack_time	0.236962
trans_enlarge_time	0.440320
trans_mu_time	0.380480
trans_unpack_time	0.777606
updateU_new_time	0.200321
runtime	0.348619
--------------------------------------------------!
***************dt=2.000000***************
***************flag=0***************
--------------------------------------------------!
time		0.000000
wall time	11.021354
*******************************
dgemm_time	2.088018
conv_transfer_time	0.000000
conv_calculate_time	294.081909
elastic_calculate_time	294.118866
Allen_Cahn_nonlinear_time	341.832672
Cahn_Hilliard_nonlinear_time	0.011680
trans_time	7.663727
trans_Memcpy_time	3.436827
trans_MPI_time	1.946415
trans_pack_time	0.234882
trans_enlarge_time	0.448000
trans_mu_time	0.378400
trans_unpack_time	0.780166
updateU_new_time	0.204161
runtime	0.362938
--------------------------------------------------!
***************dt=2.000000***************
***************flag=0***************
--------------------------------------------------!
time		0.000000
wall time	11.371052
*******************************
dgemm_time	2.092498
conv_transfer_time	0.000000
conv_calculate_time	294.513916
elastic_calculate_time	294.549408
Allen_Cahn_nonlinear_time	327.135803
Cahn_Hilliard_nonlinear_time	0.011520
trans_time	7.613736
trans_Memcpy_time	3.450427
trans_MPI_time	1.884335
trans_pack_time	0.237442
trans_enlarge_time	0.445440
trans_mu_time	0.379040
trans_unpack_time	0.781446
updateU_new_time	0.205441
runtime	0.338892
--------------------------------------------------!
***************dt=2.000000***************
***************flag=0***************
--------------------------------------------------!
time		0.000000
wall time	11.737741
*******************************
dgemm_time	2.089298
conv_transfer_time	0.000000
conv_calculate_time	296.791840
elastic_calculate_time	296.827698
Allen_Cahn_nonlinear_time	362.295197
Cahn_Hilliard_nonlinear_time	0.011680
trans_time	7.678057
trans_Memcpy_time	3.460988
trans_MPI_time	1.941296
trans_pack_time	0.235682
trans_enlarge_time	0.442560
trans_mu_time	0.379680
trans_unpack_time	0.783526
updateU_new_time	0.202081
runtime	0.376560
--------------------------------------------------!
***************dt=2.000000***************
***************flag=0***************
--------------------------------------------------!
time		0.000000
wall time	12.077669
*******************************
dgemm_time	2.085938
conv_transfer_time	0.000000
conv_calculate_time	295.020966
elastic_calculate_time	295.060455
Allen_Cahn_nonlinear_time	345.018829
Cahn_Hilliard_nonlinear_time	0.011520
trans_time	7.655077
trans_Memcpy_time	3.418747
trans_MPI_time	1.968016
trans_pack_time	0.234882
trans_enlarge_time	0.444000
trans_mu_time	0.378240
trans_unpack_time	0.776006
updateU_new_time	0.202401
runtime	0.358215
--------------------------------------------------!
***************dt=2.000000***************
***************flag=0***************
--------------------------------------------------!
time		0.000000
wall time	12.455294
*******************************
dgemm_time	2.088498
conv_transfer_time	0.000000
conv_calculate_time	295.092804
elastic_calculate_time	295.127197
Allen_Cahn_nonlinear_time	338.744537
Cahn_Hilliard_nonlinear_time	0.011680
trans_time	7.655887
trans_Memcpy_time	3.447387
trans_MPI_time	1.938895
trans_pack_time	0.233442
trans_enlarge_time	0.448800
trans_mu_time	0.378720
trans_unpack_time	0.775526
updateU_new_time	0.196961
runtime	0.351678
--------------------------------------------------!
***************dt=2.000000***************
***************flag=0***************
--------------------------------------------------!
time		0.000000
wall time	12.814541
*******************************
dgemm_time	2.089298
conv_transfer_time	0.000000
conv_calculate_time	297.581940
elastic_calculate_time	297.617035
Allen_Cahn_nonlinear_time	374.569275
Cahn_Hilliard_nonlinear_time	0.011520
trans_time	7.659547
trans_Memcpy_time	3.458107
trans_MPI_time	1.923215
trans_pack_time	0.235682
trans_enlarge_time	0.444640
trans_mu_time	0.383840
trans_unpack_time	0.779846
updateU_new_time	0.202881
runtime	0.392814
--------------------------------------------------!
***************dt=2.000000***************
***************flag=0***************
--------------------------------------------------!
time		0.000000
wall time	13.167291
*******************************
dgemm_time	2.085778
conv_transfer_time	0.000000
conv_calculate_time	315.248322
elastic_calculate_time	315.288208
Allen_Cahn_nonlinear_time	412.465027
Cahn_Hilliard_nonlinear_time	0.011520
trans_time	7.772928
trans_Memcpy_time	3.436987
trans_MPI_time	2.060656
trans_pack_time	0.236962
trans_enlarge_time	0.442720
trans_mu_time	0.376800
trans_unpack_time	0.785126
updateU_new_time	0.199521
runtime	0.430208
--------------------------------------------------!
***************dt=2.000000***************
***************flag=0***************
--------------------------------------------------!
time		0.000000
wall time	13.561217
*******************************
dgemm_time	2.089778
conv_transfer_time	0.000000
conv_calculate_time	303.410797
elastic_calculate_time	303.445343
Allen_Cahn_nonlinear_time	360.094147
Cahn_Hilliard_nonlinear_time	0.011360
trans_time	7.716807
trans_Memcpy_time	3.416826
trans_MPI_time	2.020176
trans_pack_time	0.238562
trans_enlarge_time	0.446720
trans_mu_time	0.378080
trans_unpack_time	0.781446
updateU_new_time	0.201121
runtime	0.376068
--------------------------------------------------!
***************dt=2.000000***************
***************flag=0***************
--------------------------------------------------!
time		0.000000
wall time	13.992467
*******************************
dgemm_time	2.088498
conv_transfer_time	0.000000
conv_calculate_time	298.564667
elastic_calculate_time	298.599274
Allen_Cahn_nonlinear_time	330.778564
Cahn_Hilliard_nonlinear_time	0.011680
trans_time	7.668007
trans_Memcpy_time	3.433947
trans_MPI_time	1.952976
trans_pack_time	0.235682
trans_enlarge_time	0.443840
trans_mu_time	0.379040
trans_unpack_time	0.784966
updateU_new_time	0.202881
runtime	0.344386
--------------------------------------------------!
***************dt=2.000000***************
***************flag=0***************
--------------------------------------------------!
time		0.000000
wall time	14.369661
*******************************
dgemm_time	2.090258
conv_transfer_time	0.000000
conv_calculate_time	295.976318
elastic_calculate_time	296.010498
Allen_Cahn_nonlinear_time	343.300507
Cahn_Hilliard_nonlinear_time	0.011680
trans_time	7.668777
trans_Memcpy_time	3.420827
trans_MPI_time	1.980976
trans_pack_time	0.236002
trans_enlarge_time	0.442240
trans_mu_time	0.379360
trans_unpack_time	0.775846
updateU_new_time	0.200801
runtime	0.355246
--------------------------------------------------!
***************dt=2.000000***************
***************flag=0***************
--------------------------------------------------!
time		0.000000
wall time	14.715086
*******************************
dgemm_time	2.093138
conv_transfer_time	0.000000
conv_calculate_time	294.356140
elastic_calculate_time	294.391388
Allen_Cahn_nonlinear_time	328.486237
Cahn_Hilliard_nonlinear_time	0.012640
trans_time	7.678997
trans_Memcpy_time	3.429626
trans_MPI_time	1.977456
trans_pack_time	0.235842
trans_enlarge_time	0.445120
trans_mu_time	0.379200
trans_unpack_time	0.775046
updateU_new_time	0.202401
runtime	0.340351
--------------------------------------------------!
***************dt=2.000000***************
***************flag=0***************
--------------------------------------------------!
time		0.000000
wall time	15.071378
*******************************
dgemm_time	2.091538
conv_transfer_time	0.000000
conv_calculate_time	297.396820
elastic_calculate_time	297.432831
Allen_Cahn_nonlinear_time	325.283142
Cahn_Hilliard_nonlinear_time	0.011520
trans_time	7.788898
trans_Memcpy_time	3.453467
trans_MPI_time	2.046576
trans_pack_time	0.236482
trans_enlarge_time	0.442720
trans_mu_time	0.380000
trans_unpack_time	0.788166
updateU_new_time	0.211361
runtime	0.339683
--------------------------------------------------!
***************dt=2.000000***************
***************flag=0***************
--------------------------------------------------!
time		0.000000
wall time	15.412768
*******************************
dgemm_time	2.088018
conv_transfer_time	0.000000
conv_calculate_time	295.355835
elastic_calculate_time	295.391052
Allen_Cahn_nonlinear_time	361.526367
Cahn_Hilliard_nonlinear_time	0.011520
trans_time	7.734717
trans_Memcpy_time	3.436506
trans_MPI_time	2.027216
trans_pack_time	0.235202
trans_enlarge_time	0.441920
trans_mu_time	0.378560
trans_unpack_time	0.780806
updateU_new_time	0.200161
runtime	0.379961
--------------------------------------------------!
***************dt=2.000000***************
***************flag=0***************
--------------------------------------------------!
time		0.000000
wall time	15.753518
*******************************
dgemm_time	2.087698
conv_transfer_time	0.000000
conv_calculate_time	306.446960
elastic_calculate_time	306.481995
Allen_Cahn_nonlinear_time	346.005585
Cahn_Hilliard_nonlinear_time	0.011840
trans_time	7.817518
trans_Memcpy_time	3.445306
trans_MPI_time	2.103217
trans_pack_time	0.235522
trans_enlarge_time	0.444480
trans_mu_time	0.378560
trans_unpack_time	0.777446
updateU_new_time	0.199361
runtime	0.359471
--------------------------------------------------!
***************dt=2.000000***************
***************flag=0***************
--------------------------------------------------!
time		0.000000
wall time	16.134998
*******************************
dgemm_time	2.088658
conv_transfer_time	0.000000
conv_calculate_time	294.625122
elastic_calculate_time	294.659515
Allen_Cahn_nonlinear_time	345.549133
Cahn_Hilliard_nonlinear_time	0.012000
trans_time	7.853888
trans_Memcpy_time	3.451547
trans_MPI_time	2.118257
trans_pack_time	0.235842
trans_enlarge_time	0.449280
trans_mu_time	0.380640
trans_unpack_time	0.784486
updateU_new_time	0.201441
runtime	0.358215
--------------------------------------------------!
***************dt=2.000000***************
***************flag=0***************
--------------------------------------------------!
time		0.000000
wall time	16.495519
*******************************
dgemm_time	2.086098
conv_transfer_time	0.000000
conv_calculate_time	296.279205
elastic_calculate_time	296.315643
Allen_Cahn_nonlinear_time	359.187836
Cahn_Hilliard_nonlinear_time	0.011840
trans_time	7.722337
trans_Memcpy_time	3.445307
trans_MPI_time	1.995376
trans_pack_time	0.236162
trans_enlarge_time	0.447840
trans_mu_time	0.381280
trans_unpack_time	0.782246
updateU_new_time	0.201121
runtime	0.375657
--------------------------------------------------!
***************dt=2.000000***************
***************flag=0***************
--------------------------------------------------!
time		0.000000
wall time	16.860144
*******************************
dgemm_time	2.082098
conv_transfer_time	0.000000
conv_calculate_time	296.539062
elastic_calculate_time	296.574280
Allen_Cahn_nonlinear_time	359.203094
Cahn_Hilliard_nonlinear_time	0.011680
trans_time	7.685557
trans_Memcpy_time	3.437307
trans_MPI_time	1.976335
trans_pack_time	0.235682
trans_enlarge_time	0.443840
trans_mu_time	0.379840
trans_unpack_time	0.776966
updateU_new_time	0.209761
runtime	0.373717
--------------------------------------------------!
***************dt=2.000000***************
***************flag=0***************
--------------------------------------------------!
time		0.000000
wall time	17.236874
*******************************
dgemm_time	2.087698
conv_transfer_time	0.000000
conv_calculate_time	296.158722
elastic_calculate_time	296.193817
Allen_Cahn_nonlinear_time	350.696899
Cahn_Hilliard_nonlinear_time	0.011840
trans_time	7.708097
trans_Memcpy_time	3.434906
trans_MPI_time	2.000817
trans_pack_time	0.235042
trans_enlarge_time	0.441600
trans_mu_time	0.378560
trans_unpack_time	0.780486
updateU_new_time	0.203201
runtime	0.362513
--------------------------------------------------!
***************dt=2.000000***************
***************flag=0***************
--------------------------------------------------!
time		0.000000
wall time	17.611636
*******************************
dgemm_time	2.090738
conv_transfer_time	0.000000
conv_calculate_time	294.975525
elastic_calculate_time	295.011200
Allen_Cahn_nonlinear_time	348.736847
Cahn_Hilliard_nonlinear_time	0.011840
trans_time	7.719997
trans_Memcpy_time	3.431707
trans_MPI_time	2.008496
trans_pack_time	0.236642
trans_enlarge_time	0.441440
trans_mu_time	0.380800
trans_unpack_time	0.786406
updateU_new_time	0.200321
runtime	0.361153
--------------------------------------------------!
***************dt=2.000000***************
***************flag=0***************
--------------------------------------------------!
time		0.000000
wall time	17.975206
*******************************
dgemm_time	2.089458
conv_transfer_time	0.000000
conv_calculate_time	294.379364
elastic_calculate_time	294.413849
Allen_Cahn_nonlinear_time	338.811035
Cahn_Hilliard_nonlinear_time	0.011680
trans_time	7.728057
trans_Memcpy_time	3.422746
trans_MPI_time	2.032496
trans_pack_time	0.234722
trans_enlarge_time	0.445120
trans_mu_time	0.377280
trans_unpack_time	0.780646
updateU_new_time	0.196641
runtime	0.355892
--------------------------------------------------!
***************dt=2.000000***************
***************flag=0***************
--------------------------------------------------!
time		0.000000
wall time	18.337391
*******************************
dgemm_time	2.082418
conv_transfer_time	0.000000
conv_calculate_time	300.993317
elastic_calculate_time	301.028809
Allen_Cahn_nonlinear_time	346.029266
Cahn_Hilliard_nonlinear_time	0.011520
trans_time	7.837798
trans_Memcpy_time	3.426746
trans_MPI_time	2.128817
trans_pack_time	0.237282
trans_enlarge_time	0.442400
trans_mu_time	0.377440
trans_unpack_time	0.786886
updateU_new_time	0.201281
runtime	0.360063
--------------------------------------------------!
***************dt=2.000000***************
***************flag=0***************
--------------------------------------------------!
time		0.000000
wall time	18.694347
*******************************
dgemm_time	2.092336
conv_transfer_time	0.000000
conv_calculate_time	298.689697
elastic_calculate_time	298.726746
Allen_Cahn_nonlinear_time	347.851685
Cahn_Hilliard_nonlinear_time	0.011520
trans_time	7.651787
trans_Memcpy_time	3.463707
trans_MPI_time	1.924816
trans_pack_time	0.237122
trans_enlarge_time	0.442880
trans_mu_time	0.379360
trans_unpack_time	0.768326
updateU_new_time	0.215361
runtime	0.361595
--------------------------------------------------!
***************dt=2.000000***************
***************flag=0***************
--------------------------------------------------!
time		0.000000
wall time	19.055647
*******************************
dgemm_time	2.091215
conv_transfer_time	0.000000
conv_calculate_time	296.335449
elastic_calculate_time	296.370819
Allen_Cahn_nonlinear_time	349.498993
Cahn_Hilliard_nonlinear_time	0.011840
trans_time	7.723653
trans_Memcpy_time	3.421786
trans_MPI_time	2.022575
trans_pack_time	0.236802
trans_enlarge_time	0.444960
trans_mu_time	0.378240
trans_unpack_time	0.786246
updateU_new_time	0.200801
runtime	0.363408
--------------------------------------------------!
***************dt=2.000000***************
***************flag=0***************
--------------------------------------------------!
time		0.000000
wall time	19.418298
*******************************
dgemm_time	2.088015
conv_transfer_time	0.000000
conv_calculate_time	295.375916
elastic_calculate_time	295.411377
Allen_Cahn_nonlinear_time	353.976929
Cahn_Hilliard_nonlinear_time	0.012320
trans_time	7.701639
trans_Memcpy_time	3.439704
trans_MPI_time	1.987054
trans_pack_time	0.237440
trans_enlarge_time	0.444320
trans_mu_time	0.381120
trans_unpack_time	0.776806
updateU_new_time	0.198881
runtime	0.367809
--------------------------------------------------!
***************dt=2.000000***************
***************flag=0***************
--------------------------------------------------!
time		0.000000
wall time	19.782759
*******************************
dgemm_time	2.086733
conv_transfer_time	0.000000
conv_calculate_time	294.056091
elastic_calculate_time	294.091278
Allen_Cahn_nonlinear_time	352.852020
Cahn_Hilliard_nonlinear_time	0.012000
trans_time	7.706686
trans_Memcpy_time	3.444662
trans_MPI_time	1.986413
trans_pack_time	0.236640
trans_enlarge_time	0.449280
trans_mu_time	0.379840
trans_unpack_time	0.774725
updateU_new_time	0.198401
runtime	0.368311
--------------------------------------------------!
***************dt=2.000000***************
***************flag=0***************
--------------------------------------------------!
time		0.000000
wall time	20.151657
*******************************
dgemm_time	2.087372
conv_transfer_time	0.000000
conv_calculate_time	296.841888
elastic_calculate_time	296.877930
Allen_Cahn_nonlinear_time	360.966003
Cahn_Hilliard_nonlinear_time	0.011680
trans_time	7.664542
trans_Memcpy_time	3.453620
trans_MPI_time	1.931051
trans_pack_time	0.236000
trans_enlarge_time	0.443360
trans_mu_time	0.380320
trans_unpack_time	0.785765
updateU_new_time	0.202241
runtime	0.374614
--------------------------------------------------!
***************dt=2.000000***************
***************flag=0***************
--------------------------------------------------!
time		0.000000
wall time	20.521022
*******************************
dgemm_time	2.087532
conv_transfer_time	0.000000
conv_calculate_time	295.499664
elastic_calculate_time	295.534760
Allen_Cahn_nonlinear_time	343.469360
Cahn_Hilliard_nonlinear_time	0.011520
trans_time	7.683397
trans_Memcpy_time	3.426259
trans_MPI_time	1.976811
trans_pack_time	0.236160
trans_enlarge_time	0.444960
trans_mu_time	0.378400
trans_unpack_time	0.782244
updateU_new_time	0.204321
runtime	0.359211
--------------------------------------------------!
***************dt=2.000000***************
***************flag=0***************
--------------------------------------------------!
time		0.000000
wall time	20.896702
*******************************
dgemm_time	2.090570
conv_transfer_time	0.000000
conv_calculate_time	300.856659
elastic_calculate_time	300.893982
Allen_Cahn_nonlinear_time	343.475739
Cahn_Hilliard_nonlinear_time	0.011680
trans_time	7.736905
trans_Memcpy_time	3.451377
trans_MPI_time	2.007850
trans_pack_time	0.236960
trans_enlarge_time	0.444800
trans_mu_time	0.378080
trans_unpack_time	0.778244
updateU_new_time	0.200961
runtime	0.355947
--------------------------------------------------!
***************dt=2.000000***************
***************flag=0***************
--------------------------------------------------!
time		0.000000
wall time	21.257052
*******************************
dgemm_time	2.090249
conv_transfer_time	0.000000
conv_calculate_time	295.305481
elastic_calculate_time	295.339264
Allen_Cahn_nonlinear_time	344.594177
Cahn_Hilliard_nonlinear_time	0.011840
trans_time	7.722621
trans_Memcpy_time	3.456016
trans_MPI_time	1.991049
trans_pack_time	0.236320
trans_enlarge_time	0.444320
trans_mu_time	0.379840
trans_unpack_time	0.779844
updateU_new_time	0.198881
runtime	0.358543
--------------------------------------------------!
***************dt=2.000000***************
***************flag=0***************
--------------------------------------------------!
time		0.000000
wall time	21.614039
*******************************
dgemm_time	2.088649
conv_transfer_time	0.000000
conv_calculate_time	305.526520
elastic_calculate_time	305.562744
Allen_Cahn_nonlinear_time	340.301605
Cahn_Hilliard_nonlinear_time	0.011680
trans_time	7.735709
trans_Memcpy_time	3.452014
trans_MPI_time	1.935528
trans_pack_time	0.236160
trans_enlarge_time	0.444960
trans_mu_time	0.377920
trans_unpack_time	0.772323
updateU_new_time	0.203040
runtime	0.353256
--------------------------------------------------!
***************dt=2.000000***************
***************flag=0***************
--------------------------------------------------!
time		0.000000
wall time	21.973689
*******************************
dgemm_time	2.094567
conv_transfer_time	0.000000
conv_calculate_time	300.948456
elastic_calculate_time	300.982910
Allen_Cahn_nonlinear_time	359.272491
Cahn_Hilliard_nonlinear_time	0.011520
trans_time	7.693545
trans_Memcpy_time	3.465133
trans_MPI_time	1.953607
trans_pack_time	0.236160
trans_enlarge_time	0.449600
trans_mu_time	0.377120
trans_unpack_time	0.776003
updateU_new_time	0.201120
runtime	0.372233
--------------------------------------------------!
***************dt=2.000000***************
***************flag=0***************
--------------------------------------------------!
time		0.000000
wall time	22.327999
*******************************
dgemm_time	2.094087
conv_transfer_time	0.000000
conv_calculate_time	296.299194
elastic_calculate_time	296.333984
Allen_Cahn_nonlinear_time	339.316772
Cahn_Hilliard_nonlinear_time	0.011680
trans_time	7.631381
trans_Memcpy_time	3.466252
trans_MPI_time	1.889927
trans_pack_time	0.236000
trans_enlarge_time	0.444960
trans_mu_time	0.379040
trans_unpack_time	0.773283
updateU_new_time	0.203040
runtime	0.352468
--------------------------------------------------!
***************dt=2.000000***************
***************flag=0***************
--------------------------------------------------!
time		0.000000
wall time	22.701284
*******************************
dgemm_time	2.085126
conv_transfer_time	0.000000
conv_calculate_time	298.012054
elastic_calculate_time	298.048615
Allen_Cahn_nonlinear_time	360.026733
Cahn_Hilliard_nonlinear_time	0.012000
trans_time	7.714428
trans_Memcpy_time	3.462091
trans_MPI_time	1.980166
trans_pack_time	0.235680
trans_enlarge_time	0.441600
trans_mu_time	0.379520
trans_unpack_time	0.778402
updateU_new_time	0.200800
runtime	0.376378
--------------------------------------------------!
***************dt=2.000000***************
***************flag=0***************
--------------------------------------------------!
time		0.000000
wall time	23.054800
*******************************
dgemm_time	2.084326
conv_transfer_time	0.000000
conv_calculate_time	294.510803
elastic_calculate_time	294.547394
Allen_Cahn_nonlinear_time	343.775391
Cahn_Hilliard_nonlinear_time	0.011680
trans_time	7.650475
trans_Memcpy_time	3.437768
trans_MPI_time	1.940965
trans_pack_time	0.235520
trans_enlarge_time	0.445600
trans_mu_time	0.380480
trans_unpack_time	0.775682
updateU_new_time	0.200960
runtime	0.358895
--------------------------------------------------!
***************dt=2.000000***************
***************flag=0***************
--------------------------------------------------!
time		0.000000
wall time	23.432548
*******************************
dgemm_time	2.090084
conv_transfer_time	0.000000
conv_calculate_time	298.318237
elastic_calculate_time	298.353180
Allen_Cahn_nonlinear_time	410.710938
Cahn_Hilliard_nonlinear_time	0.011680
trans_time	7.698132
trans_Memcpy_time	3.469126
trans_MPI_time	1.951844
trans_pack_time	0.238240
trans_enlarge_time	0.442880
trans_mu_time	0.378880
trans_unpack_time	0.780642
updateU_new_time	0.200960
runtime	0.427612
--------------------------------------------------!
***************dt=2.000000***************
***************flag=0***************
--------------------------------------------------!
time		0.000000
wall time	23.792496
*******************************
dgemm_time	2.091843
conv_transfer_time	0.000000
conv_calculate_time	295.082886
elastic_calculate_time	295.118042
Allen_Cahn_nonlinear_time	358.860626
Cahn_Hilliard_nonlinear_time	0.011520
trans_time	7.672419
trans_Memcpy_time	3.429606
trans_MPI_time	1.971843
trans_pack_time	0.235680
trans_enlarge_time	0.442400
trans_mu_time	0.380960
trans_unpack_time	0.776801
updateU_new_time	0.202720
runtime	0.371279
--------------------------------------------------!
***************dt=2.000000***************
***************flag=0***************
--------------------------------------------------!
time		0.000000
wall time	24.221160
*******************************
dgemm_time	2.083523
conv_transfer_time	0.000000
conv_calculate_time	295.123901
elastic_calculate_time	295.159332
Allen_Cahn_nonlinear_time	364.927277
Cahn_Hilliard_nonlinear_time	0.011840
trans_time	7.822636
trans_Memcpy_time	3.429606
trans_MPI_time	2.115203
trans_pack_time	0.236320
trans_enlarge_time	0.442560
trans_mu_time	0.377440
trans_unpack_time	0.779521
updateU_new_time	0.212960
runtime	0.377288
--------------------------------------------------!
***************dt=2.000000***************
***************flag=0***************
--------------------------------------------------!
time		0.000000
wall time	24.593474
*******************************
dgemm_time	2.089442
conv_transfer_time	0.000000
conv_calculate_time	295.119965
elastic_calculate_time	295.154388
Allen_Cahn_nonlinear_time	360.794556
Cahn_Hilliard_nonlinear_time	0.011680
trans_time	7.797634
trans_Memcpy_time	3.530085
trans_MPI_time	1.996962
trans_pack_time	0.235680
trans_enlarge_time	0.441920
trans_mu_time	0.377760
trans_unpack_time	0.779841
updateU_new_time	0.204480
runtime	0.374447
--------------------------------------------------!
***************dt=2.000000***************
***************flag=0***************
--------------------------------------------------!
time		0.000000
wall time	24.970839
*******************************
dgemm_time	2.094081
conv_transfer_time	0.000000
conv_calculate_time	305.872498
elastic_calculate_time	305.909698
Allen_Cahn_nonlinear_time	370.442230
Cahn_Hilliard_nonlinear_time	0.011680
trans_time	7.805871
trans_Memcpy_time	3.520480
trans_MPI_time	2.003361
trans_pack_time	0.235680
trans_enlarge_time	0.447680
trans_mu_time	0.380160
trans_unpack_time	0.780321
updateU_new_time	0.202240
runtime	0.384102
--------------------------------------------------!
***************dt=2.000000***************
***************flag=0***************
--------------------------------------------------!
time		0.000000
wall time	25.345374
*******************************
dgemm_time	2.092001
conv_transfer_time	0.000000
conv_calculate_time	304.380890
elastic_calculate_time	304.415527
Allen_Cahn_nonlinear_time	359.951324
Cahn_Hilliard_nonlinear_time	0.012000
trans_time	7.737909
trans_Memcpy_time	3.506720
trans_MPI_time	1.956800
trans_pack_time	0.233280
trans_enlarge_time	0.448320
trans_mu_time	0.378720
trans_unpack_time	0.779680
updateU_new_time	0.202720
runtime	0.376860
--------------------------------------------------!
***************dt=2.000000***************
***************flag=0***************
--------------------------------------------------!
time		0.000000
wall time	25.729582
*******************************
dgemm_time	2.084960
conv_transfer_time	0.000000
conv_calculate_time	303.725433
elastic_calculate_time	303.762177
Allen_Cahn_nonlinear_time	368.044922
Cahn_Hilliard_nonlinear_time	0.011680
trans_time	7.729476
trans_Memcpy_time	3.479840
trans_MPI_time	1.978400
trans_pack_time	0.236480
trans_enlarge_time	0.442080
trans_mu_time	0.379840
trans_unpack_time	0.778560
updateU_new_time	0.198880
runtime	0.381315
--------------------------------------------------!
***************dt=2.000000***************
***************flag=0***************
--------------------------------------------------!
time		0.000000
wall time	26.106591
*******************************
dgemm_time	2.091840
conv_transfer_time	0.000000
conv_calculate_time	294.182434
elastic_calculate_time	294.228729
Allen_Cahn_nonlinear_time	386.466492
Cahn_Hilliard_nonlinear_time	0.011520
trans_time	7.750093
trans_Memcpy_time	3.491040
trans_MPI_time	1.991680
trans_pack_time	0.235200
trans_enlarge_time	0.444480
trans_mu_time	0.378880
trans_unpack_time	0.772320
updateU_new_time	0.215040
runtime	0.399862
--------------------------------------------------!
***************dt=2.000000***************
***************flag=0***************
--------------------------------------------------!
time		0.000000
wall time	26.488012
*******************************
dgemm_time	2.089760
conv_transfer_time	0.000000
conv_calculate_time	311.273865
elastic_calculate_time	311.310547
Allen_Cahn_nonlinear_time	395.408691
Cahn_Hilliard_nonlinear_time	0.011680
trans_time	7.769750
trans_Memcpy_time	3.466240
trans_MPI_time	2.038240
trans_pack_time	0.234560
trans_enlarge_time	0.441600
trans_mu_time	0.380160
trans_unpack_time	0.775840
updateU_new_time	0.201440
runtime	0.413137
--------------------------------------------------!
***************dt=2.000000***************
***************flag=0***************
--------------------------------------------------!
time		0.000000
wall time	26.887966
*******************************
dgemm_time	2.090880
conv_transfer_time	0.000000
conv_calculate_time	294.382080
elastic_calculate_time	294.418854
Allen_Cahn_nonlinear_time	341.505249
Cahn_Hilliard_nonlinear_time	0.011840
trans_time	7.776659
trans_Memcpy_time	3.506720
trans_MPI_time	1.998720
trans_pack_time	0.236000
trans_enlarge_time	0.440800
trans_mu_time	0.379680
trans_unpack_time	0.780480
updateU_new_time	0.202080
runtime	0.353487
--------------------------------------------------!
***************dt=2.000000***************
***************flag=0***************
--------------------------------------------------!
time		0.000000
wall time	27.301199
*******************************
dgemm_time	2.087039
conv_transfer_time	0.000000
conv_calculate_time	295.030640
elastic_calculate_time	295.065369
Allen_Cahn_nonlinear_time	339.190979
Cahn_Hilliard_nonlinear_time	0.011360
trans_time	7.774217
trans_Memcpy_time	3.531680
trans_MPI_time	1.974720
trans_pack_time	0.236000
trans_enlarge_time	0.442400
trans_mu_time	0.378240
trans_unpack_time	0.777440
updateU_new_time	0.201440
runtime	0.354676
--------------------------------------------------!
***************dt=2.000000***************
***************flag=0***************
--------------------------------------------------!
time		0.000000
wall time	27.654792
*******************************
dgemm_time	2.085119
conv_transfer_time	0.000000
conv_calculate_time	293.690094
elastic_calculate_time	293.725983
Allen_Cahn_nonlinear_time	375.097595
Cahn_Hilliard_nonlinear_time	0.011680
trans_time	7.791034
trans_Memcpy_time	3.510720
trans_MPI_time	2.012800
trans_pack_time	0.235840
trans_enlarge_time	0.441920
trans_mu_time	0.378720
trans_unpack_time	0.777600
updateU_new_time	0.203200
runtime	0.393960
--------------------------------------------------!
***************dt=2.000000***************
***************flag=0***************
--------------------------------------------------!
time		0.000000
wall time	28.009566
*******************************
dgemm_time	2.094559
conv_transfer_time	0.000000
conv_calculate_time	303.724396
elastic_calculate_time	303.761169
Allen_Cahn_nonlinear_time	354.623718
Cahn_Hilliard_nonlinear_time	0.011840
trans_time	7.697653
trans_Memcpy_time	3.531840
trans_MPI_time	1.895200
trans_pack_time	0.234080
trans_enlarge_time	0.444640
trans_mu_time	0.377600
trans_unpack_time	0.779360
updateU_new_time	0.208640
runtime	0.375122
--------------------------------------------------!
***************dt=2.000000***************
***************flag=0***************
--------------------------------------------------!
time		0.000000
wall time	28.403645
*******************************
dgemm_time	2.092157
conv_transfer_time	0.000000
conv_calculate_time	294.904480
elastic_calculate_time	294.940826
Allen_Cahn_nonlinear_time	344.650238
Cahn_Hilliard_nonlinear_time	0.011680
trans_time	7.782260
trans_Memcpy_time	3.511680
trans_MPI_time	1.991519
trans_pack_time	0.235200
trans_enlarge_time	0.444320
trans_mu_time	0.380640
trans_unpack_time	0.784959
updateU_new_time	0.200960
runtime	0.361318
--------------------------------------------------!
***************dt=2.000000***************
***************flag=0***************
--------------------------------------------------!
time		0.000000
wall time	28.778868
*******************************
dgemm_time	2.085757
conv_transfer_time	0.000000
conv_calculate_time	294.419281
elastic_calculate_time	294.455139
Allen_Cahn_nonlinear_time	360.157776
Cahn_Hilliard_nonlinear_time	0.011520
trans_time	7.808838
trans_Memcpy_time	3.496318
trans_MPI_time	2.034718
trans_pack_time	0.236000
trans_enlarge_time	0.443840
trans_mu_time	0.384480
trans_unpack_time	0.779199
updateU_new_time	0.201440
runtime	0.383079
--------------------------------------------------!
***************dt=2.000000***************
***************flag=0***************
--------------------------------------------------!
time		0.000000
wall time	29.140283
*******************************
dgemm_time	2.092956
conv_transfer_time	0.000000
conv_calculate_time	308.832458
elastic_calculate_time	308.867340
Allen_Cahn_nonlinear_time	396.522919
Cahn_Hilliard_nonlinear_time	0.012000
trans_time	7.781806
trans_Memcpy_time	3.509435
trans_MPI_time	2.000957
trans_pack_time	0.235200
trans_enlarge_time	0.442240
trans_mu_time	0.378880
trans_unpack_time	0.778719
updateU_new_time	0.200480
runtime	0.408834
--------------------------------------------------!
***************dt=2.000000***************
***************flag=0***************
--------------------------------------------------!
time		0.000000
wall time	29.523478
*******************************
dgemm_time	2.089596
conv_transfer_time	0.000000
conv_calculate_time	294.916229
elastic_calculate_time	294.951080
Allen_Cahn_nonlinear_time	341.286285
Cahn_Hilliard_nonlinear_time	0.011840
trans_time	7.836584
trans_Memcpy_time	3.523994
trans_MPI_time	2.035517
trans_pack_time	0.236000
trans_enlarge_time	0.444800
trans_mu_time	0.379680
trans_unpack_time	0.780959
updateU_new_time	0.200000
runtime	0.352845
--------------------------------------------------!
***************dt=2.000000***************
***************flag=0***************
--------------------------------------------------!
time		0.000000
wall time	29.932385
*******************************
dgemm_time	2.088476
conv_transfer_time	0.000000
conv_calculate_time	294.908325
elastic_calculate_time	294.943787
Allen_Cahn_nonlinear_time	347.366058
Cahn_Hilliard_nonlinear_time	0.012000
trans_time	7.840792
trans_Memcpy_time	3.516474
trans_MPI_time	2.044796
trans_pack_time	0.243520
trans_enlarge_time	0.451200
trans_mu_time	0.379200
trans_unpack_time	0.772799
updateU_new_time	0.200160
runtime	0.360064
--------------------------------------------------!
***************dt=2.000000***************
***************flag=0***************
--------------------------------------------------!
time		0.000000
wall time	30.285334
*******************************
dgemm_time	2.086874
conv_transfer_time	0.000000
conv_calculate_time	297.193390
elastic_calculate_time	297.228241
Allen_Cahn_nonlinear_time	371.993011
Cahn_Hilliard_nonlinear_time	0.011680
trans_time	7.731880
trans_Memcpy_time	3.504794
trans_MPI_time	1.958556
trans_pack_time	0.234880
trans_enlarge_time	0.443680
trans_mu_time	0.379040
trans_unpack_time	0.775198
updateU_new_time	0.200160
runtime	0.388343
--------------------------------------------------!
***************dt=2.000000***************
***************flag=0***************
--------------------------------------------------!
time		0.000000
wall time	30.645482
*******************************
dgemm_time	2.089434
conv_transfer_time	0.000000
conv_calculate_time	297.730255
elastic_calculate_time	297.765564
Allen_Cahn_nonlinear_time	366.287689
Cahn_Hilliard_nonlinear_time	0.011520
trans_time	7.744769
trans_Memcpy_time	3.529594
trans_MPI_time	1.935996
trans_pack_time	0.236800
trans_enlarge_time	0.450720
trans_mu_time	0.378240
trans_unpack_time	0.779518
updateU_new_time	0.206880
runtime	0.385256
--------------------------------------------------!
***************dt=2.000000***************
***************flag=0***************
--------------------------------------------------!
time		0.000000
wall time	31.033929
*******************************
dgemm_time	2.089594
conv_transfer_time	0.000000
conv_calculate_time	294.271149
elastic_calculate_time	294.306274
Allen_Cahn_nonlinear_time	359.885010
Cahn_Hilliard_nonlinear_time	0.012160
trans_time	7.760586
trans_Memcpy_time	3.511352
trans_MPI_time	1.980955
trans_pack_time	0.235520
trans_enlarge_time	0.445120
trans_mu_time	0.379680
trans_unpack_time	0.773598
updateU_new_time	0.200480
runtime	0.372959
--------------------------------------------------!
***************dt=2.000000***************
***************flag=0***************
--------------------------------------------------!
time		0.000000
wall time	31.419295
*******************************
dgemm_time	2.090233
conv_transfer_time	0.000000
conv_calculate_time	295.785339
elastic_calculate_time	295.820831
Allen_Cahn_nonlinear_time	362.979858
Cahn_Hilliard_nonlinear_time	0.011680
trans_time	7.750584
trans_Memcpy_time	3.502871
trans_MPI_time	1.975675
trans_pack_time	0.235680
trans_enlarge_time	0.441600
trans_mu_time	0.384320
trans_unpack_time	0.775998
updateU_new_time	0.204480
runtime	0.374891
--------------------------------------------------!
***************dt=2.000000***************
***************flag=0***************
--------------------------------------------------!
time		0.000000
wall time	31.792340
*******************************
dgemm_time	2.095353
conv_transfer_time	0.000000
conv_calculate_time	297.463348
elastic_calculate_time	297.499481
Allen_Cahn_nonlinear_time	383.350067
Cahn_Hilliard_nonlinear_time	0.012160
trans_time	7.736142
trans_Memcpy_time	3.500469
trans_MPI_time	1.954555
trans_pack_time	0.233760
trans_enlarge_time	0.443360
trans_mu_time	0.386400
trans_unpack_time	0.781598
updateU_new_time	0.200320
runtime	0.400084
--------------------------------------------------!
***************dt=2.000000***************
***************flag=0***************
--------------------------------------------------!
time		0.000000
wall time	32.167362
*******************************
dgemm_time	2.090873
conv_transfer_time	0.000000
conv_calculate_time	307.454742
elastic_calculate_time	307.490662
Allen_Cahn_nonlinear_time	370.649445
Cahn_Hilliard_nonlinear_time	0.011360
trans_time	7.911661
trans_Memcpy_time	3.482389
trans_MPI_time	2.150872
trans_pack_time	0.240320
trans_enlarge_time	0.444000
trans_mu_time	0.379040
trans_unpack_time	0.779837
updateU_new_time	0.200640
runtime	0.386430
--------------------------------------------------!
***************dt=2.000000***************
***************flag=0***************
--------------------------------------------------!
time		0.000000
wall time	32.567565
*******************************
dgemm_time	2.089111
conv_transfer_time	0.000000
conv_calculate_time	296.058228
elastic_calculate_time	296.094269
Allen_Cahn_nonlinear_time	335.804657
Cahn_Hilliard_nonlinear_time	0.011680
trans_time	7.789708
trans_Memcpy_time	3.514708
trans_MPI_time	1.992153
trans_pack_time	0.235680
trans_enlarge_time	0.442720
trans_mu_time	0.378080
trans_unpack_time	0.778237
updateU_new_time	0.200960
runtime	0.351930
--------------------------------------------------!
***************dt=2.000000***************
***************flag=0***************
--------------------------------------------------!
time		0.000000
wall time	32.954154
*******************************
dgemm_time	2.091671
conv_transfer_time	0.000000
conv_calculate_time	296.418823
elastic_calculate_time	296.455414
Allen_Cahn_nonlinear_time	367.532806
Cahn_Hilliard_nonlinear_time	0.011680
trans_time	7.754997
trans_Memcpy_time	3.514068
trans_MPI_time	1.961273
trans_pack_time	0.236160
trans_enlarge_time	0.444000
trans_mu_time	0.379360
trans_unpack_time	0.779517
updateU_new_time	0.202560
runtime	0.382436
--------------------------------------------------!
***************dt=2.000000***************
***************flag=0***************
--------------------------------------------------!
time		0.000000
wall time	33.306190
*******************************
dgemm_time	2.088467
conv_transfer_time	0.000000
conv_calculate_time	299.461029
elastic_calculate_time	299.495605
Allen_Cahn_nonlinear_time	362.067383
Cahn_Hilliard_nonlinear_time	0.011360
trans_time	7.779096
trans_Memcpy_time	3.485587
trans_MPI_time	2.019672
trans_pack_time	0.233440
trans_enlarge_time	0.442400
trans_mu_time	0.380640
trans_unpack_time	0.780957
updateU_new_time	0.200799
runtime	0.377115
--------------------------------------------------!
***************dt=2.000000***************
***************flag=0***************
--------------------------------------------------!
time		0.000000
wall time	33.688720
*******************************
dgemm_time	2.093575
conv_transfer_time	0.000000
conv_calculate_time	296.589447
elastic_calculate_time	296.624176
Allen_Cahn_nonlinear_time	373.868347
Cahn_Hilliard_nonlinear_time	0.011840
trans_time	7.824776
trans_Memcpy_time	3.525097
trans_MPI_time	2.028948
trans_pack_time	0.236480
trans_enlarge_time	0.443200
trans_mu_time	0.379680
trans_unpack_time	0.776795
updateU_new_time	0.202718
runtime	0.389704
--------------------------------------------------!
***************dt=2.000000***************
***************flag=0***************
--------------------------------------------------!
time		0.000000
wall time	34.065954
*******************************
dgemm_time	2.093404
conv_transfer_time	0.000000
conv_calculate_time	300.796967
elastic_calculate_time	300.834747
Allen_Cahn_nonlinear_time	355.145050
Cahn_Hilliard_nonlinear_time	0.012480
trans_time	7.724935
trans_Memcpy_time	3.478198
trans_MPI_time	1.919498
trans_pack_time	0.241918
trans_enlarge_time	0.443039
trans_mu_time	0.380000
trans_unpack_time	0.780311
updateU_new_time	0.202077
runtime	0.367974
--------------------------------------------------!
***************dt=2.000000***************
***************flag=0***************
--------------------------------------------------!
time		0.000000
wall time	34.455841
*******************************
dgemm_time	2.090035
conv_transfer_time	0.000000
conv_calculate_time	298.314484
elastic_calculate_time	298.354004
Allen_Cahn_nonlinear_time	354.068451
Cahn_Hilliard_nonlinear_time	0.011680
trans_time	7.738538
trans_Memcpy_time	3.438984
trans_MPI_time	1.982207
trans_pack_time	0.243036
trans_enlarge_time	0.447034
trans_mu_time	0.379034
trans_unpack_time	0.785587
updateU_new_time	0.203356
runtime	0.369519
--------------------------------------------------!
***************dt=2.000000***************
***************flag=0***************
--------------------------------------------------!
time		0.000000
wall time	34.823951
*******************************
dgemm_time	2.096105
conv_transfer_time	0.000000
conv_calculate_time	294.641998
elastic_calculate_time	294.684143
Allen_Cahn_nonlinear_time	349.280396
Cahn_Hilliard_nonlinear_time	0.012000
trans_time	7.772030
trans_Memcpy_time	3.448085
trans_MPI_time	1.995477
trans_pack_time	0.236156
trans_enlarge_time	0.442874
trans_mu_time	0.380154
trans_unpack_time	0.775983
updateU_new_time	0.201275
runtime	0.361549
--------------------------------------------------!
***************dt=2.000000***************
***************flag=0***************
--------------------------------------------------!
time		0.000000
wall time	35.193570
*******************************
dgemm_time	2.088095
conv_transfer_time	0.000000
conv_calculate_time	298.650574
elastic_calculate_time	298.686493
Allen_Cahn_nonlinear_time	372.407745
Cahn_Hilliard_nonlinear_time	0.011520
trans_time	10.512391
trans_Memcpy_time	3.453350
trans_MPI_time	4.724674
trans_pack_time	0.245754
trans_enlarge_time	0.444308
trans_mu_time	0.378394
trans_unpack_time	0.773580
updateU_new_time	0.202714
runtime	0.390745
--------------------------------------------------!
***************dt=2.000000***************
***************flag=0***************
--------------------------------------------------!
time		0.000000
wall time	35.555318
*******************************
dgemm_time	2.090965
conv_transfer_time	0.000000
conv_calculate_time	295.557434
elastic_calculate_time	295.594177
Allen_Cahn_nonlinear_time	377.193085
Cahn_Hilliard_nonlinear_time	0.011840
trans_time	7.732566
trans_Memcpy_time	3.518932
trans_MPI_time	1.873862
trans_pack_time	0.234074
trans_enlarge_time	0.443348
trans_mu_time	0.377108
trans_unpack_time	0.779336
updateU_new_time	0.202393
runtime	0.390646
--------------------------------------------------!
***************dt=2.000000***************
***************flag=0***************
--------------------------------------------------!
time		0.000000
wall time	35.946169
*******************************
dgemm_time	2.089836
conv_transfer_time	0.000000
conv_calculate_time	302.907562
elastic_calculate_time	302.943390
Allen_Cahn_nonlinear_time	363.712280
Cahn_Hilliard_nonlinear_time	0.011680
trans_time	7.734200
trans_Memcpy_time	3.491074
trans_MPI_time	1.932250
trans_pack_time	0.235192
trans_enlarge_time	0.442068
trans_mu_time	0.378228
trans_unpack_time	0.759973
updateU_new_time	0.201912
runtime	0.382471
--------------------------------------------------!
***************dt=2.000000***************
***************flag=0***************
--------------------------------------------------!
time		0.000000
wall time	36.336919
*******************************
dgemm_time	2.086467
conv_transfer_time	0.000000
conv_calculate_time	294.923523
elastic_calculate_time	294.959198
Allen_Cahn_nonlinear_time	348.068146
Cahn_Hilliard_nonlinear_time	0.011680
trans_time	7.847240
trans_Memcpy_time	3.512018
trans_MPI_time	2.007279
trans_pack_time	0.234231
trans_enlarge_time	0.445262
trans_mu_time	0.376148
trans_unpack_time	0.776288
updateU_new_time	0.199031
runtime	0.359035
--------------------------------------------------!
***************dt=2.000000***************
***************flag=0***************
--------------------------------------------------!
time		0.000000
wall time	36.719517
*******************************
dgemm_time	2.090778
conv_transfer_time	0.000000
conv_calculate_time	294.519073
elastic_calculate_time	294.554932
Allen_Cahn_nonlinear_time	343.290649
Cahn_Hilliard_nonlinear_time	0.011680
trans_time	8.868591
trans_Memcpy_time	3.530082
trans_MPI_time	3.012504
trans_pack_time	0.234870
trans_enlarge_time	0.445742
trans_mu_time	0.377586
trans_unpack_time	0.770045
updateU_new_time	0.204470
runtime	0.358239
--------------------------------------------------!
***************dt=2.000000***************
***************flag=0***************
--------------------------------------------------!
time		0.000000
wall time	37.078678
*******************************
dgemm_time	2.088689
conv_transfer_time	0.000000
conv_calculate_time	296.614410
elastic_calculate_time	296.649872
Allen_Cahn_nonlinear_time	336.533325
Cahn_Hilliard_nonlinear_time	0.011840
trans_time	7.812808
trans_Memcpy_time	3.495190
trans_MPI_time	2.041340
trans_pack_time	0.236628
trans_enlarge_time	0.443822
trans_mu_time	0.376142
trans_unpack_time	0.785241
updateU_new_time	0.201589
runtime	0.352642
--------------------------------------------------!
***************dt=2.000000***************
***************flag=0***************
--------------------------------------------------!
time		0.000000
wall time	37.437019
*******************************
dgemm_time	2.088680
conv_transfer_time	0.000000
conv_calculate_time	300.720978
elastic_calculate_time	300.755737
Allen_Cahn_nonlinear_time	360.434998
Cahn_Hilliard_nonlinear_time	0.011840
trans_time	7.755198
trans_Memcpy_time	3.522852
trans_MPI_time	1.965655
trans_pack_time	0.236148
trans_enlarge_time	0.445256
trans_mu_time	0.375982
trans_unpack_time	0.774999
updateU_new_time	0.201109
runtime	0.372148
--------------------------------------------------!
***************dt=2.000000***************
***************flag=0***************
--------------------------------------------------!
time		0.000000
wall time	37.793651
*******************************
dgemm_time	2.085312
conv_transfer_time	0.000000
conv_calculate_time	296.509918
elastic_calculate_time	296.545105
Allen_Cahn_nonlinear_time	367.942810
Cahn_Hilliard_nonlinear_time	0.011520
trans_time	7.898818
trans_Memcpy_time	3.505399
trans_MPI_time	2.116839
trans_pack_time	0.237746
trans_enlarge_time	0.444776
trans_mu_time	0.375342
trans_unpack_time	0.783475
updateU_new_time	0.202068
runtime	0.381544
--------------------------------------------------!
***************dt=2.000000***************
***************flag=0***************
--------------------------------------------------!
time		0.000000
wall time	38.165904
*******************************
dgemm_time	2.085303
conv_transfer_time	0.000000
conv_calculate_time	302.257263
elastic_calculate_time	302.292389
Allen_Cahn_nonlinear_time	381.578064
Cahn_Hilliard_nonlinear_time	0.011519
trans_time	7.844618
trans_Memcpy_time	3.622816
trans_MPI_time	1.953961
trans_pack_time	0.235826
trans_enlarge_time	0.443175
trans_mu_time	0.377257
trans_unpack_time	0.776592
updateU_new_time	0.202067
runtime	0.399259
--------------------------------------------------!
***************dt=2.000000***************
***************flag=0***************
--------------------------------------------------!
time		0.000000
wall time	38.547565
*******************************
dgemm_time	2.087214
conv_transfer_time	0.000000
conv_calculate_time	299.545135
elastic_calculate_time	299.581146
Allen_Cahn_nonlinear_time	389.587341
Cahn_Hilliard_nonlinear_time	0.011839
trans_time	7.649418
trans_Memcpy_time	3.525848
trans_MPI_time	1.847398
trans_pack_time	0.235344
trans_enlarge_time	0.447170
trans_mu_time	0.377255
trans_unpack_time	0.781708
updateU_new_time	0.202546
runtime	0.405837
--------------------------------------------------!
***************dt=2.000000***************
***************flag=0***************
--------------------------------------------------!
time		0.000000
wall time	38.946910
*******************************
dgemm_time	2.093124
conv_transfer_time	0.000000
conv_calculate_time	301.939362
elastic_calculate_time	301.975067
Allen_Cahn_nonlinear_time	359.820465
Cahn_Hilliard_nonlinear_time	0.011679
trans_time	7.778695
trans_Memcpy_time	3.517032
trans_MPI_time	1.985781
trans_pack_time	0.238224
trans_enlarge_time	0.443809
trans_mu_time	0.377255
trans_unpack_time	0.782025
updateU_new_time	0.207505
runtime	0.376066
--------------------------------------------------!
***************dt=2.000000***************
***************flag=0***************
--------------------------------------------------!
time		0.000000
wall time	39.352867
*******************************
dgemm_time	2.086238
conv_transfer_time	0.000000
conv_calculate_time	295.242096
elastic_calculate_time	295.279633
Allen_Cahn_nonlinear_time	350.239685
Cahn_Hilliard_nonlinear_time	0.011999
trans_time	7.736438
trans_Memcpy_time	3.565816
trans_MPI_time	1.840504
trans_pack_time	0.236782
trans_enlarge_time	0.444768
trans_mu_time	0.380614
trans_unpack_time	0.780902
updateU_new_time	0.201584
runtime	0.364066
--------------------------------------------------!
***************dt=2.000000***************
***************flag=0***************
--------------------------------------------------!
time		0.000000
wall time	39.729951
*******************************
dgemm_time	2.092790
conv_transfer_time	0.000000
conv_calculate_time	297.591675
elastic_calculate_time	297.626526
Allen_Cahn_nonlinear_time	335.286621
Cahn_Hilliard_nonlinear_time	0.011839
trans_time	7.788145
trans_Memcpy_time	3.476848
trans_MPI_time	2.031361
trans_pack_time	0.236622
trans_enlarge_time	0.446688
trans_mu_time	0.377729
trans_unpack_time	0.783779
updateU_new_time	0.203504
runtime	0.350875
--------------------------------------------------!
***************dt=2.000000***************
***************flag=0***************
--------------------------------------------------!
time		0.000000
wall time	40.094118
*******************************
dgemm_time	2.086382
conv_transfer_time	0.000000
conv_calculate_time	294.815521
elastic_calculate_time	294.850891
Allen_Cahn_nonlinear_time	341.741699
Cahn_Hilliard_nonlinear_time	0.011679
trans_time	7.728002
trans_Memcpy_time	3.522434
trans_MPI_time	1.921924
trans_pack_time	0.235021
trans_enlarge_time	0.443643
trans_mu_time	0.377409
trans_unpack_time	0.782016
updateU_new_time	0.201263
runtime	0.358518
--------------------------------------------------!
***************dt=2.000000***************
***************flag=0***************
--------------------------------------------------!
time		0.000000
wall time	40.445142
*******************************
dgemm_time	2.090695
conv_transfer_time	0.000000
conv_calculate_time	295.488190
elastic_calculate_time	295.525177
Allen_Cahn_nonlinear_time	353.471954
Cahn_Hilliard_nonlinear_time	0.011679
trans_time	7.754223
trans_Memcpy_time	3.535538
trans_MPI_time	1.944315
trans_pack_time	0.235980
trans_enlarge_time	0.442043
trans_mu_time	0.380609
trans_unpack_time	0.779614
updateU_new_time	0.199502
runtime	0.365472
--------------------------------------------------!
***************dt=2.000000***************
***************flag=0***************
--------------------------------------------------!
time		0.000000
wall time	40.803734
*******************************
dgemm_time	2.089727
conv_transfer_time	0.000000
conv_calculate_time	296.490906
elastic_calculate_time	296.525940
Allen_Cahn_nonlinear_time	356.287170
Cahn_Hilliard_nonlinear_time	0.011359
trans_time	7.825449
trans_Memcpy_time	3.492331
trans_MPI_time	2.048618
trans_pack_time	0.235500
trans_enlarge_time	0.443322
trans_mu_time	0.386367
trans_unpack_time	0.784090
updateU_new_time	0.219020
runtime	0.370793
--------------------------------------------------!
***************dt=2.000000***************
***************flag=0***************
--------------------------------------------------!
time		0.000000
wall time	41.172113
*******************************
dgemm_time	2.080760
conv_transfer_time	0.000000
conv_calculate_time	300.322906
elastic_calculate_time	300.357941
Allen_Cahn_nonlinear_time	351.503815
Cahn_Hilliard_nonlinear_time	0.011999
trans_time	7.756778
trans_Memcpy_time	3.516955
trans_MPI_time	1.952780
trans_pack_time	0.235498
trans_enlarge_time	0.442840
trans_mu_time	0.380124
trans_unpack_time	0.779128
updateU_new_time	0.205580
runtime	0.366551
--------------------------------------------------!
***************dt=2.000000***************
***************flag=0***************
--------------------------------------------------!
time		0.000000
wall time	41.543015
*******************************
dgemm_time	2.089873
conv_transfer_time	0.000000
conv_calculate_time	299.942902
elastic_calculate_time	299.978912
Allen_Cahn_nonlinear_time	348.458160
Cahn_Hilliard_nonlinear_time	0.011679
trans_time	7.748271
trans_Memcpy_time	3.527822
trans_MPI_time	1.940935
trans_pack_time	0.236458
trans_enlarge_time	0.442197
trans_mu_time	0.378683
trans_unpack_time	0.787605
updateU_new_time	0.199020
runtime	0.365815
--------------------------------------------------!
***************dt=2.000000***************
***************flag=0***************
--------------------------------------------------!
time		0.000000
wall time	41.909660
*******************************
dgemm_time	2.084106
conv_transfer_time	0.000000
conv_calculate_time	294.405975
elastic_calculate_time	294.441833
Allen_Cahn_nonlinear_time	367.678467
Cahn_Hilliard_nonlinear_time	0.011519
trans_time	7.684721
trans_Memcpy_time	3.521570
trans_MPI_time	1.894053
trans_pack_time	0.234857
trans_enlarge_time	0.442837
trans_mu_time	0.379163
trans_unpack_time	0.772563
updateU_new_time	0.199340
runtime	0.379695
--------------------------------------------------!
***************dt=2.000000***************
***************flag=0***************
--------------------------------------------------!
time		0.000000
wall time	42.275579
*******************************
dgemm_time	2.083939
conv_transfer_time	0.000000
conv_calculate_time	304.816162
elastic_calculate_time	304.852112
Allen_Cahn_nonlinear_time	373.657654
Cahn_Hilliard_nonlinear_time	0.011679
trans_time	7.767045
trans_Memcpy_time	3.502039
trans_MPI_time	1.982356
trans_pack_time	0.235656
trans_enlarge_time	0.442356
trans_mu_time	0.380122
trans_unpack_time	0.784079
updateU_new_time	0.201259
runtime	0.388852
--------------------------------------------------!
***************dt=2.000000***************
***************flag=0***************
--------------------------------------------------!
time		0.000000
wall time	42.658077
*******************************
dgemm_time	2.090011
conv_transfer_time	0.000000
conv_calculate_time	294.287292
elastic_calculate_time	294.322418
Allen_Cahn_nonlinear_time	338.584747
Cahn_Hilliard_nonlinear_time	0.012319
trans_time	7.711644
trans_Memcpy_time	3.522985
trans_MPI_time	1.928595
trans_pack_time	0.235815
trans_enlarge_time	0.441713
trans_mu_time	0.379480
trans_unpack_time	0.769678
updateU_new_time	0.215336
runtime	0.354608
--------------------------------------------------!
***************dt=2.000000***************
***************flag=0***************
--------------------------------------------------!
time		0.000000
wall time	43.054848
