running   on	512   processors
restart		0
nx,ny,nz	260	260	132
px,py,pz	8	8	8
nghost		2
output   dir	./output/output2/
data   dir	./data/
dt,t_total	2.000000,200.100000
ELASTIC		1
ANISOTROPIC		1
nac,nch		6,2
xmin,ymin,zmin	0.000000	0.000000	0.000000
xmax,ymax,zmax	2048.000000	2048.000000	1024.000000
checkpoint_,nchk,chk	1,1000,0
nout		10000
Approx		32
detect_iter		100000
Reading input.txt file:
myrank = 265 P = 0 Q = 2
myrank = 267 P = 2 Q = 2
myrank = 203 P = 2 Q = 1
myrank = 189 P = 1 Q = 1
myrank = 269 P = 1 Q = 2
myrank = 164 P = 4 Q = 3
myrank = 185 P = 2 Q = 2
myrank = 200 P = 4 Q = 2
myrank = 190 P = 0 Q = 1
myrank = 167 P = 2 Q = 0
myrank = 188 P = 4 Q = 1
myrank = 165 P = 0 Q = 3
myrank = 175 P = 4 Q = 1
myrank = 270 P = 4 Q = 1
myrank = 184 P = 0 Q = 5
myrank = 304 P = 5 Q = 3
myrank = 166 P = 3 Q = 0
myrank = 191 P = 0 Q = 0
myrank = 311 P = 1 Q = 2
myrank = 172 P = 5 Q = 5
myrank = 271 P = 5 Q = 5
myrank = 170 P = 0 Q = 2
myrank = 168 P = 2 Q = 5
myrank = 310 P = 5 Q = 2
myrank = 268 P = 4 Q = 2
myrank = 297 P = 2 Q = 2
myrank = 119 P = 1 Q = 1
myrank = 309 P = 2 Q = 2
myrank = 296 P = 5 Q = 5
myrank = 308 P = 5 Q = 0
myrank = 259 P = 0 Q = 1
myrank = 192 P = 1 Q = 4
myrank = 257 P = 4 Q = 4
myrank = 305 P = 5 Q = 3
myrank = 193 P = 1 Q = 3
myrank = 117 P = 5 Q = 1
myrank = 173 P = 2 Q = 4
myrank = 169 P = 2 Q = 2
myrank = 187 P = 4 Q = 2
myrank = 186 P = 2 Q = 1
myrank = 68 P = 2 Q = 5
myrank = 258 P = 3 Q = 2
myrank = 116 P = 3 Q = 4
myrank = 174 P = 2 Q = 4
myrank = 171 P = 3 Q = 2
myrank = 118 P = 2 Q = 4
myrank = 327 P = 3 Q = 4
myrank = 307 P = 0 Q = 0
myrank = 194 P = 1 Q = 2
myrank = 440 P = 5 Q = 5
myrank = 300 P = 4 Q = 4
myrank = 306 P = 0 Q = 3
myrank = 198 P = 5 Q = 5
myrank = 443 P = 3 Q = 4
myrank = 303 P = 2 Q = 1
myrank = 201 P = 1 Q = 1
myrank = 195 P = 3 Q = 3
myrank = 71 P = 0 Q = 2
myrank = 70 P = 1 Q = 5
myrank = 251 P = 3 Q = 0
myrank = 326 P = 3 Q = 2
myrank = 75 P = 5 Q = 4
myrank = 249 P = 4 Q = 0
myrank = 301 P = 0 Q = 4
myrank = 256 P = 4 Q = 5
myrank = 248 P = 1 Q = 1
myrank = 74 P = 5 Q = 2
myrank = 69 P = 4 Q = 3
myrank = 299 P = 4 Q = 5
myrank = 302 P = 3 Q = 4
myrank = 295 P = 3 Q = 2
myrank = 324 P = 1 Q = 2
myrank = 292 P = 2 Q = 0
myrank = 73 P = 0 Q = 1
myrank = 439 P = 3 Q = 4
myrank = 196 P = 3 Q = 2
myrank = 72 P = 3 Q = 5
myrank = 447 P = 4 Q = 3
myrank = 250 P = 0 Q = 3
myrank = 442 P = 3 Q = 1
myrank = 294 P = 0 Q = 0
myrank = 298 P = 1 Q = 2
myrank = 438 P = 0 Q = 2
myrank = 202 P = 1 Q = 1
myrank = 325 P = 1 Q = 5
myrank = 134 P = 2 Q = 1
myrank = 199 P = 5 Q = 4
myrank = 35 P = 0 Q = 0
myrank = 197 P = 5 Q = 3
myrank = 445 P = 2 Q = 4
myrank = 135 P = 2 Q = 3
myrank = 441 P = 5 Q = 1
myrank = 451 P = 3 Q = 2
myrank = 266 P = 2 Q = 3
myrank = 293 P = 0 Q = 3
myrank = 415 P = 5 Q = 4
myrank = 476 P = 2 Q = 0
myrank = 436 P = 4 Q = 5
myrank = 413 P = 0 Q = 4
myrank = 437 P = 0 Q = 5
myrank = 27 P = 4 Q = 2
myrank = 132 P = 4 Q = 4
myrank = 328 P = 3 Q = 4
myrank = 412 P = 0 Q = 2
myrank = 446 P = 5 Q = 0
myrank = 444 P = 3 Q = 0
myrank = 264 P = 3 Q = 3
myrank = 414 P = 2 Q = 1
myrank = 448 P = 1 Q = 3
myrank = 34 P = 3 Q = 1
myrank = 450 P = 0 Q = 2
myrank = 475 P = 2 Q = 3
myrank = 4 P = 3 Q = 4
myrank = 25 P = 5 Q = 0
myrank = 7 P = 2 Q = 3
myrank = 375 P = 0 Q = 3
myrank = 331 P = 3 Q = 1
myrank = 362 P = 3 Q = 3
myrank = 449 P = 4 Q = 2
myrank = 255 P = 4 Q = 2
myrank = 5 P = 3 Q = 1
myrank = 477 P = 4 Q = 3
myrank = 330 P = 4 Q = 1
myrank = 329 P = 1 Q = 1
myrank = 36 P = 2 Q = 4
myrank = 155 P = 5 Q = 2
myrank = 253 P = 5 Q = 3
myrank = 479 P = 4 Q = 2
myrank = 133 P = 4 Q = 4
myrank = 254 P = 5 Q = 5
myrank = 319 P = 3 Q = 3
myrank = 474 P = 1 Q = 3
myrank = 372 P = 2 Q = 4
myrank = 361 P = 0 Q = 4
myrank = 252 P = 3 Q = 2
myrank = 276 P = 0 Q = 4
myrank = 31 P = 1 Q = 2
myrank = 39 P = 1 Q = 3
myrank = 317 P = 4 Q = 4
myrank = 360 P = 5 Q = 0
myrank = 316 P = 1 Q = 4
myrank = 315 P = 3 Q = 1
myrank = 387 P = 0 Q = 1
myrank = 511 P = 3 Q = 4
myrank = 76 P = 1 Q = 1
myrank = 93 P = 5 Q = 3
myrank = 374 P = 0 Q = 4
myrank = 78 P = 1 Q = 0
myrank = 92 P = 5 Q = 4
myrank = 318 P = 1 Q = 3
myrank = 383 P = 0 Q = 1
myrank = 6 P = 2 Q = 1
myrank = 279 P = 5 Q = 0
myrank = 43 P = 0 Q = 2
myrank = 33 P = 4 Q = 1
myrank = 152 P = 0 Q = 0
myrank = 21 P = 0 Q = 1
myrank = 478 P = 1 Q = 2
myrank = 278 P = 2 Q = 0
myrank = 77 P = 1 Q = 4
myrank = 40 P = 4 Q = 2
myrank = 37 P = 2 Q = 3
myrank = 44 P = 4 Q = 2
myrank = 314 P = 3 Q = 1
myrank = 8 P = 0 Q = 1
myrank = 401 P = 0 Q = 0
myrank = 381 P = 1 Q = 1
myrank = 22 P = 0 Q = 0
myrank = 24 P = 5 Q = 0
myrank = 151 P = 4 Q = 0
myrank = 380 P = 4 Q = 5
myrank = 79 P = 2 Q = 4
myrank = 320 P = 0 Q = 3
myrank = 47 P = 0 Q = 1
myrank = 26 P = 1 Q = 0
myrank = 339 P = 2 Q = 5
myrank = 400 P = 0 Q = 1
myrank = 262 P = 1 Q = 3
myrank = 358 P = 0 Q = 4
myrank = 42 P = 0 Q = 5
myrank = 277 P = 0 Q = 0
myrank = 435 P = 1 Q = 3
myrank = 227 P = 3 Q = 1
myrank = 356 P = 3 Q = 5
myrank = 473 P = 4 Q = 0
myrank = 403 P = 2 Q = 0
myrank = 424 P = 0 Q = 5
myrank = 247 P = 0 Q = 3
myrank = 431 P = 4 Q = 3
myrank = 154 P = 3 Q = 5
myrank = 94 P = 1 Q = 3
myrank = 423 P = 4 Q = 5
myrank = 323 P = 2 Q = 2
myrank = 459 P = 2 Q = 0
myrank = 115 P = 0 Q = 5
myrank = 41 P = 0 Q = 0
myrank = 402 P = 5 Q = 4
myrank = 20 P = 5 Q = 1
myrank = 428 P = 5 Q = 1
myrank = 260 P = 0 Q = 0
myrank = 510 P = 0 Q = 2
myrank = 261 P = 4 Q = 4
myrank = 23 P = 5 Q = 1
myrank = 29 P = 3 Q = 2
myrank = 457 P = 2 Q = 4
myrank = 426 P = 0 Q = 1
myrank = 312 P = 1 Q = 5
myrank = 429 P = 5 Q = 3
myrank = 472 P = 1 Q = 4
myrank = 382 P = 3 Q = 2
myrank = 244 P = 1 Q = 4
myrank = 434 P = 2 Q = 5
myrank = 114 P = 0 Q = 5
myrank = 19 P = 2 Q = 1
myrank = 10 P = 1 Q = 0
myrank = 144 P = 2 Q = 4
myrank = 338 P = 1 Q = 2
myrank = 373 P = 5 Q = 3
myrank = 147 P = 2 Q = 4
myrank = 342 P = 1 Q = 4
myrank = 386 P = 1 Q = 0
myrank = 263 P = 3 Q = 3
myrank = 28 P = 1 Q = 5
myrank = 509 P = 2 Q = 4
myrank = 30 P = 0 Q = 4
myrank = 15 P = 4 Q = 2
myrank = 246 P = 3 Q = 4
myrank = 95 P = 4 Q = 3
myrank = 219 P = 1 Q = 3
myrank = 337 P = 4 Q = 2
myrank = 363 P = 0 Q = 5
myrank = 385 P = 1 Q = 4
myrank = 336 P = 4 Q = 3
myrank = 357 P = 3 Q = 4
myrank = 432 P = 2 Q = 3
myrank = 153 P = 0 Q = 3
myrank = 456 P = 0 Q = 4
myrank = 3 P = 3 Q = 5
myrank = 408 P = 2 Q = 2
myrank = 46 P = 3 Q = 2
myrank = 179 P = 0 Q = 3
myrank = 430 P = 0 Q = 1
myrank = 32 P = 2 Q = 1
myrank = 113 P = 1 Q = 5
myrank = 371 P = 0 Q = 1
myrank = 9 P = 0 Q = 3
myrank = 12 P = 5 Q = 2
myrank = 145 P = 4 Q = 1
myrank = 216 P = 2 Q = 1
myrank = 0 P = 5 Q = 2
myrank = 359 P = 2 Q = 1
myrank = 416 P = 2 Q = 0
myrank = 243 P = 4 Q = 2
myrank = 238 P = 0 Q = 3
myrank = 245 P = 3 Q = 4
myrank = 384 P = 4 Q = 2
myrank = 425 P = 0 Q = 5
myrank = 239 P = 3 Q = 5
myrank = 421 P = 2 Q = 2
myrank = 484 P = 2 Q = 4
myrank = 463 P = 3 Q = 3
myrank = 45 P = 1 Q = 4
myrank = 236 P = 2 Q = 0
myrank = 405 P = 1 Q = 0
myrank = 419 P = 2 Q = 3
myrank = 343 P = 4 Q = 4
myrank = 420 P = 5 Q = 0
myrank = 508 P = 2 Q = 2
myrank = 427 P = 5 Q = 5
myrank = 313 P = 3 Q = 5
myrank = 280 P = 2 Q = 5
myrank = 340 P = 5 Q = 1
myrank = 14 P = 4 Q = 2
myrank = 418 P = 1 Q = 3
myrank = 229 P = 5 Q = 1
myrank = 148 P = 5 Q = 1
myrank = 283 P = 5 Q = 5
myrank = 242 P = 5 Q = 4
myrank = 237 P = 2 Q = 5
myrank = 321 P = 2 Q = 3
myrank = 433 P = 5 Q = 3
myrank = 38 P = 2 Q = 3
myrank = 398 P = 4 Q = 1
myrank = 322 P = 2 Q = 2
myrank = 341 P = 4 Q = 2
myrank = 16 P = 3 Q = 5
myrank = 399 P = 0 Q = 5
myrank = 64 P = 4 Q = 1
myrank = 487 P = 4 Q = 0
myrank = 112 P = 4 Q = 0
myrank = 422 P = 1 Q = 3
myrank = 66 P = 2 Q = 1
myrank = 218 P = 4 Q = 1
myrank = 411 P = 4 Q = 1
myrank = 506 P = 3 Q = 2
myrank = 364 P = 2 Q = 0
myrank = 486 P = 4 Q = 1
myrank = 176 P = 1 Q = 3
myrank = 370 P = 0 Q = 1
myrank = 161 P = 2 Q = 1
myrank = 224 P = 5 Q = 2
myrank = 410 P = 1 Q = 5
myrank = 397 P = 4 Q = 2
myrank = 369 P = 0 Q = 5
myrank = 396 P = 3 Q = 4
myrank = 1 P = 1 Q = 5
myrank = 507 P = 0 Q = 2
myrank = 505 P = 3 Q = 3
myrank = 281 P = 1 Q = 2
myrank = 241 P = 5 Q = 2
myrank = 159 P = 3 Q = 4
myrank = 500 P = 2 Q = 4
myrank = 350 P = 4 Q = 5
myrank = 490 P = 1 Q = 0
myrank = 458 P = 5 Q = 1
myrank = 107 P = 1 Q = 4
myrank = 483 P = 2 Q = 4
myrank = 111 P = 0 Q = 5
myrank = 355 P = 1 Q = 4
myrank = 17 P = 0 Q = 1
myrank = 146 P = 4 Q = 1
myrank = 469 P = 0 Q = 4
myrank = 485 P = 4 Q = 1
myrank = 109 P = 0 Q = 0
myrank = 11 P = 2 Q = 3
myrank = 353 P = 2 Q = 5
myrank = 65 P = 1 Q = 0
myrank = 417 P = 1 Q = 4
myrank = 149 P = 5 Q = 0
myrank = 480 P = 0 Q = 5
myrank = 217 P = 5 Q = 0
myrank = 354 P = 4 Q = 5
myrank = 178 P = 3 Q = 0
myrank = 481 P = 3 Q = 5
myrank = 67 P = 5 Q = 0
myrank = 2 P = 1 Q = 2
myrank = 482 P = 5 Q = 5
myrank = 367 P = 4 Q = 2
myrank = 461 P = 4 Q = 0
myrank = 225 P = 0 Q = 3
myrank = 240 P = 5 Q = 5
myrank = 409 P = 4 Q = 5
myrank = 18 P = 2 Q = 5
myrank = 407 P = 5 Q = 3
myrank = 404 P = 1 Q = 1
myrank = 504 P = 1 Q = 3
myrank = 460 P = 1 Q = 0
myrank = 231 P = 4 Q = 4
myrank = 150 P = 4 Q = 0
myrank = 368 P = 1 Q = 4
myrank = 48 P = 3 Q = 0
myrank = 51 P = 4 Q = 1
myrank = 365 P = 2 Q = 2
myrank = 140 P = 0 Q = 2
myrank = 352 P = 2 Q = 2
myrank = 88 P = 5 Q = 1
myrank = 406 P = 1 Q = 2
myrank = 349 P = 1 Q = 3
myrank = 503 P = 4 Q = 3
myrank = 108 P = 4 Q = 0
myrank = 143 P = 5 Q = 5
myrank = 103 P = 0 Q = 4
myrank = 348 P = 5 Q = 3
myrank = 491 P = 1 Q = 5
myrank = 104 P = 2 Q = 4
myrank = 468 P = 3 Q = 2
myrank = 230 P = 4 Q = 2
myrank = 377 P = 5 Q = 0
myrank = 228 P = 2 Q = 2
myrank = 379 P = 4 Q = 0
myrank = 13 P = 4 Q = 3
myrank = 156 P = 5 Q = 5
myrank = 141 P = 3 Q = 5
myrank = 226 P = 0 Q = 5
myrank = 49 P = 5 Q = 4
myrank = 351 P = 5 Q = 3
myrank = 466 P = 1 Q = 5
myrank = 163 P = 1 Q = 0
myrank = 289 P = 0 Q = 4
myrank = 344 P = 3 Q = 4
myrank = 110 P = 3 Q = 3
myrank = 501 P = 2 Q = 3
myrank = 395 P = 0 Q = 5
myrank = 101 P = 5 Q = 1
myrank = 235 P = 2 Q = 4
myrank = 157 P = 0 Q = 5
myrank = 158 P = 3 Q = 1
myrank = 160 P = 5 Q = 1
myrank = 393 P = 4 Q = 2
myrank = 180 P = 1 Q = 0
myrank = 465 P = 1 Q = 5
myrank = 394 P = 3 Q = 0
myrank = 347 P = 2 Q = 0
myrank = 489 P = 2 Q = 3
myrank = 470 P = 2 Q = 1
myrank = 91 P = 3 Q = 3
myrank = 82 P = 4 Q = 0
myrank = 462 P = 3 Q = 0
myrank = 139 P = 3 Q = 0
myrank = 366 P = 1 Q = 3
myrank = 102 P = 0 Q = 2
myrank = 60 P = 0 Q = 1
myrank = 488 P = 2 Q = 0
myrank = 467 P = 0 Q = 2
myrank = 392 P = 1 Q = 3
myrank = 90 P = 3 Q = 1
myrank = 502 P = 2 Q = 0
myrank = 105 P = 5 Q = 4
myrank = 162 P = 1 Q = 1
myrank = 471 P = 2 Q = 1
myrank = 376 P = 3 Q = 3
myrank = 83 P = 1 Q = 2
myrank = 291 P = 5 Q = 0
myrank = 464 P = 3 Q = 5
myrank = 106 P = 5 Q = 3
myrank = 183 P = 0 Q = 5
myrank = 181 P = 4 Q = 5
myrank = 177 P = 0 Q = 4
myrank = 100 P = 2 Q = 5
myrank = 97 P = 3 Q = 3
myrank = 334 P = 5 Q = 0
myrank = 272 P = 2 Q = 1
myrank = 89 P = 3 Q = 5
myrank = 233 P = 0 Q = 1
myrank = 142 P = 5 Q = 5
myrank = 59 P = 0 Q = 5
myrank = 98 P = 3 Q = 2
myrank = 345 P = 3 Q = 3
myrank = 61 P = 2 Q = 5
myrank = 99 P = 2 Q = 5
myrank = 335 P = 5 Q = 3
myrank = 455 P = 3 Q = 1
myrank = 273 P = 4 Q = 4
myrank = 96 P = 4 Q = 2
myrank = 80 P = 2 Q = 3
myrank = 138 P = 1 Q = 0
myrank = 63 P = 5 Q = 0
myrank = 182 P = 0 Q = 3
myrank = 378 P = 5 Q = 2
myrank = 346 P = 2 Q = 4
myrank = 454 P = 4 Q = 4
myrank = 452 P = 4 Q = 2
myrank = 62 P = 5 Q = 1
myrank = 50 P = 5 Q = 3
myrank = 274 P = 1 Q = 4
myrank = 453 P = 4 Q = 2
myrank = 391 P = 2 Q = 2
myrank = 288 P = 3 Q = 4
myrank = 56 P = 1 Q = 3
myrank = 275 P = 4 Q = 3
myrank = 207 P = 4 Q = 3
myrank = 332 P = 0 Q = 0
myrank = 390 P = 5 Q = 3
myrank = 497 P = 5 Q = 1
myrank = 388 P = 0 Q = 3
myrank = 389 P = 5 Q = 4
myrank = 129 P = 2 Q = 2
myrank = 212 P = 2 Q = 5
myrank = 136 P = 5 Q = 0
myrank = 232 P = 4 Q = 3
myrank = 131 P = 2 Q = 1
myrank = 214 P = 1 Q = 4
myrank = 333 P = 3 Q = 3
myrank = 234 P = 3 Q = 0
myrank = 125 P = 4 Q = 3
myrank = 494 P = 0 Q = 2
myrank = 57 P = 1 Q = 5
myrank = 55 P = 3 Q = 5
myrank = 126 P = 4 Q = 2
myrank = 496 P = 2 Q = 1
myrank = 205 P = 4 Q = 1
myrank = 493 P = 3 Q = 2
myrank = 499 P = 1 Q = 1
myrank = 85 P = 0 Q = 2
myrank = 58 P = 1 Q = 4
myrank = 204 P = 2 Q = 3
myrank = 87 P = 2 Q = 2
myrank = 128 P = 0 Q = 2
myrank = 84 P = 0 Q = 3
myrank = 206 P = 1 Q = 3
myrank = 127 P = 3 Q = 2
myrank = 498 P = 0 Q = 1
myrank = 213 P = 1 Q = 5
myrank = 54 P = 5 Q = 0
myrank = 223 P = 2 Q = 3
myrank = 492 P = 4 Q = 5
myrank = 124 P = 1 Q = 3
myrank = 52 P = 1 Q = 0
myrank = 220 P = 3 Q = 4
myrank = 215 P = 2 Q = 2
myrank = 53 P = 1 Q = 2
myrank = 86 P = 3 Q = 4
myrank = 495 P = 5 Q = 5
myrank = 130 P = 2 Q = 2
myrank = 222 P = 3 Q = 2
myrank = 210 P = 5 Q = 3
myrank = 121 P = 4 Q = 0
myrank = 287 P = 4 Q = 4
myrank = 221 P = 3 Q = 0
myrank = 120 P = 1 Q = 4
myrank = 209 P = 0 Q = 2
myrank = 123 P = 3 Q = 3
myrank = 122 P = 0 Q = 3
myrank = 211 P = 2 Q = 5
myrank = 208 P = 0 Q = 0
myrank = 285 P = 2 Q = 1
myrank = 284 P = 3 Q = 3
myrank = 286 P = 0 Q = 5
myrank = 81 P = 0 Q = 3
myrank = 290 P = 2 Q = 1
myrank = 137 P = 4 Q = 0
myrank = 282 P = 3 Q = 4
*******************************
dgemm_time	81.862556
conv_transfer_time	0.000000
conv_calculate_time	6742.255859
elastic_calculate_time	6742.306641
Allen_Cahn_nonlinear_time	6842.163086
Cahn_Hilliard_nonlinear_time	0.012000
trans_time	586.986023
trans_Memcpy_time	37.304867
trans_MPI_time	543.535156
trans_pack_time	0.452480
trans_enlarge_time	0.928480
trans_mu_time	0.454240
trans_unpack_time	3.742567
updateU_new_time	2.733925
runtime	7.519134
--------------------------------------------------!
***************dt=2.000000***************
***************flag=0***************
--------------------------------------------------!
time		0.000000
wall time	2.121269
*******************************
dgemm_time	80.603043
conv_transfer_time	0.000000
conv_calculate_time	3366.291992
elastic_calculate_time	3366.331543
Allen_Cahn_nonlinear_time	3485.652588
Cahn_Hilliard_nonlinear_time	0.012160
trans_time	39.539986
trans_Memcpy_time	19.089634
trans_MPI_time	14.837626
trans_pack_time	0.375040
trans_enlarge_time	0.663840
trans_mu_time	0.440800
trans_unpack_time	3.659687
updateU_new_time	2.721125
runtime	3.611758
--------------------------------------------------!
***************dt=2.000000***************
***************flag=0***************
--------------------------------------------------!
time		0.000000
wall time	9.654344
*******************************
dgemm_time	80.639999
conv_transfer_time	0.000000
conv_calculate_time	3362.944336
elastic_calculate_time	3362.982910
Allen_Cahn_nonlinear_time	3484.406494
Cahn_Hilliard_nonlinear_time	0.012000
trans_time	39.847160
trans_Memcpy_time	19.106276
trans_MPI_time	15.087709
trans_pack_time	0.378080
trans_enlarge_time	0.681920
trans_mu_time	0.448160
trans_unpack_time	3.616167
updateU_new_time	2.723045
runtime	3.609849
--------------------------------------------------!
***************dt=2.000000***************
***************flag=0***************
--------------------------------------------------!
time		0.000000
wall time	13.280092
*******************************
dgemm_time	80.642075
conv_transfer_time	0.000000
conv_calculate_time	3353.563232
elastic_calculate_time	3353.602783
Allen_Cahn_nonlinear_time	3482.430420
Cahn_Hilliard_nonlinear_time	0.012320
trans_time	39.435970
trans_Memcpy_time	19.088036
trans_MPI_time	14.753148
trans_pack_time	0.380320
trans_enlarge_time	0.684160
trans_mu_time	0.442080
trans_unpack_time	3.568007
updateU_new_time	2.722405
runtime	3.607541
--------------------------------------------------!
***************dt=2.000000***************
***************flag=0***************
--------------------------------------------------!
time		0.000000
wall time	16.903867
*******************************
dgemm_time	80.627510
conv_transfer_time	0.000000
conv_calculate_time	3360.949219
elastic_calculate_time	3360.987305
Allen_Cahn_nonlinear_time	3484.544678
Cahn_Hilliard_nonlinear_time	0.011680
trans_time	39.282253
trans_Memcpy_time	19.050432
trans_MPI_time	14.673946
trans_pack_time	0.372320
trans_enlarge_time	0.681600
trans_mu_time	0.447040
trans_unpack_time	3.599206
updateU_new_time	2.719845
runtime	3.609713
--------------------------------------------------!
***************dt=2.000000***************
***************flag=0***************
--------------------------------------------------!
time		0.000000
wall time	20.525323
*******************************
dgemm_time	80.623192
conv_transfer_time	0.000000
conv_calculate_time	3353.178955
elastic_calculate_time	3353.220947
Allen_Cahn_nonlinear_time	3482.672363
Cahn_Hilliard_nonlinear_time	0.012320
trans_time	39.569866
trans_Memcpy_time	19.038912
trans_MPI_time	14.999065
trans_pack_time	0.368800
trans_enlarge_time	0.674400
trans_mu_time	0.440000
trans_unpack_time	3.591686
updateU_new_time	2.729605
runtime	3.613876
--------------------------------------------------!
***************dt=2.000000***************
***************flag=0***************
--------------------------------------------------!
time		0.000000
wall time	24.148980
*******************************
dgemm_time	80.631927
conv_transfer_time	0.000000
conv_calculate_time	3354.012451
elastic_calculate_time	3354.049805
Allen_Cahn_nonlinear_time	3482.958496
Cahn_Hilliard_nonlinear_time	0.011840
trans_time	39.261166
trans_Memcpy_time	19.289314
trans_MPI_time	14.420505
trans_pack_time	0.375360
trans_enlarge_time	0.671840
trans_mu_time	0.437920
trans_unpack_time	3.603686
updateU_new_time	2.721282
runtime	3.608750
--------------------------------------------------!
***************dt=2.000000***************
***************flag=0***************
--------------------------------------------------!
time		0.000000
wall time	27.777011
*******************************
dgemm_time	80.651581
conv_transfer_time	0.000000
conv_calculate_time	3365.426025
elastic_calculate_time	3365.464111
Allen_Cahn_nonlinear_time	3482.269287
Cahn_Hilliard_nonlinear_time	0.012160
trans_time	40.388542
trans_Memcpy_time	19.072657
trans_MPI_time	15.734895
trans_pack_time	0.376800
trans_enlarge_time	0.674560
trans_mu_time	0.446080
trans_unpack_time	3.627843
updateU_new_time	2.720637
runtime	3.613254
--------------------------------------------------!
***************dt=2.000000***************
***************flag=0***************
--------------------------------------------------!
time		0.000000
wall time	31.399699
*******************************
dgemm_time	80.662308
conv_transfer_time	0.000000
conv_calculate_time	3362.513428
elastic_calculate_time	3362.550781
Allen_Cahn_nonlinear_time	3482.505371
Cahn_Hilliard_nonlinear_time	0.012320
trans_time	39.406693
trans_Memcpy_time	19.030859
trans_MPI_time	14.813743
trans_pack_time	0.384320
trans_enlarge_time	0.686240
trans_mu_time	0.449120
trans_unpack_time	3.582716
updateU_new_time	2.720632
runtime	3.607911
--------------------------------------------------!
***************dt=2.000000***************
***************flag=0***************
--------------------------------------------------!
time		0.000000
wall time	35.026895
*******************************
dgemm_time	80.635620
conv_transfer_time	0.000000
conv_calculate_time	3355.551025
elastic_calculate_time	3355.590088
Allen_Cahn_nonlinear_time	3487.566406
Cahn_Hilliard_nonlinear_time	0.011840
trans_time	39.450115
trans_Memcpy_time	19.040424
trans_MPI_time	14.851955
trans_pack_time	0.374400
trans_enlarge_time	0.668000
trans_mu_time	0.448480
trans_unpack_time	3.603989
updateU_new_time	2.722228
runtime	3.612946
--------------------------------------------------!
***************dt=2.000000***************
***************flag=0***************
--------------------------------------------------!
time		0.000000
wall time	38.648744
*******************************
dgemm_time	80.706223
conv_transfer_time	0.000000
conv_calculate_time	3356.624512
elastic_calculate_time	3356.664307
Allen_Cahn_nonlinear_time	3482.357666
Cahn_Hilliard_nonlinear_time	0.011840
trans_time	39.310738
trans_Memcpy_time	19.087114
trans_MPI_time	14.595772
trans_pack_time	0.373280
trans_enlarge_time	0.689440
trans_mu_time	0.439360
trans_unpack_time	3.608623
updateU_new_time	2.732624
runtime	3.614359
--------------------------------------------------!
***************dt=2.000000***************
***************flag=0***************
--------------------------------------------------!
time		0.000000
wall time	42.275622
*******************************
dgemm_time	80.654129
conv_transfer_time	0.000000
conv_calculate_time	3358.394043
elastic_calculate_time	3358.433350
Allen_Cahn_nonlinear_time	3483.918945
Cahn_Hilliard_nonlinear_time	0.012160
trans_time	39.185261
trans_Memcpy_time	19.071245
trans_MPI_time	14.541031
trans_pack_time	0.377598
trans_enlarge_time	0.689120
trans_mu_time	0.438880
trans_unpack_time	3.610378
updateU_new_time	2.721421
runtime	3.607786
--------------------------------------------------!
***************dt=2.000000***************
***************flag=0***************
--------------------------------------------------!
time		0.000000
wall time	45.903951
*******************************
dgemm_time	80.636124
conv_transfer_time	0.000000
conv_calculate_time	3362.774170
elastic_calculate_time	3362.811035
Allen_Cahn_nonlinear_time	3484.822998
Cahn_Hilliard_nonlinear_time	0.011680
trans_time	39.320293
trans_Memcpy_time	19.060503
trans_MPI_time	14.688374
trans_pack_time	0.376958
trans_enlarge_time	0.676640
trans_mu_time	0.439840
trans_unpack_time	3.617254
updateU_new_time	2.720138
runtime	3.609601
--------------------------------------------------!
***************dt=2.000000***************
***************flag=0***************
--------------------------------------------------!
time		0.000000
wall time	49.525681
*******************************
dgemm_time	80.683563
conv_transfer_time	0.000000
conv_calculate_time	3358.063477
elastic_calculate_time	3358.101074
Allen_Cahn_nonlinear_time	3482.632080
Cahn_Hilliard_nonlinear_time	0.011680
trans_time	39.195061
trans_Memcpy_time	18.993923
trans_MPI_time	14.645000
trans_pack_time	0.379678
trans_enlarge_time	0.677759
trans_mu_time	0.447840
trans_unpack_time	3.592930
updateU_new_time	2.721575
runtime	3.607734
--------------------------------------------------!
***************dt=2.000000***************
***************flag=0***************
--------------------------------------------------!
time		0.000000
wall time	53.149216
*******************************
dgemm_time	80.658859
conv_transfer_time	0.000000
conv_calculate_time	3355.571289
elastic_calculate_time	3355.611816
Allen_Cahn_nonlinear_time	3478.567383
Cahn_Hilliard_nonlinear_time	0.011680
trans_time	39.354523
trans_Memcpy_time	19.043343
trans_MPI_time	14.757463
trans_pack_time	0.373918
trans_enlarge_time	0.679034
trans_mu_time	0.448640
trans_unpack_time	3.591647
updateU_new_time	2.723813
runtime	3.604257
--------------------------------------------------!
***************dt=2.000000***************
***************flag=0***************
--------------------------------------------------!
time		0.000000
wall time	56.770973
*******************************
dgemm_time	80.624405
conv_transfer_time	0.000000
conv_calculate_time	3355.177490
elastic_calculate_time	3355.216309
Allen_Cahn_nonlinear_time	3480.752197
Cahn_Hilliard_nonlinear_time	0.011680
trans_time	39.184414
trans_Memcpy_time	19.016928
trans_MPI_time	14.525774
trans_pack_time	0.380957
trans_enlarge_time	0.687034
trans_mu_time	0.443840
trans_unpack_time	3.615164
updateU_new_time	2.733891
runtime	3.606777
--------------------------------------------------!
***************dt=2.000000***************
***************flag=0***************
--------------------------------------------------!
time		0.000000
wall time	60.389177
*******************************
dgemm_time	80.657623
conv_transfer_time	0.000000
conv_calculate_time	3368.695557
elastic_calculate_time	3368.734131
Allen_Cahn_nonlinear_time	3482.759277
Cahn_Hilliard_nonlinear_time	0.012160
trans_time	39.232815
trans_Memcpy_time	19.037554
trans_MPI_time	14.631041
trans_pack_time	0.373756
trans_enlarge_time	0.680794
trans_mu_time	0.444000
trans_unpack_time	3.607001
updateU_new_time	2.721249
runtime	3.609493
--------------------------------------------------!
***************dt=2.000000***************
***************flag=0***************
--------------------------------------------------!
time		0.000000
wall time	64.009960
*******************************
dgemm_time	80.687180
conv_transfer_time	0.000000
conv_calculate_time	3354.673096
elastic_calculate_time	3354.727539
Allen_Cahn_nonlinear_time	3482.082031
Cahn_Hilliard_nonlinear_time	0.012000
trans_time	39.573139
trans_Memcpy_time	19.583138
trans_MPI_time	14.387515
trans_pack_time	0.381436
trans_enlarge_time	0.693914
trans_mu_time	0.442880
trans_unpack_time	3.612759
updateU_new_time	2.721887
runtime	3.608027
--------------------------------------------------!
***************dt=2.000000***************
***************flag=0***************
--------------------------------------------------!
time		0.000000
wall time	67.633487
*******************************
dgemm_time	80.678055
conv_transfer_time	0.000000
conv_calculate_time	3363.822754
elastic_calculate_time	3363.864990
Allen_Cahn_nonlinear_time	3483.367188
Cahn_Hilliard_nonlinear_time	0.014560
trans_time	39.268345
trans_Memcpy_time	19.090010
trans_MPI_time	14.561903
trans_pack_time	0.374396
trans_enlarge_time	0.676954
trans_mu_time	0.452158
trans_unpack_time	3.590517
updateU_new_time	2.721722
runtime	3.608588
--------------------------------------------------!
***************dt=2.000000***************
***************flag=0***************
--------------------------------------------------!
time		0.000000
wall time	71.255521
*******************************
dgemm_time	80.666840
conv_transfer_time	0.000000
conv_calculate_time	3361.143311
elastic_calculate_time	3361.182373
Allen_Cahn_nonlinear_time	3482.752930
Cahn_Hilliard_nonlinear_time	0.012000
trans_time	39.443588
trans_Memcpy_time	19.044844
trans_MPI_time	14.785866
trans_pack_time	0.376476
trans_enlarge_time	0.689593
trans_mu_time	0.441754
trans_unpack_time	3.600587
updateU_new_time	2.722782
runtime	3.611982
--------------------------------------------------!
***************dt=2.000000***************
***************flag=0***************
--------------------------------------------------!
time		0.000000
wall time	74.878070
*******************************
dgemm_time	80.648354
conv_transfer_time	0.000000
conv_calculate_time	3364.972412
elastic_calculate_time	3365.011230
Allen_Cahn_nonlinear_time	3481.804932
Cahn_Hilliard_nonlinear_time	0.012000
trans_time	39.509274
trans_Memcpy_time	19.026825
trans_MPI_time	14.894976
trans_pack_time	0.375507
trans_enlarge_time	0.679336
trans_mu_time	0.449106
trans_unpack_time	3.598428
updateU_new_time	2.726911
runtime	3.606593
--------------------------------------------------!
***************dt=2.000000***************
***************flag=0***************
--------------------------------------------------!
time		0.000000
wall time	78.503975
*******************************
dgemm_time	80.627625
conv_transfer_time	0.000000
conv_calculate_time	3362.651855
elastic_calculate_time	3362.689697
Allen_Cahn_nonlinear_time	3482.717529
Cahn_Hilliard_nonlinear_time	0.011840
trans_time	39.122856
trans_Memcpy_time	19.031582
trans_MPI_time	14.528593
trans_pack_time	0.387343
trans_enlarge_time	0.684609
trans_mu_time	0.439982
trans_unpack_time	3.593591
updateU_new_time	2.721954
runtime	3.607766
--------------------------------------------------!
***************dt=2.000000***************
***************flag=0***************
--------------------------------------------------!
time		0.000000
wall time	82.124534
*******************************
dgemm_time	80.629776
conv_transfer_time	0.000000
conv_calculate_time	3361.209473
elastic_calculate_time	3361.251953
Allen_Cahn_nonlinear_time	3483.143066
Cahn_Hilliard_nonlinear_time	0.011840
trans_time	40.276466
trans_Memcpy_time	19.372704
trans_MPI_time	15.329690
trans_pack_time	0.377103
trans_enlarge_time	0.682529
trans_mu_time	0.439022
trans_unpack_time	3.608153
updateU_new_time	2.723716
runtime	3.608404
--------------------------------------------------!
***************dt=2.000000***************
***************flag=0***************
--------------------------------------------------!
time		0.000000
wall time	85.746529
*******************************
dgemm_time	80.638474
conv_transfer_time	0.000000
conv_calculate_time	3362.990723
elastic_calculate_time	3363.028564
Allen_Cahn_nonlinear_time	3483.174561
Cahn_Hilliard_nonlinear_time	0.011680
trans_time	39.295376
trans_Memcpy_time	19.037054
trans_MPI_time	14.726049
trans_pack_time	0.375023
trans_enlarge_time	0.666691
trans_mu_time	0.440942
trans_unpack_time	3.590717
updateU_new_time	2.725158
runtime	3.613184
--------------------------------------------------!
***************dt=2.000000***************
***************flag=0***************
--------------------------------------------------!
time		0.000000
wall time	89.368879
*******************************
dgemm_time	80.620453
conv_transfer_time	0.000000
conv_calculate_time	3362.905762
elastic_calculate_time	3362.944824
Allen_Cahn_nonlinear_time	3483.057129
Cahn_Hilliard_nonlinear_time	0.012000
trans_time	39.243008
trans_Memcpy_time	19.045071
trans_MPI_time	14.621586
trans_pack_time	0.377584
trans_enlarge_time	0.695491
trans_mu_time	0.443982
trans_unpack_time	3.600799
updateU_new_time	2.722120
runtime	3.608559
--------------------------------------------------!
***************dt=2.000000***************
***************flag=0***************
--------------------------------------------------!
time		0.000000
wall time	92.995989
*******************************
dgemm_time	80.638428
conv_transfer_time	0.000000
conv_calculate_time	3359.134766
elastic_calculate_time	3359.174561
Allen_Cahn_nonlinear_time	3481.375977
Cahn_Hilliard_nonlinear_time	0.012000
trans_time	39.654224
trans_Memcpy_time	19.028284
trans_MPI_time	15.081256
trans_pack_time	0.374384
trans_enlarge_time	0.659815
trans_mu_time	0.452782
trans_unpack_time	3.603682
updateU_new_time	2.724362
runtime	3.607631
--------------------------------------------------!
***************dt=2.000000***************
***************flag=0***************
--------------------------------------------------!
time		0.000000
wall time	96.618460
*******************************
dgemm_time	80.646957
conv_transfer_time	0.000000
conv_calculate_time	3357.438232
elastic_calculate_time	3357.476562
Allen_Cahn_nonlinear_time	3482.402344
Cahn_Hilliard_nonlinear_time	0.012000
trans_time	39.601414
trans_Memcpy_time	19.291166
trans_MPI_time	14.720963
trans_pack_time	0.400463
trans_enlarge_time	0.670215
trans_mu_time	0.441422
trans_unpack_time	3.598244
updateU_new_time	2.723564
runtime	3.610253
--------------------------------------------------!
***************dt=2.000000***************
***************flag=0***************
--------------------------------------------------!
time		0.000000
wall time	100.239994
*******************************
dgemm_time	80.706680
conv_transfer_time	0.000000
conv_calculate_time	3365.912354
elastic_calculate_time	3365.951416
Allen_Cahn_nonlinear_time	3483.699951
Cahn_Hilliard_nonlinear_time	0.012000
trans_time	39.194958
trans_Memcpy_time	19.089588
trans_MPI_time	14.530260
trans_pack_time	0.376464
trans_enlarge_time	0.674535
trans_mu_time	0.444782
trans_unpack_time	3.622726
updateU_new_time	2.721486
runtime	3.608145
--------------------------------------------------!
***************dt=2.000000***************
***************flag=0***************
--------------------------------------------------!
time		0.000000
wall time	103.864171
*******************************
dgemm_time	80.618256
conv_transfer_time	0.000000
conv_calculate_time	3364.084961
elastic_calculate_time	3364.124023
Allen_Cahn_nonlinear_time	3483.618896
Cahn_Hilliard_nonlinear_time	0.012160
trans_time	39.152233
trans_Memcpy_time	19.000483
trans_MPI_time	14.599066
trans_pack_time	0.378865
trans_enlarge_time	0.688614
trans_mu_time	0.437902
trans_unpack_time	3.588009
updateU_new_time	2.722767
runtime	3.611450
--------------------------------------------------!
***************dt=2.000000***************
***************flag=0***************
--------------------------------------------------!
time		0.000000
wall time	107.486242
*******************************
dgemm_time	80.657013
conv_transfer_time	0.000000
conv_calculate_time	3361.291748
elastic_calculate_time	3361.330078
Allen_Cahn_nonlinear_time	3481.513916
Cahn_Hilliard_nonlinear_time	0.011680
trans_time	39.185535
trans_Memcpy_time	19.003050
trans_MPI_time	14.611874
trans_pack_time	0.376465
trans_enlarge_time	0.691173
trans_mu_time	0.441902
trans_unpack_time	3.601611
updateU_new_time	2.722129
runtime	3.605828
--------------------------------------------------!
***************dt=2.000000***************
***************flag=0***************
--------------------------------------------------!
time		0.000000
wall time	111.111643
*******************************
dgemm_time	80.657700
conv_transfer_time	0.000000
conv_calculate_time	3358.309326
elastic_calculate_time	3358.348633
Allen_Cahn_nonlinear_time	3482.393555
Cahn_Hilliard_nonlinear_time	0.012320
trans_time	39.372818
trans_Memcpy_time	18.980022
trans_MPI_time	14.832994
trans_pack_time	0.378065
trans_enlarge_time	0.674055
trans_mu_time	0.441422
trans_unpack_time	3.606253
updateU_new_time	2.723090
runtime	3.612581
--------------------------------------------------!
***************dt=2.000000***************
***************flag=0***************
--------------------------------------------------!
time		0.000000
wall time	114.731373
*******************************
dgemm_time	80.671173
conv_transfer_time	0.000000
conv_calculate_time	3352.359619
elastic_calculate_time	3352.398682
Allen_Cahn_nonlinear_time	3482.813477
Cahn_Hilliard_nonlinear_time	0.012480
trans_time	39.250824
trans_Memcpy_time	19.048510
trans_MPI_time	14.633968
trans_pack_time	0.399665
trans_enlarge_time	0.671655
trans_mu_time	0.442862
trans_unpack_time	3.594415
updateU_new_time	2.721171
runtime	3.607952
--------------------------------------------------!
***************dt=2.000000***************
***************flag=0***************
--------------------------------------------------!
time		0.000000
wall time	118.357904
*******************************
dgemm_time	80.644966
conv_transfer_time	0.000000
conv_calculate_time	3361.772949
elastic_calculate_time	3361.811768
Allen_Cahn_nonlinear_time	3486.897461
Cahn_Hilliard_nonlinear_time	0.011680
trans_time	39.150684
trans_Memcpy_time	19.022600
trans_MPI_time	14.533500
trans_pack_time	0.382546
trans_enlarge_time	0.678375
trans_mu_time	0.448944
trans_unpack_time	3.625615
updateU_new_time	2.722773
runtime	3.611604
--------------------------------------------------!
***************dt=2.000000***************
***************flag=0***************
--------------------------------------------------!
time		0.000000
wall time	121.979805
*******************************
dgemm_time	80.639885
conv_transfer_time	0.000000
conv_calculate_time	3360.559814
elastic_calculate_time	3360.598389
Allen_Cahn_nonlinear_time	3482.832275
Cahn_Hilliard_nonlinear_time	0.012160
trans_time	39.351463
trans_Memcpy_time	18.997810
trans_MPI_time	14.771095
trans_pack_time	0.376466
trans_enlarge_time	0.703015
trans_mu_time	0.441267
trans_unpack_time	3.606098
updateU_new_time	2.719734
runtime	3.607782
--------------------------------------------------!
***************dt=2.000000***************
***************flag=0***************
--------------------------------------------------!
time		0.000000
wall time	125.605300
*******************************
dgemm_time	80.624237
conv_transfer_time	0.000000
conv_calculate_time	3357.275879
elastic_calculate_time	3357.316162
Allen_Cahn_nonlinear_time	3482.189941
Cahn_Hilliard_nonlinear_time	0.011840
trans_time	39.353104
trans_Memcpy_time	18.973980
trans_MPI_time	14.820220
trans_pack_time	0.371826
trans_enlarge_time	0.687175
trans_mu_time	0.449906
trans_unpack_time	3.593620
updateU_new_time	2.722135
runtime	3.608374
--------------------------------------------------!
***************dt=2.000000***************
***************flag=0***************
--------------------------------------------------!
time		0.000000
wall time	129.227007
*******************************
dgemm_time	80.608429
conv_transfer_time	0.000000
conv_calculate_time	3360.425781
elastic_calculate_time	3360.465576
Allen_Cahn_nonlinear_time	3482.225830
Cahn_Hilliard_nonlinear_time	0.012000
trans_time	39.216904
trans_Memcpy_time	19.057505
trans_MPI_time	14.537838
trans_pack_time	0.375346
trans_enlarge_time	0.687655
trans_mu_time	0.437588
trans_unpack_time	3.606421
updateU_new_time	2.721176
runtime	3.607765
--------------------------------------------------!
***************dt=2.000000***************
***************flag=0***************
--------------------------------------------------!
time		0.000000
wall time	132.849289
*******************************
dgemm_time	80.641418
conv_transfer_time	0.000000
conv_calculate_time	3355.323730
elastic_calculate_time	3355.362305
Allen_Cahn_nonlinear_time	3483.150635
Cahn_Hilliard_nonlinear_time	0.012160
trans_time	39.261288
trans_Memcpy_time	19.016552
trans_MPI_time	14.661198
trans_pack_time	0.384145
trans_enlarge_time	0.680455
trans_mu_time	0.437587
trans_unpack_time	3.614742
updateU_new_time	2.722297
runtime	3.610913
--------------------------------------------------!
***************dt=2.000000***************
***************flag=0***************
--------------------------------------------------!
time		0.000000
wall time	136.470946
*******************************
dgemm_time	80.680161
conv_transfer_time	0.000000
conv_calculate_time	3360.888672
elastic_calculate_time	3360.926270
Allen_Cahn_nonlinear_time	3487.357666
Cahn_Hilliard_nonlinear_time	0.012320
trans_time	39.655766
trans_Memcpy_time	19.035757
trans_MPI_time	15.032069
trans_pack_time	0.398706
trans_enlarge_time	0.682216
trans_mu_time	0.440947
trans_unpack_time	3.609943
updateU_new_time	2.720218
runtime	3.614503
--------------------------------------------------!
***************dt=2.000000***************
***************flag=0***************
--------------------------------------------------!
time		0.000000
wall time	140.095766
*******************************
dgemm_time	80.668510
conv_transfer_time	0.000000
conv_calculate_time	3357.227051
elastic_calculate_time	3357.267334
Allen_Cahn_nonlinear_time	3483.063721
Cahn_Hilliard_nonlinear_time	0.012160
trans_time	39.019840
trans_Memcpy_time	19.039124
trans_MPI_time	14.438977
trans_pack_time	0.375667
trans_enlarge_time	0.676775
trans_mu_time	0.447826
trans_unpack_time	3.580825
updateU_new_time	2.721979
runtime	3.607903
--------------------------------------------------!
***************dt=2.000000***************
***************flag=0***************
--------------------------------------------------!
time		0.000000
wall time	143.724171
*******************************
dgemm_time	80.668381
conv_transfer_time	0.000000
conv_calculate_time	3358.250244
elastic_calculate_time	3358.289551
Allen_Cahn_nonlinear_time	3481.925781
Cahn_Hilliard_nonlinear_time	0.012160
trans_time	39.330433
trans_Memcpy_time	19.066328
trans_MPI_time	14.703133
trans_pack_time	0.374387
trans_enlarge_time	0.676455
trans_mu_time	0.445427
trans_unpack_time	3.603386
updateU_new_time	2.732219
runtime	3.607588
--------------------------------------------------!
***************dt=2.000000***************
***************flag=0***************
--------------------------------------------------!
time		0.000000
wall time	147.346015
*******************************
dgemm_time	80.622643
conv_transfer_time	0.000000
conv_calculate_time	3355.521484
elastic_calculate_time	3355.561035
Allen_Cahn_nonlinear_time	3482.842041
Cahn_Hilliard_nonlinear_time	0.012160
trans_time	39.514160
trans_Memcpy_time	19.018820
trans_MPI_time	14.912409
trans_pack_time	0.374867
trans_enlarge_time	0.696295
trans_mu_time	0.436948
trans_unpack_time	3.618426
updateU_new_time	2.720540
runtime	3.608471
--------------------------------------------------!
***************dt=2.000000***************
***************flag=0***************
--------------------------------------------------!
time		0.000000
wall time	150.967511
*******************************
dgemm_time	80.682022
conv_transfer_time	0.000000
conv_calculate_time	3351.644775
elastic_calculate_time	3351.685547
Allen_Cahn_nonlinear_time	3482.937500
Cahn_Hilliard_nonlinear_time	0.011680
trans_time	39.051109
trans_Memcpy_time	19.007463
trans_MPI_time	14.507308
trans_pack_time	0.375027
trans_enlarge_time	0.672296
trans_mu_time	0.440787
trans_unpack_time	3.588189
updateU_new_time	2.721181
runtime	3.607504
--------------------------------------------------!
***************dt=2.000000***************
***************flag=0***************
--------------------------------------------------!
time		0.000000
wall time	154.589938
*******************************
dgemm_time	80.693405
conv_transfer_time	0.000000
conv_calculate_time	3362.934326
elastic_calculate_time	3362.976807
Allen_Cahn_nonlinear_time	3483.195312
Cahn_Hilliard_nonlinear_time	0.011680
trans_time	39.118095
trans_Memcpy_time	19.065866
trans_MPI_time	14.462833
trans_pack_time	0.392786
trans_enlarge_time	0.689735
trans_mu_time	0.439508
trans_unpack_time	3.608989
updateU_new_time	2.723262
runtime	3.607981
--------------------------------------------------!
***************dt=2.000000***************
***************flag=0***************
--------------------------------------------------!
time		0.000000
wall time	158.211364
*******************************
dgemm_time	80.638702
conv_transfer_time	0.000000
conv_calculate_time	3355.738281
elastic_calculate_time	3355.777344
Allen_Cahn_nonlinear_time	3482.702393
Cahn_Hilliard_nonlinear_time	0.012160
trans_time	39.271812
trans_Memcpy_time	19.011635
trans_MPI_time	14.644271
trans_pack_time	0.375667
trans_enlarge_time	0.691495
trans_mu_time	0.448307
trans_unpack_time	3.580671
updateU_new_time	2.720703
runtime	3.607557
--------------------------------------------------!
***************dt=2.000000***************
***************flag=0***************
--------------------------------------------------!
time		0.000000
wall time	161.833227
*******************************
dgemm_time	80.593292
conv_transfer_time	0.000000
conv_calculate_time	3358.580566
elastic_calculate_time	3358.619629
Allen_Cahn_nonlinear_time	3482.848633
Cahn_Hilliard_nonlinear_time	0.016160
trans_time	39.139687
trans_Memcpy_time	19.036598
trans_MPI_time	14.570677
trans_pack_time	0.375507
trans_enlarge_time	0.668458
trans_mu_time	0.439028
trans_unpack_time	3.589632
updateU_new_time	2.740223
runtime	3.607605
--------------------------------------------------!
***************dt=2.000000***************
***************flag=0***************
--------------------------------------------------!
time		0.000000
wall time	165.454726
*******************************
dgemm_time	80.667709
conv_transfer_time	0.000000
conv_calculate_time	3356.922607
elastic_calculate_time	3356.963623
Allen_Cahn_nonlinear_time	3481.651611
Cahn_Hilliard_nonlinear_time	0.012000
trans_time	39.331692
trans_Memcpy_time	19.023645
trans_MPI_time	14.738836
trans_pack_time	0.373907
trans_enlarge_time	0.681897
trans_mu_time	0.446068
trans_unpack_time	3.605472
updateU_new_time	2.724384
runtime	3.611013
--------------------------------------------------!
***************dt=2.000000***************
***************flag=0***************
--------------------------------------------------!
time		0.000000
wall time	169.076245
*******************************
dgemm_time	80.636848
conv_transfer_time	0.000000
conv_calculate_time	3354.198975
elastic_calculate_time	3354.238037
Allen_Cahn_nonlinear_time	3482.632324
Cahn_Hilliard_nonlinear_time	0.012320
trans_time	39.739506
trans_Memcpy_time	19.021091
trans_MPI_time	15.167784
trans_pack_time	0.372947
trans_enlarge_time	0.669741
trans_mu_time	0.439028
trans_unpack_time	3.610113
updateU_new_time	2.722785
runtime	3.607927
--------------------------------------------------!
***************dt=2.000000***************
***************flag=0***************
--------------------------------------------------!
time		0.000000
wall time	172.701186
*******************************
dgemm_time	80.665024
conv_transfer_time	0.000000
conv_calculate_time	3354.731934
elastic_calculate_time	3354.770996
Allen_Cahn_nonlinear_time	3482.089844
Cahn_Hilliard_nonlinear_time	0.011840
trans_time	39.205112
trans_Memcpy_time	19.050213
trans_MPI_time	14.595168
trans_pack_time	0.390867
trans_enlarge_time	0.679660
trans_mu_time	0.437908
trans_unpack_time	3.591394
updateU_new_time	2.721825
runtime	3.608352
--------------------------------------------------!
***************dt=2.000000***************
***************flag=0***************
--------------------------------------------------!
time		0.000000
wall time	176.323045
*******************************
dgemm_time	80.665039
conv_transfer_time	0.000000
conv_calculate_time	3358.999023
elastic_calculate_time	3359.040283
Allen_Cahn_nonlinear_time	3483.435059
Cahn_Hilliard_nonlinear_time	0.011840
trans_time	39.281441
trans_Memcpy_time	19.013418
trans_MPI_time	14.727488
trans_pack_time	0.375668
trans_enlarge_time	0.676940
trans_mu_time	0.447827
trans_unpack_time	3.579075
updateU_new_time	2.723106
runtime	3.607774
--------------------------------------------------!
***************dt=2.000000***************
***************flag=0***************
--------------------------------------------------!
time		0.000000
wall time	179.945286
*******************************
dgemm_time	80.626663
conv_transfer_time	0.000000
conv_calculate_time	3359.653564
elastic_calculate_time	3359.692627
Allen_Cahn_nonlinear_time	3490.192383
Cahn_Hilliard_nonlinear_time	0.012160
trans_time	39.498623
trans_Memcpy_time	19.015181
trans_MPI_time	14.928602
trans_pack_time	0.378068
trans_enlarge_time	0.681900
trans_mu_time	0.438388
trans_unpack_time	3.597316
updateU_new_time	2.750945
runtime	3.615483
--------------------------------------------------!
***************dt=2.000000***************
***************flag=0***************
--------------------------------------------------!
time		0.000000
wall time	183.566948
*******************************
dgemm_time	80.607155
conv_transfer_time	0.000000
conv_calculate_time	3363.507812
elastic_calculate_time	3363.548828
Allen_Cahn_nonlinear_time	3484.428467
Cahn_Hilliard_nonlinear_time	0.012000
trans_time	39.134113
trans_Memcpy_time	19.032145
trans_MPI_time	14.528780
trans_pack_time	0.380788
trans_enlarge_time	0.678540
trans_mu_time	0.448468
trans_unpack_time	3.608196
updateU_new_time	2.722947
runtime	3.610065
--------------------------------------------------!
***************dt=2.000000***************
***************flag=0***************
--------------------------------------------------!
time		0.000000
wall time	187.196337
*******************************
dgemm_time	80.685730
conv_transfer_time	0.000000
conv_calculate_time	3362.590820
elastic_calculate_time	3362.629395
Allen_Cahn_nonlinear_time	3482.374512
Cahn_Hilliard_nonlinear_time	0.011360
trans_time	39.439987
trans_Memcpy_time	19.333578
trans_MPI_time	14.523663
trans_pack_time	0.383347
trans_enlarge_time	0.677581
trans_mu_time	0.443508
trans_unpack_time	3.612517
updateU_new_time	2.725187
runtime	3.607990
--------------------------------------------------!
***************dt=2.000000***************
***************flag=0***************
--------------------------------------------------!
time		0.000000
wall time	190.806492
*******************************
dgemm_time	80.726387
conv_transfer_time	0.000000
conv_calculate_time	3361.054443
elastic_calculate_time	3361.093262
Allen_Cahn_nonlinear_time	3484.543945
Cahn_Hilliard_nonlinear_time	0.012000
trans_time	39.053242
trans_Memcpy_time	19.209587
trans_MPI_time	14.305433
trans_pack_time	0.374228
trans_enlarge_time	0.670381
trans_mu_time	0.448148
trans_unpack_time	3.595238
updateU_new_time	2.721348
runtime	3.608740
--------------------------------------------------!
***************dt=2.000000***************
***************flag=0***************
--------------------------------------------------!
time		0.000000
wall time	194.414574
*******************************
dgemm_time	80.644806
conv_transfer_time	0.000000
conv_calculate_time	3355.589844
elastic_calculate_time	3355.628662
Allen_Cahn_nonlinear_time	3484.707031
Cahn_Hilliard_nonlinear_time	0.012000
trans_time	39.418846
trans_Memcpy_time	19.246870
trans_MPI_time	14.601746
trans_pack_time	0.372948
trans_enlarge_time	0.691500
trans_mu_time	0.447667
trans_unpack_time	3.603718
updateU_new_time	2.722309
runtime	3.609593
--------------------------------------------------!
***************dt=2.000000***************
***************flag=0***************
--------------------------------------------------!
time		0.000000
wall time	198.023397
*******************************
dgemm_time	80.708176
conv_transfer_time	0.000000
conv_calculate_time	3367.429443
elastic_calculate_time	3367.468750
Allen_Cahn_nonlinear_time	3482.561523
Cahn_Hilliard_nonlinear_time	0.011680
trans_time	39.229221
trans_Memcpy_time	19.221273
trans_MPI_time	14.440954
trans_pack_time	0.377268
trans_enlarge_time	0.701900
trans_mu_time	0.446708
trans_unpack_time	3.588359
updateU_new_time	2.748708
runtime	3.608601
--------------------------------------------------!
***************dt=2.000000***************
***************flag=0***************
--------------------------------------------------!
time		0.000000
wall time	201.633064
*******************************
dgemm_time	80.715225
conv_transfer_time	0.000000
conv_calculate_time	3353.288818
elastic_calculate_time	3353.329834
Allen_Cahn_nonlinear_time	3483.276611
Cahn_Hilliard_nonlinear_time	0.011680
trans_time	39.232334
trans_Memcpy_time	19.242878
trans_MPI_time	14.414078
trans_pack_time	0.387508
trans_enlarge_time	0.672621
trans_mu_time	0.443988
trans_unpack_time	3.608999
updateU_new_time	2.720070
runtime	3.613906
--------------------------------------------------!
***************dt=2.000000***************
***************flag=0***************
--------------------------------------------------!
time		0.000000
wall time	205.241739
*******************************
dgemm_time	80.663406
conv_transfer_time	0.000000
conv_calculate_time	3352.858154
elastic_calculate_time	3352.898926
Allen_Cahn_nonlinear_time	3483.976562
Cahn_Hilliard_nonlinear_time	0.012320
trans_time	39.385880
trans_Memcpy_time	19.251518
trans_MPI_time	14.538235
trans_pack_time	0.373748
trans_enlarge_time	0.696781
trans_mu_time	0.440468
trans_unpack_time	3.620040
updateU_new_time	2.721190
runtime	3.609314
--------------------------------------------------!
***************dt=2.000000***************
***************flag=0***************
--------------------------------------------------!
time		0.000000
wall time	208.855736
*******************************
dgemm_time	80.701813
conv_transfer_time	0.000000
conv_calculate_time	3355.363525
elastic_calculate_time	3355.403809
Allen_Cahn_nonlinear_time	3483.473633
Cahn_Hilliard_nonlinear_time	0.011680
trans_time	39.395393
trans_Memcpy_time	19.185284
trans_MPI_time	14.676314
trans_pack_time	0.373428
trans_enlarge_time	0.660941
trans_mu_time	0.452308
trans_unpack_time	3.595561
updateU_new_time	2.723750
runtime	3.609325
--------------------------------------------------!
***************dt=2.000000***************
***************flag=0***************
--------------------------------------------------!
time		0.000000
wall time	212.465151
*******************************
dgemm_time	80.693985
conv_transfer_time	0.000000
conv_calculate_time	3357.270264
elastic_calculate_time	3357.307617
Allen_Cahn_nonlinear_time	3483.916992
Cahn_Hilliard_nonlinear_time	0.011840
trans_time	39.276505
trans_Memcpy_time	19.228966
trans_MPI_time	14.492804
trans_pack_time	0.375188
trans_enlarge_time	0.690860
trans_mu_time	0.438388
trans_unpack_time	3.593162
updateU_new_time	2.723591
runtime	3.609206
--------------------------------------------------!
***************dt=2.000000***************
***************flag=0***************
--------------------------------------------------!
time		0.000000
wall time	216.074608
*******************************
dgemm_time	80.687439
conv_transfer_time	0.000000
conv_calculate_time	3363.840332
elastic_calculate_time	3363.880127
Allen_Cahn_nonlinear_time	3483.591064
Cahn_Hilliard_nonlinear_time	0.012000
trans_time	39.249722
trans_Memcpy_time	19.179691
trans_MPI_time	14.500164
trans_pack_time	0.377428
trans_enlarge_time	0.682701
trans_mu_time	0.453588
trans_unpack_time	3.604842
updateU_new_time	2.741031
runtime	3.609694
--------------------------------------------------!
***************dt=2.000000***************
***************flag=0***************
--------------------------------------------------!
time		0.000000
wall time	219.683897
*******************************
dgemm_time	80.695297
conv_transfer_time	0.000000
conv_calculate_time	3364.562256
elastic_calculate_time	3364.602539
Allen_Cahn_nonlinear_time	3484.623779
Cahn_Hilliard_nonlinear_time	0.011840
trans_time	39.381481
trans_Memcpy_time	19.190414
trans_MPI_time	14.551525
trans_pack_time	0.379348
trans_enlarge_time	0.682381
trans_mu_time	0.437108
trans_unpack_time	3.622442
updateU_new_time	2.721832
runtime	3.609535
--------------------------------------------------!
***************dt=2.000000***************
***************flag=0***************
--------------------------------------------------!
time		0.000000
wall time	223.293687
*******************************
dgemm_time	80.669876
conv_transfer_time	0.000000
conv_calculate_time	3358.490967
elastic_calculate_time	3358.529053
Allen_Cahn_nonlinear_time	3482.520264
Cahn_Hilliard_nonlinear_time	0.011840
trans_time	39.677139
trans_Memcpy_time	19.221138
trans_MPI_time	14.882877
trans_pack_time	0.371188
trans_enlarge_time	0.698221
trans_mu_time	0.440468
trans_unpack_time	3.610123
updateU_new_time	2.723752
runtime	3.608756
--------------------------------------------------!
***************dt=2.000000***************
***************flag=0***************
--------------------------------------------------!
time		0.000000
wall time	226.903342
*******************************
dgemm_time	80.678368
conv_transfer_time	0.000000
conv_calculate_time	3361.650391
elastic_calculate_time	3361.689453
Allen_Cahn_nonlinear_time	3484.052002
Cahn_Hilliard_nonlinear_time	0.012160
trans_time	39.427574
trans_Memcpy_time	19.209459
trans_MPI_time	14.678566
trans_pack_time	0.375668
trans_enlarge_time	0.675981
trans_mu_time	0.441268
trans_unpack_time	3.593804
updateU_new_time	2.722473
runtime	3.612448
--------------------------------------------------!
***************dt=2.000000***************
***************flag=0***************
--------------------------------------------------!
time		0.000000
wall time	230.512173
*******************************
dgemm_time	80.724136
conv_transfer_time	0.000000
conv_calculate_time	3355.823242
elastic_calculate_time	3355.862549
Allen_Cahn_nonlinear_time	3482.692627
Cahn_Hilliard_nonlinear_time	0.011840
trans_time	39.264919
trans_Memcpy_time	19.316021
trans_MPI_time	14.359381
trans_pack_time	0.374389
trans_enlarge_time	0.695020
trans_mu_time	0.454068
trans_unpack_time	3.608204
updateU_new_time	2.723433
runtime	3.607921
--------------------------------------------------!
***************dt=2.000000***************
***************flag=0***************
--------------------------------------------------!
time		0.000000
wall time	234.124707
*******************************
dgemm_time	80.697762
conv_transfer_time	0.000000
conv_calculate_time	3361.770508
elastic_calculate_time	3361.808350
Allen_Cahn_nonlinear_time	3484.633545
Cahn_Hilliard_nonlinear_time	0.012160
trans_time	39.472012
trans_Memcpy_time	19.223709
trans_MPI_time	14.695532
trans_pack_time	0.376149
trans_enlarge_time	0.679341
trans_mu_time	0.448628
trans_unpack_time	3.597325
updateU_new_time	2.730314
runtime	3.610086
--------------------------------------------------!
***************dt=2.000000***************
***************flag=0***************
--------------------------------------------------!
time		0.000000
wall time	237.732711
*******************************
dgemm_time	80.695854
conv_transfer_time	0.000000
conv_calculate_time	3361.240234
elastic_calculate_time	3361.279053
Allen_Cahn_nonlinear_time	3483.710693
Cahn_Hilliard_nonlinear_time	0.011680
trans_time	39.403362
trans_Memcpy_time	19.224514
trans_MPI_time	14.625776
trans_pack_time	0.386388
trans_enlarge_time	0.676621
trans_mu_time	0.436628
trans_unpack_time	3.599086
updateU_new_time	2.720554
runtime	3.611009
--------------------------------------------------!
***************dt=2.000000***************
***************flag=0***************
--------------------------------------------------!
time		0.000000
wall time	241.342881
*******************************
dgemm_time	80.709625
conv_transfer_time	0.000000
conv_calculate_time	3362.441162
elastic_calculate_time	3362.479248
Allen_Cahn_nonlinear_time	3482.296875
Cahn_Hilliard_nonlinear_time	0.012320
trans_time	39.314232
trans_Memcpy_time	19.194597
trans_MPI_time	14.539864
trans_pack_time	0.376949
trans_enlarge_time	0.689581
trans_mu_time	0.450708
trans_unpack_time	3.607567
updateU_new_time	2.719915
runtime	3.607842
--------------------------------------------------!
***************dt=2.000000***************
***************flag=0***************
--------------------------------------------------!
time		0.000000
wall time	244.953973
*******************************
dgemm_time	80.745964
conv_transfer_time	0.000000
conv_calculate_time	3359.743408
elastic_calculate_time	3359.786621
Allen_Cahn_nonlinear_time	3485.047119
Cahn_Hilliard_nonlinear_time	0.011840
trans_time	39.215450
trans_Memcpy_time	19.185320
trans_MPI_time	14.467865
trans_pack_time	0.384949
trans_enlarge_time	0.684461
trans_mu_time	0.438868
trans_unpack_time	3.595888
updateU_new_time	2.724715
runtime	3.611690
--------------------------------------------------!
***************dt=2.000000***************
***************flag=0***************
--------------------------------------------------!
time		0.000000
wall time	248.561897
*******************************
dgemm_time	80.739098
conv_transfer_time	0.000000
conv_calculate_time	3357.400391
elastic_calculate_time	3357.439697
Allen_Cahn_nonlinear_time	3483.310547
Cahn_Hilliard_nonlinear_time	0.012480
trans_time	39.631447
trans_Memcpy_time	19.244362
trans_MPI_time	14.767701
trans_pack_time	0.373109
trans_enlarge_time	0.683340
trans_mu_time	0.448788
trans_unpack_time	3.601328
updateU_new_time	2.720876
runtime	3.608720
--------------------------------------------------!
***************dt=2.000000***************
***************flag=0***************
--------------------------------------------------!
time		0.000000
wall time	252.173663
*******************************
dgemm_time	80.690468
conv_transfer_time	0.000000
conv_calculate_time	3355.629639
elastic_calculate_time	3355.667725
Allen_Cahn_nonlinear_time	3482.425293
Cahn_Hilliard_nonlinear_time	0.011840
trans_time	39.310242
trans_Memcpy_time	19.231565
trans_MPI_time	14.520350
trans_pack_time	0.371989
trans_enlarge_time	0.701741
trans_mu_time	0.440948
trans_unpack_time	3.590929
updateU_new_time	2.730476
runtime	3.610112
--------------------------------------------------!
***************dt=2.000000***************
***************flag=0***************
--------------------------------------------------!
time		0.000000
wall time	255.782476
*******************************
dgemm_time	80.678055
conv_transfer_time	0.000000
conv_calculate_time	3363.140869
elastic_calculate_time	3363.178955
Allen_Cahn_nonlinear_time	3487.614746
Cahn_Hilliard_nonlinear_time	0.011680
trans_time	39.465664
trans_Memcpy_time	19.342766
trans_MPI_time	14.570431
trans_pack_time	0.375029
trans_enlarge_time	0.666222
trans_mu_time	0.441748
trans_unpack_time	3.610449
updateU_new_time	2.722484
runtime	3.613266
--------------------------------------------------!
***************dt=2.000000***************
***************flag=0***************
--------------------------------------------------!
time		0.000000
wall time	259.392664
*******************************
dgemm_time	80.722755
conv_transfer_time	0.000000
conv_calculate_time	3365.435059
elastic_calculate_time	3365.474365
Allen_Cahn_nonlinear_time	3487.407471
Cahn_Hilliard_nonlinear_time	0.012000
trans_time	39.166664
trans_Memcpy_time	19.310341
trans_MPI_time	14.274961
trans_pack_time	0.380630
trans_enlarge_time	0.670702
trans_mu_time	0.452148
trans_unpack_time	3.625179
updateU_new_time	2.721862
runtime	3.614675
--------------------------------------------------!
***************dt=2.000000***************
***************flag=0***************
--------------------------------------------------!
time		0.000000
wall time	263.006016
*******************************
dgemm_time	80.630325
conv_transfer_time	0.000000
conv_calculate_time	3362.516846
elastic_calculate_time	3362.555420
Allen_Cahn_nonlinear_time	3485.249268
Cahn_Hilliard_nonlinear_time	0.011840
trans_time	39.506119
trans_Memcpy_time	19.594147
trans_MPI_time	14.335695
trans_pack_time	0.384312
trans_enlarge_time	0.690388
trans_mu_time	0.446234
trans_unpack_time	3.599604
updateU_new_time	2.721400
runtime	3.612338
--------------------------------------------------!
***************dt=2.000000***************
***************flag=0***************
--------------------------------------------------!
time		0.000000
wall time	266.620777
*******************************
dgemm_time	80.679787
conv_transfer_time	0.000000
conv_calculate_time	3362.480957
elastic_calculate_time	3362.518311
Allen_Cahn_nonlinear_time	3482.758545
Cahn_Hilliard_nonlinear_time	0.012000
trans_time	39.614880
trans_Memcpy_time	19.318439
trans_MPI_time	14.740265
trans_pack_time	0.376316
trans_enlarge_time	0.679993
trans_mu_time	0.448154
trans_unpack_time	3.596108
updateU_new_time	2.721252
runtime	3.609345
--------------------------------------------------!
***************dt=2.000000***************
***************flag=0***************
--------------------------------------------------!
time		0.000000
wall time	270.233209
*******************************
dgemm_time	80.726501
conv_transfer_time	0.000000
conv_calculate_time	3361.349854
elastic_calculate_time	3361.387451
Allen_Cahn_nonlinear_time	3483.220459
Cahn_Hilliard_nonlinear_time	0.011840
trans_time	39.132236
trans_Memcpy_time	19.371477
trans_MPI_time	14.208330
trans_pack_time	0.375677
trans_enlarge_time	0.681114
trans_mu_time	0.445280
trans_unpack_time	3.595482
updateU_new_time	2.733731
runtime	3.608388
--------------------------------------------------!
***************dt=2.000000***************
***************flag=0***************
--------------------------------------------------!
time		0.000000
wall time	273.842633
*******************************
dgemm_time	80.700089
conv_transfer_time	0.000000
conv_calculate_time	3360.718262
elastic_calculate_time	3360.770264
Allen_Cahn_nonlinear_time	3483.585205
Cahn_Hilliard_nonlinear_time	0.011680
trans_time	39.283951
trans_Memcpy_time	19.338036
trans_MPI_time	14.395687
trans_pack_time	0.375357
trans_enlarge_time	0.671994
trans_mu_time	0.440960
trans_unpack_time	3.608282
updateU_new_time	2.721091
runtime	3.608961
--------------------------------------------------!
***************dt=2.000000***************
***************flag=0***************
--------------------------------------------------!
time		0.000000
wall time	277.451104
*******************************
dgemm_time	80.716560
conv_transfer_time	0.000000
conv_calculate_time	3354.897949
elastic_calculate_time	3354.936523
Allen_Cahn_nonlinear_time	3482.625977
Cahn_Hilliard_nonlinear_time	0.012320
trans_time	39.185768
trans_Memcpy_time	19.458513
trans_MPI_time	14.141928
trans_pack_time	0.376636
trans_enlarge_time	0.665914
trans_mu_time	0.442880
trans_unpack_time	3.619961
updateU_new_time	2.722051
runtime	3.610440
--------------------------------------------------!
***************dt=2.000000***************
***************flag=0***************
--------------------------------------------------!
time		0.000000
wall time	281.060145
*******************************
dgemm_time	80.685516
conv_transfer_time	0.000000
conv_calculate_time	3354.155029
elastic_calculate_time	3354.191895
Allen_Cahn_nonlinear_time	3482.228516
Cahn_Hilliard_nonlinear_time	0.011840
trans_time	39.225513
trans_Memcpy_time	19.372433
trans_MPI_time	14.282247
trans_pack_time	0.376156
trans_enlarge_time	0.673114
trans_mu_time	0.448960
trans_unpack_time	3.597881
updateU_new_time	2.723811
runtime	3.614153
--------------------------------------------------!
***************dt=2.000000***************
***************flag=0***************
--------------------------------------------------!
time		0.000000
wall time	284.670660
*******************************
dgemm_time	80.715424
conv_transfer_time	0.000000
conv_calculate_time	3365.010254
elastic_calculate_time	3365.049316
Allen_Cahn_nonlinear_time	3483.577881
Cahn_Hilliard_nonlinear_time	0.012160
trans_time	39.217003
trans_Memcpy_time	19.324112
trans_MPI_time	14.336643
trans_pack_time	0.381916
trans_enlarge_time	0.667514
trans_mu_time	0.452000
trans_unpack_time	3.601241
updateU_new_time	2.723490
runtime	3.609235
--------------------------------------------------!
***************dt=2.000000***************
***************flag=0***************
--------------------------------------------------!
time		0.000000
wall time	288.284896
*******************************
dgemm_time	80.703568
conv_transfer_time	0.000000
conv_calculate_time	3362.054688
elastic_calculate_time	3362.091797
Allen_Cahn_nonlinear_time	3484.426270
Cahn_Hilliard_nonlinear_time	0.012000
trans_time	39.303463
trans_Memcpy_time	19.300426
trans_MPI_time	14.419361
trans_pack_time	0.376316
trans_enlarge_time	0.695834
trans_mu_time	0.440480
trans_unpack_time	3.617880
updateU_new_time	2.734049
runtime	3.609048
--------------------------------------------------!
***************dt=2.000000***************
***************flag=0***************
--------------------------------------------------!
time		0.000000
wall time	291.894224
*******************************
dgemm_time	80.674431
conv_transfer_time	0.000000
conv_calculate_time	3363.635254
elastic_calculate_time	3363.674805
Allen_Cahn_nonlinear_time	3482.873535
Cahn_Hilliard_nonlinear_time	0.012160
trans_time	39.462543
trans_Memcpy_time	19.407784
trans_MPI_time	14.493917
trans_pack_time	0.372476
trans_enlarge_time	0.677594
trans_mu_time	0.441920
trans_unpack_time	3.609400
updateU_new_time	2.722689
runtime	3.609889
--------------------------------------------------!
***************dt=2.000000***************
***************flag=0***************
--------------------------------------------------!
time		0.000000
wall time	295.503359
*******************************
dgemm_time	80.723221
conv_transfer_time	0.000000
conv_calculate_time	3363.028809
elastic_calculate_time	3363.066162
Allen_Cahn_nonlinear_time	3484.043945
Cahn_Hilliard_nonlinear_time	0.012160
trans_time	39.232609
trans_Memcpy_time	19.352900
trans_MPI_time	14.299996
trans_pack_time	0.375196
trans_enlarge_time	0.689114
trans_mu_time	0.440800
trans_unpack_time	3.617879
updateU_new_time	2.723009
runtime	3.609745
--------------------------------------------------!
***************dt=2.000000***************
***************flag=0***************
--------------------------------------------------!
time		0.000000
wall time	299.113399
*******************************
dgemm_time	80.701279
conv_transfer_time	0.000000
conv_calculate_time	3354.284180
elastic_calculate_time	3354.321533
Allen_Cahn_nonlinear_time	3484.005615
Cahn_Hilliard_nonlinear_time	0.012000
trans_time	39.184593
trans_Memcpy_time	19.351137
trans_MPI_time	14.288475
trans_pack_time	0.373276
trans_enlarge_time	0.677114
trans_mu_time	0.448000
trans_unpack_time	3.590358
updateU_new_time	2.722048
runtime	3.609555
--------------------------------------------------!
***************dt=2.000000***************
***************flag=0***************
--------------------------------------------------!
time		0.000000
wall time	302.723214
*******************************
dgemm_time	80.714874
conv_transfer_time	0.000000
conv_calculate_time	3361.713135
elastic_calculate_time	3361.751709
Allen_Cahn_nonlinear_time	3482.690674
Cahn_Hilliard_nonlinear_time	0.011840
trans_time	39.314224
trans_Memcpy_time	19.289051
trans_MPI_time	14.463190
trans_pack_time	0.382556
trans_enlarge_time	0.677754
trans_mu_time	0.442080
trans_unpack_time	3.603158
updateU_new_time	2.722048
runtime	3.608015
--------------------------------------------------!
***************dt=2.000000***************
***************flag=0***************
--------------------------------------------------!
time		0.000000
wall time	306.332851
*******************************
dgemm_time	80.689896
conv_transfer_time	0.000000
conv_calculate_time	3353.244873
elastic_calculate_time	3353.283936
Allen_Cahn_nonlinear_time	3482.716309
Cahn_Hilliard_nonlinear_time	0.011680
trans_time	39.201191
trans_Memcpy_time	19.335611
trans_MPI_time	14.296950
trans_pack_time	0.375836
trans_enlarge_time	0.675354
trans_mu_time	0.450559
trans_unpack_time	3.610517
updateU_new_time	2.727487
runtime	3.607895
--------------------------------------------------!
***************dt=2.000000***************
***************flag=0***************
--------------------------------------------------!
time		0.000000
wall time	309.940936
*******************************
dgemm_time	80.679321
conv_transfer_time	0.000000
conv_calculate_time	3363.946045
elastic_calculate_time	3363.983643
Allen_Cahn_nonlinear_time	3482.851318
Cahn_Hilliard_nonlinear_time	0.011680
trans_time	39.217026
trans_Memcpy_time	19.323448
trans_MPI_time	14.242067
trans_pack_time	0.389276
trans_enlarge_time	0.685594
trans_mu_time	0.437600
trans_unpack_time	3.603636
updateU_new_time	2.720127
runtime	3.607999
--------------------------------------------------!
***************dt=2.000000***************
***************flag=0***************
--------------------------------------------------!
time		0.000000
wall time	313.548919
*******************************
dgemm_time	80.746674
conv_transfer_time	0.000000
conv_calculate_time	3357.850830
elastic_calculate_time	3357.887207
Allen_Cahn_nonlinear_time	3483.377686
Cahn_Hilliard_nonlinear_time	0.011840
trans_time	39.476044
trans_Memcpy_time	19.334164
trans_MPI_time	14.572781
trans_pack_time	0.374556
trans_enlarge_time	0.688794
trans_mu_time	0.442719
trans_unpack_time	3.609236
updateU_new_time	2.722366
runtime	3.608290
--------------------------------------------------!
***************dt=2.000000***************
***************flag=0***************
--------------------------------------------------!
time		0.000000
wall time	317.156993
*******************************
dgemm_time	80.742340
conv_transfer_time	0.000000
conv_calculate_time	3366.599121
elastic_calculate_time	3366.638184
Allen_Cahn_nonlinear_time	3483.281738
Cahn_Hilliard_nonlinear_time	0.011520
trans_time	39.193752
trans_Memcpy_time	19.326479
trans_MPI_time	14.330702
trans_pack_time	0.374556
trans_enlarge_time	0.665594
trans_mu_time	0.439679
trans_unpack_time	3.598995
updateU_new_time	2.723966
runtime	3.612203
--------------------------------------------------!
***************dt=2.000000***************
***************flag=0***************
--------------------------------------------------!
time		0.000000
wall time	320.765377
*******************************
dgemm_time	80.694962
conv_transfer_time	0.000000
conv_calculate_time	3355.258545
elastic_calculate_time	3355.296143
Allen_Cahn_nonlinear_time	3487.010010
Cahn_Hilliard_nonlinear_time	0.011840
trans_time	39.220604
trans_Memcpy_time	19.363758
trans_MPI_time	14.281580
trans_pack_time	0.375516
trans_enlarge_time	0.691034
trans_mu_time	0.443679
trans_unpack_time	3.599795
updateU_new_time	2.722686
runtime	3.611419
--------------------------------------------------!
***************dt=2.000000***************
***************flag=0***************
--------------------------------------------------!
time		0.000000
wall time	324.377664
*******************************
dgemm_time	80.714798
conv_transfer_time	0.000000
conv_calculate_time	3365.510742
elastic_calculate_time	3365.548340
Allen_Cahn_nonlinear_time	3485.297852
Cahn_Hilliard_nonlinear_time	0.012640
trans_time	39.160080
trans_Memcpy_time	19.337513
trans_MPI_time	14.254539
trans_pack_time	0.375356
trans_enlarge_time	0.682234
trans_mu_time	0.454878
trans_unpack_time	3.600754
updateU_new_time	2.723325
runtime	3.609742
--------------------------------------------------!
***************dt=2.000000***************
***************flag=0***************
--------------------------------------------------!
time		0.000000
wall time	327.989172
*******************************
dgemm_time	80.741661
conv_transfer_time	0.000000
conv_calculate_time	3365.750732
elastic_calculate_time	3365.788330
Allen_Cahn_nonlinear_time	3487.023438
Cahn_Hilliard_nonlinear_time	0.011520
trans_time	39.221874
trans_Memcpy_time	19.420071
trans_MPI_time	14.231977
trans_pack_time	0.401276
trans_enlarge_time	0.670234
trans_mu_time	0.441759
trans_unpack_time	3.602034
updateU_new_time	2.721725
runtime	3.612376
--------------------------------------------------!
***************dt=2.000000***************
***************flag=0***************
--------------------------------------------------!
time		0.000000
wall time	331.599042
*******************************
dgemm_time	80.709976
conv_transfer_time	0.000000
conv_calculate_time	3362.180176
elastic_calculate_time	3362.217285
Allen_Cahn_nonlinear_time	3484.137207
Cahn_Hilliard_nonlinear_time	0.011840
trans_time	39.081188
trans_Memcpy_time	19.331108
trans_MPI_time	14.177256
trans_pack_time	0.374876
trans_enlarge_time	0.674074
trans_mu_time	0.451198
trans_unpack_time	3.621073
updateU_new_time	2.721084
runtime	3.608359
--------------------------------------------------!
***************dt=2.000000***************
***************flag=0***************
--------------------------------------------------!
time		0.000000
wall time	335.211502
*******************************
dgemm_time	80.751083
conv_transfer_time	0.000000
conv_calculate_time	3360.627930
elastic_calculate_time	3360.668945
Allen_Cahn_nonlinear_time	3482.340820
Cahn_Hilliard_nonlinear_time	0.012000
trans_time	39.256531
trans_Memcpy_time	19.332706
trans_MPI_time	14.371331
trans_pack_time	0.378396
trans_enlarge_time	0.681594
trans_mu_time	0.439679
trans_unpack_time	3.601873
updateU_new_time	2.723324
runtime	3.608287
--------------------------------------------------!
***************dt=2.000000***************
***************flag=0***************
--------------------------------------------------!
time		0.000000
wall time	338.819947
*******************************
dgemm_time	80.698906
conv_transfer_time	0.000000
conv_calculate_time	3359.163330
elastic_calculate_time	3359.201172
Allen_Cahn_nonlinear_time	3482.807129
Cahn_Hilliard_nonlinear_time	0.011840
trans_time	39.349384
trans_Memcpy_time	19.351582
trans_MPI_time	14.364449
trans_pack_time	0.375356
trans_enlarge_time	0.688474
trans_mu_time	0.443674
trans_unpack_time	3.611472
updateU_new_time	2.721724
runtime	3.609225
--------------------------------------------------!
***************dt=2.000000***************
***************flag=0***************
--------------------------------------------------!
time		0.000000
wall time	342.428334
*******************************
dgemm_time	80.672340
conv_transfer_time	0.000000
conv_calculate_time	3364.557373
elastic_calculate_time	3364.593262
Allen_Cahn_nonlinear_time	3483.443115
Cahn_Hilliard_nonlinear_time	0.011680
trans_time	39.174801
trans_Memcpy_time	19.338142
trans_MPI_time	14.284287
trans_pack_time	0.376476
trans_enlarge_time	0.663674
trans_mu_time	0.443354
trans_unpack_time	3.613232
updateU_new_time	2.723163
runtime	3.609141
--------------------------------------------------!
***************dt=2.000000***************
***************flag=0***************
--------------------------------------------------!
time		0.000000
wall time	346.037651
*******************************
dgemm_time	80.741447
conv_transfer_time	0.000000
conv_calculate_time	3358.749023
elastic_calculate_time	3358.788086
Allen_Cahn_nonlinear_time	3482.804688
Cahn_Hilliard_nonlinear_time	0.012640
trans_time	39.249462
trans_Memcpy_time	19.339100
trans_MPI_time	14.337564
trans_pack_time	0.401275
trans_enlarge_time	0.679674
trans_mu_time	0.443034
trans_unpack_time	3.593551
updateU_new_time	2.722523
runtime	3.611292
--------------------------------------------------!
***************dt=2.000000***************
***************flag=0***************
--------------------------------------------------!
time		0.000000
wall time	349.646888
*******************************
dgemm_time	80.710403
conv_transfer_time	0.000000
conv_calculate_time	3360.947510
elastic_calculate_time	3360.985352
Allen_Cahn_nonlinear_time	3482.495605
Cahn_Hilliard_nonlinear_time	0.011840
trans_time	39.424057
trans_Memcpy_time	19.305975
trans_MPI_time	14.543001
trans_pack_time	0.384956
trans_enlarge_time	0.667674
trans_mu_time	0.449594
trans_unpack_time	3.617391
updateU_new_time	2.722523
runtime	3.607864
--------------------------------------------------!
***************dt=2.000000***************
***************flag=0***************
--------------------------------------------------!
time		0.000000
wall time	353.258262
*******************************
dgemm_time	80.704643
conv_transfer_time	0.000000
conv_calculate_time	3365.365479
elastic_calculate_time	3365.404053
Allen_Cahn_nonlinear_time	3484.565430
Cahn_Hilliard_nonlinear_time	0.011840
trans_time	39.461983
trans_Memcpy_time	19.288055
trans_MPI_time	14.614359
trans_pack_time	0.375996
trans_enlarge_time	0.687034
trans_mu_time	0.439834
trans_unpack_time	3.601551
updateU_new_time	2.724603
runtime	3.614377
--------------------------------------------------!
***************dt=2.000000***************
***************flag=0***************
--------------------------------------------------!
time		0.000000
wall time	356.866214
*******************************
dgemm_time	80.677605
conv_transfer_time	0.000000
conv_calculate_time	3362.420166
elastic_calculate_time	3362.458496
Allen_Cahn_nonlinear_time	3485.058350
Cahn_Hilliard_nonlinear_time	0.012000
trans_time	39.200817
trans_Memcpy_time	19.322138
trans_MPI_time	14.312283
trans_pack_time	0.375996
trans_enlarge_time	0.683994
trans_mu_time	0.448954
trans_unpack_time	3.597871
updateU_new_time	2.722523
runtime	3.609807
--------------------------------------------------!
***************dt=2.000000***************
***************flag=0***************
--------------------------------------------------!
time		0.000000
wall time	360.480699
*******************************
dgemm_time	80.728165
conv_transfer_time	0.000000
conv_calculate_time	3357.427246
elastic_calculate_time	3357.467041
Allen_Cahn_nonlinear_time	3484.740723
Cahn_Hilliard_nonlinear_time	0.011840
trans_time	39.320599
trans_Memcpy_time	19.337336
trans_MPI_time	14.418203
trans_pack_time	0.376796
trans_enlarge_time	0.688314
trans_mu_time	0.438394
trans_unpack_time	3.611310
updateU_new_time	2.719803
runtime	3.609516
--------------------------------------------------!
***************dt=2.000000***************
***************flag=0***************
--------------------------------------------------!
time		0.000000
wall time	364.090588
