running   on	1024   processors
restart		0
nx,ny,nz	260	260	132
px,py,pz	8	8	16
nghost		2
output   dir	./output/output2/
data   dir	./data/
dt,t_total	2.000000,200.100000
ELASTIC		1
ANISOTROPIC		1
nac,nch		6,2
xmin,ymin,zmin	0.000000	0.000000	0.000000
xmax,ymax,zmax	2048.000000	2048.000000	2048.000000
checkpoint_,nchk,chk	1,1000,0
nout		10000
Approx		32
detect_iter		100000
Reading input.txt file:
myrank = 963 P = 0 Q = 3
myrank = 960 P = 3 Q = 4
myrank = 961 P = 0 Q = 1
myrank = 962 P = 1 Q = 3
myrank = 947 P = 0 Q = 3
myrank = 944 P = 3 Q = 1
myrank = 913 P = 0 Q = 2
myrank = 946 P = 2 Q = 2
myrank = 915 P = 0 Q = 0
myrank = 945 P = 5 Q = 2
myrank = 1022 P = 2 Q = 2
myrank = 964 P = 1 Q = 1
myrank = 1021 P = 1 Q = 4
myrank = 996 P = 2 Q = 3
myrank = 958 P = 0 Q = 5
myrank = 1023 P = 2 Q = 3
myrank = 998 P = 0 Q = 5
myrank = 1020 P = 2 Q = 4
myrank = 912 P = 3 Q = 4
myrank = 967 P = 1 Q = 3
myrank = 875 P = 0 Q = 1
myrank = 950 P = 0 Q = 0
myrank = 951 P = 2 Q = 0
myrank = 959 P = 4 Q = 4
myrank = 874 P = 4 Q = 0
myrank = 997 P = 0 Q = 5
myrank = 993 P = 2 Q = 4
myrank = 995 P = 3 Q = 3
myrank = 873 P = 1 Q = 3
myrank = 914 P = 1 Q = 3
myrank = 949 P = 0 Q = 2
myrank = 925 P = 4 Q = 5
myrank = 952 P = 0 Q = 4
myrank = 927 P = 4 Q = 4
myrank = 1014 P = 3 Q = 2
myrank = 923 P = 3 Q = 0
myrank = 926 P = 5 Q = 3
myrank = 883 P = 2 Q = 1
myrank = 939 P = 0 Q = 1
myrank = 965 P = 4 Q = 5
myrank = 992 P = 3 Q = 1
myrank = 988 P = 2 Q = 1
myrank = 966 P = 3 Q = 5
myrank = 932 P = 5 Q = 1
myrank = 779 P = 3 Q = 1
myrank = 1015 P = 1 Q = 3
myrank = 880 P = 4 Q = 1
myrank = 924 P = 1 Q = 5
myrank = 872 P = 0 Q = 5
myrank = 933 P = 4 Q = 5
myrank = 882 P = 4 Q = 3
myrank = 922 P = 4 Q = 0
myrank = 929 P = 5 Q = 5
myrank = 999 P = 1 Q = 3
myrank = 955 P = 3 Q = 3
myrank = 921 P = 5 Q = 0
myrank = 886 P = 2 Q = 0
myrank = 903 P = 5 Q = 0
myrank = 994 P = 4 Q = 0
myrank = 1012 P = 1 Q = 1
myrank = 989 P = 3 Q = 2
myrank = 1013 P = 1 Q = 1
myrank = 954 P = 4 Q = 3
myrank = 894 P = 5 Q = 3
myrank = 948 P = 2 Q = 1
myrank = 931 P = 5 Q = 4
myrank = 953 P = 5 Q = 1
myrank = 957 P = 3 Q = 5
myrank = 885 P = 4 Q = 5
myrank = 934 P = 5 Q = 0
myrank = 881 P = 5 Q = 0
myrank = 991 P = 2 Q = 3
myrank = 956 P = 2 Q = 1
myrank = 935 P = 2 Q = 3
myrank = 985 P = 5 Q = 2
myrank = 893 P = 4 Q = 5
myrank = 920 P = 3 Q = 1
myrank = 891 P = 2 Q = 1
myrank = 892 P = 2 Q = 1
myrank = 895 P = 5 Q = 4
myrank = 1008 P = 4 Q = 4
myrank = 888 P = 4 Q = 4
myrank = 777 P = 5 Q = 3
myrank = 889 P = 2 Q = 2
myrank = 987 P = 3 Q = 0
myrank = 937 P = 5 Q = 2
myrank = 928 P = 4 Q = 1
myrank = 984 P = 0 Q = 1
myrank = 918 P = 3 Q = 5
myrank = 899 P = 0 Q = 1
myrank = 869 P = 0 Q = 0
myrank = 879 P = 1 Q = 1
myrank = 884 P = 5 Q = 5
myrank = 917 P = 1 Q = 5
myrank = 1004 P = 3 Q = 3
myrank = 1006 P = 3 Q = 2
myrank = 936 P = 0 Q = 2
myrank = 1011 P = 3 Q = 3
myrank = 938 P = 4 Q = 2
myrank = 878 P = 2 Q = 1
myrank = 930 P = 1 Q = 3
myrank = 908 P = 5 Q = 4
myrank = 890 P = 1 Q = 3
myrank = 776 P = 3 Q = 2
myrank = 916 P = 4 Q = 5
myrank = 1003 P = 3 Q = 3
myrank = 877 P = 1 Q = 2
myrank = 870 P = 3 Q = 3
myrank = 902 P = 5 Q = 0
myrank = 1007 P = 1 Q = 3
myrank = 778 P = 4 Q = 1
myrank = 910 P = 3 Q = 3
myrank = 911 P = 4 Q = 4
myrank = 897 P = 2 Q = 5
myrank = 887 P = 1 Q = 4
myrank = 898 P = 4 Q = 3
myrank = 907 P = 3 Q = 1
myrank = 896 P = 0 Q = 2
myrank = 1000 P = 0 Q = 4
myrank = 805 P = 0 Q = 0
myrank = 1009 P = 0 Q = 4
myrank = 876 P = 1 Q = 2
myrank = 941 P = 3 Q = 5
myrank = 990 P = 3 Q = 2
myrank = 771 P = 3 Q = 5
myrank = 807 P = 2 Q = 4
myrank = 796 P = 1 Q = 2
myrank = 1001 P = 0 Q = 1
myrank = 1010 P = 1 Q = 2
myrank = 909 P = 3 Q = 2
myrank = 1005 P = 4 Q = 1
myrank = 940 P = 2 Q = 1
myrank = 905 P = 5 Q = 5
myrank = 904 P = 3 Q = 2
myrank = 827 P = 3 Q = 4
myrank = 810 P = 3 Q = 1
myrank = 806 P = 2 Q = 4
myrank = 943 P = 5 Q = 3
myrank = 863 P = 4 Q = 2
myrank = 1016 P = 4 Q = 0
myrank = 1019 P = 1 Q = 2
myrank = 797 P = 4 Q = 3
myrank = 1002 P = 1 Q = 2
myrank = 798 P = 5 Q = 4
myrank = 769 P = 2 Q = 0
myrank = 868 P = 1 Q = 2
myrank = 855 P = 5 Q = 4
myrank = 808 P = 0 Q = 0
myrank = 802 P = 4 Q = 3
myrank = 1017 P = 2 Q = 2
myrank = 799 P = 4 Q = 1
myrank = 809 P = 5 Q = 0
myrank = 906 P = 3 Q = 0
myrank = 770 P = 3 Q = 1
myrank = 871 P = 1 Q = 1
myrank = 801 P = 2 Q = 0
myrank = 825 P = 1 Q = 0
myrank = 919 P = 1 Q = 1
myrank = 795 P = 2 Q = 2
myrank = 788 P = 4 Q = 3
myrank = 865 P = 5 Q = 2
myrank = 900 P = 5 Q = 1
myrank = 986 P = 2 Q = 5
myrank = 826 P = 4 Q = 1
myrank = 786 P = 4 Q = 1
myrank = 791 P = 1 Q = 5
myrank = 901 P = 3 Q = 3
myrank = 1018 P = 4 Q = 2
myrank = 843 P = 2 Q = 2
myrank = 784 P = 3 Q = 2
myrank = 866 P = 4 Q = 4
myrank = 842 P = 1 Q = 3
myrank = 804 P = 2 Q = 2
myrank = 811 P = 3 Q = 2
myrank = 773 P = 3 Q = 0
myrank = 793 P = 2 Q = 0
myrank = 775 P = 1 Q = 5
myrank = 975 P = 4 Q = 3
myrank = 823 P = 1 Q = 5
myrank = 789 P = 1 Q = 3
myrank = 787 P = 3 Q = 1
myrank = 854 P = 5 Q = 0
myrank = 785 P = 4 Q = 1
myrank = 803 P = 2 Q = 5
myrank = 816 P = 3 Q = 5
myrank = 853 P = 3 Q = 0
myrank = 942 P = 5 Q = 3
myrank = 768 P = 3 Q = 0
myrank = 822 P = 3 Q = 0
myrank = 790 P = 5 Q = 1
myrank = 824 P = 0 Q = 2
myrank = 852 P = 2 Q = 5
myrank = 968 P = 4 Q = 1
myrank = 841 P = 2 Q = 0
myrank = 867 P = 0 Q = 4
myrank = 817 P = 5 Q = 0
myrank = 818 P = 0 Q = 1
myrank = 821 P = 0 Q = 3
myrank = 840 P = 4 Q = 5
myrank = 971 P = 3 Q = 3
myrank = 864 P = 0 Q = 2
myrank = 819 P = 0 Q = 4
myrank = 800 P = 5 Q = 0
myrank = 792 P = 3 Q = 5
myrank = 820 P = 4 Q = 0
myrank = 974 P = 2 Q = 0
myrank = 969 P = 5 Q = 5
myrank = 794 P = 1 Q = 1
myrank = 774 P = 0 Q = 4
myrank = 970 P = 4 Q = 5
myrank = 972 P = 5 Q = 1
myrank = 976 P = 1 Q = 3
myrank = 835 P = 3 Q = 1
myrank = 862 P = 3 Q = 3
myrank = 833 P = 5 Q = 0
myrank = 973 P = 1 Q = 1
myrank = 978 P = 4 Q = 2
myrank = 861 P = 3 Q = 0
myrank = 860 P = 2 Q = 4
myrank = 782 P = 3 Q = 4
myrank = 859 P = 0 Q = 4
myrank = 981 P = 1 Q = 1
myrank = 856 P = 0 Q = 5
myrank = 858 P = 3 Q = 1
myrank = 812 P = 5 Q = 2
myrank = 772 P = 2 Q = 5
myrank = 834 P = 4 Q = 0
myrank = 781 P = 0 Q = 3
myrank = 983 P = 5 Q = 3
myrank = 847 P = 1 Q = 4
myrank = 982 P = 5 Q = 0
myrank = 846 P = 5 Q = 4
myrank = 980 P = 5 Q = 4
myrank = 783 P = 4 Q = 2
myrank = 851 P = 2 Q = 4
myrank = 814 P = 5 Q = 1
myrank = 832 P = 0 Q = 2
myrank = 857 P = 5 Q = 5
myrank = 815 P = 1 Q = 2
myrank = 977 P = 2 Q = 5
myrank = 845 P = 4 Q = 5
myrank = 829 P = 1 Q = 3
myrank = 813 P = 0 Q = 0
myrank = 844 P = 5 Q = 2
myrank = 831 P = 1 Q = 4
myrank = 837 P = 1 Q = 2
myrank = 780 P = 1 Q = 0
myrank = 830 P = 0 Q = 0
myrank = 836 P = 1 Q = 2
myrank = 828 P = 1 Q = 2
myrank = 838 P = 2 Q = 4
myrank = 979 P = 2 Q = 0
myrank = 839 P = 1 Q = 4
myrank = 848 P = 3 Q = 5
myrank = 850 P = 4 Q = 0
myrank = 849 P = 3 Q = 3
myrank = 353 P = 4 Q = 2
myrank = 355 P = 2 Q = 3
myrank = 354 P = 4 Q = 3
myrank = 267 P = 2 Q = 4
myrank = 352 P = 5 Q = 5
myrank = 266 P = 1 Q = 4
myrank = 264 P = 2 Q = 1
myrank = 184 P = 4 Q = 1
myrank = 265 P = 0 Q = 3
myrank = 319 P = 4 Q = 4
myrank = 611 P = 4 Q = 2
myrank = 608 P = 5 Q = 1
myrank = 150 P = 4 Q = 3
myrank = 181 P = 4 Q = 3
myrank = 186 P = 0 Q = 1
myrank = 615 P = 3 Q = 3
myrank = 183 P = 5 Q = 4
myrank = 318 P = 1 Q = 3
myrank = 610 P = 3 Q = 4
myrank = 121 P = 2 Q = 5
myrank = 623 P = 5 Q = 1
myrank = 187 P = 0 Q = 5
myrank = 151 P = 3 Q = 3
myrank = 627 P = 0 Q = 3
myrank = 185 P = 1 Q = 2
myrank = 607 P = 0 Q = 4
myrank = 631 P = 0 Q = 4
myrank = 317 P = 2 Q = 0
myrank = 451 P = 5 Q = 0
myrank = 609 P = 5 Q = 2
myrank = 612 P = 5 Q = 2
myrank = 171 P = 5 Q = 4
myrank = 154 P = 0 Q = 3
myrank = 316 P = 1 Q = 3
myrank = 635 P = 2 Q = 4
myrank = 621 P = 5 Q = 2
myrank = 634 P = 1 Q = 1
myrank = 166 P = 0 Q = 0
myrank = 163 P = 0 Q = 5
myrank = 618 P = 0 Q = 3
myrank = 195 P = 5 Q = 1
myrank = 164 P = 1 Q = 5
myrank = 148 P = 0 Q = 5
myrank = 629 P = 4 Q = 0
myrank = 412 P = 3 Q = 0
myrank = 180 P = 2 Q = 0
myrank = 123 P = 4 Q = 5
myrank = 262 P = 0 Q = 0
myrank = 263 P = 3 Q = 1
myrank = 122 P = 2 Q = 0
myrank = 260 P = 4 Q = 5
myrank = 162 P = 4 Q = 3
myrank = 155 P = 0 Q = 1
myrank = 413 P = 5 Q = 0
myrank = 449 P = 0 Q = 5
myrank = 450 P = 4 Q = 0
myrank = 192 P = 5 Q = 3
myrank = 415 P = 4 Q = 4
myrank = 170 P = 1 Q = 4
myrank = 169 P = 1 Q = 0
myrank = 606 P = 2 Q = 4
myrank = 581 P = 0 Q = 5
myrank = 153 P = 5 Q = 3
myrank = 633 P = 3 Q = 3
myrank = 626 P = 4 Q = 0
myrank = 149 P = 1 Q = 5
myrank = 632 P = 5 Q = 1
myrank = 261 P = 4 Q = 3
myrank = 120 P = 4 Q = 2
myrank = 168 P = 5 Q = 4
myrank = 139 P = 5 Q = 4
myrank = 448 P = 2 Q = 5
myrank = 152 P = 3 Q = 3
myrank = 160 P = 0 Q = 2
myrank = 129 P = 3 Q = 4
myrank = 324 P = 3 Q = 2
myrank = 161 P = 1 Q = 5
myrank = 453 P = 1 Q = 3
myrank = 455 P = 3 Q = 1
myrank = 165 P = 5 Q = 0
myrank = 167 P = 1 Q = 1
myrank = 182 P = 1 Q = 1
myrank = 158 P = 1 Q = 1
myrank = 130 P = 5 Q = 1
myrank = 622 P = 0 Q = 4
myrank = 131 P = 3 Q = 4
myrank = 414 P = 2 Q = 4
myrank = 136 P = 0 Q = 5
myrank = 193 P = 1 Q = 0
myrank = 330 P = 4 Q = 3
myrank = 325 P = 5 Q = 2
myrank = 614 P = 4 Q = 0
myrank = 625 P = 1 Q = 5
myrank = 672 P = 4 Q = 1
myrank = 327 P = 3 Q = 2
myrank = 194 P = 5 Q = 3
myrank = 138 P = 4 Q = 0
myrank = 697 P = 5 Q = 3
myrank = 128 P = 3 Q = 4
myrank = 604 P = 0 Q = 1
myrank = 326 P = 2 Q = 3
myrank = 157 P = 2 Q = 1
myrank = 127 P = 2 Q = 1
myrank = 583 P = 2 Q = 5
myrank = 616 P = 0 Q = 0
myrank = 133 P = 5 Q = 5
myrank = 613 P = 1 Q = 5
myrank = 156 P = 2 Q = 4
myrank = 670 P = 2 Q = 0
myrank = 630 P = 0 Q = 3
myrank = 669 P = 3 Q = 3
myrank = 624 P = 5 Q = 2
myrank = 675 P = 4 Q = 4
myrank = 605 P = 1 Q = 0
myrank = 619 P = 3 Q = 1
myrank = 582 P = 2 Q = 1
myrank = 535 P = 0 Q = 4
myrank = 125 P = 0 Q = 0
myrank = 580 P = 0 Q = 1
myrank = 379 P = 5 Q = 5
myrank = 328 P = 2 Q = 2
myrank = 617 P = 1 Q = 3
myrank = 159 P = 2 Q = 1
myrank = 673 P = 5 Q = 3
myrank = 674 P = 2 Q = 4
myrank = 454 P = 5 Q = 0
myrank = 620 P = 2 Q = 1
myrank = 671 P = 3 Q = 0
myrank = 474 P = 5 Q = 4
myrank = 391 P = 4 Q = 1
myrank = 389 P = 4 Q = 2
myrank = 475 P = 5 Q = 5
myrank = 137 P = 0 Q = 3
myrank = 544 P = 1 Q = 5
myrank = 377 P = 4 Q = 5
myrank = 532 P = 1 Q = 2
myrank = 698 P = 4 Q = 0
myrank = 452 P = 2 Q = 3
myrank = 388 P = 3 Q = 4
myrank = 696 P = 5 Q = 5
myrank = 79 P = 3 Q = 5
myrank = 644 P = 2 Q = 1
myrank = 378 P = 5 Q = 1
myrank = 742 P = 0 Q = 4
myrank = 473 P = 3 Q = 2
myrank = 703 P = 3 Q = 1
myrank = 472 P = 2 Q = 2
myrank = 738 P = 3 Q = 3
myrank = 376 P = 0 Q = 1
myrank = 647 P = 2 Q = 4
myrank = 390 P = 2 Q = 4
myrank = 124 P = 1 Q = 0
myrank = 646 P = 1 Q = 4
myrank = 699 P = 4 Q = 4
myrank = 134 P = 3 Q = 0
myrank = 741 P = 3 Q = 3
myrank = 542 P = 0 Q = 4
myrank = 679 P = 5 Q = 2
myrank = 740 P = 1 Q = 1
myrank = 126 P = 4 Q = 3
myrank = 668 P = 0 Q = 2
myrank = 14 P = 3 Q = 3
myrank = 645 P = 0 Q = 0
myrank = 702 P = 1 Q = 4
myrank = 546 P = 0 Q = 0
myrank = 543 P = 3 Q = 2
myrank = 73 P = 4 Q = 0
myrank = 394 P = 3 Q = 3
myrank = 743 P = 5 Q = 4
myrank = 15 P = 4 Q = 0
myrank = 736 P = 1 Q = 5
myrank = 628 P = 1 Q = 2
myrank = 422 P = 2 Q = 3
myrank = 135 P = 1 Q = 5
myrank = 57 P = 5 Q = 3
myrank = 132 P = 4 Q = 5
myrank = 534 P = 3 Q = 3
myrank = 686 P = 1 Q = 3
myrank = 119 P = 5 Q = 2
myrank = 99 P = 3 Q = 4
myrank = 684 P = 1 Q = 0
myrank = 63 P = 3 Q = 1
myrank = 541 P = 1 Q = 5
myrank = 59 P = 4 Q = 1
myrank = 687 P = 1 Q = 1
myrank = 547 P = 2 Q = 3
myrank = 395 P = 4 Q = 2
myrank = 701 P = 1 Q = 0
myrank = 489 P = 2 Q = 5
myrank = 523 P = 3 Q = 1
myrank = 43 P = 0 Q = 3
myrank = 56 P = 0 Q = 3
myrank = 540 P = 3 Q = 2
myrank = 96 P = 4 Q = 5
myrank = 46 P = 5 Q = 1
myrank = 368 P = 4 Q = 2
myrank = 55 P = 0 Q = 5
myrank = 329 P = 2 Q = 3
myrank = 222 P = 1 Q = 3
myrank = 35 P = 4 Q = 4
myrank = 74 P = 4 Q = 1
myrank = 311 P = 5 Q = 5
myrank = 533 P = 2 Q = 0
myrank = 643 P = 1 Q = 3
myrank = 545 P = 3 Q = 2
myrank = 331 P = 1 Q = 4
myrank = 693 P = 2 Q = 2
myrank = 700 P = 0 Q = 4
myrank = 392 P = 4 Q = 5
myrank = 365 P = 1 Q = 2
myrank = 12 P = 4 Q = 5
myrank = 52 P = 0 Q = 2
myrank = 116 P = 3 Q = 1
myrank = 677 P = 0 Q = 5
myrank = 58 P = 0 Q = 3
myrank = 371 P = 0 Q = 4
myrank = 491 P = 4 Q = 0
myrank = 45 P = 2 Q = 3
myrank = 13 P = 4 Q = 3
myrank = 636 P = 5 Q = 2
myrank = 367 P = 2 Q = 2
myrank = 62 P = 1 Q = 1
myrank = 370 P = 3 Q = 0
myrank = 221 P = 3 Q = 0
myrank = 47 P = 4 Q = 4
myrank = 72 P = 2 Q = 0
myrank = 61 P = 0 Q = 1
myrank = 678 P = 1 Q = 4
myrank = 666 P = 4 Q = 2
myrank = 53 P = 1 Q = 5
myrank = 67 P = 3 Q = 2
myrank = 2 P = 0 Q = 0
myrank = 694 P = 2 Q = 3
myrank = 64 P = 0 Q = 2
myrank = 637 P = 1 Q = 2
myrank = 639 P = 0 Q = 5
myrank = 490 P = 2 Q = 0
myrank = 531 P = 3 Q = 2
myrank = 695 P = 3 Q = 2
myrank = 739 P = 1 Q = 3
myrank = 528 P = 3 Q = 2
myrank = 537 P = 1 Q = 3
myrank = 372 P = 4 Q = 1
myrank = 97 P = 1 Q = 3
myrank = 539 P = 5 Q = 4
myrank = 3 P = 3 Q = 4
myrank = 488 P = 1 Q = 2
myrank = 75 P = 3 Q = 4
myrank = 727 P = 3 Q = 4
myrank = 520 P = 0 Q = 3
myrank = 118 P = 5 Q = 1
myrank = 309 P = 3 Q = 5
myrank = 98 P = 2 Q = 0
myrank = 664 P = 4 Q = 5
myrank = 737 P = 4 Q = 0
myrank = 83 P = 5 Q = 3
myrank = 363 P = 5 Q = 4
myrank = 1 P = 1 Q = 3
myrank = 117 P = 0 Q = 2
myrank = 216 P = 0 Q = 5
myrank = 421 P = 4 Q = 5
myrank = 518 P = 4 Q = 3
myrank = 642 P = 0 Q = 3
myrank = 44 P = 3 Q = 3
myrank = 217 P = 5 Q = 2
myrank = 364 P = 5 Q = 2
myrank = 568 P = 2 Q = 5
myrank = 653 P = 0 Q = 2
myrank = 692 P = 0 Q = 2
myrank = 667 P = 5 Q = 2
myrank = 665 P = 0 Q = 2
myrank = 366 P = 1 Q = 0
myrank = 60 P = 5 Q = 1
myrank = 33 P = 5 Q = 3
myrank = 65 P = 4 Q = 5
myrank = 76 P = 0 Q = 2
myrank = 34 P = 5 Q = 1
myrank = 87 P = 3 Q = 1
myrank = 78 P = 0 Q = 1
myrank = 369 P = 4 Q = 0
myrank = 40 P = 0 Q = 5
myrank = 650 P = 5 Q = 4
myrank = 638 P = 2 Q = 2
myrank = 54 P = 2 Q = 3
myrank = 310 P = 4 Q = 1
myrank = 676 P = 2 Q = 1
myrank = 0 P = 4 Q = 5
myrank = 38 P = 1 Q = 4
myrank = 219 P = 1 Q = 2
myrank = 571 P = 5 Q = 2
myrank = 521 P = 5 Q = 0
myrank = 22 P = 2 Q = 4
myrank = 640 P = 1 Q = 5
myrank = 20 P = 3 Q = 1
myrank = 374 P = 0 Q = 4
myrank = 42 P = 2 Q = 0
myrank = 66 P = 2 Q = 3
myrank = 375 P = 5 Q = 1
myrank = 77 P = 1 Q = 2
myrank = 516 P = 3 Q = 2
myrank = 655 P = 4 Q = 3
myrank = 32 P = 0 Q = 1
myrank = 36 P = 1 Q = 5
myrank = 641 P = 4 Q = 3
myrank = 682 P = 5 Q = 0
myrank = 48 P = 2 Q = 1
myrank = 39 P = 4 Q = 5
myrank = 23 P = 2 Q = 5
myrank = 683 P = 3 Q = 0
myrank = 685 P = 5 Q = 0
myrank = 730 P = 3 Q = 4
myrank = 37 P = 2 Q = 2
myrank = 728 P = 4 Q = 4
myrank = 223 P = 1 Q = 4
myrank = 527 P = 5 Q = 1
myrank = 220 P = 4 Q = 3
myrank = 420 P = 0 Q = 5
myrank = 660 P = 4 Q = 4
myrank = 215 P = 5 Q = 2
myrank = 654 P = 0 Q = 0
myrank = 86 P = 5 Q = 3
myrank = 71 P = 1 Q = 1
myrank = 731 P = 2 Q = 1
myrank = 360 P = 1 Q = 4
myrank = 387 P = 5 Q = 1
myrank = 575 P = 4 Q = 0
myrank = 538 P = 1 Q = 4
myrank = 691 P = 0 Q = 4
myrank = 386 P = 5 Q = 3
myrank = 82 P = 1 Q = 3
myrank = 80 P = 5 Q = 2
myrank = 27 P = 1 Q = 5
myrank = 519 P = 0 Q = 0
myrank = 85 P = 4 Q = 0
myrank = 41 P = 0 Q = 3
myrank = 49 P = 3 Q = 5
myrank = 663 P = 4 Q = 4
myrank = 536 P = 5 Q = 4
myrank = 81 P = 2 Q = 3
myrank = 529 P = 1 Q = 5
myrank = 734 P = 2 Q = 2
myrank = 530 P = 4 Q = 3
myrank = 295 P = 4 Q = 1
myrank = 649 P = 4 Q = 5
myrank = 393 P = 2 Q = 5
myrank = 522 P = 0 Q = 3
myrank = 680 P = 0 Q = 5
myrank = 551 P = 5 Q = 4
myrank = 652 P = 1 Q = 2
myrank = 50 P = 4 Q = 1
myrank = 68 P = 5 Q = 2
myrank = 517 P = 4 Q = 2
myrank = 373 P = 0 Q = 0
myrank = 648 P = 4 Q = 1
myrank = 651 P = 0 Q = 5
myrank = 279 P = 2 Q = 4
myrank = 259 P = 3 Q = 5
myrank = 570 P = 2 Q = 2
myrank = 515 P = 1 Q = 2
myrank = 25 P = 5 Q = 5
myrank = 212 P = 0 Q = 4
myrank = 277 P = 3 Q = 0
myrank = 713 P = 4 Q = 0
myrank = 548 P = 5 Q = 1
myrank = 218 P = 5 Q = 0
myrank = 281 P = 4 Q = 2
myrank = 732 P = 5 Q = 5
myrank = 94 P = 1 Q = 3
myrank = 92 P = 2 Q = 5
myrank = 726 P = 3 Q = 0
myrank = 294 P = 5 Q = 4
myrank = 308 P = 1 Q = 2
myrank = 690 P = 4 Q = 4
myrank = 51 P = 1 Q = 5
myrank = 681 P = 2 Q = 5
myrank = 26 P = 0 Q = 3
myrank = 563 P = 5 Q = 1
myrank = 292 P = 4 Q = 4
myrank = 512 P = 2 Q = 1
myrank = 712 P = 0 Q = 4
myrank = 282 P = 5 Q = 4
myrank = 689 P = 3 Q = 2
myrank = 24 P = 1 Q = 2
myrank = 733 P = 1 Q = 5
myrank = 17 P = 0 Q = 3
myrank = 735 P = 5 Q = 5
myrank = 95 P = 2 Q = 5
myrank = 278 P = 4 Q = 1
myrank = 729 P = 0 Q = 3
myrank = 384 P = 2 Q = 3
myrank = 423 P = 3 Q = 3
myrank = 84 P = 2 Q = 0
myrank = 283 P = 3 Q = 5
myrank = 525 P = 2 Q = 2
myrank = 425 P = 5 Q = 3
myrank = 70 P = 4 Q = 3
myrank = 662 P = 2 Q = 4
myrank = 7 P = 5 Q = 4
myrank = 494 P = 4 Q = 3
myrank = 93 P = 0 Q = 2
myrank = 495 P = 5 Q = 1
myrank = 6 P = 0 Q = 1
myrank = 661 P = 2 Q = 3
myrank = 724 P = 1 Q = 2
myrank = 191 P = 5 Q = 5
myrank = 361 P = 5 Q = 5
myrank = 411 P = 3 Q = 0
myrank = 362 P = 3 Q = 4
myrank = 333 P = 4 Q = 0
myrank = 507 P = 0 Q = 0
myrank = 256 P = 5 Q = 5
myrank = 177 P = 2 Q = 3
myrank = 201 P = 3 Q = 2
myrank = 747 P = 5 Q = 2
myrank = 714 P = 1 Q = 1
myrank = 203 P = 2 Q = 5
myrank = 514 P = 1 Q = 4
myrank = 258 P = 1 Q = 0
myrank = 69 P = 5 Q = 3
myrank = 257 P = 4 Q = 5
myrank = 716 P = 4 Q = 1
myrank = 19 P = 2 Q = 4
myrank = 332 P = 3 Q = 1
myrank = 90 P = 3 Q = 4
myrank = 569 P = 0 Q = 2
myrank = 558 P = 0 Q = 3
myrank = 343 P = 5 Q = 3
myrank = 598 P = 5 Q = 0
myrank = 89 P = 1 Q = 2
myrank = 211 P = 4 Q = 4
myrank = 213 P = 3 Q = 2
myrank = 18 P = 3 Q = 1
myrank = 91 P = 1 Q = 1
myrank = 5 P = 0 Q = 0
myrank = 497 P = 2 Q = 3
myrank = 106 P = 5 Q = 4
myrank = 293 P = 4 Q = 2
myrank = 276 P = 5 Q = 1
myrank = 4 P = 1 Q = 0
myrank = 526 P = 1 Q = 1
myrank = 104 P = 5 Q = 5
myrank = 725 P = 1 Q = 0
myrank = 513 P = 5 Q = 2
myrank = 564 P = 4 Q = 4
myrank = 334 P = 1 Q = 1
myrank = 499 P = 3 Q = 4
myrank = 524 P = 5 Q = 1
myrank = 16 P = 5 Q = 0
myrank = 438 P = 3 Q = 0
myrank = 357 P = 4 Q = 3
myrank = 721 P = 1 Q = 5
myrank = 719 P = 5 Q = 4
myrank = 572 P = 3 Q = 2
myrank = 340 P = 2 Q = 5
myrank = 723 P = 2 Q = 3
myrank = 498 P = 5 Q = 1
myrank = 410 P = 5 Q = 0
myrank = 342 P = 1 Q = 3
myrank = 595 P = 0 Q = 1
myrank = 341 P = 2 Q = 3
myrank = 335 P = 3 Q = 4
myrank = 207 P = 1 Q = 3
myrank = 556 P = 1 Q = 5
myrank = 11 P = 5 Q = 2
myrank = 299 P = 5 Q = 5
myrank = 408 P = 0 Q = 5
myrank = 199 P = 4 Q = 1
myrank = 147 P = 1 Q = 2
myrank = 21 P = 1 Q = 2
myrank = 208 P = 4 Q = 3
myrank = 105 P = 3 Q = 5
myrank = 492 P = 2 Q = 5
myrank = 200 P = 4 Q = 2
myrank = 417 P = 3 Q = 2
myrank = 559 P = 2 Q = 0
myrank = 437 P = 2 Q = 3
myrank = 145 P = 2 Q = 5
myrank = 567 P = 4 Q = 1
myrank = 560 P = 0 Q = 2
myrank = 315 P = 3 Q = 3
myrank = 715 P = 0 Q = 4
myrank = 720 P = 5 Q = 5
myrank = 250 P = 2 Q = 1
myrank = 9 P = 4 Q = 5
myrank = 496 P = 0 Q = 4
myrank = 214 P = 2 Q = 4
myrank = 88 P = 1 Q = 4
myrank = 706 P = 3 Q = 5
myrank = 555 P = 1 Q = 4
myrank = 323 P = 3 Q = 4
myrank = 593 P = 0 Q = 5
myrank = 322 P = 1 Q = 1
myrank = 596 P = 3 Q = 2
myrank = 419 P = 1 Q = 2
myrank = 506 P = 4 Q = 0
myrank = 110 P = 5 Q = 0
myrank = 196 P = 4 Q = 4
myrank = 565 P = 2 Q = 0
myrank = 312 P = 0 Q = 5
myrank = 458 P = 3 Q = 1
myrank = 385 P = 0 Q = 0
myrank = 209 P = 2 Q = 3
myrank = 717 P = 2 Q = 2
myrank = 718 P = 0 Q = 1
myrank = 562 P = 5 Q = 0
myrank = 431 P = 0 Q = 4
myrank = 459 P = 1 Q = 1
myrank = 280 P = 4 Q = 4
myrank = 552 P = 1 Q = 4
myrank = 493 P = 0 Q = 3
myrank = 705 P = 5 Q = 2
myrank = 658 P = 2 Q = 0
myrank = 594 P = 5 Q = 1
myrank = 592 P = 3 Q = 1
myrank = 722 P = 4 Q = 0
myrank = 744 P = 3 Q = 4
myrank = 197 P = 1 Q = 1
myrank = 188 P = 1 Q = 5
myrank = 433 P = 1 Q = 5
myrank = 688 P = 0 Q = 1
myrank = 10 P = 5 Q = 1
myrank = 585 P = 2 Q = 5
myrank = 707 P = 3 Q = 5
myrank = 359 P = 3 Q = 4
myrank = 659 P = 5 Q = 1
myrank = 418 P = 1 Q = 1
myrank = 202 P = 5 Q = 2
myrank = 235 P = 1 Q = 1
myrank = 144 P = 2 Q = 1
myrank = 246 P = 1 Q = 3
myrank = 8 P = 2 Q = 2
myrank = 657 P = 3 Q = 3
myrank = 428 P = 5 Q = 4
myrank = 584 P = 0 Q = 2
myrank = 313 P = 0 Q = 0
myrank = 314 P = 5 Q = 3
myrank = 176 P = 1 Q = 2
myrank = 175 P = 0 Q = 2
myrank = 320 P = 0 Q = 1
myrank = 178 P = 3 Q = 3
myrank = 339 P = 0 Q = 5
myrank = 599 P = 1 Q = 5
myrank = 198 P = 0 Q = 4
myrank = 351 P = 3 Q = 2
myrank = 587 P = 1 Q = 0
myrank = 566 P = 3 Q = 1
myrank = 31 P = 2 Q = 4
myrank = 710 P = 4 Q = 0
myrank = 234 P = 1 Q = 0
myrank = 424 P = 0 Q = 3
myrank = 597 P = 2 Q = 2
myrank = 709 P = 2 Q = 0
myrank = 486 P = 2 Q = 4
myrank = 179 P = 5 Q = 3
myrank = 602 P = 1 Q = 0
myrank = 321 P = 0 Q = 2
myrank = 249 P = 1 Q = 3
myrank = 416 P = 2 Q = 1
myrank = 146 P = 4 Q = 4
myrank = 432 P = 3 Q = 5
myrank = 427 P = 4 Q = 4
myrank = 456 P = 4 Q = 4
myrank = 656 P = 5 Q = 0
myrank = 759 P = 4 Q = 1
myrank = 173 P = 4 Q = 2
myrank = 245 P = 3 Q = 3
myrank = 589 P = 5 Q = 0
myrank = 704 P = 0 Q = 5
myrank = 252 P = 2 Q = 4
myrank = 708 P = 5 Q = 5
myrank = 228 P = 0 Q = 2
myrank = 247 P = 3 Q = 0
myrank = 574 P = 5 Q = 3
myrank = 190 P = 3 Q = 0
myrank = 711 P = 5 Q = 0
myrank = 745 P = 1 Q = 5
myrank = 601 P = 0 Q = 0
myrank = 232 P = 2 Q = 5
myrank = 296 P = 1 Q = 5
myrank = 426 P = 0 Q = 0
myrank = 756 P = 0 Q = 1
myrank = 28 P = 3 Q = 5
myrank = 345 P = 4 Q = 3
myrank = 439 P = 5 Q = 0
myrank = 113 P = 3 Q = 3
myrank = 297 P = 0 Q = 2
myrank = 244 P = 5 Q = 5
myrank = 225 P = 0 Q = 4
myrank = 586 P = 2 Q = 0
myrank = 102 P = 3 Q = 4
myrank = 757 P = 4 Q = 5
myrank = 504 P = 3 Q = 2
myrank = 174 P = 0 Q = 4
myrank = 189 P = 0 Q = 2
myrank = 210 P = 0 Q = 1
myrank = 480 P = 4 Q = 3
myrank = 403 P = 1 Q = 1
myrank = 346 P = 1 Q = 4
myrank = 224 P = 0 Q = 4
myrank = 338 P = 3 Q = 2
myrank = 243 P = 4 Q = 5
myrank = 248 P = 0 Q = 3
myrank = 344 P = 3 Q = 0
myrank = 746 P = 2 Q = 5
myrank = 305 P = 2 Q = 3
myrank = 511 P = 3 Q = 4
myrank = 402 P = 2 Q = 4
myrank = 255 P = 1 Q = 5
myrank = 30 P = 2 Q = 0
myrank = 554 P = 0 Q = 1
myrank = 462 P = 1 Q = 3
myrank = 140 P = 3 Q = 0
myrank = 588 P = 4 Q = 0
myrank = 347 P = 0 Q = 4
myrank = 749 P = 5 Q = 5
myrank = 762 P = 0 Q = 0
myrank = 463 P = 2 Q = 2
myrank = 108 P = 1 Q = 2
myrank = 336 P = 3 Q = 5
myrank = 751 P = 1 Q = 3
myrank = 435 P = 0 Q = 5
myrank = 172 P = 0 Q = 5
myrank = 29 P = 0 Q = 3
myrank = 358 P = 3 Q = 0
myrank = 227 P = 0 Q = 1
myrank = 233 P = 3 Q = 3
myrank = 505 P = 0 Q = 3
myrank = 591 P = 1 Q = 4
myrank = 114 P = 0 Q = 4
myrank = 242 P = 4 Q = 4
myrank = 441 P = 1 Q = 3
myrank = 350 P = 0 Q = 4
myrank = 487 P = 3 Q = 1
myrank = 479 P = 4 Q = 0
myrank = 508 P = 0 Q = 1
myrank = 307 P = 4 Q = 1
myrank = 400 P = 3 Q = 1
myrank = 241 P = 5 Q = 5
myrank = 443 P = 3 Q = 4
myrank = 112 P = 4 Q = 3
myrank = 251 P = 3 Q = 1
myrank = 434 P = 3 Q = 5
myrank = 356 P = 0 Q = 0
myrank = 485 P = 3 Q = 2
myrank = 484 P = 3 Q = 4
myrank = 483 P = 5 Q = 1
myrank = 337 P = 5 Q = 5
myrank = 298 P = 0 Q = 0
myrank = 509 P = 2 Q = 0
myrank = 349 P = 2 Q = 5
myrank = 763 P = 4 Q = 3
myrank = 436 P = 2 Q = 2
myrank = 142 P = 2 Q = 1
myrank = 478 P = 2 Q = 0
myrank = 765 P = 3 Q = 0
myrank = 143 P = 3 Q = 4
myrank = 758 P = 2 Q = 4
myrank = 442 P = 4 Q = 1
myrank = 401 P = 2 Q = 0
myrank = 760 P = 4 Q = 5
myrank = 752 P = 5 Q = 4
myrank = 754 P = 5 Q = 0
myrank = 440 P = 5 Q = 4
myrank = 231 P = 1 Q = 5
myrank = 226 P = 2 Q = 4
myrank = 482 P = 3 Q = 4
myrank = 253 P = 5 Q = 2
myrank = 503 P = 1 Q = 5
myrank = 460 P = 2 Q = 5
myrank = 383 P = 1 Q = 0
myrank = 304 P = 4 Q = 1
myrank = 240 P = 3 Q = 5
myrank = 380 P = 1 Q = 5
myrank = 268 P = 5 Q = 2
myrank = 254 P = 1 Q = 1
myrank = 100 P = 4 Q = 4
myrank = 101 P = 0 Q = 3
myrank = 230 P = 2 Q = 0
myrank = 761 P = 2 Q = 2
myrank = 590 P = 4 Q = 0
myrank = 461 P = 0 Q = 5
myrank = 750 P = 3 Q = 0
myrank = 603 P = 0 Q = 3
myrank = 502 P = 1 Q = 5
myrank = 271 P = 0 Q = 2
myrank = 764 P = 3 Q = 5
myrank = 755 P = 2 Q = 1
myrank = 275 P = 4 Q = 0
myrank = 766 P = 2 Q = 3
myrank = 753 P = 0 Q = 0
myrank = 382 P = 0 Q = 3
myrank = 269 P = 4 Q = 2
myrank = 206 P = 5 Q = 3
myrank = 348 P = 1 Q = 4
myrank = 600 P = 2 Q = 2
myrank = 510 P = 5 Q = 1
myrank = 306 P = 2 Q = 1
myrank = 270 P = 2 Q = 2
myrank = 205 P = 1 Q = 3
myrank = 272 P = 4 Q = 5
myrank = 501 P = 2 Q = 5
myrank = 229 P = 5 Q = 5
myrank = 273 P = 4 Q = 3
myrank = 399 P = 2 Q = 4
myrank = 204 P = 3 Q = 5
myrank = 476 P = 1 Q = 2
myrank = 289 P = 0 Q = 3
myrank = 237 P = 4 Q = 3
myrank = 398 P = 5 Q = 0
myrank = 577 P = 5 Q = 0
myrank = 406 P = 4 Q = 1
myrank = 407 P = 1 Q = 2
myrank = 748 P = 4 Q = 5
myrank = 576 P = 4 Q = 4
myrank = 397 P = 0 Q = 0
myrank = 447 P = 0 Q = 5
myrank = 467 P = 0 Q = 4
myrank = 239 P = 0 Q = 1
myrank = 236 P = 3 Q = 4
myrank = 274 P = 0 Q = 3
myrank = 238 P = 5 Q = 4
myrank = 444 P = 4 Q = 4
myrank = 445 P = 4 Q = 2
myrank = 141 P = 2 Q = 0
myrank = 500 P = 4 Q = 5
myrank = 291 P = 2 Q = 1
myrank = 396 P = 3 Q = 5
myrank = 466 P = 5 Q = 3
myrank = 767 P = 5 Q = 1
myrank = 109 P = 1 Q = 3
myrank = 446 P = 0 Q = 4
myrank = 285 P = 0 Q = 5
myrank = 381 P = 2 Q = 5
myrank = 579 P = 4 Q = 4
myrank = 404 P = 1 Q = 5
myrank = 290 P = 5 Q = 3
myrank = 471 P = 5 Q = 1
myrank = 405 P = 2 Q = 5
myrank = 288 P = 2 Q = 3
myrank = 303 P = 2 Q = 4
myrank = 287 P = 5 Q = 0
myrank = 284 P = 4 Q = 2
myrank = 464 P = 1 Q = 2
myrank = 578 P = 0 Q = 1
myrank = 430 P = 4 Q = 4
myrank = 286 P = 0 Q = 3
myrank = 465 P = 1 Q = 0
myrank = 468 P = 1 Q = 4
myrank = 301 P = 0 Q = 3
myrank = 300 P = 0 Q = 5
myrank = 470 P = 0 Q = 1
myrank = 302 P = 2 Q = 3
myrank = 429 P = 1 Q = 3
myrank = 115 P = 2 Q = 1
myrank = 457 P = 4 Q = 5
myrank = 103 P = 5 Q = 4
myrank = 469 P = 5 Q = 4
myrank = 111 P = 2 Q = 4
myrank = 107 P = 3 Q = 0
myrank = 573 P = 5 Q = 4
myrank = 477 P = 3 Q = 3
myrank = 481 P = 1 Q = 4
myrank = 557 P = 3 Q = 5
myrank = 561 P = 0 Q = 1
myrank = 553 P = 4 Q = 1
myrank = 549 P = 4 Q = 4
myrank = 409 P = 3 Q = 5
myrank = 550 P = 5 Q = 1
*******************************
dgemm_time	82.195831
conv_transfer_time	0.000000
conv_calculate_time	6833.211914
elastic_calculate_time	6833.260742
Allen_Cahn_nonlinear_time	6932.849121
Cahn_Hilliard_nonlinear_time	0.012160
trans_time	568.137756
trans_Memcpy_time	37.707542
trans_MPI_time	524.354492
trans_pack_time	0.448977
trans_enlarge_time	0.919554
trans_mu_time	0.448974
trans_unpack_time	3.706064
updateU_new_time	2.737866
runtime	7.596936
--------------------------------------------------!
***************dt=2.000000***************
***************flag=0***************
--------------------------------------------------!
time		0.000000
wall time	2.173974
*******************************
dgemm_time	81.031151
conv_transfer_time	0.000000
conv_calculate_time	3358.603027
elastic_calculate_time	3358.640625
Allen_Cahn_nonlinear_time	3458.913818
Cahn_Hilliard_nonlinear_time	0.012000
trans_time	42.055904
trans_Memcpy_time	19.199144
trans_MPI_time	17.264509
trans_pack_time	0.385294
trans_enlarge_time	0.670585
trans_mu_time	0.442413
trans_unpack_time	3.637581
updateU_new_time	2.725866
runtime	3.587259
--------------------------------------------------!
***************dt=2.000000***************
***************flag=0***************
--------------------------------------------------!
time		0.000000
wall time	9.784967
*******************************
dgemm_time	80.927628
conv_transfer_time	0.000000
conv_calculate_time	3357.646729
elastic_calculate_time	3357.685547
Allen_Cahn_nonlinear_time	3456.111328
Cahn_Hilliard_nonlinear_time	0.012320
trans_time	41.940132
trans_Memcpy_time	19.103621
trans_MPI_time	17.284351
trans_pack_time	0.375374
trans_enlarge_time	0.673785
trans_mu_time	0.450893
trans_unpack_time	3.596780
updateU_new_time	2.728106
runtime	3.588555
--------------------------------------------------!
***************dt=2.000000***************
***************flag=0***************
--------------------------------------------------!
time		0.000000
wall time	13.386303
*******************************
dgemm_time	81.035469
conv_transfer_time	0.000000
conv_calculate_time	3361.464355
elastic_calculate_time	3361.504395
Allen_Cahn_nonlinear_time	3461.454346
Cahn_Hilliard_nonlinear_time	0.011680
trans_time	41.442181
trans_Memcpy_time	19.117542
trans_MPI_time	16.792332
trans_pack_time	0.384814
trans_enlarge_time	0.678425
trans_mu_time	0.437293
trans_unpack_time	3.571819
updateU_new_time	2.727786
runtime	3.588335
--------------------------------------------------!
***************dt=2.000000***************
***************flag=0***************
--------------------------------------------------!
time		0.000000
wall time	16.988937
*******************************
dgemm_time	81.021545
conv_transfer_time	0.000000
conv_calculate_time	3357.651123
elastic_calculate_time	3357.691406
Allen_Cahn_nonlinear_time	3457.032471
Cahn_Hilliard_nonlinear_time	0.012160
trans_time	41.218662
trans_Memcpy_time	19.111300
trans_MPI_time	16.545282
trans_pack_time	0.373774
trans_enlarge_time	0.693305
trans_mu_time	0.448654
trans_unpack_time	3.579179
updateU_new_time	2.725386
runtime	3.584706
--------------------------------------------------!
***************dt=2.000000***************
***************flag=0***************
--------------------------------------------------!
time		0.000000
wall time	20.591303
*******************************
dgemm_time	80.936722
conv_transfer_time	0.000000
conv_calculate_time	3355.496338
elastic_calculate_time	3355.534912
Allen_Cahn_nonlinear_time	3456.650146
Cahn_Hilliard_nonlinear_time	0.012160
trans_time	41.375938
trans_Memcpy_time	19.141062
trans_MPI_time	16.699848
trans_pack_time	0.375214
trans_enlarge_time	0.675545
trans_mu_time	0.442093
trans_unpack_time	3.583019
updateU_new_time	2.732425
runtime	3.587863
--------------------------------------------------!
***************dt=2.000000***************
***************flag=0***************
--------------------------------------------------!
time		0.000000
wall time	24.190080
*******************************
dgemm_time	80.971245
conv_transfer_time	0.000000
conv_calculate_time	3358.408203
elastic_calculate_time	3358.448486
Allen_Cahn_nonlinear_time	3457.482422
Cahn_Hilliard_nonlinear_time	0.012000
trans_time	41.853104
trans_Memcpy_time	19.109537
trans_MPI_time	17.205782
trans_pack_time	0.373454
trans_enlarge_time	0.677944
trans_mu_time	0.437613
trans_unpack_time	3.590218
updateU_new_time	2.724903
runtime	3.586839
--------------------------------------------------!
***************dt=2.000000***************
***************flag=0***************
--------------------------------------------------!
time		0.000000
wall time	27.791973
*******************************
dgemm_time	81.017776
conv_transfer_time	0.000000
conv_calculate_time	3358.844727
elastic_calculate_time	3358.883301
Allen_Cahn_nonlinear_time	3459.146484
Cahn_Hilliard_nonlinear_time	0.011840
trans_time	41.648518
trans_Memcpy_time	19.096565
trans_MPI_time	17.018089
trans_pack_time	0.371694
trans_enlarge_time	0.661144
trans_mu_time	0.446413
trans_unpack_time	3.600777
updateU_new_time	2.726183
runtime	3.592293
--------------------------------------------------!
***************dt=2.000000***************
***************flag=0***************
--------------------------------------------------!
time		0.000000
wall time	31.392796
*******************************
dgemm_time	80.997589
conv_transfer_time	0.000000
conv_calculate_time	3356.834229
elastic_calculate_time	3356.873779
Allen_Cahn_nonlinear_time	3456.004150
Cahn_Hilliard_nonlinear_time	0.011680
trans_time	41.984585
trans_Memcpy_time	19.079597
trans_MPI_time	17.349773
trans_pack_time	0.381614
trans_enlarge_time	0.678585
trans_mu_time	0.437932
trans_unpack_time	3.579815
updateU_new_time	2.725542
runtime	3.588417
--------------------------------------------------!
***************dt=2.000000***************
***************flag=0***************
--------------------------------------------------!
time		0.000000
wall time	34.999153
*******************************
dgemm_time	81.009727
conv_transfer_time	0.000000
conv_calculate_time	3357.760986
elastic_calculate_time	3357.800781
Allen_Cahn_nonlinear_time	3455.983398
Cahn_Hilliard_nonlinear_time	0.011840
trans_time	41.852364
trans_Memcpy_time	19.016869
trans_MPI_time	17.301765
trans_pack_time	0.373133
trans_enlarge_time	0.686424
trans_mu_time	0.445773
trans_unpack_time	3.574213
updateU_new_time	2.726501
runtime	3.583179
--------------------------------------------------!
***************dt=2.000000***************
***************flag=0***************
--------------------------------------------------!
time		0.000000
wall time	38.601545
*******************************
dgemm_time	80.982986
conv_transfer_time	0.000000
conv_calculate_time	3356.079346
elastic_calculate_time	3356.116699
Allen_Cahn_nonlinear_time	3455.318359
Cahn_Hilliard_nonlinear_time	0.011840
trans_time	42.008492
trans_Memcpy_time	19.053986
trans_MPI_time	17.425928
trans_pack_time	0.374893
trans_enlarge_time	0.682104
trans_mu_time	0.441932
trans_unpack_time	3.575812
updateU_new_time	2.736741
runtime	3.588468
--------------------------------------------------!
***************dt=2.000000***************
***************flag=0***************
--------------------------------------------------!
time		0.000000
wall time	42.198749
*******************************
dgemm_time	80.968254
conv_transfer_time	0.000000
conv_calculate_time	3357.720459
elastic_calculate_time	3357.759277
Allen_Cahn_nonlinear_time	3456.928711
Cahn_Hilliard_nonlinear_time	0.012160
trans_time	41.198830
trans_Memcpy_time	19.047583
trans_MPI_time	16.611332
trans_pack_time	0.372173
trans_enlarge_time	0.686424
trans_mu_time	0.442733
trans_unpack_time	3.584612
updateU_new_time	2.726980
runtime	3.584616
--------------------------------------------------!
***************dt=2.000000***************
***************flag=0***************
--------------------------------------------------!
time		0.000000
wall time	45.801231
*******************************
dgemm_time	81.003815
conv_transfer_time	0.000000
conv_calculate_time	3358.041260
elastic_calculate_time	3358.080566
Allen_Cahn_nonlinear_time	3456.963135
Cahn_Hilliard_nonlinear_time	0.011840
trans_time	41.925049
trans_Memcpy_time	19.110781
trans_MPI_time	17.261112
trans_pack_time	0.373453
trans_enlarge_time	0.683064
trans_mu_time	0.440812
trans_unpack_time	3.594532
updateU_new_time	2.724213
runtime	3.588222
--------------------------------------------------!
***************dt=2.000000***************
***************flag=0***************
--------------------------------------------------!
time		0.000000
wall time	49.399868
*******************************
dgemm_time	81.002487
conv_transfer_time	0.000000
conv_calculate_time	3357.107178
elastic_calculate_time	3357.146973
Allen_Cahn_nonlinear_time	3455.958252
Cahn_Hilliard_nonlinear_time	0.012960
trans_time	41.873466
trans_Memcpy_time	19.041000
trans_MPI_time	17.315046
trans_pack_time	0.376806
trans_enlarge_time	0.670252
trans_mu_time	0.446566
trans_unpack_time	3.570307
updateU_new_time	2.726857
runtime	3.582001
--------------------------------------------------!
***************dt=2.000000***************
***************flag=0***************
--------------------------------------------------!
time		0.000000
wall time	53.002228
*******************************
dgemm_time	81.008621
conv_transfer_time	0.000000
conv_calculate_time	3357.464844
elastic_calculate_time	3357.504150
Allen_Cahn_nonlinear_time	3456.019531
Cahn_Hilliard_nonlinear_time	0.012160
trans_time	41.650093
trans_Memcpy_time	19.048626
trans_MPI_time	17.067204
trans_pack_time	0.372798
trans_enlarge_time	0.671354
trans_mu_time	0.449600
trans_unpack_time	3.575007
updateU_new_time	2.725828
runtime	3.583842
--------------------------------------------------!
***************dt=2.000000***************
***************flag=0***************
--------------------------------------------------!
time		0.000000
wall time	56.598206
*******************************
dgemm_time	80.950653
conv_transfer_time	0.000000
conv_calculate_time	3357.266357
elastic_calculate_time	3357.319824
Allen_Cahn_nonlinear_time	3455.157715
Cahn_Hilliard_nonlinear_time	0.012000
trans_time	42.014908
trans_Memcpy_time	19.042070
trans_MPI_time	17.410282
trans_pack_time	0.373108
trans_enlarge_time	0.697580
trans_mu_time	0.439028
trans_unpack_time	3.600196
updateU_new_time	2.745126
runtime	3.583596
--------------------------------------------------!
***************dt=2.000000***************
***************flag=0***************
--------------------------------------------------!
time		0.000000
wall time	60.196049
*******************************
dgemm_time	80.967697
conv_transfer_time	0.000000
conv_calculate_time	3361.466797
elastic_calculate_time	3361.506104
Allen_Cahn_nonlinear_time	3462.323730
Cahn_Hilliard_nonlinear_time	0.012000
trans_time	42.153965
trans_Memcpy_time	19.379387
trans_MPI_time	17.209269
trans_pack_time	0.377419
trans_enlarge_time	0.673403
trans_mu_time	0.439816
trans_unpack_time	3.575478
updateU_new_time	2.725455
runtime	3.592407
--------------------------------------------------!
***************dt=2.000000***************
***************flag=0***************
--------------------------------------------------!
time		0.000000
wall time	63.793745
*******************************
dgemm_time	80.980194
conv_transfer_time	0.000000
conv_calculate_time	3357.284912
elastic_calculate_time	3357.323242
Allen_Cahn_nonlinear_time	3458.352295
Cahn_Hilliard_nonlinear_time	0.012000
trans_time	42.031525
trans_Memcpy_time	19.065388
trans_MPI_time	17.411877
trans_pack_time	0.372781
trans_enlarge_time	0.688926
trans_mu_time	0.438861
trans_unpack_time	3.600289
updateU_new_time	2.727867
runtime	3.586873
--------------------------------------------------!
***************dt=2.000000***************
***************flag=0***************
--------------------------------------------------!
time		0.000000
wall time	67.400172
*******************************
dgemm_time	80.995529
conv_transfer_time	0.000000
conv_calculate_time	3359.110840
elastic_calculate_time	3359.149658
Allen_Cahn_nonlinear_time	3457.882080
Cahn_Hilliard_nonlinear_time	0.012000
trans_time	41.888203
trans_Memcpy_time	19.050747
trans_MPI_time	17.306353
trans_pack_time	0.371662
trans_enlarge_time	0.677569
trans_mu_time	0.451340
trans_unpack_time	3.576145
updateU_new_time	2.725317
runtime	3.588703
--------------------------------------------------!
***************dt=2.000000***************
***************flag=0***************
--------------------------------------------------!
time		0.000000
wall time	71.001074
*******************************
dgemm_time	80.948135
conv_transfer_time	0.000000
conv_calculate_time	3358.320312
elastic_calculate_time	3358.358398
Allen_Cahn_nonlinear_time	3456.770508
Cahn_Hilliard_nonlinear_time	0.011840
trans_time	41.949528
trans_Memcpy_time	19.047939
trans_MPI_time	17.375854
trans_pack_time	0.376304
trans_enlarge_time	0.672931
trans_mu_time	0.446702
trans_unpack_time	3.579518
updateU_new_time	2.725646
runtime	3.585159
--------------------------------------------------!
***************dt=2.000000***************
***************flag=0***************
--------------------------------------------------!
time		0.000000
wall time	74.603743
*******************************
dgemm_time	81.023262
conv_transfer_time	0.000000
conv_calculate_time	3359.539307
elastic_calculate_time	3359.579346
Allen_Cahn_nonlinear_time	3459.228516
Cahn_Hilliard_nonlinear_time	0.011840
trans_time	42.155312
trans_Memcpy_time	19.093763
trans_MPI_time	17.515749
trans_pack_time	0.371185
trans_enlarge_time	0.687335
trans_mu_time	0.446542
trans_unpack_time	3.587210
updateU_new_time	2.732694
runtime	3.587135
--------------------------------------------------!
***************dt=2.000000***************
***************flag=0***************
--------------------------------------------------!
time		0.000000
wall time	78.202920
*******************************
dgemm_time	81.004776
conv_transfer_time	0.000000
conv_calculate_time	3357.565918
elastic_calculate_time	3357.603516
Allen_Cahn_nonlinear_time	3456.279541
Cahn_Hilliard_nonlinear_time	0.012160
trans_time	41.481888
trans_Memcpy_time	19.012705
trans_MPI_time	16.932306
trans_pack_time	0.386065
trans_enlarge_time	0.677255
trans_mu_time	0.439987
trans_unpack_time	3.582262
updateU_new_time	2.728223
runtime	3.584620
--------------------------------------------------!
***************dt=2.000000***************
***************flag=0***************
--------------------------------------------------!
time		0.000000
wall time	81.804006
*******************************
dgemm_time	81.052353
conv_transfer_time	0.000000
conv_calculate_time	3358.213379
elastic_calculate_time	3358.253418
Allen_Cahn_nonlinear_time	3456.625244
Cahn_Hilliard_nonlinear_time	0.011680
trans_time	41.851597
trans_Memcpy_time	19.045719
trans_MPI_time	17.233463
trans_pack_time	0.377107
trans_enlarge_time	0.689417
trans_mu_time	0.441747
trans_unpack_time	3.607551
updateU_new_time	2.723910
runtime	3.584477
--------------------------------------------------!
***************dt=2.000000***************
***************flag=0***************
--------------------------------------------------!
time		0.000000
wall time	85.402597
*******************************
dgemm_time	81.029037
conv_transfer_time	0.000000
conv_calculate_time	3356.294678
elastic_calculate_time	3356.333984
Allen_Cahn_nonlinear_time	3455.723633
Cahn_Hilliard_nonlinear_time	0.011840
trans_time	41.910095
trans_Memcpy_time	18.984013
trans_MPI_time	17.423264
trans_pack_time	0.372948
trans_enlarge_time	0.664141
trans_mu_time	0.441588
trans_unpack_time	3.572042
updateU_new_time	2.725037
runtime	3.586327
--------------------------------------------------!
***************dt=2.000000***************
***************flag=0***************
--------------------------------------------------!
time		0.000000
wall time	89.001045
*******************************
dgemm_time	80.994507
conv_transfer_time	0.000000
conv_calculate_time	3356.925781
elastic_calculate_time	3356.964600
Allen_Cahn_nonlinear_time	3459.270996
Cahn_Hilliard_nonlinear_time	0.012160
trans_time	42.027977
trans_Memcpy_time	19.042618
trans_MPI_time	17.437067
trans_pack_time	0.370710
trans_enlarge_time	0.688621
trans_mu_time	0.441588
trans_unpack_time	3.593970
updateU_new_time	2.726163
runtime	3.587462
--------------------------------------------------!
***************dt=2.000000***************
***************flag=0***************
--------------------------------------------------!
time		0.000000
wall time	92.601358
*******************************
dgemm_time	81.012764
conv_transfer_time	0.000000
conv_calculate_time	3359.154053
elastic_calculate_time	3359.193115
Allen_Cahn_nonlinear_time	3457.125000
Cahn_Hilliard_nonlinear_time	0.012000
trans_time	41.828770
trans_Memcpy_time	19.104422
trans_MPI_time	17.162556
trans_pack_time	0.378870
trans_enlarge_time	0.692942
trans_mu_time	0.450708
trans_unpack_time	3.584059
updateU_new_time	2.726809
runtime	3.585403
--------------------------------------------------!
***************dt=2.000000***************
***************flag=0***************
--------------------------------------------------!
time		0.000000
wall time	96.202810
*******************************
dgemm_time	81.027809
conv_transfer_time	0.000000
conv_calculate_time	3357.895996
elastic_calculate_time	3357.935059
Allen_Cahn_nonlinear_time	3457.258301
Cahn_Hilliard_nonlinear_time	0.011840
trans_time	41.594238
trans_Memcpy_time	19.003666
trans_MPI_time	17.039078
trans_pack_time	0.399831
trans_enlarge_time	0.672945
trans_mu_time	0.439673
trans_unpack_time	3.583267
updateU_new_time	2.726335
runtime	3.584907
--------------------------------------------------!
***************dt=2.000000***************
***************flag=0***************
--------------------------------------------------!
time		0.000000
wall time	99.802188
*******************************
dgemm_time	80.990356
conv_transfer_time	0.000000
conv_calculate_time	3356.206055
elastic_calculate_time	3356.242676
Allen_Cahn_nonlinear_time	3457.367676
Cahn_Hilliard_nonlinear_time	0.012000
trans_time	41.972260
trans_Memcpy_time	19.061945
trans_MPI_time	17.341984
trans_pack_time	0.382072
trans_enlarge_time	0.672627
trans_mu_time	0.447033
trans_unpack_time	3.611433
updateU_new_time	2.724260
runtime	3.586493
--------------------------------------------------!
***************dt=2.000000***************
***************flag=0***************
--------------------------------------------------!
time		0.000000
wall time	103.401137
*******************************
dgemm_time	81.041229
conv_transfer_time	0.000000
conv_calculate_time	3357.088867
elastic_calculate_time	3357.127686
Allen_Cahn_nonlinear_time	3507.117920
Cahn_Hilliard_nonlinear_time	0.012160
trans_time	42.697426
trans_Memcpy_time	19.028860
trans_MPI_time	18.146318
trans_pack_time	0.374072
trans_enlarge_time	0.676628
trans_mu_time	0.442234
trans_unpack_time	3.574161
updateU_new_time	2.726185
runtime	3.645377
--------------------------------------------------!
***************dt=2.000000***************
***************flag=0***************
--------------------------------------------------!
time		0.000000
wall time	107.001596
*******************************
dgemm_time	81.009682
conv_transfer_time	0.000000
conv_calculate_time	3359.904297
elastic_calculate_time	3359.948975
Allen_Cahn_nonlinear_time	3458.056152
Cahn_Hilliard_nonlinear_time	0.012160
trans_time	40.723385
trans_Memcpy_time	19.052254
trans_MPI_time	16.143673
trans_pack_time	0.373913
trans_enlarge_time	0.683028
trans_mu_time	0.442874
trans_unpack_time	3.573528
updateU_new_time	2.726669
runtime	3.586267
--------------------------------------------------!
***************dt=2.000000***************
***************flag=0***************
--------------------------------------------------!
time		0.000000
wall time	110.660955
*******************************
dgemm_time	80.963097
conv_transfer_time	0.000000
conv_calculate_time	3358.397461
elastic_calculate_time	3358.436523
Allen_Cahn_nonlinear_time	3457.148438
Cahn_Hilliard_nonlinear_time	0.011680
trans_time	41.689453
trans_Memcpy_time	19.041246
trans_MPI_time	17.107201
trans_pack_time	0.378074
trans_enlarge_time	0.680628
trans_mu_time	0.443034
trans_unpack_time	3.584573
updateU_new_time	2.725074
runtime	3.590592
--------------------------------------------------!
***************dt=2.000000***************
***************flag=0***************
--------------------------------------------------!
time		0.000000
wall time	114.261251
*******************************
dgemm_time	80.997612
conv_transfer_time	0.000000
conv_calculate_time	3357.595947
elastic_calculate_time	3357.635742
Allen_Cahn_nonlinear_time	3517.594238
Cahn_Hilliard_nonlinear_time	0.012480
trans_time	42.023224
trans_Memcpy_time	19.011833
trans_MPI_time	17.461143
trans_pack_time	0.399674
trans_enlarge_time	0.685273
trans_mu_time	0.440794
trans_unpack_time	3.570019
updateU_new_time	2.726678
runtime	3.646137
--------------------------------------------------!
***************dt=2.000000***************
***************flag=0***************
--------------------------------------------------!
time		0.000000
wall time	117.865799
*******************************
dgemm_time	81.037247
conv_transfer_time	0.000000
conv_calculate_time	3376.316406
elastic_calculate_time	3376.358154
Allen_Cahn_nonlinear_time	3511.528076
Cahn_Hilliard_nonlinear_time	0.011680
trans_time	40.973713
trans_Memcpy_time	19.040985
trans_MPI_time	16.381025
trans_pack_time	0.380954
trans_enlarge_time	0.667833
trans_mu_time	0.450394
trans_unpack_time	3.597384
updateU_new_time	2.726682
runtime	3.638694
--------------------------------------------------!
***************dt=2.000000***************
***************flag=0***************
--------------------------------------------------!
time		0.000000
wall time	121.525926
*******************************
dgemm_time	81.030472
conv_transfer_time	0.000000
conv_calculate_time	3356.889160
elastic_calculate_time	3356.928467
Allen_Cahn_nonlinear_time	3457.237305
Cahn_Hilliard_nonlinear_time	0.011840
trans_time	41.997189
trans_Memcpy_time	19.041332
trans_MPI_time	17.367756
trans_pack_time	0.375676
trans_enlarge_time	0.681434
trans_mu_time	0.437434
trans_unpack_time	3.576910
updateU_new_time	2.725565
runtime	3.586194
--------------------------------------------------!
***************dt=2.000000***************
***************flag=0***************
--------------------------------------------------!
time		0.000000
wall time	125.178604
*******************************
dgemm_time	81.062737
conv_transfer_time	0.000000
conv_calculate_time	3356.076904
elastic_calculate_time	3356.113770
Allen_Cahn_nonlinear_time	3455.225830
Cahn_Hilliard_nonlinear_time	0.012000
trans_time	41.995201
trans_Memcpy_time	19.043282
trans_MPI_time	17.439938
trans_pack_time	0.375196
trans_enlarge_time	0.667994
trans_mu_time	0.449278
trans_unpack_time	3.566195
updateU_new_time	2.728449
runtime	3.590210
--------------------------------------------------!
***************dt=2.000000***************
***************flag=0***************
--------------------------------------------------!
time		0.000000
wall time	128.778742
*******************************
dgemm_time	81.041077
conv_transfer_time	0.000000
conv_calculate_time	3357.644775
elastic_calculate_time	3357.684082
Allen_Cahn_nonlinear_time	3457.829346
Cahn_Hilliard_nonlinear_time	0.011840
trans_time	41.442722
trans_Memcpy_time	19.034184
trans_MPI_time	16.874523
trans_pack_time	0.374876
trans_enlarge_time	0.679514
trans_mu_time	0.442400
trans_unpack_time	3.585239
updateU_new_time	2.725892
runtime	3.586818
--------------------------------------------------!
***************dt=2.000000***************
***************flag=0***************
--------------------------------------------------!
time		0.000000
wall time	132.382911
*******************************
dgemm_time	80.977173
conv_transfer_time	0.000000
conv_calculate_time	3358.147461
elastic_calculate_time	3358.187500
Allen_Cahn_nonlinear_time	3455.827393
Cahn_Hilliard_nonlinear_time	0.011840
trans_time	41.859596
trans_Memcpy_time	19.036283
trans_MPI_time	17.268303
trans_pack_time	0.390557
trans_enlarge_time	0.689274
trans_mu_time	0.440000
trans_unpack_time	3.578043
updateU_new_time	2.727175
runtime	3.585306
--------------------------------------------------!
***************dt=2.000000***************
***************flag=0***************
--------------------------------------------------!
time		0.000000
wall time	135.983678
*******************************
dgemm_time	81.015656
conv_transfer_time	0.000000
conv_calculate_time	3356.741699
elastic_calculate_time	3356.781738
Allen_Cahn_nonlinear_time	3456.395020
Cahn_Hilliard_nonlinear_time	0.012000
trans_time	41.320599
trans_Memcpy_time	19.289104
trans_MPI_time	16.389450
trans_pack_time	0.379678
trans_enlarge_time	0.687034
trans_mu_time	0.439200
trans_unpack_time	3.599167
updateU_new_time	2.726058
runtime	3.587199
--------------------------------------------------!
***************dt=2.000000***************
***************flag=0***************
--------------------------------------------------!
time		0.000000
wall time	139.583033
*******************************
dgemm_time	81.033501
conv_transfer_time	0.000000
conv_calculate_time	3357.141602
elastic_calculate_time	3357.180420
Allen_Cahn_nonlinear_time	3456.603760
Cahn_Hilliard_nonlinear_time	0.011840
trans_time	42.011158
trans_Memcpy_time	19.053448
trans_MPI_time	17.425940
trans_pack_time	0.375518
trans_enlarge_time	0.684159
trans_mu_time	0.448000
trans_unpack_time	3.568771
updateU_new_time	2.726701
runtime	3.584994
--------------------------------------------------!
***************dt=2.000000***************
***************flag=0***************
--------------------------------------------------!
time		0.000000
wall time	143.184232
*******************************
dgemm_time	81.008141
conv_transfer_time	0.000000
conv_calculate_time	3356.806152
elastic_calculate_time	3356.843262
Allen_Cahn_nonlinear_time	3455.631836
Cahn_Hilliard_nonlinear_time	0.012000
trans_time	41.492786
trans_Memcpy_time	19.052027
trans_MPI_time	16.917000
trans_pack_time	0.374078
trans_enlarge_time	0.677920
trans_mu_time	0.447520
trans_unpack_time	3.573095
updateU_new_time	2.737584
runtime	3.583466
--------------------------------------------------!
***************dt=2.000000***************
***************flag=0***************
--------------------------------------------------!
time		0.000000
wall time	146.783267
*******************************
dgemm_time	81.050781
conv_transfer_time	0.000000
conv_calculate_time	3356.097168
elastic_calculate_time	3356.147705
Allen_Cahn_nonlinear_time	3458.284668
Cahn_Hilliard_nonlinear_time	0.012160
trans_time	41.827435
trans_Memcpy_time	18.989006
trans_MPI_time	17.298775
trans_pack_time	0.376158
trans_enlarge_time	0.683360
trans_mu_time	0.437760
trans_unpack_time	3.590058
updateU_new_time	2.724786
runtime	3.588228
--------------------------------------------------!
***************dt=2.000000***************
***************flag=0***************
--------------------------------------------------!
time		0.000000
wall time	150.380703
*******************************
dgemm_time	81.010536
conv_transfer_time	0.000000
conv_calculate_time	3359.431152
elastic_calculate_time	3359.470459
Allen_Cahn_nonlinear_time	3531.895996
Cahn_Hilliard_nonlinear_time	0.012480
trans_time	41.473827
trans_Memcpy_time	19.045664
trans_MPI_time	16.868553
trans_pack_time	0.375679
trans_enlarge_time	0.667200
trans_mu_time	0.437440
trans_unpack_time	3.581422
updateU_new_time	2.725109
runtime	3.664970
--------------------------------------------------!
***************dt=2.000000***************
***************flag=0***************
--------------------------------------------------!
time		0.000000
wall time	153.982827
*******************************
dgemm_time	81.012360
conv_transfer_time	0.000000
conv_calculate_time	3405.321533
elastic_calculate_time	3405.364746
Allen_Cahn_nonlinear_time	3548.195801
Cahn_Hilliard_nonlinear_time	0.012000
trans_time	43.732864
trans_Memcpy_time	19.014160
trans_MPI_time	19.161518
trans_pack_time	0.382080
trans_enlarge_time	0.686080
trans_mu_time	0.439040
trans_unpack_time	3.599505
updateU_new_time	2.727191
runtime	3.677988
--------------------------------------------------!
***************dt=2.000000***************
***************flag=0***************
--------------------------------------------------!
time		0.000000
wall time	157.661776
*******************************
dgemm_time	81.056435
conv_transfer_time	0.000000
conv_calculate_time	3381.251709
elastic_calculate_time	3381.294678
Allen_Cahn_nonlinear_time	3549.957764
Cahn_Hilliard_nonlinear_time	0.012160
trans_time	41.956661
trans_Memcpy_time	19.040737
trans_MPI_time	17.371143
trans_pack_time	0.374240
trans_enlarge_time	0.686240
trans_mu_time	0.451520
trans_unpack_time	3.578868
updateU_new_time	2.727353
runtime	3.678682
--------------------------------------------------!
***************dt=2.000000***************
***************flag=0***************
--------------------------------------------------!
time		0.000000
wall time	161.353732
*******************************
dgemm_time	81.023056
conv_transfer_time	0.000000
conv_calculate_time	3356.144287
elastic_calculate_time	3356.182129
Allen_Cahn_nonlinear_time	3455.704590
Cahn_Hilliard_nonlinear_time	0.011840
trans_time	42.203804
trans_Memcpy_time	19.135794
trans_MPI_time	17.528116
trans_pack_time	0.376320
trans_enlarge_time	0.685600
trans_mu_time	0.436800
trans_unpack_time	3.587671
updateU_new_time	2.748316
runtime	3.586884
--------------------------------------------------!
***************dt=2.000000***************
***************flag=0***************
--------------------------------------------------!
time		0.000000
wall time	165.046414
*******************************
dgemm_time	81.039604
conv_transfer_time	0.000000
conv_calculate_time	3356.584961
elastic_calculate_time	3356.624268
Allen_Cahn_nonlinear_time	3678.448730
Cahn_Hilliard_nonlinear_time	0.012000
trans_time	42.078308
trans_Memcpy_time	19.035009
trans_MPI_time	17.506531
trans_pack_time	0.374560
trans_enlarge_time	0.677120
trans_mu_time	0.451840
trans_unpack_time	3.582714
updateU_new_time	2.724318
runtime	3.816381
--------------------------------------------------!
***************dt=2.000000***************
***************flag=0***************
--------------------------------------------------!
time		0.000000
wall time	168.647272
*******************************
dgemm_time	81.020470
conv_transfer_time	0.000000
conv_calculate_time	3439.048340
elastic_calculate_time	3439.087402
Allen_Cahn_nonlinear_time	3667.262695
Cahn_Hilliard_nonlinear_time	0.012000
trans_time	41.102352
trans_Memcpy_time	19.011665
trans_MPI_time	16.549427
trans_pack_time	0.373440
trans_enlarge_time	0.677440
trans_mu_time	0.441120
trans_unpack_time	3.594397
updateU_new_time	2.724480
runtime	3.811018
--------------------------------------------------!
***************dt=2.000000***************
***************flag=0***************
--------------------------------------------------!
time		0.000000
wall time	172.477589
*******************************
dgemm_time	81.033005
conv_transfer_time	0.000000
conv_calculate_time	3455.850098
elastic_calculate_time	3455.888184
Allen_Cahn_nonlinear_time	3685.411621
Cahn_Hilliard_nonlinear_time	0.011680
trans_time	40.457806
trans_Memcpy_time	19.026402
trans_MPI_time	15.885920
trans_pack_time	0.381920
trans_enlarge_time	0.685440
trans_mu_time	0.439200
trans_unpack_time	3.583360
updateU_new_time	2.727201
runtime	3.825114
--------------------------------------------------!
***************dt=2.000000***************
***************flag=0***************
--------------------------------------------------!
time		0.000000
wall time	176.302578
*******************************
dgemm_time	80.973709
conv_transfer_time	0.000000
conv_calculate_time	3454.175293
elastic_calculate_time	3454.230225
Allen_Cahn_nonlinear_time	3690.461182
Cahn_Hilliard_nonlinear_time	0.012000
trans_time	40.301685
trans_Memcpy_time	19.020649
trans_MPI_time	15.757768
trans_pack_time	0.374080
trans_enlarge_time	0.669760
trans_mu_time	0.448000
trans_unpack_time	3.577762
updateU_new_time	2.726723
runtime	3.830618
--------------------------------------------------!
***************dt=2.000000***************
***************flag=0***************
--------------------------------------------------!
time		0.000000
wall time	180.141690
*******************************
dgemm_time	80.966881
conv_transfer_time	0.000000
conv_calculate_time	3478.624268
elastic_calculate_time	3478.663574
Allen_Cahn_nonlinear_time	3696.554443
Cahn_Hilliard_nonlinear_time	0.012000
trans_time	42.566177
trans_Memcpy_time	19.100983
trans_MPI_time	17.882900
trans_pack_time	0.372320
trans_enlarge_time	0.677600
trans_mu_time	0.445600
trans_unpack_time	3.574564
updateU_new_time	2.753605
runtime	3.824835
--------------------------------------------------!
***************dt=2.000000***************
***************flag=0***************
--------------------------------------------------!
time		0.000000
wall time	183.986193
*******************************
dgemm_time	81.036697
conv_transfer_time	0.000000
conv_calculate_time	3355.831787
elastic_calculate_time	3355.871094
Allen_Cahn_nonlinear_time	3535.314209
Cahn_Hilliard_nonlinear_time	0.012000
trans_time	41.983326
trans_Memcpy_time	19.059397
trans_MPI_time	17.324673
trans_pack_time	0.384800
trans_enlarge_time	0.668320
trans_mu_time	0.449760
trans_unpack_time	3.588327
updateU_new_time	2.724167
runtime	3.682195
--------------------------------------------------!
***************dt=2.000000***************
***************flag=0***************
--------------------------------------------------!
time		0.000000
wall time	187.825008
*******************************
dgemm_time	81.040909
conv_transfer_time	0.000000
conv_calculate_time	3477.818604
elastic_calculate_time	3477.856689
Allen_Cahn_nonlinear_time	3722.205078
Cahn_Hilliard_nonlinear_time	0.011680
trans_time	40.341728
trans_Memcpy_time	19.224688
trans_MPI_time	15.572840
trans_pack_time	0.372800
trans_enlarge_time	0.678880
trans_mu_time	0.442560
trans_unpack_time	3.602569
updateU_new_time	2.726568
runtime	3.861963
--------------------------------------------------!
***************dt=2.000000***************
***************flag=0***************
--------------------------------------------------!
time		0.000000
wall time	191.507276
*******************************
dgemm_time	81.092796
conv_transfer_time	0.000000
conv_calculate_time	3477.901367
elastic_calculate_time	3477.941650
Allen_Cahn_nonlinear_time	3702.434326
Cahn_Hilliard_nonlinear_time	0.012160
trans_time	40.667664
trans_Memcpy_time	19.222939
trans_MPI_time	15.889971
trans_pack_time	0.376000
trans_enlarge_time	0.690080
trans_mu_time	0.448000
trans_unpack_time	3.591371
updateU_new_time	2.726090
runtime	3.831112
--------------------------------------------------!
***************dt=2.000000***************
***************flag=0***************
--------------------------------------------------!
time		0.000000
wall time	195.369380
*******************************
dgemm_time	81.057632
conv_transfer_time	0.000000
conv_calculate_time	3358.284668
elastic_calculate_time	3358.322021
Allen_Cahn_nonlinear_time	3476.413086
Cahn_Hilliard_nonlinear_time	0.011840
trans_time	41.761013
trans_Memcpy_time	19.205673
trans_MPI_time	17.025505
trans_pack_time	0.375520
trans_enlarge_time	0.681760
trans_mu_time	0.447040
trans_unpack_time	3.576973
updateU_new_time	2.728012
runtime	3.626323
--------------------------------------------------!
***************dt=2.000000***************
***************flag=0***************
--------------------------------------------------!
time		0.000000
wall time	199.200632
*******************************
dgemm_time	81.088081
conv_transfer_time	0.000000
conv_calculate_time	3384.385986
elastic_calculate_time	3384.425537
Allen_Cahn_nonlinear_time	3535.727295
Cahn_Hilliard_nonlinear_time	0.012160
trans_time	40.150139
trans_Memcpy_time	19.295443
trans_MPI_time	15.331747
trans_pack_time	0.374560
trans_enlarge_time	0.682080
trans_mu_time	0.438880
trans_unpack_time	3.578415
updateU_new_time	2.753933
runtime	3.678944
--------------------------------------------------!
***************dt=2.000000***************
***************flag=0***************
--------------------------------------------------!
time		0.000000
wall time	202.827031
*******************************
dgemm_time	81.103004
conv_transfer_time	0.000000
conv_calculate_time	3496.967773
elastic_calculate_time	3497.007568
Allen_Cahn_nonlinear_time	3752.928955
Cahn_Hilliard_nonlinear_time	0.011680
trans_time	43.287468
trans_Memcpy_time	19.201853
trans_MPI_time	18.523611
trans_pack_time	0.402721
trans_enlarge_time	0.676640
trans_mu_time	0.443840
trans_unpack_time	3.587217
updateU_new_time	2.724495
runtime	3.896005
--------------------------------------------------!
***************dt=2.000000***************
***************flag=0***************
--------------------------------------------------!
time		0.000000
wall time	206.506054
*******************************
dgemm_time	81.069458
conv_transfer_time	0.000000
conv_calculate_time	3448.670166
elastic_calculate_time	3448.721191
Allen_Cahn_nonlinear_time	3684.620605
Cahn_Hilliard_nonlinear_time	0.011680
trans_time	39.944424
trans_Memcpy_time	19.239622
trans_MPI_time	15.149523
trans_pack_time	0.371842
trans_enlarge_time	0.692480
trans_mu_time	0.445760
trans_unpack_time	3.594420
updateU_new_time	2.727216
runtime	3.830481
--------------------------------------------------!
***************dt=2.000000***************
***************flag=0***************
--------------------------------------------------!
time		0.000000
wall time	210.402182
*******************************
dgemm_time	81.011414
conv_transfer_time	0.000000
conv_calculate_time	3525.166504
elastic_calculate_time	3525.204834
Allen_Cahn_nonlinear_time	3688.078125
Cahn_Hilliard_nonlinear_time	0.011840
trans_time	40.698288
trans_Memcpy_time	19.251955
trans_MPI_time	15.892415
trans_pack_time	0.377282
trans_enlarge_time	0.672160
trans_mu_time	0.449120
trans_unpack_time	3.582741
updateU_new_time	2.726578
runtime	3.834631
--------------------------------------------------!
***************dt=2.000000***************
***************flag=0***************
--------------------------------------------------!
time		0.000000
wall time	214.232766
*******************************
dgemm_time	81.042496
conv_transfer_time	0.000000
conv_calculate_time	3403.581055
elastic_calculate_time	3403.620361
Allen_Cahn_nonlinear_time	3619.206055
Cahn_Hilliard_nonlinear_time	0.012000
trans_time	40.392029
trans_Memcpy_time	19.207964
trans_MPI_time	15.655462
trans_pack_time	0.372482
trans_enlarge_time	0.691680
trans_mu_time	0.440640
trans_unpack_time	3.576183
updateU_new_time	2.725139
runtime	3.745950
--------------------------------------------------!
***************dt=2.000000***************
***************flag=0***************
--------------------------------------------------!
time		0.000000
wall time	218.067474
*******************************
dgemm_time	81.062057
conv_transfer_time	0.000000
conv_calculate_time	3445.855225
elastic_calculate_time	3445.894775
Allen_Cahn_nonlinear_time	3743.772217
Cahn_Hilliard_nonlinear_time	0.011680
trans_time	42.172970
trans_Memcpy_time	19.239176
trans_MPI_time	17.401722
trans_pack_time	0.374402
trans_enlarge_time	0.676320
trans_mu_time	0.447360
trans_unpack_time	3.586265
updateU_new_time	2.745621
runtime	3.896579
--------------------------------------------------!
***************dt=2.000000***************
***************flag=0***************
--------------------------------------------------!
time		0.000000
wall time	221.813503
*******************************
dgemm_time	81.047859
conv_transfer_time	0.000000
conv_calculate_time	3553.415771
elastic_calculate_time	3553.463379
Allen_Cahn_nonlinear_time	3755.125732
Cahn_Hilliard_nonlinear_time	0.011840
trans_time	41.494698
trans_Memcpy_time	19.268623
trans_MPI_time	16.661407
trans_pack_time	0.401922
trans_enlarge_time	0.677281
trans_mu_time	0.439840
trans_unpack_time	3.598587
updateU_new_time	2.724342
runtime	3.882800
--------------------------------------------------!
***************dt=2.000000***************
***************flag=0***************
--------------------------------------------------!
time		0.000000
wall time	225.710154
*******************************
dgemm_time	81.082779
conv_transfer_time	0.000000
conv_calculate_time	3356.343994
elastic_calculate_time	3356.379639
Allen_Cahn_nonlinear_time	3555.648682
Cahn_Hilliard_nonlinear_time	0.012160
trans_time	42.003525
trans_Memcpy_time	19.234392
trans_MPI_time	17.226061
trans_pack_time	0.373122
trans_enlarge_time	0.684001
trans_mu_time	0.440000
trans_unpack_time	3.597629
updateU_new_time	2.728023
runtime	3.705905
--------------------------------------------------!
***************dt=2.000000***************
***************flag=0***************
--------------------------------------------------!
time		0.000000
wall time	229.593035
*******************************
dgemm_time	81.075455
conv_transfer_time	0.000000
conv_calculate_time	3517.050293
elastic_calculate_time	3517.087158
Allen_Cahn_nonlinear_time	3797.396973
Cahn_Hilliard_nonlinear_time	0.012000
trans_time	44.505444
trans_Memcpy_time	19.210724
trans_MPI_time	19.795691
trans_pack_time	0.374082
trans_enlarge_time	0.668641
trans_mu_time	0.442560
trans_unpack_time	3.566270
updateU_new_time	2.725624
runtime	3.947497
--------------------------------------------------!
***************dt=2.000000***************
***************flag=0***************
--------------------------------------------------!
time		0.000000
wall time	233.299019
*******************************
dgemm_time	81.089951
conv_transfer_time	0.000000
conv_calculate_time	3541.794434
elastic_calculate_time	3541.832275
Allen_Cahn_nonlinear_time	3831.563721
Cahn_Hilliard_nonlinear_time	0.011840
trans_time	40.900715
trans_Memcpy_time	19.244173
trans_MPI_time	16.114546
trans_pack_time	0.374562
trans_enlarge_time	0.689765
trans_mu_time	0.448800
trans_unpack_time	3.580832
updateU_new_time	2.728844
runtime	3.986407
--------------------------------------------------!
***************dt=2.000000***************
***************flag=0***************
--------------------------------------------------!
time		0.000000
wall time	237.246606
*******************************
dgemm_time	81.073013
conv_transfer_time	0.000000
conv_calculate_time	3508.958984
elastic_calculate_time	3508.998291
Allen_Cahn_nonlinear_time	3738.472168
Cahn_Hilliard_nonlinear_time	0.012160
trans_time	40.767883
trans_Memcpy_time	19.237431
trans_MPI_time	16.010658
trans_pack_time	0.372166
trans_enlarge_time	0.673767
trans_mu_time	0.448806
trans_unpack_time	3.576218
updateU_new_time	2.735255
runtime	3.866557
--------------------------------------------------!
***************dt=2.000000***************
***************flag=0***************
--------------------------------------------------!
time		0.000000
wall time	241.233095
*******************************
dgemm_time	81.125992
conv_transfer_time	0.000000
conv_calculate_time	3358.296387
elastic_calculate_time	3358.334961
Allen_Cahn_nonlinear_time	3459.632568
Cahn_Hilliard_nonlinear_time	0.011680
trans_time	41.955379
trans_Memcpy_time	19.260231
trans_MPI_time	17.101788
trans_pack_time	0.384648
trans_enlarge_time	0.675852
trans_mu_time	0.438566
trans_unpack_time	3.578313
updateU_new_time	2.725816
runtime	3.595889
--------------------------------------------------!
***************dt=2.000000***************
***************flag=0***************
--------------------------------------------------!
time		0.000000
wall time	245.099734
*******************************
dgemm_time	81.088257
conv_transfer_time	0.000000
conv_calculate_time	3359.599854
elastic_calculate_time	3359.638672
Allen_Cahn_nonlinear_time	3612.914795
Cahn_Hilliard_nonlinear_time	0.011840
trans_time	41.674252
trans_Memcpy_time	19.234314
trans_MPI_time	16.876347
trans_pack_time	0.372167
trans_enlarge_time	0.684812
trans_mu_time	0.447686
trans_unpack_time	3.605994
updateU_new_time	2.725657
runtime	3.770577
--------------------------------------------------!
***************dt=2.000000***************
***************flag=0***************
--------------------------------------------------!
time		0.000000
wall time	248.695706
*******************************
dgemm_time	81.075638
conv_transfer_time	0.000000
conv_calculate_time	3655.078125
elastic_calculate_time	3655.115479
Allen_Cahn_nonlinear_time	4014.305664
Cahn_Hilliard_nonlinear_time	0.012000
trans_time	50.481018
trans_Memcpy_time	19.218000
trans_MPI_time	25.723419
trans_pack_time	0.388167
trans_enlarge_time	0.683852
trans_mu_time	0.439206
trans_unpack_time	3.579915
updateU_new_time	2.725977
runtime	4.150641
--------------------------------------------------!
***************dt=2.000000***************
***************flag=0***************
--------------------------------------------------!
time		0.000000
wall time	252.466384
*******************************
dgemm_time	81.077896
conv_transfer_time	0.000000
conv_calculate_time	3356.687256
elastic_calculate_time	3356.724854
Allen_Cahn_nonlinear_time	3481.398926
Cahn_Hilliard_nonlinear_time	0.012160
trans_time	42.057884
trans_Memcpy_time	19.223927
trans_MPI_time	17.285807
trans_pack_time	0.373607
trans_enlarge_time	0.690892
trans_mu_time	0.452326
trans_unpack_time	3.575436
updateU_new_time	2.727418
runtime	3.630959
--------------------------------------------------!
***************dt=2.000000***************
***************flag=0***************
--------------------------------------------------!
time		0.000000
wall time	256.617108
*******************************
dgemm_time	81.113121
conv_transfer_time	0.000000
conv_calculate_time	3576.310303
elastic_calculate_time	3576.349121
Allen_Cahn_nonlinear_time	3854.212891
Cahn_Hilliard_nonlinear_time	0.011840
trans_time	41.753738
trans_Memcpy_time	19.244890
trans_MPI_time	17.008684
trans_pack_time	0.373288
trans_enlarge_time	0.672012
trans_mu_time	0.438886
trans_unpack_time	3.573036
updateU_new_time	2.733339
runtime	3.983232
--------------------------------------------------!
***************dt=2.000000***************
***************flag=0***************
--------------------------------------------------!
time		0.000000
wall time	260.248157
*******************************
dgemm_time	81.085464
conv_transfer_time	0.000000
conv_calculate_time	3359.015869
elastic_calculate_time	3359.053955
Allen_Cahn_nonlinear_time	3615.384277
Cahn_Hilliard_nonlinear_time	0.011680
trans_time	41.808239
trans_Memcpy_time	19.235617
trans_MPI_time	17.042450
trans_pack_time	0.375688
trans_enlarge_time	0.675212
trans_mu_time	0.440166
trans_unpack_time	3.586478
updateU_new_time	2.726139
runtime	3.760434
--------------------------------------------------!
***************dt=2.000000***************
***************flag=0***************
--------------------------------------------------!
time		0.000000
wall time	264.231468
*******************************
dgemm_time	81.074120
conv_transfer_time	0.000000
conv_calculate_time	3479.120117
elastic_calculate_time	3479.157227
Allen_Cahn_nonlinear_time	3735.914795
Cahn_Hilliard_nonlinear_time	0.012320
trans_time	40.631004
trans_Memcpy_time	19.219303
trans_MPI_time	15.840027
trans_pack_time	0.374888
trans_enlarge_time	0.686252
trans_mu_time	0.448646
trans_unpack_time	3.603279
updateU_new_time	2.723740
runtime	3.878469
--------------------------------------------------!
***************dt=2.000000***************
***************flag=0***************
--------------------------------------------------!
time		0.000000
wall time	267.992010
*******************************
dgemm_time	81.130943
conv_transfer_time	0.000000
conv_calculate_time	3521.671143
elastic_calculate_time	3521.709961
Allen_Cahn_nonlinear_time	3823.744385
Cahn_Hilliard_nonlinear_time	0.012000
trans_time	40.030338
trans_Memcpy_time	19.257223
trans_MPI_time	15.224175
trans_pack_time	0.382728
trans_enlarge_time	0.688492
trans_mu_time	0.441606
trans_unpack_time	3.586319
updateU_new_time	2.724221
runtime	3.975438
--------------------------------------------------!
***************dt=2.000000***************
***************flag=0***************
--------------------------------------------------!
time		0.000000
wall time	271.873752
*******************************
dgemm_time	81.066795
conv_transfer_time	0.000000
conv_calculate_time	3547.562256
elastic_calculate_time	3547.599365
Allen_Cahn_nonlinear_time	3927.810791
Cahn_Hilliard_nonlinear_time	0.011680
trans_time	40.772705
trans_Memcpy_time	19.237392
trans_MPI_time	16.004358
trans_pack_time	0.373928
trans_enlarge_time	0.677612
trans_mu_time	0.448326
trans_unpack_time	3.582800
updateU_new_time	2.725341
runtime	4.098516
--------------------------------------------------!
***************dt=2.000000***************
***************flag=0***************
--------------------------------------------------!
time		0.000000
wall time	275.849281
*******************************
dgemm_time	81.049210
conv_transfer_time	0.000000
conv_calculate_time	3561.884277
elastic_calculate_time	3561.922607
Allen_Cahn_nonlinear_time	3662.906250
Cahn_Hilliard_nonlinear_time	0.011840
trans_time	46.528595
trans_Memcpy_time	19.247635
trans_MPI_time	21.745453
trans_pack_time	0.374248
trans_enlarge_time	0.692013
trans_mu_time	0.438566
trans_unpack_time	3.582321
updateU_new_time	2.735902
runtime	3.797429
--------------------------------------------------!
***************dt=2.000000***************
***************flag=0***************
--------------------------------------------------!
time		0.000000
wall time	279.947891
*******************************
dgemm_time	81.050186
conv_transfer_time	0.000000
conv_calculate_time	3358.091064
elastic_calculate_time	3358.131592
Allen_Cahn_nonlinear_time	3457.114014
Cahn_Hilliard_nonlinear_time	0.011680
trans_time	41.865002
trans_Memcpy_time	19.388763
trans_MPI_time	16.949186
trans_pack_time	0.376008
trans_enlarge_time	0.673932
trans_mu_time	0.443526
trans_unpack_time	3.582162
updateU_new_time	2.727262
runtime	3.587895
--------------------------------------------------!
***************dt=2.000000***************
***************flag=0***************
--------------------------------------------------!
time		0.000000
wall time	283.745631
*******************************
dgemm_time	81.112282
conv_transfer_time	0.000000
conv_calculate_time	3401.578369
elastic_calculate_time	3401.615723
Allen_Cahn_nonlinear_time	3717.283203
Cahn_Hilliard_nonlinear_time	0.012160
trans_time	41.652931
trans_Memcpy_time	19.222683
trans_MPI_time	16.877666
trans_pack_time	0.372968
trans_enlarge_time	0.684012
trans_mu_time	0.440326
trans_unpack_time	3.603603
updateU_new_time	2.725983
runtime	3.893135
--------------------------------------------------!
***************dt=2.000000***************
***************flag=0***************
--------------------------------------------------!
time		0.000000
wall time	287.333612
*******************************
dgemm_time	81.073570
conv_transfer_time	0.000000
conv_calculate_time	3668.950928
elastic_calculate_time	3668.989990
Allen_Cahn_nonlinear_time	3854.790527
Cahn_Hilliard_nonlinear_time	0.012320
trans_time	43.687534
trans_Memcpy_time	19.252764
trans_MPI_time	18.897717
trans_pack_time	0.377928
trans_enlarge_time	0.685293
trans_mu_time	0.447206
trans_unpack_time	3.580083
updateU_new_time	2.726943
runtime	4.024579
--------------------------------------------------!
***************dt=2.000000***************
***************flag=0***************
--------------------------------------------------!
time		0.000000
wall time	291.226891
*******************************
dgemm_time	81.132469
conv_transfer_time	0.000000
conv_calculate_time	3762.482178
elastic_calculate_time	3762.519775
Allen_Cahn_nonlinear_time	4121.838379
Cahn_Hilliard_nonlinear_time	0.012000
trans_time	42.782131
trans_Memcpy_time	19.212288
trans_MPI_time	18.042500
trans_pack_time	0.373288
trans_enlarge_time	0.670733
trans_mu_time	0.450246
trans_unpack_time	3.584883
updateU_new_time	2.726624
runtime	4.258458
--------------------------------------------------!
***************dt=2.000000***************
***************flag=0***************
--------------------------------------------------!
time		0.000000
wall time	295.251549
*******************************
dgemm_time	81.077286
conv_transfer_time	0.000000
conv_calculate_time	3358.132812
elastic_calculate_time	3358.169678
Allen_Cahn_nonlinear_time	3456.965576
Cahn_Hilliard_nonlinear_time	0.012160
trans_time	41.982578
trans_Memcpy_time	19.225250
trans_MPI_time	17.207123
trans_pack_time	0.374568
trans_enlarge_time	0.691853
trans_mu_time	0.439526
trans_unpack_time	3.594964
updateU_new_time	2.738144
runtime	3.588099
--------------------------------------------------!
***************dt=2.000000***************
***************flag=0***************
--------------------------------------------------!
time		0.000000
wall time	299.510084
*******************************
dgemm_time	81.098572
conv_transfer_time	0.000000
conv_calculate_time	3357.898438
elastic_calculate_time	3357.934814
Allen_Cahn_nonlinear_time	3456.010986
Cahn_Hilliard_nonlinear_time	0.012320
trans_time	41.755508
trans_Memcpy_time	19.313576
trans_MPI_time	16.920719
trans_pack_time	0.372648
trans_enlarge_time	0.683373
trans_mu_time	0.442086
trans_unpack_time	3.568724
updateU_new_time	2.726465
runtime	3.583982
--------------------------------------------------!
***************dt=2.000000***************
***************flag=0***************
--------------------------------------------------!
time		0.000000
wall time	303.098265
*******************************
dgemm_time	81.108986
conv_transfer_time	0.000000
conv_calculate_time	3359.642334
elastic_calculate_time	3359.679199
Allen_Cahn_nonlinear_time	3456.497803
Cahn_Hilliard_nonlinear_time	0.011840
trans_time	42.270008
trans_Memcpy_time	19.249256
trans_MPI_time	17.491295
trans_pack_time	0.374568
trans_enlarge_time	0.674252
trans_mu_time	0.441126
trans_unpack_time	3.587445
updateU_new_time	2.727585
runtime	3.585546
--------------------------------------------------!
***************dt=2.000000***************
***************flag=0***************
--------------------------------------------------!
time		0.000000
wall time	306.682331
*******************************
dgemm_time	81.116516
conv_transfer_time	0.000000
conv_calculate_time	3358.198730
elastic_calculate_time	3358.236084
Allen_Cahn_nonlinear_time	3457.019287
Cahn_Hilliard_nonlinear_time	0.011840
trans_time	42.133053
trans_Memcpy_time	19.195177
trans_MPI_time	17.413536
trans_pack_time	0.372968
trans_enlarge_time	0.684813
trans_mu_time	0.448326
trans_unpack_time	3.568885
updateU_new_time	2.725505
runtime	3.585591
--------------------------------------------------!
***************dt=2.000000***************
***************flag=0***************
--------------------------------------------------!
time		0.000000
wall time	310.267947
*******************************
dgemm_time	81.109802
conv_transfer_time	0.000000
conv_calculate_time	3358.258301
elastic_calculate_time	3358.297363
Allen_Cahn_nonlinear_time	3456.304443
Cahn_Hilliard_nonlinear_time	0.011840
trans_time	41.761787
trans_Memcpy_time	19.261742
trans_MPI_time	16.965527
trans_pack_time	0.373448
trans_enlarge_time	0.681293
trans_mu_time	0.446087
trans_unpack_time	3.582966
updateU_new_time	2.727426
runtime	3.589158
--------------------------------------------------!
***************dt=2.000000***************
***************flag=0***************
--------------------------------------------------!
time		0.000000
wall time	313.853631
*******************************
dgemm_time	81.125175
conv_transfer_time	0.000000
conv_calculate_time	3358.933350
elastic_calculate_time	3358.969727
Allen_Cahn_nonlinear_time	3456.919434
Cahn_Hilliard_nonlinear_time	0.011680
trans_time	41.822533
trans_Memcpy_time	19.269426
trans_MPI_time	17.005692
trans_pack_time	0.373128
trans_enlarge_time	0.677293
trans_mu_time	0.450248
trans_unpack_time	3.593527
updateU_new_time	2.734626
runtime	3.584998
--------------------------------------------------!
***************dt=2.000000***************
***************flag=0***************
--------------------------------------------------!
time		0.000000
wall time	317.442869
*******************************
dgemm_time	81.101501
conv_transfer_time	0.000000
conv_calculate_time	3357.216064
elastic_calculate_time	3357.254639
Allen_Cahn_nonlinear_time	3455.548828
Cahn_Hilliard_nonlinear_time	0.012480
trans_time	41.907558
trans_Memcpy_time	19.254704
trans_MPI_time	17.111294
trans_pack_time	0.389289
trans_enlarge_time	0.682413
trans_mu_time	0.438246
trans_unpack_time	3.581687
updateU_new_time	2.727106
runtime	3.590098
--------------------------------------------------!
***************dt=2.000000***************
***************flag=0***************
--------------------------------------------------!
time		0.000000
wall time	321.028035
*******************************
dgemm_time	81.116554
conv_transfer_time	0.000000
conv_calculate_time	3359.321777
elastic_calculate_time	3359.361084
Allen_Cahn_nonlinear_time	3458.542725
Cahn_Hilliard_nonlinear_time	0.012000
trans_time	42.105789
trans_Memcpy_time	19.261908
trans_MPI_time	17.271782
trans_pack_time	0.376488
trans_enlarge_time	0.693453
trans_mu_time	0.440646
trans_unpack_time	3.610808
updateU_new_time	2.726947
runtime	3.588423
--------------------------------------------------!
***************dt=2.000000***************
***************flag=0***************
--------------------------------------------------!
time		0.000000
wall time	324.618209
*******************************
dgemm_time	81.092720
conv_transfer_time	0.000000
conv_calculate_time	3357.616699
elastic_calculate_time	3357.655273
Allen_Cahn_nonlinear_time	3456.845215
Cahn_Hilliard_nonlinear_time	0.011680
trans_time	41.631676
trans_Memcpy_time	19.262873
trans_MPI_time	16.864414
trans_pack_time	0.373128
trans_enlarge_time	0.669933
trans_mu_time	0.440167
trans_unpack_time	3.569207
updateU_new_time	2.727907
runtime	3.586299
--------------------------------------------------!
***************dt=2.000000***************
***************flag=0***************
--------------------------------------------------!
time		0.000000
wall time	328.206721
*******************************
dgemm_time	81.057533
conv_transfer_time	0.000000
conv_calculate_time	3358.277344
elastic_calculate_time	3358.315430
Allen_Cahn_nonlinear_time	3456.866943
Cahn_Hilliard_nonlinear_time	0.012160
trans_time	42.094791
trans_Memcpy_time	19.261274
trans_MPI_time	17.279785
trans_pack_time	0.375048
trans_enlarge_time	0.693134
trans_mu_time	0.441447
trans_unpack_time	3.593528
updateU_new_time	2.727267
runtime	3.585578
--------------------------------------------------!
***************dt=2.000000***************
***************flag=0***************
--------------------------------------------------!
time		0.000000
wall time	331.793091
*******************************
dgemm_time	81.090820
conv_transfer_time	0.000000
conv_calculate_time	3358.995361
elastic_calculate_time	3359.033691
Allen_Cahn_nonlinear_time	3457.020996
Cahn_Hilliard_nonlinear_time	0.011840
trans_time	42.340862
trans_Memcpy_time	19.239035
trans_MPI_time	17.560753
trans_pack_time	0.376168
trans_enlarge_time	0.678253
trans_mu_time	0.452008
trans_unpack_time	3.585209
updateU_new_time	2.727108
runtime	3.586813
--------------------------------------------------!
***************dt=2.000000***************
***************flag=0***************
--------------------------------------------------!
time		0.000000
wall time	335.378756
*******************************
dgemm_time	81.115791
conv_transfer_time	0.000000
conv_calculate_time	3360.130859
elastic_calculate_time	3360.169678
Allen_Cahn_nonlinear_time	3458.148926
Cahn_Hilliard_nonlinear_time	0.012000
trans_time	41.758930
trans_Memcpy_time	19.201275
trans_MPI_time	17.009542
trans_pack_time	0.398089
trans_enlarge_time	0.668813
trans_mu_time	0.439846
trans_unpack_time	3.588889
updateU_new_time	2.725348
runtime	3.586479
--------------------------------------------------!
***************dt=2.000000***************
***************flag=0***************
--------------------------------------------------!
time		0.000000
wall time	338.965654
*******************************
dgemm_time	81.136917
conv_transfer_time	0.000000
conv_calculate_time	3360.203369
elastic_calculate_time	3360.248047
Allen_Cahn_nonlinear_time	3460.961914
Cahn_Hilliard_nonlinear_time	0.012160
trans_time	42.011902
trans_Memcpy_time	19.203197
trans_MPI_time	17.252272
trans_pack_time	0.374888
trans_enlarge_time	0.675853
trans_mu_time	0.446887
trans_unpack_time	3.607130
updateU_new_time	2.727748
runtime	3.588995
--------------------------------------------------!
***************dt=2.000000***************
***************flag=0***************
--------------------------------------------------!
time		0.000000
wall time	342.552217
*******************************
dgemm_time	81.052444
conv_transfer_time	0.000000
conv_calculate_time	3358.134766
elastic_calculate_time	3358.174316
Allen_Cahn_nonlinear_time	3457.038086
Cahn_Hilliard_nonlinear_time	0.011840
trans_time	42.034428
trans_Memcpy_time	19.227680
trans_MPI_time	17.271315
trans_pack_time	0.373768
trans_enlarge_time	0.684813
trans_mu_time	0.439527
trans_unpack_time	3.586330
updateU_new_time	2.728228
runtime	3.586324
--------------------------------------------------!
***************dt=2.000000***************
***************flag=0***************
--------------------------------------------------!
time		0.000000
wall time	346.141288
*******************************
dgemm_time	81.108772
conv_transfer_time	0.000000
conv_calculate_time	3358.636719
elastic_calculate_time	3358.676758
Allen_Cahn_nonlinear_time	3457.012939
Cahn_Hilliard_nonlinear_time	0.011840
trans_time	41.844128
trans_Memcpy_time	19.253923
trans_MPI_time	17.063148
trans_pack_time	0.371528
trans_enlarge_time	0.673613
trans_mu_time	0.444647
trans_unpack_time	3.584250
updateU_new_time	2.728069
runtime	3.591280
--------------------------------------------------!
***************dt=2.000000***************
***************flag=0***************
--------------------------------------------------!
time		0.000000
wall time	349.727700
*******************************
dgemm_time	81.123657
conv_transfer_time	0.000000
conv_calculate_time	3359.301025
elastic_calculate_time	3359.338623
Allen_Cahn_nonlinear_time	3457.226562
Cahn_Hilliard_nonlinear_time	0.011840
trans_time	41.924980
trans_Memcpy_time	19.264645
trans_MPI_time	17.145714
trans_pack_time	0.375688
trans_enlarge_time	0.667533
trans_mu_time	0.440487
trans_unpack_time	3.582970
updateU_new_time	2.725989
runtime	3.588105
--------------------------------------------------!
***************dt=2.000000***************
***************flag=0***************
--------------------------------------------------!
time		0.000000
wall time	353.319064
*******************************
dgemm_time	81.090065
conv_transfer_time	0.000000
conv_calculate_time	3360.066406
elastic_calculate_time	3360.104492
Allen_Cahn_nonlinear_time	3458.114258
Cahn_Hilliard_nonlinear_time	0.012320
trans_time	40.951019
trans_Memcpy_time	19.227528
trans_MPI_time	16.171291
trans_pack_time	0.398889
trans_enlarge_time	0.676973
trans_mu_time	0.442247
trans_unpack_time	3.583131
updateU_new_time	2.726789
runtime	3.586508
--------------------------------------------------!
***************dt=2.000000***************
***************flag=0***************
--------------------------------------------------!
time		0.000000
wall time	356.907251
*******************************
dgemm_time	81.071671
conv_transfer_time	0.000000
conv_calculate_time	3357.127930
elastic_calculate_time	3357.191406
Allen_Cahn_nonlinear_time	3456.669434
Cahn_Hilliard_nonlinear_time	0.012000
trans_time	41.926640
trans_Memcpy_time	19.264008
trans_MPI_time	17.118835
trans_pack_time	0.377928
trans_enlarge_time	0.666573
trans_mu_time	0.447688
trans_unpack_time	3.602012
updateU_new_time	2.727749
runtime	3.590217
--------------------------------------------------!
***************dt=2.000000***************
***************flag=0***************
--------------------------------------------------!
time		0.000000
wall time	360.493858
*******************************
dgemm_time	81.080162
conv_transfer_time	0.000000
conv_calculate_time	3358.501953
elastic_calculate_time	3358.540283
Allen_Cahn_nonlinear_time	3456.728760
Cahn_Hilliard_nonlinear_time	0.011840
trans_time	42.170738
trans_Memcpy_time	19.243052
trans_MPI_time	17.278843
trans_pack_time	0.374089
trans_enlarge_time	0.680334
trans_mu_time	0.438247
trans_unpack_time	3.584731
updateU_new_time	2.727750
runtime	3.588830
--------------------------------------------------!
***************dt=2.000000***************
***************flag=0***************
--------------------------------------------------!
time		0.000000
wall time	364.084179
*******************************
dgemm_time	81.104324
conv_transfer_time	0.000000
conv_calculate_time	3359.522949
elastic_calculate_time	3359.561523
Allen_Cahn_nonlinear_time	3459.513428
Cahn_Hilliard_nonlinear_time	0.012160
trans_time	41.748180
trans_Memcpy_time	19.180330
trans_MPI_time	17.040438
trans_pack_time	0.377929
trans_enlarge_time	0.672333
trans_mu_time	0.444968
trans_unpack_time	3.581852
updateU_new_time	2.726950
runtime	3.588977
--------------------------------------------------!
***************dt=2.000000***************
***************flag=0***************
--------------------------------------------------!
time		0.000000
wall time	367.673103
*******************************
dgemm_time	81.094742
conv_transfer_time	0.000000
conv_calculate_time	3356.043457
elastic_calculate_time	3356.082275
Allen_Cahn_nonlinear_time	3456.813232
Cahn_Hilliard_nonlinear_time	0.012000
trans_time	41.996964
trans_Memcpy_time	19.169931
trans_MPI_time	17.284445
trans_pack_time	0.376329
trans_enlarge_time	0.691375
trans_mu_time	0.438887
trans_unpack_time	3.582972
updateU_new_time	2.727910
runtime	3.585841
--------------------------------------------------!
***************dt=2.000000***************
***************flag=0***************
--------------------------------------------------!
time		0.000000
wall time	371.262200
