running   on	512   processors
restart		0
nx,ny,nz	260	260	132
px,py,pz	8	8	8
nghost		2
output   dir	./output/output2/
data   dir	./data/
dt,t_total	2.000000,200.100000
ELASTIC		1
ANISOTROPIC		1
nac,nch		6,2
xmin,ymin,zmin	0.000000	0.000000	0.000000
xmax,ymax,zmax	2048.000000	2048.000000	1024.000000
checkpoint_,nchk,chk	1,1000,0
nout		10000
Approx		32
detect_iter		100000
Reading input.txt file:
myrank = 411 P = 5 Q = 3
myrank = 273 P = 5 Q = 1
myrank = 435 P = 1 Q = 2
myrank = 272 P = 0 Q = 1
myrank = 348 P = 2 Q = 4
myrank = 283 P = 0 Q = 4
myrank = 409 P = 1 Q = 4
myrank = 344 P = 3 Q = 0
myrank = 349 P = 4 Q = 2
myrank = 275 P = 0 Q = 0
myrank = 274 P = 0 Q = 1
myrank = 436 P = 1 Q = 4
myrank = 433 P = 2 Q = 2
myrank = 506 P = 4 Q = 3
myrank = 280 P = 4 Q = 4
myrank = 350 P = 2 Q = 4
myrank = 347 P = 5 Q = 2
myrank = 408 P = 2 Q = 4
myrank = 410 P = 4 Q = 0
myrank = 346 P = 2 Q = 0
myrank = 281 P = 0 Q = 2
myrank = 504 P = 2 Q = 1
myrank = 444 P = 2 Q = 1
myrank = 432 P = 1 Q = 0
myrank = 437 P = 0 Q = 1
myrank = 345 P = 0 Q = 2
myrank = 456 P = 2 Q = 1
myrank = 447 P = 4 Q = 4
myrank = 445 P = 4 Q = 2
myrank = 434 P = 2 Q = 4
myrank = 439 P = 4 Q = 3
myrank = 438 P = 0 Q = 1
myrank = 431 P = 2 Q = 3
myrank = 306 P = 3 Q = 3
myrank = 75 P = 1 Q = 3
myrank = 339 P = 1 Q = 2
myrank = 508 P = 4 Q = 3
myrank = 282 P = 1 Q = 1
myrank = 455 P = 2 Q = 2
myrank = 507 P = 2 Q = 3
myrank = 337 P = 5 Q = 5
myrank = 316 P = 4 Q = 0
myrank = 188 P = 3 Q = 4
myrank = 459 P = 2 Q = 3
myrank = 343 P = 1 Q = 0
myrank = 311 P = 5 Q = 5
myrank = 509 P = 4 Q = 2
myrank = 441 P = 3 Q = 5
myrank = 307 P = 0 Q = 2
myrank = 510 P = 0 Q = 0
myrank = 191 P = 5 Q = 5
myrank = 453 P = 0 Q = 5
myrank = 505 P = 1 Q = 4
myrank = 451 P = 3 Q = 5
myrank = 452 P = 2 Q = 3
myrank = 355 P = 3 Q = 2
myrank = 338 P = 5 Q = 4
myrank = 458 P = 4 Q = 0
myrank = 308 P = 2 Q = 0
myrank = 310 P = 3 Q = 1
myrank = 189 P = 0 Q = 0
myrank = 72 P = 5 Q = 1
myrank = 305 P = 1 Q = 3
myrank = 442 P = 2 Q = 0
myrank = 331 P = 0 Q = 1
myrank = 448 P = 1 Q = 1
myrank = 336 P = 1 Q = 3
myrank = 319 P = 0 Q = 5
myrank = 44 P = 0 Q = 4
myrank = 65 P = 4 Q = 0
myrank = 471 P = 4 Q = 5
myrank = 309 P = 3 Q = 2
myrank = 201 P = 0 Q = 2
myrank = 332 P = 3 Q = 1
myrank = 46 P = 5 Q = 0
myrank = 47 P = 2 Q = 2
myrank = 91 P = 4 Q = 3
myrank = 351 P = 4 Q = 4
myrank = 313 P = 1 Q = 4
myrank = 353 P = 1 Q = 3
myrank = 73 P = 2 Q = 3
myrank = 315 P = 5 Q = 0
myrank = 64 P = 1 Q = 3
myrank = 66 P = 3 Q = 0
myrank = 217 P = 2 Q = 0
myrank = 333 P = 0 Q = 0
myrank = 87 P = 1 Q = 2
myrank = 67 P = 0 Q = 2
myrank = 90 P = 4 Q = 1
myrank = 190 P = 5 Q = 0
myrank = 326 P = 4 Q = 0
myrank = 84 P = 5 Q = 3
myrank = 324 P = 2 Q = 3
myrank = 304 P = 1 Q = 3
myrank = 429 P = 0 Q = 3
myrank = 45 P = 0 Q = 3
myrank = 81 P = 2 Q = 1
myrank = 340 P = 4 Q = 4
myrank = 318 P = 4 Q = 5
myrank = 329 P = 0 Q = 2
myrank = 446 P = 2 Q = 1
myrank = 89 P = 3 Q = 5
myrank = 334 P = 2 Q = 0
myrank = 323 P = 0 Q = 0
myrank = 312 P = 2 Q = 4
myrank = 427 P = 0 Q = 4
myrank = 352 P = 4 Q = 0
myrank = 200 P = 3 Q = 3
myrank = 449 P = 4 Q = 3
myrank = 450 P = 3 Q = 0
myrank = 423 P = 1 Q = 2
myrank = 457 P = 1 Q = 4
myrank = 317 P = 1 Q = 2
myrank = 92 P = 0 Q = 4
myrank = 454 P = 0 Q = 1
myrank = 354 P = 3 Q = 0
myrank = 468 P = 5 Q = 0
myrank = 74 P = 4 Q = 0
myrank = 420 P = 5 Q = 3
myrank = 341 P = 0 Q = 1
myrank = 511 P = 3 Q = 5
myrank = 88 P = 1 Q = 1
myrank = 93 P = 3 Q = 0
myrank = 15 P = 2 Q = 0
myrank = 85 P = 2 Q = 2
myrank = 300 P = 2 Q = 1
myrank = 335 P = 5 Q = 0
myrank = 364 P = 1 Q = 0
myrank = 327 P = 1 Q = 2
myrank = 426 P = 1 Q = 4
myrank = 422 P = 1 Q = 3
myrank = 325 P = 2 Q = 3
myrank = 415 P = 3 Q = 2
myrank = 86 P = 5 Q = 5
myrank = 291 P = 1 Q = 2
myrank = 14 P = 2 Q = 1
myrank = 83 P = 0 Q = 0
myrank = 330 P = 4 Q = 1
myrank = 412 P = 1 Q = 0
myrank = 314 P = 4 Q = 0
myrank = 424 P = 3 Q = 3
myrank = 413 P = 1 Q = 5
myrank = 13 P = 1 Q = 4
myrank = 114 P = 0 Q = 0
myrank = 428 P = 0 Q = 1
myrank = 216 P = 5 Q = 4
myrank = 43 P = 4 Q = 3
myrank = 387 P = 4 Q = 5
myrank = 386 P = 2 Q = 4
myrank = 403 P = 3 Q = 5
myrank = 39 P = 1 Q = 5
myrank = 365 P = 4 Q = 2
myrank = 440 P = 3 Q = 3
myrank = 469 P = 2 Q = 0
myrank = 443 P = 5 Q = 5
myrank = 299 P = 2 Q = 2
myrank = 12 P = 5 Q = 4
myrank = 203 P = 2 Q = 5
myrank = 366 P = 3 Q = 3
myrank = 71 P = 5 Q = 1
myrank = 278 P = 4 Q = 0
myrank = 295 P = 4 Q = 3
myrank = 277 P = 2 Q = 0
myrank = 80 P = 3 Q = 1
myrank = 50 P = 2 Q = 1
myrank = 276 P = 5 Q = 3
myrank = 51 P = 1 Q = 2
myrank = 286 P = 2 Q = 3
myrank = 292 P = 1 Q = 1
myrank = 41 P = 3 Q = 2
myrank = 430 P = 2 Q = 3
myrank = 470 P = 1 Q = 0
myrank = 287 P = 5 Q = 5
myrank = 421 P = 2 Q = 3
myrank = 367 P = 0 Q = 2
myrank = 384 P = 1 Q = 3
myrank = 254 P = 5 Q = 1
myrank = 425 P = 0 Q = 5
myrank = 301 P = 1 Q = 5
myrank = 385 P = 5 Q = 2
myrank = 503 P = 2 Q = 5
myrank = 463 P = 3 Q = 2
myrank = 294 P = 0 Q = 4
myrank = 37 P = 5 Q = 2
myrank = 342 P = 3 Q = 1
myrank = 279 P = 1 Q = 5
myrank = 53 P = 1 Q = 3
myrank = 7 P = 1 Q = 0
myrank = 502 P = 0 Q = 4
myrank = 23 P = 5 Q = 1
myrank = 82 P = 5 Q = 1
myrank = 406 P = 0 Q = 4
myrank = 285 P = 3 Q = 3
myrank = 42 P = 4 Q = 1
myrank = 255 P = 4 Q = 4
myrank = 289 P = 2 Q = 2
myrank = 500 P = 2 Q = 3
myrank = 288 P = 1 Q = 3
myrank = 322 P = 3 Q = 4
myrank = 379 P = 0 Q = 4
myrank = 404 P = 2 Q = 3
myrank = 252 P = 2 Q = 4
myrank = 376 P = 2 Q = 1
myrank = 49 P = 5 Q = 2
myrank = 253 P = 4 Q = 5
myrank = 462 P = 3 Q = 3
myrank = 321 P = 2 Q = 1
myrank = 407 P = 5 Q = 2
myrank = 405 P = 0 Q = 2
myrank = 202 P = 0 Q = 5
myrank = 328 P = 5 Q = 4
myrank = 69 P = 3 Q = 5
myrank = 388 P = 1 Q = 1
myrank = 101 P = 4 Q = 0
myrank = 419 P = 5 Q = 1
myrank = 34 P = 2 Q = 1
myrank = 284 P = 3 Q = 4
myrank = 40 P = 1 Q = 4
myrank = 48 P = 3 Q = 5
myrank = 5 P = 4 Q = 0
myrank = 416 P = 3 Q = 1
myrank = 98 P = 2 Q = 4
myrank = 95 P = 5 Q = 2
myrank = 16 P = 4 Q = 3
myrank = 298 P = 5 Q = 0
myrank = 390 P = 3 Q = 4
myrank = 293 P = 0 Q = 1
myrank = 377 P = 3 Q = 5
myrank = 389 P = 0 Q = 4
myrank = 33 P = 3 Q = 3
myrank = 218 P = 1 Q = 3
myrank = 32 P = 3 Q = 4
myrank = 112 P = 1 Q = 3
myrank = 103 P = 1 Q = 3
myrank = 219 P = 2 Q = 0
myrank = 94 P = 5 Q = 3
myrank = 100 P = 4 Q = 4
myrank = 123 P = 5 Q = 0
myrank = 36 P = 2 Q = 0
myrank = 474 P = 4 Q = 1
myrank = 380 P = 3 Q = 1
myrank = 290 P = 5 Q = 4
myrank = 414 P = 0 Q = 3
myrank = 303 P = 4 Q = 4
myrank = 417 P = 2 Q = 4
myrank = 11 P = 2 Q = 2
myrank = 9 P = 3 Q = 2
myrank = 391 P = 1 Q = 3
myrank = 400 P = 1 Q = 3
myrank = 102 P = 3 Q = 3
myrank = 35 P = 0 Q = 0
myrank = 17 P = 1 Q = 0
myrank = 401 P = 4 Q = 0
myrank = 77 P = 4 Q = 2
myrank = 68 P = 1 Q = 1
myrank = 320 P = 3 Q = 4
myrank = 475 P = 3 Q = 4
myrank = 297 P = 3 Q = 2
myrank = 418 P = 3 Q = 1
myrank = 96 P = 3 Q = 5
myrank = 302 P = 2 Q = 1
myrank = 402 P = 3 Q = 3
myrank = 489 P = 3 Q = 5
myrank = 359 P = 5 Q = 2
myrank = 496 P = 1 Q = 1
myrank = 4 P = 4 Q = 4
myrank = 394 P = 2 Q = 3
myrank = 52 P = 4 Q = 1
myrank = 499 P = 3 Q = 5
myrank = 99 P = 4 Q = 2
myrank = 296 P = 3 Q = 0
myrank = 2 P = 2 Q = 4
myrank = 393 P = 3 Q = 2
myrank = 0 P = 3 Q = 2
myrank = 399 P = 1 Q = 1
myrank = 97 P = 2 Q = 5
myrank = 8 P = 3 Q = 3
myrank = 21 P = 5 Q = 2
myrank = 10 P = 3 Q = 5
myrank = 460 P = 4 Q = 0
myrank = 55 P = 1 Q = 0
myrank = 6 P = 0 Q = 3
myrank = 38 P = 2 Q = 5
myrank = 461 P = 1 Q = 2
myrank = 241 P = 2 Q = 5
myrank = 113 P = 1 Q = 3
myrank = 392 P = 3 Q = 3
myrank = 501 P = 0 Q = 5
myrank = 1 P = 2 Q = 2
myrank = 22 P = 0 Q = 1
myrank = 398 P = 5 Q = 1
myrank = 115 P = 3 Q = 5
myrank = 63 P = 5 Q = 0
myrank = 60 P = 2 Q = 4
myrank = 372 P = 5 Q = 0
myrank = 76 P = 3 Q = 0
myrank = 18 P = 3 Q = 3
myrank = 383 P = 5 Q = 0
myrank = 79 P = 0 Q = 5
myrank = 473 P = 1 Q = 2
myrank = 480 P = 4 Q = 0
myrank = 491 P = 5 Q = 5
myrank = 78 P = 1 Q = 1
myrank = 20 P = 4 Q = 4
myrank = 488 P = 0 Q = 3
myrank = 3 P = 1 Q = 5
myrank = 382 P = 2 Q = 3
myrank = 120 P = 5 Q = 4
myrank = 19 P = 3 Q = 2
myrank = 208 P = 4 Q = 0
myrank = 395 P = 2 Q = 2
myrank = 122 P = 4 Q = 0
myrank = 356 P = 2 Q = 3
myrank = 495 P = 1 Q = 1
myrank = 396 P = 2 Q = 4
myrank = 54 P = 0 Q = 0
myrank = 490 P = 2 Q = 3
myrank = 472 P = 3 Q = 3
myrank = 482 P = 4 Q = 2
myrank = 375 P = 1 Q = 2
myrank = 498 P = 3 Q = 3
myrank = 378 P = 1 Q = 4
myrank = 483 P = 4 Q = 5
myrank = 180 P = 2 Q = 3
myrank = 28 P = 5 Q = 2
myrank = 374 P = 1 Q = 3
myrank = 242 P = 5 Q = 4
myrank = 30 P = 4 Q = 4
myrank = 357 P = 0 Q = 5
myrank = 358 P = 3 Q = 1
myrank = 264 P = 5 Q = 1
myrank = 397 P = 4 Q = 5
myrank = 487 P = 1 Q = 3
myrank = 183 P = 1 Q = 2
myrank = 497 P = 1 Q = 0
myrank = 485 P = 0 Q = 4
myrank = 479 P = 5 Q = 3
myrank = 26 P = 4 Q = 0
myrank = 31 P = 0 Q = 5
myrank = 381 P = 0 Q = 0
myrank = 464 P = 0 Q = 1
myrank = 209 P = 4 Q = 3
myrank = 70 P = 0 Q = 1
myrank = 210 P = 0 Q = 0
myrank = 243 P = 1 Q = 2
myrank = 121 P = 2 Q = 3
myrank = 24 P = 2 Q = 1
myrank = 373 P = 5 Q = 3
myrank = 211 P = 3 Q = 2
myrank = 494 P = 5 Q = 1
myrank = 265 P = 2 Q = 0
myrank = 152 P = 3 Q = 0
myrank = 271 P = 3 Q = 5
myrank = 486 P = 0 Q = 1
myrank = 268 P = 4 Q = 0
myrank = 467 P = 5 Q = 4
myrank = 481 P = 2 Q = 2
myrank = 195 P = 4 Q = 5
myrank = 245 P = 0 Q = 1
myrank = 465 P = 2 Q = 2
myrank = 484 P = 4 Q = 1
myrank = 181 P = 5 Q = 2
myrank = 270 P = 4 Q = 5
myrank = 266 P = 1 Q = 3
myrank = 240 P = 4 Q = 0
myrank = 27 P = 4 Q = 0
myrank = 182 P = 4 Q = 3
myrank = 466 P = 0 Q = 4
myrank = 269 P = 4 Q = 5
myrank = 25 P = 5 Q = 3
myrank = 493 P = 1 Q = 5
myrank = 57 P = 3 Q = 2
myrank = 61 P = 1 Q = 5
myrank = 59 P = 2 Q = 5
myrank = 259 P = 0 Q = 5
myrank = 29 P = 4 Q = 5
myrank = 256 P = 1 Q = 0
myrank = 58 P = 3 Q = 5
myrank = 477 P = 5 Q = 1
myrank = 267 P = 5 Q = 3
myrank = 155 P = 5 Q = 2
myrank = 194 P = 2 Q = 1
myrank = 492 P = 5 Q = 4
myrank = 56 P = 0 Q = 0
myrank = 62 P = 5 Q = 1
myrank = 249 P = 0 Q = 5
myrank = 368 P = 0 Q = 4
myrank = 476 P = 3 Q = 4
myrank = 247 P = 4 Q = 3
myrank = 127 P = 0 Q = 2
myrank = 193 P = 5 Q = 5
myrank = 478 P = 5 Q = 3
myrank = 244 P = 4 Q = 4
myrank = 192 P = 1 Q = 0
myrank = 250 P = 5 Q = 0
myrank = 207 P = 2 Q = 3
myrank = 363 P = 2 Q = 0
myrank = 248 P = 3 Q = 0
myrank = 179 P = 0 Q = 0
myrank = 154 P = 3 Q = 2
myrank = 177 P = 2 Q = 1
myrank = 370 P = 0 Q = 4
myrank = 257 P = 4 Q = 0
myrank = 258 P = 3 Q = 3
myrank = 246 P = 3 Q = 4
myrank = 251 P = 5 Q = 5
myrank = 260 P = 1 Q = 5
myrank = 371 P = 0 Q = 3
myrank = 153 P = 3 Q = 5
myrank = 187 P = 0 Q = 1
myrank = 262 P = 3 Q = 1
myrank = 369 P = 5 Q = 4
myrank = 176 P = 3 Q = 4
myrank = 125 P = 4 Q = 2
myrank = 263 P = 5 Q = 5
myrank = 124 P = 4 Q = 0
myrank = 178 P = 2 Q = 1
myrank = 362 P = 1 Q = 3
myrank = 199 P = 4 Q = 3
myrank = 204 P = 5 Q = 4
myrank = 205 P = 1 Q = 5
myrank = 214 P = 3 Q = 1
myrank = 261 P = 3 Q = 5
myrank = 126 P = 4 Q = 1
myrank = 206 P = 2 Q = 4
myrank = 108 P = 2 Q = 4
myrank = 139 P = 0 Q = 4
myrank = 360 P = 5 Q = 1
myrank = 198 P = 3 Q = 0
myrank = 224 P = 0 Q = 1
myrank = 227 P = 0 Q = 3
myrank = 215 P = 2 Q = 1
myrank = 169 P = 2 Q = 0
myrank = 119 P = 5 Q = 1
myrank = 110 P = 2 Q = 4
myrank = 186 P = 1 Q = 1
myrank = 135 P = 1 Q = 5
myrank = 185 P = 0 Q = 2
myrank = 109 P = 4 Q = 5
myrank = 361 P = 4 Q = 4
myrank = 111 P = 5 Q = 0
myrank = 128 P = 0 Q = 1
myrank = 212 P = 1 Q = 2
myrank = 235 P = 3 Q = 4
myrank = 197 P = 3 Q = 4
myrank = 168 P = 2 Q = 4
myrank = 232 P = 4 Q = 4
myrank = 173 P = 4 Q = 2
myrank = 184 P = 4 Q = 1
myrank = 147 P = 4 Q = 2
myrank = 213 P = 3 Q = 2
myrank = 171 P = 2 Q = 0
myrank = 225 P = 2 Q = 1
myrank = 226 P = 5 Q = 4
myrank = 196 P = 4 Q = 4
myrank = 231 P = 1 Q = 2
myrank = 223 P = 3 Q = 2
myrank = 131 P = 3 Q = 0
myrank = 118 P = 0 Q = 4
myrank = 116 P = 4 Q = 1
myrank = 107 P = 2 Q = 5
myrank = 136 P = 4 Q = 4
myrank = 229 P = 5 Q = 0
myrank = 170 P = 1 Q = 3
myrank = 174 P = 1 Q = 4
myrank = 150 P = 3 Q = 0
myrank = 233 P = 0 Q = 5
myrank = 234 P = 4 Q = 1
myrank = 137 P = 0 Q = 2
myrank = 138 P = 4 Q = 4
myrank = 117 P = 3 Q = 2
myrank = 151 P = 1 Q = 3
myrank = 130 P = 2 Q = 4
myrank = 175 P = 3 Q = 5
myrank = 221 P = 1 Q = 5
myrank = 133 P = 5 Q = 5
myrank = 129 P = 2 Q = 4
myrank = 105 P = 0 Q = 2
myrank = 237 P = 0 Q = 0
myrank = 165 P = 0 Q = 5
myrank = 132 P = 2 Q = 0
myrank = 145 P = 5 Q = 5
myrank = 164 P = 4 Q = 5
myrank = 134 P = 1 Q = 3
myrank = 144 P = 3 Q = 5
myrank = 166 P = 0 Q = 1
myrank = 149 P = 4 Q = 3
myrank = 167 P = 2 Q = 1
myrank = 228 P = 5 Q = 0
myrank = 146 P = 5 Q = 4
myrank = 106 P = 0 Q = 5
myrank = 220 P = 1 Q = 0
myrank = 230 P = 4 Q = 3
myrank = 239 P = 2 Q = 2
myrank = 222 P = 1 Q = 1
myrank = 172 P = 4 Q = 3
myrank = 238 P = 5 Q = 3
myrank = 148 P = 4 Q = 1
myrank = 161 P = 4 Q = 3
myrank = 104 P = 0 Q = 3
myrank = 143 P = 5 Q = 5
myrank = 236 P = 3 Q = 1
myrank = 163 P = 3 Q = 2
myrank = 162 P = 0 Q = 0
myrank = 160 P = 4 Q = 0
myrank = 141 P = 0 Q = 3
myrank = 140 P = 3 Q = 1
myrank = 159 P = 2 Q = 0
myrank = 156 P = 2 Q = 4
myrank = 142 P = 2 Q = 0
myrank = 157 P = 4 Q = 2
myrank = 158 P = 2 Q = 4
*******************************
dgemm_time	82.227234
conv_transfer_time	0.000000
conv_calculate_time	6341.238770
elastic_calculate_time	6341.294434
Allen_Cahn_nonlinear_time	6441.270996
Cahn_Hilliard_nonlinear_time	0.016000
trans_time	183.024963
trans_Memcpy_time	36.509224
trans_MPI_time	140.300171
trans_pack_time	0.456167
trans_enlarge_time	0.917611
trans_mu_time	0.479686
trans_unpack_time	3.717339
updateU_new_time	2.738764
runtime	6.713768
--------------------------------------------------!
***************dt=2.000000***************
***************flag=0***************
--------------------------------------------------!
time		0.000000
wall time	2.120662
*******************************
dgemm_time	81.014900
conv_transfer_time	0.000000
conv_calculate_time	3358.023438
elastic_calculate_time	3358.064209
Allen_Cahn_nonlinear_time	3470.800781
Cahn_Hilliard_nonlinear_time	0.014720
trans_time	41.681248
trans_Memcpy_time	19.561913
trans_MPI_time	16.374344
trans_pack_time	0.390086
trans_enlarge_time	0.697448
trans_mu_time	0.466246
trans_unpack_time	3.644378
updateU_new_time	2.730284
runtime	3.598395
--------------------------------------------------!
***************dt=2.000000***************
***************flag=0***************
--------------------------------------------------!
time		0.000000
wall time	8.848661
*******************************
dgemm_time	81.026268
conv_transfer_time	0.000000
conv_calculate_time	3360.598389
elastic_calculate_time	3360.643311
Allen_Cahn_nonlinear_time	3469.986084
Cahn_Hilliard_nonlinear_time	0.014560
trans_time	41.271183
trans_Memcpy_time	19.479668
trans_MPI_time	16.076580
trans_pack_time	0.379846
trans_enlarge_time	0.699367
trans_mu_time	0.472646
trans_unpack_time	3.611418
updateU_new_time	2.735884
runtime	3.597466
--------------------------------------------------!
***************dt=2.000000***************
***************flag=0***************
--------------------------------------------------!
time		0.000000
wall time	12.461333
*******************************
dgemm_time	81.010902
conv_transfer_time	0.000000
conv_calculate_time	3352.527344
elastic_calculate_time	3352.572021
Allen_Cahn_nonlinear_time	3465.782715
Cahn_Hilliard_nonlinear_time	0.014720
trans_time	41.348576
trans_Memcpy_time	19.485432
trans_MPI_time	16.190660
trans_pack_time	0.384166
trans_enlarge_time	0.710408
trans_mu_time	0.462246
trans_unpack_time	3.578777
updateU_new_time	2.728844
runtime	3.593714
--------------------------------------------------!
***************dt=2.000000***************
***************flag=0***************
--------------------------------------------------!
time		0.000000
wall time	16.073153
*******************************
dgemm_time	80.981796
conv_transfer_time	0.000000
conv_calculate_time	3360.064209
elastic_calculate_time	3360.109863
Allen_Cahn_nonlinear_time	3471.534668
Cahn_Hilliard_nonlinear_time	0.014400
trans_time	40.762230
trans_Memcpy_time	19.480471
trans_MPI_time	15.579771
trans_pack_time	0.380646
trans_enlarge_time	0.723208
trans_mu_time	0.472486
trans_unpack_time	3.582137
updateU_new_time	2.729484
runtime	3.598321
--------------------------------------------------!
***************dt=2.000000***************
***************flag=0***************
--------------------------------------------------!
time		0.000000
wall time	19.681208
*******************************
dgemm_time	81.013466
conv_transfer_time	0.000000
conv_calculate_time	3355.234375
elastic_calculate_time	3355.281738
Allen_Cahn_nonlinear_time	3469.842285
Cahn_Hilliard_nonlinear_time	0.014720
trans_time	40.683037
trans_Memcpy_time	19.413431
trans_MPI_time	15.597211
trans_pack_time	0.380166
trans_enlarge_time	0.698407
trans_mu_time	0.468166
trans_unpack_time	3.575897
updateU_new_time	2.735884
runtime	3.596730
--------------------------------------------------!
***************dt=2.000000***************
***************flag=0***************
--------------------------------------------------!
time		0.000000
wall time	23.293706
*******************************
dgemm_time	81.012833
conv_transfer_time	0.000000
conv_calculate_time	3356.454834
elastic_calculate_time	3356.506836
Allen_Cahn_nonlinear_time	3468.832031
Cahn_Hilliard_nonlinear_time	0.014560
trans_time	40.856590
trans_Memcpy_time	19.461910
trans_MPI_time	15.721853
trans_pack_time	0.380326
trans_enlarge_time	0.694407
trans_mu_time	0.465766
trans_unpack_time	3.588538
updateU_new_time	2.729324
runtime	3.595802
--------------------------------------------------!
***************dt=2.000000***************
***************flag=0***************
--------------------------------------------------!
time		0.000000
wall time	26.904549
*******************************
dgemm_time	81.050110
conv_transfer_time	0.000000
conv_calculate_time	3354.534668
elastic_calculate_time	3354.580322
Allen_Cahn_nonlinear_time	3467.029785
Cahn_Hilliard_nonlinear_time	0.014720
trans_time	40.859413
trans_Memcpy_time	19.555355
trans_MPI_time	15.603452
trans_pack_time	0.378726
trans_enlarge_time	0.701127
trans_mu_time	0.470406
trans_unpack_time	3.600538
updateU_new_time	2.729164
runtime	3.594471
--------------------------------------------------!
***************dt=2.000000***************
***************flag=0***************
--------------------------------------------------!
time		0.000000
wall time	30.514749
*******************************
dgemm_time	80.990753
conv_transfer_time	0.000000
conv_calculate_time	3353.319580
elastic_calculate_time	3353.381104
Allen_Cahn_nonlinear_time	3466.010010
Cahn_Hilliard_nonlinear_time	0.014560
trans_time	40.931942
trans_Memcpy_time	19.427032
trans_MPI_time	15.815136
trans_pack_time	0.390086
trans_enlarge_time	0.717768
trans_mu_time	0.462406
trans_unpack_time	3.571897
updateU_new_time	2.728684
runtime	3.592822
--------------------------------------------------!
***************dt=2.000000***************
***************flag=0***************
--------------------------------------------------!
time		0.000000
wall time	34.123726
*******************************
dgemm_time	81.035065
conv_transfer_time	0.000000
conv_calculate_time	3357.663086
elastic_calculate_time	3357.709473
Allen_Cahn_nonlinear_time	3474.385254
Cahn_Hilliard_nonlinear_time	0.014240
trans_time	40.870361
trans_Memcpy_time	19.510395
trans_MPI_time	15.629372
trans_pack_time	0.378566
trans_enlarge_time	0.699207
trans_mu_time	0.470406
trans_unpack_time	3.585018
updateU_new_time	2.731084
runtime	3.602117
--------------------------------------------------!
***************dt=2.000000***************
***************flag=0***************
--------------------------------------------------!
time		0.000000
wall time	37.730676
*******************************
dgemm_time	81.068298
conv_transfer_time	0.000000
conv_calculate_time	3354.802002
elastic_calculate_time	3354.841553
Allen_Cahn_nonlinear_time	3469.780518
Cahn_Hilliard_nonlinear_time	0.012000
trans_time	41.213135
trans_Memcpy_time	19.484312
trans_MPI_time	16.038818
trans_pack_time	0.380326
trans_enlarge_time	0.709448
trans_mu_time	0.465606
trans_unpack_time	3.587897
updateU_new_time	2.738922
runtime	3.599482
--------------------------------------------------!
***************dt=2.000000***************
***************flag=0***************
--------------------------------------------------!
time		0.000000
wall time	41.347089
*******************************
dgemm_time	81.079300
conv_transfer_time	0.000000
conv_calculate_time	3356.569092
elastic_calculate_time	3356.606445
Allen_Cahn_nonlinear_time	3469.614746
Cahn_Hilliard_nonlinear_time	0.012160
trans_time	40.832943
trans_Memcpy_time	19.149734
trans_MPI_time	16.161369
trans_pack_time	0.373125
trans_enlarge_time	0.674566
trans_mu_time	0.444006
trans_unpack_time	3.579415
updateU_new_time	2.729161
runtime	3.602355
--------------------------------------------------!
***************dt=2.000000***************
***************flag=0***************
--------------------------------------------------!
time		0.000000
wall time	44.960547
*******************************
dgemm_time	81.033981
conv_transfer_time	0.000000
conv_calculate_time	3360.479248
elastic_calculate_time	3360.516602
Allen_Cahn_nonlinear_time	3468.596680
Cahn_Hilliard_nonlinear_time	0.012000
trans_time	41.286560
trans_Memcpy_time	19.157244
trans_MPI_time	16.590168
trans_pack_time	0.373284
trans_enlarge_time	0.677926
trans_mu_time	0.441126
trans_unpack_time	3.594773
updateU_new_time	2.728839
runtime	3.597467
--------------------------------------------------!
***************dt=2.000000***************
***************flag=0***************
--------------------------------------------------!
time		0.000000
wall time	48.577001
*******************************
dgemm_time	80.996986
conv_transfer_time	0.000000
conv_calculate_time	3354.436279
elastic_calculate_time	3354.473145
Allen_Cahn_nonlinear_time	3467.935059
Cahn_Hilliard_nonlinear_time	0.011840
trans_time	40.819855
trans_Memcpy_time	19.215475
trans_MPI_time	16.075272
trans_pack_time	0.375364
trans_enlarge_time	0.673766
trans_mu_time	0.446566
trans_unpack_time	3.586292
updateU_new_time	2.726758
runtime	3.594753
--------------------------------------------------!
***************dt=2.000000***************
***************flag=0***************
--------------------------------------------------!
time		0.000000
wall time	52.188396
*******************************
dgemm_time	80.997604
conv_transfer_time	0.000000
conv_calculate_time	3353.399414
elastic_calculate_time	3353.439453
Allen_Cahn_nonlinear_time	3465.634033
Cahn_Hilliard_nonlinear_time	0.012320
trans_time	41.382034
trans_Memcpy_time	19.130669
trans_MPI_time	16.711756
trans_pack_time	0.375364
trans_enlarge_time	0.670566
trans_mu_time	0.452166
trans_unpack_time	3.582930
updateU_new_time	2.728197
runtime	3.592611
--------------------------------------------------!
***************dt=2.000000***************
***************flag=0***************
--------------------------------------------------!
time		0.000000
wall time	55.797174
*******************************
dgemm_time	81.018692
conv_transfer_time	0.000000
conv_calculate_time	3359.207031
elastic_calculate_time	3359.245850
Allen_Cahn_nonlinear_time	3472.024902
Cahn_Hilliard_nonlinear_time	0.012000
trans_time	40.835564
trans_Memcpy_time	19.126341
trans_MPI_time	16.159582
trans_pack_time	0.372644
trans_enlarge_time	0.688646
trans_mu_time	0.444486
trans_unpack_time	3.590769
updateU_new_time	2.737957
runtime	3.598275
--------------------------------------------------!
***************dt=2.000000***************
***************flag=0***************
--------------------------------------------------!
time		0.000000
wall time	59.403720
*******************************
dgemm_time	81.036751
conv_transfer_time	0.000000
conv_calculate_time	3359.589111
elastic_calculate_time	3359.625732
Allen_Cahn_nonlinear_time	3472.182373
Cahn_Hilliard_nonlinear_time	0.012160
trans_time	41.027195
trans_Memcpy_time	19.102175
trans_MPI_time	16.396221
trans_pack_time	0.371684
trans_enlarge_time	0.676006
trans_mu_time	0.444486
trans_unpack_time	3.575088
updateU_new_time	2.728356
runtime	3.598820
--------------------------------------------------!
***************dt=2.000000***************
***************flag=0***************
--------------------------------------------------!
time		0.000000
wall time	63.016060
*******************************
dgemm_time	81.013527
conv_transfer_time	0.000000
conv_calculate_time	3354.716064
elastic_calculate_time	3354.753418
Allen_Cahn_nonlinear_time	3466.575684
Cahn_Hilliard_nonlinear_time	0.011840
trans_time	40.955563
trans_Memcpy_time	19.184570
trans_MPI_time	16.208374
trans_pack_time	0.373924
trans_enlarge_time	0.682886
trans_mu_time	0.445602
trans_unpack_time	3.603247
updateU_new_time	2.728835
runtime	3.593641
--------------------------------------------------!
***************dt=2.000000***************
***************flag=0***************
--------------------------------------------------!
time		0.000000
wall time	66.629145
*******************************
dgemm_time	81.054794
conv_transfer_time	0.000000
conv_calculate_time	3353.151123
elastic_calculate_time	3353.188965
Allen_Cahn_nonlinear_time	3465.746338
Cahn_Hilliard_nonlinear_time	0.012160
trans_time	40.764500
trans_Memcpy_time	19.138006
trans_MPI_time	16.076527
trans_pack_time	0.372964
trans_enlarge_time	0.680166
trans_mu_time	0.450722
trans_unpack_time	3.589006
updateU_new_time	2.723554
runtime	3.592915
--------------------------------------------------!
***************dt=2.000000***************
***************flag=0***************
--------------------------------------------------!
time		0.000000
wall time	70.236779
*******************************
dgemm_time	81.027573
conv_transfer_time	0.000000
conv_calculate_time	3358.196289
elastic_calculate_time	3358.234131
Allen_Cahn_nonlinear_time	3471.557129
Cahn_Hilliard_nonlinear_time	0.011840
trans_time	40.909420
trans_Memcpy_time	19.114481
trans_MPI_time	16.277008
trans_pack_time	0.374884
trans_enlarge_time	0.665766
trans_mu_time	0.444481
trans_unpack_time	3.577485
updateU_new_time	2.727714
runtime	3.601213
--------------------------------------------------!
***************dt=2.000000***************
***************flag=0***************
--------------------------------------------------!
time		0.000000
wall time	73.844103
*******************************
dgemm_time	81.012512
conv_transfer_time	0.000000
conv_calculate_time	3355.495605
elastic_calculate_time	3355.533203
Allen_Cahn_nonlinear_time	3467.422607
Cahn_Hilliard_nonlinear_time	0.012000
trans_time	45.665653
trans_Memcpy_time	19.104717
trans_MPI_time	21.012901
trans_pack_time	0.372964
trans_enlarge_time	0.678086
trans_mu_time	0.448962
trans_unpack_time	3.588844
updateU_new_time	2.733473
runtime	3.600277
--------------------------------------------------!
***************dt=2.000000***************
***************flag=0***************
--------------------------------------------------!
time		0.000000
wall time	77.459303
*******************************
dgemm_time	81.031380
conv_transfer_time	0.000000
conv_calculate_time	3354.643311
elastic_calculate_time	3354.681396
Allen_Cahn_nonlinear_time	3465.354736
Cahn_Hilliard_nonlinear_time	0.011840
trans_time	41.436790
trans_Memcpy_time	19.155115
trans_MPI_time	16.726126
trans_pack_time	0.382404
trans_enlarge_time	0.673766
trans_mu_time	0.441281
trans_unpack_time	3.603564
updateU_new_time	2.726273
runtime	3.593171
--------------------------------------------------!
***************dt=2.000000***************
***************flag=0***************
--------------------------------------------------!
time		0.000000
wall time	81.073897
*******************************
dgemm_time	81.011696
conv_transfer_time	0.000000
conv_calculate_time	3356.687012
elastic_calculate_time	3356.742188
Allen_Cahn_nonlinear_time	3468.570557
Cahn_Hilliard_nonlinear_time	0.012000
trans_time	40.617386
trans_Memcpy_time	19.094469
trans_MPI_time	15.956192
trans_pack_time	0.373604
trans_enlarge_time	0.692006
trans_mu_time	0.440161
trans_unpack_time	3.604843
updateU_new_time	2.726272
runtime	3.594743
--------------------------------------------------!
***************dt=2.000000***************
***************flag=0***************
--------------------------------------------------!
time		0.000000
wall time	84.681080
*******************************
dgemm_time	81.018402
conv_transfer_time	0.000000
conv_calculate_time	3358.004639
elastic_calculate_time	3358.042969
Allen_Cahn_nonlinear_time	3469.115479
Cahn_Hilliard_nonlinear_time	0.011680
trans_time	40.815262
trans_Memcpy_time	19.170149
trans_MPI_time	16.082592
trans_pack_time	0.374084
trans_enlarge_time	0.675686
trans_mu_time	0.444161
trans_unpack_time	3.570442
updateU_new_time	2.728672
runtime	3.595840
--------------------------------------------------!
***************dt=2.000000***************
***************flag=0***************
--------------------------------------------------!
time		0.000000
wall time	88.289865
*******************************
dgemm_time	81.056946
conv_transfer_time	0.000000
conv_calculate_time	3357.150635
elastic_calculate_time	3357.189941
Allen_Cahn_nonlinear_time	3473.449463
Cahn_Hilliard_nonlinear_time	0.012000
trans_time	40.802124
trans_Memcpy_time	19.129665
trans_MPI_time	16.119709
trans_pack_time	0.375524
trans_enlarge_time	0.690086
trans_mu_time	0.440960
trans_unpack_time	3.588202
updateU_new_time	2.724831
runtime	3.602476
--------------------------------------------------!
***************dt=2.000000***************
***************flag=0***************
--------------------------------------------------!
time		0.000000
wall time	91.899759
*******************************
dgemm_time	81.041901
conv_transfer_time	0.000000
conv_calculate_time	3354.446533
elastic_calculate_time	3354.483643
Allen_Cahn_nonlinear_time	3469.568604
Cahn_Hilliard_nonlinear_time	0.012640
trans_time	40.850227
trans_Memcpy_time	19.143421
trans_MPI_time	16.161949
trans_pack_time	0.374564
trans_enlarge_time	0.669926
trans_mu_time	0.453280
trans_unpack_time	3.594602
updateU_new_time	2.725951
runtime	3.596459
--------------------------------------------------!
***************dt=2.000000***************
***************flag=0***************
--------------------------------------------------!
time		0.000000
wall time	95.516317
*******************************
dgemm_time	81.001083
conv_transfer_time	0.000000
conv_calculate_time	3355.904053
elastic_calculate_time	3355.943604
Allen_Cahn_nonlinear_time	3467.335938
Cahn_Hilliard_nonlinear_time	0.011840
trans_time	41.180725
trans_Memcpy_time	19.141979
trans_MPI_time	16.473949
trans_pack_time	0.399204
trans_enlarge_time	0.673926
trans_mu_time	0.444800
trans_unpack_time	3.586921
updateU_new_time	2.728351
runtime	3.594701
--------------------------------------------------!
***************dt=2.000000***************
***************flag=0***************
--------------------------------------------------!
time		0.000000
wall time	99.126921
*******************************
dgemm_time	81.051476
conv_transfer_time	0.000000
conv_calculate_time	3360.549805
elastic_calculate_time	3360.587646
Allen_Cahn_nonlinear_time	3471.027344
Cahn_Hilliard_nonlinear_time	0.011680
trans_time	41.048080
trans_Memcpy_time	19.161335
trans_MPI_time	16.327545
trans_pack_time	0.373924
trans_enlarge_time	0.664966
trans_mu_time	0.449280
trans_unpack_time	3.613641
updateU_new_time	2.726910
runtime	3.607400
--------------------------------------------------!
***************dt=2.000000***************
***************flag=0***************
--------------------------------------------------!
time		0.000000
wall time	102.735631
*******************************
dgemm_time	81.008270
conv_transfer_time	0.000000
conv_calculate_time	3355.511475
elastic_calculate_time	3355.548096
Allen_Cahn_nonlinear_time	3471.216309
Cahn_Hilliard_nonlinear_time	0.012640
trans_time	41.579700
trans_Memcpy_time	19.103575
trans_MPI_time	16.948191
trans_pack_time	0.372644
trans_enlarge_time	0.685126
trans_mu_time	0.440640
trans_unpack_time	3.574280
updateU_new_time	2.727230
runtime	3.603871
--------------------------------------------------!
***************dt=2.000000***************
***************flag=0***************
--------------------------------------------------!
time		0.000000
wall time	106.357280
*******************************
dgemm_time	80.995941
conv_transfer_time	0.000000
conv_calculate_time	3354.699219
elastic_calculate_time	3354.734863
Allen_Cahn_nonlinear_time	3469.289307
Cahn_Hilliard_nonlinear_time	0.012000
trans_time	42.053913
trans_Memcpy_time	19.137653
trans_MPI_time	17.355713
trans_pack_time	0.373604
trans_enlarge_time	0.691686
trans_mu_time	0.443040
trans_unpack_time	3.596360
updateU_new_time	2.728670
runtime	3.597330
--------------------------------------------------!
***************dt=2.000000***************
***************flag=0***************
--------------------------------------------------!
time		0.000000
wall time	109.975623
*******************************
dgemm_time	81.063026
conv_transfer_time	0.000000
conv_calculate_time	3355.102783
elastic_calculate_time	3355.142090
Allen_Cahn_nonlinear_time	3469.344238
Cahn_Hilliard_nonlinear_time	0.012000
trans_time	40.039619
trans_Memcpy_time	19.106453
trans_MPI_time	15.394411
trans_pack_time	0.373124
trans_enlarge_time	0.684006
trans_mu_time	0.441120
trans_unpack_time	3.588040
updateU_new_time	2.727866
runtime	3.594986
--------------------------------------------------!
***************dt=2.000000***************
***************flag=0***************
--------------------------------------------------!
time		0.000000
wall time	113.586895
*******************************
dgemm_time	81.029861
conv_transfer_time	0.000000
conv_calculate_time	3356.288574
elastic_calculate_time	3356.328125
Allen_Cahn_nonlinear_time	3469.347656
Cahn_Hilliard_nonlinear_time	0.011680
trans_time	40.666096
trans_Memcpy_time	19.143698
trans_MPI_time	15.976790
trans_pack_time	0.396163
trans_enlarge_time	0.667846
trans_mu_time	0.443040
trans_unpack_time	3.585313
updateU_new_time	2.727188
runtime	3.594680
--------------------------------------------------!
***************dt=2.000000***************
***************flag=0***************
--------------------------------------------------!
time		0.000000
wall time	117.196209
*******************************
dgemm_time	81.002670
conv_transfer_time	0.000000
conv_calculate_time	3354.080322
elastic_calculate_time	3354.118896
Allen_Cahn_nonlinear_time	3465.891846
Cahn_Hilliard_nonlinear_time	0.012000
trans_time	40.693848
trans_Memcpy_time	19.151588
trans_MPI_time	15.941202
trans_pack_time	0.387360
trans_enlarge_time	0.665280
trans_mu_time	0.449760
trans_unpack_time	3.600142
updateU_new_time	2.726190
runtime	3.590910
--------------------------------------------------!
***************dt=2.000000***************
***************flag=0***************
--------------------------------------------------!
time		0.000000
wall time	120.804874
*******************************
dgemm_time	81.064850
conv_transfer_time	0.000000
conv_calculate_time	3353.635254
elastic_calculate_time	3353.672363
Allen_Cahn_nonlinear_time	3467.356445
Cahn_Hilliard_nonlinear_time	0.012160
trans_time	40.913189
trans_Memcpy_time	19.118687
trans_MPI_time	16.274899
trans_pack_time	0.374554
trans_enlarge_time	0.690708
trans_mu_time	0.437914
trans_unpack_time	3.562974
updateU_new_time	2.723783
runtime	3.596217
--------------------------------------------------!
***************dt=2.000000***************
***************flag=0***************
--------------------------------------------------!
time		0.000000
wall time	124.410129
*******************************
dgemm_time	81.023788
conv_transfer_time	0.000000
conv_calculate_time	3355.109619
elastic_calculate_time	3355.146973
Allen_Cahn_nonlinear_time	3467.917725
Cahn_Hilliard_nonlinear_time	0.012000
trans_time	40.639805
trans_Memcpy_time	19.125675
trans_MPI_time	16.000145
trans_pack_time	0.373593
trans_enlarge_time	0.673588
trans_mu_time	0.447354
trans_unpack_time	3.570005
updateU_new_time	2.726025
runtime	3.594967
--------------------------------------------------!
***************dt=2.000000***************
***************flag=0***************
--------------------------------------------------!
time		0.000000
wall time	128.020626
*******************************
dgemm_time	81.026573
conv_transfer_time	0.000000
conv_calculate_time	3354.723633
elastic_calculate_time	3354.761719
Allen_Cahn_nonlinear_time	3468.636719
Cahn_Hilliard_nonlinear_time	0.011840
trans_time	40.968117
trans_Memcpy_time	19.140093
trans_MPI_time	16.271830
trans_pack_time	0.375353
trans_enlarge_time	0.684948
trans_mu_time	0.446394
trans_unpack_time	3.590007
updateU_new_time	2.727467
runtime	3.602241
--------------------------------------------------!
***************dt=2.000000***************
***************flag=0***************
--------------------------------------------------!
time		0.000000
wall time	131.629715
*******************************
dgemm_time	81.051910
conv_transfer_time	0.000000
conv_calculate_time	3358.233887
elastic_calculate_time	3358.271484
Allen_Cahn_nonlinear_time	3470.838135
Cahn_Hilliard_nonlinear_time	0.011680
trans_time	41.280003
trans_Memcpy_time	19.145227
trans_MPI_time	16.592957
trans_pack_time	0.388473
trans_enlarge_time	0.673748
trans_mu_time	0.442394
trans_unpack_time	3.582330
updateU_new_time	2.725549
runtime	3.600173
--------------------------------------------------!
***************dt=2.000000***************
***************flag=0***************
--------------------------------------------------!
time		0.000000
wall time	135.245877
*******************************
dgemm_time	81.019646
conv_transfer_time	0.000000
conv_calculate_time	3359.391846
elastic_calculate_time	3359.428223
Allen_Cahn_nonlinear_time	3470.516602
Cahn_Hilliard_nonlinear_time	0.012160
trans_time	41.928940
trans_Memcpy_time	19.092604
trans_MPI_time	17.271036
trans_pack_time	0.389594
trans_enlarge_time	0.672788
trans_mu_time	0.446554
trans_unpack_time	3.604732
updateU_new_time	2.723791
runtime	3.599126
--------------------------------------------------!
***************dt=2.000000***************
***************flag=0***************
--------------------------------------------------!
time		0.000000
wall time	138.860048
*******************************
dgemm_time	81.035217
conv_transfer_time	0.000000
conv_calculate_time	3353.026611
elastic_calculate_time	3353.064697
Allen_Cahn_nonlinear_time	3467.819580
Cahn_Hilliard_nonlinear_time	0.011680
trans_time	40.754520
trans_Memcpy_time	19.116934
trans_MPI_time	16.077789
trans_pack_time	0.375994
trans_enlarge_time	0.696148
trans_mu_time	0.451674
trans_unpack_time	3.582495
updateU_new_time	2.725712
runtime	3.599306
--------------------------------------------------!
***************dt=2.000000***************
***************flag=0***************
--------------------------------------------------!
time		0.000000
wall time	142.473124
*******************************
dgemm_time	80.963905
conv_transfer_time	0.000000
conv_calculate_time	3353.373535
elastic_calculate_time	3353.412842
Allen_Cahn_nonlinear_time	3468.062256
Cahn_Hilliard_nonlinear_time	0.011840
trans_time	41.292046
trans_Memcpy_time	19.134546
trans_MPI_time	16.617310
trans_pack_time	0.372954
trans_enlarge_time	0.675511
trans_mu_time	0.447514
trans_unpack_time	3.588417
updateU_new_time	2.738674
runtime	3.595526
--------------------------------------------------!
***************dt=2.000000***************
***************flag=0***************
--------------------------------------------------!
time		0.000000
wall time	146.086897
*******************************
dgemm_time	80.997711
conv_transfer_time	0.000000
conv_calculate_time	3354.744141
elastic_calculate_time	3354.781982
Allen_Cahn_nonlinear_time	3473.110596
Cahn_Hilliard_nonlinear_time	0.012000
trans_time	40.149120
trans_Memcpy_time	19.141918
trans_MPI_time	15.397180
trans_pack_time	0.374714
trans_enlarge_time	0.687512
trans_mu_time	0.440794
trans_unpack_time	3.599299
updateU_new_time	2.726996
runtime	3.599369
--------------------------------------------------!
***************dt=2.000000***************
***************flag=0***************
--------------------------------------------------!
time		0.000000
wall time	149.696895
*******************************
dgemm_time	80.965919
conv_transfer_time	0.000000
conv_calculate_time	3354.396973
elastic_calculate_time	3354.432373
Allen_Cahn_nonlinear_time	3466.616455
Cahn_Hilliard_nonlinear_time	0.012160
trans_time	40.567768
trans_Memcpy_time	19.263527
trans_MPI_time	15.717184
trans_pack_time	0.375994
trans_enlarge_time	0.675673
trans_mu_time	0.439834
trans_unpack_time	3.582022
updateU_new_time	2.724437
runtime	3.594014
--------------------------------------------------!
***************dt=2.000000***************
***************flag=0***************
--------------------------------------------------!
time		0.000000
wall time	153.310513
*******************************
dgemm_time	81.003883
conv_transfer_time	0.000000
conv_calculate_time	3355.313477
elastic_calculate_time	3355.349609
Allen_Cahn_nonlinear_time	3469.511719
Cahn_Hilliard_nonlinear_time	0.012320
trans_time	40.729015
trans_Memcpy_time	19.073622
trans_MPI_time	16.080545
trans_pack_time	0.381754
trans_enlarge_time	0.690713
trans_mu_time	0.439034
trans_unpack_time	3.606503
updateU_new_time	2.726519
runtime	3.596357
--------------------------------------------------!
***************dt=2.000000***************
***************flag=0***************
--------------------------------------------------!
time		0.000000
wall time	156.918490
*******************************
dgemm_time	81.020241
conv_transfer_time	0.000000
conv_calculate_time	3355.311768
elastic_calculate_time	3355.350342
Allen_Cahn_nonlinear_time	3465.482422
Cahn_Hilliard_nonlinear_time	0.012160
trans_time	41.075344
trans_Memcpy_time	19.111551
trans_MPI_time	16.403111
trans_pack_time	0.375995
trans_enlarge_time	0.688953
trans_mu_time	0.458714
trans_unpack_time	3.587786
updateU_new_time	2.725400
runtime	3.592821
--------------------------------------------------!
***************dt=2.000000***************
***************flag=0***************
--------------------------------------------------!
time		0.000000
wall time	160.528806
*******************************
dgemm_time	81.019485
conv_transfer_time	0.000000
conv_calculate_time	3357.667969
elastic_calculate_time	3357.704834
Allen_Cahn_nonlinear_time	3468.875732
Cahn_Hilliard_nonlinear_time	0.011840
trans_time	39.981953
trans_Memcpy_time	19.126122
trans_MPI_time	15.344734
trans_pack_time	0.373596
trans_enlarge_time	0.669754
trans_mu_time	0.440314
trans_unpack_time	3.576588
updateU_new_time	2.746041
runtime	3.600685
--------------------------------------------------!
***************dt=2.000000***************
***************flag=0***************
--------------------------------------------------!
time		0.000000
wall time	164.135583
*******************************
dgemm_time	80.990562
conv_transfer_time	0.000000
conv_calculate_time	3358.071533
elastic_calculate_time	3358.109375
Allen_Cahn_nonlinear_time	3473.023926
Cahn_Hilliard_nonlinear_time	0.012000
trans_time	41.637669
trans_Memcpy_time	19.135410
trans_MPI_time	16.941519
trans_pack_time	0.372316
trans_enlarge_time	0.684314
trans_mu_time	0.452474
trans_unpack_time	3.595789
updateU_new_time	2.724923
runtime	3.606158
--------------------------------------------------!
***************dt=2.000000***************
***************flag=0***************
--------------------------------------------------!
time		0.000000
wall time	167.750292
*******************************
dgemm_time	81.028534
conv_transfer_time	0.000000
conv_calculate_time	3354.462158
elastic_calculate_time	3354.499756
Allen_Cahn_nonlinear_time	3467.396240
Cahn_Hilliard_nonlinear_time	0.011680
trans_time	41.063557
trans_Memcpy_time	19.095100
trans_MPI_time	16.430975
trans_pack_time	0.372956
trans_enlarge_time	0.687034
trans_mu_time	0.441114
trans_unpack_time	3.585071
updateU_new_time	2.725244
runtime	3.595023
--------------------------------------------------!
***************dt=2.000000***************
***************flag=0***************
--------------------------------------------------!
time		0.000000
wall time	171.370722
*******************************
dgemm_time	81.015457
conv_transfer_time	0.000000
conv_calculate_time	3359.636475
elastic_calculate_time	3359.676514
Allen_Cahn_nonlinear_time	3468.678711
Cahn_Hilliard_nonlinear_time	0.012160
trans_time	40.768784
trans_Memcpy_time	19.147110
trans_MPI_time	16.051949
trans_pack_time	0.376316
trans_enlarge_time	0.690554
trans_mu_time	0.443517
trans_unpack_time	3.606833
updateU_new_time	2.725726
runtime	3.595698
--------------------------------------------------!
***************dt=2.000000***************
***************flag=0***************
--------------------------------------------------!
time		0.000000
wall time	174.979801
*******************************
dgemm_time	81.015495
conv_transfer_time	0.000000
conv_calculate_time	3356.417969
elastic_calculate_time	3356.456299
Allen_Cahn_nonlinear_time	3467.493164
Cahn_Hilliard_nonlinear_time	0.012000
trans_time	40.929661
trans_Memcpy_time	19.118320
trans_MPI_time	16.209557
trans_pack_time	0.374236
trans_enlarge_time	0.686394
trans_mu_time	0.450718
trans_unpack_time	3.574675
updateU_new_time	2.729407
runtime	3.594707
--------------------------------------------------!
***************dt=2.000000***************
***************flag=0***************
--------------------------------------------------!
time		0.000000
wall time	178.589807
*******************************
dgemm_time	81.020020
conv_transfer_time	0.000000
conv_calculate_time	3355.876465
elastic_calculate_time	3355.912354
Allen_Cahn_nonlinear_time	3473.578613
Cahn_Hilliard_nonlinear_time	0.012000
trans_time	40.892822
trans_Memcpy_time	19.129210
trans_MPI_time	16.239323
trans_pack_time	0.374716
trans_enlarge_time	0.677914
trans_mu_time	0.442719
trans_unpack_time	3.575317
updateU_new_time	2.754528
runtime	3.600492
--------------------------------------------------!
***************dt=2.000000***************
***************flag=0***************
--------------------------------------------------!
time		0.000000
wall time	182.199205
*******************************
dgemm_time	81.049652
conv_transfer_time	0.000000
conv_calculate_time	3356.295410
elastic_calculate_time	3356.334229
Allen_Cahn_nonlinear_time	3471.920410
Cahn_Hilliard_nonlinear_time	0.012000
trans_time	40.884163
trans_Memcpy_time	19.098658
trans_MPI_time	16.223333
trans_pack_time	0.388316
trans_enlarge_time	0.664794
trans_mu_time	0.452320
trans_unpack_time	3.604438
updateU_new_time	2.726690
runtime	3.599330
--------------------------------------------------!
***************dt=2.000000***************
***************flag=0***************
--------------------------------------------------!
time		0.000000
wall time	185.813660
*******************************
dgemm_time	81.112091
conv_transfer_time	0.000000
conv_calculate_time	3355.626953
elastic_calculate_time	3355.664062
Allen_Cahn_nonlinear_time	3467.575928
Cahn_Hilliard_nonlinear_time	0.012160
trans_time	40.848446
trans_Memcpy_time	19.291145
trans_MPI_time	16.031342
trans_pack_time	0.374236
trans_enlarge_time	0.672474
trans_mu_time	0.445120
trans_unpack_time	3.585400
updateU_new_time	2.728451
runtime	3.594532
--------------------------------------------------!
***************dt=2.000000***************
***************flag=0***************
--------------------------------------------------!
time		0.000000
wall time	189.413443
*******************************
dgemm_time	81.104126
conv_transfer_time	0.000000
conv_calculate_time	3355.558838
elastic_calculate_time	3355.595215
Allen_Cahn_nonlinear_time	3468.702393
Cahn_Hilliard_nonlinear_time	0.012000
trans_time	40.855331
trans_Memcpy_time	19.323315
trans_MPI_time	15.994390
trans_pack_time	0.373756
trans_enlarge_time	0.682234
trans_mu_time	0.448800
trans_unpack_time	3.583322
updateU_new_time	2.727172
runtime	3.603431
--------------------------------------------------!
***************dt=2.000000***************
***************flag=0***************
--------------------------------------------------!
time		0.000000
wall time	193.008328
*******************************
dgemm_time	81.071365
conv_transfer_time	0.000000
conv_calculate_time	3356.762695
elastic_calculate_time	3356.800293
Allen_Cahn_nonlinear_time	3467.955078
Cahn_Hilliard_nonlinear_time	0.012000
trans_time	40.772774
trans_Memcpy_time	19.309406
trans_MPI_time	15.927358
trans_pack_time	0.375037
trans_enlarge_time	0.671674
trans_mu_time	0.452800
trans_unpack_time	3.579484
updateU_new_time	2.726214
runtime	3.596550
--------------------------------------------------!
***************dt=2.000000***************
***************flag=0***************
--------------------------------------------------!
time		0.000000
wall time	196.611851
*******************************
dgemm_time	81.076996
conv_transfer_time	0.000000
conv_calculate_time	3355.742432
elastic_calculate_time	3355.780273
Allen_Cahn_nonlinear_time	3471.819824
Cahn_Hilliard_nonlinear_time	0.012000
trans_time	40.997856
trans_Memcpy_time	19.346052
trans_MPI_time	16.116642
trans_pack_time	0.372478
trans_enlarge_time	0.690714
trans_mu_time	0.443520
trans_unpack_time	3.579325
updateU_new_time	2.753254
runtime	3.598941
--------------------------------------------------!
***************dt=2.000000***************
***************flag=0***************
--------------------------------------------------!
time		0.000000
wall time	200.208531
*******************************
dgemm_time	81.048874
conv_transfer_time	0.000000
conv_calculate_time	3355.357422
elastic_calculate_time	3355.393555
Allen_Cahn_nonlinear_time	3466.976562
Cahn_Hilliard_nonlinear_time	0.011680
trans_time	41.054104
trans_Memcpy_time	19.331501
trans_MPI_time	16.155849
trans_pack_time	0.401277
trans_enlarge_time	0.675994
trans_mu_time	0.444160
trans_unpack_time	3.598046
updateU_new_time	2.727656
runtime	3.597723
--------------------------------------------------!
***************dt=2.000000***************
***************flag=0***************
--------------------------------------------------!
time		0.000000
wall time	203.807562
*******************************
dgemm_time	81.054337
conv_transfer_time	0.000000
conv_calculate_time	3351.801025
elastic_calculate_time	3351.841064
Allen_Cahn_nonlinear_time	3467.330811
Cahn_Hilliard_nonlinear_time	0.011680
trans_time	40.909344
trans_Memcpy_time	19.346228
trans_MPI_time	15.969778
trans_pack_time	0.372958
trans_enlarge_time	0.680795
trans_mu_time	0.443360
trans_unpack_time	3.588608
updateU_new_time	2.725417
runtime	3.594475
--------------------------------------------------!
***************dt=2.000000***************
***************flag=0***************
--------------------------------------------------!
time		0.000000
wall time	207.405378
*******************************
dgemm_time	81.043968
conv_transfer_time	0.000000
conv_calculate_time	3354.268066
elastic_calculate_time	3354.305176
Allen_Cahn_nonlinear_time	3466.258789
Cahn_Hilliard_nonlinear_time	0.012000
trans_time	41.080524
trans_Memcpy_time	19.249115
trans_MPI_time	16.300182
trans_pack_time	0.375198
trans_enlarge_time	0.671679
trans_mu_time	0.451360
trans_unpack_time	3.582849
updateU_new_time	2.727018
runtime	3.594141
--------------------------------------------------!
***************dt=2.000000***************
***************flag=0***************
--------------------------------------------------!
time		0.000000
wall time	210.999928
*******************************
dgemm_time	81.100159
conv_transfer_time	0.000000
conv_calculate_time	3356.085938
elastic_calculate_time	3356.124023
Allen_Cahn_nonlinear_time	3469.262939
Cahn_Hilliard_nonlinear_time	0.012000
trans_time	40.764595
trans_Memcpy_time	19.227043
trans_MPI_time	16.018269
trans_pack_time	0.369758
trans_enlarge_time	0.680798
trans_mu_time	0.441280
trans_unpack_time	3.574531
updateU_new_time	2.729099
runtime	3.596197
--------------------------------------------------!
***************dt=2.000000***************
***************flag=0***************
--------------------------------------------------!
time		0.000000
wall time	214.594230
*******************************
dgemm_time	81.062263
conv_transfer_time	0.000000
conv_calculate_time	3356.175781
elastic_calculate_time	3356.213867
Allen_Cahn_nonlinear_time	3470.580811
Cahn_Hilliard_nonlinear_time	0.012320
trans_time	40.970608
trans_Memcpy_time	19.198893
trans_MPI_time	16.239073
trans_pack_time	0.374238
trans_enlarge_time	0.680639
trans_mu_time	0.445280
trans_unpack_time	3.585732
updateU_new_time	2.746540
runtime	3.598724
--------------------------------------------------!
***************dt=2.000000***************
***************flag=0***************
--------------------------------------------------!
time		0.000000
wall time	218.190635
*******************************
dgemm_time	81.095573
conv_transfer_time	0.000000
conv_calculate_time	3353.781006
elastic_calculate_time	3353.819092
Allen_Cahn_nonlinear_time	3468.450928
Cahn_Hilliard_nonlinear_time	0.012000
trans_time	41.253410
trans_Memcpy_time	19.227377
trans_MPI_time	16.457157
trans_pack_time	0.386718
trans_enlarge_time	0.688479
trans_mu_time	0.441280
trans_unpack_time	3.602053
updateU_new_time	2.725741
runtime	3.598474
--------------------------------------------------!
***************dt=2.000000***************
***************flag=0***************
--------------------------------------------------!
time		0.000000
wall time	221.789438
*******************************
dgemm_time	81.095596
conv_transfer_time	0.000000
conv_calculate_time	3356.270996
elastic_calculate_time	3356.308594
Allen_Cahn_nonlinear_time	3474.268555
Cahn_Hilliard_nonlinear_time	0.012000
trans_time	40.795345
trans_Memcpy_time	19.237463
trans_MPI_time	16.010925
trans_pack_time	0.377278
trans_enlarge_time	0.691519
trans_mu_time	0.442560
trans_unpack_time	3.588295
updateU_new_time	2.728782
runtime	3.603435
--------------------------------------------------!
***************dt=2.000000***************
***************flag=0***************
--------------------------------------------------!
time		0.000000
wall time	225.388237
*******************************
dgemm_time	81.053703
conv_transfer_time	0.000000
conv_calculate_time	3358.004883
elastic_calculate_time	3358.044434
Allen_Cahn_nonlinear_time	3469.657715
Cahn_Hilliard_nonlinear_time	0.011680
trans_time	41.278809
trans_Memcpy_time	19.256029
trans_MPI_time	16.501648
trans_pack_time	0.372318
trans_enlarge_time	0.677760
trans_mu_time	0.440800
trans_unpack_time	3.581096
updateU_new_time	2.728622
runtime	3.597164
--------------------------------------------------!
***************dt=2.000000***************
***************flag=0***************
--------------------------------------------------!
time		0.000000
wall time	228.991968
*******************************
dgemm_time	81.065895
conv_transfer_time	0.000000
conv_calculate_time	3358.928711
elastic_calculate_time	3358.967285
Allen_Cahn_nonlinear_time	3470.162598
Cahn_Hilliard_nonlinear_time	0.011840
trans_time	40.835445
trans_Memcpy_time	19.227718
trans_MPI_time	16.072695
trans_pack_time	0.376158
trans_enlarge_time	0.683520
trans_mu_time	0.446080
trans_unpack_time	3.580137
updateU_new_time	2.727503
runtime	3.597122
--------------------------------------------------!
***************dt=2.000000***************
***************flag=0***************
--------------------------------------------------!
time		0.000000
wall time	232.589309
*******************************
dgemm_time	81.089920
conv_transfer_time	0.000000
conv_calculate_time	3358.351074
elastic_calculate_time	3358.394287
Allen_Cahn_nonlinear_time	3470.001709
Cahn_Hilliard_nonlinear_time	0.015200
trans_time	40.631805
trans_Memcpy_time	19.269804
trans_MPI_time	15.850142
trans_pack_time	0.373918
trans_enlarge_time	0.673600
trans_mu_time	0.446720
trans_unpack_time	3.568778
updateU_new_time	2.737904
runtime	3.596795
--------------------------------------------------!
***************dt=2.000000***************
***************flag=0***************
--------------------------------------------------!
time		0.000000
wall time	236.186528
*******************************
dgemm_time	81.069939
conv_transfer_time	0.000000
conv_calculate_time	3357.177734
elastic_calculate_time	3357.224365
Allen_Cahn_nonlinear_time	3468.571045
Cahn_Hilliard_nonlinear_time	0.014080
trans_time	41.361958
trans_Memcpy_time	19.669004
trans_MPI_time	15.961826
trans_pack_time	0.377438
trans_enlarge_time	0.683360
trans_mu_time	0.464000
trans_unpack_time	3.581579
updateU_new_time	2.729105
runtime	3.595902
--------------------------------------------------!
***************dt=2.000000***************
***************flag=0***************
--------------------------------------------------!
time		0.000000
wall time	239.783484
*******************************
dgemm_time	81.035240
conv_transfer_time	0.000000
conv_calculate_time	3356.214355
elastic_calculate_time	3356.256104
Allen_Cahn_nonlinear_time	3469.197998
Cahn_Hilliard_nonlinear_time	0.014240
trans_time	41.151718
trans_Memcpy_time	19.649971
trans_MPI_time	15.797672
trans_pack_time	0.379038
trans_enlarge_time	0.705920
trans_mu_time	0.472320
trans_unpack_time	3.598700
updateU_new_time	2.729426
runtime	3.596946
--------------------------------------------------!
***************dt=2.000000***************
***************flag=0***************
--------------------------------------------------!
time		0.000000
wall time	243.379573
*******************************
dgemm_time	81.081345
conv_transfer_time	0.000000
conv_calculate_time	3357.741455
elastic_calculate_time	3357.786377
Allen_Cahn_nonlinear_time	3469.698486
Cahn_Hilliard_nonlinear_time	0.014720
trans_time	40.986080
trans_Memcpy_time	19.618776
trans_MPI_time	15.697515
trans_pack_time	0.385918
trans_enlarge_time	0.696960
trans_mu_time	0.467360
trans_unpack_time	3.583341
updateU_new_time	2.727506
runtime	3.599807
--------------------------------------------------!
***************dt=2.000000***************
***************flag=0***************
--------------------------------------------------!
time		0.000000
wall time	246.977216
*******************************
dgemm_time	81.045525
conv_transfer_time	0.000000
conv_calculate_time	3355.916748
elastic_calculate_time	3355.965332
Allen_Cahn_nonlinear_time	3470.232910
Cahn_Hilliard_nonlinear_time	0.014400
trans_time	41.093822
trans_Memcpy_time	19.620382
trans_MPI_time	15.797841
trans_pack_time	0.379679
trans_enlarge_time	0.713440
trans_mu_time	0.470400
trans_unpack_time	3.576142
updateU_new_time	2.728307
runtime	3.597637
--------------------------------------------------!
***************dt=2.000000***************
***************flag=0***************
--------------------------------------------------!
time		0.000000
wall time	250.577077
*******************************
dgemm_time	81.101868
conv_transfer_time	0.000000
conv_calculate_time	3354.247070
elastic_calculate_time	3354.291748
Allen_Cahn_nonlinear_time	3471.029785
Cahn_Hilliard_nonlinear_time	0.014240
trans_time	40.941902
trans_Memcpy_time	19.591269
trans_MPI_time	15.672726
trans_pack_time	0.378400
trans_enlarge_time	0.704320
trans_mu_time	0.466080
trans_unpack_time	3.577423
updateU_new_time	2.736308
runtime	3.598542
--------------------------------------------------!
***************dt=2.000000***************
***************flag=0***************
--------------------------------------------------!
time		0.000000
wall time	254.174775
*******************************
dgemm_time	81.059166
conv_transfer_time	0.000000
conv_calculate_time	3352.878906
elastic_calculate_time	3352.917725
Allen_Cahn_nonlinear_time	3465.792725
Cahn_Hilliard_nonlinear_time	0.011840
trans_time	45.588249
trans_Memcpy_time	19.608395
trans_MPI_time	20.306149
trans_pack_time	0.379840
trans_enlarge_time	0.692320
trans_mu_time	0.466400
trans_unpack_time	3.594704
updateU_new_time	2.724629
runtime	3.598741
--------------------------------------------------!
***************dt=2.000000***************
***************flag=0***************
--------------------------------------------------!
time		0.000000
wall time	257.773984
*******************************
dgemm_time	81.059029
conv_transfer_time	0.000000
conv_calculate_time	3354.452148
elastic_calculate_time	3354.488770
Allen_Cahn_nonlinear_time	3468.299805
Cahn_Hilliard_nonlinear_time	0.012000
trans_time	40.999172
trans_Memcpy_time	19.293039
trans_MPI_time	16.145851
trans_pack_time	0.374400
trans_enlarge_time	0.679040
trans_mu_time	0.453440
trans_unpack_time	3.605585
updateU_new_time	2.725909
runtime	3.595987
--------------------------------------------------!
***************dt=2.000000***************
***************flag=0***************
--------------------------------------------------!
time		0.000000
wall time	261.373290
*******************************
dgemm_time	81.092804
conv_transfer_time	0.000000
conv_calculate_time	3355.171631
elastic_calculate_time	3355.234863
Allen_Cahn_nonlinear_time	3471.906006
Cahn_Hilliard_nonlinear_time	0.011840
trans_time	41.123314
trans_Memcpy_time	19.443283
trans_MPI_time	16.120415
trans_pack_time	0.382400
trans_enlarge_time	0.690400
trans_mu_time	0.440800
trans_unpack_time	3.582546
updateU_new_time	2.725110
runtime	3.598529
--------------------------------------------------!
***************dt=2.000000***************
***************flag=0***************
--------------------------------------------------!
time		0.000000
wall time	264.969452
*******************************
dgemm_time	81.032028
conv_transfer_time	0.000000
conv_calculate_time	3354.771484
elastic_calculate_time	3354.807861
Allen_Cahn_nonlinear_time	3466.607910
Cahn_Hilliard_nonlinear_time	0.012160
trans_time	40.588943
trans_Memcpy_time	19.255287
trans_MPI_time	15.752260
trans_pack_time	0.373920
trans_enlarge_time	0.675200
trans_mu_time	0.451680
trans_unpack_time	3.578707
updateU_new_time	2.726710
runtime	3.593571
--------------------------------------------------!
***************dt=2.000000***************
***************flag=0***************
--------------------------------------------------!
time		0.000000
wall time	268.568060
*******************************
dgemm_time	81.082283
conv_transfer_time	0.000000
conv_calculate_time	3355.958008
elastic_calculate_time	3355.994873
Allen_Cahn_nonlinear_time	3468.137939
Cahn_Hilliard_nonlinear_time	0.012160
trans_time	40.967632
trans_Memcpy_time	19.206493
trans_MPI_time	16.234663
trans_pack_time	0.372960
trans_enlarge_time	0.680320
trans_mu_time	0.440800
trans_unpack_time	3.578707
updateU_new_time	2.738391
runtime	3.595543
--------------------------------------------------!
***************dt=2.000000***************
***************flag=0***************
--------------------------------------------------!
time		0.000000
wall time	272.161950
*******************************
dgemm_time	81.046936
conv_transfer_time	0.000000
conv_calculate_time	3353.602783
elastic_calculate_time	3353.641113
Allen_Cahn_nonlinear_time	3466.433594
Cahn_Hilliard_nonlinear_time	0.012000
trans_time	40.461231
trans_Memcpy_time	19.266815
trans_MPI_time	15.680748
trans_pack_time	0.375040
trans_enlarge_time	0.665120
trans_mu_time	0.438080
trans_unpack_time	3.585748
updateU_new_time	2.726712
runtime	3.593189
--------------------------------------------------!
***************dt=2.000000***************
***************flag=0***************
--------------------------------------------------!
time		0.000000
wall time	275.757585
*******************************
dgemm_time	81.087921
conv_transfer_time	0.000000
conv_calculate_time	3357.449951
elastic_calculate_time	3357.487061
Allen_Cahn_nonlinear_time	3471.920166
Cahn_Hilliard_nonlinear_time	0.012000
trans_time	40.668392
trans_Memcpy_time	19.235941
trans_MPI_time	15.885712
trans_pack_time	0.375520
trans_enlarge_time	0.676960
trans_mu_time	0.438080
trans_unpack_time	3.597589
updateU_new_time	2.725272
runtime	3.597941
--------------------------------------------------!
***************dt=2.000000***************
***************flag=0***************
--------------------------------------------------!
time		0.000000
wall time	279.350897
*******************************
dgemm_time	81.078979
conv_transfer_time	0.000000
conv_calculate_time	3357.650391
elastic_calculate_time	3357.689209
Allen_Cahn_nonlinear_time	3468.223877
Cahn_Hilliard_nonlinear_time	0.012000
trans_time	41.099239
trans_Memcpy_time	19.257065
trans_MPI_time	16.317234
trans_pack_time	0.375200
trans_enlarge_time	0.675200
trans_mu_time	0.449120
trans_unpack_time	3.575670
updateU_new_time	2.727993
runtime	3.594668
--------------------------------------------------!
***************dt=2.000000***************
***************flag=0***************
--------------------------------------------------!
time		0.000000
wall time	282.949055
*******************************
dgemm_time	80.989868
conv_transfer_time	0.000000
conv_calculate_time	3357.107666
elastic_calculate_time	3357.145996
Allen_Cahn_nonlinear_time	3469.688232
Cahn_Hilliard_nonlinear_time	0.012480
trans_time	40.867218
trans_Memcpy_time	19.226189
trans_MPI_time	16.104277
trans_pack_time	0.378080
trans_enlarge_time	0.672640
trans_mu_time	0.445920
trans_unpack_time	3.589430
updateU_new_time	2.724953
runtime	3.601090
--------------------------------------------------!
***************dt=2.000000***************
***************flag=0***************
--------------------------------------------------!
time		0.000000
wall time	286.544065
*******************************
dgemm_time	81.044609
conv_transfer_time	0.000000
conv_calculate_time	3355.146729
elastic_calculate_time	3355.185303
Allen_Cahn_nonlinear_time	3469.242432
Cahn_Hilliard_nonlinear_time	0.011680
trans_time	41.066757
trans_Memcpy_time	19.221233
trans_MPI_time	16.285881
trans_pack_time	0.372640
trans_enlarge_time	0.702560
trans_mu_time	0.442240
trans_unpack_time	3.592951
updateU_new_time	2.738714
runtime	3.597863
--------------------------------------------------!
***************dt=2.000000***************
***************flag=0***************
--------------------------------------------------!
time		0.000000
wall time	290.145238
*******************************
dgemm_time	81.044624
conv_transfer_time	0.000000
conv_calculate_time	3356.459717
elastic_calculate_time	3356.497559
Allen_Cahn_nonlinear_time	3467.343994
Cahn_Hilliard_nonlinear_time	0.011840
trans_time	40.662174
trans_Memcpy_time	19.232115
trans_MPI_time	15.907644
trans_pack_time	0.373120
trans_enlarge_time	0.671520
trans_mu_time	0.441600
trans_unpack_time	3.583992
updateU_new_time	2.726874
runtime	3.594067
--------------------------------------------------!
***************dt=2.000000***************
***************flag=0***************
--------------------------------------------------!
time		0.000000
wall time	293.743443
*******************************
dgemm_time	81.069435
conv_transfer_time	0.000000
conv_calculate_time	3355.114746
elastic_calculate_time	3355.156982
Allen_Cahn_nonlinear_time	3466.642578
Cahn_Hilliard_nonlinear_time	0.014400
trans_time	40.852390
trans_Memcpy_time	19.475641
trans_MPI_time	15.772285
trans_pack_time	0.376480
trans_enlarge_time	0.683200
trans_mu_time	0.443520
trans_unpack_time	3.588793
updateU_new_time	2.727195
runtime	3.594076
--------------------------------------------------!
***************dt=2.000000***************
***************flag=0***************
--------------------------------------------------!
time		0.000000
wall time	297.337739
*******************************
dgemm_time	81.095764
conv_transfer_time	0.000000
conv_calculate_time	3355.625977
elastic_calculate_time	3355.673828
Allen_Cahn_nonlinear_time	3467.317871
Cahn_Hilliard_nonlinear_time	0.014240
trans_time	40.822079
trans_Memcpy_time	19.672604
trans_MPI_time	15.483810
trans_pack_time	0.377280
trans_enlarge_time	0.700640
trans_mu_time	0.472320
trans_unpack_time	3.575513
updateU_new_time	2.722872
runtime	3.594710
--------------------------------------------------!
***************dt=2.000000***************
***************flag=0***************
--------------------------------------------------!
time		0.000000
wall time	300.932210
*******************************
dgemm_time	81.068115
conv_transfer_time	0.000000
conv_calculate_time	3355.750244
elastic_calculate_time	3355.796387
Allen_Cahn_nonlinear_time	3468.720215
Cahn_Hilliard_nonlinear_time	0.014720
trans_time	40.910969
trans_Memcpy_time	19.616901
trans_MPI_time	15.624754
trans_pack_time	0.378720
trans_enlarge_time	0.699200
trans_mu_time	0.465920
trans_unpack_time	3.582390
updateU_new_time	2.730057
runtime	3.594603
--------------------------------------------------!
***************dt=2.000000***************
***************flag=0***************
--------------------------------------------------!
time		0.000000
wall time	304.527702
*******************************
dgemm_time	81.093025
conv_transfer_time	0.000000
conv_calculate_time	3352.597656
elastic_calculate_time	3352.644287
Allen_Cahn_nonlinear_time	3468.105469
Cahn_Hilliard_nonlinear_time	0.012160
trans_time	40.943039
trans_Memcpy_time	19.634552
trans_MPI_time	15.614428
trans_pack_time	0.378078
trans_enlarge_time	0.705276
trans_mu_time	0.478720
trans_unpack_time	3.590370
updateU_new_time	2.734045
runtime	3.593858
--------------------------------------------------!
***************dt=2.000000***************
***************flag=0***************
--------------------------------------------------!
time		0.000000
wall time	308.122390
*******************************
dgemm_time	81.013840
conv_transfer_time	0.000000
conv_calculate_time	3352.336426
elastic_calculate_time	3352.374756
Allen_Cahn_nonlinear_time	3464.532227
Cahn_Hilliard_nonlinear_time	0.011840
trans_time	44.606476
trans_Memcpy_time	19.298471
trans_MPI_time	19.749983
trans_pack_time	0.386716
trans_enlarge_time	0.675514
trans_mu_time	0.439999
trans_unpack_time	3.603153
updateU_new_time	2.725086
runtime	3.595679
--------------------------------------------------!
***************dt=2.000000***************
***************flag=0***************
--------------------------------------------------!
time		0.000000
wall time	311.716376
*******************************
dgemm_time	81.037552
conv_transfer_time	0.000000
conv_calculate_time	3357.654297
elastic_calculate_time	3357.694092
Allen_Cahn_nonlinear_time	3471.388428
Cahn_Hilliard_nonlinear_time	0.012000
trans_time	40.921059
trans_Memcpy_time	19.316074
trans_MPI_time	16.044596
trans_pack_time	0.372156
trans_enlarge_time	0.693114
trans_mu_time	0.443359
trans_unpack_time	3.602194
updateU_new_time	2.731166
runtime	3.598414
--------------------------------------------------!
***************dt=2.000000***************
***************flag=0***************
--------------------------------------------------!
time		0.000000
wall time	315.312397
*******************************
dgemm_time	81.072128
conv_transfer_time	0.000000
conv_calculate_time	3357.767578
elastic_calculate_time	3357.806641
Allen_Cahn_nonlinear_time	3472.039795
Cahn_Hilliard_nonlinear_time	0.011840
trans_time	40.095451
trans_Memcpy_time	19.332241
trans_MPI_time	15.248450
trans_pack_time	0.374236
trans_enlarge_time	0.667994
trans_mu_time	0.442079
trans_unpack_time	3.579476
updateU_new_time	2.726687
runtime	3.598439
--------------------------------------------------!
***************dt=2.000000***************
***************flag=0***************
--------------------------------------------------!
time		0.000000
wall time	318.911116
*******************************
dgemm_time	81.069435
conv_transfer_time	0.000000
conv_calculate_time	3355.574463
elastic_calculate_time	3355.611084
Allen_Cahn_nonlinear_time	3470.580811
Cahn_Hilliard_nonlinear_time	0.011840
trans_time	41.139870
trans_Memcpy_time	19.370008
trans_MPI_time	16.216604
trans_pack_time	0.372476
trans_enlarge_time	0.691674
trans_mu_time	0.442559
trans_unpack_time	3.597397
updateU_new_time	2.726208
runtime	3.599934
--------------------------------------------------!
***************dt=2.000000***************
***************flag=0***************
--------------------------------------------------!
time		0.000000
wall time	322.510036
*******************************
dgemm_time	81.048492
conv_transfer_time	0.000000
conv_calculate_time	3358.292480
elastic_calculate_time	3358.332031
Allen_Cahn_nonlinear_time	3468.641846
Cahn_Hilliard_nonlinear_time	0.012000
trans_time	40.869286
trans_Memcpy_time	19.351450
trans_MPI_time	15.966211
trans_pack_time	0.375356
trans_enlarge_time	0.678394
trans_mu_time	0.451040
trans_unpack_time	3.600118
updateU_new_time	2.727969
runtime	3.595920
--------------------------------------------------!
***************dt=2.000000***************
***************flag=0***************
--------------------------------------------------!
time		0.000000
wall time	326.110177
*******************************
dgemm_time	81.074600
conv_transfer_time	0.000000
conv_calculate_time	3356.784180
elastic_calculate_time	3356.822266
Allen_Cahn_nonlinear_time	3469.196045
Cahn_Hilliard_nonlinear_time	0.011680
trans_time	40.808605
trans_Memcpy_time	19.331617
trans_MPI_time	15.868135
trans_pack_time	0.399516
trans_enlarge_time	0.671834
trans_mu_time	0.443200
trans_unpack_time	3.590359
updateU_new_time	2.726049
runtime	3.600144
--------------------------------------------------!
***************dt=2.000000***************
***************flag=0***************
--------------------------------------------------!
time		0.000000
wall time	329.707013
*******************************
dgemm_time	81.074303
conv_transfer_time	0.000000
conv_calculate_time	3353.249268
elastic_calculate_time	3353.286621
Allen_Cahn_nonlinear_time	3465.020264
Cahn_Hilliard_nonlinear_time	0.012320
trans_time	40.833378
trans_Memcpy_time	19.319145
trans_MPI_time	15.964621
trans_pack_time	0.372796
trans_enlarge_time	0.668474
trans_mu_time	0.455040
trans_unpack_time	3.603479
updateU_new_time	2.725890
runtime	3.592605
--------------------------------------------------!
***************dt=2.000000***************
***************flag=0***************
--------------------------------------------------!
time		0.000000
wall time	333.307247
*******************************
dgemm_time	81.044083
conv_transfer_time	0.000000
conv_calculate_time	3355.706787
elastic_calculate_time	3355.744141
Allen_Cahn_nonlinear_time	3468.699463
Cahn_Hilliard_nonlinear_time	0.012000
trans_time	41.290874
trans_Memcpy_time	19.305550
trans_MPI_time	16.442539
trans_pack_time	0.374556
trans_enlarge_time	0.691834
trans_mu_time	0.442560
trans_unpack_time	3.578521
updateU_new_time	2.726371
runtime	3.597600
--------------------------------------------------!
***************dt=2.000000***************
***************flag=0***************
--------------------------------------------------!
time		0.000000
wall time	336.900225
*******************************
dgemm_time	81.068741
conv_transfer_time	0.000000
conv_calculate_time	3353.041016
elastic_calculate_time	3353.078125
Allen_Cahn_nonlinear_time	3466.127441
Cahn_Hilliard_nonlinear_time	0.011840
trans_time	41.185467
trans_Memcpy_time	19.321232
trans_MPI_time	16.325584
trans_pack_time	0.374236
trans_enlarge_time	0.683514
trans_mu_time	0.448000
trans_unpack_time	3.583802
updateU_new_time	2.728292
runtime	3.593693
--------------------------------------------------!
***************dt=2.000000***************
***************flag=0***************
--------------------------------------------------!
time		0.000000
wall time	340.497880
*******************************
dgemm_time	81.049240
conv_transfer_time	0.000000
conv_calculate_time	3359.184326
elastic_calculate_time	3359.220947
Allen_Cahn_nonlinear_time	3476.788330
Cahn_Hilliard_nonlinear_time	0.011840
trans_time	40.959606
trans_Memcpy_time	19.335798
trans_MPI_time	16.093592
trans_pack_time	0.374397
trans_enlarge_time	0.668794
trans_mu_time	0.445280
trans_unpack_time	3.592442
updateU_new_time	2.726372
runtime	3.603954
--------------------------------------------------!
***************dt=2.000000***************
***************flag=0***************
--------------------------------------------------!
time		0.000000
wall time	344.091643
*******************************
dgemm_time	81.054382
conv_transfer_time	0.000000
conv_calculate_time	3353.107422
elastic_calculate_time	3353.145264
Allen_Cahn_nonlinear_time	3466.165283
Cahn_Hilliard_nonlinear_time	0.011680
trans_time	40.826481
trans_Memcpy_time	19.296602
trans_MPI_time	15.980316
trans_pack_time	0.398237
trans_enlarge_time	0.676154
trans_mu_time	0.444480
trans_unpack_time	3.580923
updateU_new_time	2.729573
runtime	3.593031
--------------------------------------------------!
***************dt=2.000000***************
***************flag=0***************
--------------------------------------------------!
time		0.000000
wall time	347.695662
*******************************
dgemm_time	81.020645
conv_transfer_time	0.000000
conv_calculate_time	3353.733887
elastic_calculate_time	3353.770752
Allen_Cahn_nonlinear_time	3467.823486
Cahn_Hilliard_nonlinear_time	0.012320
trans_time	40.773800
trans_Memcpy_time	19.295967
trans_MPI_time	15.909441
trans_pack_time	0.389437
trans_enlarge_time	0.669914
trans_mu_time	0.448960
trans_unpack_time	3.609084
updateU_new_time	2.725254
runtime	3.594762
--------------------------------------------------!
***************dt=2.000000***************
***************flag=0***************
--------------------------------------------------!
time		0.000000
wall time	351.288783
*******************************
dgemm_time	81.095543
conv_transfer_time	0.000000
conv_calculate_time	3353.367188
elastic_calculate_time	3353.418701
Allen_Cahn_nonlinear_time	3466.301514
Cahn_Hilliard_nonlinear_time	0.011840
trans_time	40.937477
trans_Memcpy_time	19.342852
trans_MPI_time	16.072643
trans_pack_time	0.373278
trans_enlarge_time	0.686714
trans_mu_time	0.439520
trans_unpack_time	3.572925
updateU_new_time	2.723814
runtime	3.593638
--------------------------------------------------!
***************dt=2.000000***************
***************flag=0***************
--------------------------------------------------!
time		0.000000
wall time	354.883642
*******************************
dgemm_time	81.041962
conv_transfer_time	0.000000
conv_calculate_time	3354.220703
elastic_calculate_time	3354.259033
Allen_Cahn_nonlinear_time	3468.151367
Cahn_Hilliard_nonlinear_time	0.011840
trans_time	40.961868
trans_Memcpy_time	19.358536
trans_MPI_time	16.030727
trans_pack_time	0.374878
trans_enlarge_time	0.671194
trans_mu_time	0.450560
trans_unpack_time	3.577086
updateU_new_time	2.726855
runtime	3.595123
--------------------------------------------------!
***************dt=2.000000***************
***************flag=0***************
--------------------------------------------------!
time		0.000000
wall time	358.477474
*******************************
dgemm_time	81.065498
conv_transfer_time	0.000000
conv_calculate_time	3355.526611
elastic_calculate_time	3355.563965
Allen_Cahn_nonlinear_time	3470.148438
Cahn_Hilliard_nonlinear_time	0.011840
trans_time	40.688690
trans_Memcpy_time	19.352459
trans_MPI_time	15.798254
trans_pack_time	0.378238
trans_enlarge_time	0.684154
trans_mu_time	0.440480
trans_unpack_time	3.578687
updateU_new_time	2.725736
runtime	3.598477
--------------------------------------------------!
***************dt=2.000000***************
***************flag=0***************
--------------------------------------------------!
time		0.000000
wall time	362.072820
