running   on	256   processors
restart		0
nx,ny,nz	260	260	260
px,py,pz	8	8	4
nghost		2
output   dir	./output/output2/
data   dir	./data/
dt,t_total	2.000000,200.100000
ELASTIC		1
ANISOTROPIC		1
nac,nch		6,2
xmin,ymin,zmin	0.000000	0.000000	0.000000
xmax,ymax,zmax	2048.000000	2048.000000	1024.000000
checkpoint_,nchk,chk	1,1000,0
nout		10000
Approx		32
detect_iter		100000
Reading input.txt file:
*******************************
dgemm_time	184.323380
conv_transfer_time	0.000000
conv_calculate_time	9762.047852
elastic_calculate_time	9762.097656
Allen_Cahn_nonlinear_time	9936.561523
Cahn_Hilliard_nonlinear_time	0.011840
trans_time	514.052124
trans_Memcpy_time	51.268593
trans_MPI_time	453.449829
trans_pack_time	0.658722
trans_enlarge_time	1.016641
trans_mu_time	0.527520
trans_unpack_time	6.547075
updateU_new_time	5.262588
runtime	10.644828
--------------------------------------------------!
***************dt=2.000000***************
***************flag=0***************
--------------------------------------------------!
time		0.000000
wall time	2.153911
*******************************
dgemm_time	183.029449
conv_transfer_time	0.000000
conv_calculate_time	6162.818848
elastic_calculate_time	6162.856445
Allen_Cahn_nonlinear_time	6352.340332
Cahn_Hilliard_nonlinear_time	0.012160
trans_time	55.385494
trans_Memcpy_time	27.262062
trans_MPI_time	19.338982
trans_pack_time	0.561442
trans_enlarge_time	0.787520
trans_mu_time	0.506560
trans_unpack_time	6.457634
updateU_new_time	5.259547
runtime	6.605780
--------------------------------------------------!
***************dt=2.000000***************
***************flag=0***************
--------------------------------------------------!
time		0.000000
wall time	12.825373
*******************************
dgemm_time	183.047531
conv_transfer_time	0.000000
conv_calculate_time	6165.620117
elastic_calculate_time	6165.661133
Allen_Cahn_nonlinear_time	6350.485840
Cahn_Hilliard_nonlinear_time	0.012000
trans_time	55.033733
trans_Memcpy_time	27.149900
trans_MPI_time	19.218180
trans_pack_time	0.556002
trans_enlarge_time	0.782560
trans_mu_time	0.504160
trans_unpack_time	6.362113
updateU_new_time	5.262427
runtime	6.599171
--------------------------------------------------!
***************dt=2.000000***************
***************flag=0***************
--------------------------------------------------!
time		0.000000
wall time	19.457704
*******************************
dgemm_time	183.144333
conv_transfer_time	0.000000
conv_calculate_time	6163.799805
elastic_calculate_time	6163.839355
Allen_Cahn_nonlinear_time	6351.166016
Cahn_Hilliard_nonlinear_time	0.012480
trans_time	56.449268
trans_Memcpy_time	27.174059
trans_MPI_time	20.582348
trans_pack_time	0.550882
trans_enlarge_time	0.801280
trans_mu_time	0.518560
trans_unpack_time	6.364513
updateU_new_time	5.279867
runtime	6.603696
--------------------------------------------------!
***************dt=2.000000***************
***************flag=0***************
--------------------------------------------------!
time		0.000000
wall time	26.083429
*******************************
dgemm_time	183.127533
conv_transfer_time	0.000000
conv_calculate_time	6158.705078
elastic_calculate_time	6158.743164
Allen_Cahn_nonlinear_time	6349.728516
Cahn_Hilliard_nonlinear_time	0.012000
trans_time	56.963860
trans_Memcpy_time	27.224140
trans_MPI_time	21.026350
trans_pack_time	0.575362
trans_enlarge_time	0.789280
trans_mu_time	0.503200
trans_unpack_time	6.376033
updateU_new_time	5.261947
runtime	6.599085
--------------------------------------------------!
***************dt=2.000000***************
***************flag=0***************
--------------------------------------------------!
time		0.000000
wall time	32.713749
*******************************
dgemm_time	183.136169
conv_transfer_time	0.000000
conv_calculate_time	6161.087891
elastic_calculate_time	6161.132812
Allen_Cahn_nonlinear_time	6349.633789
Cahn_Hilliard_nonlinear_time	0.012320
trans_time	55.341534
trans_Memcpy_time	27.195658
trans_MPI_time	19.457863
trans_pack_time	0.554082
trans_enlarge_time	0.797440
trans_mu_time	0.504640
trans_unpack_time	6.372833
updateU_new_time	5.261308
runtime	6.597870
--------------------------------------------------!
***************dt=2.000000***************
***************flag=0***************
--------------------------------------------------!
time		0.000000
wall time	39.339456
*******************************
dgemm_time	183.110260
conv_transfer_time	0.000000
conv_calculate_time	6162.169922
elastic_calculate_time	6162.229004
Allen_Cahn_nonlinear_time	6348.576660
Cahn_Hilliard_nonlinear_time	0.011840
trans_time	55.050625
trans_Memcpy_time	27.199181
trans_MPI_time	19.161381
trans_pack_time	0.556802
trans_enlarge_time	0.793440
trans_mu_time	0.512640
trans_unpack_time	6.364033
updateU_new_time	5.262108
runtime	6.597200
--------------------------------------------------!
***************dt=2.000000***************
***************flag=0***************
--------------------------------------------------!
time		0.000000
wall time	45.963922
*******************************
dgemm_time	183.121628
conv_transfer_time	0.000000
conv_calculate_time	6161.079102
elastic_calculate_time	6161.118164
Allen_Cahn_nonlinear_time	6349.822754
Cahn_Hilliard_nonlinear_time	0.011680
trans_time	55.017387
trans_Memcpy_time	27.142384
trans_MPI_time	19.111141
trans_pack_time	0.561762
trans_enlarge_time	0.820480
trans_mu_time	0.504320
trans_unpack_time	6.364994
updateU_new_time	5.263548
runtime	6.598082
--------------------------------------------------!
***************dt=2.000000***************
***************flag=0***************
--------------------------------------------------!
time		0.000000
wall time	52.587680
*******************************
dgemm_time	183.106293
conv_transfer_time	0.000000
conv_calculate_time	6163.590332
elastic_calculate_time	6163.628418
Allen_Cahn_nonlinear_time	6351.980469
Cahn_Hilliard_nonlinear_time	0.012000
trans_time	57.064339
trans_Memcpy_time	27.131184
trans_MPI_time	21.227955
trans_pack_time	0.553762
trans_enlarge_time	0.793440
trans_mu_time	0.509280
trans_unpack_time	6.382594
updateU_new_time	5.267068
runtime	6.603341
--------------------------------------------------!
***************dt=2.000000***************
***************flag=0***************
--------------------------------------------------!
time		0.000000
wall time	59.212341
*******************************
dgemm_time	183.164688
conv_transfer_time	0.000000
conv_calculate_time	6161.713379
elastic_calculate_time	6161.751953
Allen_Cahn_nonlinear_time	6348.334961
Cahn_Hilliard_nonlinear_time	0.011680
trans_time	56.888889
trans_Memcpy_time	27.135187
trans_MPI_time	21.035793
trans_pack_time	0.586242
trans_enlarge_time	0.786400
trans_mu_time	0.502880
trans_unpack_time	6.376514
updateU_new_time	5.260668
runtime	6.598853
--------------------------------------------------!
***************dt=2.000000***************
***************flag=0***************
--------------------------------------------------!
time		0.000000
wall time	65.842241
*******************************
dgemm_time	183.152527
conv_transfer_time	0.000000
conv_calculate_time	6162.256836
elastic_calculate_time	6162.295898
Allen_Cahn_nonlinear_time	6345.856445
Cahn_Hilliard_nonlinear_time	0.012000
trans_time	56.234001
trans_Memcpy_time	27.149906
trans_MPI_time	20.376751
trans_pack_time	0.555522
trans_enlarge_time	0.799360
trans_mu_time	0.506560
trans_unpack_time	6.381315
updateU_new_time	5.264029
runtime	6.595203
--------------------------------------------------!
***************dt=2.000000***************
***************flag=0***************
--------------------------------------------------!
time		0.000000
wall time	72.467672
*******************************
dgemm_time	183.046768
conv_transfer_time	0.000000
conv_calculate_time	6161.779297
elastic_calculate_time	6161.821289
Allen_Cahn_nonlinear_time	6352.266113
Cahn_Hilliard_nonlinear_time	0.011680
trans_time	56.205299
trans_Memcpy_time	27.208630
trans_MPI_time	20.321232
trans_pack_time	0.558882
trans_enlarge_time	0.779360
trans_mu_time	0.515680
trans_unpack_time	6.358915
updateU_new_time	5.260349
runtime	6.600646
--------------------------------------------------!
***************dt=2.000000***************
***************flag=0***************
--------------------------------------------------!
time		0.000000
wall time	79.089484
*******************************
dgemm_time	183.017975
conv_transfer_time	0.000000
conv_calculate_time	6161.288086
elastic_calculate_time	6161.328613
Allen_Cahn_nonlinear_time	6349.536133
Cahn_Hilliard_nonlinear_time	0.012480
trans_time	56.287373
trans_Memcpy_time	27.174229
trans_MPI_time	20.415951
trans_pack_time	0.561602
trans_enlarge_time	0.809920
trans_mu_time	0.505440
trans_unpack_time	6.359235
updateU_new_time	5.258909
runtime	6.599179
--------------------------------------------------!
***************dt=2.000000***************
***************flag=0***************
--------------------------------------------------!
time		0.000000
wall time	85.718375
*******************************
dgemm_time	183.128372
conv_transfer_time	0.000000
conv_calculate_time	6158.856934
elastic_calculate_time	6158.898926
Allen_Cahn_nonlinear_time	6341.121094
Cahn_Hilliard_nonlinear_time	0.011840
trans_time	54.806244
trans_Memcpy_time	27.179508
trans_MPI_time	18.929226
trans_pack_time	0.557762
trans_enlarge_time	0.823040
trans_mu_time	0.505120
trans_unpack_time	6.350275
updateU_new_time	5.269629
runtime	6.590078
--------------------------------------------------!
***************dt=2.000000***************
***************flag=0***************
--------------------------------------------------!
time		0.000000
wall time	92.344122
*******************************
dgemm_time	183.099258
conv_transfer_time	0.000000
conv_calculate_time	6162.655762
elastic_calculate_time	6162.696777
Allen_Cahn_nonlinear_time	6348.440918
Cahn_Hilliard_nonlinear_time	0.011680
trans_time	55.693012
trans_Memcpy_time	27.208950
trans_MPI_time	19.765230
trans_pack_time	0.588002
trans_enlarge_time	0.784960
trans_mu_time	0.505120
trans_unpack_time	6.380355
updateU_new_time	5.260349
runtime	6.599470
--------------------------------------------------!
***************dt=2.000000***************
***************flag=0***************
--------------------------------------------------!
time		0.000000
wall time	98.960772
*******************************
dgemm_time	183.117065
conv_transfer_time	0.000000
conv_calculate_time	6159.706543
elastic_calculate_time	6159.771484
Allen_Cahn_nonlinear_time	6348.702148
Cahn_Hilliard_nonlinear_time	0.011680
trans_time	56.246105
trans_Memcpy_time	27.188789
trans_MPI_time	20.321392
trans_pack_time	0.565442
trans_enlarge_time	0.804320
trans_mu_time	0.502240
trans_unpack_time	6.397795
updateU_new_time	5.262385
runtime	6.597262
--------------------------------------------------!
***************dt=2.000000***************
***************flag=0***************
--------------------------------------------------!
time		0.000000
wall time	105.586841
*******************************
dgemm_time	183.027512
conv_transfer_time	0.000000
conv_calculate_time	6165.231445
elastic_calculate_time	6165.274414
Allen_Cahn_nonlinear_time	6352.437988
Cahn_Hilliard_nonlinear_time	0.012480
trans_time	54.678551
trans_Memcpy_time	27.203272
trans_MPI_time	18.738659
trans_pack_time	0.562240
trans_enlarge_time	0.786080
trans_mu_time	0.504000
trans_unpack_time	6.361258
updateU_new_time	5.265531
runtime	6.599308
--------------------------------------------------!
***************dt=2.000000***************
***************flag=0***************
--------------------------------------------------!
time		0.000000
wall time	112.210890
*******************************
dgemm_time	183.058716
conv_transfer_time	0.000000
conv_calculate_time	6161.095703
elastic_calculate_time	6161.136230
Allen_Cahn_nonlinear_time	6349.778320
Cahn_Hilliard_nonlinear_time	0.012000
trans_time	56.574528
trans_Memcpy_time	27.126526
trans_MPI_time	20.758289
trans_pack_time	0.555354
trans_enlarge_time	0.796154
trans_mu_time	0.519514
trans_unpack_time	6.357517
updateU_new_time	5.261856
runtime	6.599609
--------------------------------------------------!
***************dt=2.000000***************
***************flag=0***************
--------------------------------------------------!
time		0.000000
wall time	118.836727
*******************************
dgemm_time	183.097275
conv_transfer_time	0.000000
conv_calculate_time	6163.012207
elastic_calculate_time	6163.051270
Allen_Cahn_nonlinear_time	6349.581055
Cahn_Hilliard_nonlinear_time	0.012000
trans_time	55.701187
trans_Memcpy_time	27.237268
trans_MPI_time	19.778160
trans_pack_time	0.555674
trans_enlarge_time	0.784474
trans_mu_time	0.504314
trans_unpack_time	6.380082
updateU_new_time	5.275460
runtime	6.598755
--------------------------------------------------!
***************dt=2.000000***************
***************flag=0***************
--------------------------------------------------!
time		0.000000
wall time	125.462951
*******************************
dgemm_time	183.071808
conv_transfer_time	0.000000
conv_calculate_time	6159.388184
elastic_calculate_time	6159.430176
Allen_Cahn_nonlinear_time	6342.741699
Cahn_Hilliard_nonlinear_time	0.012000
trans_time	57.482876
trans_Memcpy_time	27.231852
trans_MPI_time	21.542315
trans_pack_time	0.573594
trans_enlarge_time	0.782714
trans_mu_time	0.505759
trans_unpack_time	6.383608
updateU_new_time	5.264904
runtime	6.593709
--------------------------------------------------!
***************dt=2.000000***************
***************flag=0***************
--------------------------------------------------!
time		0.000000
wall time	132.088282
*******************************
dgemm_time	183.095291
conv_transfer_time	0.000000
conv_calculate_time	6164.470215
elastic_calculate_time	6164.511230
Allen_Cahn_nonlinear_time	6350.294922
Cahn_Hilliard_nonlinear_time	0.012320
trans_time	54.804035
trans_Memcpy_time	27.189152
trans_MPI_time	18.922998
trans_pack_time	0.556315
trans_enlarge_time	0.781434
trans_mu_time	0.509599
trans_unpack_time	6.383772
updateU_new_time	5.261548
runtime	6.598948
--------------------------------------------------!
***************dt=2.000000***************
***************flag=0***************
--------------------------------------------------!
time		0.000000
wall time	138.708595
*******************************
dgemm_time	183.070129
conv_transfer_time	0.000000
conv_calculate_time	6161.570801
elastic_calculate_time	6161.611816
Allen_Cahn_nonlinear_time	6351.355469
Cahn_Hilliard_nonlinear_time	0.012000
trans_time	59.418171
trans_Memcpy_time	27.436529
trans_MPI_time	23.224091
trans_pack_time	0.557276
trans_enlarge_time	0.812314
trans_mu_time	0.506720
trans_unpack_time	6.363617
updateU_new_time	5.259631
runtime	6.604860
--------------------------------------------------!
***************dt=2.000000***************
***************flag=0***************
--------------------------------------------------!
time		0.000000
wall time	145.334294
*******************************
dgemm_time	183.054077
conv_transfer_time	0.000000
conv_calculate_time	6165.222168
elastic_calculate_time	6165.264160
Allen_Cahn_nonlinear_time	6350.958496
Cahn_Hilliard_nonlinear_time	0.012160
trans_time	55.340206
trans_Memcpy_time	27.501986
trans_MPI_time	19.155342
trans_pack_time	0.551836
trans_enlarge_time	0.790554
trans_mu_time	0.517760
trans_unpack_time	6.361701
updateU_new_time	5.258354
runtime	6.599924
--------------------------------------------------!
***************dt=2.000000***************
***************flag=0***************
--------------------------------------------------!
time		0.000000
wall time	151.966143
*******************************
dgemm_time	183.091934
conv_transfer_time	0.000000
conv_calculate_time	6161.831055
elastic_calculate_time	6161.872559
Allen_Cahn_nonlinear_time	6350.628418
Cahn_Hilliard_nonlinear_time	0.011680
trans_time	55.045769
trans_Memcpy_time	27.434801
trans_MPI_time	18.925436
trans_pack_time	0.557916
trans_enlarge_time	0.793594
trans_mu_time	0.507360
trans_unpack_time	6.363625
updateU_new_time	5.273397
runtime	6.601058
--------------------------------------------------!
***************dt=2.000000***************
***************flag=0***************
--------------------------------------------------!
time		0.000000
wall time	158.592868
*******************************
dgemm_time	183.252991
conv_transfer_time	0.000000
conv_calculate_time	6163.114746
elastic_calculate_time	6163.160645
Allen_Cahn_nonlinear_time	6349.191895
Cahn_Hilliard_nonlinear_time	0.012800
trans_time	58.032543
trans_Memcpy_time	27.428097
trans_MPI_time	21.901581
trans_pack_time	0.557276
trans_enlarge_time	0.786554
trans_mu_time	0.510720
trans_unpack_time	6.385868
updateU_new_time	5.263000
runtime	6.600721
--------------------------------------------------!
***************dt=2.000000***************
***************flag=0***************
--------------------------------------------------!
time		0.000000
wall time	165.220707
*******************************
dgemm_time	183.195297
conv_transfer_time	0.000000
conv_calculate_time	6165.519531
elastic_calculate_time	6165.559570
Allen_Cahn_nonlinear_time	6349.599609
Cahn_Hilliard_nonlinear_time	0.012000
trans_time	55.451202
trans_Memcpy_time	27.422672
trans_MPI_time	19.265612
trans_pack_time	0.558716
trans_enlarge_time	0.780476
trans_mu_time	0.511200
trans_unpack_time	6.384271
updateU_new_time	5.261082
runtime	6.598458
--------------------------------------------------!
***************dt=2.000000***************
***************flag=0***************
--------------------------------------------------!
time		0.000000
wall time	171.848233
*******************************
dgemm_time	183.126724
conv_transfer_time	0.000000
conv_calculate_time	6161.052734
elastic_calculate_time	6161.095703
Allen_Cahn_nonlinear_time	6344.226562
Cahn_Hilliard_nonlinear_time	0.012000
trans_time	55.680832
trans_Memcpy_time	27.458523
trans_MPI_time	19.531538
trans_pack_time	0.556636
trans_enlarge_time	0.807197
trans_mu_time	0.503520
trans_unpack_time	6.361874
updateU_new_time	5.262524
runtime	6.593017
--------------------------------------------------!
***************dt=2.000000***************
***************flag=0***************
--------------------------------------------------!
time		0.000000
wall time	178.473520
*******************************
dgemm_time	183.181335
conv_transfer_time	0.000000
conv_calculate_time	6162.963379
elastic_calculate_time	6163.005371
Allen_Cahn_nonlinear_time	6345.145020
Cahn_Hilliard_nonlinear_time	0.012320
trans_time	56.331978
trans_Memcpy_time	27.430691
trans_MPI_time	20.227381
trans_pack_time	0.551517
trans_enlarge_time	0.776959
trans_mu_time	0.507360
trans_unpack_time	6.366356
updateU_new_time	5.261405
runtime	6.595929
--------------------------------------------------!
***************dt=2.000000***************
***************flag=0***************
--------------------------------------------------!
time		0.000000
wall time	185.093285
*******************************
dgemm_time	183.123474
conv_transfer_time	0.000000
conv_calculate_time	6161.492676
elastic_calculate_time	6161.533203
Allen_Cahn_nonlinear_time	6349.524902
Cahn_Hilliard_nonlinear_time	0.011840
trans_time	57.761829
trans_Memcpy_time	27.431021
trans_MPI_time	21.625937
trans_pack_time	0.554718
trans_enlarge_time	0.814719
trans_mu_time	0.510240
trans_unpack_time	6.363958
updateU_new_time	5.265567
runtime	6.610596
--------------------------------------------------!
***************dt=2.000000***************
***************flag=0***************
--------------------------------------------------!
time		0.000000
wall time	191.715911
*******************************
dgemm_time	183.106735
conv_transfer_time	0.000000
conv_calculate_time	6162.268066
elastic_calculate_time	6162.307617
Allen_Cahn_nonlinear_time	6348.438965
Cahn_Hilliard_nonlinear_time	0.011680
trans_time	54.836876
trans_Memcpy_time	27.387032
trans_MPI_time	18.740202
trans_pack_time	0.555998
trans_enlarge_time	0.801760
trans_mu_time	0.505440
trans_unpack_time	6.379640
updateU_new_time	5.260769
runtime	6.596805
--------------------------------------------------!
***************dt=2.000000***************
***************flag=0***************
--------------------------------------------------!
time		0.000000
wall time	198.353241
*******************************
dgemm_time	183.100861
conv_transfer_time	0.000000
conv_calculate_time	6163.605469
elastic_calculate_time	6163.647461
Allen_Cahn_nonlinear_time	6349.370605
Cahn_Hilliard_nonlinear_time	0.012000
trans_time	59.443462
trans_Memcpy_time	27.477276
trans_MPI_time	23.275700
trans_pack_time	0.553598
trans_enlarge_time	0.788960
trans_mu_time	0.506240
trans_unpack_time	6.376762
updateU_new_time	5.259650
runtime	6.602043
--------------------------------------------------!
***************dt=2.000000***************
***************flag=0***************
--------------------------------------------------!
time		0.000000
wall time	204.976817
*******************************
dgemm_time	183.155792
conv_transfer_time	0.000000
conv_calculate_time	6164.708496
elastic_calculate_time	6164.749512
Allen_Cahn_nonlinear_time	6355.787598
Cahn_Hilliard_nonlinear_time	0.012640
trans_time	55.230904
trans_Memcpy_time	27.432964
trans_MPI_time	19.105490
trans_pack_time	0.558238
trans_enlarge_time	0.803680
trans_mu_time	0.511840
trans_unpack_time	6.355644
updateU_new_time	5.260292
runtime	6.605340
--------------------------------------------------!
***************dt=2.000000***************
***************flag=0***************
--------------------------------------------------!
time		0.000000
wall time	211.605598
*******************************
dgemm_time	183.078568
conv_transfer_time	0.000000
conv_calculate_time	6166.550781
elastic_calculate_time	6166.593750
Allen_Cahn_nonlinear_time	6351.143066
Cahn_Hilliard_nonlinear_time	0.012320
trans_time	54.825859
trans_Memcpy_time	27.439690
trans_MPI_time	18.680859
trans_pack_time	0.554878
trans_enlarge_time	0.819520
trans_mu_time	0.503680
trans_unpack_time	6.365726
updateU_new_time	5.260613
runtime	6.599366
--------------------------------------------------!
***************dt=2.000000***************
***************flag=0***************
--------------------------------------------------!
time		0.000000
wall time	218.237725
*******************************
dgemm_time	183.066605
conv_transfer_time	0.000000
conv_calculate_time	6160.882324
elastic_calculate_time	6160.924805
Allen_Cahn_nonlinear_time	6348.101074
Cahn_Hilliard_nonlinear_time	0.011680
trans_time	55.478992
trans_Memcpy_time	27.448658
trans_MPI_time	19.344221
trans_pack_time	0.561278
trans_enlarge_time	0.785440
trans_mu_time	0.510560
trans_unpack_time	6.360927
updateU_new_time	5.260294
runtime	6.596598
--------------------------------------------------!
***************dt=2.000000***************
***************flag=0***************
--------------------------------------------------!
time		0.000000
wall time	224.863865
*******************************
dgemm_time	183.186325
conv_transfer_time	0.000000
conv_calculate_time	6163.093750
elastic_calculate_time	6163.134766
Allen_Cahn_nonlinear_time	6352.305664
Cahn_Hilliard_nonlinear_time	0.012320
trans_time	54.810009
trans_Memcpy_time	27.519545
trans_MPI_time	18.507269
trans_pack_time	0.555038
trans_enlarge_time	0.809920
trans_mu_time	0.503840
trans_unpack_time	6.383808
updateU_new_time	5.264615
runtime	6.598472
--------------------------------------------------!
***************dt=2.000000***************
***************flag=0***************
--------------------------------------------------!
time		0.000000
wall time	231.487226
*******************************
dgemm_time	183.187958
conv_transfer_time	0.000000
conv_calculate_time	6159.228027
elastic_calculate_time	6159.271484
Allen_Cahn_nonlinear_time	6347.113281
Cahn_Hilliard_nonlinear_time	0.012000
trans_time	61.848446
trans_Memcpy_time	27.544191
trans_MPI_time	25.607239
trans_pack_time	0.555998
trans_enlarge_time	0.791680
trans_mu_time	0.504800
trans_unpack_time	6.380290
updateU_new_time	5.263656
runtime	6.602132
--------------------------------------------------!
***************dt=2.000000***************
***************flag=0***************
--------------------------------------------------!
time		0.000000
wall time	238.112495
*******************************
dgemm_time	183.222565
conv_transfer_time	0.000000
conv_calculate_time	6162.597656
elastic_calculate_time	6162.638672
Allen_Cahn_nonlinear_time	6344.498047
Cahn_Hilliard_nonlinear_time	0.012160
trans_time	56.527943
trans_Memcpy_time	27.408356
trans_MPI_time	20.420067
trans_pack_time	0.559198
trans_enlarge_time	0.795360
trans_mu_time	0.516160
trans_unpack_time	6.366691
updateU_new_time	5.261897
runtime	6.594180
--------------------------------------------------!
***************dt=2.000000***************
***************flag=0***************
--------------------------------------------------!
time		0.000000
wall time	244.741482
*******************************
dgemm_time	183.094757
conv_transfer_time	0.000000
conv_calculate_time	6160.124512
elastic_calculate_time	6160.173828
Allen_Cahn_nonlinear_time	6348.366699
Cahn_Hilliard_nonlinear_time	0.011840
trans_time	54.880501
trans_Memcpy_time	27.444841
trans_MPI_time	18.738640
trans_pack_time	0.562398
trans_enlarge_time	0.805920
trans_mu_time	0.505440
trans_unpack_time	6.360773
updateU_new_time	5.260938
runtime	6.596722
--------------------------------------------------!
***************dt=2.000000***************
***************flag=0***************
--------------------------------------------------!
time		0.000000
wall time	251.362381
*******************************
dgemm_time	183.164383
conv_transfer_time	0.000000
conv_calculate_time	6164.369141
elastic_calculate_time	6164.412598
Allen_Cahn_nonlinear_time	6348.935059
Cahn_Hilliard_nonlinear_time	0.012320
trans_time	56.158306
trans_Memcpy_time	27.491570
trans_MPI_time	19.979757
trans_pack_time	0.559838
trans_enlarge_time	0.790240
trans_mu_time	0.503200
trans_unpack_time	6.371974
updateU_new_time	5.262219
runtime	6.596794
--------------------------------------------------!
***************dt=2.000000***************
***************flag=0***************
--------------------------------------------------!
time		0.000000
wall time	257.985893
*******************************
dgemm_time	183.104416
conv_transfer_time	0.000000
conv_calculate_time	6161.988281
elastic_calculate_time	6162.030273
Allen_Cahn_nonlinear_time	6351.304688
Cahn_Hilliard_nonlinear_time	0.011680
trans_time	54.686604
trans_Memcpy_time	27.433170
trans_MPI_time	18.557686
trans_pack_time	0.571518
trans_enlarge_time	0.782240
trans_mu_time	0.500640
trans_unpack_time	6.382215
updateU_new_time	5.261100
runtime	6.598607
--------------------------------------------------!
***************dt=2.000000***************
***************flag=0***************
--------------------------------------------------!
time		0.000000
wall time	264.609505
*******************************
dgemm_time	183.173096
conv_transfer_time	0.000000
conv_calculate_time	6158.087402
elastic_calculate_time	6158.127930
Allen_Cahn_nonlinear_time	6349.487305
Cahn_Hilliard_nonlinear_time	0.012000
trans_time	57.753708
trans_Memcpy_time	27.449018
trans_MPI_time	21.595757
trans_pack_time	0.569758
trans_enlarge_time	0.789440
trans_mu_time	0.504000
trans_unpack_time	6.380936
updateU_new_time	5.262061
runtime	6.599972
--------------------------------------------------!
***************dt=2.000000***************
***************flag=0***************
--------------------------------------------------!
time		0.000000
wall time	271.234922
*******************************
dgemm_time	183.175827
conv_transfer_time	0.000000
conv_calculate_time	6163.691406
elastic_calculate_time	6163.732910
Allen_Cahn_nonlinear_time	6351.078613
Cahn_Hilliard_nonlinear_time	0.011520
trans_time	55.771366
trans_Memcpy_time	27.429663
trans_MPI_time	19.656731
trans_pack_time	0.557118
trans_enlarge_time	0.784800
trans_mu_time	0.505120
trans_unpack_time	6.370537
updateU_new_time	5.262702
runtime	6.600242
--------------------------------------------------!
***************dt=2.000000***************
***************flag=0***************
--------------------------------------------------!
time		0.000000
wall time	277.861681
*******************************
dgemm_time	183.109467
conv_transfer_time	0.000000
conv_calculate_time	6161.271484
elastic_calculate_time	6161.312500
Allen_Cahn_nonlinear_time	6343.848145
Cahn_Hilliard_nonlinear_time	0.012000
trans_time	58.791485
trans_Memcpy_time	27.384865
trans_MPI_time	22.728081
trans_pack_time	0.553439
trans_enlarge_time	0.781600
trans_mu_time	0.509760
trans_unpack_time	6.371658
updateU_new_time	5.261103
runtime	6.598532
--------------------------------------------------!
***************dt=2.000000***************
***************flag=0***************
--------------------------------------------------!
time		0.000000
wall time	284.488661
*******************************
dgemm_time	183.162140
conv_transfer_time	0.000000
conv_calculate_time	6161.077148
elastic_calculate_time	6161.131836
Allen_Cahn_nonlinear_time	6354.286133
Cahn_Hilliard_nonlinear_time	0.011680
trans_time	54.674137
trans_Memcpy_time	27.408710
trans_MPI_time	18.558338
trans_pack_time	0.558560
trans_enlarge_time	0.805120
trans_mu_time	0.509600
trans_unpack_time	6.371179
updateU_new_time	5.259988
runtime	6.602732
--------------------------------------------------!
***************dt=2.000000***************
***************flag=0***************
--------------------------------------------------!
time		0.000000
wall time	291.113941
*******************************
dgemm_time	183.121613
conv_transfer_time	0.000000
conv_calculate_time	6161.647461
elastic_calculate_time	6161.687012
Allen_Cahn_nonlinear_time	6342.213379
Cahn_Hilliard_nonlinear_time	0.012480
trans_time	54.780582
trans_Memcpy_time	27.443783
trans_MPI_time	18.607962
trans_pack_time	0.586240
trans_enlarge_time	0.799680
trans_mu_time	0.505120
trans_unpack_time	6.372307
updateU_new_time	5.260526
runtime	6.594150
--------------------------------------------------!
***************dt=2.000000***************
***************flag=0***************
--------------------------------------------------!
time		0.000000
wall time	297.743519
*******************************
dgemm_time	183.214767
conv_transfer_time	0.000000
conv_calculate_time	6163.761230
elastic_calculate_time	6163.799805
Allen_Cahn_nonlinear_time	6349.152344
Cahn_Hilliard_nonlinear_time	0.011840
trans_time	54.752403
trans_Memcpy_time	27.393843
trans_MPI_time	18.632807
trans_pack_time	0.585124
trans_enlarge_time	0.788806
trans_mu_time	0.511040
trans_unpack_time	6.381977
updateU_new_time	5.264733
runtime	6.600626
--------------------------------------------------!
***************dt=2.000000***************
***************flag=0***************
--------------------------------------------------!
time		0.000000
wall time	304.364358
*******************************
dgemm_time	183.189835
conv_transfer_time	0.000000
conv_calculate_time	6162.743164
elastic_calculate_time	6162.782715
Allen_Cahn_nonlinear_time	6356.057617
Cahn_Hilliard_nonlinear_time	0.011680
trans_time	54.656849
trans_Memcpy_time	27.419844
trans_MPI_time	18.553928
trans_pack_time	0.555209
trans_enlarge_time	0.800652
trans_mu_time	0.506886
trans_unpack_time	6.356592
updateU_new_time	5.261694
runtime	6.605082
--------------------------------------------------!
***************dt=2.000000***************
***************flag=0***************
--------------------------------------------------!
time		0.000000
wall time	310.991724
*******************************
dgemm_time	183.166504
conv_transfer_time	0.000000
conv_calculate_time	6161.430176
elastic_calculate_time	6161.471680
Allen_Cahn_nonlinear_time	6350.245117
Cahn_Hilliard_nonlinear_time	0.012160
trans_time	55.797909
trans_Memcpy_time	27.417450
trans_MPI_time	19.685631
trans_pack_time	0.558089
trans_enlarge_time	0.790732
trans_mu_time	0.509126
trans_unpack_time	6.370194
updateU_new_time	5.260415
runtime	6.599451
--------------------------------------------------!
***************dt=2.000000***************
***************flag=0***************
--------------------------------------------------!
time		0.000000
wall time	317.623550
*******************************
dgemm_time	183.119659
conv_transfer_time	0.000000
conv_calculate_time	6160.990723
elastic_calculate_time	6161.032715
Allen_Cahn_nonlinear_time	6347.145020
Cahn_Hilliard_nonlinear_time	0.011840
trans_time	56.669693
trans_Memcpy_time	27.424812
trans_MPI_time	20.563570
trans_pack_time	0.554569
trans_enlarge_time	0.792172
trans_mu_time	0.504806
trans_unpack_time	6.369715
updateU_new_time	5.259295
runtime	6.597826
--------------------------------------------------!
***************dt=2.000000***************
***************flag=0***************
--------------------------------------------------!
time		0.000000
wall time	324.249729
*******************************
dgemm_time	183.125122
conv_transfer_time	0.000000
conv_calculate_time	6163.722168
elastic_calculate_time	6163.762695
Allen_Cahn_nonlinear_time	6350.208496
Cahn_Hilliard_nonlinear_time	0.012480
trans_time	54.819817
trans_Memcpy_time	27.682102
trans_MPI_time	18.394894
trans_pack_time	0.580970
trans_enlarge_time	0.804333
trans_mu_time	0.513126
trans_unpack_time	6.378836
updateU_new_time	5.262016
runtime	6.598637
--------------------------------------------------!
***************dt=2.000000***************
***************flag=0***************
--------------------------------------------------!
time		0.000000
wall time	330.874320
*******************************
dgemm_time	183.166580
conv_transfer_time	0.000000
conv_calculate_time	6159.332520
elastic_calculate_time	6159.372559
Allen_Cahn_nonlinear_time	6347.299805
Cahn_Hilliard_nonlinear_time	0.012320
trans_time	54.762356
trans_Memcpy_time	27.404179
trans_MPI_time	18.617142
trans_pack_time	0.583049
trans_enlarge_time	0.802732
trans_mu_time	0.512806
trans_unpack_time	6.379957
updateU_new_time	5.260257
runtime	6.595681
--------------------------------------------------!
***************dt=2.000000***************
***************flag=0***************
--------------------------------------------------!
time		0.000000
wall time	337.499708
*******************************
dgemm_time	183.275894
conv_transfer_time	0.000000
conv_calculate_time	6165.626465
elastic_calculate_time	6165.666504
Allen_Cahn_nonlinear_time	6355.729492
Cahn_Hilliard_nonlinear_time	0.011680
trans_time	55.144390
trans_Memcpy_time	27.695707
trans_MPI_time	18.758427
trans_pack_time	0.558250
trans_enlarge_time	0.808653
trans_mu_time	0.507846
trans_unpack_time	6.357397
updateU_new_time	5.264098
runtime	6.603950
--------------------------------------------------!
***************dt=2.000000***************
***************flag=0***************
--------------------------------------------------!
time		0.000000
wall time	344.095505
*******************************
dgemm_time	183.229767
conv_transfer_time	0.000000
conv_calculate_time	6166.510742
elastic_calculate_time	6166.551758
Allen_Cahn_nonlinear_time	6355.258301
Cahn_Hilliard_nonlinear_time	0.012480
trans_time	54.930321
trans_Memcpy_time	27.594589
trans_MPI_time	18.651226
trans_pack_time	0.558090
trans_enlarge_time	0.789452
trans_mu_time	0.508806
trans_unpack_time	6.372438
updateU_new_time	5.260416
runtime	6.604330
--------------------------------------------------!
***************dt=2.000000***************
***************flag=0***************
--------------------------------------------------!
time		0.000000
wall time	350.699544
*******************************
dgemm_time	183.177231
conv_transfer_time	0.000000
conv_calculate_time	6164.678223
elastic_calculate_time	6164.720215
Allen_Cahn_nonlinear_time	6355.066895
Cahn_Hilliard_nonlinear_time	0.011680
trans_time	54.933060
trans_Memcpy_time	27.752825
trans_MPI_time	18.470097
trans_pack_time	0.552969
trans_enlarge_time	0.800972
trans_mu_time	0.512486
trans_unpack_time	6.382197
updateU_new_time	5.260575
runtime	6.604089
--------------------------------------------------!
***************dt=2.000000***************
***************flag=0***************
--------------------------------------------------!
time		0.000000
wall time	357.303969
*******************************
dgemm_time	183.246796
conv_transfer_time	0.000000
conv_calculate_time	6166.458496
elastic_calculate_time	6166.499512
Allen_Cahn_nonlinear_time	6354.324219
Cahn_Hilliard_nonlinear_time	0.012000
trans_time	55.038307
trans_Memcpy_time	27.588335
trans_MPI_time	18.759378
trans_pack_time	0.572810
trans_enlarge_time	0.779852
trans_mu_time	0.506406
trans_unpack_time	6.371635
updateU_new_time	5.260253
runtime	6.603244
--------------------------------------------------!
***************dt=2.000000***************
***************flag=0***************
--------------------------------------------------!
time		0.000000
wall time	363.908158
*******************************
dgemm_time	183.263870
conv_transfer_time	0.000000
conv_calculate_time	6164.289062
elastic_calculate_time	6164.330078
Allen_Cahn_nonlinear_time	6353.140137
Cahn_Hilliard_nonlinear_time	0.012000
trans_time	54.875957
trans_Memcpy_time	27.649931
trans_MPI_time	18.530888
trans_pack_time	0.572329
trans_enlarge_time	0.782092
trans_mu_time	0.508486
trans_unpack_time	6.375473
updateU_new_time	5.260572
runtime	6.604396
--------------------------------------------------!
***************dt=2.000000***************
***************flag=0***************
--------------------------------------------------!
time		0.000000
wall time	370.511490
*******************************
dgemm_time	183.205750
conv_transfer_time	0.000000
conv_calculate_time	6166.097656
elastic_calculate_time	6166.139160
Allen_Cahn_nonlinear_time	6354.270020
Cahn_Hilliard_nonlinear_time	0.011840
trans_time	56.532814
trans_Memcpy_time	27.629444
trans_MPI_time	20.196674
trans_pack_time	0.552809
trans_enlarge_time	0.812812
trans_mu_time	0.518566
trans_unpack_time	6.365392
updateU_new_time	5.261051
runtime	6.603632
--------------------------------------------------!
***************dt=2.000000***************
***************flag=0***************
--------------------------------------------------!
time		0.000000
wall time	377.115999
*******************************
dgemm_time	183.209381
conv_transfer_time	0.000000
conv_calculate_time	6167.942871
elastic_calculate_time	6167.984375
Allen_Cahn_nonlinear_time	6352.810059
Cahn_Hilliard_nonlinear_time	0.012000
trans_time	54.969093
trans_Memcpy_time	27.382553
trans_MPI_time	18.878567
trans_pack_time	0.560009
trans_enlarge_time	0.809132
trans_mu_time	0.510726
trans_unpack_time	6.370670
updateU_new_time	5.270810
runtime	6.601809
--------------------------------------------------!
***************dt=2.000000***************
***************flag=0***************
--------------------------------------------------!
time		0.000000
wall time	383.719733
*******************************
dgemm_time	183.224854
conv_transfer_time	0.000000
conv_calculate_time	6165.918945
elastic_calculate_time	6165.958496
Allen_Cahn_nonlinear_time	6352.261230
Cahn_Hilliard_nonlinear_time	0.012000
trans_time	55.077564
trans_Memcpy_time	27.427670
trans_MPI_time	18.969763
trans_pack_time	0.555209
trans_enlarge_time	0.783852
trans_mu_time	0.510406
trans_unpack_time	6.374509
updateU_new_time	5.265209
runtime	6.600534
--------------------------------------------------!
***************dt=2.000000***************
***************flag=0***************
--------------------------------------------------!
time		0.000000
wall time	390.321635
*******************************
dgemm_time	183.199554
conv_transfer_time	0.000000
conv_calculate_time	6168.202148
elastic_calculate_time	6168.241211
Allen_Cahn_nonlinear_time	6355.346680
Cahn_Hilliard_nonlinear_time	0.012480
trans_time	54.977631
trans_Memcpy_time	27.399660
trans_MPI_time	18.893597
trans_pack_time	0.551368
trans_enlarge_time	0.792332
trans_mu_time	0.506726
trans_unpack_time	6.379308
updateU_new_time	5.259928
runtime	6.604061
--------------------------------------------------!
***************dt=2.000000***************
***************flag=0***************
--------------------------------------------------!
time		0.000000
wall time	396.922247
*******************************
dgemm_time	183.288147
conv_transfer_time	0.000000
conv_calculate_time	6165.287109
elastic_calculate_time	6165.329102
Allen_Cahn_nonlinear_time	6354.810059
Cahn_Hilliard_nonlinear_time	0.012480
trans_time	54.956787
trans_Memcpy_time	27.410215
trans_MPI_time	18.869595
trans_pack_time	0.555368
trans_enlarge_time	0.796332
trans_mu_time	0.504646
trans_unpack_time	6.364426
updateU_new_time	5.260567
runtime	6.603145
--------------------------------------------------!
***************dt=2.000000***************
***************flag=0***************
--------------------------------------------------!
time		0.000000
wall time	403.526398
*******************************
dgemm_time	183.235626
conv_transfer_time	0.000000
conv_calculate_time	6168.434082
elastic_calculate_time	6168.472656
Allen_Cahn_nonlinear_time	6355.785645
Cahn_Hilliard_nonlinear_time	0.012320
trans_time	55.015617
trans_Memcpy_time	27.388290
trans_MPI_time	18.936632
trans_pack_time	0.559208
trans_enlarge_time	0.781452
trans_mu_time	0.516166
trans_unpack_time	6.370825
updateU_new_time	5.263766
runtime	6.605297
--------------------------------------------------!
***************dt=2.000000***************
***************flag=0***************
--------------------------------------------------!
time		0.000000
wall time	410.129615
*******************************
dgemm_time	183.246155
conv_transfer_time	0.000000
conv_calculate_time	6167.264160
elastic_calculate_time	6167.303223
Allen_Cahn_nonlinear_time	6353.080078
Cahn_Hilliard_nonlinear_time	0.012000
trans_time	55.190891
trans_Memcpy_time	27.416763
trans_MPI_time	19.063829
trans_pack_time	0.558888
trans_enlarge_time	0.814572
trans_mu_time	0.507686
trans_unpack_time	6.376584
updateU_new_time	5.278645
runtime	6.602442
--------------------------------------------------!
***************dt=2.000000***************
***************flag=0***************
--------------------------------------------------!
time		0.000000
wall time	416.735000
*******************************
dgemm_time	183.230591
conv_transfer_time	0.000000
conv_calculate_time	6163.629883
elastic_calculate_time	6163.676270
Allen_Cahn_nonlinear_time	6355.135254
Cahn_Hilliard_nonlinear_time	0.011680
trans_time	54.994499
trans_Memcpy_time	27.400919
trans_MPI_time	18.895664
trans_pack_time	0.556008
trans_enlarge_time	0.797452
trans_mu_time	0.506086
trans_unpack_time	6.371622
updateU_new_time	5.258964
runtime	6.603693
--------------------------------------------------!
***************dt=2.000000***************
***************flag=0***************
--------------------------------------------------!
time		0.000000
wall time	423.337518
*******************************
dgemm_time	183.157928
conv_transfer_time	0.000000
conv_calculate_time	6169.195312
elastic_calculate_time	6169.236328
Allen_Cahn_nonlinear_time	6355.743652
Cahn_Hilliard_nonlinear_time	0.012000
trans_time	55.105572
trans_Memcpy_time	27.414675
trans_MPI_time	19.008942
trans_pack_time	0.562088
trans_enlarge_time	0.786732
trans_mu_time	0.505766
trans_unpack_time	6.365541
updateU_new_time	5.256563
runtime	6.604898
--------------------------------------------------!
***************dt=2.000000***************
***************flag=0***************
--------------------------------------------------!
time		0.000000
wall time	429.941274
*******************************
dgemm_time	183.237747
conv_transfer_time	0.000000
conv_calculate_time	6164.396973
elastic_calculate_time	6164.450684
Allen_Cahn_nonlinear_time	6356.529785
Cahn_Hilliard_nonlinear_time	0.012000
trans_time	55.164013
trans_Memcpy_time	27.377390
trans_MPI_time	19.096460
trans_pack_time	0.557608
trans_enlarge_time	0.812652
trans_mu_time	0.506566
trans_unpack_time	6.358980
updateU_new_time	5.260082
runtime	6.604896
--------------------------------------------------!
***************dt=2.000000***************
***************flag=0***************
--------------------------------------------------!
time		0.000000
wall time	436.546237
*******************************
dgemm_time	183.245239
conv_transfer_time	0.000000
conv_calculate_time	6160.724121
elastic_calculate_time	6160.767578
Allen_Cahn_nonlinear_time	6352.749023
Cahn_Hilliard_nonlinear_time	0.012320
trans_time	55.004890
trans_Memcpy_time	27.413546
trans_MPI_time	18.877575
trans_pack_time	0.561608
trans_enlarge_time	0.791852
trans_mu_time	0.507206
trans_unpack_time	6.353539
updateU_new_time	5.261041
runtime	6.601594
--------------------------------------------------!
***************dt=2.000000***************
***************flag=0***************
--------------------------------------------------!
time		0.000000
wall time	443.151198
*******************************
dgemm_time	183.249695
conv_transfer_time	0.000000
conv_calculate_time	6164.987793
elastic_calculate_time	6165.028320
Allen_Cahn_nonlinear_time	6354.402832
Cahn_Hilliard_nonlinear_time	0.011840
trans_time	55.062824
trans_Memcpy_time	27.394661
trans_MPI_time	18.926373
trans_pack_time	0.561928
trans_enlarge_time	0.787211
trans_mu_time	0.511686
trans_unpack_time	6.361538
updateU_new_time	5.279121
runtime	6.603293
--------------------------------------------------!
***************dt=2.000000***************
***************flag=0***************
--------------------------------------------------!
time		0.000000
wall time	449.752851
*******************************
dgemm_time	183.141022
conv_transfer_time	0.000000
conv_calculate_time	6165.728027
elastic_calculate_time	6165.767578
Allen_Cahn_nonlinear_time	6351.744141
Cahn_Hilliard_nonlinear_time	0.012000
trans_time	54.868443
trans_Memcpy_time	27.363617
trans_MPI_time	18.800447
trans_pack_time	0.570088
trans_enlarge_time	0.797932
trans_mu_time	0.504006
trans_unpack_time	6.376737
updateU_new_time	5.260399
runtime	6.599824
--------------------------------------------------!
***************dt=2.000000***************
***************flag=0***************
--------------------------------------------------!
time		0.000000
wall time	456.356211
*******************************
dgemm_time	183.182755
conv_transfer_time	0.000000
conv_calculate_time	6164.934570
elastic_calculate_time	6164.974609
Allen_Cahn_nonlinear_time	6353.834961
Cahn_Hilliard_nonlinear_time	0.011840
trans_time	55.026485
trans_Memcpy_time	27.434814
trans_MPI_time	18.872286
trans_pack_time	0.562728
trans_enlarge_time	0.805449
trans_mu_time	0.509926
trans_unpack_time	6.385857
updateU_new_time	5.259439
runtime	6.602721
--------------------------------------------------!
***************dt=2.000000***************
***************flag=0***************
--------------------------------------------------!
time		0.000000
wall time	462.956108
*******************************
dgemm_time	183.304657
conv_transfer_time	0.000000
conv_calculate_time	6169.067871
elastic_calculate_time	6169.108398
Allen_Cahn_nonlinear_time	6355.679688
Cahn_Hilliard_nonlinear_time	0.012000
trans_time	54.904358
trans_Memcpy_time	27.452732
trans_MPI_time	18.771641
trans_pack_time	0.555848
trans_enlarge_time	0.787048
trans_mu_time	0.513926
trans_unpack_time	6.364255
updateU_new_time	5.262158
runtime	6.603536
--------------------------------------------------!
***************dt=2.000000***************
***************flag=0***************
--------------------------------------------------!
time		0.000000
wall time	469.558888
*******************************
dgemm_time	183.276627
conv_transfer_time	0.000000
conv_calculate_time	6166.309570
elastic_calculate_time	6166.349609
Allen_Cahn_nonlinear_time	6354.609375
Cahn_Hilliard_nonlinear_time	0.012000
trans_time	54.978489
trans_Memcpy_time	27.415287
trans_MPI_time	18.852280
trans_pack_time	0.557128
trans_enlarge_time	0.829131
trans_mu_time	0.501446
trans_unpack_time	6.357214
updateU_new_time	5.260557
runtime	6.603648
--------------------------------------------------!
***************dt=2.000000***************
***************flag=0***************
--------------------------------------------------!
time		0.000000
wall time	476.162484
*******************************
dgemm_time	183.275162
conv_transfer_time	0.000000
conv_calculate_time	6168.914551
elastic_calculate_time	6168.954590
Allen_Cahn_nonlinear_time	6357.357910
Cahn_Hilliard_nonlinear_time	0.011840
trans_time	54.919483
trans_Memcpy_time	27.355925
trans_MPI_time	18.866518
trans_pack_time	0.556008
trans_enlarge_time	0.791528
trans_mu_time	0.515686
trans_unpack_time	6.377054
updateU_new_time	5.269384
runtime	6.609045
--------------------------------------------------!
***************dt=2.000000***************
***************flag=0***************
--------------------------------------------------!
time		0.000000
wall time	482.766215
*******************************
dgemm_time	183.333801
conv_transfer_time	0.000000
conv_calculate_time	6166.045898
elastic_calculate_time	6166.090332
Allen_Cahn_nonlinear_time	6359.700684
Cahn_Hilliard_nonlinear_time	0.011680
trans_time	54.582111
trans_Memcpy_time	27.328541
trans_MPI_time	18.532368
trans_pack_time	0.582571
trans_enlarge_time	0.795533
trans_mu_time	0.505606
trans_unpack_time	6.379967
updateU_new_time	5.262036
runtime	6.609964
--------------------------------------------------!
***************dt=2.000000***************
***************flag=0***************
--------------------------------------------------!
time		0.000000
wall time	489.375322
*******************************
dgemm_time	183.228149
conv_transfer_time	0.000000
conv_calculate_time	6164.483398
elastic_calculate_time	6164.545410
Allen_Cahn_nonlinear_time	6355.254395
Cahn_Hilliard_nonlinear_time	0.011840
trans_time	55.067257
trans_Memcpy_time	27.396122
trans_MPI_time	18.956257
trans_pack_time	0.560492
trans_enlarge_time	0.807534
trans_mu_time	0.503047
trans_unpack_time	6.385581
updateU_new_time	5.260435
runtime	6.604029
--------------------------------------------------!
***************dt=2.000000***************
***************flag=0***************
--------------------------------------------------!
time		0.000000
wall time	495.985357
*******************************
dgemm_time	183.223633
conv_transfer_time	0.000000
conv_calculate_time	6166.946777
elastic_calculate_time	6166.987305
Allen_Cahn_nonlinear_time	6353.130371
Cahn_Hilliard_nonlinear_time	0.012000
trans_time	55.780117
trans_Memcpy_time	27.377398
trans_MPI_time	19.681709
trans_pack_time	0.561452
trans_enlarge_time	0.781933
trans_mu_time	0.515048
trans_unpack_time	6.357578
updateU_new_time	5.259793
runtime	6.602939
--------------------------------------------------!
***************dt=2.000000***************
***************flag=0***************
--------------------------------------------------!
time		0.000000
wall time	502.589456
*******************************
dgemm_time	183.231598
conv_transfer_time	0.000000
conv_calculate_time	6166.644043
elastic_calculate_time	6166.683105
Allen_Cahn_nonlinear_time	6357.514160
Cahn_Hilliard_nonlinear_time	0.011680
trans_time	55.244022
trans_Memcpy_time	27.405071
trans_MPI_time	19.153374
trans_pack_time	0.556171
trans_enlarge_time	0.803535
trans_mu_time	0.504646
trans_unpack_time	6.366377
updateU_new_time	5.260112
runtime	6.606351
--------------------------------------------------!
***************dt=2.000000***************
***************flag=0***************
--------------------------------------------------!
time		0.000000
wall time	509.192457
*******************************
dgemm_time	183.231873
conv_transfer_time	0.000000
conv_calculate_time	6167.062988
elastic_calculate_time	6167.104492
Allen_Cahn_nonlinear_time	6358.486816
Cahn_Hilliard_nonlinear_time	0.012000
trans_time	54.921135
trans_Memcpy_time	27.384743
trans_MPI_time	18.839441
trans_pack_time	0.553771
trans_enlarge_time	0.813293
trans_mu_time	0.502246
trans_unpack_time	6.371976
updateU_new_time	5.265391
runtime	6.607167
--------------------------------------------------!
***************dt=2.000000***************
***************flag=0***************
--------------------------------------------------!
time		0.000000
wall time	515.798878
*******************************
dgemm_time	183.258392
conv_transfer_time	0.000000
conv_calculate_time	6167.035645
elastic_calculate_time	6167.076660
Allen_Cahn_nonlinear_time	6354.294434
Cahn_Hilliard_nonlinear_time	0.012000
trans_time	55.043045
trans_Memcpy_time	27.426020
trans_MPI_time	18.899277
trans_pack_time	0.584491
trans_enlarge_time	0.788493
trans_mu_time	0.505446
trans_unpack_time	6.378694
updateU_new_time	5.261230
runtime	6.604108
--------------------------------------------------!
***************dt=2.000000***************
***************flag=0***************
--------------------------------------------------!
time		0.000000
wall time	522.406109
*******************************
dgemm_time	183.245071
conv_transfer_time	0.000000
conv_calculate_time	6169.262207
elastic_calculate_time	6169.304688
Allen_Cahn_nonlinear_time	6355.038086
Cahn_Hilliard_nonlinear_time	0.012000
trans_time	55.206627
trans_Memcpy_time	27.353689
trans_MPI_time	19.134159
trans_pack_time	0.557451
trans_enlarge_time	0.806573
trans_mu_time	0.504646
trans_unpack_time	6.393413
updateU_new_time	5.263469
runtime	6.605833
--------------------------------------------------!
***************dt=2.000000***************
***************flag=0***************
--------------------------------------------------!
time		0.000000
wall time	529.010279
*******************************
dgemm_time	183.265366
conv_transfer_time	0.000000
conv_calculate_time	6166.621094
elastic_calculate_time	6166.678223
Allen_Cahn_nonlinear_time	6354.898926
Cahn_Hilliard_nonlinear_time	0.012000
trans_time	55.287407
trans_Memcpy_time	27.382006
trans_MPI_time	19.221197
trans_pack_time	0.568491
trans_enlarge_time	0.790573
trans_mu_time	0.506246
trans_unpack_time	6.361091
updateU_new_time	5.261868
runtime	6.604610
--------------------------------------------------!
***************dt=2.000000***************
***************flag=0***************
--------------------------------------------------!
time		0.000000
wall time	535.616183
*******************************
dgemm_time	183.256683
conv_transfer_time	0.000000
conv_calculate_time	6164.081543
elastic_calculate_time	6164.120117
Allen_Cahn_nonlinear_time	6354.031250
Cahn_Hilliard_nonlinear_time	0.011840
trans_time	54.926369
trans_Memcpy_time	27.414640
trans_MPI_time	18.818626
trans_pack_time	0.557611
trans_enlarge_time	0.807213
trans_mu_time	0.516806
trans_unpack_time	6.353570
updateU_new_time	5.262186
runtime	6.602150
--------------------------------------------------!
***************dt=2.000000***************
***************flag=0***************
--------------------------------------------------!
time		0.000000
wall time	542.220860
*******************************
dgemm_time	183.258560
conv_transfer_time	0.000000
conv_calculate_time	6166.383301
elastic_calculate_time	6166.422363
Allen_Cahn_nonlinear_time	6353.721191
Cahn_Hilliard_nonlinear_time	0.011840
trans_time	54.914856
trans_Memcpy_time	27.292553
trans_MPI_time	18.934464
trans_pack_time	0.561611
trans_enlarge_time	0.793133
trans_mu_time	0.507526
trans_unpack_time	6.367009
updateU_new_time	5.278986
runtime	6.603512
--------------------------------------------------!
***************dt=2.000000***************
***************flag=0***************
--------------------------------------------------!
time		0.000000
wall time	548.823074
*******************************
dgemm_time	183.293518
conv_transfer_time	0.000000
conv_calculate_time	6165.899414
elastic_calculate_time	6165.954102
Allen_Cahn_nonlinear_time	6353.696289
Cahn_Hilliard_nonlinear_time	0.011680
trans_time	54.991776
trans_Memcpy_time	27.374790
trans_MPI_time	18.907898
trans_pack_time	0.571371
trans_enlarge_time	0.788333
trans_mu_time	0.505286
trans_unpack_time	6.383488
updateU_new_time	5.262663
runtime	6.601984
--------------------------------------------------!
***************dt=2.000000***************
***************flag=0***************
--------------------------------------------------!
time		0.000000
wall time	555.426649
*******************************
dgemm_time	183.271149
conv_transfer_time	0.000000
conv_calculate_time	6168.522949
elastic_calculate_time	6168.562500
Allen_Cahn_nonlinear_time	6353.192871
Cahn_Hilliard_nonlinear_time	0.012000
trans_time	54.537750
trans_Memcpy_time	27.438778
trans_MPI_time	18.337799
trans_pack_time	0.556170
trans_enlarge_time	0.796013
trans_mu_time	0.506726
trans_unpack_time	6.388925
updateU_new_time	5.260259
runtime	6.602082
--------------------------------------------------!
***************dt=2.000000***************
***************flag=0***************
--------------------------------------------------!
time		0.000000
wall time	562.028698
*******************************
dgemm_time	183.213409
conv_transfer_time	0.000000
conv_calculate_time	6167.000977
elastic_calculate_time	6167.041016
Allen_Cahn_nonlinear_time	6356.900879
Cahn_Hilliard_nonlinear_time	0.012800
trans_time	55.229614
trans_Memcpy_time	27.413795
trans_MPI_time	19.140202
trans_pack_time	0.557610
trans_enlarge_time	0.796492
trans_mu_time	0.500966
trans_unpack_time	6.363160
updateU_new_time	5.260895
runtime	6.603902
--------------------------------------------------!
***************dt=2.000000***************
***************flag=0***************
--------------------------------------------------!
time		0.000000
wall time	568.630841
*******************************
dgemm_time	183.254562
conv_transfer_time	0.000000
conv_calculate_time	6161.102539
elastic_calculate_time	6161.146973
Allen_Cahn_nonlinear_time	6356.169922
Cahn_Hilliard_nonlinear_time	0.012320
trans_time	55.020733
trans_Memcpy_time	27.367374
trans_MPI_time	18.972343
trans_pack_time	0.557289
trans_enlarge_time	0.788972
trans_mu_time	0.517446
trans_unpack_time	6.356755
updateU_new_time	5.261852
runtime	6.604709
--------------------------------------------------!
***************dt=2.000000***************
***************flag=0***************
--------------------------------------------------!
time		0.000000
wall time	575.234802
*******************************
dgemm_time	183.333801
conv_transfer_time	0.000000
conv_calculate_time	6167.399414
elastic_calculate_time	6167.441406
Allen_Cahn_nonlinear_time	6355.236816
Cahn_Hilliard_nonlinear_time	0.011680
trans_time	54.840931
trans_Memcpy_time	27.351995
trans_MPI_time	18.782087
trans_pack_time	0.552809
trans_enlarge_time	0.815692
trans_mu_time	0.506566
trans_unpack_time	6.374191
updateU_new_time	5.272888
runtime	6.603175
--------------------------------------------------!
***************dt=2.000000***************
***************flag=0***************
--------------------------------------------------!
time		0.000000
wall time	581.839574
*******************************
dgemm_time	183.353516
conv_transfer_time	0.000000
conv_calculate_time	6167.273926
elastic_calculate_time	6167.312500
Allen_Cahn_nonlinear_time	6353.841309
Cahn_Hilliard_nonlinear_time	0.011840
trans_time	54.962624
trans_Memcpy_time	27.393261
trans_MPI_time	18.879837
trans_pack_time	0.556168
trans_enlarge_time	0.795852
trans_mu_time	0.507526
trans_unpack_time	6.370187
updateU_new_time	5.261205
runtime	6.602242
--------------------------------------------------!
***************dt=2.000000***************
***************flag=0***************
--------------------------------------------------!
time		0.000000
wall time	588.442809
*******************************
dgemm_time	183.266220
conv_transfer_time	0.000000
conv_calculate_time	6166.463379
elastic_calculate_time	6166.506348
Allen_Cahn_nonlinear_time	6355.123047
Cahn_Hilliard_nonlinear_time	0.011680
trans_time	54.814018
trans_Memcpy_time	27.411320
trans_MPI_time	18.714062
trans_pack_time	0.556968
trans_enlarge_time	0.772332
trans_mu_time	0.512806
trans_unpack_time	6.391143
updateU_new_time	5.261202
runtime	6.602193
--------------------------------------------------!
***************dt=2.000000***************
***************flag=0***************
--------------------------------------------------!
time		0.000000
wall time	595.045115
*******************************
dgemm_time	183.215012
conv_transfer_time	0.000000
conv_calculate_time	6163.909668
elastic_calculate_time	6163.949707
Allen_Cahn_nonlinear_time	6353.783691
Cahn_Hilliard_nonlinear_time	0.012480
trans_time	55.770824
trans_Memcpy_time	27.382347
trans_MPI_time	19.708626
trans_pack_time	0.555528
trans_enlarge_time	0.808012
trans_mu_time	0.507206
trans_unpack_time	6.354979
updateU_new_time	5.262481
runtime	6.602851
--------------------------------------------------!
***************dt=2.000000***************
***************flag=0***************
--------------------------------------------------!
time		0.000000
wall time	601.647366
*******************************
dgemm_time	183.197052
conv_transfer_time	0.000000
conv_calculate_time	6165.390625
elastic_calculate_time	6165.429688
Allen_Cahn_nonlinear_time	6355.441895
Cahn_Hilliard_nonlinear_time	0.011840
trans_time	54.858124
trans_Memcpy_time	27.371784
trans_MPI_time	18.825249
trans_pack_time	0.552488
trans_enlarge_time	0.783050
trans_mu_time	0.506886
trans_unpack_time	6.361538
updateU_new_time	5.259281
runtime	6.606983
--------------------------------------------------!
***************dt=2.000000***************
***************flag=0***************
--------------------------------------------------!
time		0.000000
wall time	608.250282
*******************************
dgemm_time	183.121994
conv_transfer_time	0.000000
conv_calculate_time	6166.975586
elastic_calculate_time	6167.018066
Allen_Cahn_nonlinear_time	6354.752441
Cahn_Hilliard_nonlinear_time	0.012160
trans_time	54.797813
trans_Memcpy_time	27.384260
trans_MPI_time	18.739487
trans_pack_time	0.555048
trans_enlarge_time	0.792491
trans_mu_time	0.512166
trans_unpack_time	6.361217
updateU_new_time	5.266640
runtime	6.602380
--------------------------------------------------!
***************dt=2.000000***************
***************flag=0***************
--------------------------------------------------!
time		0.000000
wall time	614.857324
*******************************
dgemm_time	183.266907
conv_transfer_time	0.000000
conv_calculate_time	6165.149414
elastic_calculate_time	6165.200684
Allen_Cahn_nonlinear_time	6353.651367
Cahn_Hilliard_nonlinear_time	0.011840
trans_time	54.780876
trans_Memcpy_time	27.343615
trans_MPI_time	18.666683
trans_pack_time	0.556328
trans_enlarge_time	0.788652
trans_mu_time	0.505926
trans_unpack_time	6.395457
updateU_new_time	5.265359
runtime	6.603325
--------------------------------------------------!
***************dt=2.000000***************
***************flag=0***************
--------------------------------------------------!
time		0.000000
wall time	621.459770
*******************************
dgemm_time	183.218719
conv_transfer_time	0.000000
conv_calculate_time	6165.120605
elastic_calculate_time	6165.160156
Allen_Cahn_nonlinear_time	6355.389160
Cahn_Hilliard_nonlinear_time	0.011840
trans_time	54.851826
trans_Memcpy_time	27.252888
trans_MPI_time	18.910845
trans_pack_time	0.551368
trans_enlarge_time	0.793129
trans_mu_time	0.502726
trans_unpack_time	6.381216
updateU_new_time	5.261038
runtime	6.603401
--------------------------------------------------!
***************dt=2.000000***************
***************flag=0***************
--------------------------------------------------!
time		0.000000
wall time	628.063159
*******************************
dgemm_time	183.275955
conv_transfer_time	0.000000
conv_calculate_time	6166.828125
elastic_calculate_time	6166.883789
Allen_Cahn_nonlinear_time	6354.123535
Cahn_Hilliard_nonlinear_time	0.012000
trans_time	54.794773
trans_Memcpy_time	27.394165
trans_MPI_time	18.724117
trans_pack_time	0.555688
trans_enlarge_time	0.790728
trans_mu_time	0.516166
trans_unpack_time	6.358974
updateU_new_time	5.263757
runtime	6.601706
--------------------------------------------------!
***************dt=2.000000***************
***************flag=0***************
--------------------------------------------------!
time		0.000000
wall time	634.666624
*******************************
dgemm_time	183.259598
conv_transfer_time	0.000000
conv_calculate_time	6164.791992
elastic_calculate_time	6164.833496
Allen_Cahn_nonlinear_time	6353.649414
Cahn_Hilliard_nonlinear_time	0.011840
trans_time	54.769730
trans_Memcpy_time	27.401678
trans_MPI_time	18.692432
trans_pack_time	0.550087
trans_enlarge_time	0.805768
trans_mu_time	0.507366
trans_unpack_time	6.357693
updateU_new_time	5.260715
runtime	6.604985
--------------------------------------------------!
***************dt=2.000000***************
***************flag=0***************
--------------------------------------------------!
time		0.000000
wall time	641.268395
*******************************
dgemm_time	183.261642
conv_transfer_time	0.000000
conv_calculate_time	6165.914551
elastic_calculate_time	6165.956543
Allen_Cahn_nonlinear_time	6355.258301
Cahn_Hilliard_nonlinear_time	0.012000
trans_time	54.805271
trans_Memcpy_time	27.502634
trans_MPI_time	18.627148
trans_pack_time	0.557447
trans_enlarge_time	0.789447
trans_mu_time	0.508006
trans_unpack_time	6.365531
updateU_new_time	5.259274
runtime	6.602992
--------------------------------------------------!
***************dt=2.000000***************
***************flag=0***************
--------------------------------------------------!
time		0.000000
wall time	647.873644
*******************************
dgemm_time	183.196960
conv_transfer_time	0.000000
conv_calculate_time	6169.446777
elastic_calculate_time	6169.499023
Allen_Cahn_nonlinear_time	6354.618164
Cahn_Hilliard_nonlinear_time	0.012000
trans_time	54.897221
trans_Memcpy_time	27.469986
trans_MPI_time	18.717705
trans_pack_time	0.555367
trans_enlarge_time	0.792487
trans_mu_time	0.504166
trans_unpack_time	6.390170
updateU_new_time	5.262473
runtime	6.603300
--------------------------------------------------!
***************dt=2.000000***************
***************flag=0***************
--------------------------------------------------!
time		0.000000
wall time	654.476697
*******************************
dgemm_time	183.307816
conv_transfer_time	0.000000
conv_calculate_time	6165.960938
elastic_calculate_time	6166.000000
Allen_Cahn_nonlinear_time	6355.482422
Cahn_Hilliard_nonlinear_time	0.012000
trans_time	55.030979
trans_Memcpy_time	27.619743
trans_MPI_time	18.730181
trans_pack_time	0.556487
trans_enlarge_time	0.782726
trans_mu_time	0.507206
trans_unpack_time	6.378329
updateU_new_time	5.259752
runtime	6.603962
--------------------------------------------------!
***************dt=2.000000***************
***************flag=0***************
--------------------------------------------------!
time		0.000000
wall time	661.080060
