running   on	256   processors
restart		0
nx,ny,nz	260	260	260
px,py,pz	8	8	4
nghost		2
output   dir	./output/output2/
data   dir	./data/
dt,t_total	2.000000,200.100000
ELASTIC		1
ANISOTROPIC		1
nac,nch		6,2
xmin,ymin,zmin	0.000000	0.000000	0.000000
xmax,ymax,zmax	2048.000000	2048.000000	1024.000000
checkpoint_,nchk,chk	1,1000,0
nout		10000
Approx		32
detect_iter		100000
Reading input.txt file:
*******************************
dgemm_time	185.187057
conv_transfer_time	0.000000
conv_calculate_time	9891.996094
elastic_calculate_time	9892.045898
Allen_Cahn_nonlinear_time	10065.614258
Cahn_Hilliard_nonlinear_time	0.011680
trans_time	588.220825
trans_Memcpy_time	52.209225
trans_MPI_time	526.689209
trans_pack_time	0.660318
trans_enlarge_time	1.022879
trans_mu_time	0.518720
trans_unpack_time	6.565894
updateU_new_time	5.275338
runtime	10.846655
--------------------------------------------------!
***************dt=2.000000***************
***************flag=0***************
--------------------------------------------------!
time		0.000000
wall time	2.151594
*******************************
dgemm_time	183.895691
conv_transfer_time	0.000000
conv_calculate_time	6191.929688
elastic_calculate_time	6191.967773
Allen_Cahn_nonlinear_time	6360.521484
Cahn_Hilliard_nonlinear_time	0.011680
trans_time	74.419090
trans_Memcpy_time	27.454288
trans_MPI_time	38.168484
trans_pack_time	0.557918
trans_enlarge_time	0.800160
trans_mu_time	0.511360
trans_unpack_time	6.467013
updateU_new_time	5.271498
runtime	6.631193
--------------------------------------------------!
***************dt=2.000000***************
***************flag=0***************
--------------------------------------------------!
time		0.000000
wall time	13.011819
*******************************
dgemm_time	183.980988
conv_transfer_time	0.000000
conv_calculate_time	6194.332031
elastic_calculate_time	6194.375000
Allen_Cahn_nonlinear_time	6359.327148
Cahn_Hilliard_nonlinear_time	0.011840
trans_time	74.283218
trans_Memcpy_time	27.282768
trans_MPI_time	38.305599
trans_pack_time	0.555678
trans_enlarge_time	0.807520
trans_mu_time	0.503680
trans_unpack_time	6.374534
updateU_new_time	5.274858
runtime	6.626080
--------------------------------------------------!
***************dt=2.000000***************
***************flag=0***************
--------------------------------------------------!
time		0.000000
wall time	19.656557
*******************************
dgemm_time	184.012177
conv_transfer_time	0.000000
conv_calculate_time	6193.181152
elastic_calculate_time	6193.221680
Allen_Cahn_nonlinear_time	6359.528320
Cahn_Hilliard_nonlinear_time	0.011680
trans_time	74.949524
trans_Memcpy_time	27.441647
trans_MPI_time	38.783836
trans_pack_time	0.552638
trans_enlarge_time	0.811200
trans_mu_time	0.504640
trans_unpack_time	6.399493
updateU_new_time	5.274218
runtime	6.627404
--------------------------------------------------!
***************dt=2.000000***************
***************flag=0***************
--------------------------------------------------!
time		0.000000
wall time	26.296185
*******************************
dgemm_time	183.986908
conv_transfer_time	0.000000
conv_calculate_time	6193.717285
elastic_calculate_time	6193.757812
Allen_Cahn_nonlinear_time	6358.431641
Cahn_Hilliard_nonlinear_time	0.011680
trans_time	74.519806
trans_Memcpy_time	27.248207
trans_MPI_time	38.586239
trans_pack_time	0.557598
trans_enlarge_time	0.791040
trans_mu_time	0.512640
trans_unpack_time	6.368133
updateU_new_time	5.276618
runtime	6.626620
--------------------------------------------------!
***************dt=2.000000***************
***************flag=0***************
--------------------------------------------------!
time		0.000000
wall time	32.937147
*******************************
dgemm_time	184.009613
conv_transfer_time	0.000000
conv_calculate_time	6215.801758
elastic_calculate_time	6215.841797
Allen_Cahn_nonlinear_time	6380.545410
Cahn_Hilliard_nonlinear_time	0.011680
trans_time	74.395973
trans_Memcpy_time	27.308048
trans_MPI_time	38.323521
trans_pack_time	0.553278
trans_enlarge_time	0.806400
trans_mu_time	0.513600
trans_unpack_time	6.371654
updateU_new_time	5.275818
runtime	6.647943
--------------------------------------------------!
***************dt=2.000000***************
***************flag=0***************
--------------------------------------------------!
time		0.000000
wall time	39.577311
*******************************
dgemm_time	183.987930
conv_transfer_time	0.000000
conv_calculate_time	6192.073730
elastic_calculate_time	6192.114746
Allen_Cahn_nonlinear_time	6356.499512
Cahn_Hilliard_nonlinear_time	0.012320
trans_time	74.335777
trans_Memcpy_time	27.256046
trans_MPI_time	38.383678
trans_pack_time	0.561598
trans_enlarge_time	0.788640
trans_mu_time	0.505280
trans_unpack_time	6.380453
updateU_new_time	5.272382
runtime	6.625875
--------------------------------------------------!
***************dt=2.000000***************
***************flag=0***************
--------------------------------------------------!
time		0.000000
wall time	46.238816
*******************************
dgemm_time	184.005646
conv_transfer_time	0.000000
conv_calculate_time	6197.377930
elastic_calculate_time	6197.418457
Allen_Cahn_nonlinear_time	6362.349121
Cahn_Hilliard_nonlinear_time	0.011841
trans_time	73.353165
trans_Memcpy_time	27.288212
trans_MPI_time	37.359528
trans_pack_time	0.572504
trans_enlarge_time	0.794751
trans_mu_time	0.502418
trans_unpack_time	6.377556
updateU_new_time	5.275824
runtime	6.631183
--------------------------------------------------!
***************dt=2.000000***************
***************flag=0***************
--------------------------------------------------!
time		0.000000
wall time	52.878259
*******************************
dgemm_time	183.997910
conv_transfer_time	0.000000
conv_calculate_time	6195.037598
elastic_calculate_time	6195.076660
Allen_Cahn_nonlinear_time	6360.376465
Cahn_Hilliard_nonlinear_time	0.011682
trans_time	74.196999
trans_Memcpy_time	27.245937
trans_MPI_time	38.211708
trans_pack_time	0.569491
trans_enlarge_time	0.811912
trans_mu_time	0.502924
trans_unpack_time	6.395769
updateU_new_time	5.271540
runtime	6.629422
--------------------------------------------------!
***************dt=2.000000***************
***************flag=0***************
--------------------------------------------------!
time		0.000000
wall time	59.522999
*******************************
dgemm_time	184.037018
conv_transfer_time	0.000000
conv_calculate_time	6198.081543
elastic_calculate_time	6198.124023
Allen_Cahn_nonlinear_time	6362.940918
Cahn_Hilliard_nonlinear_time	0.011522
trans_time	74.536537
trans_Memcpy_time	27.294952
trans_MPI_time	38.556522
trans_pack_time	0.556070
trans_enlarge_time	0.796422
trans_mu_time	0.504064
trans_unpack_time	6.372162
updateU_new_time	5.275502
runtime	6.631354
--------------------------------------------------!
***************dt=2.000000***************
***************flag=0***************
--------------------------------------------------!
time		0.000000
wall time	66.165979
*******************************
dgemm_time	183.990387
conv_transfer_time	0.000000
conv_calculate_time	6198.050293
elastic_calculate_time	6198.089355
Allen_Cahn_nonlinear_time	6365.678711
Cahn_Hilliard_nonlinear_time	0.011842
trans_time	74.129807
trans_Memcpy_time	27.217466
trans_MPI_time	38.223091
trans_pack_time	0.552562
trans_enlarge_time	0.789398
trans_mu_time	0.513196
trans_unpack_time	6.380463
updateU_new_time	5.273515
runtime	6.629128
--------------------------------------------------!
***************dt=2.000000***************
***************flag=0***************
--------------------------------------------------!
time		0.000000
wall time	72.810866
*******************************
dgemm_time	184.042023
conv_transfer_time	0.000000
conv_calculate_time	6196.110352
elastic_calculate_time	6196.150879
Allen_Cahn_nonlinear_time	6361.003906
Cahn_Hilliard_nonlinear_time	0.011522
trans_time	74.371010
trans_Memcpy_time	27.260973
trans_MPI_time	38.405998
trans_pack_time	0.558316
trans_enlarge_time	0.799151
trans_mu_time	0.507109
trans_unpack_time	6.384384
updateU_new_time	5.274099
runtime	6.629072
--------------------------------------------------!
***************dt=2.000000***************
***************flag=0***************
--------------------------------------------------!
time		0.000000
wall time	79.453531
*******************************
dgemm_time	184.035675
conv_transfer_time	0.000000
conv_calculate_time	6196.520508
elastic_calculate_time	6196.560059
Allen_Cahn_nonlinear_time	6362.403320
Cahn_Hilliard_nonlinear_time	0.011681
trans_time	74.615044
trans_Memcpy_time	27.300201
trans_MPI_time	38.584011
trans_pack_time	0.584073
trans_enlarge_time	0.791781
trans_mu_time	0.505663
trans_unpack_time	6.395518
updateU_new_time	5.277570
runtime	6.628834
--------------------------------------------------!
***************dt=2.000000***************
***************flag=0***************
--------------------------------------------------!
time		0.000000
wall time	86.096178
*******************************
dgemm_time	183.929703
conv_transfer_time	0.000000
conv_calculate_time	6194.666992
elastic_calculate_time	6194.705566
Allen_Cahn_nonlinear_time	6362.065918
Cahn_Hilliard_nonlinear_time	0.011681
trans_time	74.295326
trans_Memcpy_time	27.305393
trans_MPI_time	38.256416
trans_pack_time	0.582628
trans_enlarge_time	0.802492
trans_mu_time	0.509497
trans_unpack_time	6.381697
updateU_new_time	5.275288
runtime	6.627899
--------------------------------------------------!
***************dt=2.000000***************
***************flag=0***************
--------------------------------------------------!
time		0.000000
wall time	92.738579
*******************************
dgemm_time	184.060715
conv_transfer_time	0.000000
conv_calculate_time	6195.589844
elastic_calculate_time	6195.630859
Allen_Cahn_nonlinear_time	6359.644043
Cahn_Hilliard_nonlinear_time	0.011361
trans_time	75.959213
trans_Memcpy_time	27.499598
trans_MPI_time	39.695465
trans_pack_time	0.558621
trans_enlarge_time	0.803286
trans_mu_time	0.504696
trans_unpack_time	6.375245
updateU_new_time	5.270449
runtime	6.629428
--------------------------------------------------!
***************dt=2.000000***************
***************flag=0***************
--------------------------------------------------!
time		0.000000
wall time	99.379986
*******************************
dgemm_time	184.062439
conv_transfer_time	0.000000
conv_calculate_time	6194.115723
elastic_calculate_time	6194.156250
Allen_Cahn_nonlinear_time	6359.603516
Cahn_Hilliard_nonlinear_time	0.011681
trans_time	73.811943
trans_Memcpy_time	27.243052
trans_MPI_time	37.875641
trans_pack_time	0.559256
trans_enlarge_time	0.783918
trans_mu_time	0.512051
trans_unpack_time	6.384480
updateU_new_time	5.275696
runtime	6.624483
--------------------------------------------------!
***************dt=2.000000***************
***************flag=0***************
--------------------------------------------------!
time		0.000000
wall time	106.023025
*******************************
dgemm_time	183.980255
conv_transfer_time	0.000000
conv_calculate_time	6195.862305
elastic_calculate_time	6195.903320
Allen_Cahn_nonlinear_time	6360.481934
Cahn_Hilliard_nonlinear_time	0.011521
trans_time	74.333641
trans_Memcpy_time	27.286085
trans_MPI_time	38.342323
trans_pack_time	0.553012
trans_enlarge_time	0.810957
trans_mu_time	0.506770
trans_unpack_time	6.379159
updateU_new_time	5.272786
runtime	6.631451
--------------------------------------------------!
***************dt=2.000000***************
***************flag=0***************
--------------------------------------------------!
time		0.000000
wall time	112.661170
*******************************
dgemm_time	184.037094
conv_transfer_time	0.000000
conv_calculate_time	6192.524414
elastic_calculate_time	6192.564941
Allen_Cahn_nonlinear_time	6358.668945
Cahn_Hilliard_nonlinear_time	0.011681
trans_time	74.203598
trans_Memcpy_time	27.278889
trans_MPI_time	38.174095
trans_pack_time	0.586131
trans_enlarge_time	0.812552
trans_mu_time	0.505164
trans_unpack_time	6.390804
updateU_new_time	5.273719
runtime	6.624491
--------------------------------------------------!
***************dt=2.000000***************
***************flag=0***************
--------------------------------------------------!
time		0.000000
wall time	119.306224
*******************************
dgemm_time	184.003769
conv_transfer_time	0.000000
conv_calculate_time	6197.582031
elastic_calculate_time	6197.625488
Allen_Cahn_nonlinear_time	6362.477539
Cahn_Hilliard_nonlinear_time	0.012001
trans_time	74.705284
trans_Memcpy_time	27.254269
trans_MPI_time	38.724823
trans_pack_time	0.583408
trans_enlarge_time	0.802626
trans_mu_time	0.511403
trans_unpack_time	6.369810
updateU_new_time	5.277531
runtime	6.628773
--------------------------------------------------!
***************dt=2.000000***************
***************flag=0***************
--------------------------------------------------!
time		0.000000
wall time	125.944256
*******************************
dgemm_time	184.037018
conv_transfer_time	0.000000
conv_calculate_time	6196.098633
elastic_calculate_time	6196.139160
Allen_Cahn_nonlinear_time	6360.042969
Cahn_Hilliard_nonlinear_time	0.011841
trans_time	75.044685
trans_Memcpy_time	27.232841
trans_MPI_time	39.036957
trans_pack_time	0.558924
trans_enlarge_time	0.808703
trans_mu_time	0.506118
trans_unpack_time	6.376176
updateU_new_time	5.277183
runtime	6.627516
--------------------------------------------------!
***************dt=2.000000***************
***************flag=0***************
--------------------------------------------------!
time		0.000000
wall time	132.586557
*******************************
dgemm_time	184.051010
conv_transfer_time	0.000000
conv_calculate_time	6193.579102
elastic_calculate_time	6193.621582
Allen_Cahn_nonlinear_time	6360.711914
Cahn_Hilliard_nonlinear_time	0.012001
trans_time	75.408943
trans_Memcpy_time	27.243095
trans_MPI_time	39.499504
trans_pack_time	0.553000
trans_enlarge_time	0.777976
trans_mu_time	0.506757
trans_unpack_time	6.371181
updateU_new_time	5.276197
runtime	6.628526
--------------------------------------------------!
***************dt=2.000000***************
***************flag=0***************
--------------------------------------------------!
time		0.000000
wall time	139.227622
*******************************
dgemm_time	183.919312
conv_transfer_time	0.000000
conv_calculate_time	6201.893555
elastic_calculate_time	6201.932617
Allen_Cahn_nonlinear_time	6367.296875
Cahn_Hilliard_nonlinear_time	0.011681
trans_time	75.072136
trans_Memcpy_time	27.220718
trans_MPI_time	39.139286
trans_pack_time	0.558118
trans_enlarge_time	0.795733
trans_mu_time	0.510593
trans_unpack_time	6.382351
updateU_new_time	5.273453
runtime	6.634332
--------------------------------------------------!
***************dt=2.000000***************
***************flag=0***************
--------------------------------------------------!
time		0.000000
wall time	145.869707
*******************************
dgemm_time	184.034729
conv_transfer_time	0.000000
conv_calculate_time	6201.951172
elastic_calculate_time	6201.990723
Allen_Cahn_nonlinear_time	6367.422852
Cahn_Hilliard_nonlinear_time	0.011680
trans_time	74.815857
trans_Memcpy_time	27.234360
trans_MPI_time	38.873177
trans_pack_time	0.572035
trans_enlarge_time	0.795410
trans_mu_time	0.506591
trans_unpack_time	6.372722
updateU_new_time	5.274072
runtime	6.633830
--------------------------------------------------!
***************dt=2.000000***************
***************flag=0***************
--------------------------------------------------!
time		0.000000
wall time	152.517560
*******************************
dgemm_time	183.992905
conv_transfer_time	0.000000
conv_calculate_time	6198.455566
elastic_calculate_time	6198.495605
Allen_Cahn_nonlinear_time	6366.061523
Cahn_Hilliard_nonlinear_time	0.011680
trans_time	74.223953
trans_Memcpy_time	27.071198
trans_MPI_time	38.379547
trans_pack_time	0.571394
trans_enlarge_time	0.791244
trans_mu_time	0.506270
trans_unpack_time	6.380697
updateU_new_time	5.271652
runtime	6.631824
--------------------------------------------------!
***************dt=2.000000***************
***************flag=0***************
--------------------------------------------------!
time		0.000000
wall time	159.164816
*******************************
dgemm_time	183.968735
conv_transfer_time	0.000000
conv_calculate_time	6196.730469
elastic_calculate_time	6196.770020
Allen_Cahn_nonlinear_time	6362.623535
Cahn_Hilliard_nonlinear_time	0.011840
trans_time	74.819023
trans_Memcpy_time	27.199104
trans_MPI_time	38.924232
trans_pack_time	0.556670
trans_enlarge_time	0.793803
trans_mu_time	0.517626
trans_unpack_time	6.374432
updateU_new_time	5.275153
runtime	6.628355
--------------------------------------------------!
***************dt=2.000000***************
***************flag=0***************
--------------------------------------------------!
time		0.000000
wall time	165.810184
*******************************
dgemm_time	183.963669
conv_transfer_time	0.000000
conv_calculate_time	6195.485352
elastic_calculate_time	6195.523926
Allen_Cahn_nonlinear_time	6360.511719
Cahn_Hilliard_nonlinear_time	0.011520
trans_time	74.523338
trans_Memcpy_time	27.333096
trans_MPI_time	38.487755
trans_pack_time	0.564509
trans_enlarge_time	0.797638
trans_mu_time	0.504664
trans_unpack_time	6.377610
updateU_new_time	5.283457
runtime	6.626397
--------------------------------------------------!
***************dt=2.000000***************
***************flag=0***************
--------------------------------------------------!
time		0.000000
wall time	172.452107
*******************************
dgemm_time	184.052551
conv_transfer_time	0.000000
conv_calculate_time	6197.713379
elastic_calculate_time	6197.754395
Allen_Cahn_nonlinear_time	6362.365234
Cahn_Hilliard_nonlinear_time	0.011520
trans_time	74.687737
trans_Memcpy_time	27.226122
trans_MPI_time	38.755802
trans_pack_time	0.554267
trans_enlarge_time	0.802757
trans_mu_time	0.512824
trans_unpack_time	6.373109
updateU_new_time	5.274480
runtime	6.628222
--------------------------------------------------!
***************dt=2.000000***************
***************flag=0***************
--------------------------------------------------!
time		0.000000
wall time	179.092040
*******************************
dgemm_time	183.992676
conv_transfer_time	0.000000
conv_calculate_time	6196.852539
elastic_calculate_time	6196.893066
Allen_Cahn_nonlinear_time	6362.421875
Cahn_Hilliard_nonlinear_time	0.011680
trans_time	75.244164
trans_Memcpy_time	27.267002
trans_MPI_time	39.292671
trans_pack_time	0.553625
trans_enlarge_time	0.794434
trans_mu_time	0.504659
trans_unpack_time	6.375970
updateU_new_time	5.275746
runtime	6.629959
--------------------------------------------------!
***************dt=2.000000***************
***************flag=0***************
--------------------------------------------------!
time		0.000000
wall time	185.733841
*******************************
dgemm_time	183.968445
conv_transfer_time	0.000000
conv_calculate_time	6194.176270
elastic_calculate_time	6194.215332
Allen_Cahn_nonlinear_time	6361.068848
Cahn_Hilliard_nonlinear_time	0.011840
trans_time	74.302246
trans_Memcpy_time	27.270927
trans_MPI_time	38.261154
trans_pack_time	0.553943
trans_enlarge_time	0.800671
trans_mu_time	0.506099
trans_unpack_time	6.374512
updateU_new_time	5.271094
runtime	6.626260
--------------------------------------------------!
***************dt=2.000000***************
***************flag=0***************
--------------------------------------------------!
time		0.000000
wall time	192.377331
*******************************
dgemm_time	184.010345
conv_transfer_time	0.000000
conv_calculate_time	6195.049316
elastic_calculate_time	6195.089844
Allen_Cahn_nonlinear_time	6365.983887
Cahn_Hilliard_nonlinear_time	0.012000
trans_time	74.012428
trans_Memcpy_time	27.274710
trans_MPI_time	38.040745
trans_pack_time	0.555222
trans_enlarge_time	0.808831
trans_mu_time	0.515538
trans_unpack_time	6.359618
updateU_new_time	5.272685
runtime	6.630840
--------------------------------------------------!
***************dt=2.000000***************
***************flag=0***************
--------------------------------------------------!
time		0.000000
wall time	199.017111
*******************************
dgemm_time	184.019623
conv_transfer_time	0.000000
conv_calculate_time	6201.294434
elastic_calculate_time	6201.335449
Allen_Cahn_nonlinear_time	6366.315430
Cahn_Hilliard_nonlinear_time	0.011840
trans_time	75.024231
trans_Memcpy_time	27.249376
trans_MPI_time	39.080238
trans_pack_time	0.556821
trans_enlarge_time	0.798429
trans_mu_time	0.506098
trans_unpack_time	6.376887
updateU_new_time	5.293156
runtime	6.633187
--------------------------------------------------!
***************dt=2.000000***************
***************flag=0***************
--------------------------------------------------!
time		0.000000
wall time	205.661482
*******************************
dgemm_time	184.006363
conv_transfer_time	0.000000
conv_calculate_time	6195.906738
elastic_calculate_time	6195.946777
Allen_Cahn_nonlinear_time	6360.693359
Cahn_Hilliard_nonlinear_time	0.011840
trans_time	74.817535
trans_Memcpy_time	27.299570
trans_MPI_time	38.822559
trans_pack_time	0.555540
trans_enlarge_time	0.791227
trans_mu_time	0.509138
trans_unpack_time	6.377676
updateU_new_time	5.271867
runtime	6.627381
--------------------------------------------------!
***************dt=2.000000***************
***************flag=0***************
--------------------------------------------------!
time		0.000000
wall time	212.308206
*******************************
dgemm_time	184.045441
conv_transfer_time	0.000000
conv_calculate_time	6194.493164
elastic_calculate_time	6194.533203
Allen_Cahn_nonlinear_time	6366.199707
Cahn_Hilliard_nonlinear_time	0.012000
trans_time	74.473457
trans_Memcpy_time	27.305283
trans_MPI_time	38.495926
trans_pack_time	0.551539
trans_enlarge_time	0.789145
trans_mu_time	0.506738
trans_unpack_time	6.368545
updateU_new_time	5.273778
runtime	6.632110
--------------------------------------------------!
***************dt=2.000000***************
***************flag=0***************
--------------------------------------------------!
time		0.000000
wall time	218.949078
*******************************
dgemm_time	184.005646
conv_transfer_time	0.000000
conv_calculate_time	6194.300293
elastic_calculate_time	6194.339844
Allen_Cahn_nonlinear_time	6359.315918
Cahn_Hilliard_nonlinear_time	0.011680
trans_time	74.583961
trans_Memcpy_time	27.240282
trans_MPI_time	38.638908
trans_pack_time	0.557779
trans_enlarge_time	0.808665
trans_mu_time	0.503374
trans_unpack_time	6.374455
updateU_new_time	5.275691
runtime	6.626354
--------------------------------------------------!
***************dt=2.000000***************
***************flag=0***************
--------------------------------------------------!
time		0.000000
wall time	225.594794
*******************************
dgemm_time	184.042053
conv_transfer_time	0.000000
conv_calculate_time	6197.990723
elastic_calculate_time	6198.030273
Allen_Cahn_nonlinear_time	6363.282227
Cahn_Hilliard_nonlinear_time	0.011520
trans_time	75.344177
trans_Memcpy_time	27.204559
trans_MPI_time	39.459518
trans_pack_time	0.559217
trans_enlarge_time	0.781304
trans_mu_time	0.507053
trans_unpack_time	6.367406
updateU_new_time	5.273727
runtime	6.628197
--------------------------------------------------!
***************dt=2.000000***************
***************flag=0***************
--------------------------------------------------!
time		0.000000
wall time	232.234664
*******************************
dgemm_time	184.024246
conv_transfer_time	0.000000
conv_calculate_time	6194.314453
elastic_calculate_time	6194.354492
Allen_Cahn_nonlinear_time	6359.587402
Cahn_Hilliard_nonlinear_time	0.011680
trans_time	74.316277
trans_Memcpy_time	27.185137
trans_MPI_time	38.414368
trans_pack_time	0.560493
trans_enlarge_time	0.802418
trans_mu_time	0.510572
trans_unpack_time	6.383994
updateU_new_time	5.290362
runtime	6.625786
--------------------------------------------------!
***************dt=2.000000***************
***************flag=0***************
--------------------------------------------------!
time		0.000000
wall time	238.876411
*******************************
dgemm_time	184.037338
conv_transfer_time	0.000000
conv_calculate_time	6194.410156
elastic_calculate_time	6194.456055
Allen_Cahn_nonlinear_time	6360.341309
Cahn_Hilliard_nonlinear_time	0.011840
trans_time	74.210014
trans_Memcpy_time	27.256311
trans_MPI_time	38.233044
trans_pack_time	0.572813
trans_enlarge_time	0.794416
trans_mu_time	0.509127
trans_unpack_time	6.378867
updateU_new_time	5.273716
runtime	6.626489
--------------------------------------------------!
***************dt=2.000000***************
***************flag=0***************
--------------------------------------------------!
time		0.000000
wall time	245.515721
*******************************
dgemm_time	184.059540
conv_transfer_time	0.000000
conv_calculate_time	6193.106934
elastic_calculate_time	6193.146973
Allen_Cahn_nonlinear_time	6357.990234
Cahn_Hilliard_nonlinear_time	0.012000
trans_time	75.019218
trans_Memcpy_time	27.353241
trans_MPI_time	38.908855
trans_pack_time	0.556811
trans_enlarge_time	0.788655
trans_mu_time	0.505287
trans_unpack_time	6.391020
updateU_new_time	5.273230
runtime	6.625666
--------------------------------------------------!
***************dt=2.000000***************
***************flag=0***************
--------------------------------------------------!
time		0.000000
wall time	252.155822
*******************************
dgemm_time	183.980331
conv_transfer_time	0.000000
conv_calculate_time	6195.350098
elastic_calculate_time	6195.390137
Allen_Cahn_nonlinear_time	6359.833984
Cahn_Hilliard_nonlinear_time	0.012000
trans_time	74.345192
trans_Memcpy_time	27.351934
trans_MPI_time	38.309124
trans_pack_time	0.556971
trans_enlarge_time	0.792173
trans_mu_time	0.511206
trans_unpack_time	6.367493
updateU_new_time	5.273386
runtime	6.629181
--------------------------------------------------!
***************dt=2.000000***************
***************flag=0***************
--------------------------------------------------!
time		0.000000
wall time	258.795055
*******************************
dgemm_time	184.032822
conv_transfer_time	0.000000
conv_calculate_time	6193.770508
elastic_calculate_time	6193.811035
Allen_Cahn_nonlinear_time	6358.184082
Cahn_Hilliard_nonlinear_time	0.011520
trans_time	74.652740
trans_Memcpy_time	27.400551
trans_MPI_time	38.556133
trans_pack_time	0.554410
trans_enlarge_time	0.795373
trans_mu_time	0.504646
trans_unpack_time	6.378208
updateU_new_time	5.270981
runtime	6.625794
--------------------------------------------------!
***************dt=2.000000***************
***************flag=0***************
--------------------------------------------------!
time		0.000000
wall time	265.437799
*******************************
dgemm_time	184.011551
conv_transfer_time	0.000000
conv_calculate_time	6194.579590
elastic_calculate_time	6194.620117
Allen_Cahn_nonlinear_time	6358.854492
Cahn_Hilliard_nonlinear_time	0.012000
trans_time	74.951752
trans_Memcpy_time	27.439568
trans_MPI_time	38.808426
trans_pack_time	0.558250
trans_enlarge_time	0.805772
trans_mu_time	0.508966
trans_unpack_time	6.377082
updateU_new_time	5.279937
runtime	6.626271
--------------------------------------------------!
***************dt=2.000000***************
***************flag=0***************
--------------------------------------------------!
time		0.000000
wall time	272.077160
*******************************
dgemm_time	183.996689
conv_transfer_time	0.000000
conv_calculate_time	6194.838867
elastic_calculate_time	6194.883301
Allen_Cahn_nonlinear_time	6360.035156
Cahn_Hilliard_nonlinear_time	0.011520
trans_time	74.456436
trans_Memcpy_time	27.381462
trans_MPI_time	38.375423
trans_pack_time	0.584169
trans_enlarge_time	0.776332
trans_mu_time	0.507686
trans_unpack_time	6.378517
updateU_new_time	5.271452
runtime	6.626483
--------------------------------------------------!
***************dt=2.000000***************
***************flag=0***************
--------------------------------------------------!
time		0.000000
wall time	278.717011
*******************************
dgemm_time	184.012863
conv_transfer_time	0.000000
conv_calculate_time	6195.969238
elastic_calculate_time	6196.009277
Allen_Cahn_nonlinear_time	6360.298340
Cahn_Hilliard_nonlinear_time	0.012160
trans_time	74.189690
trans_Memcpy_time	27.351360
trans_MPI_time	38.111870
trans_pack_time	0.551049
trans_enlarge_time	0.817612
trans_mu_time	0.506086
trans_unpack_time	6.392912
updateU_new_time	5.274169
runtime	6.627038
--------------------------------------------------!
***************dt=2.000000***************
***************flag=0***************
--------------------------------------------------!
time		0.000000
wall time	285.357070
*******************************
dgemm_time	184.037842
conv_transfer_time	0.000000
conv_calculate_time	6191.436523
elastic_calculate_time	6191.477539
Allen_Cahn_nonlinear_time	6357.325684
Cahn_Hilliard_nonlinear_time	0.011840
trans_time	74.380013
trans_Memcpy_time	27.368460
trans_MPI_time	38.334724
trans_pack_time	0.563848
trans_enlarge_time	0.768332
trans_mu_time	0.512166
trans_unpack_time	6.374347
updateU_new_time	5.271765
runtime	6.622550
--------------------------------------------------!
***************dt=2.000000***************
***************flag=0***************
--------------------------------------------------!
time		0.000000
wall time	291.997702
*******************************
dgemm_time	183.982361
conv_transfer_time	0.000000
conv_calculate_time	6193.658203
elastic_calculate_time	6193.698242
Allen_Cahn_nonlinear_time	6357.645020
Cahn_Hilliard_nonlinear_time	0.012160
trans_time	74.411751
trans_Memcpy_time	27.375959
trans_MPI_time	38.334377
trans_pack_time	0.556328
trans_enlarge_time	0.814252
trans_mu_time	0.506246
trans_unpack_time	6.369702
updateU_new_time	5.270961
runtime	6.624328
--------------------------------------------------!
***************dt=2.000000***************
***************flag=0***************
--------------------------------------------------!
time		0.000000
wall time	298.633851
*******************************
dgemm_time	183.957764
conv_transfer_time	0.000000
conv_calculate_time	6195.942383
elastic_calculate_time	6195.989258
Allen_Cahn_nonlinear_time	6361.462891
Cahn_Hilliard_nonlinear_time	0.012000
trans_time	73.614578
trans_Memcpy_time	27.366179
trans_MPI_time	37.548100
trans_pack_time	0.552328
trans_enlarge_time	0.808972
trans_mu_time	0.502726
trans_unpack_time	6.382818
updateU_new_time	5.280718
runtime	6.627426
--------------------------------------------------!
***************dt=2.000000***************
***************flag=0***************
--------------------------------------------------!
time		0.000000
wall time	305.271749
*******************************
dgemm_time	183.998932
conv_transfer_time	0.000000
conv_calculate_time	6192.408691
elastic_calculate_time	6192.449219
Allen_Cahn_nonlinear_time	6357.132324
Cahn_Hilliard_nonlinear_time	0.011840
trans_time	73.664001
trans_Memcpy_time	26.986958
trans_MPI_time	37.904400
trans_pack_time	0.581607
trans_enlarge_time	0.784808
trans_mu_time	0.506886
trans_unpack_time	6.389534
updateU_new_time	5.273674
runtime	6.623027
--------------------------------------------------!
***************dt=2.000000***************
***************flag=0***************
--------------------------------------------------!
time		0.000000
wall time	311.912629
*******************************
dgemm_time	184.002441
conv_transfer_time	0.000000
conv_calculate_time	6196.897949
elastic_calculate_time	6196.937012
Allen_Cahn_nonlinear_time	6362.394043
Cahn_Hilliard_nonlinear_time	0.011680
trans_time	74.961311
trans_Memcpy_time	27.046782
trans_MPI_time	39.195271
trans_pack_time	0.555207
trans_enlarge_time	0.799367
trans_mu_time	0.504006
trans_unpack_time	6.404730
updateU_new_time	5.273190
runtime	6.629690
--------------------------------------------------!
***************dt=2.000000***************
***************flag=0***************
--------------------------------------------------!
time		0.000000
wall time	318.549188
*******************************
dgemm_time	184.044281
conv_transfer_time	0.000000
conv_calculate_time	6195.521973
elastic_calculate_time	6195.561523
Allen_Cahn_nonlinear_time	6360.408203
Cahn_Hilliard_nonlinear_time	0.012000
trans_time	75.080704
trans_Memcpy_time	27.266279
trans_MPI_time	39.130280
trans_pack_time	0.559846
trans_enlarge_time	0.793927
trans_mu_time	0.509286
trans_unpack_time	6.364724
updateU_new_time	5.275583
runtime	6.627080
--------------------------------------------------!
***************dt=2.000000***************
***************flag=0***************
--------------------------------------------------!
time		0.000000
wall time	325.192596
*******************************
dgemm_time	184.018295
conv_transfer_time	0.000000
conv_calculate_time	6189.012695
elastic_calculate_time	6189.052734
Allen_Cahn_nonlinear_time	6354.271484
Cahn_Hilliard_nonlinear_time	0.011520
trans_time	74.749146
trans_Memcpy_time	27.022881
trans_MPI_time	39.023987
trans_pack_time	0.557606
trans_enlarge_time	0.797606
trans_mu_time	0.520646
trans_unpack_time	6.372076
updateU_new_time	5.274136
runtime	6.621212
--------------------------------------------------!
***************dt=2.000000***************
***************flag=0***************
--------------------------------------------------!
time		0.000000
wall time	331.833162
*******************************
dgemm_time	184.007034
conv_transfer_time	0.000000
conv_calculate_time	6192.649902
elastic_calculate_time	6192.691406
Allen_Cahn_nonlinear_time	6357.793945
Cahn_Hilliard_nonlinear_time	0.011680
trans_time	74.844894
trans_Memcpy_time	27.098047
trans_MPI_time	39.039455
trans_pack_time	0.554725
trans_enlarge_time	0.804326
trans_mu_time	0.507521
trans_unpack_time	6.385188
updateU_new_time	5.284850
runtime	6.624259
--------------------------------------------------!
***************dt=2.000000***************
***************flag=0***************
--------------------------------------------------!
time		0.000000
wall time	338.467851
*******************************
dgemm_time	184.130341
conv_transfer_time	0.000000
conv_calculate_time	6205.904297
elastic_calculate_time	6205.944336
Allen_Cahn_nonlinear_time	6371.173340
Cahn_Hilliard_nonlinear_time	0.012000
trans_time	60.600159
trans_Memcpy_time	27.310658
trans_MPI_time	24.574152
trans_pack_time	0.570564
trans_enlarge_time	0.795846
trans_mu_time	0.505280
trans_unpack_time	6.390460
updateU_new_time	5.273644
runtime	6.624426
--------------------------------------------------!
***************dt=2.000000***************
***************flag=0***************
--------------------------------------------------!
time		0.000000
wall time	345.092205
*******************************
dgemm_time	184.180542
conv_transfer_time	0.000000
conv_calculate_time	6193.780273
elastic_calculate_time	6193.821289
Allen_Cahn_nonlinear_time	6358.627930
Cahn_Hilliard_nonlinear_time	0.011840
trans_time	60.588554
trans_Memcpy_time	27.259747
trans_MPI_time	24.613323
trans_pack_time	0.556804
trans_enlarge_time	0.799846
trans_mu_time	0.508160
trans_unpack_time	6.400213
updateU_new_time	5.272518
runtime	6.611590
--------------------------------------------------!
***************dt=2.000000***************
***************flag=0***************
--------------------------------------------------!
time		0.000000
wall time	351.716729
*******************************
dgemm_time	184.105301
conv_transfer_time	0.000000
conv_calculate_time	6197.488770
elastic_calculate_time	6197.528809
Allen_Cahn_nonlinear_time	6362.672363
Cahn_Hilliard_nonlinear_time	0.011680
trans_time	60.594578
trans_Memcpy_time	27.271715
trans_MPI_time	24.639057
trans_pack_time	0.553763
trans_enlarge_time	0.812004
trans_mu_time	0.506400
trans_unpack_time	6.358126
updateU_new_time	5.269312
runtime	6.615324
--------------------------------------------------!
***************dt=2.000000***************
***************flag=0***************
--------------------------------------------------!
time		0.000000
wall time	358.328388
*******************************
dgemm_time	184.222717
conv_transfer_time	0.000000
conv_calculate_time	6193.458984
elastic_calculate_time	6193.500977
Allen_Cahn_nonlinear_time	6358.678711
Cahn_Hilliard_nonlinear_time	0.011680
trans_time	60.604687
trans_Memcpy_time	27.254406
trans_MPI_time	24.663353
trans_pack_time	0.557442
trans_enlarge_time	0.798400
trans_mu_time	0.523520
trans_unpack_time	6.355559
updateU_new_time	5.276187
runtime	6.611223
--------------------------------------------------!
***************dt=2.000000***************
***************flag=0***************
--------------------------------------------------!
time		0.000000
wall time	364.943801
*******************************
dgemm_time	184.132935
conv_transfer_time	0.000000
conv_calculate_time	6194.026367
elastic_calculate_time	6194.067871
Allen_Cahn_nonlinear_time	6358.438965
Cahn_Hilliard_nonlinear_time	0.011520
trans_time	60.560680
trans_Memcpy_time	27.281578
trans_MPI_time	24.520927
trans_pack_time	0.554402
trans_enlarge_time	0.800480
trans_mu_time	0.507680
trans_unpack_time	6.380673
updateU_new_time	5.287222
runtime	6.611850
--------------------------------------------------!
***************dt=2.000000***************
***************flag=0***************
--------------------------------------------------!
time		0.000000
wall time	371.555110
*******************************
dgemm_time	184.184113
conv_transfer_time	0.000000
conv_calculate_time	6215.028809
elastic_calculate_time	6215.069824
Allen_Cahn_nonlinear_time	6380.818848
Cahn_Hilliard_nonlinear_time	0.012160
trans_time	60.235592
trans_Memcpy_time	27.280594
trans_MPI_time	24.230019
trans_pack_time	0.554722
trans_enlarge_time	0.790400
trans_mu_time	0.503040
trans_unpack_time	6.383866
updateU_new_time	5.276977
runtime	6.633188
--------------------------------------------------!
***************dt=2.000000***************
***************flag=0***************
--------------------------------------------------!
time		0.000000
wall time	378.167058
*******************************
dgemm_time	184.123230
conv_transfer_time	0.000000
conv_calculate_time	6197.111816
elastic_calculate_time	6197.151367
Allen_Cahn_nonlinear_time	6361.923340
Cahn_Hilliard_nonlinear_time	0.011840
trans_time	61.092007
trans_Memcpy_time	27.282644
trans_MPI_time	25.112717
trans_pack_time	0.557760
trans_enlarge_time	0.787040
trans_mu_time	0.508640
trans_unpack_time	6.394740
updateU_new_time	5.274574
runtime	6.616242
--------------------------------------------------!
***************dt=2.000000***************
***************flag=0***************
--------------------------------------------------!
time		0.000000
wall time	384.800361
*******************************
dgemm_time	184.180664
conv_transfer_time	0.000000
conv_calculate_time	6197.229004
elastic_calculate_time	6197.269531
Allen_Cahn_nonlinear_time	6361.742676
Cahn_Hilliard_nonlinear_time	0.012000
trans_time	61.747253
trans_Memcpy_time	27.292074
trans_MPI_time	25.775431
trans_pack_time	0.557440
trans_enlarge_time	0.789600
trans_mu_time	0.505920
trans_unpack_time	6.373297
updateU_new_time	5.274414
runtime	6.615988
--------------------------------------------------!
***************dt=2.000000***************
***************flag=0***************
--------------------------------------------------!
time		0.000000
wall time	391.416680
*******************************
dgemm_time	184.189606
conv_transfer_time	0.000000
conv_calculate_time	6194.295898
elastic_calculate_time	6194.336914
Allen_Cahn_nonlinear_time	6364.752930
Cahn_Hilliard_nonlinear_time	0.012320
trans_time	60.697193
trans_Memcpy_time	27.352230
trans_MPI_time	24.657984
trans_pack_time	0.552480
trans_enlarge_time	0.805120
trans_mu_time	0.505280
trans_unpack_time	6.373937
updateU_new_time	5.274733
runtime	6.616414
--------------------------------------------------!
***************dt=2.000000***************
***************flag=0***************
--------------------------------------------------!
time		0.000000
wall time	398.032751
*******************************
dgemm_time	184.167038
conv_transfer_time	0.000000
conv_calculate_time	6195.513184
elastic_calculate_time	6195.554199
Allen_Cahn_nonlinear_time	6360.371582
Cahn_Hilliard_nonlinear_time	0.013600
trans_time	60.262470
trans_Memcpy_time	27.275106
trans_MPI_time	24.213663
trans_pack_time	0.556960
trans_enlarge_time	0.800000
trans_mu_time	0.513280
trans_unpack_time	6.376016
updateU_new_time	5.280333
runtime	6.612621
--------------------------------------------------!
***************dt=2.000000***************
***************flag=0***************
--------------------------------------------------!
time		0.000000
wall time	404.649251
*******************************
dgemm_time	184.123184
conv_transfer_time	0.000000
conv_calculate_time	6195.565918
elastic_calculate_time	6195.605469
Allen_Cahn_nonlinear_time	6360.076172
Cahn_Hilliard_nonlinear_time	0.011360
trans_time	61.192097
trans_Memcpy_time	27.245987
trans_MPI_time	25.260544
trans_pack_time	0.557120
trans_enlarge_time	0.790560
trans_mu_time	0.504000
trans_unpack_time	6.384816
updateU_new_time	5.274093
runtime	6.614679
--------------------------------------------------!
***************dt=2.000000***************
***************flag=0***************
--------------------------------------------------!
time		0.000000
wall time	411.261948
*******************************
dgemm_time	184.134079
conv_transfer_time	0.000000
conv_calculate_time	6195.200684
elastic_calculate_time	6195.240723
Allen_Cahn_nonlinear_time	6360.135742
Cahn_Hilliard_nonlinear_time	0.011840
trans_time	60.741383
trans_Memcpy_time	27.303587
trans_MPI_time	24.737501
trans_pack_time	0.557120
trans_enlarge_time	0.792960
trans_mu_time	0.507360
trans_unpack_time	6.392816
updateU_new_time	5.274911
runtime	6.614814
--------------------------------------------------!
***************dt=2.000000***************
***************flag=0***************
--------------------------------------------------!
time		0.000000
wall time	417.876698
*******************************
dgemm_time	184.162323
conv_transfer_time	0.000000
conv_calculate_time	6190.520996
elastic_calculate_time	6190.570312
Allen_Cahn_nonlinear_time	6355.355957
Cahn_Hilliard_nonlinear_time	0.011680
trans_time	60.197792
trans_Memcpy_time	27.247204
trans_MPI_time	24.266228
trans_pack_time	0.555842
trans_enlarge_time	0.786240
trans_mu_time	0.514560
trans_unpack_time	6.369319
updateU_new_time	5.273351
runtime	6.611520
--------------------------------------------------!
***************dt=2.000000***************
***************flag=0***************
--------------------------------------------------!
time		0.000000
wall time	424.491604
*******************************
dgemm_time	184.179825
conv_transfer_time	0.000000
conv_calculate_time	6198.754883
elastic_calculate_time	6198.794922
Allen_Cahn_nonlinear_time	6363.118164
Cahn_Hilliard_nonlinear_time	0.011520
trans_time	60.895542
trans_Memcpy_time	27.300207
trans_MPI_time	24.858097
trans_pack_time	0.555526
trans_enlarge_time	0.791527
trans_mu_time	0.508166
trans_unpack_time	6.371606
updateU_new_time	5.275122
runtime	6.618176
--------------------------------------------------!
***************dt=2.000000***************
***************flag=0***************
--------------------------------------------------!
time		0.000000
wall time	431.103202
*******************************
dgemm_time	184.084732
conv_transfer_time	0.000000
conv_calculate_time	6197.796875
elastic_calculate_time	6197.837402
Allen_Cahn_nonlinear_time	6366.149902
Cahn_Hilliard_nonlinear_time	0.011680
trans_time	61.044331
trans_Memcpy_time	27.344742
trans_MPI_time	24.987106
trans_pack_time	0.560488
trans_enlarge_time	0.802251
trans_mu_time	0.513446
trans_unpack_time	6.386499
updateU_new_time	5.273200
runtime	6.620716
--------------------------------------------------!
***************dt=2.000000***************
***************flag=0***************
--------------------------------------------------!
time		0.000000
wall time	437.721452
*******************************
dgemm_time	184.169327
conv_transfer_time	0.000000
conv_calculate_time	6197.451172
elastic_calculate_time	6197.491211
Allen_Cahn_nonlinear_time	6361.468262
Cahn_Hilliard_nonlinear_time	0.011680
trans_time	60.766991
trans_Memcpy_time	27.259293
trans_MPI_time	24.831100
trans_pack_time	0.552008
trans_enlarge_time	0.788008
trans_mu_time	0.504646
trans_unpack_time	6.382497
updateU_new_time	5.275279
runtime	6.619067
--------------------------------------------------!
***************dt=2.000000***************
***************flag=0***************
--------------------------------------------------!
time		0.000000
wall time	444.342250
*******************************
dgemm_time	184.158218
conv_transfer_time	0.000000
conv_calculate_time	6196.366211
elastic_calculate_time	6196.406738
Allen_Cahn_nonlinear_time	6361.611816
Cahn_Hilliard_nonlinear_time	0.011840
trans_time	61.837311
trans_Memcpy_time	27.263927
trans_MPI_time	25.869349
trans_pack_time	0.554408
trans_enlarge_time	0.794089
trans_mu_time	0.508006
trans_unpack_time	6.395136
updateU_new_time	5.271437
runtime	6.615944
--------------------------------------------------!
***************dt=2.000000***************
***************flag=0***************
--------------------------------------------------!
time		0.000000
wall time	450.961407
*******************************
dgemm_time	184.194290
conv_transfer_time	0.000000
conv_calculate_time	6219.279297
elastic_calculate_time	6219.321289
Allen_Cahn_nonlinear_time	6384.522461
Cahn_Hilliard_nonlinear_time	0.011680
trans_time	60.488667
trans_Memcpy_time	27.302475
trans_MPI_time	24.498119
trans_pack_time	0.555207
trans_enlarge_time	0.787367
trans_mu_time	0.518086
trans_unpack_time	6.374013
updateU_new_time	5.278315
runtime	6.639583
--------------------------------------------------!
***************dt=2.000000***************
***************flag=0***************
--------------------------------------------------!
time		0.000000
wall time	457.577446
*******************************
dgemm_time	184.148773
conv_transfer_time	0.000000
conv_calculate_time	6196.388672
elastic_calculate_time	6196.431641
Allen_Cahn_nonlinear_time	6361.496094
Cahn_Hilliard_nonlinear_time	0.012000
trans_time	60.664883
trans_Memcpy_time	27.309025
trans_MPI_time	24.674431
trans_pack_time	0.555367
trans_enlarge_time	0.799687
trans_mu_time	0.506566
trans_unpack_time	6.356890
updateU_new_time	5.275592
runtime	6.614774
--------------------------------------------------!
***************dt=2.000000***************
***************flag=0***************
--------------------------------------------------!
time		0.000000
wall time	464.217158
*******************************
dgemm_time	184.169342
conv_transfer_time	0.000000
conv_calculate_time	6197.110352
elastic_calculate_time	6197.149414
Allen_Cahn_nonlinear_time	6361.714844
Cahn_Hilliard_nonlinear_time	0.011680
trans_time	61.684452
trans_Memcpy_time	27.293652
trans_MPI_time	25.709473
trans_pack_time	0.559047
trans_enlarge_time	0.781927
trans_mu_time	0.504166
trans_unpack_time	6.380248
updateU_new_time	5.271110
runtime	6.615330
--------------------------------------------------!
***************dt=2.000000***************
***************flag=0***************
--------------------------------------------------!
time		0.000000
wall time	470.832018
*******************************
dgemm_time	184.160797
conv_transfer_time	0.000000
conv_calculate_time	6196.806641
elastic_calculate_time	6196.846680
Allen_Cahn_nonlinear_time	6361.650391
Cahn_Hilliard_nonlinear_time	0.012000
trans_time	60.820866
trans_Memcpy_time	27.312363
trans_MPI_time	24.809288
trans_pack_time	0.571846
trans_enlarge_time	0.789286
trans_mu_time	0.504966
trans_unpack_time	6.385205
updateU_new_time	5.275588
runtime	6.614829
--------------------------------------------------!
***************dt=2.000000***************
***************flag=0***************
--------------------------------------------------!
time		0.000000
wall time	477.447426
*******************************
dgemm_time	184.126801
conv_transfer_time	0.000000
conv_calculate_time	6194.286133
elastic_calculate_time	6194.344238
Allen_Cahn_nonlinear_time	6359.385254
Cahn_Hilliard_nonlinear_time	0.011840
trans_time	60.548325
trans_Memcpy_time	27.232191
trans_MPI_time	24.598400
trans_pack_time	0.571207
trans_enlarge_time	0.793926
trans_mu_time	0.504646
trans_unpack_time	6.393523
updateU_new_time	5.276706
runtime	6.614617
--------------------------------------------------!
***************dt=2.000000***************
***************flag=0***************
--------------------------------------------------!
time		0.000000
wall time	484.062327
*******************************
dgemm_time	184.119370
conv_transfer_time	0.000000
conv_calculate_time	6193.802246
elastic_calculate_time	6193.842773
Allen_Cahn_nonlinear_time	6358.491699
Cahn_Hilliard_nonlinear_time	0.011520
trans_time	72.262222
trans_Memcpy_time	27.251223
trans_MPI_time	36.258217
trans_pack_time	0.556486
trans_enlarge_time	0.794726
trans_mu_time	0.506246
trans_unpack_time	6.374960
updateU_new_time	5.272864
runtime	6.623104
--------------------------------------------------!
***************dt=2.000000***************
***************flag=0***************
--------------------------------------------------!
time		0.000000
wall time	490.677019
*******************************
dgemm_time	184.149231
conv_transfer_time	0.000000
conv_calculate_time	6197.582520
elastic_calculate_time	6197.622559
Allen_Cahn_nonlinear_time	6362.148438
Cahn_Hilliard_nonlinear_time	0.011840
trans_time	59.637691
trans_Memcpy_time	27.274410
trans_MPI_time	23.668606
trans_pack_time	0.555206
trans_enlarge_time	0.797606
trans_mu_time	0.509286
trans_unpack_time	6.383118
updateU_new_time	5.276222
runtime	6.617360
--------------------------------------------------!
***************dt=2.000000***************
***************flag=0***************
--------------------------------------------------!
time		0.000000
wall time	497.300217
*******************************
dgemm_time	184.216675
conv_transfer_time	0.000000
conv_calculate_time	6194.962402
elastic_calculate_time	6195.002441
Allen_Cahn_nonlinear_time	6359.736328
Cahn_Hilliard_nonlinear_time	0.011680
trans_time	61.662853
trans_Memcpy_time	27.348640
trans_MPI_time	25.615662
trans_pack_time	0.553926
trans_enlarge_time	0.795206
trans_mu_time	0.507046
trans_unpack_time	6.388715
updateU_new_time	5.274780
runtime	6.613717
--------------------------------------------------!
***************dt=2.000000***************
***************flag=0***************
--------------------------------------------------!
time		0.000000
wall time	503.917688
*******************************
dgemm_time	184.169571
conv_transfer_time	0.000000
conv_calculate_time	6198.828125
elastic_calculate_time	6198.869629
Allen_Cahn_nonlinear_time	6364.005371
Cahn_Hilliard_nonlinear_time	0.012000
trans_time	60.234303
trans_Memcpy_time	27.272470
trans_MPI_time	24.235638
trans_pack_time	0.589286
trans_enlarge_time	0.792326
trans_mu_time	0.503361
trans_unpack_time	6.390953
updateU_new_time	5.271418
runtime	6.616897
--------------------------------------------------!
***************dt=2.000000***************
***************flag=0***************
--------------------------------------------------!
time		0.000000
wall time	510.531483
*******************************
dgemm_time	184.126526
conv_transfer_time	0.000000
conv_calculate_time	6198.237793
elastic_calculate_time	6198.279297
Allen_Cahn_nonlinear_time	6365.340332
Cahn_Hilliard_nonlinear_time	0.011520
trans_time	60.991169
trans_Memcpy_time	27.291180
trans_MPI_time	24.950996
trans_pack_time	0.586406
trans_enlarge_time	0.816326
trans_mu_time	0.515202
trans_unpack_time	6.378151
updateU_new_time	5.270614
runtime	6.617859
--------------------------------------------------!
***************dt=2.000000***************
***************flag=0***************
--------------------------------------------------!
time		0.000000
wall time	517.148466
*******************************
dgemm_time	184.121231
conv_transfer_time	0.000000
conv_calculate_time	6196.660156
elastic_calculate_time	6196.700684
Allen_Cahn_nonlinear_time	6361.774902
Cahn_Hilliard_nonlinear_time	0.011840
trans_time	60.852692
trans_Memcpy_time	27.256599
trans_MPI_time	24.858814
trans_pack_time	0.554405
trans_enlarge_time	0.804486
trans_mu_time	0.506720
trans_unpack_time	6.363905
updateU_new_time	5.269489
runtime	6.614737
--------------------------------------------------!
***************dt=2.000000***************
***************flag=0***************
--------------------------------------------------!
time		0.000000
wall time	523.766408
*******************************
dgemm_time	184.124924
conv_transfer_time	0.000000
conv_calculate_time	6197.882324
elastic_calculate_time	6197.920898
Allen_Cahn_nonlinear_time	6362.882324
Cahn_Hilliard_nonlinear_time	0.012000
trans_time	60.409184
trans_Memcpy_time	27.265852
trans_MPI_time	24.462147
trans_pack_time	0.555524
trans_enlarge_time	0.782566
trans_mu_time	0.508800
trans_unpack_time	6.374299
updateU_new_time	5.274284
runtime	6.615469
--------------------------------------------------!
***************dt=2.000000***************
***************flag=0***************
--------------------------------------------------!
time		0.000000
wall time	530.381220
*******************************
dgemm_time	184.181412
conv_transfer_time	0.000000
conv_calculate_time	6197.258301
elastic_calculate_time	6197.298828
Allen_Cahn_nonlinear_time	6364.691406
Cahn_Hilliard_nonlinear_time	0.012000
trans_time	62.035805
trans_Memcpy_time	27.253187
trans_MPI_time	26.075420
trans_pack_time	0.561444
trans_enlarge_time	0.809446
trans_mu_time	0.504480
trans_unpack_time	6.378774
updateU_new_time	5.272040
runtime	6.617976
--------------------------------------------------!
***************dt=2.000000***************
***************flag=0***************
--------------------------------------------------!
time		0.000000
wall time	536.996764
*******************************
dgemm_time	184.141418
conv_transfer_time	0.000000
conv_calculate_time	6191.528809
elastic_calculate_time	6191.593750
Allen_Cahn_nonlinear_time	6356.933105
Cahn_Hilliard_nonlinear_time	0.011520
trans_time	60.905193
trans_Memcpy_time	27.258924
trans_MPI_time	24.907867
trans_pack_time	0.584964
trans_enlarge_time	0.798403
trans_mu_time	0.508640
trans_unpack_time	6.394608
updateU_new_time	5.271876
runtime	6.610414
--------------------------------------------------!
***************dt=2.000000***************
***************flag=0***************
--------------------------------------------------!
time		0.000000
wall time	543.614815
*******************************
dgemm_time	184.132782
conv_transfer_time	0.000000
conv_calculate_time	6198.388184
elastic_calculate_time	6198.436523
Allen_Cahn_nonlinear_time	6363.115723
Cahn_Hilliard_nonlinear_time	0.011680
trans_time	61.554768
trans_Memcpy_time	27.261461
trans_MPI_time	25.495052
trans_pack_time	0.584163
trans_enlarge_time	0.791361
trans_mu_time	0.510880
trans_unpack_time	6.396043
updateU_new_time	5.273311
runtime	6.616710
--------------------------------------------------!
***************dt=2.000000***************
***************flag=0***************
--------------------------------------------------!
time		0.000000
wall time	550.225322
*******************************
dgemm_time	184.137451
conv_transfer_time	0.000000
conv_calculate_time	6198.298828
elastic_calculate_time	6198.339844
Allen_Cahn_nonlinear_time	6364.730957
Cahn_Hilliard_nonlinear_time	0.011520
trans_time	60.894653
trans_Memcpy_time	27.290400
trans_MPI_time	24.861748
trans_pack_time	0.556322
trans_enlarge_time	0.813920
trans_mu_time	0.504320
trans_unpack_time	6.371398
updateU_new_time	5.270427
runtime	6.617931
--------------------------------------------------!
***************dt=2.000000***************
***************flag=0***************
--------------------------------------------------!
time		0.000000
wall time	556.842140
*******************************
dgemm_time	184.198898
conv_transfer_time	0.000000
conv_calculate_time	6214.395508
elastic_calculate_time	6214.435547
Allen_Cahn_nonlinear_time	6382.363770
Cahn_Hilliard_nonlinear_time	0.011840
trans_time	61.557079
trans_Memcpy_time	27.257420
trans_MPI_time	25.537252
trans_pack_time	0.556162
trans_enlarge_time	0.811200
trans_mu_time	0.510240
trans_unpack_time	6.380833
updateU_new_time	5.272663
runtime	6.635017
--------------------------------------------------!
***************dt=2.000000***************
***************flag=0***************
--------------------------------------------------!
time		0.000000
wall time	563.460146
*******************************
dgemm_time	184.143250
conv_transfer_time	0.000000
conv_calculate_time	6195.913086
elastic_calculate_time	6195.951660
Allen_Cahn_nonlinear_time	6360.422852
Cahn_Hilliard_nonlinear_time	0.011840
trans_time	60.835651
trans_Memcpy_time	27.266678
trans_MPI_time	24.847630
trans_pack_time	0.556162
trans_enlarge_time	0.807360
trans_mu_time	0.512960
trans_unpack_time	6.389948
updateU_new_time	5.271219
runtime	6.613986
--------------------------------------------------!
***************dt=2.000000***************
***************flag=0***************
--------------------------------------------------!
time		0.000000
wall time	570.095268
*******************************
dgemm_time	184.142181
conv_transfer_time	0.000000
conv_calculate_time	6195.252930
elastic_calculate_time	6195.300293
Allen_Cahn_nonlinear_time	6359.573730
Cahn_Hilliard_nonlinear_time	0.011520
trans_time	60.304554
trans_Memcpy_time	27.308739
trans_MPI_time	24.292568
trans_pack_time	0.568802
trans_enlarge_time	0.792320
trans_mu_time	0.509600
trans_unpack_time	6.378583
updateU_new_time	5.271056
runtime	6.615371
--------------------------------------------------!
***************dt=2.000000***************
***************flag=0***************
--------------------------------------------------!
time		0.000000
wall time	576.709349
*******************************
dgemm_time	184.159546
conv_transfer_time	0.000000
conv_calculate_time	6193.844238
elastic_calculate_time	6193.885254
Allen_Cahn_nonlinear_time	6358.270508
Cahn_Hilliard_nonlinear_time	0.012160
trans_time	64.741051
trans_Memcpy_time	27.330162
trans_MPI_time	28.698807
trans_pack_time	0.568320
trans_enlarge_time	0.794400
trans_mu_time	0.509280
trans_unpack_time	6.390579
updateU_new_time	5.272654
runtime	6.616700
--------------------------------------------------!
***************dt=2.000000***************
***************flag=0***************
--------------------------------------------------!
time		0.000000
wall time	583.324800
*******************************
dgemm_time	184.120758
conv_transfer_time	0.000000
conv_calculate_time	6197.571289
elastic_calculate_time	6197.610840
Allen_Cahn_nonlinear_time	6362.286621
Cahn_Hilliard_nonlinear_time	0.011680
trans_time	60.443409
trans_Memcpy_time	27.302471
trans_MPI_time	24.433826
trans_pack_time	0.558560
trans_enlarge_time	0.802560
trans_mu_time	0.517600
trans_unpack_time	6.379697
updateU_new_time	5.276972
runtime	6.614738
--------------------------------------------------!
***************dt=2.000000***************
***************flag=0***************
--------------------------------------------------!
time		0.000000
wall time	589.941577
*******************************
dgemm_time	184.199265
conv_transfer_time	0.000000
conv_calculate_time	6192.570801
elastic_calculate_time	6192.610352
Allen_Cahn_nonlinear_time	6357.844727
Cahn_Hilliard_nonlinear_time	0.011840
trans_time	60.547096
trans_Memcpy_time	27.394302
trans_MPI_time	24.455898
trans_pack_time	0.559200
trans_enlarge_time	0.786240
trans_mu_time	0.506400
trans_unpack_time	6.395375
updateU_new_time	5.284331
runtime	6.610201
--------------------------------------------------!
***************dt=2.000000***************
***************flag=0***************
--------------------------------------------------!
time		0.000000
wall time	596.556394
*******************************
dgemm_time	184.142670
conv_transfer_time	0.000000
conv_calculate_time	6195.446777
elastic_calculate_time	6195.505859
Allen_Cahn_nonlinear_time	6364.640625
Cahn_Hilliard_nonlinear_time	0.011680
trans_time	59.970917
trans_Memcpy_time	27.360216
trans_MPI_time	23.931408
trans_pack_time	0.553600
trans_enlarge_time	0.787520
trans_mu_time	0.511520
trans_unpack_time	6.380653
updateU_new_time	5.271843
runtime	6.615798
--------------------------------------------------!
***************dt=2.000000***************
***************flag=0***************
--------------------------------------------------!
time		0.000000
wall time	603.166667
*******************************
dgemm_time	184.160522
conv_transfer_time	0.000000
conv_calculate_time	6190.307617
elastic_calculate_time	6190.348633
Allen_Cahn_nonlinear_time	6355.360840
Cahn_Hilliard_nonlinear_time	0.011680
trans_time	60.570564
trans_Memcpy_time	27.350731
trans_MPI_time	24.463692
trans_pack_time	0.558720
trans_enlarge_time	0.796640
trans_mu_time	0.501920
trans_unpack_time	6.381763
updateU_new_time	5.274374
runtime	6.605601
--------------------------------------------------!
***************dt=2.000000***************
***************flag=0***************
--------------------------------------------------!
time		0.000000
wall time	609.782555
*******************************
dgemm_time	184.124451
conv_transfer_time	0.000000
conv_calculate_time	6193.693848
elastic_calculate_time	6193.734375
Allen_Cahn_nonlinear_time	6358.560059
Cahn_Hilliard_nonlinear_time	0.011680
trans_time	59.841480
trans_Memcpy_time	27.378746
trans_MPI_time	23.781961
trans_pack_time	0.559518
trans_enlarge_time	0.794720
trans_mu_time	0.503680
trans_unpack_time	6.370048
updateU_new_time	5.270683
runtime	6.612582
--------------------------------------------------!
***************dt=2.000000***************
***************flag=0***************
--------------------------------------------------!
time		0.000000
wall time	616.388252
*******************************
dgemm_time	184.167130
conv_transfer_time	0.000000
conv_calculate_time	6196.737793
elastic_calculate_time	6196.778809
Allen_Cahn_nonlinear_time	6365.767578
Cahn_Hilliard_nonlinear_time	0.011520
trans_time	60.391781
trans_Memcpy_time	27.349249
trans_MPI_time	24.346390
trans_pack_time	0.559677
trans_enlarge_time	0.799999
trans_mu_time	0.514880
trans_unpack_time	6.373235
updateU_new_time	5.273082
runtime	6.616910
--------------------------------------------------!
***************dt=2.000000***************
***************flag=0***************
--------------------------------------------------!
time		0.000000
wall time	623.000915
*******************************
dgemm_time	184.093964
conv_transfer_time	0.000000
conv_calculate_time	6195.901367
elastic_calculate_time	6195.940918
Allen_Cahn_nonlinear_time	6360.350586
Cahn_Hilliard_nonlinear_time	0.011520
trans_time	60.491909
trans_Memcpy_time	27.470842
trans_MPI_time	24.324303
trans_pack_time	0.555356
trans_enlarge_time	0.803198
trans_mu_time	0.506400
trans_unpack_time	6.381074
updateU_new_time	5.292441
runtime	6.613234
--------------------------------------------------!
***************dt=2.000000***************
***************flag=0***************
--------------------------------------------------!
time		0.000000
wall time	629.617911
*******************************
dgemm_time	184.093445
conv_transfer_time	0.000000
conv_calculate_time	6191.246094
elastic_calculate_time	6191.299316
Allen_Cahn_nonlinear_time	6356.253906
Cahn_Hilliard_nonlinear_time	0.011680
trans_time	60.615414
trans_Memcpy_time	27.611153
trans_MPI_time	24.297098
trans_pack_time	0.559036
trans_enlarge_time	0.801915
trans_mu_time	0.506880
trans_unpack_time	6.389712
updateU_new_time	5.274200
runtime	6.609440
--------------------------------------------------!
***************dt=2.000000***************
***************flag=0***************
--------------------------------------------------!
time		0.000000
wall time	636.231260
*******************************
dgemm_time	184.181747
conv_transfer_time	0.000000
conv_calculate_time	6193.585449
elastic_calculate_time	6193.625977
Allen_Cahn_nonlinear_time	6358.919434
Cahn_Hilliard_nonlinear_time	0.011840
trans_time	60.503414
trans_Memcpy_time	27.412750
trans_MPI_time	24.356293
trans_pack_time	0.553436
trans_enlarge_time	0.791196
trans_mu_time	0.504320
trans_unpack_time	6.374031
updateU_new_time	5.273879
runtime	6.611425
--------------------------------------------------!
***************dt=2.000000***************
***************flag=0***************
--------------------------------------------------!
time		0.000000
wall time	642.840776
*******************************
dgemm_time	184.077881
conv_transfer_time	0.000000
conv_calculate_time	6191.873047
elastic_calculate_time	6191.914062
Allen_Cahn_nonlinear_time	6357.107910
Cahn_Hilliard_nonlinear_time	0.011840
trans_time	60.770493
trans_Memcpy_time	27.469385
trans_MPI_time	24.609566
trans_pack_time	0.552476
trans_enlarge_time	0.820474
trans_mu_time	0.503840
trans_unpack_time	6.357070
updateU_new_time	5.265398
runtime	6.610362
--------------------------------------------------!
***************dt=2.000000***************
***************flag=0***************
--------------------------------------------------!
time		0.000000
wall time	649.452303
*******************************
dgemm_time	184.137054
conv_transfer_time	0.000000
conv_calculate_time	6192.472168
elastic_calculate_time	6192.512695
Allen_Cahn_nonlinear_time	6357.454102
Cahn_Hilliard_nonlinear_time	0.011840
trans_time	60.396458
trans_Memcpy_time	27.453060
trans_MPI_time	24.272446
trans_pack_time	0.555996
trans_enlarge_time	0.785754
trans_mu_time	0.503200
trans_unpack_time	6.377069
updateU_new_time	5.274837
runtime	6.610368
--------------------------------------------------!
***************dt=2.000000***************
***************flag=0***************
--------------------------------------------------!
time		0.000000
wall time	656.062743
*******************************
dgemm_time	184.104385
conv_transfer_time	0.000000
conv_calculate_time	6193.365234
elastic_calculate_time	6193.406738
Allen_Cahn_nonlinear_time	6358.462402
Cahn_Hilliard_nonlinear_time	0.012160
trans_time	60.455505
trans_Memcpy_time	27.422018
trans_MPI_time	24.313883
trans_pack_time	0.557116
trans_enlarge_time	0.817114
trans_mu_time	0.512160
trans_unpack_time	6.380748
updateU_new_time	5.293076
runtime	6.610962
--------------------------------------------------!
***************dt=2.000000***************
***************flag=0***************
--------------------------------------------------!
time		0.000000
wall time	662.673194
