running   on	1024   processors
restart		0
nx,ny,nz	260	260	132
px,py,pz	8	8	16
nghost		2
output   dir	./output/output2/
data   dir	./data/
dt,t_total	2.000000,200.100000
ELASTIC		1
ANISOTROPIC		1
nac,nch		6,2
xmin,ymin,zmin	0.000000	0.000000	0.000000
xmax,ymax,zmax	2048.000000	2048.000000	2048.000000
checkpoint_,nchk,chk	1,1000,0
nout		10000
Approx		32
detect_iter		100000
Reading input.txt file:
myrank = 317 P = 5 Q = 1
myrank = 318 P = 1 Q = 0
myrank = 327 P = 0 Q = 5
myrank = 269 P = 4 Q = 3
myrank = 288 P = 1 Q = 0
myrank = 333 P = 5 Q = 1
myrank = 335 P = 5 Q = 3
myrank = 316 P = 3 Q = 4
myrank = 290 P = 0 Q = 5
myrank = 326 P = 1 Q = 0
myrank = 325 P = 0 Q = 5
myrank = 332 P = 2 Q = 4
myrank = 319 P = 5 Q = 4
myrank = 330 P = 5 Q = 4
myrank = 320 P = 4 Q = 0
myrank = 575 P = 2 Q = 0
myrank = 289 P = 3 Q = 3
myrank = 268 P = 1 Q = 1
myrank = 324 P = 4 Q = 0
myrank = 323 P = 3 Q = 5
myrank = 560 P = 1 Q = 0
myrank = 331 P = 0 Q = 5
myrank = 267 P = 4 Q = 0
myrank = 328 P = 5 Q = 4
myrank = 305 P = 3 Q = 0
myrank = 291 P = 1 Q = 0
myrank = 567 P = 0 Q = 5
myrank = 315 P = 5 Q = 1
myrank = 329 P = 3 Q = 5
myrank = 558 P = 3 Q = 1
myrank = 563 P = 2 Q = 3
myrank = 304 P = 4 Q = 0
myrank = 561 P = 2 Q = 3
myrank = 566 P = 1 Q = 3
myrank = 570 P = 2 Q = 1
myrank = 314 P = 0 Q = 1
myrank = 334 P = 0 Q = 1
myrank = 562 P = 4 Q = 3
myrank = 553 P = 0 Q = 5
myrank = 586 P = 4 Q = 5
myrank = 556 P = 0 Q = 4
myrank = 312 P = 0 Q = 2
myrank = 322 P = 4 Q = 0
myrank = 552 P = 5 Q = 5
myrank = 306 P = 4 Q = 3
myrank = 585 P = 3 Q = 5
myrank = 321 P = 2 Q = 4
myrank = 587 P = 3 Q = 2
myrank = 311 P = 3 Q = 2
myrank = 571 P = 3 Q = 5
myrank = 270 P = 0 Q = 0
myrank = 551 P = 3 Q = 2
myrank = 266 P = 4 Q = 1
myrank = 313 P = 3 Q = 5
myrank = 557 P = 5 Q = 4
myrank = 264 P = 4 Q = 4
myrank = 559 P = 5 Q = 4
myrank = 569 P = 3 Q = 2
myrank = 265 P = 4 Q = 3
myrank = 307 P = 3 Q = 2
myrank = 308 P = 1 Q = 0
myrank = 309 P = 3 Q = 5
myrank = 663 P = 0 Q = 3
myrank = 359 P = 2 Q = 3
myrank = 303 P = 2 Q = 4
myrank = 355 P = 2 Q = 0
myrank = 203 P = 3 Q = 3
myrank = 356 P = 2 Q = 3
myrank = 992 P = 4 Q = 0
myrank = 201 P = 3 Q = 3
myrank = 447 P = 3 Q = 0
myrank = 661 P = 5 Q = 0
myrank = 271 P = 1 Q = 3
myrank = 671 P = 4 Q = 2
myrank = 573 P = 0 Q = 5
myrank = 299 P = 2 Q = 4
myrank = 659 P = 1 Q = 4
myrank = 565 P = 3 Q = 2
myrank = 294 P = 0 Q = 2
myrank = 584 P = 4 Q = 5
myrank = 568 P = 4 Q = 5
myrank = 295 P = 2 Q = 4
myrank = 293 P = 1 Q = 0
myrank = 627 P = 0 Q = 4
myrank = 656 P = 5 Q = 2
myrank = 200 P = 3 Q = 1
myrank = 669 P = 0 Q = 3
myrank = 310 P = 0 Q = 2
myrank = 622 P = 4 Q = 2
myrank = 260 P = 1 Q = 4
myrank = 292 P = 3 Q = 2
myrank = 623 P = 0 Q = 4
myrank = 204 P = 5 Q = 5
myrank = 668 P = 5 Q = 2
myrank = 298 P = 0 Q = 2
myrank = 259 P = 2 Q = 2
myrank = 202 P = 2 Q = 5
myrank = 995 P = 3 Q = 3
myrank = 258 P = 3 Q = 5
myrank = 625 P = 3 Q = 4
myrank = 550 P = 2 Q = 5
myrank = 824 P = 1 Q = 5
myrank = 564 P = 1 Q = 0
myrank = 406 P = 2 Q = 0
myrank = 353 P = 1 Q = 0
myrank = 263 P = 2 Q = 5
myrank = 444 P = 5 Q = 2
myrank = 670 P = 2 Q = 5
myrank = 358 P = 1 Q = 5
myrank = 646 P = 4 Q = 4
myrank = 357 P = 2 Q = 3
myrank = 354 P = 2 Q = 1
myrank = 624 P = 4 Q = 1
myrank = 662 P = 3 Q = 4
myrank = 446 P = 5 Q = 2
myrank = 207 P = 1 Q = 5
myrank = 549 P = 3 Q = 2
myrank = 543 P = 2 Q = 4
myrank = 825 P = 2 Q = 0
myrank = 621 P = 4 Q = 2
myrank = 404 P = 1 Q = 1
myrank = 826 P = 1 Q = 2
myrank = 827 P = 0 Q = 1
myrank = 994 P = 1 Q = 3
myrank = 445 P = 0 Q = 3
myrank = 582 P = 1 Q = 2
myrank = 167 P = 3 Q = 3
myrank = 660 P = 0 Q = 4
myrank = 946 P = 1 Q = 4
myrank = 261 P = 2 Q = 5
myrank = 960 P = 0 Q = 2
myrank = 620 P = 4 Q = 2
myrank = 405 P = 0 Q = 0
myrank = 583 P = 5 Q = 3
myrank = 449 P = 4 Q = 1
myrank = 448 P = 5 Q = 5
myrank = 256 P = 0 Q = 3
myrank = 257 P = 2 Q = 2
myrank = 352 P = 2 Q = 1
myrank = 206 P = 5 Q = 5
myrank = 626 P = 4 Q = 4
myrank = 741 P = 2 Q = 5
myrank = 407 P = 0 Q = 3
myrank = 205 P = 0 Q = 0
myrank = 554 P = 0 Q = 1
myrank = 302 P = 1 Q = 0
myrank = 300 P = 4 Q = 3
myrank = 964 P = 0 Q = 5
myrank = 301 P = 5 Q = 4
myrank = 924 P = 3 Q = 3
myrank = 658 P = 3 Q = 4
myrank = 740 P = 0 Q = 5
myrank = 297 P = 5 Q = 4
myrank = 1007 P = 5 Q = 1
myrank = 657 P = 4 Q = 2
myrank = 296 P = 0 Q = 2
myrank = 164 P = 5 Q = 3
myrank = 689 P = 0 Q = 2
myrank = 742 P = 3 Q = 2
myrank = 691 P = 1 Q = 1
myrank = 572 P = 2 Q = 1
myrank = 581 P = 5 Q = 3
myrank = 979 P = 1 Q = 3
myrank = 981 P = 2 Q = 4
myrank = 166 P = 5 Q = 0
myrank = 962 P = 0 Q = 2
myrank = 579 P = 2 Q = 3
myrank = 645 P = 3 Q = 0
myrank = 262 P = 1 Q = 4
myrank = 647 P = 3 Q = 0
myrank = 644 P = 4 Q = 1
myrank = 168 P = 5 Q = 3
myrank = 509 P = 4 Q = 0
myrank = 980 P = 0 Q = 2
myrank = 165 P = 3 Q = 4
myrank = 555 P = 5 Q = 4
myrank = 548 P = 4 Q = 0
myrank = 993 P = 0 Q = 0
myrank = 944 P = 0 Q = 0
myrank = 574 P = 2 Q = 1
myrank = 451 P = 4 Q = 1
myrank = 511 P = 1 Q = 0
myrank = 695 P = 1 Q = 1
myrank = 743 P = 2 Q = 1
myrank = 170 P = 5 Q = 0
myrank = 542 P = 1 Q = 0
myrank = 577 P = 2 Q = 3
myrank = 966 P = 4 Q = 4
myrank = 508 P = 4 Q = 4
myrank = 450 P = 2 Q = 5
myrank = 927 P = 2 Q = 2
myrank = 178 P = 3 Q = 1
myrank = 983 P = 5 Q = 1
myrank = 364 P = 4 Q = 5
myrank = 277 P = 2 Q = 5
myrank = 996 P = 3 Q = 2
myrank = 971 P = 3 Q = 0
myrank = 278 P = 3 Q = 2
myrank = 540 P = 0 Q = 1
myrank = 957 P = 1 Q = 3
myrank = 179 P = 3 Q = 4
myrank = 693 P = 4 Q = 4
myrank = 926 P = 0 Q = 3
myrank = 78 P = 4 Q = 0
myrank = 982 P = 0 Q = 5
myrank = 279 P = 2 Q = 4
myrank = 510 P = 4 Q = 4
myrank = 925 P = 2 Q = 2
myrank = 703 P = 2 Q = 2
myrank = 688 P = 2 Q = 2
myrank = 169 P = 1 Q = 5
myrank = 367 P = 3 Q = 1
myrank = 672 P = 2 Q = 5
myrank = 970 P = 4 Q = 1
myrank = 580 P = 1 Q = 2
myrank = 674 P = 2 Q = 5
myrank = 176 P = 0 Q = 4
myrank = 699 P = 4 Q = 4
myrank = 963 P = 2 Q = 5
myrank = 978 P = 3 Q = 5
myrank = 998 P = 0 Q = 2
myrank = 276 P = 3 Q = 5
myrank = 692 P = 2 Q = 5
myrank = 770 P = 4 Q = 3
myrank = 947 P = 5 Q = 2
myrank = 959 P = 1 Q = 0
myrank = 771 P = 3 Q = 2
myrank = 675 P = 1 Q = 1
myrank = 76 P = 0 Q = 1
myrank = 987 P = 5 Q = 4
myrank = 85 P = 0 Q = 5
myrank = 79 P = 2 Q = 4
myrank = 941 P = 1 Q = 3
myrank = 958 P = 3 Q = 3
myrank = 961 P = 2 Q = 5
myrank = 951 P = 4 Q = 1
myrank = 171 P = 1 Q = 2
myrank = 967 P = 5 Q = 2
myrank = 999 P = 4 Q = 5
myrank = 1004 P = 1 Q = 3
myrank = 80 P = 1 Q = 3
myrank = 1002 P = 3 Q = 2
myrank = 938 P = 0 Q = 0
myrank = 931 P = 2 Q = 5
myrank = 997 P = 3 Q = 5
myrank = 673 P = 4 Q = 4
myrank = 767 P = 2 Q = 1
myrank = 690 P = 5 Q = 2
myrank = 789 P = 0 Q = 2
myrank = 976 P = 3 Q = 5
myrank = 768 P = 1 Q = 0
myrank = 799 P = 5 Q = 0
myrank = 948 P = 4 Q = 1
myrank = 74 P = 3 Q = 2
myrank = 936 P = 5 Q = 4
myrank = 365 P = 3 Q = 4
myrank = 72 P = 3 Q = 2
myrank = 547 P = 0 Q = 2
myrank = 110 P = 5 Q = 1
myrank = 109 P = 3 Q = 2
myrank = 19 P = 5 Q = 5
myrank = 1000 P = 0 Q = 2
myrank = 103 P = 3 Q = 2
myrank = 161 P = 0 Q = 1
myrank = 73 P = 5 Q = 4
myrank = 84 P = 1 Q = 3
myrank = 177 P = 1 Q = 2
myrank = 985 P = 5 Q = 4
myrank = 787 P = 3 Q = 2
myrank = 797 P = 5 Q = 4
myrank = 440 P = 0 Q = 4
myrank = 701 P = 5 Q = 2
myrank = 162 P = 1 Q = 1
myrank = 942 P = 0 Q = 0
myrank = 1019 P = 5 Q = 1
myrank = 932 P = 2 Q = 2
myrank = 752 P = 4 Q = 3
myrank = 965 P = 5 Q = 2
myrank = 933 P = 1 Q = 4
myrank = 937 P = 4 Q = 4
myrank = 83 P = 0 Q = 5
myrank = 769 P = 3 Q = 0
myrank = 766 P = 4 Q = 3
myrank = 32 P = 3 Q = 5
myrank = 984 P = 0 Q = 2
myrank = 754 P = 3 Q = 2
myrank = 694 P = 2 Q = 1
myrank = 275 P = 2 Q = 2
myrank = 102 P = 4 Q = 3
myrank = 739 P = 2 Q = 2
myrank = 75 P = 2 Q = 4
myrank = 697 P = 4 Q = 1
myrank = 34 P = 0 Q = 5
myrank = 100 P = 4 Q = 0
myrank = 1005 P = 5 Q = 1
myrank = 272 P = 3 Q = 2
myrank = 698 P = 0 Q = 3
myrank = 119 P = 2 Q = 0
myrank = 366 P = 1 Q = 5
myrank = 1003 P = 2 Q = 1
myrank = 35 P = 2 Q = 5
myrank = 108 P = 2 Q = 1
myrank = 755 P = 1 Q = 0
myrank = 760 P = 3 Q = 2
myrank = 968 P = 1 Q = 4
myrank = 945 P = 2 Q = 5
myrank = 939 P = 1 Q = 1
myrank = 764 P = 4 Q = 3
myrank = 99 P = 5 Q = 3
myrank = 934 P = 5 Q = 1
myrank = 935 P = 1 Q = 1
myrank = 700 P = 0 Q = 3
myrank = 474 P = 0 Q = 3
myrank = 738 P = 3 Q = 5
myrank = 27 P = 1 Q = 3
myrank = 111 P = 5 Q = 0
myrank = 943 P = 5 Q = 5
myrank = 753 P = 0 Q = 0
myrank = 791 P = 3 Q = 5
myrank = 1001 P = 5 Q = 1
myrank = 956 P = 3 Q = 3
myrank = 928 P = 2 Q = 2
myrank = 82 P = 1 Q = 3
myrank = 87 P = 0 Q = 5
myrank = 578 P = 5 Q = 1
myrank = 949 P = 5 Q = 5
myrank = 383 P = 0 Q = 1
myrank = 702 P = 0 Q = 3
myrank = 77 P = 2 Q = 4
myrank = 683 P = 2 Q = 3
myrank = 977 P = 4 Q = 3
myrank = 667 P = 0 Q = 3
myrank = 796 P = 5 Q = 1
myrank = 101 P = 0 Q = 2
myrank = 737 P = 1 Q = 3
myrank = 719 P = 2 Q = 2
myrank = 386 P = 5 Q = 0
myrank = 546 P = 4 Q = 3
myrank = 929 P = 5 Q = 2
myrank = 182 P = 1 Q = 1
myrank = 33 P = 5 Q = 5
myrank = 86 P = 2 Q = 2
myrank = 940 P = 3 Q = 3
myrank = 16 P = 3 Q = 0
myrank = 576 P = 5 Q = 4
myrank = 930 P = 5 Q = 5
myrank = 969 P = 5 Q = 1
myrank = 472 P = 5 Q = 1
myrank = 336 P = 3 Q = 1
myrank = 783 P = 2 Q = 4
myrank = 775 P = 0 Q = 2
myrank = 18 P = 3 Q = 3
myrank = 475 P = 1 Q = 4
myrank = 59 P = 2 Q = 1
myrank = 71 P = 4 Q = 2
myrank = 54 P = 0 Q = 5
myrank = 89 P = 3 Q = 5
myrank = 115 P = 2 Q = 0
myrank = 765 P = 2 Q = 1
myrank = 991 P = 3 Q = 0
myrank = 986 P = 1 Q = 1
myrank = 91 P = 2 Q = 1
myrank = 988 P = 4 Q = 1
myrank = 545 P = 0 Q = 2
myrank = 665 P = 3 Q = 0
myrank = 989 P = 2 Q = 1
myrank = 117 P = 2 Q = 0
myrank = 1016 P = 2 Q = 2
myrank = 15 P = 2 Q = 5
myrank = 761 P = 5 Q = 1
myrank = 716 P = 3 Q = 3
myrank = 785 P = 2 Q = 0
myrank = 273 P = 4 Q = 0
myrank = 116 P = 1 Q = 0
myrank = 974 P = 1 Q = 1
myrank = 55 P = 5 Q = 4
myrank = 751 P = 3 Q = 0
myrank = 81 P = 5 Q = 1
myrank = 24 P = 5 Q = 4
myrank = 666 P = 2 Q = 5
myrank = 972 P = 1 Q = 4
myrank = 17 P = 5 Q = 2
myrank = 1017 P = 3 Q = 2
myrank = 98 P = 1 Q = 3
myrank = 97 P = 2 Q = 3
myrank = 718 P = 0 Q = 3
myrank = 973 P = 1 Q = 0
myrank = 90 P = 3 Q = 4
myrank = 664 P = 0 Q = 1
myrank = 400 P = 1 Q = 4
myrank = 128 P = 5 Q = 1
myrank = 53 P = 2 Q = 1
myrank = 811 P = 3 Q = 2
myrank = 274 P = 3 Q = 2
myrank = 773 P = 0 Q = 5
myrank = 222 P = 5 Q = 5
myrank = 1011 P = 0 Q = 5
myrank = 70 P = 3 Q = 5
myrank = 750 P = 1 Q = 3
myrank = 793 P = 3 Q = 5
myrank = 443 P = 5 Q = 3
myrank = 6 P = 2 Q = 1
myrank = 903 P = 2 Q = 0
myrank = 786 P = 4 Q = 0
myrank = 123 P = 0 Q = 2
myrank = 5 P = 1 Q = 4
myrank = 163 P = 3 Q = 4
myrank = 1018 P = 0 Q = 1
myrank = 749 P = 3 Q = 0
myrank = 715 P = 4 Q = 0
myrank = 711 P = 1 Q = 4
myrank = 180 P = 3 Q = 4
myrank = 88 P = 5 Q = 2
myrank = 403 P = 3 Q = 1
myrank = 401 P = 3 Q = 1
myrank = 990 P = 4 Q = 0
myrank = 798 P = 0 Q = 1
myrank = 122 P = 1 Q = 2
myrank = 1021 P = 5 Q = 1
myrank = 1009 P = 3 Q = 5
myrank = 525 P = 2 Q = 4
myrank = 173 P = 4 Q = 2
myrank = 779 P = 5 Q = 4
myrank = 118 P = 4 Q = 2
myrank = 717 P = 1 Q = 3
myrank = 121 P = 0 Q = 2
myrank = 68 P = 3 Q = 2
myrank = 12 P = 3 Q = 0
myrank = 160 P = 4 Q = 4
myrank = 655 P = 4 Q = 5
myrank = 1006 P = 4 Q = 3
myrank = 338 P = 1 Q = 0
myrank = 25 P = 1 Q = 4
myrank = 181 P = 3 Q = 3
myrank = 762 P = 0 Q = 2
myrank = 13 P = 4 Q = 3
myrank = 337 P = 2 Q = 0
myrank = 399 P = 1 Q = 2
myrank = 734 P = 0 Q = 3
myrank = 441 P = 2 Q = 0
myrank = 150 P = 5 Q = 0
myrank = 387 P = 3 Q = 4
myrank = 774 P = 3 Q = 2
myrank = 40 P = 1 Q = 4
myrank = 47 P = 4 Q = 0
myrank = 1008 P = 4 Q = 3
myrank = 120 P = 1 Q = 5
myrank = 652 P = 5 Q = 2
myrank = 114 P = 5 Q = 1
myrank = 736 P = 3 Q = 5
myrank = 778 P = 0 Q = 1
myrank = 763 P = 5 Q = 4
myrank = 57 P = 5 Q = 4
myrank = 735 P = 4 Q = 3
myrank = 52 P = 0 Q = 5
myrank = 804 P = 1 Q = 0
myrank = 69 P = 1 Q = 2
myrank = 38 P = 1 Q = 4
myrank = 42 P = 1 Q = 1
myrank = 732 P = 4 Q = 1
myrank = 707 P = 5 Q = 2
myrank = 10 P = 0 Q = 3
myrank = 777 P = 5 Q = 4
myrank = 704 P = 0 Q = 3
myrank = 473 P = 4 Q = 4
myrank = 1020 P = 0 Q = 1
myrank = 11 P = 1 Q = 4
myrank = 4 P = 5 Q = 2
myrank = 14 P = 3 Q = 0
myrank = 808 P = 4 Q = 5
myrank = 175 P = 4 Q = 2
myrank = 653 P = 1 Q = 5
myrank = 517 P = 2 Q = 2
myrank = 183 P = 3 Q = 3
myrank = 696 P = 3 Q = 0
myrank = 113 P = 2 Q = 3
myrank = 654 P = 5 Q = 5
myrank = 891 P = 3 Q = 3
myrank = 806 P = 1 Q = 5
myrank = 950 P = 1 Q = 1
myrank = 26 P = 5 Q = 1
myrank = 371 P = 0 Q = 4
myrank = 9 P = 1 Q = 4
myrank = 220 P = 0 Q = 0
myrank = 341 P = 5 Q = 0
myrank = 788 P = 1 Q = 3
myrank = 878 P = 5 Q = 5
myrank = 544 P = 4 Q = 0
myrank = 733 P = 4 Q = 0
myrank = 1023 P = 5 Q = 4
myrank = 954 P = 5 Q = 4
myrank = 8 P = 2 Q = 1
myrank = 7 P = 1 Q = 4
myrank = 772 P = 1 Q = 0
myrank = 709 P = 5 Q = 2
myrank = 339 P = 2 Q = 3
myrank = 248 P = 2 Q = 4
myrank = 43 P = 0 Q = 0
myrank = 28 P = 0 Q = 0
myrank = 975 P = 1 Q = 0
myrank = 713 P = 1 Q = 4
myrank = 22 P = 4 Q = 1
myrank = 92 P = 0 Q = 4
myrank = 105 P = 0 Q = 5
myrank = 748 P = 4 Q = 1
myrank = 64 P = 1 Q = 0
myrank = 710 P = 2 Q = 1
myrank = 369 P = 3 Q = 1
myrank = 385 P = 0 Q = 4
myrank = 809 P = 3 Q = 2
myrank = 96 P = 4 Q = 0
myrank = 56 P = 0 Q = 2
myrank = 211 P = 1 Q = 4
myrank = 953 P = 4 Q = 0
myrank = 195 P = 1 Q = 4
myrank = 810 P = 1 Q = 5
myrank = 381 P = 3 Q = 1
myrank = 106 P = 2 Q = 1
myrank = 681 P = 2 Q = 0
myrank = 712 P = 2 Q = 1
myrank = 343 P = 0 Q = 5
myrank = 44 P = 4 Q = 4
myrank = 250 P = 2 Q = 1
myrank = 151 P = 4 Q = 0
myrank = 130 P = 2 Q = 4
myrank = 724 P = 1 Q = 4
myrank = 955 P = 4 Q = 0
myrank = 149 P = 1 Q = 3
myrank = 790 P = 1 Q = 3
myrank = 65 P = 3 Q = 0
myrank = 780 P = 0 Q = 1
myrank = 382 P = 4 Q = 2
myrank = 402 P = 4 Q = 4
myrank = 782 P = 1 Q = 0
myrank = 67 P = 0 Q = 0
myrank = 131 P = 4 Q = 0
myrank = 952 P = 5 Q = 4
myrank = 29 P = 1 Q = 3
myrank = 901 P = 4 Q = 1
myrank = 20 P = 1 Q = 1
myrank = 714 P = 2 Q = 1
myrank = 186 P = 2 Q = 0
myrank = 185 P = 0 Q = 3
myrank = 1010 P = 1 Q = 0
myrank = 905 P = 2 Q = 0
myrank = 863 P = 1 Q = 2
myrank = 21 P = 2 Q = 2
myrank = 705 P = 2 Q = 5
myrank = 172 P = 2 Q = 0
myrank = 112 P = 5 Q = 1
myrank = 727 P = 5 Q = 5
myrank = 249 P = 4 Q = 1
myrank = 46 P = 4 Q = 4
myrank = 157 P = 1 Q = 2
myrank = 862 P = 0 Q = 1
myrank = 104 P = 4 Q = 5
myrank = 397 P = 1 Q = 2
myrank = 855 P = 1 Q = 5
myrank = 1022 P = 3 Q = 1
myrank = 223 P = 2 Q = 2
myrank = 39 P = 2 Q = 5
myrank = 442 P = 0 Q = 0
myrank = 706 P = 4 Q = 5
myrank = 384 P = 1 Q = 4
myrank = 886 P = 3 Q = 4
myrank = 776 P = 3 Q = 2
myrank = 143 P = 0 Q = 1
myrank = 286 P = 1 Q = 3
myrank = 93 P = 5 Q = 1
myrank = 852 P = 5 Q = 3
myrank = 875 P = 4 Q = 2
myrank = 95 P = 5 Q = 1
myrank = 685 P = 2 Q = 0
myrank = 184 P = 5 Q = 0
myrank = 619 P = 1 Q = 2
myrank = 251 P = 1 Q = 3
myrank = 156 P = 1 Q = 2
myrank = 745 P = 5 Q = 4
myrank = 41 P = 5 Q = 4
myrank = 58 P = 1 Q = 1
myrank = 726 P = 1 Q = 1
myrank = 792 P = 2 Q = 1
myrank = 784 P = 1 Q = 0
myrank = 708 P = 4 Q = 4
myrank = 340 P = 4 Q = 0
myrank = 37 P = 5 Q = 2
myrank = 746 P = 1 Q = 4
myrank = 349 P = 0 Q = 4
myrank = 23 P = 5 Q = 5
myrank = 124 P = 4 Q = 5
myrank = 139 P = 5 Q = 5
myrank = 885 P = 3 Q = 0
myrank = 221 P = 5 Q = 0
myrank = 854 P = 5 Q = 3
myrank = 907 P = 2 Q = 3
myrank = 3 P = 5 Q = 5
myrank = 873 P = 3 Q = 0
myrank = 107 P = 0 Q = 5
myrank = 208 P = 2 Q = 2
myrank = 159 P = 0 Q = 1
myrank = 361 P = 2 Q = 0
myrank = 1012 P = 4 Q = 0
myrank = 720 P = 3 Q = 3
myrank = 860 P = 3 Q = 5
myrank = 370 P = 5 Q = 0
myrank = 129 P = 3 Q = 4
myrank = 795 P = 3 Q = 5
myrank = 390 P = 2 Q = 3
myrank = 127 P = 3 Q = 4
myrank = 888 P = 2 Q = 3
myrank = 396 P = 3 Q = 2
myrank = 380 P = 4 Q = 2
myrank = 158 P = 1 Q = 2
myrank = 853 P = 0 Q = 1
myrank = 526 P = 1 Q = 0
myrank = 877 P = 1 Q = 5
myrank = 874 P = 5 Q = 3
myrank = 522 P = 1 Q = 4
myrank = 174 P = 3 Q = 1
myrank = 187 P = 0 Q = 0
myrank = 191 P = 4 Q = 5
myrank = 192 P = 5 Q = 2
myrank = 45 P = 1 Q = 3
myrank = 629 P = 0 Q = 1
myrank = 879 P = 1 Q = 2
myrank = 889 P = 0 Q = 0
myrank = 398 P = 0 Q = 4
myrank = 363 P = 3 Q = 4
myrank = 794 P = 5 Q = 1
myrank = 684 P = 3 Q = 3
myrank = 345 P = 0 Q = 5
myrank = 884 P = 3 Q = 4
myrank = 287 P = 0 Q = 3
myrank = 1013 P = 0 Q = 2
myrank = 682 P = 3 Q = 3
myrank = 36 P = 0 Q = 2
myrank = 524 P = 1 Q = 1
myrank = 346 P = 1 Q = 2
myrank = 62 P = 4 Q = 3
myrank = 392 P = 2 Q = 3
myrank = 135 P = 2 Q = 3
myrank = 342 P = 1 Q = 2
myrank = 194 P = 0 Q = 4
myrank = 908 P = 5 Q = 2
myrank = 728 P = 1 Q = 1
myrank = 744 P = 1 Q = 1
myrank = 140 P = 1 Q = 5
myrank = 747 P = 2 Q = 1
myrank = 188 P = 2 Q = 5
myrank = 154 P = 3 Q = 5
myrank = 523 P = 5 Q = 4
myrank = 911 P = 3 Q = 3
myrank = 801 P = 2 Q = 3
myrank = 686 P = 2 Q = 5
myrank = 680 P = 3 Q = 3
myrank = 677 P = 4 Q = 4
myrank = 687 P = 2 Q = 5
myrank = 861 P = 1 Q = 2
myrank = 904 P = 0 Q = 4
myrank = 155 P = 1 Q = 5
myrank = 902 P = 0 Q = 4
myrank = 1015 P = 3 Q = 2
myrank = 805 P = 5 Q = 0
myrank = 730 P = 1 Q = 4
myrank = 906 P = 0 Q = 3
myrank = 126 P = 2 Q = 4
myrank = 872 P = 2 Q = 3
myrank = 919 P = 1 Q = 4
myrank = 631 P = 0 Q = 3
myrank = 134 P = 5 Q = 3
myrank = 802 P = 1 Q = 3
myrank = 630 P = 2 Q = 0
myrank = 360 P = 4 Q = 5
myrank = 866 P = 4 Q = 4
myrank = 142 P = 1 Q = 2
myrank = 132 P = 5 Q = 3
myrank = 676 P = 3 Q = 4
myrank = 419 P = 4 Q = 5
myrank = 136 P = 1 Q = 5
myrank = 527 P = 3 Q = 3
myrank = 31 P = 1 Q = 0
myrank = 463 P = 5 Q = 5
myrank = 466 P = 2 Q = 5
myrank = 285 P = 0 Q = 0
myrank = 498 P = 0 Q = 2
myrank = 388 P = 2 Q = 0
myrank = 497 P = 5 Q = 2
myrank = 723 P = 2 Q = 2
myrank = 147 P = 3 Q = 1
myrank = 887 P = 3 Q = 3
myrank = 30 P = 3 Q = 0
myrank = 876 P = 2 Q = 2
myrank = 66 P = 1 Q = 3
myrank = 516 P = 0 Q = 2
myrank = 678 P = 0 Q = 1
myrank = 611 P = 0 Q = 1
myrank = 900 P = 0 Q = 1
myrank = 628 P = 2 Q = 3
myrank = 2 P = 2 Q = 5
myrank = 148 P = 2 Q = 0
myrank = 849 P = 0 Q = 4
myrank = 519 P = 2 Q = 4
myrank = 916 P = 5 Q = 5
myrank = 347 P = 0 Q = 5
myrank = 284 P = 4 Q = 4
myrank = 759 P = 5 Q = 4
myrank = 189 P = 1 Q = 2
myrank = 210 P = 5 Q = 2
myrank = 882 P = 3 Q = 4
myrank = 416 P = 0 Q = 4
myrank = 756 P = 0 Q = 2
myrank = 496 P = 3 Q = 0
myrank = 344 P = 1 Q = 2
myrank = 247 P = 4 Q = 4
myrank = 816 P = 5 Q = 1
myrank = 890 P = 5 Q = 5
myrank = 48 P = 0 Q = 2
myrank = 152 P = 5 Q = 3
myrank = 828 P = 1 Q = 2
myrank = 851 P = 0 Q = 1
myrank = 518 P = 0 Q = 5
myrank = 880 P = 0 Q = 1
myrank = 252 P = 3 Q = 3
myrank = 137 P = 5 Q = 0
myrank = 464 P = 2 Q = 2
myrank = 679 P = 4 Q = 1
myrank = 348 P = 2 Q = 4
myrank = 362 P = 1 Q = 2
myrank = 499 P = 2 Q = 5
myrank = 909 P = 0 Q = 3
myrank = 848 P = 4 Q = 2
myrank = 63 P = 3 Q = 0
myrank = 757 P = 4 Q = 2
myrank = 153 P = 1 Q = 2
myrank = 870 P = 5 Q = 0
myrank = 817 P = 5 Q = 3
myrank = 417 P = 4 Q = 5
myrank = 391 P = 1 Q = 5
myrank = 190 P = 5 Q = 2
myrank = 418 P = 3 Q = 1
myrank = 50 P = 3 Q = 2
myrank = 255 P = 4 Q = 3
myrank = 368 P = 5 Q = 4
myrank = 800 P = 3 Q = 4
myrank = 722 P = 3 Q = 2
myrank = 141 P = 3 Q = 4
myrank = 829 P = 3 Q = 1
myrank = 918 P = 3 Q = 3
myrank = 616 P = 2 Q = 3
myrank = 218 P = 3 Q = 0
myrank = 379 P = 4 Q = 5
myrank = 731 P = 4 Q = 0
myrank = 831 P = 3 Q = 1
myrank = 1014 P = 2 Q = 5
myrank = 461 P = 2 Q = 3
myrank = 439 P = 5 Q = 3
myrank = 350 P = 5 Q = 1
myrank = 725 P = 2 Q = 2
myrank = 395 P = 1 Q = 2
myrank = 394 P = 2 Q = 0
myrank = 758 P = 3 Q = 2
myrank = 216 P = 3 Q = 0
myrank = 389 P = 0 Q = 1
myrank = 242 P = 4 Q = 5
myrank = 883 P = 4 Q = 5
myrank = 812 P = 2 Q = 4
myrank = 146 P = 2 Q = 0
myrank = 819 P = 5 Q = 3
myrank = 648 P = 5 Q = 3
myrank = 94 P = 0 Q = 4
myrank = 375 P = 4 Q = 3
myrank = 245 P = 2 Q = 2
myrank = 125 P = 0 Q = 4
myrank = 430 P = 2 Q = 5
myrank = 145 P = 0 Q = 1
myrank = 49 P = 4 Q = 3
myrank = 238 P = 0 Q = 3
myrank = 219 P = 5 Q = 0
myrank = 489 P = 1 Q = 3
myrank = 721 P = 2 Q = 2
myrank = 254 P = 3 Q = 3
myrank = 373 P = 1 Q = 0
myrank = 781 P = 5 Q = 4
myrank = 915 P = 4 Q = 1
myrank = 607 P = 3 Q = 1
myrank = 467 P = 2 Q = 2
myrank = 372 P = 2 Q = 3
myrank = 531 P = 0 Q = 3
myrank = 138 P = 4 Q = 2
myrank = 529 P = 3 Q = 3
myrank = 651 P = 3 Q = 0
myrank = 460 P = 3 Q = 0
myrank = 393 P = 4 Q = 5
myrank = 253 P = 1 Q = 3
myrank = 914 P = 5 Q = 2
myrank = 513 P = 4 Q = 3
myrank = 427 P = 0 Q = 3
myrank = 133 P = 2 Q = 3
myrank = 1 P = 2 Q = 5
myrank = 61 P = 2 Q = 1
myrank = 51 P = 4 Q = 0
myrank = 520 P = 0 Q = 2
myrank = 807 P = 3 Q = 2
myrank = 818 P = 5 Q = 4
myrank = 595 P = 4 Q = 0
myrank = 617 P = 1 Q = 2
myrank = 521 P = 2 Q = 1
myrank = 244 P = 4 Q = 1
myrank = 864 P = 1 Q = 4
myrank = 515 P = 1 Q = 3
myrank = 869 P = 3 Q = 3
myrank = 217 P = 5 Q = 3
myrank = 0 P = 5 Q = 2
myrank = 729 P = 4 Q = 0
myrank = 917 P = 4 Q = 1
myrank = 462 P = 3 Q = 3
myrank = 246 P = 2 Q = 4
myrank = 857 P = 1 Q = 2
myrank = 243 P = 2 Q = 2
myrank = 465 P = 2 Q = 2
myrank = 351 P = 0 Q = 4
myrank = 923 P = 2 Q = 0
myrank = 850 P = 5 Q = 3
myrank = 231 P = 1 Q = 1
myrank = 477 P = 1 Q = 3
myrank = 528 P = 4 Q = 3
myrank = 237 P = 2 Q = 5
myrank = 867 P = 3 Q = 1
myrank = 280 P = 1 Q = 4
myrank = 282 P = 1 Q = 1
myrank = 438 P = 0 Q = 4
myrank = 144 P = 5 Q = 4
myrank = 426 P = 5 Q = 2
myrank = 599 P = 1 Q = 0
myrank = 881 P = 4 Q = 5
myrank = 895 P = 1 Q = 2
myrank = 456 P = 3 Q = 0
myrank = 490 P = 2 Q = 1
myrank = 813 P = 0 Q = 1
myrank = 894 P = 2 Q = 2
myrank = 458 P = 3 Q = 3
myrank = 215 P = 1 Q = 4
myrank = 514 P = 0 Q = 5
myrank = 643 P = 3 Q = 4
myrank = 910 P = 5 Q = 5
myrank = 478 P = 0 Q = 0
myrank = 922 P = 0 Q = 3
myrank = 428 P = 2 Q = 5
myrank = 836 P = 2 Q = 3
myrank = 436 P = 0 Q = 1
myrank = 596 P = 2 Q = 3
myrank = 239 P = 5 Q = 5
myrank = 240 P = 0 Q = 0
myrank = 532 P = 3 Q = 2
myrank = 60 P = 4 Q = 1
myrank = 618 P = 4 Q = 2
myrank = 912 P = 5 Q = 2
myrank = 488 P = 4 Q = 1
myrank = 198 P = 0 Q = 4
myrank = 865 P = 3 Q = 1
myrank = 856 P = 2 Q = 0
myrank = 604 P = 1 Q = 2
myrank = 374 P = 2 Q = 3
myrank = 457 P = 4 Q = 4
myrank = 892 P = 2 Q = 5
myrank = 603 P = 3 Q = 4
myrank = 212 P = 3 Q = 4
myrank = 592 P = 5 Q = 1
myrank = 815 P = 0 Q = 1
myrank = 504 P = 1 Q = 1
myrank = 615 P = 1 Q = 0
myrank = 859 P = 4 Q = 5
myrank = 803 P = 2 Q = 0
myrank = 830 P = 2 Q = 1
myrank = 898 P = 0 Q = 1
myrank = 641 P = 4 Q = 5
myrank = 649 P = 3 Q = 3
myrank = 459 P = 2 Q = 0
myrank = 897 P = 1 Q = 1
myrank = 837 P = 4 Q = 3
myrank = 506 P = 1 Q = 1
myrank = 632 P = 5 Q = 3
myrank = 409 P = 0 Q = 0
myrank = 214 P = 3 Q = 4
myrank = 437 P = 1 Q = 1
myrank = 505 P = 5 Q = 4
myrank = 230 P = 2 Q = 4
myrank = 868 P = 1 Q = 1
myrank = 635 P = 4 Q = 2
myrank = 642 P = 0 Q = 1
myrank = 507 P = 3 Q = 3
myrank = 896 P = 5 Q = 2
myrank = 600 P = 4 Q = 2
myrank = 512 P = 0 Q = 2
myrank = 640 P = 0 Q = 4
myrank = 431 P = 4 Q = 5
myrank = 283 P = 5 Q = 1
myrank = 196 P = 3 Q = 4
myrank = 598 P = 2 Q = 0
myrank = 408 P = 2 Q = 0
myrank = 236 P = 3 Q = 0
myrank = 858 P = 2 Q = 3
myrank = 479 P = 2 Q = 5
myrank = 424 P = 4 Q = 1
myrank = 530 P = 4 Q = 0
myrank = 814 P = 2 Q = 1
myrank = 913 P = 4 Q = 1
myrank = 893 P = 4 Q = 2
myrank = 899 P = 1 Q = 4
myrank = 613 P = 4 Q = 3
myrank = 429 P = 1 Q = 2
myrank = 838 P = 2 Q = 3
myrank = 476 P = 0 Q = 3
myrank = 533 P = 0 Q = 5
myrank = 412 P = 5 Q = 0
myrank = 281 P = 5 Q = 1
myrank = 871 P = 0 Q = 3
myrank = 612 P = 5 Q = 3
myrank = 378 P = 1 Q = 2
myrank = 415 P = 1 Q = 2
myrank = 650 P = 5 Q = 0
myrank = 471 P = 4 Q = 4
myrank = 534 P = 3 Q = 2
myrank = 633 P = 1 Q = 5
myrank = 636 P = 5 Q = 3
myrank = 233 P = 1 Q = 4
myrank = 614 P = 2 Q = 3
myrank = 234 P = 0 Q = 0
myrank = 921 P = 1 Q = 4
myrank = 411 P = 1 Q = 2
myrank = 535 P = 1 Q = 2
myrank = 425 P = 3 Q = 3
myrank = 228 P = 2 Q = 5
myrank = 847 P = 3 Q = 4
myrank = 225 P = 3 Q = 5
myrank = 452 P = 5 Q = 5
myrank = 491 P = 4 Q = 3
myrank = 453 P = 1 Q = 1
myrank = 224 P = 5 Q = 2
myrank = 433 P = 4 Q = 4
myrank = 591 P = 3 Q = 1
myrank = 839 P = 1 Q = 0
myrank = 432 P = 2 Q = 2
myrank = 537 P = 2 Q = 1
myrank = 470 P = 2 Q = 4
myrank = 434 P = 0 Q = 4
myrank = 634 P = 2 Q = 3
myrank = 846 P = 1 Q = 5
myrank = 638 P = 0 Q = 4
myrank = 590 P = 5 Q = 1
myrank = 495 P = 4 Q = 3
myrank = 435 P = 1 Q = 4
myrank = 469 P = 4 Q = 4
myrank = 501 P = 2 Q = 2
myrank = 920 P = 3 Q = 0
myrank = 639 P = 4 Q = 5
myrank = 455 P = 1 Q = 1
myrank = 413 P = 1 Q = 2
myrank = 199 P = 3 Q = 3
myrank = 637 P = 4 Q = 2
myrank = 454 P = 3 Q = 3
myrank = 493 P = 1 Q = 0
myrank = 841 P = 1 Q = 5
myrank = 226 P = 2 Q = 2
myrank = 588 P = 1 Q = 5
myrank = 483 P = 5 Q = 5
myrank = 610 P = 2 Q = 3
myrank = 377 P = 4 Q = 0
myrank = 468 P = 2 Q = 4
myrank = 845 P = 0 Q = 1
myrank = 492 P = 3 Q = 3
myrank = 414 P = 5 Q = 5
myrank = 494 P = 0 Q = 3
myrank = 480 P = 3 Q = 0
myrank = 608 P = 2 Q = 1
myrank = 410 P = 5 Q = 0
myrank = 609 P = 0 Q = 4
myrank = 423 P = 3 Q = 3
myrank = 481 P = 5 Q = 5
myrank = 420 P = 3 Q = 1
myrank = 232 P = 0 Q = 3
myrank = 500 P = 0 Q = 2
myrank = 820 P = 2 Q = 1
myrank = 421 P = 0 Q = 3
myrank = 502 P = 1 Q = 1
myrank = 235 P = 1 Q = 1
myrank = 376 P = 1 Q = 5
myrank = 823 P = 5 Q = 3
myrank = 844 P = 4 Q = 2
myrank = 842 P = 4 Q = 2
myrank = 822 P = 4 Q = 5
myrank = 539 P = 2 Q = 4
myrank = 843 P = 2 Q = 5
myrank = 840 P = 4 Q = 5
myrank = 503 P = 5 Q = 2
myrank = 227 P = 1 Q = 4
myrank = 835 P = 4 Q = 3
myrank = 422 P = 3 Q = 4
myrank = 482 P = 0 Q = 0
myrank = 606 P = 4 Q = 5
myrank = 821 P = 2 Q = 3
myrank = 536 P = 0 Q = 5
myrank = 833 P = 3 Q = 4
myrank = 538 P = 3 Q = 5
myrank = 486 P = 1 Q = 1
myrank = 487 P = 1 Q = 1
myrank = 834 P = 5 Q = 0
myrank = 485 P = 5 Q = 5
myrank = 832 P = 5 Q = 1
myrank = 594 P = 2 Q = 1
myrank = 484 P = 1 Q = 1
myrank = 241 P = 2 Q = 2
myrank = 213 P = 1 Q = 4
myrank = 209 P = 1 Q = 4
myrank = 605 P = 1 Q = 0
myrank = 541 P = 0 Q = 0
myrank = 193 P = 1 Q = 5
myrank = 601 P = 0 Q = 4
myrank = 593 P = 5 Q = 3
myrank = 589 P = 3 Q = 3
myrank = 597 P = 3 Q = 3
myrank = 602 P = 1 Q = 2
myrank = 197 P = 1 Q = 3
myrank = 229 P = 0 Q = 1
*******************************
dgemm_time	81.421646
conv_transfer_time	0.000000
conv_calculate_time	6815.808105
elastic_calculate_time	6815.860352
Allen_Cahn_nonlinear_time	6917.823242
Cahn_Hilliard_nonlinear_time	0.011840
trans_time	480.858093
trans_Memcpy_time	37.192371
trans_MPI_time	437.085022
trans_pack_time	0.445605
trans_enlarge_time	1.372496
trans_mu_time	0.446726
trans_unpack_time	3.723734
updateU_new_time	2.715559
runtime	7.485689
--------------------------------------------------!
***************dt=2.000000***************
***************flag=0***************
--------------------------------------------------!
time		0.000000
wall time	2.224026
*******************************
dgemm_time	80.219551
conv_transfer_time	0.000000
conv_calculate_time	3360.452148
elastic_calculate_time	3360.489502
Allen_Cahn_nonlinear_time	3469.133057
Cahn_Hilliard_nonlinear_time	0.011840
trans_time	43.096359
trans_Memcpy_time	19.571159
trans_MPI_time	17.921856
trans_pack_time	0.377604
trans_enlarge_time	0.681926
trans_mu_time	0.441926
trans_unpack_time	3.644692
updateU_new_time	2.715079
runtime	3.601628
--------------------------------------------------!
***************dt=2.000000***************
***************flag=0***************
--------------------------------------------------!
time		0.000000
wall time	9.724025
*******************************
dgemm_time	80.189308
conv_transfer_time	0.000000
conv_calculate_time	3361.493896
elastic_calculate_time	3361.531494
Allen_Cahn_nonlinear_time	3468.840088
Cahn_Hilliard_nonlinear_time	0.012160
trans_time	41.787010
trans_Memcpy_time	19.156752
trans_MPI_time	17.069845
trans_pack_time	0.376164
trans_enlarge_time	0.697286
trans_mu_time	0.448966
trans_unpack_time	3.576531
updateU_new_time	2.714599
runtime	3.602069
--------------------------------------------------!
***************dt=2.000000***************
***************flag=0***************
--------------------------------------------------!
time		0.000000
wall time	13.339743
*******************************
dgemm_time	80.246590
conv_transfer_time	0.000000
conv_calculate_time	3355.093262
elastic_calculate_time	3355.131104
Allen_Cahn_nonlinear_time	3461.143799
Cahn_Hilliard_nonlinear_time	0.012160
trans_time	46.086472
trans_Memcpy_time	19.147472
trans_MPI_time	21.404945
trans_pack_time	0.373764
trans_enlarge_time	0.681286
trans_mu_time	0.436166
trans_unpack_time	3.586931
updateU_new_time	2.714918
runtime	3.596136
--------------------------------------------------!
***************dt=2.000000***************
***************flag=0***************
--------------------------------------------------!
time		0.000000
wall time	16.955925
*******************************
dgemm_time	80.197632
conv_transfer_time	0.000000
conv_calculate_time	3362.299316
elastic_calculate_time	3362.337158
Allen_Cahn_nonlinear_time	3463.918945
Cahn_Hilliard_nonlinear_time	0.011680
trans_time	41.823891
trans_Memcpy_time	19.147793
trans_MPI_time	17.133364
trans_pack_time	0.388645
trans_enlarge_time	0.672006
trans_mu_time	0.440806
trans_unpack_time	3.582131
updateU_new_time	2.713958
runtime	3.594607
--------------------------------------------------!
***************dt=2.000000***************
***************flag=0***************
--------------------------------------------------!
time		0.000000
wall time	20.566159
*******************************
dgemm_time	80.215546
conv_transfer_time	0.000000
conv_calculate_time	3357.146973
elastic_calculate_time	3357.184326
Allen_Cahn_nonlinear_time	3465.025146
Cahn_Hilliard_nonlinear_time	0.012320
trans_time	41.797218
trans_Memcpy_time	19.127472
trans_MPI_time	17.108883
trans_pack_time	0.394564
trans_enlarge_time	0.684167
trans_mu_time	0.439846
trans_unpack_time	3.585491
updateU_new_time	2.714118
runtime	3.602989
--------------------------------------------------!
***************dt=2.000000***************
***************flag=0***************
--------------------------------------------------!
time		0.000000
wall time	24.174851
*******************************
dgemm_time	80.210587
conv_transfer_time	0.000000
conv_calculate_time	3357.783691
elastic_calculate_time	3357.821533
Allen_Cahn_nonlinear_time	3467.767090
Cahn_Hilliard_nonlinear_time	0.012480
trans_time	42.580971
trans_Memcpy_time	19.117390
trans_MPI_time	17.930016
trans_pack_time	0.374564
trans_enlarge_time	0.678406
trans_mu_time	0.445926
trans_unpack_time	3.573811
updateU_new_time	2.712838
runtime	3.600267
--------------------------------------------------!
***************dt=2.000000***************
***************flag=0***************
--------------------------------------------------!
time		0.000000
wall time	27.791935
*******************************
dgemm_time	80.203072
conv_transfer_time	0.000000
conv_calculate_time	3359.060303
elastic_calculate_time	3359.100342
Allen_Cahn_nonlinear_time	3461.650635
Cahn_Hilliard_nonlinear_time	0.012160
trans_time	46.436665
trans_Memcpy_time	19.135471
trans_MPI_time	21.762230
trans_pack_time	0.375204
trans_enlarge_time	0.671526
trans_mu_time	0.447686
trans_unpack_time	3.588051
updateU_new_time	2.724999
runtime	3.596834
--------------------------------------------------!
***************dt=2.000000***************
***************flag=0***************
--------------------------------------------------!
time		0.000000
wall time	31.406314
*******************************
dgemm_time	80.164352
conv_transfer_time	0.000000
conv_calculate_time	3357.653564
elastic_calculate_time	3357.694824
Allen_Cahn_nonlinear_time	3465.331787
Cahn_Hilliard_nonlinear_time	0.012160
trans_time	42.347218
trans_Memcpy_time	19.161070
trans_MPI_time	17.586491
trans_pack_time	0.372804
trans_enlarge_time	0.685926
trans_mu_time	0.438886
trans_unpack_time	3.586931
updateU_new_time	2.712999
runtime	3.596640
--------------------------------------------------!
***************dt=2.000000***************
***************flag=0***************
--------------------------------------------------!
time		0.000000
wall time	35.017264
*******************************
dgemm_time	80.176186
conv_transfer_time	0.000000
conv_calculate_time	3356.830811
elastic_calculate_time	3356.870605
Allen_Cahn_nonlinear_time	3468.288818
Cahn_Hilliard_nonlinear_time	0.012000
trans_time	42.557621
trans_Memcpy_time	19.141392
trans_MPI_time	17.838654
trans_pack_time	0.375524
trans_enlarge_time	0.673766
trans_mu_time	0.438886
trans_unpack_time	3.570131
updateU_new_time	2.713638
runtime	3.601244
--------------------------------------------------!
***************dt=2.000000***************
***************flag=0***************
--------------------------------------------------!
time		0.000000
wall time	38.628029
*******************************
dgemm_time	80.199707
conv_transfer_time	0.000000
conv_calculate_time	3353.494629
elastic_calculate_time	3353.537842
Allen_Cahn_nonlinear_time	3463.414795
Cahn_Hilliard_nonlinear_time	0.011520
trans_time	47.661591
trans_Memcpy_time	19.129393
trans_MPI_time	22.963207
trans_pack_time	0.378564
trans_enlarge_time	0.685446
trans_mu_time	0.441446
trans_unpack_time	3.605971
updateU_new_time	2.716038
runtime	3.600996
--------------------------------------------------!
***************dt=2.000000***************
***************flag=0***************
--------------------------------------------------!
time		0.000000
wall time	42.243438
*******************************
dgemm_time	80.152985
conv_transfer_time	0.000000
conv_calculate_time	3355.159912
elastic_calculate_time	3355.198975
Allen_Cahn_nonlinear_time	3469.672119
Cahn_Hilliard_nonlinear_time	0.012000
trans_time	42.714214
trans_Memcpy_time	19.146191
trans_MPI_time	18.019455
trans_pack_time	0.373604
trans_enlarge_time	0.687046
trans_mu_time	0.451686
trans_unpack_time	3.579731
updateU_new_time	2.713958
runtime	3.601690
--------------------------------------------------!
***************dt=2.000000***************
***************flag=0***************
--------------------------------------------------!
time		0.000000
wall time	45.858525
*******************************
dgemm_time	80.141785
conv_transfer_time	0.000000
conv_calculate_time	3358.819824
elastic_calculate_time	3358.858887
Allen_Cahn_nonlinear_time	3467.787598
Cahn_Hilliard_nonlinear_time	0.011840
trans_time	41.923141
trans_Memcpy_time	19.129709
trans_MPI_time	17.273525
trans_pack_time	0.373124
trans_enlarge_time	0.670246
trans_mu_time	0.441126
trans_unpack_time	3.571731
updateU_new_time	2.732199
runtime	3.599658
--------------------------------------------------!
***************dt=2.000000***************
***************flag=0***************
--------------------------------------------------!
time		0.000000
wall time	49.474335
*******************************
dgemm_time	80.217789
conv_transfer_time	0.000000
conv_calculate_time	3358.765137
elastic_calculate_time	3358.803467
Allen_Cahn_nonlinear_time	3468.981445
Cahn_Hilliard_nonlinear_time	0.012480
trans_time	42.406498
trans_Memcpy_time	19.127150
trans_MPI_time	17.710812
trans_pack_time	0.376324
trans_enlarge_time	0.687366
trans_mu_time	0.447526
trans_unpack_time	3.599731
updateU_new_time	2.712678
runtime	3.600187
--------------------------------------------------!
***************dt=2.000000***************
***************flag=0***************
--------------------------------------------------!
time		0.000000
wall time	53.088093
*******************************
dgemm_time	80.210747
conv_transfer_time	0.000000
conv_calculate_time	3359.644287
elastic_calculate_time	3359.682617
Allen_Cahn_nonlinear_time	3466.908203
Cahn_Hilliard_nonlinear_time	0.012000
trans_time	42.480358
trans_Memcpy_time	19.125551
trans_MPI_time	17.846813
trans_pack_time	0.376644
trans_enlarge_time	0.667046
trans_mu_time	0.437606
trans_unpack_time	3.568211
updateU_new_time	2.714118
runtime	3.600319
--------------------------------------------------!
***************dt=2.000000***************
***************flag=0***************
--------------------------------------------------!
time		0.000000
wall time	56.702399
*******************************
dgemm_time	80.160988
conv_transfer_time	0.000000
conv_calculate_time	3359.811523
elastic_calculate_time	3359.852295
Allen_Cahn_nonlinear_time	3469.145752
Cahn_Hilliard_nonlinear_time	0.012480
trans_time	43.271320
trans_Memcpy_time	19.163788
trans_MPI_time	18.558023
trans_pack_time	0.375044
trans_enlarge_time	0.683366
trans_mu_time	0.440966
trans_unpack_time	3.595091
updateU_new_time	2.715078
runtime	3.599530
--------------------------------------------------!
***************dt=2.000000***************
***************flag=0***************
--------------------------------------------------!
time		0.000000
wall time	60.316830
*******************************
dgemm_time	80.185471
conv_transfer_time	0.000000
conv_calculate_time	3355.607422
elastic_calculate_time	3355.647217
Allen_Cahn_nonlinear_time	3463.457764
Cahn_Hilliard_nonlinear_time	0.012160
trans_time	42.600021
trans_Memcpy_time	19.165073
trans_MPI_time	17.829056
trans_pack_time	0.373764
trans_enlarge_time	0.683846
trans_mu_time	0.447206
trans_unpack_time	3.573331
updateU_new_time	2.713478
runtime	3.595678
--------------------------------------------------!
***************dt=2.000000***************
***************flag=0***************
--------------------------------------------------!
time		0.000000
wall time	63.930453
*******************************
dgemm_time	80.209564
conv_transfer_time	0.000000
conv_calculate_time	3357.344971
elastic_calculate_time	3357.384766
Allen_Cahn_nonlinear_time	3462.735840
Cahn_Hilliard_nonlinear_time	0.012000
trans_time	43.934078
trans_Memcpy_time	19.209232
trans_MPI_time	19.201874
trans_pack_time	0.375524
trans_enlarge_time	0.673286
trans_mu_time	0.441286
trans_unpack_time	3.570771
updateU_new_time	2.742249
runtime	3.599411
--------------------------------------------------!
***************dt=2.000000***************
***************flag=0***************
--------------------------------------------------!
time		0.000000
wall time	67.540318
*******************************
dgemm_time	80.208008
conv_transfer_time	0.000000
conv_calculate_time	3361.141846
elastic_calculate_time	3361.181641
Allen_Cahn_nonlinear_time	3468.286865
Cahn_Hilliard_nonlinear_time	0.011680
trans_time	42.596783
trans_Memcpy_time	19.162788
trans_MPI_time	17.867422
trans_pack_time	0.390400
trans_enlarge_time	0.685600
trans_mu_time	0.445920
trans_unpack_time	3.590092
updateU_new_time	2.711691
runtime	3.599356
--------------------------------------------------!
***************dt=2.000000***************
***************flag=0***************
--------------------------------------------------!
time		0.000000
wall time	71.153904
*******************************
dgemm_time	80.237480
conv_transfer_time	0.000000
conv_calculate_time	3357.393799
elastic_calculate_time	3357.433105
Allen_Cahn_nonlinear_time	3465.968262
Cahn_Hilliard_nonlinear_time	0.011840
trans_time	43.776051
trans_Memcpy_time	19.141836
trans_MPI_time	19.105516
trans_pack_time	0.375040
trans_enlarge_time	0.672320
trans_mu_time	0.442720
trans_unpack_time	3.583854
updateU_new_time	2.713772
runtime	3.598186
--------------------------------------------------!
***************dt=2.000000***************
***************flag=0***************
--------------------------------------------------!
time		0.000000
wall time	74.767374
*******************************
dgemm_time	80.222473
conv_transfer_time	0.000000
conv_calculate_time	3358.084473
elastic_calculate_time	3358.122314
Allen_Cahn_nonlinear_time	3469.145508
Cahn_Hilliard_nonlinear_time	0.011840
trans_time	43.894329
trans_Memcpy_time	19.125042
trans_MPI_time	19.224243
trans_pack_time	0.376640
trans_enlarge_time	0.683840
trans_mu_time	0.445600
trans_unpack_time	3.580656
updateU_new_time	2.712333
runtime	3.599991
--------------------------------------------------!
***************dt=2.000000***************
***************flag=0***************
--------------------------------------------------!
time		0.000000
wall time	78.379641
*******************************
dgemm_time	80.183624
conv_transfer_time	0.000000
conv_calculate_time	3361.673096
elastic_calculate_time	3361.711914
Allen_Cahn_nonlinear_time	3470.888672
Cahn_Hilliard_nonlinear_time	0.011680
trans_time	42.612408
trans_Memcpy_time	19.143770
trans_MPI_time	17.901688
trans_pack_time	0.373280
trans_enlarge_time	0.698880
trans_mu_time	0.447520
trans_unpack_time	3.584977
updateU_new_time	2.713134
runtime	3.601728
--------------------------------------------------!
***************dt=2.000000***************
***************flag=0***************
--------------------------------------------------!
time		0.000000
wall time	81.993747
*******************************
dgemm_time	80.190689
conv_transfer_time	0.000000
conv_calculate_time	3355.930176
elastic_calculate_time	3355.967285
Allen_Cahn_nonlinear_time	3466.160645
Cahn_Hilliard_nonlinear_time	0.011520
trans_time	42.464985
trans_Memcpy_time	19.143618
trans_MPI_time	17.794651
trans_pack_time	0.377281
trans_enlarge_time	0.679200
trans_mu_time	0.441760
trans_unpack_time	3.572178
updateU_new_time	2.740175
runtime	3.599245
--------------------------------------------------!
***************dt=2.000000***************
***************flag=0***************
--------------------------------------------------!
time		0.000000
wall time	85.609594
*******************************
dgemm_time	80.185432
conv_transfer_time	0.000000
conv_calculate_time	3359.242432
elastic_calculate_time	3359.286133
Allen_Cahn_nonlinear_time	3470.039795
Cahn_Hilliard_nonlinear_time	0.012000
trans_time	42.395020
trans_Memcpy_time	19.142826
trans_MPI_time	17.688898
trans_pack_time	0.396002
trans_enlarge_time	0.674240
trans_mu_time	0.440320
trans_unpack_time	3.591220
updateU_new_time	2.716176
runtime	3.599572
--------------------------------------------------!
***************dt=2.000000***************
***************flag=0***************
--------------------------------------------------!
time		0.000000
wall time	89.222935
*******************************
dgemm_time	80.212814
conv_transfer_time	0.000000
conv_calculate_time	3364.044922
elastic_calculate_time	3364.083008
Allen_Cahn_nonlinear_time	3466.517334
Cahn_Hilliard_nonlinear_time	0.011840
trans_time	40.950603
trans_Memcpy_time	19.334991
trans_MPI_time	16.013855
trans_pack_time	0.375522
trans_enlarge_time	0.686240
trans_mu_time	0.436160
trans_unpack_time	3.585941
updateU_new_time	2.714096
runtime	3.598247
--------------------------------------------------!
***************dt=2.000000***************
***************flag=0***************
--------------------------------------------------!
time		0.000000
wall time	92.838127
*******************************
dgemm_time	80.152039
conv_transfer_time	0.000000
conv_calculate_time	3362.359619
elastic_calculate_time	3362.396484
Allen_Cahn_nonlinear_time	3469.144043
Cahn_Hilliard_nonlinear_time	0.011840
trans_time	38.780849
trans_Memcpy_time	19.143795
trans_MPI_time	14.123766
trans_pack_time	0.374082
trans_enlarge_time	0.658720
trans_mu_time	0.447840
trans_unpack_time	3.573462
updateU_new_time	2.715217
runtime	3.596543
--------------------------------------------------!
***************dt=2.000000***************
***************flag=0***************
--------------------------------------------------!
time		0.000000
wall time	96.450449
*******************************
dgemm_time	80.230453
conv_transfer_time	0.000000
conv_calculate_time	3360.473389
elastic_calculate_time	3360.512939
Allen_Cahn_nonlinear_time	3472.025391
Cahn_Hilliard_nonlinear_time	0.011520
trans_time	42.623886
trans_Memcpy_time	19.125082
trans_MPI_time	17.992275
trans_pack_time	0.375362
trans_enlarge_time	0.672640
trans_mu_time	0.436800
trans_unpack_time	3.568343
updateU_new_time	2.712658
runtime	3.603537
--------------------------------------------------!
***************dt=2.000000***************
***************flag=0***************
--------------------------------------------------!
time		0.000000
wall time	100.061071
*******************************
dgemm_time	80.179276
conv_transfer_time	0.000000
conv_calculate_time	3358.199463
elastic_calculate_time	3358.238281
Allen_Cahn_nonlinear_time	3466.261475
Cahn_Hilliard_nonlinear_time	0.012480
trans_time	42.437885
trans_Memcpy_time	19.125246
trans_MPI_time	17.784760
trans_pack_time	0.373602
trans_enlarge_time	0.663680
trans_mu_time	0.451360
trans_unpack_time	3.583064
updateU_new_time	2.730419
runtime	3.601327
--------------------------------------------------!
***************dt=2.000000***************
***************flag=0***************
--------------------------------------------------!
time		0.000000
wall time	103.678690
*******************************
dgemm_time	80.198334
conv_transfer_time	0.000000
conv_calculate_time	3357.957275
elastic_calculate_time	3357.994873
Allen_Cahn_nonlinear_time	3466.738525
Cahn_Hilliard_nonlinear_time	0.011680
trans_time	42.670418
trans_Memcpy_time	19.143810
trans_MPI_time	17.978043
trans_pack_time	0.388002
trans_enlarge_time	0.669120
trans_mu_time	0.440480
trans_unpack_time	3.597465
updateU_new_time	2.714259
runtime	3.601939
--------------------------------------------------!
***************dt=2.000000***************
***************flag=0***************
--------------------------------------------------!
time		0.000000
wall time	107.294109
*******************************
dgemm_time	80.208115
conv_transfer_time	0.000000
conv_calculate_time	3357.505371
elastic_calculate_time	3357.544922
Allen_Cahn_nonlinear_time	3461.282959
Cahn_Hilliard_nonlinear_time	0.011680
trans_time	44.721691
trans_Memcpy_time	19.105736
trans_MPI_time	20.069422
trans_pack_time	0.370722
trans_enlarge_time	0.679520
trans_mu_time	0.442720
trans_unpack_time	3.596665
updateU_new_time	2.715540
runtime	3.602587
--------------------------------------------------!
***************dt=2.000000***************
***************flag=0***************
--------------------------------------------------!
time		0.000000
wall time	110.910144
*******************************
dgemm_time	80.217247
conv_transfer_time	0.000000
conv_calculate_time	3359.161377
elastic_calculate_time	3359.199219
Allen_Cahn_nonlinear_time	3467.535645
Cahn_Hilliard_nonlinear_time	0.011840
trans_time	42.493534
trans_Memcpy_time	19.142221
trans_MPI_time	17.817890
trans_pack_time	0.376482
trans_enlarge_time	0.675520
trans_mu_time	0.439200
trans_unpack_time	3.580986
updateU_new_time	2.716500
runtime	3.601033
--------------------------------------------------!
***************dt=2.000000***************
***************flag=0***************
--------------------------------------------------!
time		0.000000
wall time	114.526827
*******************************
dgemm_time	80.171021
conv_transfer_time	0.000000
conv_calculate_time	3355.792725
elastic_calculate_time	3355.829834
Allen_Cahn_nonlinear_time	3464.345215
Cahn_Hilliard_nonlinear_time	0.012320
trans_time	41.748676
trans_Memcpy_time	19.360464
trans_MPI_time	16.850527
trans_pack_time	0.377442
trans_enlarge_time	0.681760
trans_mu_time	0.451840
trans_unpack_time	3.569627
updateU_new_time	2.714421
runtime	3.596938
--------------------------------------------------!
***************dt=2.000000***************
***************flag=0***************
--------------------------------------------------!
time		0.000000
wall time	118.142284
*******************************
dgemm_time	80.194237
conv_transfer_time	0.000000
conv_calculate_time	3357.499268
elastic_calculate_time	3357.540527
Allen_Cahn_nonlinear_time	3465.239258
Cahn_Hilliard_nonlinear_time	0.011520
trans_time	42.193447
trans_Memcpy_time	19.090065
trans_MPI_time	17.569574
trans_pack_time	0.376802
trans_enlarge_time	0.668480
trans_mu_time	0.451040
trans_unpack_time	3.582107
updateU_new_time	2.724181
runtime	3.597887
--------------------------------------------------!
***************dt=2.000000***************
***************flag=0***************
--------------------------------------------------!
time		0.000000
wall time	121.753300
*******************************
dgemm_time	80.162888
conv_transfer_time	0.000000
conv_calculate_time	3357.900391
elastic_calculate_time	3357.938477
Allen_Cahn_nonlinear_time	3465.909180
Cahn_Hilliard_nonlinear_time	0.011680
trans_time	41.684792
trans_Memcpy_time	19.130709
trans_MPI_time	16.960613
trans_pack_time	0.381282
trans_enlarge_time	0.678881
trans_mu_time	0.437440
trans_unpack_time	3.578268
updateU_new_time	2.713142
runtime	3.596847
--------------------------------------------------!
***************dt=2.000000***************
***************flag=0***************
--------------------------------------------------!
time		0.000000
wall time	125.365461
*******************************
dgemm_time	80.197296
conv_transfer_time	0.000000
conv_calculate_time	3354.855469
elastic_calculate_time	3354.893066
Allen_Cahn_nonlinear_time	3465.593262
Cahn_Hilliard_nonlinear_time	0.011840
trans_time	42.779926
trans_Memcpy_time	19.135834
trans_MPI_time	18.070866
trans_pack_time	0.374242
trans_enlarge_time	0.679041
trans_mu_time	0.448640
trans_unpack_time	3.615549
updateU_new_time	2.713462
runtime	3.599468
--------------------------------------------------!
***************dt=2.000000***************
***************flag=0***************
--------------------------------------------------!
time		0.000000
wall time	128.976420
*******************************
dgemm_time	80.165474
conv_transfer_time	0.000000
conv_calculate_time	3359.429688
elastic_calculate_time	3359.467285
Allen_Cahn_nonlinear_time	3464.894043
Cahn_Hilliard_nonlinear_time	0.011680
trans_time	46.344894
trans_Memcpy_time	19.135515
trans_MPI_time	21.670418
trans_pack_time	0.381282
trans_enlarge_time	0.682561
trans_mu_time	0.442880
trans_unpack_time	3.574269
updateU_new_time	2.712822
runtime	3.605495
--------------------------------------------------!
***************dt=2.000000***************
***************flag=0***************
--------------------------------------------------!
time		0.000000
wall time	132.589955
*******************************
dgemm_time	80.249001
conv_transfer_time	0.000000
conv_calculate_time	3358.191406
elastic_calculate_time	3358.229004
Allen_Cahn_nonlinear_time	3469.367920
Cahn_Hilliard_nonlinear_time	0.012480
trans_time	42.518120
trans_Memcpy_time	19.190399
trans_MPI_time	17.765427
trans_pack_time	0.377922
trans_enlarge_time	0.698082
trans_mu_time	0.451680
trans_unpack_time	3.578270
updateU_new_time	2.711703
runtime	3.607595
--------------------------------------------------!
***************dt=2.000000***************
***************flag=0***************
--------------------------------------------------!
time		0.000000
wall time	136.209535
*******************************
dgemm_time	80.200851
conv_transfer_time	0.000000
conv_calculate_time	3359.485107
elastic_calculate_time	3359.523682
Allen_Cahn_nonlinear_time	3469.012939
Cahn_Hilliard_nonlinear_time	0.012000
trans_time	42.550072
trans_Memcpy_time	19.124640
trans_MPI_time	17.883511
trans_pack_time	0.380482
trans_enlarge_time	0.673761
trans_mu_time	0.443840
trans_unpack_time	3.584190
updateU_new_time	2.719383
runtime	3.599513
--------------------------------------------------!
***************dt=2.000000***************
***************flag=0***************
--------------------------------------------------!
time		0.000000
wall time	139.831217
*******************************
dgemm_time	80.201180
conv_transfer_time	0.000000
conv_calculate_time	3358.069092
elastic_calculate_time	3358.106689
Allen_Cahn_nonlinear_time	3469.795898
Cahn_Hilliard_nonlinear_time	0.011680
trans_time	42.545849
trans_Memcpy_time	19.096802
trans_MPI_time	17.922394
trans_pack_time	0.376962
trans_enlarge_time	0.668481
trans_mu_time	0.440480
trans_unpack_time	3.581791
updateU_new_time	2.712023
runtime	3.601197
--------------------------------------------------!
***************dt=2.000000***************
***************flag=0***************
--------------------------------------------------!
time		0.000000
wall time	143.444826
*******************************
dgemm_time	80.184067
conv_transfer_time	0.000000
conv_calculate_time	3354.276611
elastic_calculate_time	3354.313232
Allen_Cahn_nonlinear_time	3463.030273
Cahn_Hilliard_nonlinear_time	0.011680
trans_time	41.945156
trans_Memcpy_time	19.127045
trans_MPI_time	17.251190
trans_pack_time	0.373442
trans_enlarge_time	0.681923
trans_mu_time	0.446080
trans_unpack_time	3.606591
updateU_new_time	2.713944
runtime	3.597260
--------------------------------------------------!
***************dt=2.000000***************
***************flag=0***************
--------------------------------------------------!
time		0.000000
wall time	147.060129
*******************************
dgemm_time	80.194000
conv_transfer_time	0.000000
conv_calculate_time	3360.949951
elastic_calculate_time	3360.989746
Allen_Cahn_nonlinear_time	3469.575928
Cahn_Hilliard_nonlinear_time	0.011680
trans_time	42.609768
trans_Memcpy_time	19.151207
trans_MPI_time	17.918879
trans_pack_time	0.382882
trans_enlarge_time	0.685284
trans_mu_time	0.438560
trans_unpack_time	3.576031
updateU_new_time	2.712344
runtime	3.603970
--------------------------------------------------!
***************dt=2.000000***************
***************flag=0***************
--------------------------------------------------!
time		0.000000
wall time	150.671488
*******************************
dgemm_time	80.194969
conv_transfer_time	0.000000
conv_calculate_time	3359.189697
elastic_calculate_time	3359.227295
Allen_Cahn_nonlinear_time	3467.207275
Cahn_Hilliard_nonlinear_time	0.011840
trans_time	42.340240
trans_Memcpy_time	19.127687
trans_MPI_time	17.616318
trans_pack_time	0.374882
trans_enlarge_time	0.670565
trans_mu_time	0.449280
trans_unpack_time	3.579872
updateU_new_time	2.712504
runtime	3.600328
--------------------------------------------------!
***************dt=2.000000***************
***************flag=0***************
--------------------------------------------------!
time		0.000000
wall time	154.289579
*******************************
dgemm_time	80.220901
conv_transfer_time	0.000000
conv_calculate_time	3357.887207
elastic_calculate_time	3357.925537
Allen_Cahn_nonlinear_time	3466.653076
Cahn_Hilliard_nonlinear_time	0.011840
trans_time	42.668018
trans_Memcpy_time	19.168812
trans_MPI_time	17.960960
trans_pack_time	0.373762
trans_enlarge_time	0.686885
trans_mu_time	0.441440
trans_unpack_time	3.581152
updateU_new_time	2.725145
runtime	3.601105
--------------------------------------------------!
***************dt=2.000000***************
***************flag=0***************
--------------------------------------------------!
time		0.000000
wall time	157.904053
*******************************
dgemm_time	80.195145
conv_transfer_time	0.000000
conv_calculate_time	3356.083496
elastic_calculate_time	3356.121582
Allen_Cahn_nonlinear_time	3465.691895
Cahn_Hilliard_nonlinear_time	0.012640
trans_time	42.602722
trans_Memcpy_time	19.145615
trans_MPI_time	17.904802
trans_pack_time	0.379202
trans_enlarge_time	0.684486
trans_mu_time	0.441600
trans_unpack_time	3.588513
updateU_new_time	2.713625
runtime	3.596408
--------------------------------------------------!
***************dt=2.000000***************
***************flag=0***************
--------------------------------------------------!
time		0.000000
wall time	161.519271
*******************************
dgemm_time	80.207794
conv_transfer_time	0.000000
conv_calculate_time	3359.745361
elastic_calculate_time	3359.783936
Allen_Cahn_nonlinear_time	3466.669189
Cahn_Hilliard_nonlinear_time	0.011520
trans_time	42.641975
trans_Memcpy_time	19.128654
trans_MPI_time	17.978245
trans_pack_time	0.374242
trans_enlarge_time	0.673606
trans_mu_time	0.437600
trans_unpack_time	3.594113
updateU_new_time	2.713625
runtime	3.598186
--------------------------------------------------!
***************dt=2.000000***************
***************flag=0***************
--------------------------------------------------!
time		0.000000
wall time	165.129744
*******************************
dgemm_time	80.250839
conv_transfer_time	0.000000
conv_calculate_time	3357.459717
elastic_calculate_time	3357.499023
Allen_Cahn_nonlinear_time	3469.380127
Cahn_Hilliard_nonlinear_time	0.011520
trans_time	42.701469
trans_Memcpy_time	19.116175
trans_MPI_time	18.047688
trans_pack_time	0.374242
trans_enlarge_time	0.675366
trans_mu_time	0.448160
trans_unpack_time	3.580993
updateU_new_time	2.712505
runtime	3.599407
--------------------------------------------------!
***************dt=2.000000***************
***************flag=0***************
--------------------------------------------------!
time		0.000000
wall time	168.741992
*******************************
dgemm_time	80.228127
conv_transfer_time	0.000000
conv_calculate_time	3360.035645
elastic_calculate_time	3360.072754
Allen_Cahn_nonlinear_time	3467.438965
Cahn_Hilliard_nonlinear_time	0.011680
trans_time	42.507824
trans_Memcpy_time	19.161140
trans_MPI_time	17.831367
trans_pack_time	0.377762
trans_enlarge_time	0.662566
trans_mu_time	0.449760
trans_unpack_time	3.571393
updateU_new_time	2.712985
runtime	3.600162
--------------------------------------------------!
***************dt=2.000000***************
***************flag=0***************
--------------------------------------------------!
time		0.000000
wall time	172.355588
*******************************
dgemm_time	80.198372
conv_transfer_time	0.000000
conv_calculate_time	3360.638184
elastic_calculate_time	3360.677002
Allen_Cahn_nonlinear_time	3472.989014
Cahn_Hilliard_nonlinear_time	0.011680
trans_time	42.545265
trans_Memcpy_time	19.151062
trans_MPI_time	17.864170
trans_pack_time	0.373122
trans_enlarge_time	0.674886
trans_mu_time	0.438880
trans_unpack_time	3.582754
updateU_new_time	2.726906
runtime	3.604503
--------------------------------------------------!
***************dt=2.000000***************
***************flag=0***************
--------------------------------------------------!
time		0.000000
wall time	175.969839
*******************************
dgemm_time	80.239014
conv_transfer_time	0.000000
conv_calculate_time	3360.120117
elastic_calculate_time	3360.175293
Allen_Cahn_nonlinear_time	3469.214600
Cahn_Hilliard_nonlinear_time	0.012320
trans_time	42.326149
trans_Memcpy_time	19.155224
trans_MPI_time	17.611847
trans_pack_time	0.372642
trans_enlarge_time	0.680806
trans_mu_time	0.440480
trans_unpack_time	3.605314
updateU_new_time	2.715866
runtime	3.598819
--------------------------------------------------!
***************dt=2.000000***************
***************flag=0***************
--------------------------------------------------!
time		0.000000
wall time	179.588458
*******************************
dgemm_time	80.173904
conv_transfer_time	0.000000
conv_calculate_time	3361.296875
elastic_calculate_time	3361.333984
Allen_Cahn_nonlinear_time	3467.606201
Cahn_Hilliard_nonlinear_time	0.012160
trans_time	41.981510
trans_Memcpy_time	19.230263
trans_MPI_time	17.137604
trans_pack_time	0.372482
trans_enlarge_time	0.675846
trans_mu_time	0.440800
trans_unpack_time	3.601155
updateU_new_time	2.714106
runtime	3.597833
--------------------------------------------------!
***************dt=2.000000***************
***************flag=0***************
--------------------------------------------------!
time		0.000000
wall time	183.201409
*******************************
dgemm_time	80.150223
conv_transfer_time	0.000000
conv_calculate_time	3362.332764
elastic_calculate_time	3362.370850
Allen_Cahn_nonlinear_time	3465.859619
Cahn_Hilliard_nonlinear_time	0.012000
trans_time	42.286354
trans_Memcpy_time	19.157463
trans_MPI_time	17.598732
trans_pack_time	0.376322
trans_enlarge_time	0.668006
trans_mu_time	0.449600
trans_unpack_time	3.574434
updateU_new_time	2.716346
runtime	3.597144
--------------------------------------------------!
***************dt=2.000000***************
***************flag=0***************
--------------------------------------------------!
time		0.000000
wall time	186.813348
*******************************
dgemm_time	80.179031
conv_transfer_time	0.000000
conv_calculate_time	3360.321045
elastic_calculate_time	3360.359375
Allen_Cahn_nonlinear_time	3469.682373
Cahn_Hilliard_nonlinear_time	0.011840
trans_time	42.903412
trans_Memcpy_time	19.425951
trans_MPI_time	17.956175
trans_pack_time	0.372802
trans_enlarge_time	0.668486
trans_mu_time	0.443680
trans_unpack_time	3.579075
updateU_new_time	2.713946
runtime	3.599867
--------------------------------------------------!
***************dt=2.000000***************
***************flag=0***************
--------------------------------------------------!
time		0.000000
wall time	190.410560
*******************************
dgemm_time	80.259842
conv_transfer_time	0.000000
conv_calculate_time	3360.889648
elastic_calculate_time	3360.927734
Allen_Cahn_nonlinear_time	3467.309814
Cahn_Hilliard_nonlinear_time	0.012000
trans_time	42.534393
trans_Memcpy_time	19.384670
trans_MPI_time	17.599691
trans_pack_time	0.374242
trans_enlarge_time	0.671366
trans_mu_time	0.449600
trans_unpack_time	3.595875
updateU_new_time	2.721467
runtime	3.600454
--------------------------------------------------!
***************dt=2.000000***************
***************flag=0***************
--------------------------------------------------!
time		0.000000
wall time	194.010533
*******************************
dgemm_time	80.238884
conv_transfer_time	0.000000
conv_calculate_time	3362.834717
elastic_calculate_time	3362.873047
Allen_Cahn_nonlinear_time	3470.110107
Cahn_Hilliard_nonlinear_time	0.011680
trans_time	42.985081
trans_Memcpy_time	19.359871
trans_MPI_time	18.082418
trans_pack_time	0.387203
trans_enlarge_time	0.676646
trans_mu_time	0.444800
trans_unpack_time	3.579715
updateU_new_time	2.713627
runtime	3.602060
--------------------------------------------------!
***************dt=2.000000***************
***************flag=0***************
--------------------------------------------------!
time		0.000000
wall time	197.611058
*******************************
dgemm_time	80.231201
conv_transfer_time	0.000000
conv_calculate_time	3365.855469
elastic_calculate_time	3365.895508
Allen_Cahn_nonlinear_time	3474.760010
Cahn_Hilliard_nonlinear_time	0.011840
trans_time	41.867390
trans_Memcpy_time	19.385311
trans_MPI_time	16.931528
trans_pack_time	0.372322
trans_enlarge_time	0.684006
trans_mu_time	0.444000
trans_unpack_time	3.592836
updateU_new_time	2.713947
runtime	3.604671
--------------------------------------------------!
***************dt=2.000000***************
***************flag=0***************
--------------------------------------------------!
time		0.000000
wall time	201.213200
*******************************
dgemm_time	80.228806
conv_transfer_time	0.000000
conv_calculate_time	3362.625977
elastic_calculate_time	3362.664795
Allen_Cahn_nonlinear_time	3469.478027
Cahn_Hilliard_nonlinear_time	0.012480
trans_time	42.892750
trans_Memcpy_time	19.365791
trans_MPI_time	17.997299
trans_pack_time	0.374402
trans_enlarge_time	0.684646
trans_mu_time	0.446560
trans_unpack_time	3.573475
updateU_new_time	2.712827
runtime	3.601219
--------------------------------------------------!
***************dt=2.000000***************
***************flag=0***************
--------------------------------------------------!
time		0.000000
wall time	204.817939
*******************************
dgemm_time	80.237778
conv_transfer_time	0.000000
conv_calculate_time	3357.691162
elastic_calculate_time	3357.729980
Allen_Cahn_nonlinear_time	3471.713135
Cahn_Hilliard_nonlinear_time	0.011840
trans_time	42.890423
trans_Memcpy_time	19.373154
trans_MPI_time	17.989460
trans_pack_time	0.373922
trans_enlarge_time	0.673606
trans_mu_time	0.442560
trans_unpack_time	3.587716
updateU_new_time	2.713307
runtime	3.601825
--------------------------------------------------!
***************dt=2.000000***************
***************flag=0***************
--------------------------------------------------!
time		0.000000
wall time	208.419231
*******************************
dgemm_time	80.222412
conv_transfer_time	0.000000
conv_calculate_time	3358.322021
elastic_calculate_time	3358.360596
Allen_Cahn_nonlinear_time	3465.353516
Cahn_Hilliard_nonlinear_time	0.011680
trans_time	42.048244
trans_Memcpy_time	19.379234
trans_MPI_time	17.140972
trans_pack_time	0.374723
trans_enlarge_time	0.676966
trans_mu_time	0.450080
trans_unpack_time	3.572676
updateU_new_time	2.714427
runtime	3.597724
--------------------------------------------------!
***************dt=2.000000***************
***************flag=0***************
--------------------------------------------------!
time		0.000000
wall time	212.021127
*******************************
dgemm_time	80.218895
conv_transfer_time	0.000000
conv_calculate_time	3357.105469
elastic_calculate_time	3357.143799
Allen_Cahn_nonlinear_time	3466.561523
Cahn_Hilliard_nonlinear_time	0.011840
trans_time	42.867546
trans_Memcpy_time	19.352835
trans_MPI_time	17.943703
trans_pack_time	0.397283
trans_enlarge_time	0.685446
trans_mu_time	0.445600
trans_unpack_time	3.562596
updateU_new_time	2.713627
runtime	3.597963
--------------------------------------------------!
***************dt=2.000000***************
***************flag=0***************
--------------------------------------------------!
time		0.000000
wall time	215.618923
*******************************
dgemm_time	80.232338
conv_transfer_time	0.000000
conv_calculate_time	3364.646484
elastic_calculate_time	3364.682861
Allen_Cahn_nonlinear_time	3469.964355
Cahn_Hilliard_nonlinear_time	0.011840
trans_time	42.742146
trans_Memcpy_time	19.369795
trans_MPI_time	17.828661
trans_pack_time	0.371682
trans_enlarge_time	0.676646
trans_mu_time	0.448320
trans_unpack_time	3.594116
updateU_new_time	2.713467
runtime	3.604352
--------------------------------------------------!
***************dt=2.000000***************
***************flag=0***************
--------------------------------------------------!
time		0.000000
wall time	219.217013
*******************************
dgemm_time	80.236504
conv_transfer_time	0.000000
conv_calculate_time	3360.692627
elastic_calculate_time	3360.730957
Allen_Cahn_nonlinear_time	3469.568359
Cahn_Hilliard_nonlinear_time	0.012320
trans_time	42.957310
trans_Memcpy_time	19.369635
trans_MPI_time	18.068985
trans_pack_time	0.373283
trans_enlarge_time	0.680646
trans_mu_time	0.437120
trans_unpack_time	3.576516
updateU_new_time	2.713307
runtime	3.603908
--------------------------------------------------!
***************dt=2.000000***************
***************flag=0***************
--------------------------------------------------!
time		0.000000
wall time	222.821437
*******************************
dgemm_time	80.238739
conv_transfer_time	0.000000
conv_calculate_time	3362.261475
elastic_calculate_time	3362.299805
Allen_Cahn_nonlinear_time	3468.211914
Cahn_Hilliard_nonlinear_time	0.012160
trans_time	42.848541
trans_Memcpy_time	19.366758
trans_MPI_time	17.934263
trans_pack_time	0.374403
trans_enlarge_time	0.680806
trans_mu_time	0.438400
trans_unpack_time	3.595876
updateU_new_time	2.714267
runtime	3.600563
--------------------------------------------------!
***************dt=2.000000***************
***************flag=0***************
--------------------------------------------------!
time		0.000000
wall time	226.425419
*******************************
dgemm_time	80.276352
conv_transfer_time	0.000000
conv_calculate_time	3359.429932
elastic_calculate_time	3359.468750
Allen_Cahn_nonlinear_time	3470.217285
Cahn_Hilliard_nonlinear_time	0.011680
trans_time	42.863510
trans_Memcpy_time	19.353155
trans_MPI_time	17.984024
trans_pack_time	0.374083
trans_enlarge_time	0.665606
trans_mu_time	0.442720
trans_unpack_time	3.588356
updateU_new_time	2.712828
runtime	3.605542
--------------------------------------------------!
***************dt=2.000000***************
***************flag=0***************
--------------------------------------------------!
time		0.000000
wall time	230.026050
*******************************
dgemm_time	80.218903
conv_transfer_time	0.000000
conv_calculate_time	3359.339355
elastic_calculate_time	3359.378662
Allen_Cahn_nonlinear_time	3467.552734
Cahn_Hilliard_nonlinear_time	0.012000
trans_time	42.485840
trans_Memcpy_time	19.341959
trans_MPI_time	17.601780
trans_pack_time	0.400323
trans_enlarge_time	0.669286
trans_mu_time	0.440960
trans_unpack_time	3.579076
updateU_new_time	2.714268
runtime	3.598788
--------------------------------------------------!
***************dt=2.000000***************
***************flag=0***************
--------------------------------------------------!
time		0.000000
wall time	233.631679
*******************************
dgemm_time	80.257790
conv_transfer_time	0.000000
conv_calculate_time	3360.728027
elastic_calculate_time	3360.765869
Allen_Cahn_nonlinear_time	3472.635742
Cahn_Hilliard_nonlinear_time	0.011680
trans_time	42.135586
trans_Memcpy_time	19.369640
trans_MPI_time	17.222258
trans_pack_time	0.389124
trans_enlarge_time	0.671686
trans_mu_time	0.449600
trans_unpack_time	3.579397
updateU_new_time	2.711068
runtime	3.602293
--------------------------------------------------!
***************dt=2.000000***************
***************flag=0***************
--------------------------------------------------!
time		0.000000
wall time	237.230537
*******************************
dgemm_time	80.267075
conv_transfer_time	0.000000
conv_calculate_time	3360.856201
elastic_calculate_time	3360.897217
Allen_Cahn_nonlinear_time	3467.809326
Cahn_Hilliard_nonlinear_time	0.011680
trans_time	43.011745
trans_Memcpy_time	19.345798
trans_MPI_time	18.128986
trans_pack_time	0.380163
trans_enlarge_time	0.683046
trans_mu_time	0.441120
trans_unpack_time	3.580677
updateU_new_time	2.715228
runtime	3.600919
--------------------------------------------------!
***************dt=2.000000***************
***************flag=0***************
--------------------------------------------------!
time		0.000000
wall time	240.832901
*******************************
dgemm_time	80.257477
conv_transfer_time	0.000000
conv_calculate_time	3357.651123
elastic_calculate_time	3357.689209
Allen_Cahn_nonlinear_time	3469.467529
Cahn_Hilliard_nonlinear_time	0.011520
trans_time	43.016468
trans_Memcpy_time	19.359560
trans_MPI_time	18.065306
trans_pack_time	0.373923
trans_enlarge_time	0.684326
trans_mu_time	0.447520
trans_unpack_time	3.574117
updateU_new_time	2.714748
runtime	3.602340
--------------------------------------------------!
***************dt=2.000000***************
***************flag=0***************
--------------------------------------------------!
time		0.000000
wall time	244.433895
*******************************
dgemm_time	80.280838
conv_transfer_time	0.000000
conv_calculate_time	3359.691162
elastic_calculate_time	3359.730225
Allen_Cahn_nonlinear_time	3471.342529
Cahn_Hilliard_nonlinear_time	0.011840
trans_time	42.839966
trans_Memcpy_time	19.325640
trans_MPI_time	17.954266
trans_pack_time	0.377763
trans_enlarge_time	0.687846
trans_mu_time	0.442240
trans_unpack_time	3.598597
updateU_new_time	2.713948
runtime	3.599250
--------------------------------------------------!
***************dt=2.000000***************
***************flag=0***************
--------------------------------------------------!
time		0.000000
wall time	248.036362
*******************************
dgemm_time	80.284302
conv_transfer_time	0.000000
conv_calculate_time	3359.278320
elastic_calculate_time	3359.317871
Allen_Cahn_nonlinear_time	3467.528809
Cahn_Hilliard_nonlinear_time	0.012000
trans_time	42.939358
trans_Memcpy_time	19.297798
trans_MPI_time	18.080988
trans_pack_time	0.391203
trans_enlarge_time	0.676486
trans_mu_time	0.440480
trans_unpack_time	3.597957
updateU_new_time	2.718106
runtime	3.612412
--------------------------------------------------!
***************dt=2.000000***************
***************flag=0***************
--------------------------------------------------!
time		0.000000
wall time	251.635680
*******************************
dgemm_time	80.192078
conv_transfer_time	0.000000
conv_calculate_time	3357.667480
elastic_calculate_time	3357.706787
Allen_Cahn_nonlinear_time	3469.044189
Cahn_Hilliard_nonlinear_time	0.012160
trans_time	42.876274
trans_Memcpy_time	19.366745
trans_MPI_time	17.968651
trans_pack_time	0.393762
trans_enlarge_time	0.672966
trans_mu_time	0.438400
trans_unpack_time	3.583554
updateU_new_time	2.714727
runtime	3.605096
--------------------------------------------------!
***************dt=2.000000***************
***************flag=0***************
--------------------------------------------------!
time		0.000000
wall time	255.248200
*******************************
dgemm_time	80.243866
conv_transfer_time	0.000000
conv_calculate_time	3357.765625
elastic_calculate_time	3357.804688
Allen_Cahn_nonlinear_time	3472.316895
Cahn_Hilliard_nonlinear_time	0.012640
trans_time	42.884682
trans_Memcpy_time	19.286932
trans_MPI_time	18.064690
trans_pack_time	0.373280
trans_enlarge_time	0.676800
trans_mu_time	0.450720
trans_unpack_time	3.582410
updateU_new_time	2.714390
runtime	3.601447
--------------------------------------------------!
***************dt=2.000000***************
***************flag=0***************
--------------------------------------------------!
time		0.000000
wall time	258.853365
*******************************
dgemm_time	80.169128
conv_transfer_time	0.000000
conv_calculate_time	3362.419678
elastic_calculate_time	3362.458252
Allen_Cahn_nonlinear_time	3467.277344
Cahn_Hilliard_nonlinear_time	0.011840
trans_time	42.867409
trans_Memcpy_time	19.347288
trans_MPI_time	17.982174
trans_pack_time	0.378560
trans_enlarge_time	0.677600
trans_mu_time	0.445440
trans_unpack_time	3.581267
updateU_new_time	2.725253
runtime	3.599444
--------------------------------------------------!
***************dt=2.000000***************
***************flag=0***************
--------------------------------------------------!
time		0.000000
wall time	262.454884
*******************************
dgemm_time	80.250854
conv_transfer_time	0.000000
conv_calculate_time	3358.572998
elastic_calculate_time	3358.612305
Allen_Cahn_nonlinear_time	3467.416504
Cahn_Hilliard_nonlinear_time	0.011840
trans_time	42.889561
trans_Memcpy_time	19.335968
trans_MPI_time	18.016621
trans_pack_time	0.374558
trans_enlarge_time	0.679194
trans_mu_time	0.441280
trans_unpack_time	3.586525
updateU_new_time	2.713253
runtime	3.598738
--------------------------------------------------!
***************dt=2.000000***************
***************flag=0***************
--------------------------------------------------!
time		0.000000
wall time	266.054400
*******************************
dgemm_time	80.203049
conv_transfer_time	0.000000
conv_calculate_time	3360.793945
elastic_calculate_time	3360.846924
Allen_Cahn_nonlinear_time	3468.492188
Cahn_Hilliard_nonlinear_time	0.011680
trans_time	42.772675
trans_Memcpy_time	19.289404
trans_MPI_time	17.951817
trans_pack_time	0.375837
trans_enlarge_time	0.673114
trans_mu_time	0.443840
trans_unpack_time	3.583804
updateU_new_time	2.716453
runtime	3.601724
--------------------------------------------------!
***************dt=2.000000***************
***************flag=0***************
--------------------------------------------------!
time		0.000000
wall time	269.653229
*******************************
dgemm_time	80.238106
conv_transfer_time	0.000000
conv_calculate_time	3359.835205
elastic_calculate_time	3359.874756
Allen_Cahn_nonlinear_time	3468.758301
Cahn_Hilliard_nonlinear_time	0.012000
trans_time	42.768108
trans_Memcpy_time	19.294689
trans_MPI_time	17.858864
trans_pack_time	0.381918
trans_enlarge_time	0.684154
trans_mu_time	0.439840
trans_unpack_time	3.603165
updateU_new_time	2.715974
runtime	3.600836
--------------------------------------------------!
***************dt=2.000000***************
***************flag=0***************
--------------------------------------------------!
time		0.000000
wall time	273.255025
*******************************
dgemm_time	80.206451
conv_transfer_time	0.000000
conv_calculate_time	3354.775879
elastic_calculate_time	3354.821533
Allen_Cahn_nonlinear_time	3463.334717
Cahn_Hilliard_nonlinear_time	0.011680
trans_time	42.794128
trans_Memcpy_time	19.290855
trans_MPI_time	17.948627
trans_pack_time	0.377438
trans_enlarge_time	0.688634
trans_mu_time	0.452800
trans_unpack_time	3.574046
updateU_new_time	2.714055
runtime	3.596099
--------------------------------------------------!
***************dt=2.000000***************
***************flag=0***************
--------------------------------------------------!
time		0.000000
wall time	276.856135
*******************************
dgemm_time	80.240868
conv_transfer_time	0.000000
conv_calculate_time	3356.305908
elastic_calculate_time	3356.344971
Allen_Cahn_nonlinear_time	3466.096191
Cahn_Hilliard_nonlinear_time	0.012320
trans_time	42.732330
trans_Memcpy_time	19.444622
trans_MPI_time	17.772953
trans_pack_time	0.373278
trans_enlarge_time	0.671354
trans_mu_time	0.440480
trans_unpack_time	3.574047
updateU_new_time	2.728136
runtime	3.598496
--------------------------------------------------!
***************dt=2.000000***************
***************flag=0***************
--------------------------------------------------!
time		0.000000
wall time	280.452304
*******************************
dgemm_time	80.228409
conv_transfer_time	0.000000
conv_calculate_time	3363.450928
elastic_calculate_time	3363.489502
Allen_Cahn_nonlinear_time	3473.086914
Cahn_Hilliard_nonlinear_time	0.012000
trans_time	43.106709
trans_Memcpy_time	19.298386
trans_MPI_time	18.253115
trans_pack_time	0.376638
trans_enlarge_time	0.685115
trans_mu_time	0.449920
trans_unpack_time	3.589728
updateU_new_time	2.714856
runtime	3.604229
--------------------------------------------------!
***************dt=2.000000***************
***************flag=0***************
--------------------------------------------------!
time		0.000000
wall time	284.050883
*******************************
dgemm_time	80.187469
conv_transfer_time	0.000000
conv_calculate_time	3362.061768
elastic_calculate_time	3362.100586
Allen_Cahn_nonlinear_time	3471.258057
Cahn_Hilliard_nonlinear_time	0.012640
trans_time	43.003323
trans_Memcpy_time	19.283672
trans_MPI_time	18.200960
trans_pack_time	0.372638
trans_enlarge_time	0.676958
trans_mu_time	0.442880
trans_unpack_time	3.575649
updateU_new_time	2.713577
runtime	3.602860
--------------------------------------------------!
***************dt=2.000000***************
***************flag=0***************
--------------------------------------------------!
time		0.000000
wall time	287.655183
*******************************
dgemm_time	80.225731
conv_transfer_time	0.000000
conv_calculate_time	3359.437256
elastic_calculate_time	3359.476562
Allen_Cahn_nonlinear_time	3466.475586
Cahn_Hilliard_nonlinear_time	0.012000
trans_time	42.525146
trans_Memcpy_time	19.255199
trans_MPI_time	17.734249
trans_pack_time	0.376318
trans_enlarge_time	0.668318
trans_mu_time	0.439360
trans_unpack_time	3.600290
updateU_new_time	2.713578
runtime	3.597975
--------------------------------------------------!
***************dt=2.000000***************
***************flag=0***************
--------------------------------------------------!
time		0.000000
wall time	291.258112
*******************************
dgemm_time	80.237434
conv_transfer_time	0.000000
conv_calculate_time	3362.711670
elastic_calculate_time	3362.750000
Allen_Cahn_nonlinear_time	3471.479004
Cahn_Hilliard_nonlinear_time	0.012000
trans_time	42.680767
trans_Memcpy_time	19.294884
trans_MPI_time	17.863052
trans_pack_time	0.371678
trans_enlarge_time	0.675039
trans_mu_time	0.447680
trans_unpack_time	3.579811
updateU_new_time	2.715019
runtime	3.604975
--------------------------------------------------!
***************dt=2.000000***************
***************flag=0***************
--------------------------------------------------!
time		0.000000
wall time	294.856201
*******************************
dgemm_time	80.182251
conv_transfer_time	0.000000
conv_calculate_time	3357.552002
elastic_calculate_time	3357.590332
Allen_Cahn_nonlinear_time	3467.148438
Cahn_Hilliard_nonlinear_time	0.012000
trans_time	42.196583
trans_Memcpy_time	19.304007
trans_MPI_time	17.348501
trans_pack_time	0.375358
trans_enlarge_time	0.693759
trans_mu_time	0.443520
trans_unpack_time	3.576772
updateU_new_time	2.741579
runtime	3.601902
--------------------------------------------------!
***************dt=2.000000***************
***************flag=0***************
--------------------------------------------------!
time		0.000000
wall time	298.461244
*******************************
dgemm_time	80.192192
conv_transfer_time	0.000000
conv_calculate_time	3356.428711
elastic_calculate_time	3356.468750
Allen_Cahn_nonlinear_time	3465.417725
Cahn_Hilliard_nonlinear_time	0.012160
trans_time	42.742928
trans_Memcpy_time	19.306412
trans_MPI_time	17.893141
trans_pack_time	0.388318
trans_enlarge_time	0.669439
trans_mu_time	0.445760
trans_unpack_time	3.588932
updateU_new_time	2.713420
runtime	3.598280
--------------------------------------------------!
***************dt=2.000000***************
***************flag=0***************
--------------------------------------------------!
time		0.000000
wall time	302.063215
*******************************
dgemm_time	80.219727
conv_transfer_time	0.000000
conv_calculate_time	3356.677979
elastic_calculate_time	3356.717529
Allen_Cahn_nonlinear_time	3468.542969
Cahn_Hilliard_nonlinear_time	0.011680
trans_time	42.736347
trans_Memcpy_time	19.279537
trans_MPI_time	17.926905
trans_pack_time	0.375038
trans_enlarge_time	0.676000
trans_mu_time	0.442720
trans_unpack_time	3.582533
updateU_new_time	2.713580
runtime	3.601145
--------------------------------------------------!
***************dt=2.000000***************
***************flag=0***************
--------------------------------------------------!
time		0.000000
wall time	305.661563
*******************************
dgemm_time	80.215744
conv_transfer_time	0.000000
conv_calculate_time	3358.702148
elastic_calculate_time	3358.742432
Allen_Cahn_nonlinear_time	3469.127441
Cahn_Hilliard_nonlinear_time	0.012000
trans_time	42.790058
trans_Memcpy_time	19.245941
trans_MPI_time	18.020348
trans_pack_time	0.374078
trans_enlarge_time	0.671680
trans_mu_time	0.446560
trans_unpack_time	3.580134
updateU_new_time	2.711661
runtime	3.605239
--------------------------------------------------!
***************dt=2.000000***************
***************flag=0***************
--------------------------------------------------!
time		0.000000
wall time	309.262778
*******************************
dgemm_time	80.244087
conv_transfer_time	0.000000
conv_calculate_time	3359.502197
elastic_calculate_time	3359.541992
Allen_Cahn_nonlinear_time	3468.536865
Cahn_Hilliard_nonlinear_time	0.011520
trans_time	42.832817
trans_Memcpy_time	19.333786
trans_MPI_time	17.965633
trans_pack_time	0.372638
trans_enlarge_time	0.684000
trans_mu_time	0.443840
trans_unpack_time	3.582535
updateU_new_time	2.713742
runtime	3.603539
--------------------------------------------------!
***************dt=2.000000***************
***************flag=0***************
--------------------------------------------------!
time		0.000000
wall time	312.868089
*******************************
dgemm_time	80.213707
conv_transfer_time	0.000000
conv_calculate_time	3360.407227
elastic_calculate_time	3360.446533
Allen_Cahn_nonlinear_time	3467.436279
Cahn_Hilliard_nonlinear_time	0.011840
trans_time	42.772316
trans_Memcpy_time	19.312508
trans_MPI_time	17.924677
trans_pack_time	0.380318
trans_enlarge_time	0.687680
trans_mu_time	0.439840
trans_unpack_time	3.576776
updateU_new_time	2.742062
runtime	3.600947
--------------------------------------------------!
***************dt=2.000000***************
***************flag=0***************
--------------------------------------------------!
time		0.000000
wall time	316.471696
*******************************
dgemm_time	80.245560
conv_transfer_time	0.000000
conv_calculate_time	3361.838135
elastic_calculate_time	3361.877686
Allen_Cahn_nonlinear_time	3470.371338
Cahn_Hilliard_nonlinear_time	0.011680
trans_time	42.077820
trans_Memcpy_time	19.279873
trans_MPI_time	17.251245
trans_pack_time	0.394238
trans_enlarge_time	0.670400
trans_mu_time	0.446880
trans_unpack_time	3.586216
updateU_new_time	2.715663
runtime	3.599012
--------------------------------------------------!
***************dt=2.000000***************
***************flag=0***************
--------------------------------------------------!
time		0.000000
wall time	320.072716
*******************************
dgemm_time	80.194214
conv_transfer_time	0.000000
conv_calculate_time	3356.937500
elastic_calculate_time	3356.977051
Allen_Cahn_nonlinear_time	3467.884033
Cahn_Hilliard_nonlinear_time	0.012000
trans_time	42.205799
trans_Memcpy_time	19.283558
trans_MPI_time	17.358450
trans_pack_time	0.375358
trans_enlarge_time	0.697760
trans_mu_time	0.443200
trans_unpack_time	3.594377
updateU_new_time	2.714063
runtime	3.598158
--------------------------------------------------!
***************dt=2.000000***************
***************flag=0***************
--------------------------------------------------!
time		0.000000
wall time	323.671798
*******************************
dgemm_time	80.213440
conv_transfer_time	0.000000
conv_calculate_time	3357.393066
elastic_calculate_time	3357.431885
Allen_Cahn_nonlinear_time	3469.357422
Cahn_Hilliard_nonlinear_time	0.012320
trans_time	42.782684
trans_Memcpy_time	19.263882
trans_MPI_time	17.996048
trans_pack_time	0.375358
trans_enlarge_time	0.670400
trans_mu_time	0.451360
trans_unpack_time	3.576138
updateU_new_time	2.715504
runtime	3.598006
--------------------------------------------------!
***************dt=2.000000***************
***************flag=0***************
--------------------------------------------------!
time		0.000000
wall time	327.270034
*******************************
dgemm_time	80.207695
conv_transfer_time	0.000000
conv_calculate_time	3358.348877
elastic_calculate_time	3358.389648
Allen_Cahn_nonlinear_time	3466.395264
Cahn_Hilliard_nonlinear_time	0.011840
trans_time	42.906292
trans_Memcpy_time	19.246284
trans_MPI_time	18.133812
trans_pack_time	0.376158
trans_enlarge_time	0.673920
trans_mu_time	0.441600
trans_unpack_time	3.581739
updateU_new_time	2.712625
runtime	3.599264
--------------------------------------------------!
***************dt=2.000000***************
***************flag=0***************
--------------------------------------------------!
time		0.000000
wall time	330.868109
*******************************
dgemm_time	80.252190
conv_transfer_time	0.000000
conv_calculate_time	3361.081787
elastic_calculate_time	3361.122314
Allen_Cahn_nonlinear_time	3471.108154
Cahn_Hilliard_nonlinear_time	0.012640
trans_time	41.843788
trans_Memcpy_time	19.312849
trans_MPI_time	16.931421
trans_pack_time	0.376638
trans_enlarge_time	0.678240
trans_mu_time	0.447200
trans_unpack_time	3.582540
updateU_new_time	2.735025
runtime	3.602451
--------------------------------------------------!
***************dt=2.000000***************
***************flag=0***************
--------------------------------------------------!
time		0.000000
wall time	334.467442
*******************************
dgemm_time	80.215729
conv_transfer_time	0.000000
conv_calculate_time	3358.247314
elastic_calculate_time	3358.288330
Allen_Cahn_nonlinear_time	3467.368164
Cahn_Hilliard_nonlinear_time	0.012320
trans_time	42.934811
trans_Memcpy_time	19.356693
trans_MPI_time	17.971581
trans_pack_time	0.378718
trans_enlarge_time	0.678880
trans_mu_time	0.436800
trans_unpack_time	3.598060
updateU_new_time	2.710386
runtime	3.601636
--------------------------------------------------!
***************dt=2.000000***************
***************flag=0***************
--------------------------------------------------!
time		0.000000
wall time	338.070023
*******************************
dgemm_time	80.240219
conv_transfer_time	0.000000
conv_calculate_time	3358.207764
elastic_calculate_time	3358.253418
Allen_Cahn_nonlinear_time	3470.488281
Cahn_Hilliard_nonlinear_time	0.012480
trans_time	42.865761
trans_Memcpy_time	19.284376
trans_MPI_time	18.023743
trans_pack_time	0.373918
trans_enlarge_time	0.687040
trans_mu_time	0.441920
trans_unpack_time	3.598701
updateU_new_time	2.714386
runtime	3.603914
--------------------------------------------------!
***************dt=2.000000***************
***************flag=0***************
--------------------------------------------------!
time		0.000000
wall time	341.671738
*******************************
dgemm_time	80.176559
conv_transfer_time	0.000000
conv_calculate_time	3360.254150
elastic_calculate_time	3360.294189
Allen_Cahn_nonlinear_time	3468.242188
Cahn_Hilliard_nonlinear_time	0.011840
trans_time	42.708488
trans_Memcpy_time	19.275101
trans_MPI_time	17.929188
trans_pack_time	0.374559
trans_enlarge_time	0.665920
trans_mu_time	0.438080
trans_unpack_time	3.573262
updateU_new_time	2.714547
runtime	3.599591
--------------------------------------------------!
***************dt=2.000000***************
***************flag=0***************
--------------------------------------------------!
time		0.000000
wall time	345.275729
*******************************
dgemm_time	80.208092
conv_transfer_time	0.000000
conv_calculate_time	3353.237549
elastic_calculate_time	3353.276123
Allen_Cahn_nonlinear_time	3465.645752
Cahn_Hilliard_nonlinear_time	0.012000
trans_time	42.781647
trans_Memcpy_time	19.309984
trans_MPI_time	17.931591
trans_pack_time	0.374880
trans_enlarge_time	0.688960
trans_mu_time	0.447360
trans_unpack_time	3.575982
updateU_new_time	2.715027
runtime	3.597540
--------------------------------------------------!
***************dt=2.000000***************
***************flag=0***************
--------------------------------------------------!
time		0.000000
wall time	348.875455
*******************************
dgemm_time	80.273224
conv_transfer_time	0.000000
conv_calculate_time	3361.701904
elastic_calculate_time	3361.741455
Allen_Cahn_nonlinear_time	3468.022949
Cahn_Hilliard_nonlinear_time	0.012000
trans_time	42.913624
trans_Memcpy_time	19.290308
trans_MPI_time	18.111115
trans_pack_time	0.374720
trans_enlarge_time	0.659200
trans_mu_time	0.449920
trans_unpack_time	3.575343
updateU_new_time	2.724948
runtime	3.603171
--------------------------------------------------!
***************dt=2.000000***************
***************flag=0***************
--------------------------------------------------!
time		0.000000
wall time	352.473063
*******************************
dgemm_time	80.241081
conv_transfer_time	0.000000
conv_calculate_time	3360.253418
elastic_calculate_time	3360.293457
Allen_Cahn_nonlinear_time	3467.978760
Cahn_Hilliard_nonlinear_time	0.012000
trans_time	42.839722
trans_Memcpy_time	19.306152
trans_MPI_time	17.988237
trans_pack_time	0.381440
trans_enlarge_time	0.684160
trans_mu_time	0.441760
trans_unpack_time	3.585264
updateU_new_time	2.713108
runtime	3.604284
--------------------------------------------------!
***************dt=2.000000***************
***************flag=0***************
--------------------------------------------------!
time		0.000000
wall time	356.076305
*******************************
dgemm_time	80.221573
conv_transfer_time	0.000000
conv_calculate_time	3359.894043
elastic_calculate_time	3359.949463
Allen_Cahn_nonlinear_time	3469.883057
Cahn_Hilliard_nonlinear_time	0.011840
trans_time	42.694389
trans_Memcpy_time	19.354317
trans_MPI_time	17.797520
trans_pack_time	0.375040
trans_enlarge_time	0.674880
trans_mu_time	0.447040
trans_unpack_time	3.596304
updateU_new_time	2.714229
runtime	3.602262
--------------------------------------------------!
***************dt=2.000000***************
***************flag=0***************
--------------------------------------------------!
time		0.000000
wall time	359.680659
*******************************
dgemm_time	80.199348
conv_transfer_time	0.000000
conv_calculate_time	3358.252930
elastic_calculate_time	3358.289795
Allen_Cahn_nonlinear_time	3467.013916
Cahn_Hilliard_nonlinear_time	0.012160
trans_time	42.766788
trans_Memcpy_time	19.375439
trans_MPI_time	17.802326
trans_pack_time	0.384480
trans_enlarge_time	0.678240
trans_mu_time	0.439520
trans_unpack_time	3.574225
updateU_new_time	2.712309
runtime	3.601936
--------------------------------------------------!
***************dt=2.000000***************
***************flag=0***************
--------------------------------------------------!
time		0.000000
wall time	363.282992
