running   on	1024   processors
restart		0
nx,ny,nz	260	132	132
px,py,pz	8	16	8
nghost		2
output   dir	./output/output2/
data   dir	./data/
dt,t_total	2.000000,200.100000
ELASTIC		1
ANISOTROPIC		1
nac,nch		6,2
xmin,ymin,zmin	0.000000	0.000000	0.000000
xmax,ymax,zmax	2048.000000	2048.000000	1024.000000
checkpoint_,nchk,chk	1,1000,0
nout		10000
Approx		32
detect_iter		100000
Reading input.txt file:
myrank = 23 P = 3 Q = 5
myrank = 20 P = 0 Q = 5
myrank = 21 P = 4 Q = 4
myrank = 22 P = 3 Q = 1
myrank = 50 P = 4 Q = 0
myrank = 49 P = 2 Q = 0
myrank = 27 P = 1 Q = 5
myrank = 48 P = 4 Q = 5
myrank = 16 P = 5 Q = 3
myrank = 12 P = 0 Q = 3
myrank = 51 P = 2 Q = 2
myrank = 13 P = 4 Q = 1
myrank = 18 P = 2 Q = 5
myrank = 32 P = 2 Q = 2
myrank = 24 P = 2 Q = 0
myrank = 54 P = 0 Q = 1
myrank = 98 P = 1 Q = 5
myrank = 25 P = 1 Q = 0
myrank = 5 P = 2 Q = 0
myrank = 99 P = 1 Q = 4
myrank = 125 P = 0 Q = 1
myrank = 17 P = 1 Q = 0
myrank = 116 P = 3 Q = 3
myrank = 97 P = 5 Q = 2
myrank = 52 P = 3 Q = 2
myrank = 117 P = 0 Q = 2
myrank = 119 P = 3 Q = 3
myrank = 29 P = 0 Q = 0
myrank = 118 P = 2 Q = 5
myrank = 28 P = 3 Q = 5
myrank = 60 P = 3 Q = 2
myrank = 11 P = 1 Q = 2
myrank = 107 P = 4 Q = 0
myrank = 96 P = 4 Q = 4
myrank = 110 P = 3 Q = 2
myrank = 124 P = 4 Q = 1
myrank = 14 P = 3 Q = 4
myrank = 15 P = 5 Q = 2
myrank = 33 P = 1 Q = 3
myrank = 62 P = 3 Q = 3
myrank = 104 P = 3 Q = 1
myrank = 7 P = 5 Q = 2
myrank = 81 P = 2 Q = 0
myrank = 103 P = 2 Q = 0
myrank = 126 P = 5 Q = 5
myrank = 4 P = 4 Q = 0
myrank = 10 P = 4 Q = 4
myrank = 105 P = 5 Q = 5
myrank = 58 P = 1 Q = 3
myrank = 31 P = 3 Q = 2
myrank = 9 P = 5 Q = 4
myrank = 26 P = 2 Q = 4
myrank = 19 P = 1 Q = 2
myrank = 106 P = 4 Q = 5
myrank = 36 P = 1 Q = 0
myrank = 127 P = 0 Q = 0
myrank = 111 P = 5 Q = 0
myrank = 100 P = 0 Q = 4
myrank = 30 P = 5 Q = 1
myrank = 35 P = 3 Q = 1
myrank = 66 P = 2 Q = 4
myrank = 8 P = 3 Q = 0
myrank = 80 P = 5 Q = 4
myrank = 61 P = 4 Q = 3
myrank = 64 P = 2 Q = 2
myrank = 6 P = 0 Q = 5
myrank = 87 P = 3 Q = 4
myrank = 70 P = 2 Q = 0
myrank = 78 P = 5 Q = 3
myrank = 57 P = 2 Q = 3
myrank = 55 P = 5 Q = 1
myrank = 67 P = 1 Q = 4
myrank = 123 P = 1 Q = 0
myrank = 39 P = 0 Q = 5
myrank = 75 P = 4 Q = 1
myrank = 83 P = 3 Q = 3
myrank = 37 P = 0 Q = 3
myrank = 121 P = 4 Q = 4
myrank = 59 P = 4 Q = 4
myrank = 38 P = 2 Q = 3
myrank = 122 P = 5 Q = 5
myrank = 108 P = 3 Q = 1
myrank = 73 P = 4 Q = 2
myrank = 79 P = 0 Q = 4
myrank = 65 P = 4 Q = 5
myrank = 34 P = 4 Q = 1
myrank = 53 P = 2 Q = 2
myrank = 71 P = 0 Q = 4
myrank = 68 P = 0 Q = 1
myrank = 102 P = 0 Q = 0
myrank = 82 P = 1 Q = 3
myrank = 89 P = 5 Q = 2
myrank = 63 P = 2 Q = 4
myrank = 85 P = 3 Q = 5
myrank = 40 P = 2 Q = 2
myrank = 86 P = 2 Q = 5
myrank = 120 P = 5 Q = 1
myrank = 84 P = 1 Q = 2
myrank = 44 P = 1 Q = 5
myrank = 76 P = 1 Q = 5
myrank = 74 P = 2 Q = 3
myrank = 42 P = 4 Q = 4
myrank = 47 P = 2 Q = 4
myrank = 56 P = 3 Q = 2
myrank = 41 P = 5 Q = 0
myrank = 109 P = 4 Q = 2
myrank = 69 P = 1 Q = 0
myrank = 88 P = 4 Q = 4
myrank = 101 P = 5 Q = 1
myrank = 43 P = 3 Q = 1
myrank = 46 P = 3 Q = 4
myrank = 77 P = 0 Q = 2
myrank = 113 P = 1 Q = 4
myrank = 45 P = 0 Q = 0
myrank = 1 P = 5 Q = 4
myrank = 92 P = 1 Q = 1
myrank = 3 P = 2 Q = 0
myrank = 0 P = 4 Q = 0
myrank = 91 P = 0 Q = 0
myrank = 90 P = 4 Q = 0
myrank = 95 P = 5 Q = 0
myrank = 2 P = 1 Q = 4
myrank = 114 P = 5 Q = 0
myrank = 112 P = 5 Q = 1
myrank = 115 P = 4 Q = 3
myrank = 93 P = 0 Q = 5
myrank = 72 P = 2 Q = 2
myrank = 94 P = 0 Q = 0
myrank = 444 P = 0 Q = 1
myrank = 447 P = 0 Q = 2
myrank = 440 P = 2 Q = 1
myrank = 530 P = 4 Q = 5
myrank = 531 P = 2 Q = 2
myrank = 759 P = 1 Q = 3
myrank = 442 P = 0 Q = 4
myrank = 795 P = 3 Q = 5
myrank = 751 P = 2 Q = 5
myrank = 763 P = 0 Q = 1
myrank = 818 P = 2 Q = 4
myrank = 756 P = 5 Q = 0
myrank = 831 P = 3 Q = 4
myrank = 829 P = 3 Q = 3
myrank = 445 P = 5 Q = 5
myrank = 446 P = 0 Q = 5
myrank = 804 P = 3 Q = 4
myrank = 750 P = 4 Q = 2
myrank = 828 P = 1 Q = 0
myrank = 819 P = 0 Q = 1
myrank = 806 P = 1 Q = 4
myrank = 816 P = 4 Q = 3
myrank = 805 P = 3 Q = 5
myrank = 830 P = 1 Q = 3
myrank = 761 P = 2 Q = 4
myrank = 443 P = 4 Q = 1
myrank = 792 P = 5 Q = 4
myrank = 441 P = 4 Q = 4
myrank = 791 P = 1 Q = 1
myrank = 807 P = 2 Q = 4
myrank = 794 P = 0 Q = 2
myrank = 748 P = 3 Q = 1
myrank = 749 P = 1 Q = 4
myrank = 762 P = 5 Q = 5
myrank = 810 P = 3 Q = 3
myrank = 772 P = 4 Q = 1
myrank = 817 P = 5 Q = 0
myrank = 789 P = 3 Q = 1
myrank = 823 P = 2 Q = 2
myrank = 780 P = 0 Q = 2
myrank = 448 P = 4 Q = 2
myrank = 793 P = 2 Q = 2
myrank = 790 P = 0 Q = 1
myrank = 785 P = 0 Q = 0
myrank = 801 P = 4 Q = 0
myrank = 803 P = 5 Q = 4
myrank = 788 P = 5 Q = 1
myrank = 815 P = 3 Q = 4
myrank = 492 P = 1 Q = 2
myrank = 393 P = 2 Q = 3
myrank = 394 P = 2 Q = 1
myrank = 776 P = 1 Q = 4
myrank = 755 P = 1 Q = 3
myrank = 787 P = 2 Q = 3
myrank = 773 P = 5 Q = 1
myrank = 786 P = 1 Q = 0
myrank = 779 P = 3 Q = 1
myrank = 754 P = 4 Q = 2
myrank = 660 P = 0 Q = 1
myrank = 782 P = 5 Q = 5
myrank = 395 P = 3 Q = 0
myrank = 813 P = 5 Q = 3
myrank = 451 P = 0 Q = 0
myrank = 392 P = 1 Q = 3
myrank = 811 P = 1 Q = 2
myrank = 784 P = 0 Q = 3
myrank = 809 P = 3 Q = 5
myrank = 812 P = 5 Q = 2
myrank = 494 P = 5 Q = 2
myrank = 800 P = 3 Q = 4
myrank = 493 P = 4 Q = 0
myrank = 495 P = 1 Q = 0
myrank = 768 P = 0 Q = 0
myrank = 822 P = 5 Q = 1
myrank = 774 P = 1 Q = 0
myrank = 663 P = 5 Q = 1
myrank = 188 P = 5 Q = 5
myrank = 771 P = 5 Q = 3
myrank = 958 P = 3 Q = 5
myrank = 985 P = 1 Q = 2
myrank = 799 P = 0 Q = 0
myrank = 808 P = 5 Q = 5
myrank = 978 P = 0 Q = 4
myrank = 814 P = 0 Q = 3
myrank = 662 P = 0 Q = 2
myrank = 820 P = 3 Q = 5
myrank = 585 P = 4 Q = 0
myrank = 775 P = 3 Q = 1
myrank = 661 P = 4 Q = 1
myrank = 529 P = 1 Q = 1
myrank = 783 P = 5 Q = 0
myrank = 827 P = 5 Q = 5
myrank = 587 P = 2 Q = 1
myrank = 778 P = 2 Q = 5
myrank = 826 P = 1 Q = 3
myrank = 760 P = 4 Q = 4
myrank = 987 P = 5 Q = 3
myrank = 752 P = 2 Q = 3
myrank = 781 P = 4 Q = 2
myrank = 319 P = 1 Q = 3
myrank = 777 P = 0 Q = 4
myrank = 984 P = 0 Q = 3
myrank = 191 P = 1 Q = 3
myrank = 213 P = 5 Q = 5
myrank = 968 P = 0 Q = 2
myrank = 190 P = 0 Q = 0
myrank = 753 P = 3 Q = 2
myrank = 796 P = 4 Q = 5
myrank = 986 P = 5 Q = 2
myrank = 703 P = 1 Q = 1
myrank = 797 P = 2 Q = 5
myrank = 969 P = 3 Q = 2
myrank = 702 P = 0 Q = 1
myrank = 802 P = 2 Q = 3
myrank = 318 P = 4 Q = 2
myrank = 215 P = 5 Q = 2
myrank = 212 P = 5 Q = 1
myrank = 399 P = 2 Q = 2
myrank = 207 P = 5 Q = 3
myrank = 758 P = 3 Q = 3
myrank = 189 P = 3 Q = 5
myrank = 764 P = 4 Q = 1
myrank = 767 P = 1 Q = 0
myrank = 951 P = 2 Q = 4
myrank = 821 P = 1 Q = 2
myrank = 528 P = 0 Q = 4
myrank = 765 P = 1 Q = 2
myrank = 959 P = 3 Q = 0
myrank = 317 P = 0 Q = 5
myrank = 214 P = 3 Q = 2
myrank = 700 P = 5 Q = 3
myrank = 757 P = 2 Q = 4
myrank = 976 P = 5 Q = 0
myrank = 701 P = 0 Q = 0
myrank = 586 P = 4 Q = 4
myrank = 979 P = 0 Q = 5
myrank = 957 P = 5 Q = 3
myrank = 415 P = 3 Q = 4
myrank = 977 P = 2 Q = 1
myrank = 971 P = 2 Q = 5
myrank = 948 P = 3 Q = 0
myrank = 316 P = 5 Q = 2
myrank = 449 P = 2 Q = 5
myrank = 195 P = 3 Q = 1
myrank = 206 P = 4 Q = 3
myrank = 970 P = 4 Q = 2
myrank = 769 P = 1 Q = 2
myrank = 194 P = 3 Q = 3
myrank = 964 P = 3 Q = 1
myrank = 192 P = 1 Q = 4
myrank = 450 P = 5 Q = 3
myrank = 967 P = 5 Q = 2
myrank = 584 P = 3 Q = 0
myrank = 323 P = 1 Q = 0
myrank = 770 P = 3 Q = 0
myrank = 204 P = 3 Q = 2
myrank = 965 P = 4 Q = 1
myrank = 956 P = 2 Q = 5
myrank = 397 P = 4 Q = 4
myrank = 953 P = 3 Q = 1
myrank = 557 P = 5 Q = 1
myrank = 621 P = 3 Q = 2
myrank = 898 P = 4 Q = 2
myrank = 193 P = 2 Q = 1
myrank = 471 P = 0 Q = 4
myrank = 899 P = 4 Q = 3
myrank = 939 P = 0 Q = 5
myrank = 952 P = 5 Q = 5
myrank = 205 P = 0 Q = 0
myrank = 825 P = 2 Q = 0
myrank = 950 P = 4 Q = 4
myrank = 396 P = 1 Q = 3
myrank = 617 P = 4 Q = 4
myrank = 398 P = 5 Q = 1
myrank = 955 P = 1 Q = 5
myrank = 897 P = 0 Q = 2
myrank = 975 P = 1 Q = 0
myrank = 972 P = 5 Q = 0
myrank = 619 P = 2 Q = 5
myrank = 766 P = 2 Q = 5
myrank = 949 P = 0 Q = 4
myrank = 559 P = 3 Q = 4
myrank = 798 P = 5 Q = 0
myrank = 412 P = 4 Q = 1
myrank = 966 P = 5 Q = 4
myrank = 824 P = 0 Q = 5
myrank = 876 P = 0 Q = 1
myrank = 850 P = 3 Q = 1
myrank = 616 P = 3 Q = 4
myrank = 1022 P = 4 Q = 1
myrank = 896 P = 5 Q = 5
myrank = 1023 P = 2 Q = 4
myrank = 962 P = 2 Q = 1
myrank = 1020 P = 3 Q = 4
myrank = 938 P = 1 Q = 4
myrank = 302 P = 3 Q = 5
myrank = 558 P = 5 Q = 4
myrank = 848 P = 4 Q = 4
myrank = 924 P = 4 Q = 5
myrank = 973 P = 0 Q = 0
myrank = 163 P = 2 Q = 0
myrank = 936 P = 4 Q = 2
myrank = 974 P = 3 Q = 4
myrank = 879 P = 5 Q = 2
myrank = 132 P = 5 Q = 0
myrank = 160 P = 3 Q = 3
myrank = 847 P = 1 Q = 4
myrank = 413 P = 5 Q = 4
myrank = 1021 P = 1 Q = 4
myrank = 300 P = 2 Q = 4
myrank = 468 P = 4 Q = 0
myrank = 322 P = 0 Q = 3
myrank = 623 P = 2 Q = 5
myrank = 622 P = 4 Q = 2
myrank = 414 P = 2 Q = 2
myrank = 326 P = 1 Q = 4
myrank = 162 P = 4 Q = 0
myrank = 926 P = 2 Q = 0
myrank = 903 P = 1 Q = 3
myrank = 620 P = 0 Q = 2
myrank = 618 P = 5 Q = 4
myrank = 921 P = 2 Q = 5
myrank = 680 P = 2 Q = 5
myrank = 683 P = 4 Q = 0
myrank = 866 P = 3 Q = 2
myrank = 325 P = 2 Q = 1
myrank = 682 P = 0 Q = 0
myrank = 901 P = 2 Q = 3
myrank = 327 P = 3 Q = 1
myrank = 615 P = 3 Q = 1
myrank = 681 P = 0 Q = 5
myrank = 923 P = 1 Q = 4
myrank = 320 P = 2 Q = 2
myrank = 556 P = 1 Q = 1
myrank = 295 P = 2 Q = 3
myrank = 937 P = 3 Q = 5
myrank = 849 P = 2 Q = 1
myrank = 920 P = 5 Q = 4
myrank = 888 P = 5 Q = 0
myrank = 138 P = 0 Q = 1
myrank = 1013 P = 5 Q = 5
myrank = 961 P = 5 Q = 0
myrank = 877 P = 1 Q = 4
myrank = 846 P = 0 Q = 4
myrank = 856 P = 3 Q = 0
myrank = 960 P = 4 Q = 0
myrank = 545 P = 2 Q = 1
myrank = 867 P = 1 Q = 2
myrank = 593 P = 5 Q = 3
myrank = 150 P = 4 Q = 4
myrank = 367 P = 5 Q = 1
myrank = 301 P = 2 Q = 2
myrank = 900 P = 5 Q = 3
myrank = 943 P = 1 Q = 5
myrank = 843 P = 1 Q = 0
myrank = 293 P = 3 Q = 4
myrank = 919 P = 4 Q = 4
myrank = 233 P = 1 Q = 3
myrank = 1015 P = 0 Q = 3
myrank = 906 P = 2 Q = 1
myrank = 324 P = 1 Q = 4
myrank = 161 P = 5 Q = 3
myrank = 858 P = 4 Q = 1
myrank = 925 P = 5 Q = 5
myrank = 891 P = 2 Q = 1
myrank = 321 P = 4 Q = 3
myrank = 997 P = 1 Q = 5
myrank = 902 P = 3 Q = 3
myrank = 911 P = 2 Q = 5
myrank = 860 P = 0 Q = 0
myrank = 954 P = 3 Q = 2
myrank = 894 P = 1 Q = 5
myrank = 839 P = 2 Q = 5
myrank = 908 P = 4 Q = 4
myrank = 844 P = 2 Q = 0
myrank = 139 P = 0 Q = 5
myrank = 129 P = 0 Q = 0
myrank = 144 P = 1 Q = 2
myrank = 864 P = 2 Q = 1
myrank = 147 P = 5 Q = 0
myrank = 857 P = 1 Q = 0
myrank = 912 P = 0 Q = 5
myrank = 934 P = 1 Q = 1
myrank = 128 P = 0 Q = 5
myrank = 1014 P = 0 Q = 5
myrank = 922 P = 3 Q = 4
myrank = 134 P = 3 Q = 1
myrank = 963 P = 0 Q = 4
myrank = 614 P = 5 Q = 4
myrank = 136 P = 5 Q = 3
myrank = 915 P = 5 Q = 0
myrank = 470 P = 5 Q = 4
myrank = 133 P = 0 Q = 3
myrank = 998 P = 3 Q = 2
myrank = 135 P = 1 Q = 4
myrank = 613 P = 2 Q = 0
myrank = 647 P = 1 Q = 1
myrank = 918 P = 1 Q = 0
myrank = 892 P = 0 Q = 1
myrank = 608 P = 0 Q = 2
myrank = 851 P = 3 Q = 2
myrank = 469 P = 2 Q = 0
myrank = 917 P = 3 Q = 0
myrank = 838 P = 4 Q = 2
myrank = 852 P = 1 Q = 5
myrank = 907 P = 0 Q = 4
myrank = 889 P = 4 Q = 1
myrank = 292 P = 0 Q = 0
myrank = 612 P = 4 Q = 3
myrank = 435 P = 3 Q = 0
myrank = 168 P = 5 Q = 1
myrank = 842 P = 4 Q = 3
myrank = 370 P = 1 Q = 1
myrank = 927 P = 0 Q = 5
myrank = 890 P = 5 Q = 3
myrank = 999 P = 5 Q = 0
myrank = 131 P = 5 Q = 2
myrank = 893 P = 1 Q = 1
myrank = 841 P = 0 Q = 0
myrank = 863 P = 1 Q = 5
myrank = 594 P = 3 Q = 0
myrank = 148 P = 0 Q = 3
myrank = 432 P = 1 Q = 5
myrank = 935 P = 2 Q = 1
myrank = 610 P = 0 Q = 5
myrank = 527 P = 3 Q = 0
myrank = 853 P = 4 Q = 2
myrank = 364 P = 0 Q = 3
myrank = 595 P = 4 Q = 2
myrank = 865 P = 3 Q = 1
myrank = 845 P = 0 Q = 3
myrank = 335 P = 1 Q = 0
myrank = 596 P = 1 Q = 0
myrank = 895 P = 2 Q = 4
myrank = 146 P = 2 Q = 5
myrank = 932 P = 0 Q = 3
myrank = 473 P = 1 Q = 4
myrank = 1012 P = 1 Q = 5
myrank = 685 P = 5 Q = 0
myrank = 909 P = 4 Q = 2
myrank = 931 P = 5 Q = 1
myrank = 930 P = 5 Q = 3
myrank = 151 P = 2 Q = 4
myrank = 605 P = 4 Q = 4
myrank = 687 P = 3 Q = 4
myrank = 905 P = 5 Q = 1
myrank = 344 P = 0 Q = 5
myrank = 644 P = 5 Q = 4
myrank = 294 P = 4 Q = 3
myrank = 368 P = 3 Q = 3
myrank = 609 P = 5 Q = 3
myrank = 130 P = 4 Q = 3
myrank = 403 P = 5 Q = 5
myrank = 859 P = 5 Q = 0
myrank = 544 P = 4 Q = 1
myrank = 904 P = 1 Q = 1
myrank = 1008 P = 2 Q = 1
myrank = 862 P = 4 Q = 1
myrank = 916 P = 5 Q = 1
myrank = 152 P = 2 Q = 1
myrank = 546 P = 2 Q = 2
myrank = 861 P = 3 Q = 1
myrank = 346 P = 1 Q = 3
myrank = 883 P = 0 Q = 0
myrank = 913 P = 1 Q = 5
myrank = 837 P = 4 Q = 4
myrank = 582 P = 2 Q = 3
myrank = 910 P = 5 Q = 2
myrank = 467 P = 3 Q = 4
myrank = 549 P = 1 Q = 5
myrank = 882 P = 1 Q = 2
myrank = 371 P = 4 Q = 2
myrank = 684 P = 1 Q = 0
myrank = 881 P = 5 Q = 5
myrank = 611 P = 3 Q = 3
myrank = 332 P = 2 Q = 2
myrank = 524 P = 4 Q = 0
myrank = 366 P = 4 Q = 1
myrank = 691 P = 0 Q = 1
myrank = 646 P = 3 Q = 5
myrank = 303 P = 0 Q = 3
myrank = 474 P = 5 Q = 4
myrank = 607 P = 4 Q = 5
myrank = 171 P = 4 Q = 2
myrank = 1011 P = 1 Q = 1
myrank = 996 P = 2 Q = 4
myrank = 407 P = 1 Q = 0
myrank = 878 P = 1 Q = 5
myrank = 333 P = 4 Q = 2
myrank = 140 P = 4 Q = 5
myrank = 149 P = 4 Q = 0
myrank = 941 P = 4 Q = 0
myrank = 869 P = 2 Q = 5
myrank = 873 P = 1 Q = 1
myrank = 880 P = 3 Q = 1
myrank = 234 P = 5 Q = 3
myrank = 427 P = 4 Q = 4
myrank = 334 P = 0 Q = 3
myrank = 711 P = 3 Q = 5
myrank = 710 P = 5 Q = 3
myrank = 645 P = 3 Q = 4
myrank = 854 P = 2 Q = 5
myrank = 592 P = 5 Q = 2
myrank = 404 P = 5 Q = 3
myrank = 689 P = 1 Q = 2
myrank = 840 P = 0 Q = 5
myrank = 875 P = 0 Q = 3
myrank = 339 P = 0 Q = 4
myrank = 887 P = 4 Q = 3
myrank = 572 P = 5 Q = 1
myrank = 589 P = 0 Q = 5
myrank = 141 P = 2 Q = 1
myrank = 472 P = 3 Q = 2
myrank = 599 P = 0 Q = 4
myrank = 406 P = 1 Q = 2
myrank = 855 P = 0 Q = 5
myrank = 868 P = 4 Q = 3
myrank = 145 P = 1 Q = 0
myrank = 690 P = 2 Q = 1
myrank = 137 P = 2 Q = 4
myrank = 872 P = 1 Q = 0
myrank = 940 P = 2 Q = 2
myrank = 581 P = 4 Q = 3
myrank = 431 P = 1 Q = 1
myrank = 155 P = 1 Q = 5
myrank = 575 P = 4 Q = 4
myrank = 579 P = 3 Q = 5
myrank = 874 P = 5 Q = 0
myrank = 591 P = 4 Q = 5
myrank = 933 P = 4 Q = 3
myrank = 928 P = 4 Q = 2
myrank = 433 P = 2 Q = 5
myrank = 352 P = 2 Q = 0
myrank = 365 P = 1 Q = 3
myrank = 654 P = 5 Q = 3
myrank = 475 P = 5 Q = 5
myrank = 345 P = 1 Q = 5
myrank = 733 P = 3 Q = 1
myrank = 576 P = 4 Q = 2
myrank = 583 P = 5 Q = 4
myrank = 590 P = 1 Q = 1
myrank = 400 P = 0 Q = 4
myrank = 543 P = 3 Q = 4
myrank = 942 P = 5 Q = 0
myrank = 405 P = 0 Q = 2
myrank = 235 P = 5 Q = 4
myrank = 154 P = 4 Q = 1
myrank = 747 P = 5 Q = 5
myrank = 535 P = 1 Q = 3
myrank = 1017 P = 1 Q = 0
myrank = 491 P = 0 Q = 2
myrank = 667 P = 3 Q = 3
myrank = 338 P = 0 Q = 3
myrank = 331 P = 1 Q = 2
myrank = 551 P = 4 Q = 0
myrank = 153 P = 3 Q = 1
myrank = 1004 P = 0 Q = 3
myrank = 606 P = 3 Q = 5
myrank = 603 P = 3 Q = 1
myrank = 573 P = 5 Q = 2
myrank = 695 P = 5 Q = 2
myrank = 734 P = 1 Q = 1
myrank = 655 P = 3 Q = 3
myrank = 604 P = 5 Q = 5
myrank = 727 P = 5 Q = 0
myrank = 836 P = 0 Q = 5
myrank = 588 P = 2 Q = 2
myrank = 1018 P = 2 Q = 3
myrank = 1006 P = 1 Q = 0
myrank = 577 P = 5 Q = 5
myrank = 328 P = 4 Q = 4
myrank = 434 P = 0 Q = 5
myrank = 358 P = 0 Q = 4
myrank = 657 P = 4 Q = 1
myrank = 947 P = 5 Q = 1
myrank = 659 P = 1 Q = 4
myrank = 735 P = 4 Q = 2
myrank = 330 P = 5 Q = 5
myrank = 357 P = 2 Q = 1
myrank = 359 P = 3 Q = 5
myrank = 429 P = 0 Q = 4
myrank = 574 P = 0 Q = 4
myrank = 884 P = 2 Q = 3
myrank = 563 P = 5 Q = 5
myrank = 525 P = 1 Q = 4
myrank = 1000 P = 3 Q = 3
myrank = 401 P = 4 Q = 1
myrank = 410 P = 0 Q = 0
myrank = 600 P = 1 Q = 0
myrank = 885 P = 0 Q = 5
myrank = 479 P = 2 Q = 5
myrank = 560 P = 4 Q = 1
myrank = 1016 P = 1 Q = 3
myrank = 664 P = 1 Q = 2
myrank = 886 P = 5 Q = 0
myrank = 315 P = 2 Q = 4
myrank = 411 P = 1 Q = 3
myrank = 666 P = 4 Q = 2
myrank = 692 P = 3 Q = 5
myrank = 381 P = 5 Q = 3
myrank = 914 P = 4 Q = 3
myrank = 929 P = 4 Q = 3
myrank = 724 P = 5 Q = 5
myrank = 656 P = 2 Q = 1
myrank = 313 P = 3 Q = 5
myrank = 170 P = 3 Q = 5
myrank = 464 P = 2 Q = 2
myrank = 425 P = 3 Q = 1
myrank = 369 P = 3 Q = 4
myrank = 547 P = 0 Q = 4
myrank = 597 P = 5 Q = 0
myrank = 424 P = 2 Q = 4
myrank = 946 P = 3 Q = 3
myrank = 871 P = 0 Q = 3
myrank = 686 P = 3 Q = 0
myrank = 203 P = 5 Q = 3
myrank = 409 P = 5 Q = 4
myrank = 723 P = 0 Q = 5
myrank = 466 P = 0 Q = 3
myrank = 202 P = 2 Q = 5
myrank = 273 P = 3 Q = 2
myrank = 542 P = 0 Q = 0
myrank = 601 P = 4 Q = 4
myrank = 554 P = 0 Q = 3
myrank = 507 P = 3 Q = 2
myrank = 347 P = 5 Q = 5
myrank = 408 P = 5 Q = 3
myrank = 688 P = 4 Q = 4
myrank = 143 P = 0 Q = 5
myrank = 200 P = 3 Q = 5
myrank = 232 P = 4 Q = 5
myrank = 336 P = 4 Q = 1
myrank = 239 P = 2 Q = 1
myrank = 578 P = 5 Q = 3
myrank = 1009 P = 3 Q = 4
myrank = 658 P = 5 Q = 0
myrank = 550 P = 5 Q = 2
myrank = 488 P = 4 Q = 5
myrank = 732 P = 5 Q = 1
myrank = 526 P = 2 Q = 0
myrank = 533 P = 3 Q = 2
myrank = 329 P = 3 Q = 5
myrank = 1005 P = 3 Q = 4
myrank = 991 P = 5 Q = 3
myrank = 562 P = 2 Q = 5
myrank = 571 P = 1 Q = 4
myrank = 532 P = 0 Q = 4
myrank = 598 P = 5 Q = 1
myrank = 380 P = 1 Q = 3
myrank = 570 P = 1 Q = 0
myrank = 522 P = 0 Q = 2
myrank = 186 P = 1 Q = 2
myrank = 743 P = 3 Q = 3
myrank = 665 P = 5 Q = 2
myrank = 870 P = 3 Q = 5
myrank = 1010 P = 3 Q = 5
myrank = 1007 P = 4 Q = 1
myrank = 436 P = 4 Q = 2
myrank = 437 P = 3 Q = 0
myrank = 561 P = 1 Q = 5
myrank = 185 P = 0 Q = 5
myrank = 580 P = 4 Q = 2
myrank = 355 P = 1 Q = 4
myrank = 272 P = 4 Q = 2
myrank = 312 P = 3 Q = 1
myrank = 944 P = 3 Q = 3
myrank = 237 P = 4 Q = 0
myrank = 708 P = 4 Q = 2
myrank = 1019 P = 3 Q = 0
myrank = 314 P = 1 Q = 2
myrank = 739 P = 1 Q = 2
myrank = 602 P = 5 Q = 4
myrank = 709 P = 1 Q = 0
myrank = 566 P = 4 Q = 0
myrank = 201 P = 1 Q = 2
myrank = 1002 P = 1 Q = 3
myrank = 379 P = 2 Q = 3
myrank = 553 P = 5 Q = 3
myrank = 353 P = 3 Q = 3
myrank = 552 P = 0 Q = 5
myrank = 489 P = 5 Q = 1
myrank = 343 P = 3 Q = 4
myrank = 988 P = 0 Q = 3
myrank = 523 P = 0 Q = 0
myrank = 565 P = 1 Q = 5
myrank = 945 P = 4 Q = 0
myrank = 274 P = 4 Q = 2
myrank = 1001 P = 4 Q = 2
myrank = 430 P = 0 Q = 5
myrank = 402 P = 1 Q = 5
myrank = 382 P = 1 Q = 1
myrank = 342 P = 2 Q = 4
myrank = 176 P = 4 Q = 0
myrank = 337 P = 5 Q = 3
myrank = 555 P = 5 Q = 3
myrank = 534 P = 4 Q = 5
myrank = 521 P = 2 Q = 2
myrank = 650 P = 3 Q = 5
myrank = 541 P = 2 Q = 4
myrank = 652 P = 1 Q = 0
myrank = 568 P = 2 Q = 1
myrank = 218 P = 1 Q = 3
myrank = 567 P = 2 Q = 3
myrank = 142 P = 2 Q = 5
myrank = 520 P = 4 Q = 0
myrank = 651 P = 0 Q = 3
myrank = 340 P = 1 Q = 4
myrank = 438 P = 5 Q = 3
myrank = 548 P = 5 Q = 2
myrank = 439 P = 0 Q = 3
myrank = 284 P = 1 Q = 1
myrank = 428 P = 2 Q = 4
myrank = 648 P = 5 Q = 1
myrank = 354 P = 0 Q = 1
myrank = 363 P = 0 Q = 2
myrank = 236 P = 3 Q = 0
myrank = 693 P = 1 Q = 5
myrank = 649 P = 2 Q = 2
myrank = 726 P = 5 Q = 3
myrank = 1003 P = 2 Q = 0
myrank = 569 P = 3 Q = 3
myrank = 990 P = 1 Q = 3
myrank = 653 P = 2 Q = 2
myrank = 678 P = 4 Q = 5
myrank = 540 P = 4 Q = 4
myrank = 505 P = 1 Q = 2
myrank = 746 P = 5 Q = 4
myrank = 677 P = 0 Q = 5
myrank = 490 P = 1 Q = 2
myrank = 465 P = 2 Q = 0
myrank = 179 P = 0 Q = 0
myrank = 712 P = 0 Q = 0
myrank = 624 P = 2 Q = 3
myrank = 694 P = 1 Q = 0
myrank = 740 P = 4 Q = 3
myrank = 383 P = 0 Q = 4
myrank = 388 P = 5 Q = 2
myrank = 219 P = 2 Q = 3
myrank = 455 P = 5 Q = 1
myrank = 283 P = 0 Q = 5
myrank = 282 P = 3 Q = 1
myrank = 642 P = 1 Q = 3
myrank = 989 P = 3 Q = 4
myrank = 285 P = 5 Q = 4
myrank = 362 P = 5 Q = 0
myrank = 504 P = 1 Q = 2
myrank = 291 P = 2 Q = 3
myrank = 216 P = 3 Q = 2
myrank = 391 P = 4 Q = 5
myrank = 835 P = 4 Q = 1
myrank = 674 P = 4 Q = 4
myrank = 240 P = 2 Q = 5
myrank = 463 P = 4 Q = 5
myrank = 177 P = 1 Q = 4
myrank = 248 P = 4 Q = 3
myrank = 156 P = 2 Q = 5
myrank = 377 P = 5 Q = 0
myrank = 157 P = 4 Q = 2
myrank = 287 P = 0 Q = 2
myrank = 275 P = 3 Q = 5
myrank = 356 P = 4 Q = 5
myrank = 281 P = 2 Q = 4
myrank = 696 P = 3 Q = 5
myrank = 184 P = 0 Q = 1
myrank = 178 P = 5 Q = 3
myrank = 500 P = 4 Q = 1
myrank = 238 P = 1 Q = 1
myrank = 744 P = 4 Q = 0
myrank = 187 P = 4 Q = 0
myrank = 360 P = 4 Q = 2
myrank = 245 P = 2 Q = 0
myrank = 288 P = 0 Q = 0
myrank = 834 P = 2 Q = 4
myrank = 636 P = 3 Q = 3
myrank = 182 P = 1 Q = 5
myrank = 286 P = 2 Q = 2
myrank = 832 P = 5 Q = 3
myrank = 387 P = 1 Q = 5
myrank = 271 P = 5 Q = 5
myrank = 715 P = 2 Q = 4
myrank = 731 P = 2 Q = 1
myrank = 697 P = 0 Q = 3
myrank = 308 P = 0 Q = 1
myrank = 174 P = 0 Q = 5
myrank = 670 P = 5 Q = 0
myrank = 351 P = 4 Q = 4
myrank = 641 P = 3 Q = 1
myrank = 637 P = 4 Q = 2
myrank = 638 P = 5 Q = 2
myrank = 980 P = 4 Q = 1
myrank = 640 P = 3 Q = 3
myrank = 378 P = 0 Q = 2
myrank = 515 P = 4 Q = 2
myrank = 423 P = 2 Q = 3
myrank = 376 P = 2 Q = 5
myrank = 419 P = 5 Q = 0
myrank = 386 P = 5 Q = 4
myrank = 350 P = 1 Q = 3
myrank = 268 P = 0 Q = 4
myrank = 630 P = 3 Q = 1
myrank = 713 P = 4 Q = 3
myrank = 269 P = 5 Q = 4
myrank = 730 P = 4 Q = 1
myrank = 217 P = 2 Q = 2
myrank = 639 P = 5 Q = 3
myrank = 361 P = 1 Q = 0
myrank = 714 P = 3 Q = 1
myrank = 251 P = 3 Q = 1
myrank = 728 P = 0 Q = 0
myrank = 461 P = 3 Q = 5
myrank = 175 P = 3 Q = 0
myrank = 671 P = 3 Q = 3
myrank = 289 P = 4 Q = 5
myrank = 477 P = 3 Q = 0
myrank = 159 P = 4 Q = 5
myrank = 538 P = 0 Q = 3
myrank = 537 P = 0 Q = 5
myrank = 707 P = 0 Q = 5
myrank = 699 P = 4 Q = 4
myrank = 158 P = 0 Q = 2
myrank = 643 P = 2 Q = 0
myrank = 290 P = 2 Q = 2
myrank = 476 P = 3 Q = 5
myrank = 668 P = 4 Q = 2
myrank = 633 P = 5 Q = 4
myrank = 503 P = 3 Q = 5
myrank = 679 P = 1 Q = 5
myrank = 631 P = 0 Q = 2
myrank = 280 P = 5 Q = 3
myrank = 341 P = 1 Q = 2
myrank = 628 P = 2 Q = 3
myrank = 422 P = 4 Q = 3
myrank = 736 P = 5 Q = 2
myrank = 675 P = 2 Q = 1
myrank = 478 P = 1 Q = 0
myrank = 452 P = 3 Q = 3
myrank = 629 P = 2 Q = 4
myrank = 259 P = 5 Q = 5
myrank = 263 P = 4 Q = 3
myrank = 514 P = 1 Q = 1
myrank = 349 P = 0 Q = 0
myrank = 705 P = 2 Q = 4
myrank = 673 P = 1 Q = 1
myrank = 627 P = 1 Q = 3
myrank = 625 P = 0 Q = 0
myrank = 539 P = 1 Q = 3
myrank = 384 P = 2 Q = 1
myrank = 626 P = 3 Q = 0
myrank = 536 P = 5 Q = 3
myrank = 390 P = 0 Q = 2
myrank = 513 P = 3 Q = 4
myrank = 420 P = 3 Q = 0
myrank = 511 P = 2 Q = 3
myrank = 706 P = 0 Q = 1
myrank = 247 P = 1 Q = 2
myrank = 458 P = 1 Q = 4
myrank = 669 P = 4 Q = 0
myrank = 462 P = 3 Q = 3
myrank = 506 P = 5 Q = 5
myrank = 460 P = 5 Q = 5
myrank = 250 P = 2 Q = 4
myrank = 311 P = 2 Q = 1
myrank = 264 P = 5 Q = 3
myrank = 183 P = 2 Q = 1
myrank = 389 P = 5 Q = 2
myrank = 252 P = 4 Q = 3
myrank = 426 P = 4 Q = 3
myrank = 307 P = 0 Q = 0
myrank = 265 P = 3 Q = 3
myrank = 348 P = 0 Q = 5
myrank = 983 P = 0 Q = 5
myrank = 564 P = 0 Q = 2
myrank = 305 P = 5 Q = 2
myrank = 635 P = 3 Q = 5
myrank = 417 P = 1 Q = 5
myrank = 512 P = 0 Q = 0
myrank = 632 P = 1 Q = 4
myrank = 833 P = 1 Q = 1
myrank = 166 P = 4 Q = 1
myrank = 981 P = 2 Q = 1
myrank = 418 P = 2 Q = 2
myrank = 249 P = 2 Q = 3
myrank = 995 P = 0 Q = 1
myrank = 180 P = 0 Q = 1
myrank = 373 P = 3 Q = 4
myrank = 299 P = 1 Q = 4
myrank = 181 P = 1 Q = 4
myrank = 738 P = 3 Q = 5
myrank = 519 P = 4 Q = 5
myrank = 456 P = 3 Q = 1
myrank = 698 P = 1 Q = 3
myrank = 994 P = 5 Q = 2
myrank = 485 P = 5 Q = 1
myrank = 416 P = 1 Q = 1
myrank = 199 P = 3 Q = 4
myrank = 164 P = 4 Q = 3
myrank = 517 P = 3 Q = 4
myrank = 267 P = 1 Q = 1
myrank = 304 P = 4 Q = 3
myrank = 454 P = 5 Q = 3
myrank = 482 P = 0 Q = 4
myrank = 992 P = 4 Q = 4
myrank = 222 P = 4 Q = 3
myrank = 244 P = 2 Q = 5
myrank = 486 P = 3 Q = 4
myrank = 676 P = 0 Q = 1
myrank = 672 P = 0 Q = 1
myrank = 256 P = 0 Q = 2
myrank = 508 P = 0 Q = 0
myrank = 172 P = 1 Q = 3
myrank = 510 P = 4 Q = 1
myrank = 310 P = 2 Q = 0
myrank = 375 P = 1 Q = 5
myrank = 421 P = 4 Q = 5
myrank = 716 P = 3 Q = 0
myrank = 246 P = 3 Q = 3
myrank = 242 P = 4 Q = 1
myrank = 309 P = 1 Q = 1
myrank = 487 P = 1 Q = 1
myrank = 518 P = 3 Q = 5
myrank = 722 P = 5 Q = 5
myrank = 231 P = 0 Q = 2
myrank = 173 P = 5 Q = 5
myrank = 253 P = 4 Q = 1
myrank = 742 P = 2 Q = 4
myrank = 258 P = 1 Q = 2
myrank = 221 P = 0 Q = 0
myrank = 385 P = 0 Q = 1
myrank = 634 P = 2 Q = 2
myrank = 704 P = 4 Q = 5
myrank = 165 P = 3 Q = 4
myrank = 255 P = 2 Q = 2
myrank = 499 P = 4 Q = 4
myrank = 196 P = 1 Q = 1
myrank = 209 P = 3 Q = 4
myrank = 484 P = 2 Q = 0
myrank = 459 P = 2 Q = 1
myrank = 270 P = 3 Q = 1
myrank = 982 P = 5 Q = 2
myrank = 198 P = 2 Q = 2
myrank = 254 P = 2 Q = 4
myrank = 306 P = 2 Q = 3
myrank = 497 P = 4 Q = 0
myrank = 228 P = 1 Q = 5
myrank = 257 P = 1 Q = 4
myrank = 261 P = 0 Q = 0
myrank = 993 P = 0 Q = 1
myrank = 481 P = 0 Q = 0
myrank = 243 P = 1 Q = 2
myrank = 453 P = 4 Q = 0
myrank = 167 P = 1 Q = 2
myrank = 372 P = 5 Q = 5
myrank = 374 P = 0 Q = 5
myrank = 719 P = 5 Q = 1
myrank = 480 P = 2 Q = 0
myrank = 230 P = 2 Q = 3
myrank = 279 P = 4 Q = 0
myrank = 457 P = 0 Q = 2
myrank = 262 P = 1 Q = 2
myrank = 516 P = 2 Q = 1
myrank = 197 P = 4 Q = 5
myrank = 266 P = 0 Q = 1
myrank = 276 P = 2 Q = 3
myrank = 483 P = 4 Q = 4
myrank = 260 P = 3 Q = 2
myrank = 211 P = 1 Q = 1
myrank = 241 P = 3 Q = 1
myrank = 229 P = 5 Q = 5
myrank = 718 P = 4 Q = 4
myrank = 296 P = 5 Q = 1
myrank = 224 P = 5 Q = 1
myrank = 297 P = 3 Q = 1
myrank = 227 P = 1 Q = 1
myrank = 208 P = 5 Q = 1
myrank = 226 P = 0 Q = 1
myrank = 720 P = 4 Q = 2
myrank = 223 P = 4 Q = 1
myrank = 298 P = 3 Q = 2
myrank = 210 P = 5 Q = 1
myrank = 277 P = 3 Q = 0
myrank = 496 P = 2 Q = 3
myrank = 220 P = 2 Q = 3
myrank = 278 P = 0 Q = 4
myrank = 501 P = 2 Q = 4
myrank = 225 P = 5 Q = 2
myrank = 717 P = 5 Q = 4
myrank = 502 P = 3 Q = 1
myrank = 498 P = 0 Q = 1
myrank = 169 P = 3 Q = 4
myrank = 745 P = 1 Q = 4
myrank = 725 P = 1 Q = 3
myrank = 721 P = 2 Q = 1
myrank = 741 P = 2 Q = 3
myrank = 509 P = 0 Q = 1
myrank = 729 P = 5 Q = 0
myrank = 737 P = 5 Q = 5
*******************************
dgemm_time	36.307247
conv_transfer_time	0.000000
conv_calculate_time	5033.214844
elastic_calculate_time	5033.262695
Allen_Cahn_nonlinear_time	5089.969238
Cahn_Hilliard_nonlinear_time	0.012000
trans_time	586.424438
trans_Memcpy_time	25.721399
trans_MPI_time	555.898743
trans_pack_time	0.395688
trans_enlarge_time	1.202426
trans_mu_time	0.422886
trans_unpack_time	2.222772
updateU_new_time	1.439393
runtime	5.720205
--------------------------------------------------!
***************dt=2.000000***************
***************flag=0***************
--------------------------------------------------!
time		0.000000
wall time	2.133014
*******************************
dgemm_time	35.094257
conv_transfer_time	0.000000
conv_calculate_time	1807.413574
elastic_calculate_time	1807.449463
Allen_Cahn_nonlinear_time	1870.904297
Cahn_Hilliard_nonlinear_time	0.012480
trans_time	27.331259
trans_Memcpy_time	13.117585
trans_MPI_time	10.253838
trans_pack_time	0.327367
trans_enlarge_time	0.588812
trans_mu_time	0.412006
trans_unpack_time	2.175890
updateU_new_time	1.428033
runtime	1.936383
--------------------------------------------------!
***************dt=2.000000***************
***************flag=0***************
--------------------------------------------------!
time		0.000000
wall time	7.860813
*******************************
dgemm_time	35.085136
conv_transfer_time	0.000000
conv_calculate_time	1806.868774
elastic_calculate_time	1806.905396
Allen_Cahn_nonlinear_time	1870.885132
Cahn_Hilliard_nonlinear_time	0.012160
trans_time	26.953279
trans_Memcpy_time	13.038863
trans_MPI_time	9.984712
trans_pack_time	0.321607
trans_enlarge_time	0.589452
trans_mu_time	0.412966
trans_unpack_time	2.156690
updateU_new_time	1.431393
runtime	1.935837
--------------------------------------------------!
***************dt=2.000000***************
***************flag=0***************
--------------------------------------------------!
time		0.000000
wall time	9.804898
*******************************
dgemm_time	35.042732
conv_transfer_time	0.000000
conv_calculate_time	1809.683838
elastic_calculate_time	1809.721191
Allen_Cahn_nonlinear_time	1873.031006
Cahn_Hilliard_nonlinear_time	0.012480
trans_time	26.951649
trans_Memcpy_time	13.075022
trans_MPI_time	9.958791
trans_pack_time	0.329127
trans_enlarge_time	0.601292
trans_mu_time	0.410886
trans_unpack_time	2.125489
updateU_new_time	1.427553
runtime	1.938164
--------------------------------------------------!
***************dt=2.000000***************
***************flag=0***************
--------------------------------------------------!
time		0.000000
wall time	11.748323
*******************************
dgemm_time	35.059055
conv_transfer_time	0.000000
conv_calculate_time	1808.758911
elastic_calculate_time	1808.796021
Allen_Cahn_nonlinear_time	1870.269653
Cahn_Hilliard_nonlinear_time	0.011840
trans_time	26.478237
trans_Memcpy_time	13.046701
trans_MPI_time	9.521660
trans_pack_time	0.321287
trans_enlarge_time	0.590892
trans_mu_time	0.412646
trans_unpack_time	2.133489
updateU_new_time	1.429473
runtime	1.934835
--------------------------------------------------!
***************dt=2.000000***************
***************flag=0***************
--------------------------------------------------!
time		0.000000
wall time	13.694103
*******************************
dgemm_time	35.106739
conv_transfer_time	0.000000
conv_calculate_time	1809.785400
elastic_calculate_time	1809.824707
Allen_Cahn_nonlinear_time	1872.047241
Cahn_Hilliard_nonlinear_time	0.012480
trans_time	25.832830
trans_Memcpy_time	13.050061
trans_MPI_time	8.877966
trans_pack_time	0.320967
trans_enlarge_time	0.588812
trans_mu_time	0.411686
trans_unpack_time	2.130449
updateU_new_time	1.435073
runtime	1.937011
--------------------------------------------------!
***************dt=2.000000***************
***************flag=0***************
--------------------------------------------------!
time		0.000000
wall time	15.636523
*******************************
dgemm_time	35.047375
conv_transfer_time	0.000000
conv_calculate_time	1808.927612
elastic_calculate_time	1808.963989
Allen_Cahn_nonlinear_time	1875.658081
Cahn_Hilliard_nonlinear_time	0.012480
trans_time	26.750114
trans_Memcpy_time	13.069903
trans_MPI_time	9.708225
trans_pack_time	0.316007
trans_enlarge_time	0.590732
trans_mu_time	0.412646
trans_unpack_time	2.139410
updateU_new_time	1.428513
runtime	1.940868
--------------------------------------------------!
***************dt=2.000000***************
***************flag=0***************
--------------------------------------------------!
time		0.000000
wall time	17.581133
*******************************
dgemm_time	35.097618
conv_transfer_time	0.000000
conv_calculate_time	1804.877319
elastic_calculate_time	1804.915649
Allen_Cahn_nonlinear_time	1871.210571
Cahn_Hilliard_nonlinear_time	0.011840
trans_time	26.482376
trans_Memcpy_time	13.060143
trans_MPI_time	9.522940
trans_pack_time	0.317127
trans_enlarge_time	0.589292
trans_mu_time	0.411366
trans_unpack_time	2.130129
updateU_new_time	1.430433
runtime	1.942217
--------------------------------------------------!
***************dt=2.000000***************
***************flag=0***************
--------------------------------------------------!
time		0.000000
wall time	19.529657
*******************************
dgemm_time	35.046253
conv_transfer_time	0.000000
conv_calculate_time	1808.449341
elastic_calculate_time	1808.486694
Allen_Cahn_nonlinear_time	1874.741211
Cahn_Hilliard_nonlinear_time	0.012480
trans_time	27.246386
trans_Memcpy_time	13.053102
trans_MPI_time	10.273357
trans_pack_time	0.332007
trans_enlarge_time	0.592652
trans_mu_time	0.410086
trans_unpack_time	2.133809
updateU_new_time	1.428673
runtime	1.940083
--------------------------------------------------!
***************dt=2.000000***************
***************flag=0***************
--------------------------------------------------!
time		0.000000
wall time	21.479443
*******************************
dgemm_time	35.053932
conv_transfer_time	0.000000
conv_calculate_time	1802.927124
elastic_calculate_time	1802.962646
Allen_Cahn_nonlinear_time	1873.102051
Cahn_Hilliard_nonlinear_time	0.012160
trans_time	26.835304
trans_Memcpy_time	13.044943
trans_MPI_time	9.879428
trans_pack_time	0.323047
trans_enlarge_time	0.589292
trans_mu_time	0.411846
trans_unpack_time	2.135889
updateU_new_time	1.428193
runtime	1.937724
--------------------------------------------------!
***************dt=2.000000***************
***************flag=0***************
--------------------------------------------------!
time		0.000000
wall time	23.427079
*******************************
dgemm_time	35.085773
conv_transfer_time	0.000000
conv_calculate_time	1804.247925
elastic_calculate_time	1804.286499
Allen_Cahn_nonlinear_time	1871.057251
Cahn_Hilliard_nonlinear_time	0.012000
trans_time	26.897615
trans_Memcpy_time	13.087982
trans_MPI_time	9.895269
trans_pack_time	0.321447
trans_enlarge_time	0.601132
trans_mu_time	0.409286
trans_unpack_time	2.133169
updateU_new_time	1.441313
runtime	1.939666
--------------------------------------------------!
***************dt=2.000000***************
***************flag=0***************
--------------------------------------------------!
time		0.000000
wall time	25.372380
*******************************
dgemm_time	35.093773
conv_transfer_time	0.000000
conv_calculate_time	1808.172974
elastic_calculate_time	1808.208740
Allen_Cahn_nonlinear_time	1870.110718
Cahn_Hilliard_nonlinear_time	0.012000
trans_time	26.668751
trans_Memcpy_time	13.069902
trans_MPI_time	9.688703
trans_pack_time	0.320167
trans_enlarge_time	0.590412
trans_mu_time	0.414406
trans_unpack_time	2.128209
updateU_new_time	1.431393
runtime	1.935283
--------------------------------------------------!
***************dt=2.000000***************
***************flag=0***************
--------------------------------------------------!
time		0.000000
wall time	27.319623
*******************************
dgemm_time	35.085613
conv_transfer_time	0.000000
conv_calculate_time	1808.461792
elastic_calculate_time	1808.502197
Allen_Cahn_nonlinear_time	1870.775024
Cahn_Hilliard_nonlinear_time	0.012640
trans_time	26.466927
trans_Memcpy_time	13.037260
trans_MPI_time	9.515580
trans_pack_time	0.322567
trans_enlarge_time	0.586732
trans_mu_time	0.412006
trans_unpack_time	2.141809
updateU_new_time	1.428833
runtime	1.935650
--------------------------------------------------!
***************dt=2.000000***************
***************flag=0***************
--------------------------------------------------!
time		0.000000
wall time	29.262460
*******************************
dgemm_time	35.071533
conv_transfer_time	0.000000
conv_calculate_time	1807.119019
elastic_calculate_time	1807.158325
Allen_Cahn_nonlinear_time	1869.861084
Cahn_Hilliard_nonlinear_time	0.011840
trans_time	27.041178
trans_Memcpy_time	13.102062
trans_MPI_time	10.030471
trans_pack_time	0.320967
trans_enlarge_time	0.588972
trans_mu_time	0.411686
trans_unpack_time	2.137649
updateU_new_time	1.428513
runtime	1.935389
--------------------------------------------------!
***************dt=2.000000***************
***************flag=0***************
--------------------------------------------------!
time		0.000000
wall time	31.205666
*******************************
dgemm_time	35.083855
conv_transfer_time	0.000000
conv_calculate_time	1803.164429
elastic_calculate_time	1803.200684
Allen_Cahn_nonlinear_time	1868.099365
Cahn_Hilliard_nonlinear_time	0.012480
trans_time	27.077089
trans_Memcpy_time	13.038542
trans_MPI_time	10.122953
trans_pack_time	0.327047
trans_enlarge_time	0.584652
trans_mu_time	0.412326
trans_unpack_time	2.132049
updateU_new_time	1.429793
runtime	1.938880
--------------------------------------------------!
***************dt=2.000000***************
***************flag=0***************
--------------------------------------------------!
time		0.000000
wall time	33.148619
*******************************
dgemm_time	35.057613
conv_transfer_time	0.000000
conv_calculate_time	1805.956055
elastic_calculate_time	1805.992065
Allen_Cahn_nonlinear_time	1869.948242
Cahn_Hilliard_nonlinear_time	0.012800
trans_time	27.301224
trans_Memcpy_time	13.046540
trans_MPI_time	10.334959
trans_pack_time	0.322727
trans_enlarge_time	0.587532
trans_mu_time	0.413286
trans_unpack_time	2.141649
updateU_new_time	1.440993
runtime	1.935865
--------------------------------------------------!
***************dt=2.000000***************
***************flag=0***************
--------------------------------------------------!
time		0.000000
wall time	35.095098
*******************************
dgemm_time	35.089455
conv_transfer_time	0.000000
conv_calculate_time	1807.753662
elastic_calculate_time	1807.791748
Allen_Cahn_nonlinear_time	1870.516968
Cahn_Hilliard_nonlinear_time	0.012640
trans_time	26.621420
trans_Memcpy_time	13.049582
trans_MPI_time	9.659264
trans_pack_time	0.318727
trans_enlarge_time	0.590252
trans_mu_time	0.411686
trans_unpack_time	2.140529
updateU_new_time	1.429633
runtime	1.935935
--------------------------------------------------!
***************dt=2.000000***************
***************flag=0***************
--------------------------------------------------!
time		0.000000
wall time	37.038516
*******************************
dgemm_time	35.080654
conv_transfer_time	0.000000
conv_calculate_time	1810.161255
elastic_calculate_time	1810.197021
Allen_Cahn_nonlinear_time	1873.195923
Cahn_Hilliard_nonlinear_time	0.012000
trans_time	26.977837
trans_Memcpy_time	13.070862
trans_MPI_time	9.991112
trans_pack_time	0.319527
trans_enlarge_time	0.590092
trans_mu_time	0.414246
trans_unpack_time	2.141969
updateU_new_time	1.428193
runtime	1.938844
--------------------------------------------------!
***************dt=2.000000***************
***************flag=0***************
--------------------------------------------------!
time		0.000000
wall time	38.982026
*******************************
dgemm_time	35.041615
conv_transfer_time	0.000000
conv_calculate_time	1808.225830
elastic_calculate_time	1808.266846
Allen_Cahn_nonlinear_time	1870.994629
Cahn_Hilliard_nonlinear_time	0.012320
trans_time	26.949396
trans_Memcpy_time	13.043502
trans_MPI_time	10.004711
trans_pack_time	0.323527
trans_enlarge_time	0.582892
trans_mu_time	0.414726
trans_unpack_time	2.130449
updateU_new_time	1.427713
runtime	1.941479
--------------------------------------------------!
***************dt=2.000000***************
***************flag=0***************
--------------------------------------------------!
time		0.000000
wall time	40.928445
*******************************
dgemm_time	35.048492
conv_transfer_time	0.000000
conv_calculate_time	1808.108154
elastic_calculate_time	1808.143921
Allen_Cahn_nonlinear_time	1870.724243
Cahn_Hilliard_nonlinear_time	0.012000
trans_time	26.943115
trans_Memcpy_time	13.028140
trans_MPI_time	10.014631
trans_pack_time	0.324327
trans_enlarge_time	0.583852
trans_mu_time	0.412486
trans_unpack_time	2.129329
updateU_new_time	1.426753
runtime	1.937383
--------------------------------------------------!
***************dt=2.000000***************
***************flag=0***************
--------------------------------------------------!
time		0.000000
wall time	42.878699
*******************************
dgemm_time	35.076973
conv_transfer_time	0.000000
conv_calculate_time	1807.338379
elastic_calculate_time	1807.384399
Allen_Cahn_nonlinear_time	1875.898926
Cahn_Hilliard_nonlinear_time	0.012320
trans_time	27.153799
trans_Memcpy_time	13.020620
trans_MPI_time	10.213676
trans_pack_time	0.323687
trans_enlarge_time	0.587532
trans_mu_time	0.412166
trans_unpack_time	2.145809
updateU_new_time	1.434273
runtime	1.942605
--------------------------------------------------!
***************dt=2.000000***************
***************flag=0***************
--------------------------------------------------!
time		0.000000
wall time	44.823667
*******************************
dgemm_time	35.031052
conv_transfer_time	0.000000
conv_calculate_time	1808.524414
elastic_calculate_time	1808.562866
Allen_Cahn_nonlinear_time	1871.448364
Cahn_Hilliard_nonlinear_time	0.011840
trans_time	26.526108
trans_Memcpy_time	13.160785
trans_MPI_time	9.388537
trans_pack_time	0.329767
trans_enlarge_time	0.589452
trans_mu_time	0.414246
trans_unpack_time	2.133329
updateU_new_time	1.428033
runtime	1.937592
--------------------------------------------------!
***************dt=2.000000***************
***************flag=0***************
--------------------------------------------------!
time		0.000000
wall time	46.774082
*******************************
dgemm_time	35.071213
conv_transfer_time	0.000000
conv_calculate_time	1801.346802
elastic_calculate_time	1801.384888
Allen_Cahn_nonlinear_time	1869.348999
Cahn_Hilliard_nonlinear_time	0.012160
trans_time	27.285854
trans_Memcpy_time	13.054701
trans_MPI_time	10.301358
trans_pack_time	0.318247
trans_enlarge_time	0.600652
trans_mu_time	0.411046
trans_unpack_time	2.147249
updateU_new_time	1.426113
runtime	1.935012
--------------------------------------------------!
***************dt=2.000000***************
***************flag=0***************
--------------------------------------------------!
time		0.000000
wall time	48.719245
*******************************
dgemm_time	35.062572
conv_transfer_time	0.000000
conv_calculate_time	1808.101196
elastic_calculate_time	1808.137451
Allen_Cahn_nonlinear_time	1869.150513
Cahn_Hilliard_nonlinear_time	0.012000
trans_time	26.817823
trans_Memcpy_time	13.113264
trans_MPI_time	9.803905
trans_pack_time	0.323367
trans_enlarge_time	0.586572
trans_mu_time	0.412166
trans_unpack_time	2.130289
updateU_new_time	1.426913
runtime	1.934531
--------------------------------------------------!
***************dt=2.000000***************
***************flag=0***************
--------------------------------------------------!
time		0.000000
wall time	50.661900
*******************************
dgemm_time	35.070892
conv_transfer_time	0.000000
conv_calculate_time	1807.491211
elastic_calculate_time	1807.530273
Allen_Cahn_nonlinear_time	1869.822388
Cahn_Hilliard_nonlinear_time	0.012320
trans_time	26.909555
trans_Memcpy_time	13.043180
trans_MPI_time	9.945189
trans_pack_time	0.325607
trans_enlarge_time	0.588012
trans_mu_time	0.415366
trans_unpack_time	2.141489
updateU_new_time	1.425953
runtime	1.935357
--------------------------------------------------!
***************dt=2.000000***************
***************flag=0***************
--------------------------------------------------!
time		0.000000
wall time	52.604010
*******************************
dgemm_time	35.085766
conv_transfer_time	0.000000
conv_calculate_time	1808.335449
elastic_calculate_time	1808.371582
Allen_Cahn_nonlinear_time	1871.885742
Cahn_Hilliard_nonlinear_time	0.012160
trans_time	26.930332
trans_Memcpy_time	13.075021
trans_MPI_time	9.928389
trans_pack_time	0.325607
trans_enlarge_time	0.589772
trans_mu_time	0.422566
trans_unpack_time	2.137649
updateU_new_time	1.428673
runtime	1.937646
--------------------------------------------------!
***************dt=2.000000***************
***************flag=0***************
--------------------------------------------------!
time		0.000000
wall time	54.546941
*******************************
dgemm_time	35.068165
conv_transfer_time	0.000000
conv_calculate_time	1808.639282
elastic_calculate_time	1808.676880
Allen_Cahn_nonlinear_time	1870.273071
Cahn_Hilliard_nonlinear_time	0.011840
trans_time	26.538921
trans_Memcpy_time	13.193262
trans_MPI_time	9.428535
trans_pack_time	0.336487
trans_enlarge_time	0.586732
trans_mu_time	0.410886
trans_unpack_time	2.130609
updateU_new_time	1.426592
runtime	1.935280
--------------------------------------------------!
***************dt=2.000000***************
***************flag=0***************
--------------------------------------------------!
time		0.000000
wall time	56.492257
*******************************
dgemm_time	35.072960
conv_transfer_time	0.000000
conv_calculate_time	1806.003662
elastic_calculate_time	1806.038940
Allen_Cahn_nonlinear_time	1873.968140
Cahn_Hilliard_nonlinear_time	0.012000
trans_time	26.951998
trans_Memcpy_time	13.065257
trans_MPI_time	9.944067
trans_pack_time	0.324167
trans_enlarge_time	0.604652
trans_mu_time	0.413606
trans_unpack_time	2.148209
updateU_new_time	1.430432
runtime	1.938962
--------------------------------------------------!
***************dt=2.000000***************
***************flag=0***************
--------------------------------------------------!
time		0.000000
wall time	58.435131
*******************************
dgemm_time	35.072800
conv_transfer_time	0.000000
conv_calculate_time	1806.977051
elastic_calculate_time	1807.013672
Allen_Cahn_nonlinear_time	1870.671509
Cahn_Hilliard_nonlinear_time	0.012480
trans_time	26.742922
trans_Memcpy_time	13.050695
trans_MPI_time	9.784061
trans_pack_time	0.320647
trans_enlarge_time	0.593132
trans_mu_time	0.412326
trans_unpack_time	2.131888
updateU_new_time	1.428512
runtime	1.938192
--------------------------------------------------!
***************dt=2.000000***************
***************flag=0***************
--------------------------------------------------!
time		0.000000
wall time	60.381678
*******************************
dgemm_time	35.108475
conv_transfer_time	0.000000
conv_calculate_time	1807.943115
elastic_calculate_time	1807.981079
Allen_Cahn_nonlinear_time	1869.554321
Cahn_Hilliard_nonlinear_time	0.011840
trans_time	33.198757
trans_Memcpy_time	13.041734
trans_MPI_time	16.256371
trans_pack_time	0.320967
trans_enlarge_time	0.590252
trans_mu_time	0.412966
trans_unpack_time	2.127408
updateU_new_time	1.430112
runtime	1.941474
--------------------------------------------------!
***************dt=2.000000***************
***************flag=0***************
--------------------------------------------------!
time		0.000000
wall time	62.327409
*******************************
dgemm_time	35.056152
conv_transfer_time	0.000000
conv_calculate_time	1808.766724
elastic_calculate_time	1808.802856
Allen_Cahn_nonlinear_time	1872.109863
Cahn_Hilliard_nonlinear_time	0.012000
trans_time	26.969172
trans_Memcpy_time	13.045574
trans_MPI_time	10.006945
trans_pack_time	0.320487
trans_enlarge_time	0.587692
trans_mu_time	0.411046
trans_unpack_time	2.142128
updateU_new_time	1.427392
runtime	1.936677
--------------------------------------------------!
***************dt=2.000000***************
***************flag=0***************
--------------------------------------------------!
time		0.000000
wall time	64.276501
*******************************
dgemm_time	35.085110
conv_transfer_time	0.000000
conv_calculate_time	1807.212158
elastic_calculate_time	1807.249146
Allen_Cahn_nonlinear_time	1872.038452
Cahn_Hilliard_nonlinear_time	0.012480
trans_time	26.741695
trans_Memcpy_time	13.013253
trans_MPI_time	9.814140
trans_pack_time	0.327367
trans_enlarge_time	0.597132
trans_mu_time	0.415046
trans_unpack_time	2.123728
updateU_new_time	1.430112
runtime	1.936557
--------------------------------------------------!
***************dt=2.000000***************
***************flag=0***************
--------------------------------------------------!
time		0.000000
wall time	66.220721
*******************************
dgemm_time	35.095669
conv_transfer_time	0.000000
conv_calculate_time	1808.054077
elastic_calculate_time	1808.104858
Allen_Cahn_nonlinear_time	1870.071289
Cahn_Hilliard_nonlinear_time	0.012480
trans_time	26.650480
trans_Memcpy_time	13.079331
trans_MPI_time	9.640057
trans_pack_time	0.339847
trans_enlarge_time	0.593612
trans_mu_time	0.412006
trans_unpack_time	2.132368
updateU_new_time	1.426752
runtime	1.934552
--------------------------------------------------!
***************dt=2.000000***************
***************flag=0***************
--------------------------------------------------!
time		0.000000
wall time	68.164871
*******************************
dgemm_time	35.099686
conv_transfer_time	0.000000
conv_calculate_time	1805.554565
elastic_calculate_time	1805.592651
Allen_Cahn_nonlinear_time	1869.553833
Cahn_Hilliard_nonlinear_time	0.012320
trans_time	27.031267
trans_Memcpy_time	13.054372
trans_MPI_time	10.052065
trans_pack_time	0.320647
trans_enlarge_time	0.603212
trans_mu_time	0.412166
trans_unpack_time	2.134608
updateU_new_time	1.429460
runtime	1.934266
--------------------------------------------------!
***************dt=2.000000***************
***************flag=0***************
--------------------------------------------------!
time		0.000000
wall time	70.106947
*******************************
dgemm_time	35.081341
conv_transfer_time	0.000000
conv_calculate_time	1806.120605
elastic_calculate_time	1806.157715
Allen_Cahn_nonlinear_time	1868.461914
Cahn_Hilliard_nonlinear_time	0.012000
trans_time	27.046341
trans_Memcpy_time	13.034735
trans_MPI_time	10.098857
trans_pack_time	0.324964
trans_enlarge_time	0.589126
trans_mu_time	0.411680
trans_unpack_time	2.134749
updateU_new_time	1.430082
runtime	1.934133
--------------------------------------------------!
***************dt=2.000000***************
***************flag=0***************
--------------------------------------------------!
time		0.000000
wall time	72.048769
*******************************
dgemm_time	35.099335
conv_transfer_time	0.000000
conv_calculate_time	1807.102051
elastic_calculate_time	1807.138062
Allen_Cahn_nonlinear_time	1872.984741
Cahn_Hilliard_nonlinear_time	0.012320
trans_time	27.056442
trans_Memcpy_time	13.020018
trans_MPI_time	10.105294
trans_pack_time	0.323360
trans_enlarge_time	0.596480
trans_mu_time	0.412320
trans_unpack_time	2.145603
updateU_new_time	1.428466
runtime	1.937321
--------------------------------------------------!
***************dt=2.000000***************
***************flag=0***************
--------------------------------------------------!
time		0.000000
wall time	73.990496
*******************************
dgemm_time	35.072388
conv_transfer_time	0.000000
conv_calculate_time	1807.765015
elastic_calculate_time	1807.803955
Allen_Cahn_nonlinear_time	1870.645386
Cahn_Hilliard_nonlinear_time	0.012960
trans_time	26.229017
trans_Memcpy_time	13.124832
trans_MPI_time	9.196389
trans_pack_time	0.321758
trans_enlarge_time	0.586558
trans_mu_time	0.413440
trans_unpack_time	2.133259
updateU_new_time	1.426211
runtime	1.934213
--------------------------------------------------!
***************dt=2.000000***************
***************flag=0***************
--------------------------------------------------!
time		0.000000
wall time	75.935388
*******************************
dgemm_time	35.069138
conv_transfer_time	0.000000
conv_calculate_time	1807.248657
elastic_calculate_time	1807.287109
Allen_Cahn_nonlinear_time	1869.284424
Cahn_Hilliard_nonlinear_time	0.012320
trans_time	26.457212
trans_Memcpy_time	13.036688
trans_MPI_time	9.421242
trans_pack_time	0.342233
trans_enlarge_time	0.594228
trans_mu_time	0.415034
trans_unpack_time	2.139635
updateU_new_time	1.428275
runtime	1.937398
--------------------------------------------------!
***************dt=2.000000***************
***************flag=0***************
--------------------------------------------------!
time		0.000000
wall time	77.877191
*******************************
dgemm_time	35.066544
conv_transfer_time	0.000000
conv_calculate_time	1804.843384
elastic_calculate_time	1804.880737
Allen_Cahn_nonlinear_time	1870.706299
Cahn_Hilliard_nonlinear_time	0.012000
trans_time	27.674635
trans_Memcpy_time	13.064869
trans_MPI_time	10.702381
trans_pack_time	0.323511
trans_enlarge_time	0.591182
trans_mu_time	0.413428
trans_unpack_time	2.127933
updateU_new_time	1.428421
runtime	1.940023
--------------------------------------------------!
***************dt=2.000000***************
***************flag=0***************
--------------------------------------------------!
time		0.000000
wall time	79.822144
*******************************
dgemm_time	35.050041
conv_transfer_time	0.000000
conv_calculate_time	1807.546509
elastic_calculate_time	1807.582397
Allen_Cahn_nonlinear_time	1874.221680
Cahn_Hilliard_nonlinear_time	0.012640
trans_time	26.309544
trans_Memcpy_time	13.081855
trans_MPI_time	9.310492
trans_pack_time	0.324627
trans_enlarge_time	0.586217
trans_mu_time	0.415026
trans_unpack_time	2.139591
updateU_new_time	1.436887
runtime	1.938209
--------------------------------------------------!
***************dt=2.000000***************
***************flag=0***************
--------------------------------------------------!
time		0.000000
wall time	81.769705
*******************************
dgemm_time	35.068710
conv_transfer_time	0.000000
conv_calculate_time	1805.274536
elastic_calculate_time	1805.311279
Allen_Cahn_nonlinear_time	1876.696411
Cahn_Hilliard_nonlinear_time	0.012160
trans_time	26.488594
trans_Memcpy_time	13.022051
trans_MPI_time	9.540151
trans_pack_time	0.318864
trans_enlarge_time	0.592130
trans_mu_time	0.412142
trans_unpack_time	2.153329
updateU_new_time	1.427445
runtime	1.941266
--------------------------------------------------!
***************dt=2.000000***************
***************flag=0***************
--------------------------------------------------!
time		0.000000
wall time	83.715485
*******************************
dgemm_time	35.093563
conv_transfer_time	0.000000
conv_calculate_time	1806.710205
elastic_calculate_time	1806.747437
Allen_Cahn_nonlinear_time	1869.262695
Cahn_Hilliard_nonlinear_time	0.011840
trans_time	27.082375
trans_Memcpy_time	13.028594
trans_MPI_time	10.135946
trans_pack_time	0.323824
trans_enlarge_time	0.589249
trans_mu_time	0.414861
trans_unpack_time	2.140207
updateU_new_time	1.428887
runtime	1.934802
--------------------------------------------------!
***************dt=2.000000***************
***************flag=0***************
--------------------------------------------------!
time		0.000000
wall time	85.664338
*******************************
dgemm_time	35.064178
conv_transfer_time	0.000000
conv_calculate_time	1808.153931
elastic_calculate_time	1808.193359
Allen_Cahn_nonlinear_time	1871.582153
Cahn_Hilliard_nonlinear_time	0.012480
trans_time	26.271349
trans_Memcpy_time	13.035653
trans_MPI_time	9.302565
trans_pack_time	0.328944
trans_enlarge_time	0.588932
trans_mu_time	0.412462
trans_unpack_time	2.148210
updateU_new_time	1.429529
runtime	1.936039
--------------------------------------------------!
***************dt=2.000000***************
***************flag=0***************
--------------------------------------------------!
time		0.000000
wall time	87.606722
*******************************
dgemm_time	35.078945
conv_transfer_time	0.000000
conv_calculate_time	1806.471558
elastic_calculate_time	1806.508545
Allen_Cahn_nonlinear_time	1870.329468
Cahn_Hilliard_nonlinear_time	0.012000
trans_time	26.702065
trans_Memcpy_time	13.040472
trans_MPI_time	9.761595
trans_pack_time	0.320305
trans_enlarge_time	0.587975
trans_mu_time	0.412942
trans_unpack_time	2.125975
updateU_new_time	1.430811
runtime	1.935589
--------------------------------------------------!
***************dt=2.000000***************
***************flag=0***************
--------------------------------------------------!
time		0.000000
wall time	89.550303
*******************************
dgemm_time	35.083633
conv_transfer_time	0.000000
conv_calculate_time	1806.469727
elastic_calculate_time	1806.507690
Allen_Cahn_nonlinear_time	1868.185547
Cahn_Hilliard_nonlinear_time	0.012000
trans_time	26.657915
trans_Memcpy_time	13.039210
trans_MPI_time	9.704172
trans_pack_time	0.319505
trans_enlarge_time	0.592135
trans_mu_time	0.414062
trans_unpack_time	2.135577
updateU_new_time	1.446652
runtime	1.933573
--------------------------------------------------!
***************dt=2.000000***************
***************flag=0***************
--------------------------------------------------!
time		0.000000
wall time	91.493445
*******************************
dgemm_time	35.090076
conv_transfer_time	0.000000
conv_calculate_time	1807.123291
elastic_calculate_time	1807.161255
Allen_Cahn_nonlinear_time	1873.808716
Cahn_Hilliard_nonlinear_time	0.012000
trans_time	26.486738
trans_Memcpy_time	13.019070
trans_MPI_time	9.543713
trans_pack_time	0.324625
trans_enlarge_time	0.591815
trans_mu_time	0.412942
trans_unpack_time	2.142300
updateU_new_time	1.432415
runtime	1.939320
--------------------------------------------------!
***************dt=2.000000***************
***************flag=0***************
--------------------------------------------------!
time		0.000000
wall time	93.434579
*******************************
dgemm_time	35.108841
conv_transfer_time	0.000000
conv_calculate_time	1803.602783
elastic_calculate_time	1803.641357
Allen_Cahn_nonlinear_time	1869.278809
Cahn_Hilliard_nonlinear_time	0.011840
trans_time	26.833036
trans_Memcpy_time	13.055407
trans_MPI_time	9.855551
trans_pack_time	0.323346
trans_enlarge_time	0.589575
trans_mu_time	0.412622
trans_unpack_time	2.139423
updateU_new_time	1.429697
runtime	1.934152
--------------------------------------------------!
***************dt=2.000000***************
***************flag=0***************
--------------------------------------------------!
time		0.000000
wall time	95.381460
*******************************
dgemm_time	35.012089
conv_transfer_time	0.000000
conv_calculate_time	1812.736450
elastic_calculate_time	1812.774536
Allen_Cahn_nonlinear_time	1874.110229
Cahn_Hilliard_nonlinear_time	0.012320
trans_time	25.966230
trans_Memcpy_time	13.035744
trans_MPI_time	9.022800
trans_pack_time	0.319987
trans_enlarge_time	0.593735
trans_mu_time	0.409742
trans_unpack_time	2.132866
updateU_new_time	1.428419
runtime	1.939235
--------------------------------------------------!
***************dt=2.000000***************
***************flag=0***************
--------------------------------------------------!
time		0.000000
wall time	97.323189
*******************************
dgemm_time	35.099327
conv_transfer_time	0.000000
conv_calculate_time	1808.415039
elastic_calculate_time	1808.451294
Allen_Cahn_nonlinear_time	1870.084229
Cahn_Hilliard_nonlinear_time	0.012000
trans_time	26.584194
trans_Memcpy_time	13.013999
trans_MPI_time	9.650944
trans_pack_time	0.323187
trans_enlarge_time	0.590696
trans_mu_time	0.420302
trans_unpack_time	2.134468
updateU_new_time	1.427460
runtime	1.935241
--------------------------------------------------!
***************dt=2.000000***************
***************flag=0***************
--------------------------------------------------!
time		0.000000
wall time	99.269972
*******************************
dgemm_time	35.099045
conv_transfer_time	0.000000
conv_calculate_time	1807.041382
elastic_calculate_time	1807.080444
Allen_Cahn_nonlinear_time	1868.377197
Cahn_Hilliard_nonlinear_time	0.012000
trans_time	27.093023
trans_Memcpy_time	13.032733
trans_MPI_time	10.131735
trans_pack_time	0.322867
trans_enlarge_time	0.604775
trans_mu_time	0.411187
trans_unpack_time	2.138790
updateU_new_time	1.459141
runtime	1.933921
--------------------------------------------------!
***************dt=2.000000***************
***************flag=0***************
--------------------------------------------------!
time		0.000000
wall time	101.212769
*******************************
dgemm_time	35.092682
conv_transfer_time	0.000000
conv_calculate_time	1809.833984
elastic_calculate_time	1809.872437
Allen_Cahn_nonlinear_time	1878.073486
Cahn_Hilliard_nonlinear_time	0.012320
trans_time	26.640612
trans_Memcpy_time	13.014989
trans_MPI_time	9.694163
trans_pack_time	0.329747
trans_enlarge_time	0.588138
trans_mu_time	0.417427
trans_unpack_time	2.144873
updateU_new_time	1.424743
runtime	1.945776
--------------------------------------------------!
***************dt=2.000000***************
***************flag=0***************
--------------------------------------------------!
time		0.000000
wall time	103.154314
*******************************
dgemm_time	35.114159
conv_transfer_time	0.000000
conv_calculate_time	1810.272827
elastic_calculate_time	1810.311646
Allen_Cahn_nonlinear_time	1874.533691
Cahn_Hilliard_nonlinear_time	0.012000
trans_time	26.792374
trans_Memcpy_time	13.229555
trans_MPI_time	9.655455
trans_pack_time	0.318708
trans_enlarge_time	0.589899
trans_mu_time	0.415667
trans_unpack_time	2.138475
updateU_new_time	1.429385
runtime	1.943365
--------------------------------------------------!
***************dt=2.000000***************
***************flag=0***************
--------------------------------------------------!
time		0.000000
wall time	105.100189
*******************************
dgemm_time	35.038036
conv_transfer_time	0.000000
conv_calculate_time	1809.325317
elastic_calculate_time	1809.365479
Allen_Cahn_nonlinear_time	1874.423462
Cahn_Hilliard_nonlinear_time	0.012000
trans_time	26.746683
trans_Memcpy_time	13.235168
trans_MPI_time	9.541231
trans_pack_time	0.325588
trans_enlarge_time	0.593900
trans_mu_time	0.412628
trans_unpack_time	2.130798
updateU_new_time	1.427946
runtime	1.941909
--------------------------------------------------!
***************dt=2.000000***************
***************flag=0***************
--------------------------------------------------!
time		0.000000
wall time	107.043627
*******************************
dgemm_time	35.097908
conv_transfer_time	0.000000
conv_calculate_time	1807.137817
elastic_calculate_time	1807.177368
Allen_Cahn_nonlinear_time	1871.141235
Cahn_Hilliard_nonlinear_time	0.012000
trans_time	26.572479
trans_Memcpy_time	13.223820
trans_MPI_time	9.383488
trans_pack_time	0.318709
trans_enlarge_time	0.595661
trans_mu_time	0.413588
trans_unpack_time	2.131440
updateU_new_time	1.428748
runtime	1.936607
--------------------------------------------------!
***************dt=2.000000***************
***************flag=0***************
--------------------------------------------------!
time		0.000000
wall time	108.985620
*******************************
dgemm_time	35.085461
conv_transfer_time	0.000000
conv_calculate_time	1809.847900
elastic_calculate_time	1809.887573
Allen_Cahn_nonlinear_time	1874.955078
Cahn_Hilliard_nonlinear_time	0.012000
trans_time	26.557373
trans_Memcpy_time	13.215675
trans_MPI_time	9.371335
trans_pack_time	0.319989
trans_enlarge_time	0.603501
trans_mu_time	0.411028
trans_unpack_time	2.127762
updateU_new_time	1.455628
runtime	1.941035
--------------------------------------------------!
***************dt=2.000000***************
***************flag=0***************
--------------------------------------------------!
time		0.000000
wall time	110.922320
*******************************
dgemm_time	35.110771
conv_transfer_time	0.000000
conv_calculate_time	1808.636963
elastic_calculate_time	1808.675171
Allen_Cahn_nonlinear_time	1870.474243
Cahn_Hilliard_nonlinear_time	0.012000
trans_time	26.575848
trans_Memcpy_time	13.230886
trans_MPI_time	9.432943
trans_pack_time	0.326069
trans_enlarge_time	0.593421
trans_mu_time	0.413268
trans_unpack_time	2.132244
updateU_new_time	1.428750
runtime	1.936193
--------------------------------------------------!
***************dt=2.000000***************
***************flag=0***************
--------------------------------------------------!
time		0.000000
wall time	112.863440
*******************************
dgemm_time	35.064404
conv_transfer_time	0.000000
conv_calculate_time	1807.459595
elastic_calculate_time	1807.497314
Allen_Cahn_nonlinear_time	1876.097534
Cahn_Hilliard_nonlinear_time	0.012480
trans_time	26.589401
trans_Memcpy_time	13.214419
trans_MPI_time	9.460470
trans_pack_time	0.320469
trans_enlarge_time	0.595981
trans_mu_time	0.416308
trans_unpack_time	2.132566
updateU_new_time	1.430511
runtime	1.941454
--------------------------------------------------!
***************dt=2.000000***************
***************flag=0***************
--------------------------------------------------!
time		0.000000
wall time	114.799717
*******************************
dgemm_time	35.097713
conv_transfer_time	0.000000
conv_calculate_time	1808.777100
elastic_calculate_time	1808.813599
Allen_Cahn_nonlinear_time	1871.263672
Cahn_Hilliard_nonlinear_time	0.012000
trans_time	26.865465
trans_Memcpy_time	13.337149
trans_MPI_time	9.611834
trans_pack_time	0.318069
trans_enlarge_time	0.594542
trans_mu_time	0.414548
trans_unpack_time	2.138167
updateU_new_time	1.431633
runtime	1.937033
--------------------------------------------------!
***************dt=2.000000***************
***************flag=0***************
--------------------------------------------------!
time		0.000000
wall time	116.747306
*******************************
dgemm_time	35.075985
conv_transfer_time	0.000000
conv_calculate_time	1805.790894
elastic_calculate_time	1805.828491
Allen_Cahn_nonlinear_time	1870.082642
Cahn_Hilliard_nonlinear_time	0.012320
trans_time	26.776182
trans_Memcpy_time	13.203564
trans_MPI_time	9.667999
trans_pack_time	0.321110
trans_enlarge_time	0.595342
trans_mu_time	0.412148
trans_unpack_time	2.129050
updateU_new_time	1.427154
runtime	1.937962
--------------------------------------------------!
***************dt=2.000000***************
***************flag=0***************
--------------------------------------------------!
time		0.000000
wall time	118.684432
*******************************
dgemm_time	35.059856
conv_transfer_time	0.000000
conv_calculate_time	1810.294556
elastic_calculate_time	1810.331787
Allen_Cahn_nonlinear_time	1873.341797
Cahn_Hilliard_nonlinear_time	0.012320
trans_time	26.717916
trans_Memcpy_time	13.255251
trans_MPI_time	9.562251
trans_pack_time	0.317751
trans_enlarge_time	0.588622
trans_mu_time	0.412628
trans_unpack_time	2.133531
updateU_new_time	1.447475
runtime	1.938889
--------------------------------------------------!
***************dt=2.000000***************
***************flag=0***************
--------------------------------------------------!
time		0.000000
wall time	120.622485
*******************************
dgemm_time	35.054604
conv_transfer_time	0.000000
conv_calculate_time	1804.356079
elastic_calculate_time	1804.394043
Allen_Cahn_nonlinear_time	1870.718628
Cahn_Hilliard_nonlinear_time	0.012320
trans_time	26.754539
trans_Memcpy_time	13.221346
trans_MPI_time	9.623858
trans_pack_time	0.327511
trans_enlarge_time	0.589582
trans_mu_time	0.410868
trans_unpack_time	2.133533
updateU_new_time	1.428916
runtime	1.942079
--------------------------------------------------!
***************dt=2.000000***************
***************flag=0***************
--------------------------------------------------!
time		0.000000
wall time	122.561443
*******************************
dgemm_time	35.106312
conv_transfer_time	0.000000
conv_calculate_time	1809.256958
elastic_calculate_time	1809.295166
Allen_Cahn_nonlinear_time	1871.767090
Cahn_Hilliard_nonlinear_time	0.012480
trans_time	26.858147
trans_Memcpy_time	13.200877
trans_MPI_time	9.737143
trans_pack_time	0.320631
trans_enlarge_time	0.593424
trans_mu_time	0.413108
trans_unpack_time	2.142015
updateU_new_time	1.429558
runtime	1.937561
--------------------------------------------------!
***************dt=2.000000***************
***************flag=0***************
--------------------------------------------------!
time		0.000000
wall time	124.503616
*******************************
dgemm_time	35.069378
conv_transfer_time	0.000000
conv_calculate_time	1803.527222
elastic_calculate_time	1803.564453
Allen_Cahn_nonlinear_time	1871.198364
Cahn_Hilliard_nonlinear_time	0.012480
trans_time	26.664375
trans_Memcpy_time	13.307445
trans_MPI_time	9.451878
trans_pack_time	0.322071
trans_enlarge_time	0.595185
trans_mu_time	0.416148
trans_unpack_time	2.124257
updateU_new_time	1.428759
runtime	1.936564
--------------------------------------------------!
***************dt=2.000000***************
***************flag=0***************
--------------------------------------------------!
time		0.000000
wall time	126.441263
*******************************
dgemm_time	35.083004
conv_transfer_time	0.000000
conv_calculate_time	1810.234985
elastic_calculate_time	1810.275513
Allen_Cahn_nonlinear_time	1871.716675
Cahn_Hilliard_nonlinear_time	0.012160
trans_time	26.681435
trans_Memcpy_time	13.234016
trans_MPI_time	9.539083
trans_pack_time	0.320151
trans_enlarge_time	0.593426
trans_mu_time	0.412788
trans_unpack_time	2.135298
updateU_new_time	1.429560
runtime	1.937331
--------------------------------------------------!
***************dt=2.000000***************
***************flag=0***************
--------------------------------------------------!
time		0.000000
wall time	128.377924
*******************************
dgemm_time	35.114548
conv_transfer_time	0.000000
conv_calculate_time	1806.919434
elastic_calculate_time	1806.958862
Allen_Cahn_nonlinear_time	1873.597290
Cahn_Hilliard_nonlinear_time	0.012480
trans_time	26.784613
trans_Memcpy_time	13.222987
trans_MPI_time	9.654127
trans_pack_time	0.326071
trans_enlarge_time	0.584787
trans_mu_time	0.411829
trans_unpack_time	2.137700
updateU_new_time	1.437081
runtime	1.937928
--------------------------------------------------!
***************dt=2.000000***************
***************flag=0***************
--------------------------------------------------!
time		0.000000
wall time	130.315333
*******************************
dgemm_time	35.103695
conv_transfer_time	0.000000
conv_calculate_time	1805.793213
elastic_calculate_time	1805.830688
Allen_Cahn_nonlinear_time	1868.434326
Cahn_Hilliard_nonlinear_time	0.012160
trans_time	26.587116
trans_Memcpy_time	13.244915
trans_MPI_time	9.424380
trans_pack_time	0.327671
trans_enlarge_time	0.591027
trans_mu_time	0.411833
trans_unpack_time	2.140741
updateU_new_time	1.427962
runtime	1.935642
--------------------------------------------------!
***************dt=2.000000***************
***************flag=0***************
--------------------------------------------------!
time		0.000000
wall time	132.253354
*******************************
dgemm_time	35.079399
conv_transfer_time	0.000000
conv_calculate_time	1811.164429
elastic_calculate_time	1811.205811
Allen_Cahn_nonlinear_time	1873.857788
Cahn_Hilliard_nonlinear_time	0.012320
trans_time	27.187700
trans_Memcpy_time	13.214364
trans_MPI_time	10.059731
trans_pack_time	0.318872
trans_enlarge_time	0.590547
trans_mu_time	0.413753
trans_unpack_time	2.147623
updateU_new_time	1.430203
runtime	1.942038
--------------------------------------------------!
***************dt=2.000000***************
***************flag=0***************
--------------------------------------------------!
time		0.000000
wall time	134.189069
*******************************
dgemm_time	35.063103
conv_transfer_time	0.000000
conv_calculate_time	1808.085083
elastic_calculate_time	1808.123047
Allen_Cahn_nonlinear_time	1871.252686
Cahn_Hilliard_nonlinear_time	0.012480
trans_time	27.162600
trans_Memcpy_time	13.308453
trans_MPI_time	9.870943
trans_pack_time	0.332472
trans_enlarge_time	0.588467
trans_mu_time	0.420633
trans_unpack_time	2.130664
updateU_new_time	1.427804
runtime	1.937603
--------------------------------------------------!
***************dt=2.000000***************
***************flag=0***************
--------------------------------------------------!
time		0.000000
wall time	136.131183
*******************************
dgemm_time	35.094486
conv_transfer_time	0.000000
conv_calculate_time	1809.617432
elastic_calculate_time	1809.655029
Allen_Cahn_nonlinear_time	1874.729980
Cahn_Hilliard_nonlinear_time	0.012480
trans_time	26.931353
trans_Memcpy_time	13.309103
trans_MPI_time	9.656234
trans_pack_time	0.320953
trans_enlarge_time	0.589748
trans_mu_time	0.412154
trans_unpack_time	2.141066
updateU_new_time	1.429245
runtime	1.942509
--------------------------------------------------!
***************dt=2.000000***************
***************flag=0***************
--------------------------------------------------!
time		0.000000
wall time	138.068891
*******************************
dgemm_time	35.059628
conv_transfer_time	0.000000
conv_calculate_time	1807.459595
elastic_calculate_time	1807.497559
Allen_Cahn_nonlinear_time	1874.575562
Cahn_Hilliard_nonlinear_time	0.012320
trans_time	27.121716
trans_Memcpy_time	13.206232
trans_MPI_time	10.010633
trans_pack_time	0.322073
trans_enlarge_time	0.591028
trans_mu_time	0.411994
trans_unpack_time	2.130187
updateU_new_time	1.435006
runtime	1.940487
--------------------------------------------------!
***************dt=2.000000***************
***************flag=0***************
--------------------------------------------------!
time		0.000000
wall time	140.014723
*******************************
dgemm_time	35.041893
conv_transfer_time	0.000000
conv_calculate_time	1809.892456
elastic_calculate_time	1809.928589
Allen_Cahn_nonlinear_time	1872.434692
Cahn_Hilliard_nonlinear_time	0.012320
trans_time	26.578356
trans_Memcpy_time	13.208000
trans_MPI_time	9.454011
trans_pack_time	0.322073
trans_enlarge_time	0.588788
trans_mu_time	0.420474
trans_unpack_time	2.139948
updateU_new_time	1.426207
runtime	1.939318
--------------------------------------------------!
***************dt=2.000000***************
***************flag=0***************
--------------------------------------------------!
time		0.000000
wall time	141.955279
*******************************
dgemm_time	35.061913
conv_transfer_time	0.000000
conv_calculate_time	1806.143433
elastic_calculate_time	1806.181030
Allen_Cahn_nonlinear_time	1877.081787
Cahn_Hilliard_nonlinear_time	0.012320
trans_time	27.024242
trans_Memcpy_time	13.239207
trans_MPI_time	9.869848
trans_pack_time	0.323353
trans_enlarge_time	0.591508
trans_mu_time	0.413914
trans_unpack_time	2.138990
updateU_new_time	1.428767
runtime	1.942138
--------------------------------------------------!
***************dt=2.000000***************
***************flag=0***************
--------------------------------------------------!
time		0.000000
wall time	143.894741
*******************************
dgemm_time	35.068172
conv_transfer_time	0.000000
conv_calculate_time	1805.071411
elastic_calculate_time	1805.107544
Allen_Cahn_nonlinear_time	1869.803955
Cahn_Hilliard_nonlinear_time	0.012800
trans_time	26.895132
trans_Memcpy_time	13.210579
trans_MPI_time	9.762655
trans_pack_time	0.333753
trans_enlarge_time	0.591028
trans_mu_time	0.411514
trans_unpack_time	2.136591
updateU_new_time	1.429248
runtime	1.935292
--------------------------------------------------!
***************dt=2.000000***************
***************flag=0***************
--------------------------------------------------!
time		0.000000
wall time	145.836975
*******************************
dgemm_time	35.071873
conv_transfer_time	0.000000
conv_calculate_time	1810.068726
elastic_calculate_time	1810.105469
Allen_Cahn_nonlinear_time	1877.998535
Cahn_Hilliard_nonlinear_time	0.012000
trans_time	26.626173
trans_Memcpy_time	13.207865
trans_MPI_time	9.511628
trans_pack_time	0.322393
trans_enlarge_time	0.592948
trans_mu_time	0.411994
trans_unpack_time	2.132112
updateU_new_time	1.427169
runtime	1.942529
--------------------------------------------------!
***************dt=2.000000***************
***************flag=0***************
--------------------------------------------------!
time		0.000000
wall time	147.772334
*******************************
dgemm_time	35.109493
conv_transfer_time	0.000000
conv_calculate_time	1809.023071
elastic_calculate_time	1809.059814
Allen_Cahn_nonlinear_time	1879.401489
Cahn_Hilliard_nonlinear_time	0.012000
trans_time	26.725958
trans_Memcpy_time	13.225312
trans_MPI_time	9.594191
trans_pack_time	0.325273
trans_enlarge_time	0.595828
trans_mu_time	0.411034
trans_unpack_time	2.129874
updateU_new_time	1.439650
runtime	1.944947
--------------------------------------------------!
***************dt=2.000000***************
***************flag=0***************
--------------------------------------------------!
time		0.000000
wall time	149.714944
*******************************
dgemm_time	35.059113
conv_transfer_time	0.000000
conv_calculate_time	1808.445557
elastic_calculate_time	1808.482178
Allen_Cahn_nonlinear_time	1870.039551
Cahn_Hilliard_nonlinear_time	0.012320
trans_time	26.599764
trans_Memcpy_time	13.224039
trans_MPI_time	9.472759
trans_pack_time	0.323194
trans_enlarge_time	0.592148
trans_mu_time	0.409754
trans_unpack_time	2.130355
updateU_new_time	1.429731
runtime	1.936362
--------------------------------------------------!
***************dt=2.000000***************
***************flag=0***************
--------------------------------------------------!
time		0.000000
wall time	151.660159
*******************************
dgemm_time	35.085209
conv_transfer_time	0.000000
conv_calculate_time	1809.279907
elastic_calculate_time	1809.316650
Allen_Cahn_nonlinear_time	1874.551880
Cahn_Hilliard_nonlinear_time	0.012480
trans_time	26.861523
trans_Memcpy_time	13.286926
trans_MPI_time	9.674681
trans_pack_time	0.316634
trans_enlarge_time	0.590868
trans_mu_time	0.409274
trans_unpack_time	2.137236
updateU_new_time	1.426851
runtime	1.940167
--------------------------------------------------!
***************dt=2.000000***************
***************flag=0***************
--------------------------------------------------!
time		0.000000
wall time	153.596625
*******************************
dgemm_time	35.111305
conv_transfer_time	0.000000
conv_calculate_time	1807.529419
elastic_calculate_time	1807.564941
Allen_Cahn_nonlinear_time	1870.754272
Cahn_Hilliard_nonlinear_time	0.012160
trans_time	26.924746
trans_Memcpy_time	13.215414
trans_MPI_time	9.813722
trans_pack_time	0.319194
trans_enlarge_time	0.584632
trans_mu_time	0.409594
trans_unpack_time	2.138997
updateU_new_time	1.427012
runtime	1.936063
--------------------------------------------------!
***************dt=2.000000***************
***************flag=0***************
--------------------------------------------------!
time		0.000000
wall time	155.536879
*******************************
dgemm_time	35.063484
conv_transfer_time	0.000000
conv_calculate_time	1807.092651
elastic_calculate_time	1807.129883
Allen_Cahn_nonlinear_time	1870.106934
Cahn_Hilliard_nonlinear_time	0.012320
trans_time	26.680574
trans_Memcpy_time	13.197021
trans_MPI_time	9.581572
trans_pack_time	0.325274
trans_enlarge_time	0.591193
trans_mu_time	0.411034
trans_unpack_time	2.120439
updateU_new_time	1.427173
runtime	1.935441
--------------------------------------------------!
***************dt=2.000000***************
***************flag=0***************
--------------------------------------------------!
time		0.000000
wall time	157.473047
*******************************
dgemm_time	35.076302
conv_transfer_time	0.000000
conv_calculate_time	1807.754517
elastic_calculate_time	1807.792480
Allen_Cahn_nonlinear_time	1870.775635
Cahn_Hilliard_nonlinear_time	0.012320
trans_time	27.536793
trans_Memcpy_time	13.201828
trans_MPI_time	10.415802
trans_pack_time	0.318075
trans_enlarge_time	0.586713
trans_mu_time	0.412474
trans_unpack_time	2.151479
updateU_new_time	1.440613
runtime	1.936633
--------------------------------------------------!
***************dt=2.000000***************
***************flag=0***************
--------------------------------------------------!
time		0.000000
wall time	159.408566
*******************************
dgemm_time	35.103359
conv_transfer_time	0.000000
conv_calculate_time	1807.439575
elastic_calculate_time	1807.474976
Allen_Cahn_nonlinear_time	1869.381592
Cahn_Hilliard_nonlinear_time	0.012480
trans_time	26.675783
trans_Memcpy_time	13.247755
trans_MPI_time	9.525743
trans_pack_time	0.319515
trans_enlarge_time	0.589753
trans_mu_time	0.420154
trans_unpack_time	2.129400
updateU_new_time	1.427974
runtime	1.934264
--------------------------------------------------!
***************dt=2.000000***************
***************flag=0***************
--------------------------------------------------!
time		0.000000
wall time	161.345277
*******************************
dgemm_time	35.103699
conv_transfer_time	0.000000
conv_calculate_time	1804.566528
elastic_calculate_time	1804.604858
Allen_Cahn_nonlinear_time	1871.270386
Cahn_Hilliard_nonlinear_time	0.011840
trans_time	27.066547
trans_Memcpy_time	13.237042
trans_MPI_time	9.923340
trans_pack_time	0.319995
trans_enlarge_time	0.589273
trans_mu_time	0.411834
trans_unpack_time	2.137881
updateU_new_time	1.427655
runtime	1.936264
--------------------------------------------------!
***************dt=2.000000***************
***************flag=0***************
--------------------------------------------------!
time		0.000000
wall time	163.279627
*******************************
dgemm_time	35.072193
conv_transfer_time	0.000000
conv_calculate_time	1809.380981
elastic_calculate_time	1809.421509
Allen_Cahn_nonlinear_time	1874.321411
Cahn_Hilliard_nonlinear_time	0.012160
trans_time	26.747156
trans_Memcpy_time	13.241847
trans_MPI_time	9.606871
trans_pack_time	0.320955
trans_enlarge_time	0.580953
trans_mu_time	0.411674
trans_unpack_time	2.136442
updateU_new_time	1.428616
runtime	1.940238
--------------------------------------------------!
***************dt=2.000000***************
***************flag=0***************
--------------------------------------------------!
time		0.000000
wall time	165.216014
*******************************
dgemm_time	35.110931
conv_transfer_time	0.000000
conv_calculate_time	1806.527100
elastic_calculate_time	1806.565186
Allen_Cahn_nonlinear_time	1869.502808
Cahn_Hilliard_nonlinear_time	0.012160
trans_time	27.044374
trans_Memcpy_time	13.295132
trans_MPI_time	9.783352
trans_pack_time	0.322395
trans_enlarge_time	0.586074
trans_mu_time	0.412474
trans_unpack_time	2.142683
updateU_new_time	1.428936
runtime	1.938080
--------------------------------------------------!
***************dt=2.000000***************
***************flag=0***************
--------------------------------------------------!
time		0.000000
wall time	167.156344
*******************************
dgemm_time	35.056702
conv_transfer_time	0.000000
conv_calculate_time	1801.223511
elastic_calculate_time	1801.259399
Allen_Cahn_nonlinear_time	1870.692383
Cahn_Hilliard_nonlinear_time	0.012480
trans_time	27.066984
trans_Memcpy_time	13.234656
trans_MPI_time	9.890076
trans_pack_time	0.321915
trans_enlarge_time	0.590394
trans_mu_time	0.412794
trans_unpack_time	2.143804
updateU_new_time	1.435497
runtime	1.940390
--------------------------------------------------!
***************dt=2.000000***************
***************flag=0***************
--------------------------------------------------!
time		0.000000
wall time	169.094494
*******************************
dgemm_time	35.080078
conv_transfer_time	0.000000
conv_calculate_time	1806.947632
elastic_calculate_time	1806.983765
Allen_Cahn_nonlinear_time	1870.970581
Cahn_Hilliard_nonlinear_time	0.012000
trans_time	26.539085
trans_Memcpy_time	13.234983
trans_MPI_time	9.396646
trans_pack_time	0.327836
trans_enlarge_time	0.593914
trans_mu_time	0.410234
trans_unpack_time	2.129085
updateU_new_time	1.430218
runtime	1.936067
--------------------------------------------------!
***************dt=2.000000***************
***************flag=0***************
--------------------------------------------------!
time		0.000000
wall time	171.034966
*******************************
dgemm_time	35.092896
conv_transfer_time	0.000000
conv_calculate_time	1807.858521
elastic_calculate_time	1807.895996
Allen_Cahn_nonlinear_time	1869.830200
Cahn_Hilliard_nonlinear_time	0.012160
trans_time	27.144447
trans_Memcpy_time	13.260110
trans_MPI_time	9.957282
trans_pack_time	0.323196
trans_enlarge_time	0.592474
trans_mu_time	0.415674
trans_unpack_time	2.147966
updateU_new_time	1.427658
runtime	1.935316
--------------------------------------------------!
***************dt=2.000000***************
***************flag=0***************
--------------------------------------------------!
time		0.000000
wall time	172.971100
*******************************
dgemm_time	35.069069
conv_transfer_time	0.000000
conv_calculate_time	1807.531372
elastic_calculate_time	1807.568359
Allen_Cahn_nonlinear_time	1870.297241
Cahn_Hilliard_nonlinear_time	0.012160
trans_time	27.269367
trans_Memcpy_time	13.351315
trans_MPI_time	10.014725
trans_pack_time	0.325756
trans_enlarge_time	0.588154
trans_mu_time	0.414874
trans_unpack_time	2.128127
updateU_new_time	1.428459
runtime	1.937360
--------------------------------------------------!
***************dt=2.000000***************
***************flag=0***************
--------------------------------------------------!
time		0.000000
wall time	174.906480
*******************************
dgemm_time	35.053242
conv_transfer_time	0.000000
conv_calculate_time	1809.112183
elastic_calculate_time	1809.148193
Allen_Cahn_nonlinear_time	1870.230591
Cahn_Hilliard_nonlinear_time	0.012320
trans_time	27.190989
trans_Memcpy_time	13.233403
trans_MPI_time	10.043048
trans_pack_time	0.322396
trans_enlarge_time	0.596794
trans_mu_time	0.414394
trans_unpack_time	2.133888
updateU_new_time	1.427819
runtime	1.935922
--------------------------------------------------!
***************dt=2.000000***************
***************flag=0***************
--------------------------------------------------!
time		0.000000
wall time	176.843921
*******************************
dgemm_time	35.065098
conv_transfer_time	0.000000
conv_calculate_time	1806.445435
elastic_calculate_time	1806.481323
Allen_Cahn_nonlinear_time	1869.663086
Cahn_Hilliard_nonlinear_time	0.012000
trans_time	26.618629
trans_Memcpy_time	13.240928
trans_MPI_time	9.464661
trans_pack_time	0.321596
trans_enlarge_time	0.585434
trans_mu_time	0.416954
trans_unpack_time	2.144449
updateU_new_time	1.430380
runtime	1.934600
--------------------------------------------------!
***************dt=2.000000***************
***************flag=0***************
--------------------------------------------------!
time		0.000000
wall time	178.779926
*******************************
dgemm_time	35.083672
conv_transfer_time	0.000000
conv_calculate_time	1807.955444
elastic_calculate_time	1807.992065
Allen_Cahn_nonlinear_time	1871.840454
Cahn_Hilliard_nonlinear_time	0.011840
trans_time	26.905125
trans_Memcpy_time	13.254371
trans_MPI_time	9.734583
trans_pack_time	0.335356
trans_enlarge_time	0.591354
trans_mu_time	0.411034
trans_unpack_time	2.132290
updateU_new_time	1.428460
runtime	1.938079
--------------------------------------------------!
***************dt=2.000000***************
***************flag=0***************
--------------------------------------------------!
time		0.000000
wall time	180.714614
*******************************
dgemm_time	35.061283
conv_transfer_time	0.000000
conv_calculate_time	1810.506714
elastic_calculate_time	1810.542114
Allen_Cahn_nonlinear_time	1874.142822
Cahn_Hilliard_nonlinear_time	0.015200
trans_time	26.580959
trans_Memcpy_time	13.229259
trans_MPI_time	9.437948
trans_pack_time	0.320476
trans_enlarge_time	0.591514
trans_mu_time	0.411358
trans_unpack_time	2.140771
updateU_new_time	1.428461
runtime	1.939537
--------------------------------------------------!
***************dt=2.000000***************
***************flag=0***************
--------------------------------------------------!
time		0.000000
wall time	182.652813
*******************************
dgemm_time	35.073776
conv_transfer_time	0.000000
conv_calculate_time	1807.585083
elastic_calculate_time	1807.619751
Allen_Cahn_nonlinear_time	1871.375610
Cahn_Hilliard_nonlinear_time	0.012160
trans_time	26.953646
trans_Memcpy_time	13.217584
trans_MPI_time	9.833787
trans_pack_time	0.321596
trans_enlarge_time	0.589114
trans_mu_time	0.411840
trans_unpack_time	2.131811
updateU_new_time	1.426382
runtime	1.937283
--------------------------------------------------!
***************dt=2.000000***************
***************flag=0***************
--------------------------------------------------!
time		0.000000
wall time	184.592433
*******************************
dgemm_time	35.113632
conv_transfer_time	0.000000
conv_calculate_time	1805.677856
elastic_calculate_time	1805.713867
Allen_Cahn_nonlinear_time	1870.562622
Cahn_Hilliard_nonlinear_time	0.012000
trans_time	26.788359
trans_Memcpy_time	13.221428
trans_MPI_time	9.671874
trans_pack_time	0.319997
trans_enlarge_time	0.586874
trans_mu_time	0.412320
trans_unpack_time	2.127652
updateU_new_time	1.431022
runtime	1.940979
--------------------------------------------------!
***************dt=2.000000***************
***************flag=0***************
--------------------------------------------------!
time		0.000000
wall time	186.529800
*******************************
dgemm_time	35.072041
conv_transfer_time	0.000000
conv_calculate_time	1808.783447
elastic_calculate_time	1808.818604
Allen_Cahn_nonlinear_time	1870.886963
Cahn_Hilliard_nonlinear_time	0.012160
trans_time	26.385424
trans_Memcpy_time	13.203352
trans_MPI_time	9.285002
trans_pack_time	0.322877
trans_enlarge_time	0.582874
trans_mu_time	0.411680
trans_unpack_time	2.132453
updateU_new_time	1.428783
runtime	1.935805
--------------------------------------------------!
***************dt=2.000000***************
***************flag=0***************
--------------------------------------------------!
time		0.000000
wall time	188.470912
*******************************
dgemm_time	35.091415
conv_transfer_time	0.000000
conv_calculate_time	1803.971191
elastic_calculate_time	1804.011353
Allen_Cahn_nonlinear_time	1870.914917
Cahn_Hilliard_nonlinear_time	0.012800
trans_time	26.907166
trans_Memcpy_time	13.220955
trans_MPI_time	9.781480
trans_pack_time	0.328477
trans_enlarge_time	0.589274
trans_mu_time	0.412160
trans_unpack_time	2.129414
updateU_new_time	1.429103
runtime	1.936191
--------------------------------------------------!
***************dt=2.000000***************
***************flag=0***************
--------------------------------------------------!
time		0.000000
wall time	190.406788
*******************************
dgemm_time	35.066628
conv_transfer_time	0.000000
conv_calculate_time	1809.353516
elastic_calculate_time	1809.393433
Allen_Cahn_nonlinear_time	1873.654297
Cahn_Hilliard_nonlinear_time	0.012160
trans_time	26.888166
trans_Memcpy_time	13.206561
trans_MPI_time	9.757642
trans_pack_time	0.336477
trans_enlarge_time	0.586074
trans_mu_time	0.413120
trans_unpack_time	2.138214
updateU_new_time	1.426864
runtime	1.941354
--------------------------------------------------!
***************dt=2.000000***************
***************flag=0***************
--------------------------------------------------!
time		0.000000
wall time	192.343074
*******************************
dgemm_time	35.070961
conv_transfer_time	0.000000
conv_calculate_time	1808.831055
elastic_calculate_time	1808.881104
Allen_Cahn_nonlinear_time	1874.776001
Cahn_Hilliard_nonlinear_time	0.012480
trans_time	27.053812
trans_Memcpy_time	13.209766
trans_MPI_time	9.943725
trans_pack_time	0.323037
trans_enlarge_time	0.590234
trans_mu_time	0.410240
trans_unpack_time	2.129895
updateU_new_time	1.427184
runtime	1.943321
--------------------------------------------------!
***************dt=2.000000***************
***************flag=0***************
--------------------------------------------------!
time		0.000000
wall time	194.284510
*******************************
dgemm_time	35.059608
conv_transfer_time	0.000000
conv_calculate_time	1808.207153
elastic_calculate_time	1808.246216
Allen_Cahn_nonlinear_time	1872.031372
Cahn_Hilliard_nonlinear_time	0.012480
trans_time	26.827623
trans_Memcpy_time	13.355370
trans_MPI_time	9.504053
trans_pack_time	0.321757
trans_enlarge_time	0.590874
trans_mu_time	0.410080
trans_unpack_time	2.130216
updateU_new_time	1.428945
runtime	1.938574
--------------------------------------------------!
***************dt=2.000000***************
***************flag=0***************
--------------------------------------------------!
time		0.000000
wall time	196.227910
*******************************
dgemm_time	35.072903
conv_transfer_time	0.000000
conv_calculate_time	1809.862305
elastic_calculate_time	1809.900391
Allen_Cahn_nonlinear_time	1875.647949
Cahn_Hilliard_nonlinear_time	0.012160
trans_time	26.677027
trans_Memcpy_time	13.237778
trans_MPI_time	9.456376
trans_pack_time	0.323197
trans_enlarge_time	0.600314
trans_mu_time	0.413280
trans_unpack_time	2.145097
updateU_new_time	1.428945
runtime	1.942296
--------------------------------------------------!
***************dt=2.000000***************
***************flag=0***************
--------------------------------------------------!
time		0.000000
wall time	198.173417
