running   on	1024   processors
restart		0
nx,ny,nz	260	260	132
px,py,pz	8	8	16
nghost		2
output   dir	./output/output2/
data   dir	./data/
dt,t_total	2.000000,200.100000
ELASTIC		1
ANISOTROPIC		1
nac,nch		6,2
xmin,ymin,zmin	0.000000	0.000000	0.000000
xmax,ymax,zmax	2048.000000	2048.000000	2048.000000
checkpoint_,nchk,chk	1,1000,0
nout		10000
Approx		32
detect_iter		100000
Reading input.txt file:
myrank = 321 P = 5 Q = 1
myrank = 320 P = 1 Q = 4
myrank = 547 P = 3 Q = 0
myrank = 322 P = 1 Q = 3
myrank = 541 P = 3 Q = 3
myrank = 323 P = 1 Q = 5
myrank = 545 P = 5 Q = 1
myrank = 557 P = 5 Q = 2
myrank = 552 P = 4 Q = 1
myrank = 332 P = 0 Q = 5
myrank = 335 P = 3 Q = 1
myrank = 333 P = 0 Q = 1
myrank = 540 P = 3 Q = 4
myrank = 259 P = 1 Q = 4
myrank = 554 P = 2 Q = 1
myrank = 558 P = 0 Q = 3
myrank = 555 P = 1 Q = 0
myrank = 334 P = 4 Q = 1
myrank = 623 P = 0 Q = 3
myrank = 256 P = 1 Q = 2
myrank = 546 P = 4 Q = 1
myrank = 553 P = 5 Q = 5
myrank = 551 P = 4 Q = 2
myrank = 544 P = 3 Q = 5
myrank = 559 P = 2 Q = 2
myrank = 317 P = 1 Q = 2
myrank = 548 P = 4 Q = 4
myrank = 620 P = 0 Q = 1
myrank = 621 P = 1 Q = 2
myrank = 556 P = 2 Q = 3
myrank = 543 P = 1 Q = 3
myrank = 549 P = 1 Q = 0
myrank = 622 P = 0 Q = 1
myrank = 318 P = 3 Q = 4
myrank = 316 P = 1 Q = 0
myrank = 263 P = 5 Q = 0
myrank = 367 P = 3 Q = 3
myrank = 365 P = 2 Q = 1
myrank = 257 P = 3 Q = 5
myrank = 542 P = 5 Q = 5
myrank = 319 P = 4 Q = 1
myrank = 313 P = 1 Q = 4
myrank = 979 P = 3 Q = 0
myrank = 261 P = 1 Q = 0
myrank = 315 P = 0 Q = 5
myrank = 550 P = 3 Q = 5
myrank = 265 P = 4 Q = 4
myrank = 260 P = 3 Q = 3
myrank = 206 P = 4 Q = 1
myrank = 258 P = 4 Q = 2
myrank = 447 P = 4 Q = 2
myrank = 303 P = 2 Q = 5
myrank = 262 P = 4 Q = 0
myrank = 299 P = 1 Q = 0
myrank = 311 P = 0 Q = 2
myrank = 292 P = 3 Q = 0
myrank = 659 P = 1 Q = 4
myrank = 295 P = 0 Q = 1
myrank = 207 P = 1 Q = 0
myrank = 356 P = 5 Q = 5
myrank = 72 P = 2 Q = 3
myrank = 294 P = 0 Q = 5
myrank = 267 P = 5 Q = 5
myrank = 314 P = 0 Q = 1
myrank = 1005 P = 3 Q = 5
myrank = 306 P = 0 Q = 1
myrank = 312 P = 1 Q = 0
myrank = 444 P = 5 Q = 2
myrank = 310 P = 5 Q = 1
myrank = 327 P = 3 Q = 4
myrank = 976 P = 4 Q = 1
myrank = 264 P = 4 Q = 5
myrank = 266 P = 0 Q = 0
myrank = 445 P = 2 Q = 4
myrank = 300 P = 0 Q = 1
myrank = 663 P = 3 Q = 4
myrank = 330 P = 0 Q = 1
myrank = 666 P = 1 Q = 1
myrank = 353 P = 5 Q = 4
myrank = 271 P = 0 Q = 2
myrank = 357 P = 3 Q = 3
myrank = 977 P = 2 Q = 4
myrank = 291 P = 1 Q = 4
myrank = 279 P = 3 Q = 3
myrank = 1004 P = 0 Q = 2
myrank = 325 P = 1 Q = 0
myrank = 296 P = 4 Q = 3
myrank = 646 P = 4 Q = 2
myrank = 925 P = 1 Q = 0
myrank = 205 P = 1 Q = 2
myrank = 825 P = 0 Q = 3
myrank = 927 P = 0 Q = 2
myrank = 446 P = 4 Q = 5
myrank = 359 P = 2 Q = 2
myrank = 656 P = 0 Q = 2
myrank = 740 P = 4 Q = 0
myrank = 824 P = 2 Q = 0
myrank = 364 P = 5 Q = 3
myrank = 308 P = 5 Q = 1
myrank = 974 P = 1 Q = 1
myrank = 204 P = 1 Q = 0
myrank = 366 P = 3 Q = 2
myrank = 293 P = 3 Q = 0
myrank = 354 P = 5 Q = 0
myrank = 671 P = 3 Q = 5
myrank = 326 P = 4 Q = 2
myrank = 290 P = 1 Q = 2
myrank = 269 P = 4 Q = 0
myrank = 734 P = 4 Q = 2
myrank = 968 P = 1 Q = 0
myrank = 995 P = 1 Q = 5
myrank = 743 P = 5 Q = 0
myrank = 1007 P = 5 Q = 0
myrank = 827 P = 3 Q = 0
myrank = 732 P = 1 Q = 1
myrank = 307 P = 4 Q = 1
myrank = 309 P = 3 Q = 0
myrank = 924 P = 3 Q = 5
myrank = 276 P = 2 Q = 3
myrank = 657 P = 5 Q = 1
myrank = 665 P = 2 Q = 2
myrank = 324 P = 5 Q = 4
myrank = 511 P = 4 Q = 3
myrank = 993 P = 5 Q = 4
myrank = 288 P = 3 Q = 1
myrank = 566 P = 2 Q = 1
myrank = 926 P = 5 Q = 3
myrank = 302 P = 5 Q = 3
myrank = 508 P = 3 Q = 0
myrank = 741 P = 3 Q = 4
myrank = 667 P = 1 Q = 1
myrank = 301 P = 3 Q = 1
myrank = 448 P = 0 Q = 1
myrank = 451 P = 0 Q = 4
myrank = 270 P = 5 Q = 5
myrank = 331 P = 1 Q = 4
myrank = 978 P = 3 Q = 0
myrank = 973 P = 4 Q = 4
myrank = 735 P = 5 Q = 4
myrank = 305 P = 5 Q = 3
myrank = 1006 P = 2 Q = 4
myrank = 328 P = 4 Q = 0
myrank = 329 P = 2 Q = 5
myrank = 645 P = 4 Q = 0
myrank = 687 P = 5 Q = 3
myrank = 73 P = 1 Q = 3
myrank = 627 P = 4 Q = 4
myrank = 668 P = 3 Q = 5
myrank = 355 P = 4 Q = 2
myrank = 975 P = 3 Q = 0
myrank = 826 P = 4 Q = 5
myrank = 278 P = 4 Q = 4
myrank = 565 P = 5 Q = 4
myrank = 564 P = 0 Q = 5
myrank = 664 P = 3 Q = 1
myrank = 660 P = 2 Q = 1
myrank = 658 P = 3 Q = 0
myrank = 675 P = 1 Q = 5
myrank = 661 P = 1 Q = 3
myrank = 358 P = 2 Q = 5
myrank = 277 P = 4 Q = 2
myrank = 289 P = 5 Q = 3
myrank = 625 P = 2 Q = 3
myrank = 960 P = 1 Q = 4
myrank = 971 P = 2 Q = 0
myrank = 74 P = 5 Q = 3
myrank = 799 P = 2 Q = 5
myrank = 742 P = 0 Q = 4
myrank = 673 P = 2 Q = 1
myrank = 563 P = 2 Q = 4
myrank = 733 P = 0 Q = 0
myrank = 35 P = 1 Q = 2
myrank = 797 P = 0 Q = 1
myrank = 662 P = 1 Q = 2
myrank = 972 P = 2 Q = 3
myrank = 759 P = 2 Q = 3
myrank = 684 P = 2 Q = 0
myrank = 561 P = 3 Q = 5
myrank = 75 P = 3 Q = 4
myrank = 991 P = 0 Q = 5
myrank = 931 P = 1 Q = 4
myrank = 567 P = 1 Q = 5
myrank = 674 P = 2 Q = 3
myrank = 175 P = 1 Q = 0
myrank = 168 P = 2 Q = 3
myrank = 510 P = 2 Q = 4
myrank = 699 P = 3 Q = 2
myrank = 624 P = 1 Q = 4
myrank = 672 P = 3 Q = 5
myrank = 670 P = 2 Q = 1
myrank = 626 P = 0 Q = 3
myrank = 406 P = 1 Q = 3
myrank = 669 P = 3 Q = 2
myrank = 174 P = 3 Q = 0
myrank = 297 P = 5 Q = 1
myrank = 796 P = 1 Q = 5
myrank = 586 P = 3 Q = 0
myrank = 405 P = 3 Q = 1
myrank = 34 P = 5 Q = 3
myrank = 33 P = 5 Q = 4
myrank = 766 P = 4 Q = 5
myrank = 940 P = 0 Q = 5
myrank = 686 P = 2 Q = 4
myrank = 775 P = 1 Q = 4
myrank = 509 P = 2 Q = 1
myrank = 123 P = 0 Q = 2
myrank = 794 P = 5 Q = 4
myrank = 275 P = 5 Q = 0
myrank = 994 P = 3 Q = 4
myrank = 78 P = 4 Q = 1
myrank = 944 P = 4 Q = 1
myrank = 298 P = 0 Q = 4
myrank = 560 P = 5 Q = 2
myrank = 969 P = 2 Q = 5
myrank = 571 P = 2 Q = 2
myrank = 738 P = 5 Q = 1
myrank = 587 P = 2 Q = 2
myrank = 692 P = 2 Q = 2
myrank = 79 P = 1 Q = 1
myrank = 352 P = 0 Q = 5
myrank = 562 P = 1 Q = 1
myrank = 946 P = 4 Q = 2
myrank = 793 P = 4 Q = 2
myrank = 15 P = 0 Q = 5
myrank = 774 P = 4 Q = 1
myrank = 992 P = 1 Q = 5
myrank = 304 P = 4 Q = 4
myrank = 970 P = 3 Q = 1
myrank = 268 P = 2 Q = 2
myrank = 585 P = 3 Q = 4
myrank = 575 P = 1 Q = 1
myrank = 685 P = 3 Q = 5
myrank = 407 P = 2 Q = 0
myrank = 980 P = 2 Q = 1
myrank = 173 P = 2 Q = 1
myrank = 962 P = 0 Q = 3
myrank = 949 P = 3 Q = 3
myrank = 961 P = 0 Q = 0
myrank = 693 P = 0 Q = 3
myrank = 76 P = 1 Q = 4
myrank = 12 P = 5 Q = 2
myrank = 122 P = 1 Q = 4
myrank = 798 P = 3 Q = 0
myrank = 792 P = 0 Q = 2
myrank = 77 P = 5 Q = 3
myrank = 795 P = 5 Q = 0
myrank = 772 P = 1 Q = 4
myrank = 20 P = 5 Q = 1
myrank = 951 P = 1 Q = 0
myrank = 941 P = 3 Q = 4
myrank = 783 P = 4 Q = 5
myrank = 929 P = 2 Q = 3
myrank = 998 P = 5 Q = 5
myrank = 584 P = 4 Q = 5
myrank = 679 P = 2 Q = 2
myrank = 805 P = 2 Q = 0
myrank = 773 P = 2 Q = 5
myrank = 21 P = 3 Q = 3
myrank = 201 P = 3 Q = 3
myrank = 982 P = 4 Q = 5
myrank = 760 P = 0 Q = 5
myrank = 111 P = 2 Q = 1
myrank = 404 P = 4 Q = 3
myrank = 16 P = 0 Q = 2
myrank = 99 P = 0 Q = 4
myrank = 71 P = 4 Q = 0
myrank = 989 P = 3 Q = 2
myrank = 1002 P = 3 Q = 2
myrank = 644 P = 5 Q = 4
myrank = 172 P = 0 Q = 0
myrank = 737 P = 4 Q = 3
myrank = 943 P = 1 Q = 2
myrank = 450 P = 5 Q = 5
myrank = 23 P = 5 Q = 2
myrank = 570 P = 4 Q = 5
myrank = 698 P = 3 Q = 2
myrank = 764 P = 5 Q = 4
myrank = 947 P = 5 Q = 1
myrank = 695 P = 5 Q = 5
myrank = 981 P = 1 Q = 0
myrank = 948 P = 0 Q = 3
myrank = 14 P = 1 Q = 1
myrank = 274 P = 0 Q = 2
myrank = 782 P = 1 Q = 2
myrank = 200 P = 4 Q = 1
myrank = 758 P = 1 Q = 4
myrank = 574 P = 2 Q = 2
myrank = 119 P = 4 Q = 4
myrank = 780 P = 1 Q = 2
myrank = 765 P = 2 Q = 1
myrank = 116 P = 4 Q = 5
myrank = 950 P = 2 Q = 4
myrank = 647 P = 3 Q = 1
myrank = 694 P = 4 Q = 0
myrank = 677 P = 3 Q = 4
myrank = 203 P = 2 Q = 1
myrank = 804 P = 4 Q = 0
myrank = 449 P = 1 Q = 5
myrank = 942 P = 5 Q = 3
myrank = 120 P = 5 Q = 5
myrank = 789 P = 3 Q = 5
myrank = 25 P = 2 Q = 5
myrank = 652 P = 5 Q = 2
myrank = 273 P = 5 Q = 3
myrank = 963 P = 2 Q = 1
myrank = 583 P = 0 Q = 3
myrank = 170 P = 4 Q = 1
myrank = 108 P = 4 Q = 4
myrank = 27 P = 4 Q = 4
myrank = 178 P = 1 Q = 0
myrank = 791 P = 5 Q = 4
myrank = 988 P = 3 Q = 2
myrank = 11 P = 0 Q = 1
myrank = 176 P = 5 Q = 2
myrank = 987 P = 4 Q = 4
myrank = 952 P = 1 Q = 0
myrank = 167 P = 3 Q = 4
myrank = 887 P = 4 Q = 2
myrank = 18 P = 5 Q = 3
myrank = 118 P = 3 Q = 4
myrank = 568 P = 4 Q = 5
myrank = 54 P = 4 Q = 0
myrank = 13 P = 5 Q = 5
myrank = 87 P = 4 Q = 0
myrank = 653 P = 4 Q = 1
myrank = 9 P = 5 Q = 5
myrank = 762 P = 2 Q = 4
myrank = 1001 P = 2 Q = 2
myrank = 739 P = 4 Q = 0
myrank = 763 P = 0 Q = 2
myrank = 945 P = 0 Q = 3
myrank = 53 P = 3 Q = 3
myrank = 676 P = 0 Q = 1
myrank = 202 P = 2 Q = 1
myrank = 109 P = 2 Q = 1
myrank = 110 P = 3 Q = 5
myrank = 69 P = 5 Q = 1
myrank = 180 P = 3 Q = 4
myrank = 932 P = 0 Q = 3
myrank = 781 P = 2 Q = 4
myrank = 990 P = 2 Q = 1
myrank = 177 P = 0 Q = 1
myrank = 70 P = 1 Q = 3
myrank = 117 P = 2 Q = 2
myrank = 19 P = 1 Q = 2
myrank = 115 P = 3 Q = 1
myrank = 22 P = 1 Q = 2
myrank = 757 P = 2 Q = 2
myrank = 955 P = 5 Q = 3
myrank = 983 P = 0 Q = 1
myrank = 964 P = 2 Q = 1
myrank = 697 P = 4 Q = 3
myrank = 88 P = 3 Q = 4
myrank = 84 P = 1 Q = 3
myrank = 807 P = 2 Q = 0
myrank = 761 P = 1 Q = 4
myrank = 17 P = 2 Q = 4
myrank = 181 P = 5 Q = 0
myrank = 1000 P = 1 Q = 4
myrank = 579 P = 5 Q = 0
myrank = 655 P = 0 Q = 2
myrank = 997 P = 0 Q = 4
myrank = 654 P = 4 Q = 4
myrank = 85 P = 0 Q = 1
myrank = 928 P = 2 Q = 0
myrank = 68 P = 5 Q = 5
myrank = 784 P = 0 Q = 4
myrank = 121 P = 4 Q = 4
myrank = 891 P = 2 Q = 2
myrank = 886 P = 2 Q = 4
myrank = 98 P = 2 Q = 4
myrank = 26 P = 2 Q = 2
myrank = 767 P = 1 Q = 2
myrank = 581 P = 1 Q = 2
myrank = 953 P = 0 Q = 4
myrank = 889 P = 0 Q = 4
myrank = 8 P = 0 Q = 4
myrank = 903 P = 4 Q = 2
myrank = 937 P = 5 Q = 2
myrank = 999 P = 5 Q = 5
myrank = 936 P = 4 Q = 3
myrank = 171 P = 3 Q = 3
myrank = 736 P = 0 Q = 0
myrank = 966 P = 2 Q = 4
myrank = 996 P = 0 Q = 4
myrank = 930 P = 4 Q = 2
myrank = 250 P = 3 Q = 3
myrank = 211 P = 5 Q = 5
myrank = 790 P = 0 Q = 2
myrank = 443 P = 0 Q = 5
myrank = 46 P = 0 Q = 5
myrank = 55 P = 5 Q = 5
myrank = 954 P = 3 Q = 4
myrank = 179 P = 0 Q = 5
myrank = 935 P = 3 Q = 3
myrank = 678 P = 2 Q = 5
myrank = 572 P = 3 Q = 1
myrank = 59 P = 3 Q = 1
myrank = 965 P = 4 Q = 0
myrank = 984 P = 0 Q = 1
myrank = 165 P = 4 Q = 3
myrank = 866 P = 4 Q = 1
myrank = 934 P = 2 Q = 1
myrank = 756 P = 5 Q = 0
myrank = 103 P = 2 Q = 0
myrank = 86 P = 1 Q = 3
myrank = 888 P = 5 Q = 1
myrank = 939 P = 1 Q = 0
myrank = 47 P = 5 Q = 3
myrank = 183 P = 4 Q = 1
myrank = 882 P = 1 Q = 1
myrank = 885 P = 5 Q = 4
myrank = 525 P = 4 Q = 3
myrank = 875 P = 3 Q = 4
myrank = 788 P = 4 Q = 4
myrank = 166 P = 3 Q = 2
myrank = 56 P = 2 Q = 4
myrank = 786 P = 5 Q = 2
myrank = 959 P = 0 Q = 0
myrank = 32 P = 3 Q = 5
myrank = 806 P = 0 Q = 5
myrank = 890 P = 4 Q = 5
myrank = 715 P = 1 Q = 5
myrank = 24 P = 3 Q = 0
myrank = 91 P = 1 Q = 4
myrank = 967 P = 0 Q = 1
myrank = 124 P = 0 Q = 5
myrank = 1003 P = 1 Q = 1
myrank = 938 P = 4 Q = 3
myrank = 441 P = 4 Q = 1
myrank = 771 P = 0 Q = 4
myrank = 10 P = 3 Q = 4
myrank = 569 P = 3 Q = 1
myrank = 105 P = 4 Q = 4
myrank = 880 P = 5 Q = 3
myrank = 691 P = 1 Q = 2
myrank = 867 P = 3 Q = 0
myrank = 133 P = 5 Q = 5
myrank = 90 P = 2 Q = 0
myrank = 44 P = 1 Q = 3
myrank = 164 P = 4 Q = 3
myrank = 182 P = 5 Q = 0
myrank = 779 P = 3 Q = 2
myrank = 723 P = 4 Q = 3
myrank = 985 P = 5 Q = 5
myrank = 217 P = 0 Q = 0
myrank = 97 P = 4 Q = 0
myrank = 112 P = 5 Q = 1
myrank = 902 P = 2 Q = 1
myrank = 96 P = 0 Q = 3
myrank = 7 P = 3 Q = 1
myrank = 577 P = 3 Q = 2
myrank = 114 P = 4 Q = 5
myrank = 580 P = 0 Q = 5
myrank = 809 P = 4 Q = 5
myrank = 148 P = 4 Q = 0
myrank = 248 P = 1 Q = 5
myrank = 768 P = 0 Q = 1
myrank = 57 P = 1 Q = 0
myrank = 933 P = 1 Q = 2
myrank = 132 P = 4 Q = 0
myrank = 911 P = 3 Q = 2
myrank = 127 P = 1 Q = 5
myrank = 688 P = 4 Q = 5
myrank = 107 P = 0 Q = 2
myrank = 140 P = 4 Q = 2
myrank = 102 P = 0 Q = 4
myrank = 526 P = 0 Q = 1
myrank = 150 P = 3 Q = 2
myrank = 689 P = 4 Q = 5
myrank = 251 P = 2 Q = 2
myrank = 573 P = 1 Q = 0
myrank = 527 P = 1 Q = 3
myrank = 958 P = 5 Q = 0
myrank = 45 P = 3 Q = 5
myrank = 956 P = 3 Q = 2
myrank = 52 P = 2 Q = 5
myrank = 787 P = 1 Q = 1
myrank = 113 P = 1 Q = 2
myrank = 582 P = 2 Q = 3
myrank = 785 P = 0 Q = 1
myrank = 151 P = 4 Q = 0
myrank = 82 P = 2 Q = 4
myrank = 524 P = 4 Q = 0
myrank = 770 P = 2 Q = 5
myrank = 336 P = 0 Q = 2
myrank = 185 P = 0 Q = 0
myrank = 721 P = 2 Q = 5
myrank = 4 P = 2 Q = 1
myrank = 149 P = 2 Q = 2
myrank = 883 P = 5 Q = 1
myrank = 208 P = 2 Q = 5
myrank = 6 P = 4 Q = 5
myrank = 1019 P = 2 Q = 1
myrank = 31 P = 5 Q = 0
myrank = 222 P = 0 Q = 4
myrank = 5 P = 4 Q = 2
myrank = 696 P = 1 Q = 1
myrank = 64 P = 3 Q = 3
myrank = 104 P = 2 Q = 2
myrank = 720 P = 3 Q = 3
myrank = 30 P = 1 Q = 4
myrank = 957 P = 1 Q = 4
myrank = 1008 P = 4 Q = 5
myrank = 401 P = 5 Q = 2
myrank = 1011 P = 4 Q = 2
myrank = 440 P = 0 Q = 2
myrank = 95 P = 2 Q = 4
myrank = 89 P = 3 Q = 1
myrank = 189 P = 2 Q = 4
myrank = 80 P = 0 Q = 3
myrank = 705 P = 1 Q = 2
myrank = 703 P = 5 Q = 3
myrank = 811 P = 0 Q = 3
myrank = 396 P = 5 Q = 0
myrank = 881 P = 3 Q = 2
myrank = 249 P = 3 Q = 1
myrank = 134 P = 3 Q = 2
myrank = 986 P = 4 Q = 4
myrank = 62 P = 1 Q = 1
myrank = 776 P = 0 Q = 5
myrank = 343 P = 3 Q = 4
myrank = 752 P = 2 Q = 1
myrank = 865 P = 1 Q = 4
myrank = 29 P = 0 Q = 5
myrank = 341 P = 0 Q = 1
myrank = 223 P = 3 Q = 4
myrank = 769 P = 1 Q = 5
myrank = 1017 P = 4 Q = 3
myrank = 777 P = 4 Q = 1
myrank = 143 P = 4 Q = 5
myrank = 718 P = 4 Q = 5
myrank = 65 P = 4 Q = 2
myrank = 141 P = 5 Q = 4
myrank = 135 P = 1 Q = 3
myrank = 874 P = 4 Q = 5
myrank = 873 P = 5 Q = 4
myrank = 128 P = 0 Q = 1
myrank = 371 P = 3 Q = 3
myrank = 100 P = 4 Q = 0
myrank = 716 P = 5 Q = 3
myrank = 403 P = 4 Q = 0
myrank = 463 P = 4 Q = 5
myrank = 101 P = 0 Q = 1
myrank = 719 P = 0 Q = 0
myrank = 63 P = 2 Q = 3
myrank = 184 P = 5 Q = 0
myrank = 442 P = 1 Q = 4
myrank = 67 P = 3 Q = 0
myrank = 690 P = 3 Q = 0
myrank = 106 P = 2 Q = 0
myrank = 1016 P = 1 Q = 4
myrank = 714 P = 2 Q = 0
myrank = 808 P = 5 Q = 0
myrank = 380 P = 2 Q = 3
myrank = 858 P = 4 Q = 2
myrank = 210 P = 4 Q = 1
myrank = 81 P = 3 Q = 0
myrank = 169 P = 4 Q = 2
myrank = 191 P = 4 Q = 0
myrank = 272 P = 4 Q = 3
myrank = 126 P = 1 Q = 5
myrank = 578 P = 3 Q = 2
myrank = 707 P = 0 Q = 3
myrank = 778 P = 2 Q = 4
myrank = 706 P = 3 Q = 0
myrank = 39 P = 5 Q = 2
myrank = 338 P = 0 Q = 5
myrank = 722 P = 5 Q = 1
myrank = 909 P = 4 Q = 0
myrank = 872 P = 5 Q = 1
myrank = 92 P = 1 Q = 4
myrank = 535 P = 0 Q = 2
myrank = 863 P = 3 Q = 4
myrank = 38 P = 1 Q = 5
myrank = 192 P = 1 Q = 5
myrank = 37 P = 0 Q = 0
myrank = 157 P = 4 Q = 5
myrank = 363 P = 4 Q = 1
myrank = 576 P = 4 Q = 0
myrank = 3 P = 0 Q = 2
myrank = 28 P = 5 Q = 5
myrank = 58 P = 3 Q = 2
myrank = 387 P = 0 Q = 0
myrank = 219 P = 2 Q = 4
myrank = 747 P = 3 Q = 2
myrank = 755 P = 3 Q = 1
myrank = 712 P = 3 Q = 2
myrank = 704 P = 3 Q = 3
myrank = 709 P = 5 Q = 1
myrank = 400 P = 0 Q = 0
myrank = 859 P = 5 Q = 4
myrank = 1018 P = 0 Q = 5
myrank = 83 P = 4 Q = 3
myrank = 871 P = 3 Q = 2
myrank = 142 P = 0 Q = 3
myrank = 861 P = 1 Q = 3
myrank = 381 P = 3 Q = 5
myrank = 36 P = 4 Q = 2
myrank = 857 P = 3 Q = 3
myrank = 900 P = 4 Q = 5
myrank = 864 P = 2 Q = 0
myrank = 159 P = 5 Q = 5
myrank = 194 P = 4 Q = 3
myrank = 862 P = 0 Q = 1
myrank = 129 P = 3 Q = 3
myrank = 125 P = 5 Q = 4
myrank = 870 P = 0 Q = 3
myrank = 810 P = 1 Q = 5
myrank = 682 P = 3 Q = 2
myrank = 868 P = 0 Q = 2
myrank = 856 P = 2 Q = 1
myrank = 190 P = 2 Q = 1
myrank = 701 P = 3 Q = 5
myrank = 131 P = 3 Q = 4
myrank = 339 P = 4 Q = 5
myrank = 745 P = 4 Q = 4
myrank = 1009 P = 5 Q = 1
myrank = 94 P = 0 Q = 5
myrank = 61 P = 5 Q = 0
myrank = 702 P = 4 Q = 5
myrank = 901 P = 4 Q = 2
myrank = 2 P = 0 Q = 5
myrank = 717 P = 0 Q = 3
myrank = 751 P = 2 Q = 1
myrank = 812 P = 1 Q = 2
myrank = 393 P = 1 Q = 0
myrank = 287 P = 0 Q = 2
myrank = 1023 P = 3 Q = 0
myrank = 814 P = 3 Q = 3
myrank = 216 P = 5 Q = 4
myrank = 753 P = 1 Q = 0
myrank = 711 P = 0 Q = 5
myrank = 60 P = 5 Q = 0
myrank = 519 P = 4 Q = 1
myrank = 0 P = 4 Q = 4
myrank = 399 P = 1 Q = 4
myrank = 158 P = 3 Q = 3
myrank = 397 P = 2 Q = 0
myrank = 749 P = 3 Q = 0
myrank = 392 P = 0 Q = 1
myrank = 370 P = 3 Q = 0
myrank = 700 P = 5 Q = 0
myrank = 731 P = 4 Q = 5
myrank = 337 P = 2 Q = 1
myrank = 255 P = 0 Q = 5
myrank = 340 P = 2 Q = 1
myrank = 402 P = 5 Q = 1
myrank = 728 P = 3 Q = 4
myrank = 884 P = 3 Q = 5
myrank = 713 P = 5 Q = 3
myrank = 195 P = 2 Q = 3
myrank = 218 P = 4 Q = 5
myrank = 681 P = 5 Q = 2
myrank = 896 P = 4 Q = 1
myrank = 899 P = 2 Q = 1
myrank = 146 P = 2 Q = 2
myrank = 130 P = 5 Q = 5
myrank = 639 P = 0 Q = 3
myrank = 460 P = 4 Q = 5
myrank = 523 P = 5 Q = 4
myrank = 710 P = 1 Q = 0
myrank = 220 P = 3 Q = 1
myrank = 398 P = 4 Q = 5
myrank = 831 P = 1 Q = 0
myrank = 855 P = 1 Q = 4
myrank = 800 P = 5 Q = 5
myrank = 877 P = 5 Q = 5
myrank = 898 P = 5 Q = 1
myrank = 466 P = 5 Q = 5
myrank = 464 P = 3 Q = 1
myrank = 860 P = 4 Q = 3
myrank = 385 P = 1 Q = 2
myrank = 748 P = 5 Q = 1
myrank = 187 P = 2 Q = 4
myrank = 611 P = 1 Q = 4
myrank = 849 P = 3 Q = 1
myrank = 361 P = 1 Q = 0
myrank = 66 P = 5 Q = 1
myrank = 369 P = 1 Q = 2
myrank = 744 P = 1 Q = 4
myrank = 188 P = 3 Q = 0
myrank = 746 P = 0 Q = 3
myrank = 467 P = 5 Q = 2
myrank = 1020 P = 2 Q = 0
myrank = 876 P = 0 Q = 4
myrank = 156 P = 4 Q = 5
myrank = 916 P = 3 Q = 3
myrank = 869 P = 5 Q = 4
myrank = 221 P = 1 Q = 2
myrank = 750 P = 3 Q = 0
myrank = 461 P = 5 Q = 4
myrank = 683 P = 4 Q = 4
myrank = 607 P = 3 Q = 2
myrank = 818 P = 4 Q = 3
myrank = 532 P = 4 Q = 4
myrank = 386 P = 0 Q = 3
myrank = 383 P = 2 Q = 3
myrank = 910 P = 3 Q = 5
myrank = 516 P = 3 Q = 1
myrank = 852 P = 1 Q = 1
myrank = 160 P = 2 Q = 2
myrank = 754 P = 0 Q = 4
myrank = 342 P = 1 Q = 5
myrank = 162 P = 4 Q = 0
myrank = 612 P = 0 Q = 3
myrank = 848 P = 5 Q = 0
myrank = 878 P = 5 Q = 5
myrank = 1010 P = 3 Q = 1
myrank = 474 P = 5 Q = 4
myrank = 615 P = 0 Q = 3
myrank = 828 P = 3 Q = 3
myrank = 462 P = 0 Q = 0
myrank = 708 P = 5 Q = 5
myrank = 730 P = 5 Q = 0
myrank = 382 P = 1 Q = 5
myrank = 394 P = 5 Q = 0
myrank = 897 P = 3 Q = 2
myrank = 41 P = 4 Q = 0
myrank = 368 P = 4 Q = 2
myrank = 147 P = 5 Q = 5
myrank = 42 P = 2 Q = 5
myrank = 1 P = 4 Q = 4
myrank = 465 P = 3 Q = 3
myrank = 145 P = 0 Q = 0
myrank = 362 P = 3 Q = 2
myrank = 456 P = 3 Q = 5
myrank = 1021 P = 4 Q = 2
myrank = 534 P = 3 Q = 3
myrank = 918 P = 3 Q = 1
myrank = 475 P = 5 Q = 0
myrank = 853 P = 1 Q = 4
myrank = 468 P = 4 Q = 0
myrank = 680 P = 4 Q = 4
myrank = 93 P = 0 Q = 0
myrank = 817 P = 4 Q = 0
myrank = 395 P = 3 Q = 1
myrank = 635 P = 5 Q = 3
myrank = 252 P = 0 Q = 4
myrank = 40 P = 0 Q = 0
myrank = 470 P = 0 Q = 2
myrank = 917 P = 1 Q = 5
myrank = 43 P = 1 Q = 0
myrank = 851 P = 2 Q = 0
myrank = 360 P = 4 Q = 4
myrank = 384 P = 0 Q = 3
myrank = 163 P = 3 Q = 2
myrank = 629 P = 0 Q = 3
myrank = 638 P = 2 Q = 0
myrank = 725 P = 0 Q = 1
myrank = 813 P = 5 Q = 5
myrank = 879 P = 1 Q = 4
myrank = 631 P = 2 Q = 1
myrank = 628 P = 0 Q = 3
myrank = 348 P = 5 Q = 5
myrank = 472 P = 2 Q = 3
myrank = 603 P = 2 Q = 2
myrank = 854 P = 0 Q = 0
myrank = 139 P = 5 Q = 3
myrank = 908 P = 4 Q = 1
myrank = 895 P = 4 Q = 1
myrank = 803 P = 0 Q = 2
myrank = 1022 P = 4 Q = 5
myrank = 137 P = 3 Q = 2
myrank = 286 P = 2 Q = 0
myrank = 418 P = 2 Q = 1
myrank = 843 P = 5 Q = 4
myrank = 529 P = 0 Q = 1
myrank = 1015 P = 2 Q = 2
myrank = 186 P = 4 Q = 4
myrank = 349 P = 3 Q = 5
myrank = 350 P = 4 Q = 1
myrank = 892 P = 3 Q = 4
myrank = 253 P = 1 Q = 3
myrank = 212 P = 4 Q = 1
myrank = 630 P = 2 Q = 1
myrank = 155 P = 2 Q = 3
myrank = 372 P = 2 Q = 2
myrank = 596 P = 5 Q = 3
myrank = 727 P = 5 Q = 3
myrank = 161 P = 1 Q = 0
myrank = 634 P = 0 Q = 1
myrank = 284 P = 3 Q = 4
myrank = 144 P = 3 Q = 4
myrank = 458 P = 2 Q = 1
myrank = 919 P = 0 Q = 0
myrank = 136 P = 0 Q = 5
myrank = 515 P = 5 Q = 0
myrank = 651 P = 4 Q = 1
myrank = 517 P = 2 Q = 3
myrank = 254 P = 2 Q = 5
myrank = 473 P = 3 Q = 5
myrank = 850 P = 2 Q = 0
myrank = 247 P = 4 Q = 2
myrank = 801 P = 4 Q = 0
myrank = 245 P = 0 Q = 2
myrank = 345 P = 5 Q = 2
myrank = 609 P = 2 Q = 3
myrank = 416 P = 0 Q = 3
myrank = 521 P = 0 Q = 3
myrank = 244 P = 0 Q = 2
myrank = 829 P = 5 Q = 2
myrank = 533 P = 4 Q = 1
myrank = 285 P = 1 Q = 3
myrank = 802 P = 5 Q = 5
myrank = 642 P = 0 Q = 0
myrank = 726 P = 1 Q = 0
myrank = 906 P = 0 Q = 0
myrank = 471 P = 4 Q = 0
myrank = 643 P = 5 Q = 4
myrank = 724 P = 2 Q = 2
myrank = 375 P = 2 Q = 5
myrank = 921 P = 5 Q = 2
myrank = 923 P = 2 Q = 5
myrank = 240 P = 1 Q = 0
myrank = 374 P = 4 Q = 0
myrank = 214 P = 0 Q = 3
myrank = 617 P = 5 Q = 4
myrank = 230 P = 5 Q = 1
myrank = 614 P = 2 Q = 1
myrank = 522 P = 5 Q = 1
myrank = 840 P = 3 Q = 3
myrank = 595 P = 5 Q = 0
myrank = 648 P = 4 Q = 3
myrank = 922 P = 4 Q = 3
myrank = 636 P = 2 Q = 5
myrank = 610 P = 1 Q = 5
myrank = 531 P = 5 Q = 3
myrank = 351 P = 5 Q = 0
myrank = 616 P = 1 Q = 0
myrank = 893 P = 5 Q = 5
myrank = 346 P = 5 Q = 2
myrank = 426 P = 5 Q = 0
myrank = 469 P = 5 Q = 2
myrank = 514 P = 2 Q = 3
myrank = 198 P = 2 Q = 3
myrank = 905 P = 0 Q = 4
myrank = 530 P = 1 Q = 1
myrank = 439 P = 2 Q = 3
myrank = 838 P = 0 Q = 0
myrank = 51 P = 0 Q = 3
myrank = 154 P = 2 Q = 3
myrank = 49 P = 1 Q = 2
myrank = 436 P = 5 Q = 0
myrank = 637 P = 4 Q = 4
myrank = 592 P = 5 Q = 3
myrank = 502 P = 3 Q = 2
myrank = 915 P = 2 Q = 0
myrank = 138 P = 2 Q = 4
myrank = 649 P = 2 Q = 2
myrank = 619 P = 4 Q = 3
myrank = 920 P = 5 Q = 2
myrank = 632 P = 4 Q = 0
myrank = 729 P = 5 Q = 0
myrank = 518 P = 2 Q = 0
myrank = 633 P = 0 Q = 4
myrank = 821 P = 2 Q = 0
myrank = 379 P = 3 Q = 5
myrank = 894 P = 2 Q = 5
myrank = 373 P = 3 Q = 0
myrank = 50 P = 0 Q = 3
myrank = 598 P = 4 Q = 1
myrank = 904 P = 4 Q = 5
myrank = 1013 P = 3 Q = 4
myrank = 503 P = 4 Q = 1
myrank = 513 P = 3 Q = 4
myrank = 599 P = 0 Q = 0
myrank = 641 P = 1 Q = 4
myrank = 420 P = 4 Q = 0
myrank = 215 P = 3 Q = 2
myrank = 822 P = 1 Q = 5
myrank = 409 P = 1 Q = 1
myrank = 457 P = 0 Q = 2
myrank = 841 P = 3 Q = 3
myrank = 520 P = 4 Q = 1
myrank = 425 P = 1 Q = 4
myrank = 431 P = 5 Q = 1
myrank = 423 P = 5 Q = 3
myrank = 280 P = 2 Q = 2
myrank = 417 P = 4 Q = 0
myrank = 618 P = 1 Q = 0
myrank = 501 P = 5 Q = 3
myrank = 347 P = 1 Q = 1
myrank = 428 P = 4 Q = 1
myrank = 907 P = 5 Q = 5
myrank = 1014 P = 5 Q = 5
myrank = 48 P = 1 Q = 5
myrank = 344 P = 0 Q = 1
myrank = 152 P = 2 Q = 3
myrank = 640 P = 1 Q = 1
myrank = 224 P = 2 Q = 2
myrank = 613 P = 1 Q = 2
myrank = 600 P = 2 Q = 2
myrank = 427 P = 3 Q = 5
myrank = 433 P = 4 Q = 2
myrank = 378 P = 0 Q = 5
myrank = 196 P = 3 Q = 1
myrank = 246 P = 5 Q = 3
myrank = 459 P = 0 Q = 5
myrank = 242 P = 1 Q = 1
myrank = 830 P = 4 Q = 3
myrank = 452 P = 1 Q = 4
myrank = 408 P = 0 Q = 1
myrank = 512 P = 3 Q = 2
myrank = 424 P = 2 Q = 5
myrank = 816 P = 2 Q = 5
myrank = 650 P = 0 Q = 1
myrank = 1012 P = 5 Q = 5
myrank = 421 P = 3 Q = 1
myrank = 455 P = 4 Q = 4
myrank = 846 P = 3 Q = 4
myrank = 391 P = 3 Q = 2
myrank = 437 P = 2 Q = 2
myrank = 820 P = 3 Q = 4
myrank = 591 P = 0 Q = 5
myrank = 604 P = 0 Q = 5
myrank = 438 P = 4 Q = 1
myrank = 412 P = 4 Q = 1
myrank = 914 P = 4 Q = 2
myrank = 411 P = 1 Q = 4
myrank = 453 P = 5 Q = 5
myrank = 419 P = 0 Q = 1
myrank = 539 P = 5 Q = 4
myrank = 500 P = 0 Q = 4
myrank = 282 P = 4 Q = 0
myrank = 410 P = 2 Q = 0
myrank = 243 P = 1 Q = 3
myrank = 231 P = 0 Q = 2
myrank = 505 P = 3 Q = 3
myrank = 913 P = 3 Q = 5
myrank = 847 P = 4 Q = 0
myrank = 390 P = 1 Q = 0
myrank = 839 P = 1 Q = 4
myrank = 538 P = 1 Q = 2
myrank = 283 P = 1 Q = 3
myrank = 844 P = 1 Q = 0
myrank = 414 P = 0 Q = 2
myrank = 413 P = 0 Q = 3
myrank = 422 P = 0 Q = 1
myrank = 842 P = 5 Q = 1
myrank = 833 P = 3 Q = 1
myrank = 507 P = 0 Q = 3
myrank = 429 P = 0 Q = 0
myrank = 528 P = 2 Q = 0
myrank = 834 P = 5 Q = 3
myrank = 837 P = 5 Q = 0
myrank = 537 P = 0 Q = 0
myrank = 377 P = 4 Q = 3
myrank = 227 P = 2 Q = 5
myrank = 504 P = 5 Q = 3
myrank = 454 P = 4 Q = 4
myrank = 415 P = 5 Q = 1
myrank = 497 P = 4 Q = 0
myrank = 225 P = 5 Q = 2
myrank = 912 P = 2 Q = 3
myrank = 496 P = 5 Q = 2
myrank = 608 P = 2 Q = 0
myrank = 606 P = 5 Q = 3
myrank = 590 P = 0 Q = 2
myrank = 153 P = 0 Q = 2
myrank = 237 P = 2 Q = 2
myrank = 199 P = 1 Q = 4
myrank = 845 P = 5 Q = 2
myrank = 228 P = 3 Q = 2
myrank = 506 P = 1 Q = 4
myrank = 836 P = 1 Q = 4
myrank = 234 P = 4 Q = 5
myrank = 495 P = 1 Q = 3
myrank = 239 P = 3 Q = 4
myrank = 434 P = 3 Q = 4
myrank = 388 P = 5 Q = 2
myrank = 238 P = 5 Q = 2
myrank = 226 P = 1 Q = 4
myrank = 432 P = 2 Q = 1
myrank = 430 P = 0 Q = 5
myrank = 376 P = 4 Q = 3
myrank = 498 P = 4 Q = 3
myrank = 835 P = 3 Q = 5
myrank = 536 P = 5 Q = 4
myrank = 389 P = 2 Q = 1
myrank = 588 P = 2 Q = 5
myrank = 499 P = 3 Q = 5
myrank = 476 P = 4 Q = 5
myrank = 235 P = 1 Q = 5
myrank = 281 P = 5 Q = 4
myrank = 236 P = 0 Q = 1
myrank = 480 P = 2 Q = 5
myrank = 435 P = 3 Q = 1
myrank = 492 P = 4 Q = 2
myrank = 233 P = 2 Q = 4
myrank = 478 P = 3 Q = 3
myrank = 477 P = 1 Q = 5
myrank = 594 P = 0 Q = 5
myrank = 490 P = 4 Q = 5
myrank = 479 P = 5 Q = 2
myrank = 232 P = 5 Q = 1
myrank = 482 P = 1 Q = 3
myrank = 832 P = 0 Q = 5
myrank = 494 P = 0 Q = 3
myrank = 491 P = 3 Q = 0
myrank = 493 P = 5 Q = 5
myrank = 483 P = 3 Q = 2
myrank = 489 P = 1 Q = 5
myrank = 488 P = 5 Q = 3
myrank = 815 P = 1 Q = 3
myrank = 481 P = 1 Q = 3
myrank = 484 P = 4 Q = 0
myrank = 485 P = 2 Q = 0
myrank = 487 P = 5 Q = 3
myrank = 486 P = 0 Q = 2
myrank = 213 P = 1 Q = 1
myrank = 823 P = 4 Q = 4
myrank = 241 P = 2 Q = 5
myrank = 819 P = 0 Q = 5
myrank = 209 P = 3 Q = 4
myrank = 605 P = 1 Q = 3
myrank = 601 P = 2 Q = 2
myrank = 593 P = 5 Q = 3
myrank = 193 P = 3 Q = 1
myrank = 589 P = 1 Q = 0
myrank = 597 P = 1 Q = 2
myrank = 602 P = 1 Q = 3
myrank = 197 P = 1 Q = 4
myrank = 229 P = 4 Q = 1
*******************************
dgemm_time	81.441856
conv_transfer_time	0.000000
conv_calculate_time	6797.118652
elastic_calculate_time	6797.168945
Allen_Cahn_nonlinear_time	6904.912598
Cahn_Hilliard_nonlinear_time	0.011520
trans_time	552.810486
trans_Memcpy_time	35.660141
trans_MPI_time	511.002899
trans_pack_time	0.467054
trans_enlarge_time	0.938907
trans_mu_time	0.446252
trans_unpack_time	3.724434
updateU_new_time	2.715123
runtime	7.546117
--------------------------------------------------!
***************dt=2.000000***************
***************flag=0***************
--------------------------------------------------!
time		0.000000
wall time	2.145578
*******************************
dgemm_time	80.262619
conv_transfer_time	0.000000
conv_calculate_time	3361.432373
elastic_calculate_time	3361.470703
Allen_Cahn_nonlinear_time	3472.183838
Cahn_Hilliard_nonlinear_time	0.012000
trans_time	49.781178
trans_Memcpy_time	19.291630
trans_MPI_time	24.888441
trans_pack_time	0.381451
trans_enlarge_time	0.680498
trans_mu_time	0.440492
trans_unpack_time	3.637871
updateU_new_time	2.712563
runtime	3.612705
--------------------------------------------------!
***************dt=2.000000***************
***************flag=0***************
--------------------------------------------------!
time		0.000000
wall time	9.698897
*******************************
dgemm_time	80.236382
conv_transfer_time	0.000000
conv_calculate_time	3354.074707
elastic_calculate_time	3354.114502
Allen_Cahn_nonlinear_time	3465.950928
Cahn_Hilliard_nonlinear_time	0.012000
trans_time	53.167850
trans_Memcpy_time	19.238506
trans_MPI_time	28.363907
trans_pack_time	0.381611
trans_enlarge_time	0.680979
trans_mu_time	0.450252
trans_unpack_time	3.593870
updateU_new_time	2.712723
runtime	3.605870
--------------------------------------------------!
***************dt=2.000000***************
***************flag=0***************
--------------------------------------------------!
time		0.000000
wall time	13.318788
*******************************
dgemm_time	80.193497
conv_transfer_time	0.000000
conv_calculate_time	3358.325439
elastic_calculate_time	3358.364014
Allen_Cahn_nonlinear_time	3467.566406
Cahn_Hilliard_nonlinear_time	0.011680
trans_time	49.460037
trans_Memcpy_time	19.220108
trans_MPI_time	24.693878
trans_pack_time	0.380011
trans_enlarge_time	0.682579
trans_mu_time	0.439692
trans_unpack_time	3.581869
updateU_new_time	2.713363
runtime	3.608651
--------------------------------------------------!
***************dt=2.000000***************
***************flag=0***************
--------------------------------------------------!
time		0.000000
wall time	16.931808
*******************************
dgemm_time	80.188370
conv_transfer_time	0.000000
conv_calculate_time	3351.626465
elastic_calculate_time	3351.665283
Allen_Cahn_nonlinear_time	3464.194092
Cahn_Hilliard_nonlinear_time	0.011840
trans_time	51.321705
trans_Memcpy_time	19.217228
trans_MPI_time	26.557453
trans_pack_time	0.387851
trans_enlarge_time	0.668339
trans_mu_time	0.440972
trans_unpack_time	3.586830
updateU_new_time	2.714643
runtime	3.603068
--------------------------------------------------!
***************dt=2.000000***************
***************flag=0***************
--------------------------------------------------!
time		0.000000
wall time	20.547641
*******************************
dgemm_time	80.241112
conv_transfer_time	0.000000
conv_calculate_time	3355.704590
elastic_calculate_time	3355.743408
Allen_Cahn_nonlinear_time	3464.474609
Cahn_Hilliard_nonlinear_time	0.011680
trans_time	53.348675
trans_Memcpy_time	19.242989
trans_MPI_time	28.531914
trans_pack_time	0.404332
trans_enlarge_time	0.682899
trans_mu_time	0.441932
trans_unpack_time	3.582669
updateU_new_time	2.713201
runtime	3.604277
--------------------------------------------------!
***************dt=2.000000***************
***************flag=0***************
--------------------------------------------------!
time		0.000000
wall time	24.157891
*******************************
dgemm_time	80.212967
conv_transfer_time	0.000000
conv_calculate_time	3347.671387
elastic_calculate_time	3347.711670
Allen_Cahn_nonlinear_time	3451.370850
Cahn_Hilliard_nonlinear_time	0.011840
trans_time	54.284225
trans_Memcpy_time	19.201691
trans_MPI_time	29.531757
trans_pack_time	0.378570
trans_enlarge_time	0.684499
trans_mu_time	0.449612
trans_unpack_time	3.578346
updateU_new_time	2.711916
runtime	3.591648
--------------------------------------------------!
***************dt=2.000000***************
***************flag=0***************
--------------------------------------------------!
time		0.000000
wall time	27.769367
*******************************
dgemm_time	80.258286
conv_transfer_time	0.000000
conv_calculate_time	3346.706055
elastic_calculate_time	3346.744141
Allen_Cahn_nonlinear_time	3458.756104
Cahn_Hilliard_nonlinear_time	0.012320
trans_time	53.304237
trans_Memcpy_time	19.200375
trans_MPI_time	28.548157
trans_pack_time	0.379210
trans_enlarge_time	0.673138
trans_mu_time	0.449772
trans_unpack_time	3.594020
updateU_new_time	2.723912
runtime	3.599761
--------------------------------------------------!
***************dt=2.000000***************
***************flag=0***************
--------------------------------------------------!
time		0.000000
wall time	31.368200
*******************************
dgemm_time	80.211617
conv_transfer_time	0.000000
conv_calculate_time	3351.308594
elastic_calculate_time	3351.347412
Allen_Cahn_nonlinear_time	3460.962158
Cahn_Hilliard_nonlinear_time	0.011680
trans_time	53.088390
trans_Memcpy_time	19.262905
trans_MPI_time	28.272427
trans_pack_time	0.378410
trans_enlarge_time	0.688655
trans_mu_time	0.437767
trans_unpack_time	3.588734
updateU_new_time	2.716388
runtime	3.605983
--------------------------------------------------!
***************dt=2.000000***************
***************flag=0***************
--------------------------------------------------!
time		0.000000
wall time	34.975139
*******************************
dgemm_time	80.194733
conv_transfer_time	0.000000
conv_calculate_time	3365.419189
elastic_calculate_time	3365.457520
Allen_Cahn_nonlinear_time	3473.710693
Cahn_Hilliard_nonlinear_time	0.011840
trans_time	49.406441
trans_Memcpy_time	19.161119
trans_MPI_time	24.693581
trans_pack_time	0.376008
trans_enlarge_time	0.685133
trans_mu_time	0.439847
trans_unpack_time	3.590010
updateU_new_time	2.714465
runtime	3.611367
--------------------------------------------------!
***************dt=2.000000***************
***************flag=0***************
--------------------------------------------------!
time		0.000000
wall time	38.588302
*******************************
dgemm_time	80.227783
conv_transfer_time	0.000000
conv_calculate_time	3358.442383
elastic_calculate_time	3358.479736
Allen_Cahn_nonlinear_time	3471.015869
Cahn_Hilliard_nonlinear_time	0.011680
trans_time	45.822372
trans_Memcpy_time	19.288624
trans_MPI_time	20.953465
trans_pack_time	0.393448
trans_enlarge_time	0.684973
trans_mu_time	0.439686
trans_unpack_time	3.603446
updateU_new_time	2.712542
runtime	3.611487
--------------------------------------------------!
***************dt=2.000000***************
***************flag=0***************
--------------------------------------------------!
time		0.000000
wall time	42.206833
*******************************
dgemm_time	80.199394
conv_transfer_time	0.000000
conv_calculate_time	3357.749756
elastic_calculate_time	3357.788574
Allen_Cahn_nonlinear_time	3465.185303
Cahn_Hilliard_nonlinear_time	0.011680
trans_time	49.470505
trans_Memcpy_time	19.214684
trans_MPI_time	24.697531
trans_pack_time	0.379528
trans_enlarge_time	0.691373
trans_mu_time	0.445766
trans_unpack_time	3.579602
updateU_new_time	2.714780
runtime	3.609548
--------------------------------------------------!
***************dt=2.000000***************
***************flag=0***************
--------------------------------------------------!
time		0.000000
wall time	45.825485
*******************************
dgemm_time	80.233734
conv_transfer_time	0.000000
conv_calculate_time	3363.010498
elastic_calculate_time	3363.049072
Allen_Cahn_nonlinear_time	3472.175293
Cahn_Hilliard_nonlinear_time	0.011840
trans_time	48.680416
trans_Memcpy_time	19.185064
trans_MPI_time	23.964693
trans_pack_time	0.377288
trans_enlarge_time	0.664332
trans_mu_time	0.443846
trans_unpack_time	3.582960
updateU_new_time	2.732539
runtime	3.610742
--------------------------------------------------!
***************dt=2.000000***************
***************flag=0***************
--------------------------------------------------!
time		0.000000
wall time	49.442192
*******************************
dgemm_time	80.249687
conv_transfer_time	0.000000
conv_calculate_time	3350.478027
elastic_calculate_time	3350.516602
Allen_Cahn_nonlinear_time	3459.586426
Cahn_Hilliard_nonlinear_time	0.012000
trans_time	53.183331
trans_Memcpy_time	19.227293
trans_MPI_time	28.391495
trans_pack_time	0.380328
trans_enlarge_time	0.678252
trans_mu_time	0.450086
trans_unpack_time	3.596077
updateU_new_time	2.712217
runtime	3.599658
--------------------------------------------------!
***************dt=2.000000***************
***************flag=0***************
--------------------------------------------------!
time		0.000000
wall time	53.060092
*******************************
dgemm_time	80.225800
conv_transfer_time	0.000000
conv_calculate_time	3355.027832
elastic_calculate_time	3355.066895
Allen_Cahn_nonlinear_time	3460.427979
Cahn_Hilliard_nonlinear_time	0.011520
trans_time	53.070469
trans_Memcpy_time	19.248083
trans_MPI_time	28.292274
trans_pack_time	0.380967
trans_enlarge_time	0.670572
trans_mu_time	0.438406
trans_unpack_time	3.577835
updateU_new_time	2.711895
runtime	3.604053
--------------------------------------------------!
***************dt=2.000000***************
***************flag=0***************
--------------------------------------------------!
time		0.000000
wall time	56.666971
*******************************
dgemm_time	80.182724
conv_transfer_time	0.000000
conv_calculate_time	3354.554443
elastic_calculate_time	3354.593506
Allen_Cahn_nonlinear_time	3457.481689
Cahn_Hilliard_nonlinear_time	0.012640
trans_time	53.218582
trans_Memcpy_time	19.268394
trans_MPI_time	28.373701
trans_pack_time	0.386248
trans_enlarge_time	0.673132
trans_mu_time	0.441286
trans_unpack_time	3.581833
updateU_new_time	2.710934
runtime	3.601601
--------------------------------------------------!
***************dt=2.000000***************
***************flag=0***************
--------------------------------------------------!
time		0.000000
wall time	60.278206
*******************************
dgemm_time	80.242844
conv_transfer_time	0.000000
conv_calculate_time	3361.294922
elastic_calculate_time	3361.333496
Allen_Cahn_nonlinear_time	3474.985596
Cahn_Hilliard_nonlinear_time	0.011840
trans_time	49.175201
trans_Memcpy_time	19.239902
trans_MPI_time	24.396807
trans_pack_time	0.377606
trans_enlarge_time	0.670572
trans_mu_time	0.447046
trans_unpack_time	3.580871
updateU_new_time	2.714933
runtime	3.610401
--------------------------------------------------!
***************dt=2.000000***************
***************flag=0***************
--------------------------------------------------!
time		0.000000
wall time	63.887016
*******************************
dgemm_time	80.244415
conv_transfer_time	0.000000
conv_calculate_time	3356.331787
elastic_calculate_time	3356.369873
Allen_Cahn_nonlinear_time	3465.995361
Cahn_Hilliard_nonlinear_time	0.012480
trans_time	48.944614
trans_Memcpy_time	19.188532
trans_MPI_time	24.211191
trans_pack_time	0.379526
trans_enlarge_time	0.688172
trans_mu_time	0.440806
trans_unpack_time	3.577029
updateU_new_time	2.741972
runtime	3.607512
--------------------------------------------------!
***************dt=2.000000***************
***************flag=0***************
--------------------------------------------------!
time		0.000000
wall time	67.504589
*******************************
dgemm_time	80.229507
conv_transfer_time	0.000000
conv_calculate_time	3353.453369
elastic_calculate_time	3353.491943
Allen_Cahn_nonlinear_time	3458.450439
Cahn_Hilliard_nonlinear_time	0.012160
trans_time	53.320679
trans_Memcpy_time	19.225965
trans_MPI_time	28.534304
trans_pack_time	0.394246
trans_enlarge_time	0.661772
trans_mu_time	0.449446
trans_unpack_time	3.591428
updateU_new_time	2.713491
runtime	3.600271
--------------------------------------------------!
***************dt=2.000000***************
***************flag=0***************
--------------------------------------------------!
time		0.000000
wall time	71.119299
*******************************
dgemm_time	80.287399
conv_transfer_time	0.000000
conv_calculate_time	3357.042725
elastic_calculate_time	3357.079346
Allen_Cahn_nonlinear_time	3459.135010
Cahn_Hilliard_nonlinear_time	0.011840
trans_time	53.355972
trans_Memcpy_time	19.232838
trans_MPI_time	28.575897
trans_pack_time	0.376326
trans_enlarge_time	0.682412
trans_mu_time	0.440966
trans_unpack_time	3.583587
updateU_new_time	2.714290
runtime	3.603334
--------------------------------------------------!
***************dt=2.000000***************
***************flag=0***************
--------------------------------------------------!
time		0.000000
wall time	74.726738
*******************************
dgemm_time	80.193932
conv_transfer_time	0.000000
conv_calculate_time	3352.524170
elastic_calculate_time	3352.564453
Allen_Cahn_nonlinear_time	3460.606201
Cahn_Hilliard_nonlinear_time	0.012000
trans_time	53.257320
trans_Memcpy_time	19.215389
trans_MPI_time	28.502285
trans_pack_time	0.377286
trans_enlarge_time	0.674572
trans_mu_time	0.448486
trans_unpack_time	3.572545
updateU_new_time	2.713329
runtime	3.601511
--------------------------------------------------!
***************dt=2.000000***************
***************flag=0***************
--------------------------------------------------!
time		0.000000
wall time	78.337247
*******************************
dgemm_time	80.217911
conv_transfer_time	0.000000
conv_calculate_time	3357.918701
elastic_calculate_time	3357.958008
Allen_Cahn_nonlinear_time	3467.309326
Cahn_Hilliard_nonlinear_time	0.011680
trans_time	49.783024
trans_Memcpy_time	19.199224
trans_MPI_time	24.940769
trans_pack_time	0.380806
trans_enlarge_time	0.690252
trans_mu_time	0.448006
trans_unpack_time	3.580384
updateU_new_time	2.713008
runtime	3.604992
--------------------------------------------------!
***************dt=2.000000***************
***************flag=0***************
--------------------------------------------------!
time		0.000000
wall time	81.945933
*******************************
dgemm_time	80.199966
conv_transfer_time	0.000000
conv_calculate_time	3361.162842
elastic_calculate_time	3361.201416
Allen_Cahn_nonlinear_time	3458.645020
Cahn_Hilliard_nonlinear_time	0.012000
trans_time	53.339420
trans_Memcpy_time	19.245781
trans_MPI_time	28.554588
trans_pack_time	0.379366
trans_enlarge_time	0.681769
trans_mu_time	0.440646
trans_unpack_time	3.574303
updateU_new_time	2.744048
runtime	3.601083
--------------------------------------------------!
***************dt=2.000000***************
***************flag=0***************
--------------------------------------------------!
time		0.000000
wall time	85.558104
*******************************
dgemm_time	80.276428
conv_transfer_time	0.000000
conv_calculate_time	3358.197754
elastic_calculate_time	3358.238770
Allen_Cahn_nonlinear_time	3471.763672
Cahn_Hilliard_nonlinear_time	0.011680
trans_time	45.309628
trans_Memcpy_time	19.315857
trans_MPI_time	20.385956
trans_pack_time	0.400966
trans_enlarge_time	0.668809
trans_mu_time	0.440166
trans_unpack_time	3.575422
updateU_new_time	2.715567
runtime	3.612896
--------------------------------------------------!
***************dt=2.000000***************
***************flag=0***************
--------------------------------------------------!
time		0.000000
wall time	89.166257
*******************************
dgemm_time	80.278168
conv_transfer_time	0.000000
conv_calculate_time	3361.666016
elastic_calculate_time	3361.704590
Allen_Cahn_nonlinear_time	3470.061279
Cahn_Hilliard_nonlinear_time	0.012320
trans_time	49.301022
trans_Memcpy_time	19.237289
trans_MPI_time	24.502983
trans_pack_time	0.376646
trans_enlarge_time	0.692489
trans_mu_time	0.438566
trans_unpack_time	3.589822
updateU_new_time	2.713966
runtime	3.606561
--------------------------------------------------!
***************dt=2.000000***************
***************flag=0***************
--------------------------------------------------!
time		0.000000
wall time	92.786344
*******************************
dgemm_time	80.210297
conv_transfer_time	0.000000
conv_calculate_time	3356.343506
elastic_calculate_time	3356.384033
Allen_Cahn_nonlinear_time	3466.393799
Cahn_Hilliard_nonlinear_time	0.012160
trans_time	49.281090
trans_Memcpy_time	19.239365
trans_MPI_time	24.494656
trans_pack_time	0.383366
trans_enlarge_time	0.665607
trans_mu_time	0.451686
trans_unpack_time	3.574300
updateU_new_time	2.715565
runtime	3.602687
--------------------------------------------------!
***************dt=2.000000***************
***************flag=0***************
--------------------------------------------------!
time		0.000000
wall time	96.400102
*******************************
dgemm_time	80.225960
conv_transfer_time	0.000000
conv_calculate_time	3360.616943
elastic_calculate_time	3360.655273
Allen_Cahn_nonlinear_time	3468.319092
Cahn_Hilliard_nonlinear_time	0.011680
trans_time	49.509727
trans_Memcpy_time	19.219521
trans_MPI_time	24.750011
trans_pack_time	0.374566
trans_enlarge_time	0.690408
trans_mu_time	0.442886
trans_unpack_time	3.569499
updateU_new_time	2.713164
runtime	3.606460
--------------------------------------------------!
***************dt=2.000000***************
***************flag=0***************
--------------------------------------------------!
time		0.000000
wall time	100.009957
*******************************
dgemm_time	80.194901
conv_transfer_time	0.000000
conv_calculate_time	3359.443604
elastic_calculate_time	3359.482422
Allen_Cahn_nonlinear_time	3458.724121
Cahn_Hilliard_nonlinear_time	0.011840
trans_time	51.010571
trans_Memcpy_time	19.214552
trans_MPI_time	26.258030
trans_pack_time	0.377766
trans_enlarge_time	0.673287
trans_mu_time	0.447046
trans_unpack_time	3.574778
updateU_new_time	2.731404
runtime	3.598235
--------------------------------------------------!
***************dt=2.000000***************
***************flag=0***************
--------------------------------------------------!
time		0.000000
wall time	103.623601
*******************************
dgemm_time	80.212006
conv_transfer_time	0.000000
conv_calculate_time	3357.896973
elastic_calculate_time	3357.936768
Allen_Cahn_nonlinear_time	3466.144531
Cahn_Hilliard_nonlinear_time	0.011680
trans_time	48.805573
trans_Memcpy_time	19.167828
trans_MPI_time	24.062950
trans_pack_time	0.401926
trans_enlarge_time	0.678567
trans_mu_time	0.446566
trans_unpack_time	3.585178
updateU_new_time	2.715083
runtime	3.605996
--------------------------------------------------!
***************dt=2.000000***************
***************flag=0***************
--------------------------------------------------!
time		0.000000
wall time	107.228994
*******************************
dgemm_time	80.239670
conv_transfer_time	0.000000
conv_calculate_time	3353.175049
elastic_calculate_time	3353.214111
Allen_Cahn_nonlinear_time	3466.285645
Cahn_Hilliard_nonlinear_time	0.011680
trans_time	51.155708
trans_Memcpy_time	19.196466
trans_MPI_time	26.378502
trans_pack_time	0.378246
trans_enlarge_time	0.692807
trans_mu_time	0.443206
trans_unpack_time	3.596057
updateU_new_time	2.713482
runtime	3.604407
--------------------------------------------------!
***************dt=2.000000***************
***************flag=0***************
--------------------------------------------------!
time		0.000000
wall time	110.842165
*******************************
dgemm_time	80.205093
conv_transfer_time	0.000000
conv_calculate_time	3352.410400
elastic_calculate_time	3352.450439
Allen_Cahn_nonlinear_time	3465.877441
Cahn_Hilliard_nonlinear_time	0.011680
trans_time	50.324295
trans_Memcpy_time	19.339504
trans_MPI_time	25.438961
trans_pack_time	0.376805
trans_enlarge_time	0.677767
trans_mu_time	0.450406
trans_unpack_time	3.580056
updateU_new_time	2.713962
runtime	3.604156
--------------------------------------------------!
***************dt=2.000000***************
***************flag=0***************
--------------------------------------------------!
time		0.000000
wall time	114.453790
*******************************
dgemm_time	80.217392
conv_transfer_time	0.000000
conv_calculate_time	3359.904785
elastic_calculate_time	3359.948242
Allen_Cahn_nonlinear_time	3468.322754
Cahn_Hilliard_nonlinear_time	0.013120
trans_time	48.792973
trans_Memcpy_time	19.206217
trans_MPI_time	24.032055
trans_pack_time	0.378405
trans_enlarge_time	0.690727
trans_mu_time	0.452326
trans_unpack_time	3.570455
updateU_new_time	2.715241
runtime	3.605911
--------------------------------------------------!
***************dt=2.000000***************
***************flag=0***************
--------------------------------------------------!
time		0.000000
wall time	118.065121
*******************************
dgemm_time	80.268105
conv_transfer_time	0.000000
conv_calculate_time	3356.213379
elastic_calculate_time	3356.252197
Allen_Cahn_nonlinear_time	3461.556885
Cahn_Hilliard_nonlinear_time	0.012320
trans_time	51.336281
trans_Memcpy_time	19.230854
trans_MPI_time	26.546808
trans_pack_time	0.376805
trans_enlarge_time	0.661286
trans_mu_time	0.447046
trans_unpack_time	3.588055
updateU_new_time	2.723561
runtime	3.600840
--------------------------------------------------!
***************dt=2.000000***************
***************flag=0***************
--------------------------------------------------!
time		0.000000
wall time	121.678311
*******************************
dgemm_time	80.213852
conv_transfer_time	0.000000
conv_calculate_time	3360.164795
elastic_calculate_time	3360.204346
Allen_Cahn_nonlinear_time	3468.242432
Cahn_Hilliard_nonlinear_time	0.012160
trans_time	49.546967
trans_Memcpy_time	19.220291
trans_MPI_time	24.789818
trans_pack_time	0.392326
trans_enlarge_time	0.670087
trans_mu_time	0.435526
trans_unpack_time	3.577654
updateU_new_time	2.713641
runtime	3.606255
--------------------------------------------------!
***************dt=2.000000***************
***************flag=0***************
--------------------------------------------------!
time		0.000000
wall time	125.286349
*******************************
dgemm_time	80.249832
conv_transfer_time	0.000000
conv_calculate_time	3354.198486
elastic_calculate_time	3354.238037
Allen_Cahn_nonlinear_time	3463.783447
Cahn_Hilliard_nonlinear_time	0.011840
trans_time	53.293724
trans_Memcpy_time	19.229404
trans_MPI_time	28.504589
trans_pack_time	0.378565
trans_enlarge_time	0.670567
trans_mu_time	0.447046
trans_unpack_time	3.601014
updateU_new_time	2.713640
runtime	3.602771
--------------------------------------------------!
***************dt=2.000000***************
***************flag=0***************
--------------------------------------------------!
time		0.000000
wall time	128.899793
*******************************
dgemm_time	80.233826
conv_transfer_time	0.000000
conv_calculate_time	3359.438965
elastic_calculate_time	3359.479248
Allen_Cahn_nonlinear_time	3467.342041
Cahn_Hilliard_nonlinear_time	0.012000
trans_time	49.572029
trans_Memcpy_time	19.232765
trans_MPI_time	24.793011
trans_pack_time	0.387525
trans_enlarge_time	0.680166
trans_mu_time	0.438246
trans_unpack_time	3.577813
updateU_new_time	2.714760
runtime	3.605392
--------------------------------------------------!
***************dt=2.000000***************
***************flag=0***************
--------------------------------------------------!
time		0.000000
wall time	132.509774
*******************************
dgemm_time	80.257332
conv_transfer_time	0.000000
conv_calculate_time	3355.108398
elastic_calculate_time	3355.147461
Allen_Cahn_nonlinear_time	3455.273193
Cahn_Hilliard_nonlinear_time	0.012160
trans_time	53.460419
trans_Memcpy_time	19.205561
trans_MPI_time	28.696423
trans_pack_time	0.379524
trans_enlarge_time	0.686886
trans_mu_time	0.454886
trans_unpack_time	3.577652
updateU_new_time	2.712679
runtime	3.598605
--------------------------------------------------!
***************dt=2.000000***************
***************flag=0***************
--------------------------------------------------!
time		0.000000
wall time	136.122341
*******************************
dgemm_time	80.253647
conv_transfer_time	0.000000
conv_calculate_time	3354.193115
elastic_calculate_time	3354.232910
Allen_Cahn_nonlinear_time	3467.860107
Cahn_Hilliard_nonlinear_time	0.011680
trans_time	49.658089
trans_Memcpy_time	19.195478
trans_MPI_time	24.935242
trans_pack_time	0.378404
trans_enlarge_time	0.667206
trans_mu_time	0.451046
trans_unpack_time	3.569652
updateU_new_time	2.719879
runtime	3.606456
--------------------------------------------------!
***************dt=2.000000***************
***************flag=0***************
--------------------------------------------------!
time		0.000000
wall time	139.728133
*******************************
dgemm_time	80.274269
conv_transfer_time	0.000000
conv_calculate_time	3356.890625
elastic_calculate_time	3356.930908
Allen_Cahn_nonlinear_time	3465.083496
Cahn_Hilliard_nonlinear_time	0.012000
trans_time	49.698032
trans_Memcpy_time	19.210197
trans_MPI_time	24.962921
trans_pack_time	0.379204
trans_enlarge_time	0.661286
trans_mu_time	0.438566
trans_unpack_time	3.586612
updateU_new_time	2.713479
runtime	3.602943
--------------------------------------------------!
***************dt=2.000000***************
***************flag=0***************
--------------------------------------------------!
time		0.000000
wall time	143.341775
*******************************
dgemm_time	80.251541
conv_transfer_time	0.000000
conv_calculate_time	3358.927490
elastic_calculate_time	3358.967529
Allen_Cahn_nonlinear_time	3468.400146
Cahn_Hilliard_nonlinear_time	0.011840
trans_time	48.766930
trans_Memcpy_time	19.169231
trans_MPI_time	24.048504
trans_pack_time	0.380324
trans_enlarge_time	0.669286
trans_mu_time	0.445606
trans_unpack_time	3.592211
updateU_new_time	2.714278
runtime	3.607007
--------------------------------------------------!
***************dt=2.000000***************
***************flag=0***************
--------------------------------------------------!
time		0.000000
wall time	146.951899
*******************************
dgemm_time	80.219536
conv_transfer_time	0.000000
conv_calculate_time	3359.951416
elastic_calculate_time	3359.990723
Allen_Cahn_nonlinear_time	3467.095459
Cahn_Hilliard_nonlinear_time	0.011840
trans_time	49.525085
trans_Memcpy_time	19.196112
trans_MPI_time	24.748831
trans_pack_time	0.384964
trans_enlarge_time	0.691846
trans_mu_time	0.438406
trans_unpack_time	3.568850
updateU_new_time	2.714118
runtime	3.607118
--------------------------------------------------!
***************dt=2.000000***************
***************flag=0***************
--------------------------------------------------!
time		0.000000
wall time	150.566107
*******************************
dgemm_time	80.215668
conv_transfer_time	0.000000
conv_calculate_time	3361.298828
elastic_calculate_time	3361.336914
Allen_Cahn_nonlinear_time	3469.621094
Cahn_Hilliard_nonlinear_time	0.012320
trans_time	49.773373
trans_Memcpy_time	19.187307
trans_MPI_time	25.044191
trans_pack_time	0.376484
trans_enlarge_time	0.675846
trans_mu_time	0.445606
trans_unpack_time	3.580690
updateU_new_time	2.711877
runtime	3.606494
--------------------------------------------------!
***************dt=2.000000***************
***************flag=0***************
--------------------------------------------------!
time		0.000000
wall time	154.180401
*******************************
dgemm_time	80.238831
conv_transfer_time	0.000000
conv_calculate_time	3362.073730
elastic_calculate_time	3362.112549
Allen_Cahn_nonlinear_time	3471.187012
Cahn_Hilliard_nonlinear_time	0.011840
trans_time	49.640633
trans_Memcpy_time	19.244104
trans_MPI_time	24.837143
trans_pack_time	0.375524
trans_enlarge_time	0.700006
trans_mu_time	0.437126
trans_unpack_time	3.585169
updateU_new_time	2.724676
runtime	3.611678
--------------------------------------------------!
***************dt=2.000000***************
***************flag=0***************
--------------------------------------------------!
time		0.000000
wall time	157.794078
*******************************
dgemm_time	80.255920
conv_transfer_time	0.000000
conv_calculate_time	3358.811768
elastic_calculate_time	3358.851074
Allen_Cahn_nonlinear_time	3466.600342
Cahn_Hilliard_nonlinear_time	0.012000
trans_time	49.641354
trans_Memcpy_time	19.187935
trans_MPI_time	24.915852
trans_pack_time	0.376964
trans_enlarge_time	0.675366
trans_mu_time	0.442406
trans_unpack_time	3.581487
updateU_new_time	2.713795
runtime	3.605313
--------------------------------------------------!
***************dt=2.000000***************
***************flag=0***************
--------------------------------------------------!
time		0.000000
wall time	161.412919
*******************************
dgemm_time	80.240524
conv_transfer_time	0.000000
conv_calculate_time	3355.759521
elastic_calculate_time	3355.799561
Allen_Cahn_nonlinear_time	3462.734131
Cahn_Hilliard_nonlinear_time	0.011840
trans_time	53.814308
trans_Memcpy_time	19.210648
trans_MPI_time	29.040054
trans_pack_time	0.380484
trans_enlarge_time	0.680486
trans_mu_time	0.440481
trans_unpack_time	3.601006
updateU_new_time	2.713314
runtime	3.604726
--------------------------------------------------!
***************dt=2.000000***************
***************flag=0***************
--------------------------------------------------!
time		0.000000
wall time	165.025399
*******************************
dgemm_time	80.241974
conv_transfer_time	0.000000
conv_calculate_time	3355.503418
elastic_calculate_time	3355.541748
Allen_Cahn_nonlinear_time	3461.215332
Cahn_Hilliard_nonlinear_time	0.011840
trans_time	51.198643
trans_Memcpy_time	19.221039
trans_MPI_time	26.436493
trans_pack_time	0.377604
trans_enlarge_time	0.682406
trans_mu_time	0.446722
trans_unpack_time	3.571405
updateU_new_time	2.711058
runtime	3.604184
--------------------------------------------------!
***************dt=2.000000***************
***************flag=0***************
--------------------------------------------------!
time		0.000000
wall time	168.637310
*******************************
dgemm_time	80.214432
conv_transfer_time	0.000000
conv_calculate_time	3362.473633
elastic_calculate_time	3362.512695
Allen_Cahn_nonlinear_time	3459.637207
Cahn_Hilliard_nonlinear_time	0.011680
trans_time	53.629833
trans_Memcpy_time	19.196281
trans_MPI_time	28.892826
trans_pack_time	0.377282
trans_enlarge_time	0.678080
trans_mu_time	0.447840
trans_unpack_time	3.575382
updateU_new_time	2.711671
runtime	3.602587
--------------------------------------------------!
***************dt=2.000000***************
***************flag=0***************
--------------------------------------------------!
time		0.000000
wall time	172.248681
*******************************
dgemm_time	80.218613
conv_transfer_time	0.000000
conv_calculate_time	3359.022949
elastic_calculate_time	3359.071533
Allen_Cahn_nonlinear_time	3466.773438
Cahn_Hilliard_nonlinear_time	0.012160
trans_time	49.266869
trans_Memcpy_time	19.241053
trans_MPI_time	24.463268
trans_pack_time	0.377440
trans_enlarge_time	0.689920
trans_mu_time	0.440960
trans_unpack_time	3.593587
updateU_new_time	2.726524
runtime	3.602292
--------------------------------------------------!
***************dt=2.000000***************
***************flag=0***************
--------------------------------------------------!
time		0.000000
wall time	175.858494
*******************************
dgemm_time	80.212250
conv_transfer_time	0.000000
conv_calculate_time	3357.258789
elastic_calculate_time	3357.298828
Allen_Cahn_nonlinear_time	3473.733887
Cahn_Hilliard_nonlinear_time	0.011840
trans_time	50.030724
trans_Memcpy_time	19.160543
trans_MPI_time	25.279179
trans_pack_time	0.378876
trans_enlarge_time	0.666074
trans_mu_time	0.444954
trans_unpack_time	3.576912
updateU_new_time	2.713378
runtime	3.606766
--------------------------------------------------!
***************dt=2.000000***************
***************flag=0***************
--------------------------------------------------!
time		0.000000
wall time	179.467881
*******************************
dgemm_time	80.217606
conv_transfer_time	0.000000
conv_calculate_time	3354.535889
elastic_calculate_time	3354.601807
Allen_Cahn_nonlinear_time	3453.193115
Cahn_Hilliard_nonlinear_time	0.011840
trans_time	54.334560
trans_Memcpy_time	19.247881
trans_MPI_time	29.534363
trans_pack_time	0.376152
trans_enlarge_time	0.679027
trans_mu_time	0.443834
trans_unpack_time	3.590798
updateU_new_time	2.713514
runtime	3.595598
--------------------------------------------------!
***************dt=2.000000***************
***************flag=0***************
--------------------------------------------------!
time		0.000000
wall time	183.081903
*******************************
dgemm_time	80.216309
conv_transfer_time	0.000000
conv_calculate_time	3358.869873
elastic_calculate_time	3358.914551
Allen_Cahn_nonlinear_time	3465.392578
Cahn_Hilliard_nonlinear_time	0.011840
trans_time	49.963619
trans_Memcpy_time	19.210907
trans_MPI_time	25.209911
trans_pack_time	0.375989
trans_enlarge_time	0.679501
trans_mu_time	0.451828
trans_unpack_time	3.576686
updateU_new_time	2.714308
runtime	3.606346
--------------------------------------------------!
***************dt=2.000000***************
***************flag=0***************
--------------------------------------------------!
time		0.000000
wall time	186.684666
*******************************
dgemm_time	80.194595
conv_transfer_time	0.000000
conv_calculate_time	3358.937988
elastic_calculate_time	3358.978516
Allen_Cahn_nonlinear_time	3468.666992
Cahn_Hilliard_nonlinear_time	0.012640
trans_time	42.832207
trans_Memcpy_time	19.421421
trans_MPI_time	17.884033
trans_pack_time	0.375508
trans_enlarge_time	0.677421
trans_mu_time	0.438708
trans_unpack_time	3.577479
updateU_new_time	2.715269
runtime	3.598022
--------------------------------------------------!
***************dt=2.000000***************
***************flag=0***************
--------------------------------------------------!
time		0.000000
wall time	190.291094
*******************************
dgemm_time	80.256233
conv_transfer_time	0.000000
conv_calculate_time	3363.518799
elastic_calculate_time	3363.557373
Allen_Cahn_nonlinear_time	3474.298340
Cahn_Hilliard_nonlinear_time	0.011680
trans_time	42.759331
trans_Memcpy_time	19.395351
trans_MPI_time	17.805164
trans_pack_time	0.373908
trans_enlarge_time	0.678541
trans_mu_time	0.447028
trans_unpack_time	3.601960
updateU_new_time	2.721191
runtime	3.603275
--------------------------------------------------!
***************dt=2.000000***************
***************flag=0***************
--------------------------------------------------!
time		0.000000
wall time	193.889207
*******************************
dgemm_time	80.240593
conv_transfer_time	0.000000
conv_calculate_time	3361.164795
elastic_calculate_time	3361.200928
Allen_Cahn_nonlinear_time	3467.338867
Cahn_Hilliard_nonlinear_time	0.011840
trans_time	42.656525
trans_Memcpy_time	19.379362
trans_MPI_time	17.734135
trans_pack_time	0.389108
trans_enlarge_time	0.677741
trans_mu_time	0.439828
trans_unpack_time	3.581162
updateU_new_time	2.714792
runtime	3.600459
--------------------------------------------------!
***************dt=2.000000***************
***************flag=0***************
--------------------------------------------------!
time		0.000000
wall time	197.492582
*******************************
dgemm_time	80.253426
conv_transfer_time	0.000000
conv_calculate_time	3363.689209
elastic_calculate_time	3363.729980
Allen_Cahn_nonlinear_time	3472.000244
Cahn_Hilliard_nonlinear_time	0.012000
trans_time	42.877319
trans_Memcpy_time	19.368813
trans_MPI_time	17.951576
trans_pack_time	0.381748
trans_enlarge_time	0.685900
trans_mu_time	0.440308
trans_unpack_time	3.595083
updateU_new_time	2.712873
runtime	3.604289
--------------------------------------------------!
***************dt=2.000000***************
***************flag=0***************
--------------------------------------------------!
time		0.000000
wall time	201.093128
*******************************
dgemm_time	80.269623
conv_transfer_time	0.000000
conv_calculate_time	3359.681152
elastic_calculate_time	3359.719482
Allen_Cahn_nonlinear_time	3465.468262
Cahn_Hilliard_nonlinear_time	0.011520
trans_time	42.983185
trans_Memcpy_time	19.409460
trans_MPI_time	18.046463
trans_pack_time	0.376469
trans_enlarge_time	0.673581
trans_mu_time	0.441428
trans_unpack_time	3.575886
updateU_new_time	2.713355
runtime	3.598569
--------------------------------------------------!
***************dt=2.000000***************
***************flag=0***************
--------------------------------------------------!
time		0.000000
wall time	204.703304
*******************************
dgemm_time	80.203415
conv_transfer_time	0.000000
conv_calculate_time	3357.556641
elastic_calculate_time	3357.598389
Allen_Cahn_nonlinear_time	3472.210938
Cahn_Hilliard_nonlinear_time	0.012000
trans_time	43.013283
trans_Memcpy_time	19.401306
trans_MPI_time	18.071590
trans_pack_time	0.379349
trans_enlarge_time	0.678221
trans_mu_time	0.440948
trans_unpack_time	3.586607
updateU_new_time	2.714796
runtime	3.603963
--------------------------------------------------!
***************dt=2.000000***************
***************flag=0***************
--------------------------------------------------!
time		0.000000
wall time	208.301971
*******************************
dgemm_time	80.222809
conv_transfer_time	0.000000
conv_calculate_time	3360.294189
elastic_calculate_time	3360.336670
Allen_Cahn_nonlinear_time	3466.517334
Cahn_Hilliard_nonlinear_time	0.011840
trans_time	42.848385
trans_Memcpy_time	19.421797
trans_MPI_time	17.830006
trans_pack_time	0.378549
trans_enlarge_time	0.663981
trans_mu_time	0.451508
trans_unpack_time	3.587889
updateU_new_time	2.714797
runtime	3.597822
--------------------------------------------------!
***************dt=2.000000***************
***************flag=0***************
--------------------------------------------------!
time		0.000000
wall time	211.906007
*******************************
dgemm_time	80.228607
conv_transfer_time	0.000000
conv_calculate_time	3363.231689
elastic_calculate_time	3363.271973
Allen_Cahn_nonlinear_time	3465.431885
Cahn_Hilliard_nonlinear_time	0.011680
trans_time	42.968571
trans_Memcpy_time	19.378126
trans_MPI_time	17.979288
trans_pack_time	0.402549
trans_enlarge_time	0.672621
trans_mu_time	0.440148
trans_unpack_time	3.574610
updateU_new_time	2.714158
runtime	3.597392
--------------------------------------------------!
***************dt=2.000000***************
***************flag=0***************
--------------------------------------------------!
time		0.000000
wall time	215.503934
*******************************
dgemm_time	80.233452
conv_transfer_time	0.000000
conv_calculate_time	3360.675781
elastic_calculate_time	3360.714844
Allen_Cahn_nonlinear_time	3470.638916
Cahn_Hilliard_nonlinear_time	0.011680
trans_time	41.767803
trans_Memcpy_time	19.379894
trans_MPI_time	16.828770
trans_pack_time	0.377429
trans_enlarge_time	0.681261
trans_mu_time	0.447348
trans_unpack_time	3.595091
updateU_new_time	2.713839
runtime	3.603569
--------------------------------------------------!
***************dt=2.000000***************
***************flag=0***************
--------------------------------------------------!
time		0.000000
wall time	219.101413
*******************************
dgemm_time	80.219101
conv_transfer_time	0.000000
conv_calculate_time	3358.887695
elastic_calculate_time	3358.927979
Allen_Cahn_nonlinear_time	3470.388184
Cahn_Hilliard_nonlinear_time	0.011680
trans_time	42.938293
trans_Memcpy_time	19.449181
trans_MPI_time	17.936745
trans_pack_time	0.377110
trans_enlarge_time	0.696141
trans_mu_time	0.442228
trans_unpack_time	3.579254
updateU_new_time	2.714481
runtime	3.606293
--------------------------------------------------!
***************dt=2.000000***************
***************flag=0***************
--------------------------------------------------!
time		0.000000
wall time	222.705072
*******************************
dgemm_time	80.226357
conv_transfer_time	0.000000
conv_calculate_time	3360.308350
elastic_calculate_time	3360.347656
Allen_Cahn_nonlinear_time	3467.158691
Cahn_Hilliard_nonlinear_time	0.011680
trans_time	43.007271
trans_Memcpy_time	19.402636
trans_MPI_time	18.059795
trans_pack_time	0.376150
trans_enlarge_time	0.679022
trans_mu_time	0.441428
trans_unpack_time	3.590616
updateU_new_time	2.714963
runtime	3.598499
--------------------------------------------------!
***************dt=2.000000***************
***************flag=0***************
--------------------------------------------------!
time		0.000000
wall time	226.311450
*******************************
dgemm_time	80.201294
conv_transfer_time	0.000000
conv_calculate_time	3365.195557
elastic_calculate_time	3365.233398
Allen_Cahn_nonlinear_time	3476.035889
Cahn_Hilliard_nonlinear_time	0.011680
trans_time	42.926498
trans_Memcpy_time	19.397530
trans_MPI_time	17.996609
trans_pack_time	0.380790
trans_enlarge_time	0.671022
trans_mu_time	0.438068
trans_unpack_time	3.588218
updateU_new_time	2.715605
runtime	3.608420
--------------------------------------------------!
***************dt=2.000000***************
***************flag=0***************
--------------------------------------------------!
time		0.000000
wall time	229.910038
*******************************
dgemm_time	80.310135
conv_transfer_time	0.000000
conv_calculate_time	3358.624023
elastic_calculate_time	3358.661865
Allen_Cahn_nonlinear_time	3464.884766
Cahn_Hilliard_nonlinear_time	0.011680
trans_time	43.038715
trans_Memcpy_time	19.520578
trans_MPI_time	17.954222
trans_pack_time	0.402869
trans_enlarge_time	0.675502
trans_mu_time	0.438868
trans_unpack_time	3.582941
updateU_new_time	2.713687
runtime	3.602689
--------------------------------------------------!
***************dt=2.000000***************
***************flag=0***************
--------------------------------------------------!
time		0.000000
wall time	233.518553
*******************************
dgemm_time	80.234825
conv_transfer_time	0.000000
conv_calculate_time	3362.209473
elastic_calculate_time	3362.250488
Allen_Cahn_nonlinear_time	3468.722900
Cahn_Hilliard_nonlinear_time	0.011520
trans_time	42.876945
trans_Memcpy_time	19.398355
trans_MPI_time	17.905273
trans_pack_time	0.391350
trans_enlarge_time	0.675662
trans_mu_time	0.450228
trans_unpack_time	3.599743
updateU_new_time	2.715448
runtime	3.605488
--------------------------------------------------!
***************dt=2.000000***************
***************flag=0***************
--------------------------------------------------!
time		0.000000
wall time	237.121328
*******************************
dgemm_time	80.206398
conv_transfer_time	0.000000
conv_calculate_time	3354.118896
elastic_calculate_time	3354.158447
Allen_Cahn_nonlinear_time	3466.032715
Cahn_Hilliard_nonlinear_time	0.012000
trans_time	43.011288
trans_Memcpy_time	19.400126
trans_MPI_time	18.019361
trans_pack_time	0.378870
trans_enlarge_time	0.684145
trans_mu_time	0.437268
trans_unpack_time	3.574145
updateU_new_time	2.712730
runtime	3.600325
--------------------------------------------------!
***************dt=2.000000***************
***************flag=0***************
--------------------------------------------------!
time		0.000000
wall time	240.726907
*******************************
dgemm_time	80.229004
conv_transfer_time	0.000000
conv_calculate_time	3360.262207
elastic_calculate_time	3360.302490
Allen_Cahn_nonlinear_time	3476.347656
Cahn_Hilliard_nonlinear_time	0.011520
trans_time	42.795170
trans_Memcpy_time	19.368458
trans_MPI_time	17.872498
trans_pack_time	0.376471
trans_enlarge_time	0.680466
trans_mu_time	0.449912
trans_unpack_time	3.585667
updateU_new_time	2.714171
runtime	3.605736
--------------------------------------------------!
***************dt=2.000000***************
***************flag=0***************
--------------------------------------------------!
time		0.000000
wall time	244.327310
*******************************
dgemm_time	80.207130
conv_transfer_time	0.000000
conv_calculate_time	3361.053955
elastic_calculate_time	3361.092041
Allen_Cahn_nonlinear_time	3468.960449
Cahn_Hilliard_nonlinear_time	0.012000
trans_time	42.925522
trans_Memcpy_time	19.429428
trans_MPI_time	17.953625
trans_pack_time	0.378551
trans_enlarge_time	0.668946
trans_mu_time	0.441273
trans_unpack_time	3.590949
updateU_new_time	2.715613
runtime	3.599655
--------------------------------------------------!
***************dt=2.000000***************
***************flag=0***************
--------------------------------------------------!
time		0.000000
wall time	247.933134
*******************************
dgemm_time	80.234047
conv_transfer_time	0.000000
conv_calculate_time	3362.594727
elastic_calculate_time	3362.635498
Allen_Cahn_nonlinear_time	3474.792236
Cahn_Hilliard_nonlinear_time	0.012000
trans_time	41.828621
trans_Memcpy_time	19.437277
trans_MPI_time	16.814144
trans_pack_time	0.393271
trans_enlarge_time	0.679827
trans_mu_time	0.439673
trans_unpack_time	3.610311
updateU_new_time	2.714654
runtime	3.601722
--------------------------------------------------!
***************dt=2.000000***************
***************flag=0***************
--------------------------------------------------!
time		0.000000
wall time	251.532875
*******************************
dgemm_time	80.257126
conv_transfer_time	0.000000
conv_calculate_time	3363.108887
elastic_calculate_time	3363.148193
Allen_Cahn_nonlinear_time	3470.032959
Cahn_Hilliard_nonlinear_time	0.012160
trans_time	42.783051
trans_Memcpy_time	19.406891
trans_MPI_time	17.797327
trans_pack_time	0.404791
trans_enlarge_time	0.692467
trans_mu_time	0.439034
trans_unpack_time	3.584393
updateU_new_time	2.714016
runtime	3.607490
--------------------------------------------------!
***************dt=2.000000***************
***************flag=0***************
--------------------------------------------------!
time		0.000000
wall time	255.134733
*******************************
dgemm_time	80.257492
conv_transfer_time	0.000000
conv_calculate_time	3360.399414
elastic_calculate_time	3360.439453
Allen_Cahn_nonlinear_time	3467.520508
Cahn_Hilliard_nonlinear_time	0.011840
trans_time	43.072247
trans_Memcpy_time	19.407543
trans_MPI_time	18.101490
trans_pack_time	0.375352
trans_enlarge_time	0.694387
trans_mu_time	0.448473
trans_unpack_time	3.589515
updateU_new_time	2.714177
runtime	3.608339
--------------------------------------------------!
***************dt=2.000000***************
***************flag=0***************
--------------------------------------------------!
time		0.000000
wall time	258.742309
*******************************
dgemm_time	80.210327
conv_transfer_time	0.000000
conv_calculate_time	3359.056641
elastic_calculate_time	3359.095703
Allen_Cahn_nonlinear_time	3466.191650
Cahn_Hilliard_nonlinear_time	0.011680
trans_time	43.003422
trans_Memcpy_time	19.377310
trans_MPI_time	18.083099
trans_pack_time	0.377752
trans_enlarge_time	0.665747
trans_mu_time	0.451674
trans_unpack_time	3.589517
updateU_new_time	2.724258
runtime	3.597814
--------------------------------------------------!
***************dt=2.000000***************
***************flag=0***************
--------------------------------------------------!
time		0.000000
wall time	262.350749
*******************************
dgemm_time	80.255966
conv_transfer_time	0.000000
conv_calculate_time	3362.002686
elastic_calculate_time	3362.054443
Allen_Cahn_nonlinear_time	3470.296143
Cahn_Hilliard_nonlinear_time	0.011520
trans_time	42.808716
trans_Memcpy_time	19.369162
trans_MPI_time	17.863274
trans_pack_time	0.379672
trans_enlarge_time	0.694387
trans_mu_time	0.440794
trans_unpack_time	3.600878
updateU_new_time	2.714500
runtime	3.600479
--------------------------------------------------!
***************dt=2.000000***************
***************flag=0***************
--------------------------------------------------!
time		0.000000
wall time	265.948652
*******************************
dgemm_time	80.269287
conv_transfer_time	0.000000
conv_calculate_time	3360.024658
elastic_calculate_time	3360.063721
Allen_Cahn_nonlinear_time	3467.306152
Cahn_Hilliard_nonlinear_time	0.011680
trans_time	42.941814
trans_Memcpy_time	19.404850
trans_MPI_time	17.933681
trans_pack_time	0.375672
trans_enlarge_time	0.679507
trans_mu_time	0.440154
trans_unpack_time	3.580241
updateU_new_time	2.714021
runtime	3.598771
--------------------------------------------------!
***************dt=2.000000***************
***************flag=0***************
--------------------------------------------------!
time		0.000000
wall time	269.549204
*******************************
dgemm_time	80.249962
conv_transfer_time	0.000000
conv_calculate_time	3362.341553
elastic_calculate_time	3362.380371
Allen_Cahn_nonlinear_time	3470.788086
Cahn_Hilliard_nonlinear_time	0.011840
trans_time	43.069820
trans_Memcpy_time	19.417337
trans_MPI_time	18.082008
trans_pack_time	0.400952
trans_enlarge_time	0.671348
trans_mu_time	0.441274
trans_unpack_time	3.600402
updateU_new_time	2.714182
runtime	3.601528
--------------------------------------------------!
***************dt=2.000000***************
***************flag=0***************
--------------------------------------------------!
time		0.000000
wall time	273.148049
*******************************
dgemm_time	80.254158
conv_transfer_time	0.000000
conv_calculate_time	3359.717773
elastic_calculate_time	3359.759521
Allen_Cahn_nonlinear_time	3473.981934
Cahn_Hilliard_nonlinear_time	0.011840
trans_time	42.974941
trans_Memcpy_time	19.388226
trans_MPI_time	18.030655
trans_pack_time	0.377752
trans_enlarge_time	0.692787
trans_mu_time	0.450394
trans_unpack_time	3.575444
updateU_new_time	2.714984
runtime	3.602335
--------------------------------------------------!
***************dt=2.000000***************
***************flag=0***************
--------------------------------------------------!
time		0.000000
wall time	276.749897
*******************************
dgemm_time	80.277077
conv_transfer_time	0.000000
conv_calculate_time	3363.150879
elastic_calculate_time	3363.190186
Allen_Cahn_nonlinear_time	3469.804932
Cahn_Hilliard_nonlinear_time	0.011680
trans_time	42.501511
trans_Memcpy_time	19.441036
trans_MPI_time	17.534035
trans_pack_time	0.378553
trans_enlarge_time	0.670228
trans_mu_time	0.442714
trans_unpack_time	3.581365
updateU_new_time	2.731784
runtime	3.606402
--------------------------------------------------!
***************dt=2.000000***************
***************flag=0***************
--------------------------------------------------!
time		0.000000
wall time	280.352333
*******************************
dgemm_time	80.228790
conv_transfer_time	0.000000
conv_calculate_time	3358.031982
elastic_calculate_time	3358.072021
Allen_Cahn_nonlinear_time	3466.348877
Cahn_Hilliard_nonlinear_time	0.011680
trans_time	43.138866
trans_Memcpy_time	19.424246
trans_MPI_time	18.169548
trans_pack_time	0.376473
trans_enlarge_time	0.673428
trans_mu_time	0.447194
trans_unpack_time	3.589847
updateU_new_time	2.715306
runtime	3.599105
--------------------------------------------------!
***************dt=2.000000***************
***************flag=0***************
--------------------------------------------------!
time		0.000000
wall time	283.958837
*******************************
dgemm_time	80.252502
conv_transfer_time	0.000000
conv_calculate_time	3360.977783
elastic_calculate_time	3361.016113
Allen_Cahn_nonlinear_time	3468.323242
Cahn_Hilliard_nonlinear_time	0.011680
trans_time	42.560341
trans_Memcpy_time	19.419130
trans_MPI_time	17.602047
trans_pack_time	0.378234
trans_enlarge_time	0.677428
trans_mu_time	0.441914
trans_unpack_time	3.586168
updateU_new_time	2.714667
runtime	3.599253
--------------------------------------------------!
***************dt=2.000000***************
***************flag=0***************
--------------------------------------------------!
time		0.000000
wall time	287.558037
*******************************
dgemm_time	80.229660
conv_transfer_time	0.000000
conv_calculate_time	3363.638428
elastic_calculate_time	3363.679199
Allen_Cahn_nonlinear_time	3470.417480
Cahn_Hilliard_nonlinear_time	0.012000
trans_time	42.964699
trans_Memcpy_time	19.439781
trans_MPI_time	17.991806
trans_pack_time	0.385754
trans_enlarge_time	0.675988
trans_mu_time	0.438234
trans_unpack_time	3.572570
updateU_new_time	2.712748
runtime	3.605018
--------------------------------------------------!
***************dt=2.000000***************
***************flag=0***************
--------------------------------------------------!
time		0.000000
wall time	291.157391
*******************************
dgemm_time	80.210007
conv_transfer_time	0.000000
conv_calculate_time	3359.970947
elastic_calculate_time	3360.010010
Allen_Cahn_nonlinear_time	3467.089600
Cahn_Hilliard_nonlinear_time	0.012480
trans_time	43.039967
trans_Memcpy_time	19.393230
trans_MPI_time	18.102211
trans_pack_time	0.378074
trans_enlarge_time	0.673908
trans_mu_time	0.452474
trans_unpack_time	3.584731
updateU_new_time	2.715469
runtime	3.601672
--------------------------------------------------!
***************dt=2.000000***************
***************flag=0***************
--------------------------------------------------!
time		0.000000
wall time	294.762503
*******************************
dgemm_time	80.243156
conv_transfer_time	0.000000
conv_calculate_time	3358.566406
elastic_calculate_time	3358.606201
Allen_Cahn_nonlinear_time	3463.675537
Cahn_Hilliard_nonlinear_time	0.012160
trans_time	43.075062
trans_Memcpy_time	19.398197
trans_MPI_time	18.124779
trans_pack_time	0.378714
trans_enlarge_time	0.697588
trans_mu_time	0.444794
trans_unpack_time	3.573373
updateU_new_time	2.740750
runtime	3.596028
--------------------------------------------------!
***************dt=2.000000***************
***************flag=0***************
--------------------------------------------------!
time		0.000000
wall time	298.364257
*******************************
dgemm_time	80.271988
conv_transfer_time	0.000000
conv_calculate_time	3360.809814
elastic_calculate_time	3360.847900
Allen_Cahn_nonlinear_time	3467.892578
Cahn_Hilliard_nonlinear_time	0.011840
trans_time	42.905930
trans_Memcpy_time	19.394526
trans_MPI_time	17.954870
trans_pack_time	0.390394
trans_enlarge_time	0.665589
trans_mu_time	0.451194
trans_unpack_time	3.592894
updateU_new_time	2.711791
runtime	3.601905
--------------------------------------------------!
***************dt=2.000000***************
***************flag=0***************
--------------------------------------------------!
time		0.000000
wall time	301.960362
*******************************
dgemm_time	80.235222
conv_transfer_time	0.000000
conv_calculate_time	3357.627441
elastic_calculate_time	3357.666992
Allen_Cahn_nonlinear_time	3469.728516
Cahn_Hilliard_nonlinear_time	0.011520
trans_time	42.880207
trans_Memcpy_time	19.416611
trans_MPI_time	17.931517
trans_pack_time	0.376634
trans_enlarge_time	0.662070
trans_mu_time	0.443194
trans_unpack_time	3.586016
updateU_new_time	2.714672
runtime	3.602317
--------------------------------------------------!
***************dt=2.000000***************
***************flag=0***************
--------------------------------------------------!
time		0.000000
wall time	305.562341
*******************************
dgemm_time	80.254761
conv_transfer_time	0.000000
conv_calculate_time	3365.526123
elastic_calculate_time	3365.565430
Allen_Cahn_nonlinear_time	3468.535889
Cahn_Hilliard_nonlinear_time	0.011840
trans_time	42.504688
trans_Memcpy_time	19.368298
trans_MPI_time	17.604809
trans_pack_time	0.374554
trans_enlarge_time	0.667192
trans_mu_time	0.451994
trans_unpack_time	3.581697
updateU_new_time	2.713073
runtime	3.599599
--------------------------------------------------!
***************dt=2.000000***************
***************flag=0***************
--------------------------------------------------!
time		0.000000
wall time	309.164756
*******************************
dgemm_time	80.247276
conv_transfer_time	0.000000
conv_calculate_time	3355.119629
elastic_calculate_time	3355.158691
Allen_Cahn_nonlinear_time	3467.586670
Cahn_Hilliard_nonlinear_time	0.011680
trans_time	42.832458
trans_Memcpy_time	19.408306
trans_MPI_time	17.862572
trans_pack_time	0.376314
trans_enlarge_time	0.678712
trans_mu_time	0.450074
trans_unpack_time	3.594978
updateU_new_time	2.714194
runtime	3.600889
--------------------------------------------------!
***************dt=2.000000***************
***************flag=0***************
--------------------------------------------------!
time		0.000000
wall time	312.764477
*******************************
dgemm_time	80.256905
conv_transfer_time	0.000000
conv_calculate_time	3359.646729
elastic_calculate_time	3359.685547
Allen_Cahn_nonlinear_time	3466.369629
Cahn_Hilliard_nonlinear_time	0.011680
trans_time	42.941811
trans_Memcpy_time	19.413273
trans_MPI_time	17.937134
trans_pack_time	0.379674
trans_enlarge_time	0.710071
trans_mu_time	0.439514
trans_unpack_time	3.577380
updateU_new_time	2.741555
runtime	3.600656
--------------------------------------------------!
***************dt=2.000000***************
***************flag=0***************
--------------------------------------------------!
time		0.000000
wall time	316.365458
*******************************
dgemm_time	80.249733
conv_transfer_time	0.000000
conv_calculate_time	3361.014404
elastic_calculate_time	3361.058105
Allen_Cahn_nonlinear_time	3467.578857
Cahn_Hilliard_nonlinear_time	0.012000
trans_time	43.013615
trans_Memcpy_time	19.459517
trans_MPI_time	17.981142
trans_pack_time	0.399994
trans_enlarge_time	0.681273
trans_mu_time	0.442874
trans_unpack_time	3.586341
updateU_new_time	2.714036
runtime	3.601954
--------------------------------------------------!
***************dt=2.000000***************
***************flag=0***************
--------------------------------------------------!
time		0.000000
wall time	319.966221
*******************************
dgemm_time	80.243835
conv_transfer_time	0.000000
conv_calculate_time	3359.407959
elastic_calculate_time	3359.447754
Allen_Cahn_nonlinear_time	3469.257080
Cahn_Hilliard_nonlinear_time	0.012000
trans_time	42.973701
trans_Memcpy_time	19.388325
trans_MPI_time	18.051226
trans_pack_time	0.377914
trans_enlarge_time	0.672473
trans_mu_time	0.441434
trans_unpack_time	3.584742
updateU_new_time	2.713557
runtime	3.602449
--------------------------------------------------!
***************dt=2.000000***************
***************flag=0***************
--------------------------------------------------!
time		0.000000
wall time	323.568278
*******************************
dgemm_time	80.242905
conv_transfer_time	0.000000
conv_calculate_time	3361.404053
elastic_calculate_time	3361.444092
Allen_Cahn_nonlinear_time	3469.013428
Cahn_Hilliard_nonlinear_time	0.011680
trans_time	43.170811
trans_Memcpy_time	19.395533
trans_MPI_time	18.241631
trans_pack_time	0.379034
trans_enlarge_time	0.676953
trans_mu_time	0.448634
trans_unpack_time	3.574023
updateU_new_time	2.716598
runtime	3.599465
--------------------------------------------------!
***************dt=2.000000***************
***************flag=0***************
--------------------------------------------------!
time		0.000000
wall time	327.170810
*******************************
dgemm_time	80.265327
conv_transfer_time	0.000000
conv_calculate_time	3359.600586
elastic_calculate_time	3359.640625
Allen_Cahn_nonlinear_time	3467.424316
Cahn_Hilliard_nonlinear_time	0.011840
trans_time	42.681114
trans_Memcpy_time	19.382580
trans_MPI_time	17.688526
trans_pack_time	0.377275
trans_enlarge_time	0.684633
trans_mu_time	0.443514
trans_unpack_time	3.581224
updateU_new_time	2.713719
runtime	3.598263
--------------------------------------------------!
***************dt=2.000000***************
***************flag=0***************
--------------------------------------------------!
time		0.000000
wall time	330.770432
*******************************
dgemm_time	80.266953
conv_transfer_time	0.000000
conv_calculate_time	3361.158936
elastic_calculate_time	3361.197998
Allen_Cahn_nonlinear_time	3472.418701
Cahn_Hilliard_nonlinear_time	0.012160
trans_time	42.947281
trans_Memcpy_time	19.377625
trans_MPI_time	18.042444
trans_pack_time	0.375035
trans_enlarge_time	0.671354
trans_mu_time	0.444154
trans_unpack_time	3.581705
updateU_new_time	2.732439
runtime	3.603896
--------------------------------------------------!
***************dt=2.000000***************
***************flag=0***************
--------------------------------------------------!
time		0.000000
wall time	334.368788
*******************************
dgemm_time	80.207619
conv_transfer_time	0.000000
conv_calculate_time	3360.219482
elastic_calculate_time	3360.257324
Allen_Cahn_nonlinear_time	3469.416748
Cahn_Hilliard_nonlinear_time	0.012320
trans_time	42.935375
trans_Memcpy_time	19.390270
trans_MPI_time	17.981331
trans_pack_time	0.397435
trans_enlarge_time	0.670714
trans_mu_time	0.442074
trans_unpack_time	3.592906
updateU_new_time	2.715160
runtime	3.600568
--------------------------------------------------!
***************dt=2.000000***************
***************flag=0***************
--------------------------------------------------!
time		0.000000
wall time	337.972755
*******************************
dgemm_time	80.247955
conv_transfer_time	0.000000
conv_calculate_time	3362.158936
elastic_calculate_time	3362.197754
Allen_Cahn_nonlinear_time	3472.301514
Cahn_Hilliard_nonlinear_time	0.012000
trans_time	42.944820
trans_Memcpy_time	19.406755
trans_MPI_time	17.986937
trans_pack_time	0.376476
trans_enlarge_time	0.688473
trans_mu_time	0.439514
trans_unpack_time	3.589868
updateU_new_time	2.712921
runtime	3.600772
--------------------------------------------------!
***************dt=2.000000***************
***************flag=0***************
--------------------------------------------------!
time		0.000000
wall time	341.573411
*******************************
dgemm_time	80.233902
conv_transfer_time	0.000000
conv_calculate_time	3361.389893
elastic_calculate_time	3361.427246
Allen_Cahn_nonlinear_time	3471.502441
Cahn_Hilliard_nonlinear_time	0.011840
trans_time	42.638485
trans_Memcpy_time	19.417801
trans_MPI_time	17.688705
trans_pack_time	0.378076
trans_enlarge_time	0.678234
trans_mu_time	0.441274
trans_unpack_time	3.577709
updateU_new_time	2.714522
runtime	3.600924
--------------------------------------------------!
***************dt=2.000000***************
***************flag=0***************
--------------------------------------------------!
time		0.000000
wall time	345.174257
*******************************
dgemm_time	80.294250
conv_transfer_time	0.000000
conv_calculate_time	3374.087158
elastic_calculate_time	3374.126953
Allen_Cahn_nonlinear_time	3479.721680
Cahn_Hilliard_nonlinear_time	0.012160
trans_time	40.104572
trans_Memcpy_time	19.394129
trans_MPI_time	15.163147
trans_pack_time	0.377916
trans_enlarge_time	0.685114
trans_mu_time	0.449274
trans_unpack_time	3.577870
updateU_new_time	2.715163
runtime	3.613298
--------------------------------------------------!
***************dt=2.000000***************
***************flag=0***************
--------------------------------------------------!
time		0.000000
wall time	348.775316
*******************************
dgemm_time	80.250275
conv_transfer_time	0.000000
conv_calculate_time	3359.940430
elastic_calculate_time	3359.979248
Allen_Cahn_nonlinear_time	3469.553467
Cahn_Hilliard_nonlinear_time	0.011680
trans_time	42.962837
trans_Memcpy_time	19.404055
trans_MPI_time	18.023111
trans_pack_time	0.375196
trans_enlarge_time	0.672314
trans_mu_time	0.447194
trans_unpack_time	3.583951
updateU_new_time	2.723803
runtime	3.599196
--------------------------------------------------!
***************dt=2.000000***************
***************flag=0***************
--------------------------------------------------!
time		0.000000
wall time	352.388712
*******************************
dgemm_time	80.204437
conv_transfer_time	0.000000
conv_calculate_time	3360.601807
elastic_calculate_time	3360.652344
Allen_Cahn_nonlinear_time	3468.480957
Cahn_Hilliard_nonlinear_time	0.012000
trans_time	43.014328
trans_Memcpy_time	19.417498
trans_MPI_time	18.044556
trans_pack_time	0.395356
trans_enlarge_time	0.676314
trans_mu_time	0.439194
trans_unpack_time	3.580912
updateU_new_time	2.710356
runtime	3.599090
--------------------------------------------------!
***************dt=2.000000***************
***************flag=0***************
--------------------------------------------------!
time		0.000000
wall time	355.987993
*******************************
dgemm_time	80.235558
conv_transfer_time	0.000000
conv_calculate_time	3360.881348
elastic_calculate_time	3360.920410
Allen_Cahn_nonlinear_time	3468.095215
Cahn_Hilliard_nonlinear_time	0.011520
trans_time	43.092690
trans_Memcpy_time	19.386560
trans_MPI_time	18.093140
trans_pack_time	0.379674
trans_enlarge_time	0.674073
trans_mu_time	0.452154
trans_unpack_time	3.589381
updateU_new_time	2.714513
runtime	3.599037
--------------------------------------------------!
***************dt=2.000000***************
***************flag=0***************
--------------------------------------------------!
time		0.000000
wall time	359.587169
*******************************
dgemm_time	80.250626
conv_transfer_time	0.000000
conv_calculate_time	3358.640869
elastic_calculate_time	3358.680908
Allen_Cahn_nonlinear_time	3466.388428
Cahn_Hilliard_nonlinear_time	0.012320
trans_time	42.466000
trans_Memcpy_time	19.374542
trans_MPI_time	17.555054
trans_pack_time	0.384954
trans_enlarge_time	0.689111
trans_mu_time	0.438554
trans_unpack_time	3.570978
updateU_new_time	2.714674
runtime	3.598285
--------------------------------------------------!
***************dt=2.000000***************
***************flag=0***************
--------------------------------------------------!
time		0.000000
wall time	363.186276
