running   on	2048   processors
restart		0
nx,ny,nz	132	132	132
px,py,pz	16	16	8
nghost		2
output   dir	./output/output2/
data   dir	./data/
dt,t_total	2.000000,200.100000
ELASTIC		1
ANISOTROPIC		1
nac,nch		6,2
xmin,ymin,zmin	0.000000	0.000000	0.000000
xmax,ymax,zmax	2048.000000	2048.000000	1024.000000
checkpoint_,nchk,chk	1,1000,0
nout		10000
Approx		32
detect_iter		100000
Reading input.txt file:
*******************************
dgemm_time	16.526833
conv_transfer_time	0.000000
conv_calculate_time	4242.431152
elastic_calculate_time	4242.486328
Allen_Cahn_nonlinear_time	4275.861816
Cahn_Hilliard_nonlinear_time	0.014720
trans_time	590.382751
trans_Memcpy_time	17.011782
trans_MPI_time	569.802185
trans_pack_time	0.336793
trans_enlarge_time	0.718548
trans_mu_time	0.422714
trans_unpack_time	1.477407
updateU_new_time	0.783983
runtime	4.895186
--------------------------------------------------!
***************dt=2.000000***************
***************flag=0***************
--------------------------------------------------!
time		0.000000
wall time	2.136236
*******************************
dgemm_time	15.327501
conv_transfer_time	0.000000
conv_calculate_time	1014.335510
elastic_calculate_time	1014.377808
Allen_Cahn_nonlinear_time	1063.184326
Cahn_Hilliard_nonlinear_time	0.012320
trans_time	18.829252
trans_Memcpy_time	9.098198
trans_MPI_time	6.545298
trans_pack_time	0.285594
trans_enlarge_time	0.495673
trans_mu_time	0.419674
trans_unpack_time	1.440448
updateU_new_time	0.777103
runtime	1.099022
--------------------------------------------------!
***************dt=2.000000***************
***************flag=0***************
--------------------------------------------------!
time		0.000000
wall time	7.035700
*******************************
dgemm_time	15.301581
conv_transfer_time	0.000000
conv_calculate_time	1019.853149
elastic_calculate_time	1019.892395
Allen_Cahn_nonlinear_time	1058.191528
Cahn_Hilliard_nonlinear_time	0.011680
trans_time	18.692038
trans_Memcpy_time	8.902044
trans_MPI_time	6.735532
trans_pack_time	0.276794
trans_enlarge_time	0.475833
trans_mu_time	0.393914
trans_unpack_time	1.407169
updateU_new_time	0.777583
runtime	1.094375
--------------------------------------------------!
***************dt=2.000000***************
***************flag=0***************
--------------------------------------------------!
time		0.000000
wall time	8.138969
*******************************
dgemm_time	15.317259
conv_transfer_time	0.000000
conv_calculate_time	1014.945496
elastic_calculate_time	1014.981995
Allen_Cahn_nonlinear_time	1054.845215
Cahn_Hilliard_nonlinear_time	0.012160
trans_time	21.819468
trans_Memcpy_time	8.925564
trans_MPI_time	9.815144
trans_pack_time	0.279354
trans_enlarge_time	0.472473
trans_mu_time	0.398554
trans_unpack_time	1.417889
updateU_new_time	0.777743
runtime	1.103282
--------------------------------------------------!
***************dt=2.000000***************
***************flag=0***************
--------------------------------------------------!
time		0.000000
wall time	9.237617
*******************************
dgemm_time	15.287661
conv_transfer_time	0.000000
conv_calculate_time	1018.379333
elastic_calculate_time	1018.414124
Allen_Cahn_nonlinear_time	1058.762085
Cahn_Hilliard_nonlinear_time	0.012000
trans_time	18.603647
trans_Memcpy_time	8.908443
trans_MPI_time	6.687533
trans_pack_time	0.279034
trans_enlarge_time	0.473433
trans_mu_time	0.395834
trans_unpack_time	1.406209
updateU_new_time	0.776303
runtime	1.097592
--------------------------------------------------!
***************dt=2.000000***************
***************flag=0***************
--------------------------------------------------!
time		0.000000
wall time	10.345161
*******************************
dgemm_time	15.341417
conv_transfer_time	0.000000
conv_calculate_time	1017.539978
elastic_calculate_time	1017.576904
Allen_Cahn_nonlinear_time	1056.612061
Cahn_Hilliard_nonlinear_time	0.012000
trans_time	18.246504
trans_Memcpy_time	8.876443
trans_MPI_time	6.372180
trans_pack_time	0.277114
trans_enlarge_time	0.472953
trans_mu_time	0.400314
trans_unpack_time	1.401729
updateU_new_time	0.777103
runtime	1.098543
--------------------------------------------------!
***************dt=2.000000***************
***************flag=0***************
--------------------------------------------------!
time		0.000000
wall time	11.446991
*******************************
dgemm_time	15.335978
conv_transfer_time	0.000000
conv_calculate_time	1018.216614
elastic_calculate_time	1018.255249
Allen_Cahn_nonlinear_time	1062.249023
Cahn_Hilliard_nonlinear_time	0.012000
trans_time	18.518276
trans_Memcpy_time	8.878363
trans_MPI_time	6.631053
trans_pack_time	0.276954
trans_enlarge_time	0.470233
trans_mu_time	0.393594
trans_unpack_time	1.416289
updateU_new_time	0.779663
runtime	1.097686
--------------------------------------------------!
***************dt=2.000000***************
***************flag=0***************
--------------------------------------------------!
time		0.000000
wall time	12.549911
*******************************
dgemm_time	15.339978
conv_transfer_time	0.000000
conv_calculate_time	1017.094238
elastic_calculate_time	1017.132080
Allen_Cahn_nonlinear_time	1061.702515
Cahn_Hilliard_nonlinear_time	0.011840
trans_time	18.472948
trans_Memcpy_time	8.900764
trans_MPI_time	6.578734
trans_pack_time	0.283674
trans_enlarge_time	0.470553
trans_mu_time	0.394234
trans_unpack_time	1.394849
updateU_new_time	0.777743
runtime	1.100620
--------------------------------------------------!
***************dt=2.000000***************
***************flag=0***************
--------------------------------------------------!
time		0.000000
wall time	13.651859
*******************************
dgemm_time	15.323978
conv_transfer_time	0.000000
conv_calculate_time	1016.440674
elastic_calculate_time	1016.475037
Allen_Cahn_nonlinear_time	1060.998657
Cahn_Hilliard_nonlinear_time	0.012000
trans_time	18.493870
trans_Memcpy_time	8.887322
trans_MPI_time	6.588014
trans_pack_time	0.283194
trans_enlarge_time	0.473433
trans_mu_time	0.395034
trans_unpack_time	1.418529
updateU_new_time	0.775823
runtime	1.097120
--------------------------------------------------!
***************dt=2.000000***************
***************flag=0***************
--------------------------------------------------!
time		0.000000
wall time	14.756709
*******************************
dgemm_time	15.320778
conv_transfer_time	0.000000
conv_calculate_time	1015.046143
elastic_calculate_time	1015.081787
Allen_Cahn_nonlinear_time	1057.807617
Cahn_Hilliard_nonlinear_time	0.012160
trans_time	18.620985
trans_Memcpy_time	8.875804
trans_MPI_time	6.746730
trans_pack_time	0.277274
trans_enlarge_time	0.473273
trans_mu_time	0.393594
trans_unpack_time	1.406369
updateU_new_time	0.778063
runtime	1.095531
--------------------------------------------------!
***************dt=2.000000***************
***************flag=0***************
--------------------------------------------------!
time		0.000000
wall time	15.859062
*******************************
dgemm_time	15.322058
conv_transfer_time	0.000000
conv_calculate_time	1016.991333
elastic_calculate_time	1017.026428
Allen_Cahn_nonlinear_time	1057.506226
Cahn_Hilliard_nonlinear_time	0.012160
trans_time	18.754143
trans_Memcpy_time	8.880923
trans_MPI_time	6.871527
trans_pack_time	0.279194
trans_enlarge_time	0.476953
trans_mu_time	0.396154
trans_unpack_time	1.405249
updateU_new_time	0.776623
runtime	1.096227
--------------------------------------------------!
***************dt=2.000000***************
***************flag=0***************
--------------------------------------------------!
time		0.000000
wall time	16.958827
*******************************
dgemm_time	15.339818
conv_transfer_time	0.000000
conv_calculate_time	1015.509155
elastic_calculate_time	1015.546631
Allen_Cahn_nonlinear_time	1060.255493
Cahn_Hilliard_nonlinear_time	0.012480
trans_time	18.709213
trans_Memcpy_time	8.875963
trans_MPI_time	6.815849
trans_pack_time	0.276954
trans_enlarge_time	0.480313
trans_mu_time	0.394554
trans_unpack_time	1.419809
updateU_new_time	0.778863
runtime	1.096070
--------------------------------------------------!
***************dt=2.000000***************
***************flag=0***************
--------------------------------------------------!
time		0.000000
wall time	18.059295
*******************************
dgemm_time	15.339978
conv_transfer_time	0.000000
conv_calculate_time	1015.354126
elastic_calculate_time	1015.389954
Allen_Cahn_nonlinear_time	1061.936035
Cahn_Hilliard_nonlinear_time	0.011840
trans_time	18.322811
trans_Memcpy_time	8.884924
trans_MPI_time	6.418258
trans_pack_time	0.291834
trans_enlarge_time	0.473433
trans_mu_time	0.395674
trans_unpack_time	1.412449
updateU_new_time	0.776623
runtime	1.100300
--------------------------------------------------!
***************dt=2.000000***************
***************flag=0***************
--------------------------------------------------!
time		0.000000
wall time	19.159613
*******************************
dgemm_time	15.312298
conv_transfer_time	0.000000
conv_calculate_time	1018.658020
elastic_calculate_time	1018.691895
Allen_Cahn_nonlinear_time	1055.891602
Cahn_Hilliard_nonlinear_time	0.011840
trans_time	18.761892
trans_Memcpy_time	8.847965
trans_MPI_time	6.898247
trans_pack_time	0.285914
trans_enlarge_time	0.469433
trans_mu_time	0.396314
trans_unpack_time	1.418049
updateU_new_time	0.775823
runtime	1.096741
--------------------------------------------------!
***************dt=2.000000***************
***************flag=0***************
--------------------------------------------------!
time		0.000000
wall time	20.264154
*******************************
dgemm_time	15.320618
conv_transfer_time	0.000000
conv_calculate_time	1012.224426
elastic_calculate_time	1012.257629
Allen_Cahn_nonlinear_time	1056.764282
Cahn_Hilliard_nonlinear_time	0.012000
trans_time	18.163635
trans_Memcpy_time	8.822365
trans_MPI_time	6.326580
trans_pack_time	0.276634
trans_enlarge_time	0.479033
trans_mu_time	0.394714
trans_unpack_time	1.414529
updateU_new_time	0.777903
runtime	1.095652
--------------------------------------------------!
***************dt=2.000000***************
***************flag=0***************
--------------------------------------------------!
time		0.000000
wall time	21.365190
*******************************
dgemm_time	15.336298
conv_transfer_time	0.000000
conv_calculate_time	1018.020752
elastic_calculate_time	1018.056580
Allen_Cahn_nonlinear_time	1058.272095
Cahn_Hilliard_nonlinear_time	0.012000
trans_time	18.532757
trans_Memcpy_time	8.830045
trans_MPI_time	6.692332
trans_pack_time	0.283354
trans_enlarge_time	0.470073
trans_mu_time	0.395994
trans_unpack_time	1.414209
updateU_new_time	0.776623
runtime	1.096149
--------------------------------------------------!
***************dt=2.000000***************
***************flag=0***************
--------------------------------------------------!
time		0.000000
wall time	22.465102
*******************************
dgemm_time	15.320458
conv_transfer_time	0.000000
conv_calculate_time	1017.040771
elastic_calculate_time	1017.075623
Allen_Cahn_nonlinear_time	1057.497070
Cahn_Hilliard_nonlinear_time	0.012000
trans_time	18.088888
trans_Memcpy_time	8.862205
trans_MPI_time	6.218422
trans_pack_time	0.275834
trans_enlarge_time	0.472793
trans_mu_time	0.391514
trans_unpack_time	1.421889
updateU_new_time	0.775183
runtime	1.100658
--------------------------------------------------!
***************dt=2.000000***************
***************flag=0***************
--------------------------------------------------!
time		0.000000
wall time	23.565524
*******************************
dgemm_time	15.321898
conv_transfer_time	0.000000
conv_calculate_time	1018.406006
elastic_calculate_time	1018.442871
Allen_Cahn_nonlinear_time	1057.017822
Cahn_Hilliard_nonlinear_time	0.012160
trans_time	18.196363
trans_Memcpy_time	8.895324
trans_MPI_time	6.304341
trans_pack_time	0.282234
trans_enlarge_time	0.471673
trans_mu_time	0.392794
trans_unpack_time	1.406049
updateU_new_time	0.780143
runtime	1.092612
--------------------------------------------------!
***************dt=2.000000***************
***************flag=0***************
--------------------------------------------------!
time		0.000000
wall time	24.670435
*******************************
dgemm_time	15.322378
conv_transfer_time	0.000000
conv_calculate_time	1014.888489
elastic_calculate_time	1014.925476
Allen_Cahn_nonlinear_time	1056.926025
Cahn_Hilliard_nonlinear_time	0.012000
trans_time	18.674404
trans_Memcpy_time	8.845564
trans_MPI_time	6.823689
trans_pack_time	0.275834
trans_enlarge_time	0.472153
trans_mu_time	0.394234
trans_unpack_time	1.416129
updateU_new_time	0.772463
runtime	1.097892
--------------------------------------------------!
***************dt=2.000000***************
***************flag=0***************
--------------------------------------------------!
time		0.000000
wall time	25.767316
*******************************
dgemm_time	15.321578
conv_transfer_time	0.000000
conv_calculate_time	1014.634583
elastic_calculate_time	1014.668396
Allen_Cahn_nonlinear_time	1056.780029
Cahn_Hilliard_nonlinear_time	0.011840
trans_time	18.411421
trans_Memcpy_time	8.849403
trans_MPI_time	6.564494
trans_pack_time	0.275194
trans_enlarge_time	0.474073
trans_mu_time	0.396154
trans_unpack_time	1.401889
updateU_new_time	0.779023
runtime	1.096772
--------------------------------------------------!
***************dt=2.000000***************
***************flag=0***************
--------------------------------------------------!
time		0.000000
wall time	26.869436
*******************************
dgemm_time	15.329898
conv_transfer_time	0.000000
conv_calculate_time	1017.311951
elastic_calculate_time	1017.347961
Allen_Cahn_nonlinear_time	1054.878540
Cahn_Hilliard_nonlinear_time	0.012160
trans_time	18.102087
trans_Memcpy_time	8.846204
trans_MPI_time	6.254741
trans_pack_time	0.276634
trans_enlarge_time	0.471193
trans_mu_time	0.393594
trans_unpack_time	1.405889
updateU_new_time	0.776463
runtime	1.099857
--------------------------------------------------!
***************dt=2.000000***************
***************flag=0***************
--------------------------------------------------!
time		0.000000
wall time	27.970436
*******************************
dgemm_time	15.311018
conv_transfer_time	0.000000
conv_calculate_time	1017.792419
elastic_calculate_time	1017.827698
Allen_Cahn_nonlinear_time	1062.387085
Cahn_Hilliard_nonlinear_time	0.012000
trans_time	18.032370
trans_Memcpy_time	8.849885
trans_MPI_time	6.162264
trans_pack_time	0.275994
trans_enlarge_time	0.474553
trans_mu_time	0.395034
trans_unpack_time	1.427488
updateU_new_time	0.776783
runtime	1.100430
--------------------------------------------------!
***************dt=2.000000***************
***************flag=0***************
--------------------------------------------------!
time		0.000000
wall time	29.074616
*******************************
dgemm_time	15.331018
conv_transfer_time	0.000000
conv_calculate_time	1015.046875
elastic_calculate_time	1015.083740
Allen_Cahn_nonlinear_time	1055.624634
Cahn_Hilliard_nonlinear_time	0.011840
trans_time	18.427820
trans_Memcpy_time	8.868283
trans_MPI_time	6.562893
trans_pack_time	0.277914
trans_enlarge_time	0.470553
trans_mu_time	0.393754
trans_unpack_time	1.410209
updateU_new_time	0.779823
runtime	1.093971
--------------------------------------------------!
***************dt=2.000000***************
***************flag=0***************
--------------------------------------------------!
time		0.000000
wall time	30.179302
*******************************
dgemm_time	15.329124
conv_transfer_time	0.000000
conv_calculate_time	1016.745361
elastic_calculate_time	1016.780273
Allen_Cahn_nonlinear_time	1055.362671
Cahn_Hilliard_nonlinear_time	0.012160
trans_time	19.247400
trans_Memcpy_time	8.926362
trans_MPI_time	7.335517
trans_pack_time	0.277274
trans_enlarge_time	0.472793
trans_mu_time	0.393754
trans_unpack_time	1.392449
updateU_new_time	0.777104
runtime	1.097269
--------------------------------------------------!
***************dt=2.000000***************
***************flag=0***************
--------------------------------------------------!
time		0.000000
wall time	31.277548
*******************************
dgemm_time	15.309202
conv_transfer_time	0.000000
conv_calculate_time	1017.344971
elastic_calculate_time	1017.379272
Allen_Cahn_nonlinear_time	1059.692749
Cahn_Hilliard_nonlinear_time	0.011840
trans_time	18.627363
trans_Memcpy_time	8.824621
trans_MPI_time	6.790423
trans_pack_time	0.280315
trans_enlarge_time	0.474074
trans_mu_time	0.395994
trans_unpack_time	1.410852
updateU_new_time	0.776308
runtime	1.096735
--------------------------------------------------!
***************dt=2.000000***************
***************flag=0***************
--------------------------------------------------!
time		0.000000
wall time	32.379099
*******************************
dgemm_time	15.327034
conv_transfer_time	0.000000
conv_calculate_time	1017.085632
elastic_calculate_time	1017.121765
Allen_Cahn_nonlinear_time	1057.584473
Cahn_Hilliard_nonlinear_time	0.012000
trans_time	18.538998
trans_Memcpy_time	8.825785
trans_MPI_time	6.721817
trans_pack_time	0.283516
trans_enlarge_time	0.468154
trans_mu_time	0.393914
trans_unpack_time	1.398539
updateU_new_time	0.786712
runtime	1.093770
--------------------------------------------------!
***************dt=2.000000***************
***************flag=0***************
--------------------------------------------------!
time		0.000000
wall time	33.480088
*******************************
dgemm_time	15.310141
conv_transfer_time	0.000000
conv_calculate_time	1019.098267
elastic_calculate_time	1019.133484
Allen_Cahn_nonlinear_time	1058.366089
Cahn_Hilliard_nonlinear_time	0.011680
trans_time	18.897089
trans_Memcpy_time	8.853506
trans_MPI_time	7.012405
trans_pack_time	0.279358
trans_enlarge_time	0.478239
trans_mu_time	0.397760
trans_unpack_time	1.430865
updateU_new_time	0.777755
runtime	1.097319
--------------------------------------------------!
***************dt=2.000000***************
***************flag=0***************
--------------------------------------------------!
time		0.000000
wall time	34.578117
*******************************
dgemm_time	15.315166
conv_transfer_time	0.000000
conv_calculate_time	1015.184509
elastic_calculate_time	1015.220459
Allen_Cahn_nonlinear_time	1056.364746
Cahn_Hilliard_nonlinear_time	0.011840
trans_time	18.303429
trans_Memcpy_time	8.835946
trans_MPI_time	6.470680
trans_pack_time	0.277600
trans_enlarge_time	0.471200
trans_mu_time	0.392480
trans_unpack_time	1.406711
updateU_new_time	0.778239
runtime	1.093645
--------------------------------------------------!
***************dt=2.000000***************
***************flag=0***************
--------------------------------------------------!
time		0.000000
wall time	35.679673
*******************************
dgemm_time	15.344025
conv_transfer_time	0.000000
conv_calculate_time	1016.736145
elastic_calculate_time	1016.773560
Allen_Cahn_nonlinear_time	1054.684448
Cahn_Hilliard_nonlinear_time	0.011680
trans_time	18.822323
trans_Memcpy_time	8.948783
trans_MPI_time	6.870386
trans_pack_time	0.278240
trans_enlarge_time	0.471040
trans_mu_time	0.395840
trans_unpack_time	1.410237
updateU_new_time	0.781601
runtime	1.091178
--------------------------------------------------!
***************dt=2.000000***************
***************flag=0***************
--------------------------------------------------!
time		0.000000
wall time	36.777573
*******************************
dgemm_time	15.313842
conv_transfer_time	0.000000
conv_calculate_time	1014.211731
elastic_calculate_time	1014.248901
Allen_Cahn_nonlinear_time	1056.963501
Cahn_Hilliard_nonlinear_time	0.012800
trans_time	18.450487
trans_Memcpy_time	8.887852
trans_MPI_time	6.504330
trans_pack_time	0.278240
trans_enlarge_time	0.472320
trans_mu_time	0.396960
trans_unpack_time	1.408962
updateU_new_time	0.778084
runtime	1.097368
--------------------------------------------------!
***************dt=2.000000***************
***************flag=0***************
--------------------------------------------------!
time		0.000000
wall time	37.873099
*******************************
dgemm_time	15.339178
conv_transfer_time	0.000000
conv_calculate_time	1014.569641
elastic_calculate_time	1014.607605
Allen_Cahn_nonlinear_time	1057.046387
Cahn_Hilliard_nonlinear_time	0.012480
trans_time	18.543676
trans_Memcpy_time	8.868526
trans_MPI_time	6.629475
trans_pack_time	0.277760
trans_enlarge_time	0.473920
trans_mu_time	0.394560
trans_unpack_time	1.393927
updateU_new_time	0.793767
runtime	1.098121
--------------------------------------------------!
***************dt=2.000000***************
***************flag=0***************
--------------------------------------------------!
time		0.000000
wall time	38.974715
*******************************
dgemm_time	15.310429
conv_transfer_time	0.000000
conv_calculate_time	1015.252441
elastic_calculate_time	1015.286011
Allen_Cahn_nonlinear_time	1056.747559
Cahn_Hilliard_nonlinear_time	0.012000
trans_time	18.626925
trans_Memcpy_time	8.925998
trans_MPI_time	6.633339
trans_pack_time	0.275042
trans_enlarge_time	0.470720
trans_mu_time	0.394720
trans_unpack_time	1.419373
updateU_new_time	0.778889
runtime	1.097075
--------------------------------------------------!
***************dt=2.000000***************
***************flag=0***************
--------------------------------------------------!
time		0.000000
wall time	40.077111
*******************************
dgemm_time	15.329361
conv_transfer_time	0.000000
conv_calculate_time	1017.808289
elastic_calculate_time	1017.845581
Allen_Cahn_nonlinear_time	1058.710327
Cahn_Hilliard_nonlinear_time	0.012000
trans_time	18.464504
trans_Memcpy_time	8.887630
trans_MPI_time	6.572881
trans_pack_time	0.279202
trans_enlarge_time	0.468641
trans_mu_time	0.395840
trans_unpack_time	1.412817
updateU_new_time	0.776972
runtime	1.097683
--------------------------------------------------!
***************dt=2.000000***************
***************flag=0***************
--------------------------------------------------!
time		0.000000
wall time	41.178490
*******************************
dgemm_time	15.316288
conv_transfer_time	0.000000
conv_calculate_time	1018.642700
elastic_calculate_time	1018.678589
Allen_Cahn_nonlinear_time	1064.909668
Cahn_Hilliard_nonlinear_time	0.012000
trans_time	18.571047
trans_Memcpy_time	8.853096
trans_MPI_time	6.725545
trans_pack_time	0.278244
trans_enlarge_time	0.473446
trans_mu_time	0.395366
trans_unpack_time	1.393782
updateU_new_time	0.776174
runtime	1.102520
--------------------------------------------------!
***************dt=2.000000***************
***************flag=0***************
--------------------------------------------------!
time		0.000000
wall time	42.280438
*******************************
dgemm_time	15.331533
conv_transfer_time	0.000000
conv_calculate_time	1018.461731
elastic_calculate_time	1018.497681
Allen_Cahn_nonlinear_time	1060.131348
Cahn_Hilliard_nonlinear_time	0.011680
trans_time	18.430332
trans_Memcpy_time	8.885446
trans_MPI_time	6.537403
trans_pack_time	0.275844
trans_enlarge_time	0.472006
trans_mu_time	0.394886
trans_unpack_time	1.415386
updateU_new_time	0.777457
runtime	1.099849
--------------------------------------------------!
***************dt=2.000000***************
***************flag=0***************
--------------------------------------------------!
time		0.000000
wall time	43.387217
*******************************
dgemm_time	15.332857
conv_transfer_time	0.000000
conv_calculate_time	1016.358521
elastic_calculate_time	1016.393921
Allen_Cahn_nonlinear_time	1055.902710
Cahn_Hilliard_nonlinear_time	0.012000
trans_time	18.142691
trans_Memcpy_time	8.863232
trans_MPI_time	6.271655
trans_pack_time	0.277926
trans_enlarge_time	0.475687
trans_mu_time	0.398886
trans_unpack_time	1.405790
updateU_new_time	0.793619
runtime	1.092873
--------------------------------------------------!
***************dt=2.000000***************
***************flag=0***************
--------------------------------------------------!
time		0.000000
wall time	44.491351
*******************************
dgemm_time	15.310658
conv_transfer_time	0.000000
conv_calculate_time	1019.627258
elastic_calculate_time	1019.661560
Allen_Cahn_nonlinear_time	1063.419189
Cahn_Hilliard_nonlinear_time	0.012160
trans_time	18.363867
trans_Memcpy_time	8.881338
trans_MPI_time	6.460798
trans_pack_time	0.280806
trans_enlarge_time	0.474407
trans_mu_time	0.394406
trans_unpack_time	1.426755
updateU_new_time	0.779701
runtime	1.099081
--------------------------------------------------!
***************dt=2.000000***************
***************flag=0***************
--------------------------------------------------!
time		0.000000
wall time	45.588496
*******************************
dgemm_time	15.314378
conv_transfer_time	0.000000
conv_calculate_time	1015.819580
elastic_calculate_time	1015.856201
Allen_Cahn_nonlinear_time	1056.979980
Cahn_Hilliard_nonlinear_time	0.012160
trans_time	18.485849
trans_Memcpy_time	8.855282
trans_MPI_time	6.619861
trans_pack_time	0.278247
trans_enlarge_time	0.474572
trans_mu_time	0.393766
trans_unpack_time	1.417478
updateU_new_time	0.779383
runtime	1.099416
--------------------------------------------------!
***************dt=2.000000***************
***************flag=0***************
--------------------------------------------------!
time		0.000000
wall time	46.691864
*******************************
dgemm_time	15.325296
conv_transfer_time	0.000000
conv_calculate_time	1013.999451
elastic_calculate_time	1014.035706
Allen_Cahn_nonlinear_time	1058.784790
Cahn_Hilliard_nonlinear_time	0.011840
trans_time	18.785257
trans_Memcpy_time	8.869545
trans_MPI_time	6.916846
trans_pack_time	0.277928
trans_enlarge_time	0.472492
trans_mu_time	0.396172
trans_unpack_time	1.406442
updateU_new_time	0.776665
runtime	1.097624
--------------------------------------------------!
***************dt=2.000000***************
***************flag=0***************
--------------------------------------------------!
time		0.000000
wall time	47.795542
*******************************
dgemm_time	15.313492
conv_transfer_time	0.000000
conv_calculate_time	1017.742981
elastic_calculate_time	1017.776794
Allen_Cahn_nonlinear_time	1057.221069
Cahn_Hilliard_nonlinear_time	0.012320
trans_time	18.597618
trans_Memcpy_time	8.886528
trans_MPI_time	6.703417
trans_pack_time	0.277448
trans_enlarge_time	0.473453
trans_mu_time	0.394252
trans_unpack_time	1.409645
updateU_new_time	0.777947
runtime	1.094818
--------------------------------------------------!
***************dt=2.000000***************
***************flag=0***************
--------------------------------------------------!
time		0.000000
wall time	48.897405
*******************************
dgemm_time	15.329369
conv_transfer_time	0.000000
conv_calculate_time	1015.477722
elastic_calculate_time	1015.512695
Allen_Cahn_nonlinear_time	1056.805542
Cahn_Hilliard_nonlinear_time	0.012640
trans_time	18.700674
trans_Memcpy_time	8.843668
trans_MPI_time	6.850318
trans_pack_time	0.280329
trans_enlarge_time	0.472493
trans_mu_time	0.395372
trans_unpack_time	1.412529
updateU_new_time	0.785469
runtime	1.097963
--------------------------------------------------!
***************dt=2.000000***************
***************flag=0***************
--------------------------------------------------!
time		0.000000
wall time	49.997115
*******************************
dgemm_time	15.326042
conv_transfer_time	0.000000
conv_calculate_time	1018.088745
elastic_calculate_time	1018.123535
Allen_Cahn_nonlinear_time	1057.211304
Cahn_Hilliard_nonlinear_time	0.011680
trans_time	23.209246
trans_Memcpy_time	8.898251
trans_MPI_time	11.296900
trans_pack_time	0.281290
trans_enlarge_time	0.474573
trans_mu_time	0.394252
trans_unpack_time	1.419732
updateU_new_time	0.774110
runtime	1.104377
--------------------------------------------------!
***************dt=2.000000***************
***************flag=0***************
--------------------------------------------------!
time		0.000000
wall time	51.099359
*******************************
dgemm_time	15.326875
conv_transfer_time	0.000000
conv_calculate_time	1014.524963
elastic_calculate_time	1014.560303
Allen_Cahn_nonlinear_time	1056.295166
Cahn_Hilliard_nonlinear_time	0.012160
trans_time	18.364845
trans_Memcpy_time	8.881468
trans_MPI_time	6.475934
trans_pack_time	0.277610
trans_enlarge_time	0.475378
trans_mu_time	0.392652
trans_unpack_time	1.410615
updateU_new_time	0.777312
runtime	1.093713
--------------------------------------------------!
***************dt=2.000000***************
***************flag=0***************
--------------------------------------------------!
time		0.000000
wall time	52.207988
*******************************
dgemm_time	15.333306
conv_transfer_time	0.000000
conv_calculate_time	1014.365479
elastic_calculate_time	1014.399902
Allen_Cahn_nonlinear_time	1059.235596
Cahn_Hilliard_nonlinear_time	0.012160
trans_time	18.327442
trans_Memcpy_time	8.968051
trans_MPI_time	6.348422
trans_pack_time	0.281771
trans_enlarge_time	0.474258
trans_mu_time	0.394892
trans_unpack_time	1.411898
updateU_new_time	0.776193
runtime	1.095118
--------------------------------------------------!
***************dt=2.000000***************
***************flag=0***************
--------------------------------------------------!
time		0.000000
wall time	53.305933
*******************************
dgemm_time	15.314297
conv_transfer_time	0.000000
conv_calculate_time	1015.029053
elastic_calculate_time	1015.063843
Allen_Cahn_nonlinear_time	1055.687500
Cahn_Hilliard_nonlinear_time	0.012000
trans_time	18.700256
trans_Memcpy_time	8.935588
trans_MPI_time	6.751973
trans_pack_time	0.276812
trans_enlarge_time	0.471219
trans_mu_time	0.395373
trans_unpack_time	1.415421
updateU_new_time	0.777635
runtime	1.091937
--------------------------------------------------!
***************dt=2.000000***************
***************flag=0***************
--------------------------------------------------!
time		0.000000
wall time	54.405307
*******************************
dgemm_time	15.316725
conv_transfer_time	0.000000
conv_calculate_time	1018.128906
elastic_calculate_time	1018.164734
Allen_Cahn_nonlinear_time	1057.042725
Cahn_Hilliard_nonlinear_time	0.011840
trans_time	18.553217
trans_Memcpy_time	8.880082
trans_MPI_time	6.675182
trans_pack_time	0.276812
trans_enlarge_time	0.471859
trans_mu_time	0.400498
trans_unpack_time	1.402784
updateU_new_time	0.787877
runtime	1.097045
--------------------------------------------------!
***************dt=2.000000***************
***************flag=0***************
--------------------------------------------------!
time		0.000000
wall time	55.501508
*******************************
dgemm_time	15.331795
conv_transfer_time	0.000000
conv_calculate_time	1017.740662
elastic_calculate_time	1017.773804
Allen_Cahn_nonlinear_time	1059.363037
Cahn_Hilliard_nonlinear_time	0.011680
trans_time	18.481699
trans_Memcpy_time	8.922341
trans_MPI_time	6.546069
trans_pack_time	0.278413
trans_enlarge_time	0.471059
trans_mu_time	0.394898
trans_unpack_time	1.423267
updateU_new_time	0.775078
runtime	1.098478
--------------------------------------------------!
***************dt=2.000000***************
***************flag=0***************
--------------------------------------------------!
time		0.000000
wall time	56.602830
*******************************
dgemm_time	15.315017
conv_transfer_time	0.000000
conv_calculate_time	1017.146606
elastic_calculate_time	1017.181885
Allen_Cahn_nonlinear_time	1055.585205
Cahn_Hilliard_nonlinear_time	0.012000
trans_time	18.754314
trans_Memcpy_time	8.855794
trans_MPI_time	6.887538
trans_pack_time	0.277293
trans_enlarge_time	0.476179
trans_mu_time	0.396498
trans_unpack_time	1.415429
updateU_new_time	0.777959
runtime	1.092051
--------------------------------------------------!
***************dt=2.000000***************
***************flag=0***************
--------------------------------------------------!
time		0.000000
wall time	57.705606
*******************************
dgemm_time	15.318673
conv_transfer_time	0.000000
conv_calculate_time	1014.205444
elastic_calculate_time	1014.241333
Allen_Cahn_nonlinear_time	1061.407349
Cahn_Hilliard_nonlinear_time	0.011840
trans_time	18.472586
trans_Memcpy_time	8.879810
trans_MPI_time	6.600494
trans_pack_time	0.282094
trans_enlarge_time	0.468340
trans_mu_time	0.392818
trans_unpack_time	1.402951
updateU_new_time	0.779238
runtime	1.098757
--------------------------------------------------!
***************dt=2.000000***************
***************flag=0***************
--------------------------------------------------!
time		0.000000
wall time	58.801916
*******************************
dgemm_time	15.329689
conv_transfer_time	0.000000
conv_calculate_time	1018.586609
elastic_calculate_time	1018.620667
Allen_Cahn_nonlinear_time	1057.002197
Cahn_Hilliard_nonlinear_time	0.012320
trans_time	18.653595
trans_Memcpy_time	8.846512
trans_MPI_time	6.807214
trans_pack_time	0.276173
trans_enlarge_time	0.473299
trans_mu_time	0.396978
trans_unpack_time	1.405189
updateU_new_time	0.778117
runtime	1.095841
--------------------------------------------------!
***************dt=2.000000***************
***************flag=0***************
--------------------------------------------------!
time		0.000000
wall time	59.904929
*******************************
dgemm_time	15.342753
conv_transfer_time	0.000000
conv_calculate_time	1017.786011
elastic_calculate_time	1017.820679
Allen_Cahn_nonlinear_time	1057.551636
Cahn_Hilliard_nonlinear_time	0.012160
trans_time	18.535143
trans_Memcpy_time	8.861382
trans_MPI_time	6.690558
trans_pack_time	0.278253
trans_enlarge_time	0.472339
trans_mu_time	0.395858
trans_unpack_time	1.389666
updateU_new_time	0.792043
runtime	1.094882
--------------------------------------------------!
***************dt=2.000000***************
***************flag=0***************
--------------------------------------------------!
time		0.000000
wall time	61.005007
*******************************
dgemm_time	15.324614
conv_transfer_time	0.000000
conv_calculate_time	1016.923340
elastic_calculate_time	1016.957031
Allen_Cahn_nonlinear_time	1062.057739
Cahn_Hilliard_nonlinear_time	0.011680
trans_time	18.748030
trans_Memcpy_time	9.046890
trans_MPI_time	6.704204
trans_pack_time	0.276815
trans_enlarge_time	0.472985
trans_mu_time	0.395058
trans_unpack_time	1.409037
updateU_new_time	0.779567
runtime	1.102878
--------------------------------------------------!
***************dt=2.000000***************
***************flag=0***************
--------------------------------------------------!
time		0.000000
wall time	62.099979
*******************************
dgemm_time	15.345031
conv_transfer_time	0.000000
conv_calculate_time	1015.025024
elastic_calculate_time	1015.060242
Allen_Cahn_nonlinear_time	1057.164795
Cahn_Hilliard_nonlinear_time	0.012321
trans_time	18.710629
trans_Memcpy_time	9.051591
trans_MPI_time	6.651125
trans_pack_time	0.276657
trans_enlarge_time	0.470746
trans_mu_time	0.396025
trans_unpack_time	1.420567
updateU_new_time	0.776372
runtime	1.099451
--------------------------------------------------!
***************dt=2.000000***************
***************flag=0***************
--------------------------------------------------!
time		0.000000
wall time	63.202960
*******************************
dgemm_time	15.330564
conv_transfer_time	0.000000
conv_calculate_time	1015.290161
elastic_calculate_time	1015.324402
Allen_Cahn_nonlinear_time	1057.065308
Cahn_Hilliard_nonlinear_time	0.012001
trans_time	18.678196
trans_Memcpy_time	9.033088
trans_MPI_time	6.646527
trans_pack_time	0.274898
trans_enlarge_time	0.471872
trans_mu_time	0.396665
trans_unpack_time	1.410495
updateU_new_time	0.777177
runtime	1.096606
--------------------------------------------------!
***************dt=2.000000***************
***************flag=0***************
--------------------------------------------------!
time		0.000000
wall time	64.303433
*******************************
dgemm_time	15.335936
conv_transfer_time	0.000000
conv_calculate_time	1018.184448
elastic_calculate_time	1018.219971
Allen_Cahn_nonlinear_time	1057.748535
Cahn_Hilliard_nonlinear_time	0.012001
trans_time	18.673990
trans_Memcpy_time	9.066265
trans_MPI_time	6.612646
trans_pack_time	0.278100
trans_enlarge_time	0.473312
trans_mu_time	0.395389
trans_unpack_time	1.406343
updateU_new_time	0.774141
runtime	1.098000
--------------------------------------------------!
***************dt=2.000000***************
***************flag=0***************
--------------------------------------------------!
time		0.000000
wall time	65.400121
*******************************
dgemm_time	15.338584
conv_transfer_time	0.000000
conv_calculate_time	1023.039062
elastic_calculate_time	1023.085388
Allen_Cahn_nonlinear_time	1056.658447
Cahn_Hilliard_nonlinear_time	0.011841
trans_time	18.794250
trans_Memcpy_time	9.030315
trans_MPI_time	6.767417
trans_pack_time	0.276341
trans_enlarge_time	0.471558
trans_mu_time	0.395231
trans_unpack_time	1.408912
updateU_new_time	0.793347
runtime	1.096516
--------------------------------------------------!
***************dt=2.000000***************
***************flag=0***************
--------------------------------------------------!
time		0.000000
wall time	66.498225
*******************************
dgemm_time	15.320749
conv_transfer_time	0.000000
conv_calculate_time	1018.863770
elastic_calculate_time	1018.899658
Allen_Cahn_nonlinear_time	1057.440674
Cahn_Hilliard_nonlinear_time	0.012161
trans_time	18.747805
trans_Memcpy_time	9.035810
trans_MPI_time	6.660407
trans_pack_time	0.274583
trans_enlarge_time	0.470918
trans_mu_time	0.396832
trans_unpack_time	1.404920
updateU_new_time	0.775590
runtime	1.099365
--------------------------------------------------!
***************dt=2.000000***************
***************flag=0***************
--------------------------------------------------!
time		0.000000
wall time	67.594866
*******************************
dgemm_time	15.344034
conv_transfer_time	0.000000
conv_calculate_time	1016.039062
elastic_calculate_time	1016.075989
Allen_Cahn_nonlinear_time	1058.046021
Cahn_Hilliard_nonlinear_time	0.011841
trans_time	18.796314
trans_Memcpy_time	9.021138
trans_MPI_time	6.727490
trans_pack_time	0.276985
trans_enlarge_time	0.467884
trans_mu_time	0.395077
trans_unpack_time	1.420609
updateU_new_time	0.777675
runtime	1.098155
--------------------------------------------------!
***************dt=2.000000***************
***************flag=0***************
--------------------------------------------------!
time		0.000000
wall time	68.694391
*******************************
dgemm_time	15.334833
conv_transfer_time	0.000000
conv_calculate_time	1018.050720
elastic_calculate_time	1018.085693
Allen_Cahn_nonlinear_time	1061.755493
Cahn_Hilliard_nonlinear_time	0.011681
trans_time	18.650282
trans_Memcpy_time	9.019748
trans_MPI_time	6.584473
trans_pack_time	0.278107
trans_enlarge_time	0.471084
trans_mu_time	0.393797
trans_unpack_time	1.414696
updateU_new_time	0.776079
runtime	1.098846
--------------------------------------------------!
***************dt=2.000000***************
***************flag=0***************
--------------------------------------------------!
time		0.000000
wall time	69.792624
*******************************
dgemm_time	15.303228
conv_transfer_time	0.000000
conv_calculate_time	1018.565857
elastic_calculate_time	1018.602478
Allen_Cahn_nonlinear_time	1057.898926
Cahn_Hilliard_nonlinear_time	0.012321
trans_time	18.131716
trans_Memcpy_time	9.030195
trans_MPI_time	6.099979
trans_pack_time	0.279229
trans_enlarge_time	0.471248
trans_mu_time	0.396519
trans_unpack_time	1.409743
updateU_new_time	0.779763
runtime	1.099245
--------------------------------------------------!
***************dt=2.000000***************
***************flag=0***************
--------------------------------------------------!
time		0.000000
wall time	70.891562
*******************************
dgemm_time	15.318506
conv_transfer_time	0.000000
conv_calculate_time	1021.931335
elastic_calculate_time	1021.965881
Allen_Cahn_nonlinear_time	1058.136719
Cahn_Hilliard_nonlinear_time	0.012481
trans_time	18.423010
trans_Memcpy_time	9.023841
trans_MPI_time	6.403402
trans_pack_time	0.274909
trans_enlarge_time	0.471570
trans_mu_time	0.395883
trans_unpack_time	1.410710
updateU_new_time	0.781207
runtime	1.099143
--------------------------------------------------!
***************dt=2.000000***************
***************flag=0***************
--------------------------------------------------!
time		0.000000
wall time	71.990885
*******************************
dgemm_time	15.335862
conv_transfer_time	0.000000
conv_calculate_time	1018.896545
elastic_calculate_time	1018.930786
Allen_Cahn_nonlinear_time	1061.159546
Cahn_Hilliard_nonlinear_time	0.011841
trans_time	18.661737
trans_Memcpy_time	9.014286
trans_MPI_time	6.643461
trans_pack_time	0.277791
trans_enlarge_time	0.478452
trans_mu_time	0.393963
trans_unpack_time	1.408477
updateU_new_time	0.778330
runtime	1.097589
--------------------------------------------------!
***************dt=2.000000***************
***************flag=0***************
--------------------------------------------------!
time		0.000000
wall time	73.090150
*******************************
dgemm_time	15.316092
conv_transfer_time	0.000000
conv_calculate_time	1013.239807
elastic_calculate_time	1013.275452
Allen_Cahn_nonlinear_time	1056.494385
Cahn_Hilliard_nonlinear_time	0.012162
trans_time	18.795282
trans_Memcpy_time	9.007609
trans_MPI_time	6.777109
trans_pack_time	0.275872
trans_enlarge_time	0.475096
trans_mu_time	0.396684
trans_unpack_time	1.417125
updateU_new_time	0.775454
runtime	1.097136
--------------------------------------------------!
***************dt=2.000000***************
***************flag=0***************
--------------------------------------------------!
time		0.000000
wall time	74.187861
*******************************
dgemm_time	15.332138
conv_transfer_time	0.000000
conv_calculate_time	1018.882874
elastic_calculate_time	1018.916504
Allen_Cahn_nonlinear_time	1057.683716
Cahn_Hilliard_nonlinear_time	0.011682
trans_time	18.312401
trans_Memcpy_time	9.011172
trans_MPI_time	6.293881
trans_pack_time	0.276354
trans_enlarge_time	0.475738
trans_mu_time	0.394610
trans_unpack_time	1.411851
updateU_new_time	0.779457
runtime	1.096451
--------------------------------------------------!
***************dt=2.000000***************
***************flag=0***************
--------------------------------------------------!
time		0.000000
wall time	75.285087
*******************************
dgemm_time	15.329085
conv_transfer_time	0.000000
conv_calculate_time	1018.626587
elastic_calculate_time	1018.660583
Allen_Cahn_nonlinear_time	1056.584717
Cahn_Hilliard_nonlinear_time	0.011842
trans_time	18.383657
trans_Memcpy_time	9.035361
trans_MPI_time	6.351187
trans_pack_time	0.275714
trans_enlarge_time	0.474138
trans_mu_time	0.394450
trans_unpack_time	1.408495
updateU_new_time	0.777056
runtime	1.093693
--------------------------------------------------!
***************dt=2.000000***************
***************flag=0***************
--------------------------------------------------!
time		0.000000
wall time	76.381655
*******************************
dgemm_time	15.345693
conv_transfer_time	0.000000
conv_calculate_time	1018.097900
elastic_calculate_time	1018.132446
Allen_Cahn_nonlinear_time	1059.759766
Cahn_Hilliard_nonlinear_time	0.012322
trans_time	18.388687
trans_Memcpy_time	9.056474
trans_MPI_time	6.327178
trans_pack_time	0.275874
trans_enlarge_time	0.477819
trans_mu_time	0.396850
trans_unpack_time	1.411374
updateU_new_time	0.779134
runtime	1.097757
--------------------------------------------------!
***************dt=2.000000***************
***************flag=0***************
--------------------------------------------------!
time		0.000000
wall time	77.475441
*******************************
dgemm_time	15.301654
conv_transfer_time	0.000000
conv_calculate_time	1014.750183
elastic_calculate_time	1014.784424
Allen_Cahn_nonlinear_time	1059.499756
Cahn_Hilliard_nonlinear_time	0.011841
trans_time	18.690495
trans_Memcpy_time	9.005727
trans_MPI_time	6.676486
trans_pack_time	0.278273
trans_enlarge_time	0.473497
trans_mu_time	0.394289
trans_unpack_time	1.413931
updateU_new_time	0.779613
runtime	1.096186
--------------------------------------------------!
***************dt=2.000000***************
***************flag=0***************
--------------------------------------------------!
time		0.000000
wall time	78.573300
*******************************
dgemm_time	15.331706
conv_transfer_time	0.000000
conv_calculate_time	1017.052612
elastic_calculate_time	1017.085938
Allen_Cahn_nonlinear_time	1060.265137
Cahn_Hilliard_nonlinear_time	0.012161
trans_time	18.703585
trans_Memcpy_time	9.028912
trans_MPI_time	6.664629
trans_pack_time	0.276193
trans_enlarge_time	0.476056
trans_mu_time	0.394129
trans_unpack_time	1.418408
updateU_new_time	0.777051
runtime	1.098975
--------------------------------------------------!
***************dt=2.000000***************
***************flag=0***************
--------------------------------------------------!
time		0.000000
wall time	79.669640
*******************************
dgemm_time	15.328634
conv_transfer_time	0.000000
conv_calculate_time	1018.137878
elastic_calculate_time	1018.172058
Allen_Cahn_nonlinear_time	1056.691040
Cahn_Hilliard_nonlinear_time	0.012001
trans_time	18.691715
trans_Memcpy_time	9.037375
trans_MPI_time	6.650694
trans_pack_time	0.276513
trans_enlarge_time	0.472535
trans_mu_time	0.397646
trans_unpack_time	1.404164
updateU_new_time	0.771608
runtime	1.092342
--------------------------------------------------!
***************dt=2.000000***************
***************flag=0***************
--------------------------------------------------!
time		0.000000
wall time	80.768713
*******************************
dgemm_time	15.329243
conv_transfer_time	0.000000
conv_calculate_time	1013.492920
elastic_calculate_time	1013.527771
Allen_Cahn_nonlinear_time	1064.665527
Cahn_Hilliard_nonlinear_time	0.012481
trans_time	18.698217
trans_Memcpy_time	9.043274
trans_MPI_time	6.660442
trans_pack_time	0.279872
trans_enlarge_time	0.474614
trans_mu_time	0.396684
trans_unpack_time	1.399360
updateU_new_time	0.781848
runtime	1.100530
--------------------------------------------------!
***************dt=2.000000***************
***************flag=0***************
--------------------------------------------------!
time		0.000000
wall time	81.861138
*******************************
dgemm_time	15.335135
conv_transfer_time	0.000000
conv_calculate_time	1011.739746
elastic_calculate_time	1011.774353
Allen_Cahn_nonlinear_time	1059.024414
Cahn_Hilliard_nonlinear_time	0.012481
trans_time	18.282703
trans_Memcpy_time	9.011734
trans_MPI_time	6.268705
trans_pack_time	0.276671
trans_enlarge_time	0.471251
trans_mu_time	0.394923
trans_unpack_time	1.416799
updateU_new_time	0.777046
runtime	1.094300
--------------------------------------------------!
***************dt=2.000000***************
***************flag=0***************
--------------------------------------------------!
time		0.000000
wall time	82.961780
*******************************
dgemm_time	15.332226
conv_transfer_time	0.000000
conv_calculate_time	1017.237427
elastic_calculate_time	1017.272095
Allen_Cahn_nonlinear_time	1059.913208
Cahn_Hilliard_nonlinear_time	0.012001
trans_time	18.400131
trans_Memcpy_time	9.035561
trans_MPI_time	6.362943
trans_pack_time	0.284032
trans_enlarge_time	0.469011
trans_mu_time	0.399244
trans_unpack_time	1.404635
updateU_new_time	0.777684
runtime	1.095888
--------------------------------------------------!
***************dt=2.000000***************
***************flag=0***************
--------------------------------------------------!
time		0.000000
wall time	84.056181
*******************************
dgemm_time	15.344038
conv_transfer_time	0.000000
conv_calculate_time	1018.860046
elastic_calculate_time	1018.894714
Allen_Cahn_nonlinear_time	1056.022949
Cahn_Hilliard_nonlinear_time	0.012161
trans_time	18.719240
trans_Memcpy_time	8.994097
trans_MPI_time	6.721850
trans_pack_time	0.278431
trans_enlarge_time	0.473330
trans_mu_time	0.394763
trans_unpack_time	1.413754
updateU_new_time	0.775763
runtime	1.096918
--------------------------------------------------!
***************dt=2.000000***************
***************flag=0***************
--------------------------------------------------!
time		0.000000
wall time	85.152171
*******************************
dgemm_time	15.332491
conv_transfer_time	0.000000
conv_calculate_time	1017.483032
elastic_calculate_time	1017.517639
Allen_Cahn_nonlinear_time	1061.101074
Cahn_Hilliard_nonlinear_time	0.011681
trans_time	18.764811
trans_Memcpy_time	9.008963
trans_MPI_time	6.756561
trans_pack_time	0.275869
trans_enlarge_time	0.474130
trans_mu_time	0.399404
trans_unpack_time	1.409270
updateU_new_time	0.777362
runtime	1.097239
--------------------------------------------------!
***************dt=2.000000***************
***************flag=0***************
--------------------------------------------------!
time		0.000000
wall time	86.249181
*******************************
dgemm_time	15.317902
conv_transfer_time	0.000000
conv_calculate_time	1012.929565
elastic_calculate_time	1012.963806
Allen_Cahn_nonlinear_time	1056.537720
Cahn_Hilliard_nonlinear_time	0.011841
trans_time	18.454563
trans_Memcpy_time	9.016307
trans_MPI_time	6.434435
trans_pack_time	0.277469
trans_enlarge_time	0.474131
trans_mu_time	0.397163
trans_unpack_time	1.414388
updateU_new_time	0.776720
runtime	1.093016
--------------------------------------------------!
***************dt=2.000000***************
***************flag=0***************
--------------------------------------------------!
time		0.000000
wall time	87.346540
*******************************
dgemm_time	15.337235
conv_transfer_time	0.000000
conv_calculate_time	1018.107849
elastic_calculate_time	1018.143005
Allen_Cahn_nonlinear_time	1057.220703
Cahn_Hilliard_nonlinear_time	0.011841
trans_time	18.747084
trans_Memcpy_time	9.032293
trans_MPI_time	6.702292
trans_pack_time	0.274749
trans_enlarge_time	0.472850
trans_mu_time	0.394120
trans_unpack_time	1.425427
updateU_new_time	0.778479
runtime	1.097529
--------------------------------------------------!
***************dt=2.000000***************
***************flag=0***************
--------------------------------------------------!
time		0.000000
wall time	88.439817
*******************************
dgemm_time	15.333692
conv_transfer_time	0.000000
conv_calculate_time	1016.151550
elastic_calculate_time	1016.186279
Allen_Cahn_nonlinear_time	1057.137817
Cahn_Hilliard_nonlinear_time	0.011841
trans_time	18.573174
trans_Memcpy_time	9.021076
trans_MPI_time	6.534423
trans_pack_time	0.292829
trans_enlarge_time	0.477969
trans_mu_time	0.394598
trans_unpack_time	1.410063
updateU_new_time	0.776397
runtime	1.097593
--------------------------------------------------!
***************dt=2.000000***************
***************flag=0***************
--------------------------------------------------!
time		0.000000
wall time	89.537429
*******************************
dgemm_time	15.317664
conv_transfer_time	0.000000
conv_calculate_time	1017.425354
elastic_calculate_time	1017.460999
Allen_Cahn_nonlinear_time	1059.956421
Cahn_Hilliard_nonlinear_time	0.012001
trans_time	18.652689
trans_Memcpy_time	9.029542
trans_MPI_time	6.608659
trans_pack_time	0.281788
trans_enlarge_time	0.472845
trans_mu_time	0.397638
trans_unpack_time	1.419502
updateU_new_time	0.780557
runtime	1.095813
--------------------------------------------------!
***************dt=2.000000***************
***************flag=0***************
--------------------------------------------------!
time		0.000000
wall time	90.635303
*******************************
dgemm_time	15.315399
conv_transfer_time	0.000000
conv_calculate_time	1018.458435
elastic_calculate_time	1018.493286
Allen_Cahn_nonlinear_time	1056.479858
Cahn_Hilliard_nonlinear_time	0.011841
trans_time	18.799732
trans_Memcpy_time	9.039127
trans_MPI_time	6.754742
trans_pack_time	0.277947
trans_enlarge_time	0.476525
trans_mu_time	0.396518
trans_unpack_time	1.411659
updateU_new_time	0.780075
runtime	1.098200
--------------------------------------------------!
***************dt=2.000000***************
***************flag=0***************
--------------------------------------------------!
time		0.000000
wall time	91.731220
*******************************
dgemm_time	15.343217
conv_transfer_time	0.000000
conv_calculate_time	1018.146057
elastic_calculate_time	1018.179871
Allen_Cahn_nonlinear_time	1058.508667
Cahn_Hilliard_nonlinear_time	0.012001
trans_time	18.758751
trans_Memcpy_time	9.017192
trans_MPI_time	6.743691
trans_pack_time	0.278267
trans_enlarge_time	0.474925
trans_mu_time	0.395237
trans_unpack_time	1.406216
updateU_new_time	0.780074
runtime	1.101682
--------------------------------------------------!
***************dt=2.000000***************
***************flag=0***************
--------------------------------------------------!
time		0.000000
wall time	92.829505
*******************************
dgemm_time	15.328632
conv_transfer_time	0.000000
conv_calculate_time	1018.841675
elastic_calculate_time	1018.875671
Allen_Cahn_nonlinear_time	1061.273438
Cahn_Hilliard_nonlinear_time	0.012001
trans_time	18.401884
trans_Memcpy_time	9.035259
trans_MPI_time	6.352923
trans_pack_time	0.275707
trans_enlarge_time	0.473164
trans_mu_time	0.395557
trans_unpack_time	1.425575
updateU_new_time	0.778153
runtime	1.098120
--------------------------------------------------!
***************dt=2.000000***************
***************flag=0***************
--------------------------------------------------!
time		0.000000
wall time	93.932760
*******************************
dgemm_time	15.313728
conv_transfer_time	0.000000
conv_calculate_time	1017.520508
elastic_calculate_time	1017.555359
Allen_Cahn_nonlinear_time	1057.239990
Cahn_Hilliard_nonlinear_time	0.012001
trans_time	18.056795
trans_Memcpy_time	8.981159
trans_MPI_time	6.074168
trans_pack_time	0.279226
trans_enlarge_time	0.475244
trans_mu_time	0.395557
trans_unpack_time	1.404451
updateU_new_time	0.776231
runtime	1.092705
--------------------------------------------------!
***************dt=2.000000***************
***************flag=0***************
--------------------------------------------------!
time		0.000000
wall time	95.031011
*******************************
dgemm_time	15.323149
conv_transfer_time	0.000000
conv_calculate_time	1014.587585
elastic_calculate_time	1014.623962
Allen_Cahn_nonlinear_time	1058.937866
Cahn_Hilliard_nonlinear_time	0.016321
trans_time	18.558756
trans_Memcpy_time	9.027070
trans_MPI_time	6.526200
trans_pack_time	0.275545
trans_enlarge_time	0.471724
trans_mu_time	0.395877
trans_unpack_time	1.418850
updateU_new_time	0.780231
runtime	1.099954
--------------------------------------------------!
***************dt=2.000000***************
***************flag=0***************
--------------------------------------------------!
time		0.000000
wall time	96.123813
*******************************
dgemm_time	15.386810
conv_transfer_time	0.000000
conv_calculate_time	1015.770874
elastic_calculate_time	1015.811951
Allen_Cahn_nonlinear_time	1060.017090
Cahn_Hilliard_nonlinear_time	0.012001
trans_time	18.784878
trans_Memcpy_time	9.335567
trans_MPI_time	6.244245
trans_pack_time	0.283545
trans_enlarge_time	0.499884
trans_mu_time	0.415877
trans_unpack_time	1.410528
updateU_new_time	0.779109
runtime	1.095792
--------------------------------------------------!
***************dt=2.000000***************
***************flag=0***************
--------------------------------------------------!
time		0.000000
wall time	97.223862
*******************************
dgemm_time	15.312702
conv_transfer_time	0.000000
conv_calculate_time	1018.022644
elastic_calculate_time	1018.058289
Allen_Cahn_nonlinear_time	1063.809570
Cahn_Hilliard_nonlinear_time	0.011841
trans_time	18.830095
trans_Memcpy_time	9.089291
trans_MPI_time	6.686035
trans_pack_time	0.275065
trans_enlarge_time	0.469801
trans_mu_time	0.394597
trans_unpack_time	1.412606
updateU_new_time	0.775908
runtime	1.103470
--------------------------------------------------!
***************dt=2.000000***************
***************flag=0***************
--------------------------------------------------!
time		0.000000
wall time	98.319752
*******************************
dgemm_time	15.315082
conv_transfer_time	0.000000
conv_calculate_time	1017.283691
elastic_calculate_time	1017.317932
Allen_Cahn_nonlinear_time	1057.962891
Cahn_Hilliard_nonlinear_time	0.012321
trans_time	18.683355
trans_Memcpy_time	9.071514
trans_MPI_time	6.549854
trans_pack_time	0.277144
trans_enlarge_time	0.477160
trans_mu_time	0.395394
trans_unpack_time	1.426365
updateU_new_time	0.775107
runtime	1.094088
--------------------------------------------------!
***************dt=2.000000***************
***************flag=0***************
--------------------------------------------------!
time		0.000000
wall time	99.423312
*******************************
dgemm_time	15.329942
conv_transfer_time	0.000000
conv_calculate_time	1017.229248
elastic_calculate_time	1017.266113
Allen_Cahn_nonlinear_time	1056.531494
Cahn_Hilliard_nonlinear_time	0.012161
trans_time	18.796511
trans_Memcpy_time	9.070064
trans_MPI_time	6.724420
trans_pack_time	0.275703
trans_enlarge_time	0.470118
trans_mu_time	0.393632
trans_unpack_time	1.414362
updateU_new_time	0.780866
runtime	1.092885
--------------------------------------------------!
***************dt=2.000000***************
***************flag=0***************
--------------------------------------------------!
time		0.000000
wall time	100.517480
*******************************
dgemm_time	15.350564
conv_transfer_time	0.000000
conv_calculate_time	1015.097351
elastic_calculate_time	1015.135010
Allen_Cahn_nonlinear_time	1056.888916
Cahn_Hilliard_nonlinear_time	0.011841
trans_time	18.876701
trans_Memcpy_time	9.030046
trans_MPI_time	6.849862
trans_pack_time	0.277943
trans_enlarge_time	0.470918
trans_mu_time	0.395232
trans_unpack_time	1.410520
updateU_new_time	0.777505
runtime	1.097760
--------------------------------------------------!
***************dt=2.000000***************
***************flag=0***************
--------------------------------------------------!
time		0.000000
wall time	101.610471
*******************************
dgemm_time	15.336464
conv_transfer_time	0.000000
conv_calculate_time	1018.231628
elastic_calculate_time	1018.266052
Allen_Cahn_nonlinear_time	1058.653931
Cahn_Hilliard_nonlinear_time	0.011841
trans_time	18.708714
trans_Memcpy_time	9.082520
trans_MPI_time	6.628394
trans_pack_time	0.276183
trans_enlarge_time	0.472358
trans_mu_time	0.394592
trans_unpack_time	1.409558
updateU_new_time	0.778464
runtime	1.100714
--------------------------------------------------!
***************dt=2.000000***************
***************flag=0***************
--------------------------------------------------!
time		0.000000
wall time	102.708313
*******************************
dgemm_time	15.322203
conv_transfer_time	0.000000
conv_calculate_time	1018.418518
elastic_calculate_time	1018.453735
Allen_Cahn_nonlinear_time	1061.229858
Cahn_Hilliard_nonlinear_time	0.013441
trans_time	18.799868
trans_Memcpy_time	9.087149
trans_MPI_time	6.717673
trans_pack_time	0.275063
trans_enlarge_time	0.470918
trans_mu_time	0.395231
trans_unpack_time	1.409556
updateU_new_time	0.787104
runtime	1.098462
--------------------------------------------------!
***************dt=2.000000***************
***************flag=0***************
--------------------------------------------------!
time		0.000000
wall time	103.809109
*******************************
dgemm_time	15.309704
conv_transfer_time	0.000000
conv_calculate_time	1021.597839
elastic_calculate_time	1021.635071
Allen_Cahn_nonlinear_time	1059.977539
Cahn_Hilliard_nonlinear_time	0.012001
trans_time	18.549522
trans_Memcpy_time	9.083778
trans_MPI_time	6.447084
trans_pack_time	0.276503
trans_enlarge_time	0.472838
trans_mu_time	0.397951
trans_unpack_time	1.427156
updateU_new_time	0.775102
runtime	1.096291
--------------------------------------------------!
***************dt=2.000000***************
***************flag=0***************
--------------------------------------------------!
time		0.000000
wall time	104.907666
*******************************
dgemm_time	15.335447
conv_transfer_time	0.000000
conv_calculate_time	1015.883240
elastic_calculate_time	1015.919373
Allen_Cahn_nonlinear_time	1057.209473
Cahn_Hilliard_nonlinear_time	0.012001
trans_time	18.391968
trans_Memcpy_time	9.069364
trans_MPI_time	6.327545
trans_pack_time	0.273781
trans_enlarge_time	0.471238
trans_mu_time	0.393311
trans_unpack_time	1.413713
updateU_new_time	0.778461
runtime	1.098167
--------------------------------------------------!
***************dt=2.000000***************
***************flag=0***************
--------------------------------------------------!
time		0.000000
wall time	106.004044
*******************************
dgemm_time	15.328709
conv_transfer_time	0.000000
conv_calculate_time	1015.441650
elastic_calculate_time	1015.479736
Allen_Cahn_nonlinear_time	1062.844238
Cahn_Hilliard_nonlinear_time	0.012001
trans_time	18.790407
trans_Memcpy_time	9.061834
trans_MPI_time	6.729329
trans_pack_time	0.276181
trans_enlarge_time	0.476038
trans_mu_time	0.392831
trans_unpack_time	1.408911
updateU_new_time	0.776380
runtime	1.098809
--------------------------------------------------!
***************dt=2.000000***************
***************flag=0***************
--------------------------------------------------!
time		0.000000
wall time	107.102310
*******************************
dgemm_time	15.337651
conv_transfer_time	0.000000
conv_calculate_time	1017.328491
elastic_calculate_time	1017.364380
Allen_Cahn_nonlinear_time	1060.557739
Cahn_Hilliard_nonlinear_time	0.012001
trans_time	18.833178
trans_Memcpy_time	9.076223
trans_MPI_time	6.755723
trans_pack_time	0.278581
trans_enlarge_time	0.471078
trans_mu_time	0.396831
trans_unpack_time	1.408749
updateU_new_time	0.777659
runtime	1.101243
--------------------------------------------------!
***************dt=2.000000***************
***************flag=0***************
--------------------------------------------------!
time		0.000000
wall time	108.201267
*******************************
dgemm_time	15.328672
conv_transfer_time	0.000000
conv_calculate_time	1016.254089
elastic_calculate_time	1016.289734
Allen_Cahn_nonlinear_time	1060.553101
Cahn_Hilliard_nonlinear_time	0.012161
trans_time	20.468552
trans_Memcpy_time	9.032049
trans_MPI_time	8.448484
trans_pack_time	0.275861
trans_enlarge_time	0.471237
trans_mu_time	0.393791
trans_unpack_time	1.403147
updateU_new_time	0.791419
runtime	1.102766
--------------------------------------------------!
***************dt=2.000000***************
***************flag=0***************
--------------------------------------------------!
time		0.000000
wall time	109.302599
*******************************
dgemm_time	15.330576
conv_transfer_time	0.000000
conv_calculate_time	1013.300903
elastic_calculate_time	1013.336548
Allen_Cahn_nonlinear_time	1057.197144
Cahn_Hilliard_nonlinear_time	0.012161
trans_time	18.742409
trans_Memcpy_time	9.090923
trans_MPI_time	6.639219
trans_pack_time	0.276341
trans_enlarge_time	0.472833
trans_mu_time	0.394431
trans_unpack_time	1.425547
updateU_new_time	0.775417
runtime	1.096812
--------------------------------------------------!
***************dt=2.000000***************
***************flag=0***************
--------------------------------------------------!
time		0.000000
wall time	110.405450
*******************************
dgemm_time	15.327358
conv_transfer_time	0.000000
conv_calculate_time	1013.266357
elastic_calculate_time	1013.300964
Allen_Cahn_nonlinear_time	1056.583618
Cahn_Hilliard_nonlinear_time	0.011681
trans_time	18.902248
trans_Memcpy_time	9.024989
trans_MPI_time	6.877309
trans_pack_time	0.276500
trans_enlarge_time	0.468192
trans_mu_time	0.395711
trans_unpack_time	1.412905
updateU_new_time	0.775576
runtime	1.096611
--------------------------------------------------!
***************dt=2.000000***************
***************flag=0***************
--------------------------------------------------!
time		0.000000
wall time	111.502379
*******************************
dgemm_time	15.340942
conv_transfer_time	0.000000
conv_calculate_time	1018.074402
elastic_calculate_time	1018.108215
Allen_Cahn_nonlinear_time	1057.552490
Cahn_Hilliard_nonlinear_time	0.012161
trans_time	18.444885
trans_Memcpy_time	9.055221
trans_MPI_time	6.395347
trans_pack_time	0.277140
trans_enlarge_time	0.471872
trans_mu_time	0.395866
trans_unpack_time	1.402182
updateU_new_time	0.776216
runtime	1.097769
--------------------------------------------------!
***************dt=2.000000***************
***************flag=0***************
--------------------------------------------------!
time		0.000000
wall time	112.599121
*******************************
dgemm_time	15.354527
conv_transfer_time	0.000000
conv_calculate_time	1016.301880
elastic_calculate_time	1016.336792
Allen_Cahn_nonlinear_time	1057.968750
Cahn_Hilliard_nonlinear_time	0.011681
trans_time	18.259333
trans_Memcpy_time	9.035850
trans_MPI_time	6.226847
trans_pack_time	0.274579
trans_enlarge_time	0.468992
trans_mu_time	0.394266
trans_unpack_time	1.413222
updateU_new_time	0.777175
runtime	1.099168
--------------------------------------------------!
***************dt=2.000000***************
***************flag=0***************
--------------------------------------------------!
time		0.000000
wall time	113.696983
*******************************
dgemm_time	15.343952
conv_transfer_time	0.000000
conv_calculate_time	1018.302063
elastic_calculate_time	1018.337769
Allen_Cahn_nonlinear_time	1056.748291
Cahn_Hilliard_nonlinear_time	0.011841
trans_time	18.613169
trans_Memcpy_time	9.033760
trans_MPI_time	6.581106
trans_pack_time	0.277139
trans_enlarge_time	0.469472
trans_mu_time	0.397306
trans_unpack_time	1.411140
updateU_new_time	0.794455
runtime	1.097903
--------------------------------------------------!
***************dt=2.000000***************
***************flag=0***************
--------------------------------------------------!
time		0.000000
wall time	114.796242
