running   on	2048   processors
restart		0
nx,ny,nz	132	132	132
px,py,pz	16	16	8
nghost		2
output   dir	./output/output2/
data   dir	./data/
dt,t_total	2.000000,200.100000
ELASTIC		1
ANISOTROPIC		1
nac,nch		6,2
xmin,ymin,zmin	0.000000	0.000000	0.000000
xmax,ymax,zmax	2048.000000	2048.000000	1024.000000
checkpoint_,nchk,chk	1,1000,0
nout		10000
Approx		32
detect_iter		100000
Reading input.txt file:
*******************************
dgemm_time	16.499132
conv_transfer_time	0.000000
conv_calculate_time	4247.052246
elastic_calculate_time	4247.099609
Allen_Cahn_nonlinear_time	4283.345215
Cahn_Hilliard_nonlinear_time	0.011680
trans_time	599.511658
trans_Memcpy_time	16.735126
trans_MPI_time	579.374512
trans_pack_time	0.328150
trans_enlarge_time	0.691660
trans_mu_time	0.406708
trans_unpack_time	1.461872
updateU_new_time	0.775830
runtime	4.905354
--------------------------------------------------!
***************dt=2.000000***************
***************flag=0***************
--------------------------------------------------!
time		0.000000
wall time	2.147974
*******************************
dgemm_time	15.341364
conv_transfer_time	0.000000
conv_calculate_time	1020.447144
elastic_calculate_time	1020.495544
Allen_Cahn_nonlinear_time	1063.638916
Cahn_Hilliard_nonlinear_time	0.012000
trans_time	17.729433
trans_Memcpy_time	8.888682
trans_MPI_time	5.817042
trans_pack_time	0.276317
trans_enlarge_time	0.471834
trans_mu_time	0.394080
trans_unpack_time	1.434541
updateU_new_time	0.777917
runtime	1.098267
--------------------------------------------------!
***************dt=2.000000***************
***************flag=0***************
--------------------------------------------------!
time		0.000000
wall time	7.057626
*******************************
dgemm_time	15.335549
conv_transfer_time	0.000000
conv_calculate_time	1019.826294
elastic_calculate_time	1019.863403
Allen_Cahn_nonlinear_time	1060.849243
Cahn_Hilliard_nonlinear_time	0.012000
trans_time	17.957155
trans_Memcpy_time	8.868760
trans_MPI_time	6.039171
trans_pack_time	0.276160
trans_enlarge_time	0.469600
trans_mu_time	0.393920
trans_unpack_time	1.401594
updateU_new_time	0.778081
runtime	1.095640
--------------------------------------------------!
***************dt=2.000000***************
***************flag=0***************
--------------------------------------------------!
time		0.000000
wall time	8.160234
*******************************
dgemm_time	15.328125
conv_transfer_time	0.000000
conv_calculate_time	1019.642212
elastic_calculate_time	1019.680054
Allen_Cahn_nonlinear_time	1063.691284
Cahn_Hilliard_nonlinear_time	0.012160
trans_time	17.536701
trans_Memcpy_time	8.900977
trans_MPI_time	5.575530
trans_pack_time	0.277920
trans_enlarge_time	0.473600
trans_mu_time	0.394560
trans_unpack_time	1.407683
updateU_new_time	0.797446
runtime	1.101390
--------------------------------------------------!
***************dt=2.000000***************
***************flag=0***************
--------------------------------------------------!
time		0.000000
wall time	9.260142
*******************************
dgemm_time	15.327406
conv_transfer_time	0.000000
conv_calculate_time	1020.731934
elastic_calculate_time	1020.767151
Allen_Cahn_nonlinear_time	1057.724243
Cahn_Hilliard_nonlinear_time	0.011840
trans_time	17.772200
trans_Memcpy_time	8.875271
trans_MPI_time	5.825807
trans_pack_time	0.279042
trans_enlarge_time	0.470720
trans_mu_time	0.393600
trans_unpack_time	1.423531
updateU_new_time	0.776010
runtime	1.096239
--------------------------------------------------!
***************dt=2.000000***************
***************flag=0***************
--------------------------------------------------!
time		0.000000
wall time	10.365769
*******************************
dgemm_time	15.331474
conv_transfer_time	0.000000
conv_calculate_time	1018.452881
elastic_calculate_time	1018.489014
Allen_Cahn_nonlinear_time	1057.136230
Cahn_Hilliard_nonlinear_time	0.011680
trans_time	17.855684
trans_Memcpy_time	8.897558
trans_MPI_time	5.883758
trans_pack_time	0.278083
trans_enlarge_time	0.477286
trans_mu_time	0.394560
trans_unpack_time	1.413459
updateU_new_time	0.777133
runtime	1.098393
--------------------------------------------------!
***************dt=2.000000***************
***************flag=0***************
--------------------------------------------------!
time		0.000000
wall time	11.466265
*******************************
dgemm_time	15.322737
conv_transfer_time	0.000000
conv_calculate_time	1021.088318
elastic_calculate_time	1021.125183
Allen_Cahn_nonlinear_time	1061.780029
Cahn_Hilliard_nonlinear_time	0.012000
trans_time	17.668680
trans_Memcpy_time	8.852958
trans_MPI_time	5.821544
trans_pack_time	0.275524
trans_enlarge_time	0.470726
trans_mu_time	0.394086
trans_unpack_time	1.403545
updateU_new_time	0.777137
runtime	1.096438
--------------------------------------------------!
***************dt=2.000000***************
***************flag=0***************
--------------------------------------------------!
time		0.000000
wall time	12.568948
*******************************
dgemm_time	15.329830
conv_transfer_time	0.000000
conv_calculate_time	1017.954285
elastic_calculate_time	1017.989197
Allen_Cahn_nonlinear_time	1061.161743
Cahn_Hilliard_nonlinear_time	0.012000
trans_time	17.940508
trans_Memcpy_time	8.814272
trans_MPI_time	6.132613
trans_pack_time	0.274726
trans_enlarge_time	0.477767
trans_mu_time	0.392326
trans_unpack_time	1.399710
updateU_new_time	0.776019
runtime	1.100623
--------------------------------------------------!
***************dt=2.000000***************
***************flag=0***************
--------------------------------------------------!
time		0.000000
wall time	13.669686
*******************************
dgemm_time	15.334520
conv_transfer_time	0.000000
conv_calculate_time	1020.080627
elastic_calculate_time	1020.115234
Allen_Cahn_nonlinear_time	1063.622559
Cahn_Hilliard_nonlinear_time	0.012000
trans_time	17.597092
trans_Memcpy_time	8.824064
trans_MPI_time	5.782386
trans_pack_time	0.274566
trans_enlarge_time	0.471852
trans_mu_time	0.394086
trans_unpack_time	1.406436
updateU_new_time	0.782902
runtime	1.098783
--------------------------------------------------!
***************dt=2.000000***************
***************flag=0***************
--------------------------------------------------!
time		0.000000
wall time	14.774541
*******************************
dgemm_time	15.330403
conv_transfer_time	0.000000
conv_calculate_time	1020.871582
elastic_calculate_time	1020.905640
Allen_Cahn_nonlinear_time	1063.336670
Cahn_Hilliard_nonlinear_time	0.012320
trans_time	18.041121
trans_Memcpy_time	8.858973
trans_MPI_time	6.173616
trans_pack_time	0.280008
trans_enlarge_time	0.470412
trans_mu_time	0.394887
trans_unpack_time	1.415560
updateU_new_time	0.776344
runtime	1.098512
--------------------------------------------------!
***************dt=2.000000***************
***************flag=0***************
--------------------------------------------------!
time		0.000000
wall time	15.877550
*******************************
dgemm_time	15.364523
conv_transfer_time	0.000000
conv_calculate_time	1020.569580
elastic_calculate_time	1020.606812
Allen_Cahn_nonlinear_time	1061.898926
Cahn_Hilliard_nonlinear_time	0.011840
trans_time	17.745432
trans_Memcpy_time	8.875319
trans_MPI_time	5.862745
trans_pack_time	0.274088
trans_enlarge_time	0.472812
trans_mu_time	0.392492
trans_unpack_time	1.417484
updateU_new_time	0.780986
runtime	1.096676
--------------------------------------------------!
***************dt=2.000000***************
***************flag=0***************
--------------------------------------------------!
time		0.000000
wall time	16.980308
*******************************
dgemm_time	15.330318
conv_transfer_time	0.000000
conv_calculate_time	1020.682861
elastic_calculate_time	1020.717773
Allen_Cahn_nonlinear_time	1063.025635
Cahn_Hilliard_nonlinear_time	0.011840
trans_time	17.676096
trans_Memcpy_time	8.822379
trans_MPI_time	5.853958
trans_pack_time	0.281449
trans_enlarge_time	0.470093
trans_mu_time	0.395532
trans_unpack_time	1.405648
updateU_new_time	0.779708
runtime	1.099443
--------------------------------------------------!
***************dt=2.000000***************
***************flag=0***************
--------------------------------------------------!
time		0.000000
wall time	18.081272
*******************************
dgemm_time	15.335630
conv_transfer_time	0.000000
conv_calculate_time	1018.560486
elastic_calculate_time	1018.594910
Allen_Cahn_nonlinear_time	1063.036865
Cahn_Hilliard_nonlinear_time	0.012000
trans_time	18.399975
trans_Memcpy_time	8.832960
trans_MPI_time	6.572399
trans_pack_time	0.275850
trans_enlarge_time	0.473134
trans_mu_time	0.394732
trans_unpack_time	1.405491
updateU_new_time	0.777790
runtime	1.103146
--------------------------------------------------!
***************dt=2.000000***************
***************flag=0***************
--------------------------------------------------!
time		0.000000
wall time	19.184972
*******************************
dgemm_time	15.323021
conv_transfer_time	0.000000
conv_calculate_time	1019.495789
elastic_calculate_time	1019.529724
Allen_Cahn_nonlinear_time	1062.473755
Cahn_Hilliard_nonlinear_time	0.012160
trans_time	17.502058
trans_Memcpy_time	8.834100
trans_MPI_time	5.673818
trans_pack_time	0.274090
trans_enlarge_time	0.470258
trans_mu_time	0.394412
trans_unpack_time	1.403894
updateU_new_time	0.783871
runtime	1.100488
--------------------------------------------------!
***************dt=2.000000***************
***************flag=0***************
--------------------------------------------------!
time		0.000000
wall time	20.292358
*******************************
dgemm_time	15.343050
conv_transfer_time	0.000000
conv_calculate_time	1019.709595
elastic_calculate_time	1019.744568
Allen_Cahn_nonlinear_time	1060.648071
Cahn_Hilliard_nonlinear_time	0.012160
trans_time	17.735420
trans_Memcpy_time	8.835557
trans_MPI_time	5.897038
trans_pack_time	0.274410
trans_enlarge_time	0.470418
trans_mu_time	0.394252
trans_unpack_time	1.417817
updateU_new_time	0.778753
runtime	1.095794
--------------------------------------------------!
***************dt=2.000000***************
***************flag=0***************
--------------------------------------------------!
time		0.000000
wall time	21.397132
*******************************
dgemm_time	15.326112
conv_transfer_time	0.000000
conv_calculate_time	1019.510803
elastic_calculate_time	1019.546082
Allen_Cahn_nonlinear_time	1056.844727
Cahn_Hilliard_nonlinear_time	0.012160
trans_time	18.353018
trans_Memcpy_time	8.837172
trans_MPI_time	6.504594
trans_pack_time	0.274731
trans_enlarge_time	0.472658
trans_mu_time	0.402414
trans_unpack_time	1.412700
updateU_new_time	0.778274
runtime	1.092616
--------------------------------------------------!
***************dt=2.000000***************
***************flag=0***************
--------------------------------------------------!
time		0.000000
wall time	22.497174
*******************************
dgemm_time	15.338137
conv_transfer_time	0.000000
conv_calculate_time	1021.741699
elastic_calculate_time	1021.776550
Allen_Cahn_nonlinear_time	1058.560669
Cahn_Hilliard_nonlinear_time	0.012000
trans_time	17.894737
trans_Memcpy_time	8.864547
trans_MPI_time	6.034985
trans_pack_time	0.281772
trans_enlarge_time	0.468659
trans_mu_time	0.394735
trans_unpack_time	1.401661
updateU_new_time	0.778115
runtime	1.100212
--------------------------------------------------!
***************dt=2.000000***************
***************flag=0***************
--------------------------------------------------!
time		0.000000
wall time	23.594020
*******************************
dgemm_time	15.308396
conv_transfer_time	0.000000
conv_calculate_time	1019.063354
elastic_calculate_time	1019.098816
Allen_Cahn_nonlinear_time	1058.115601
Cahn_Hilliard_nonlinear_time	0.012320
trans_time	17.411724
trans_Memcpy_time	8.859442
trans_MPI_time	5.556572
trans_pack_time	0.275852
trans_enlarge_time	0.471379
trans_mu_time	0.394738
trans_unpack_time	1.409184
updateU_new_time	0.779876
runtime	1.098826
--------------------------------------------------!
***************dt=2.000000***************
***************flag=0***************
--------------------------------------------------!
time		0.000000
wall time	24.698549
*******************************
dgemm_time	15.328579
conv_transfer_time	0.000000
conv_calculate_time	1020.063965
elastic_calculate_time	1020.098145
Allen_Cahn_nonlinear_time	1062.355835
Cahn_Hilliard_nonlinear_time	0.012320
trans_time	17.530764
trans_Memcpy_time	8.848734
trans_MPI_time	5.685546
trans_pack_time	0.275372
trans_enlarge_time	0.469939
trans_mu_time	0.395378
trans_unpack_time	1.411426
updateU_new_time	0.788678
runtime	1.097782
--------------------------------------------------!
***************dt=2.000000***************
***************flag=0***************
--------------------------------------------------!
time		0.000000
wall time	25.801617
*******************************
dgemm_time	15.330357
conv_transfer_time	0.000000
conv_calculate_time	1021.055664
elastic_calculate_time	1021.090881
Allen_Cahn_nonlinear_time	1057.983765
Cahn_Hilliard_nonlinear_time	0.012320
trans_time	17.654682
trans_Memcpy_time	8.811462
trans_MPI_time	5.843161
trans_pack_time	0.275533
trans_enlarge_time	0.470099
trans_mu_time	0.395858
trans_unpack_time	1.410628
updateU_new_time	0.779878
runtime	1.099740
--------------------------------------------------!
***************dt=2.000000***************
***************flag=0***************
--------------------------------------------------!
time		0.000000
wall time	26.903669
*******************************
dgemm_time	15.319814
conv_transfer_time	0.000000
conv_calculate_time	1020.361267
elastic_calculate_time	1020.395386
Allen_Cahn_nonlinear_time	1060.156982
Cahn_Hilliard_nonlinear_time	0.012000
trans_time	17.685225
trans_Memcpy_time	8.819796
trans_MPI_time	5.861889
trans_pack_time	0.274893
trans_enlarge_time	0.468339
trans_mu_time	0.393458
trans_unpack_time	1.421030
updateU_new_time	0.777639
runtime	1.095675
--------------------------------------------------!
***************dt=2.000000***************
***************flag=0***************
--------------------------------------------------!
time		0.000000
wall time	28.007659
*******************************
dgemm_time	15.325911
conv_transfer_time	0.000000
conv_calculate_time	1019.379578
elastic_calculate_time	1019.415649
Allen_Cahn_nonlinear_time	1057.374146
Cahn_Hilliard_nonlinear_time	0.011840
trans_time	17.589861
trans_Memcpy_time	8.829725
trans_MPI_time	5.766051
trans_pack_time	0.275053
trans_enlarge_time	0.469622
trans_mu_time	0.395538
trans_unpack_time	1.407431
updateU_new_time	0.777960
runtime	1.099596
--------------------------------------------------!
***************dt=2.000000***************
***************flag=0***************
--------------------------------------------------!
time		0.000000
wall time	29.107573
*******************************
dgemm_time	15.310405
conv_transfer_time	0.000000
conv_calculate_time	1021.533508
elastic_calculate_time	1021.570129
Allen_Cahn_nonlinear_time	1062.330566
Cahn_Hilliard_nonlinear_time	0.012000
trans_time	17.360388
trans_Memcpy_time	8.873096
trans_MPI_time	5.483642
trans_pack_time	0.275694
trans_enlarge_time	0.472664
trans_mu_time	0.395698
trans_unpack_time	1.411753
updateU_new_time	0.777161
runtime	1.100409
--------------------------------------------------!
***************dt=2.000000***************
***************flag=0***************
--------------------------------------------------!
time		0.000000
wall time	30.211496
*******************************
dgemm_time	15.329781
conv_transfer_time	0.000000
conv_calculate_time	1018.802673
elastic_calculate_time	1018.838867
Allen_Cahn_nonlinear_time	1071.578857
Cahn_Hilliard_nonlinear_time	0.012000
trans_time	17.995548
trans_Memcpy_time	8.949269
trans_MPI_time	6.042556
trans_pack_time	0.275854
trans_enlarge_time	0.473144
trans_mu_time	0.394418
trans_unpack_time	1.409674
updateU_new_time	0.786442
runtime	1.108215
--------------------------------------------------!
***************dt=2.000000***************
***************flag=0***************
--------------------------------------------------!
time		0.000000
wall time	31.316239
*******************************
dgemm_time	15.320673
conv_transfer_time	0.000000
conv_calculate_time	1020.433899
elastic_calculate_time	1020.472717
Allen_Cahn_nonlinear_time	1075.659180
Cahn_Hilliard_nonlinear_time	0.011840
trans_time	17.729151
trans_Memcpy_time	8.833591
trans_MPI_time	5.909115
trans_pack_time	0.275694
trans_enlarge_time	0.471544
trans_mu_time	0.394258
trans_unpack_time	1.397355
updateU_new_time	0.777962
runtime	1.112661
--------------------------------------------------!
***************dt=2.000000***************
***************flag=0***************
--------------------------------------------------!
time		0.000000
wall time	32.428756
*******************************
dgemm_time	15.329807
conv_transfer_time	0.000000
conv_calculate_time	1019.624817
elastic_calculate_time	1019.662476
Allen_Cahn_nonlinear_time	1074.659668
Cahn_Hilliard_nonlinear_time	0.011840
trans_time	17.389917
trans_Memcpy_time	8.822558
trans_MPI_time	5.554061
trans_pack_time	0.276335
trans_enlarge_time	0.470745
trans_mu_time	0.396018
trans_unpack_time	1.420397
updateU_new_time	0.775563
runtime	1.109881
--------------------------------------------------!
***************dt=2.000000***************
***************flag=0***************
--------------------------------------------------!
time		0.000000
wall time	33.545721
*******************************
dgemm_time	15.317980
conv_transfer_time	0.000000
conv_calculate_time	1020.969543
elastic_calculate_time	1021.003357
Allen_Cahn_nonlinear_time	1062.781250
Cahn_Hilliard_nonlinear_time	0.012000
trans_time	17.523911
trans_Memcpy_time	8.837448
trans_MPI_time	5.690714
trans_pack_time	0.273935
trans_enlarge_time	0.471065
trans_mu_time	0.396018
trans_unpack_time	1.405518
updateU_new_time	0.779403
runtime	1.097079
--------------------------------------------------!
***************dt=2.000000***************
***************flag=0***************
--------------------------------------------------!
time		0.000000
wall time	34.663644
*******************************
dgemm_time	15.346312
conv_transfer_time	0.000000
conv_calculate_time	1020.299194
elastic_calculate_time	1020.333069
Allen_Cahn_nonlinear_time	1067.041260
Cahn_Hilliard_nonlinear_time	0.012480
trans_time	17.791050
trans_Memcpy_time	8.844654
trans_MPI_time	5.954894
trans_pack_time	0.273935
trans_enlarge_time	0.466745
trans_mu_time	0.393298
trans_unpack_time	1.410159
updateU_new_time	0.777964
runtime	1.104370
--------------------------------------------------!
***************dt=2.000000***************
***************flag=0***************
--------------------------------------------------!
time		0.000000
wall time	35.765144
*******************************
dgemm_time	15.328563
conv_transfer_time	0.000000
conv_calculate_time	1020.531189
elastic_calculate_time	1020.568481
Allen_Cahn_nonlinear_time	1064.165527
Cahn_Hilliard_nonlinear_time	0.011841
trans_time	18.020126
trans_Memcpy_time	8.853303
trans_MPI_time	6.156510
trans_pack_time	0.274895
trans_enlarge_time	0.470585
trans_mu_time	0.393778
trans_unpack_time	1.417520
updateU_new_time	0.781485
runtime	1.107413
--------------------------------------------------!
***************dt=2.000000***************
***************flag=0***************
--------------------------------------------------!
time		0.000000
wall time	36.873845
*******************************
dgemm_time	15.331292
conv_transfer_time	0.000000
conv_calculate_time	1020.746277
elastic_calculate_time	1020.784424
Allen_Cahn_nonlinear_time	1060.048340
Cahn_Hilliard_nonlinear_time	0.012000
trans_time	17.620735
trans_Memcpy_time	8.909792
trans_MPI_time	5.661765
trans_pack_time	0.274735
trans_enlarge_time	0.476345
trans_mu_time	0.392340
trans_unpack_time	1.400721
updateU_new_time	0.777965
runtime	1.099154
--------------------------------------------------!
***************dt=2.000000***************
***************flag=0***************
--------------------------------------------------!
time		0.000000
wall time	37.985638
*******************************
dgemm_time	15.330824
conv_transfer_time	0.000000
conv_calculate_time	1018.923340
elastic_calculate_time	1018.960510
Allen_Cahn_nonlinear_time	1075.429688
Cahn_Hilliard_nonlinear_time	0.012161
trans_time	19.399172
trans_Memcpy_time	8.913478
trans_MPI_time	7.424591
trans_pack_time	0.275536
trans_enlarge_time	0.471705
trans_mu_time	0.394903
trans_unpack_time	1.414962
updateU_new_time	0.776365
runtime	1.116268
--------------------------------------------------!
***************dt=2.000000***************
***************flag=0***************
--------------------------------------------------!
time		0.000000
wall time	39.089134
*******************************
dgemm_time	15.364914
conv_transfer_time	0.000000
conv_calculate_time	1026.193359
elastic_calculate_time	1026.230957
Allen_Cahn_nonlinear_time	1087.348511
Cahn_Hilliard_nonlinear_time	0.012481
trans_time	17.441309
trans_Memcpy_time	8.878122
trans_MPI_time	5.514245
trans_pack_time	0.275856
trans_enlarge_time	0.472505
trans_mu_time	0.396184
trans_unpack_time	1.400882
updateU_new_time	0.780526
runtime	1.123851
--------------------------------------------------!
***************dt=2.000000***************
***************flag=0***************
--------------------------------------------------!
time		0.000000
wall time	40.209717
*******************************
dgemm_time	15.326680
conv_transfer_time	0.000000
conv_calculate_time	1035.358765
elastic_calculate_time	1035.392822
Allen_Cahn_nonlinear_time	1098.367798
Cahn_Hilliard_nonlinear_time	0.011680
trans_time	17.511063
trans_Memcpy_time	8.824845
trans_MPI_time	5.613613
trans_pack_time	0.276016
trans_enlarge_time	0.470905
trans_mu_time	0.395544
trans_unpack_time	1.413844
updateU_new_time	0.776846
runtime	1.135392
--------------------------------------------------!
***************dt=2.000000***************
***************flag=0***************
--------------------------------------------------!
time		0.000000
wall time	41.340421
*******************************
dgemm_time	15.329248
conv_transfer_time	0.000000
conv_calculate_time	1020.085022
elastic_calculate_time	1020.118713
Allen_Cahn_nonlinear_time	1083.930664
Cahn_Hilliard_nonlinear_time	0.011680
trans_time	17.702036
trans_Memcpy_time	8.848852
trans_MPI_time	5.851071
trans_pack_time	0.273456
trans_enlarge_time	0.470745
trans_mu_time	0.393784
trans_unpack_time	1.410965
updateU_new_time	0.779567
runtime	1.119439
--------------------------------------------------!
***************dt=2.000000***************
***************flag=0***************
--------------------------------------------------!
time		0.000000
wall time	42.480154
*******************************
dgemm_time	15.330698
conv_transfer_time	0.000000
conv_calculate_time	1020.378723
elastic_calculate_time	1020.414673
Allen_Cahn_nonlinear_time	1082.356445
Cahn_Hilliard_nonlinear_time	0.011680
trans_time	17.656593
trans_Memcpy_time	8.817335
trans_MPI_time	5.829953
trans_pack_time	0.276496
trans_enlarge_time	0.471385
trans_mu_time	0.400345
trans_unpack_time	1.414646
updateU_new_time	0.777807
runtime	1.122009
--------------------------------------------------!
***************dt=2.000000***************
***************flag=0***************
--------------------------------------------------!
time		0.000000
wall time	43.603871
*******************************
dgemm_time	15.316625
conv_transfer_time	0.000000
conv_calculate_time	1033.556396
elastic_calculate_time	1033.590332
Allen_Cahn_nonlinear_time	1110.208008
Cahn_Hilliard_nonlinear_time	0.012001
trans_time	17.443398
trans_Memcpy_time	8.825339
trans_MPI_time	5.616823
trans_pack_time	0.275537
trans_enlarge_time	0.472026
trans_mu_time	0.394905
trans_unpack_time	1.412246
updateU_new_time	0.780048
runtime	1.150830
--------------------------------------------------!
***************dt=2.000000***************
***************flag=0***************
--------------------------------------------------!
time		0.000000
wall time	44.730191
*******************************
dgemm_time	15.339513
conv_transfer_time	0.000000
conv_calculate_time	1020.795105
elastic_calculate_time	1020.830017
Allen_Cahn_nonlinear_time	1080.520508
Cahn_Hilliard_nonlinear_time	0.011841
trans_time	18.092987
trans_Memcpy_time	8.848385
trans_MPI_time	6.237504
trans_pack_time	0.276177
trans_enlarge_time	0.473946
trans_mu_time	0.396985
trans_unpack_time	1.414807
updateU_new_time	0.777008
runtime	1.117332
--------------------------------------------------!
***************dt=2.000000***************
***************flag=0***************
--------------------------------------------------!
time		0.000000
wall time	45.885296
*******************************
dgemm_time	15.318697
conv_transfer_time	0.000000
conv_calculate_time	1028.020874
elastic_calculate_time	1028.055054
Allen_Cahn_nonlinear_time	1084.708130
Cahn_Hilliard_nonlinear_time	0.012001
trans_time	17.532232
trans_Memcpy_time	8.774305
trans_MPI_time	5.764838
trans_pack_time	0.275217
trans_enlarge_time	0.475067
trans_mu_time	0.393785
trans_unpack_time	1.400727
updateU_new_time	0.780047
runtime	1.120503
--------------------------------------------------!
***************dt=2.000000***************
***************flag=0***************
--------------------------------------------------!
time		0.000000
wall time	47.006901
*******************************
dgemm_time	15.323946
conv_transfer_time	0.000000
conv_calculate_time	1022.674133
elastic_calculate_time	1022.708740
Allen_Cahn_nonlinear_time	1119.576294
Cahn_Hilliard_nonlinear_time	0.011840
trans_time	17.519569
trans_Memcpy_time	8.799736
trans_MPI_time	5.719068
trans_pack_time	0.273456
trans_enlarge_time	0.472506
trans_mu_time	0.395705
trans_unpack_time	1.414646
updateU_new_time	0.777326
runtime	1.157606
--------------------------------------------------!
***************dt=2.000000***************
***************flag=0***************
--------------------------------------------------!
time		0.000000
wall time	48.131671
*******************************
dgemm_time	15.317517
conv_transfer_time	0.000000
conv_calculate_time	1049.066406
elastic_calculate_time	1049.100464
Allen_Cahn_nonlinear_time	1157.542969
Cahn_Hilliard_nonlinear_time	0.011840
trans_time	17.510015
trans_Memcpy_time	8.811400
trans_MPI_time	5.701137
trans_pack_time	0.283857
trans_enlarge_time	0.467545
trans_mu_time	0.393943
trans_unpack_time	1.405203
updateU_new_time	0.778604
runtime	1.195321
--------------------------------------------------!
***************dt=2.000000***************
***************flag=0***************
--------------------------------------------------!
time		0.000000
wall time	49.293553
*******************************
dgemm_time	15.334290
conv_transfer_time	0.000000
conv_calculate_time	1033.914429
elastic_calculate_time	1033.949829
Allen_Cahn_nonlinear_time	1136.793945
Cahn_Hilliard_nonlinear_time	0.012320
trans_time	18.134457
trans_Memcpy_time	8.811863
trans_MPI_time	6.316361
trans_pack_time	0.278256
trans_enlarge_time	0.474425
trans_mu_time	0.394579
trans_unpack_time	1.413041
updateU_new_time	0.776843
runtime	1.175337
--------------------------------------------------!
***************dt=2.000000***************
***************flag=0***************
--------------------------------------------------!
time		0.000000
wall time	50.493149
*******************************
dgemm_time	15.326740
conv_transfer_time	0.000000
conv_calculate_time	1079.469238
elastic_calculate_time	1079.503906
Allen_Cahn_nonlinear_time	1199.790527
Cahn_Hilliard_nonlinear_time	0.011840
trans_time	17.849188
trans_Memcpy_time	8.824488
trans_MPI_time	6.024973
trans_pack_time	0.275055
trans_enlarge_time	0.471065
trans_mu_time	0.395538
trans_unpack_time	1.410318
updateU_new_time	0.777801
runtime	1.240051
--------------------------------------------------!
***************dt=2.000000***************
***************flag=0***************
--------------------------------------------------!
time		0.000000
wall time	51.672757
*******************************
dgemm_time	15.324795
conv_transfer_time	0.000000
conv_calculate_time	1068.935303
elastic_calculate_time	1068.972412
Allen_Cahn_nonlinear_time	1164.735596
Cahn_Hilliard_nonlinear_time	0.011840
trans_time	17.563890
trans_Memcpy_time	8.887674
trans_MPI_time	5.677904
trans_pack_time	0.275694
trans_enlarge_time	0.471225
trans_mu_time	0.394898
trans_unpack_time	1.409035
updateU_new_time	0.778280
runtime	1.209062
--------------------------------------------------!
***************dt=2.000000***************
***************flag=0***************
--------------------------------------------------!
time		0.000000
wall time	52.917113
*******************************
dgemm_time	15.327169
conv_transfer_time	0.000000
conv_calculate_time	1061.615112
elastic_calculate_time	1061.650757
Allen_Cahn_nonlinear_time	1138.107910
Cahn_Hilliard_nonlinear_time	0.012000
trans_time	17.585951
trans_Memcpy_time	8.843018
trans_MPI_time	5.740137
trans_pack_time	0.277774
trans_enlarge_time	0.471384
trans_mu_time	0.394258
trans_unpack_time	1.411113
updateU_new_time	0.778759
runtime	1.173913
--------------------------------------------------!
***************dt=2.000000***************
***************flag=0***************
--------------------------------------------------!
time		0.000000
wall time	54.130453
*******************************
dgemm_time	15.322027
conv_transfer_time	0.000000
conv_calculate_time	1037.282227
elastic_calculate_time	1037.317017
Allen_Cahn_nonlinear_time	1105.151978
Cahn_Hilliard_nonlinear_time	0.012000
trans_time	17.592491
trans_Memcpy_time	8.827164
trans_MPI_time	5.759488
trans_pack_time	0.287054
trans_enlarge_time	0.471381
trans_mu_time	0.394418
trans_unpack_time	1.406310
updateU_new_time	0.774758
runtime	1.143623
--------------------------------------------------!
***************dt=2.000000***************
***************flag=0***************
--------------------------------------------------!
time		0.000000
wall time	55.308628
*******************************
dgemm_time	15.331604
conv_transfer_time	0.000000
conv_calculate_time	1058.003418
elastic_calculate_time	1058.038452
Allen_Cahn_nonlinear_time	1142.227783
Cahn_Hilliard_nonlinear_time	0.011840
trans_time	17.436447
trans_Memcpy_time	8.823469
trans_MPI_time	5.601392
trans_pack_time	0.280013
trans_enlarge_time	0.472019
trans_mu_time	0.393298
trans_unpack_time	1.419109
updateU_new_time	0.780517
runtime	1.183163
--------------------------------------------------!
***************dt=2.000000***************
***************flag=0***************
--------------------------------------------------!
time		0.000000
wall time	56.456530
*******************************
dgemm_time	15.316702
conv_transfer_time	0.000000
conv_calculate_time	1061.514893
elastic_calculate_time	1061.549805
Allen_Cahn_nonlinear_time	1143.151611
Cahn_Hilliard_nonlinear_time	0.012160
trans_time	17.719606
trans_Memcpy_time	8.833697
trans_MPI_time	5.883637
trans_pack_time	0.274252
trans_enlarge_time	0.474419
trans_mu_time	0.393938
trans_unpack_time	1.414307
updateU_new_time	0.776675
runtime	1.183602
--------------------------------------------------!
***************dt=2.000000***************
***************flag=0***************
--------------------------------------------------!
time		0.000000
wall time	57.643962
*******************************
dgemm_time	15.316999
conv_transfer_time	0.000000
conv_calculate_time	1044.501221
elastic_calculate_time	1044.535889
Allen_Cahn_nonlinear_time	1146.358154
Cahn_Hilliard_nonlinear_time	0.012160
trans_time	17.512821
trans_Memcpy_time	8.879604
trans_MPI_time	5.629057
trans_pack_time	0.276652
trans_enlarge_time	0.471219
trans_mu_time	0.394418
trans_unpack_time	1.406464
updateU_new_time	0.778754
runtime	1.184408
--------------------------------------------------!
***************dt=2.000000***************
***************flag=0***************
--------------------------------------------------!
time		0.000000
wall time	58.835023
*******************************
dgemm_time	15.320660
conv_transfer_time	0.000000
conv_calculate_time	1030.611206
elastic_calculate_time	1030.647827
Allen_Cahn_nonlinear_time	1120.151855
Cahn_Hilliard_nonlinear_time	0.012800
trans_time	17.835941
trans_Memcpy_time	8.814630
trans_MPI_time	6.009865
trans_pack_time	0.276492
trans_enlarge_time	0.470579
trans_mu_time	0.397138
trans_unpack_time	1.416863
updateU_new_time	0.774593
runtime	1.167361
--------------------------------------------------!
***************dt=2.000000***************
***************flag=0***************
--------------------------------------------------!
time		0.000000
wall time	60.029540
*******************************
dgemm_time	15.318399
conv_transfer_time	0.000000
conv_calculate_time	1037.924316
elastic_calculate_time	1037.959717
Allen_Cahn_nonlinear_time	1193.737427
Cahn_Hilliard_nonlinear_time	0.012000
trans_time	17.533943
trans_Memcpy_time	8.826300
trans_MPI_time	5.693685
trans_pack_time	0.291212
trans_enlarge_time	0.471058
trans_mu_time	0.392012
trans_unpack_time	1.410460
updateU_new_time	0.779072
runtime	1.244310
--------------------------------------------------!
***************dt=2.000000***************
***************flag=0***************
--------------------------------------------------!
time		0.000000
wall time	61.201179
*******************************
dgemm_time	15.323178
conv_transfer_time	0.000000
conv_calculate_time	1133.061890
elastic_calculate_time	1133.096436
Allen_Cahn_nonlinear_time	1230.273804
Cahn_Hilliard_nonlinear_time	0.012160
trans_time	18.320833
trans_Memcpy_time	8.847729
trans_MPI_time	6.465070
trans_pack_time	0.278091
trans_enlarge_time	0.470258
trans_mu_time	0.396332
trans_unpack_time	1.413979
updateU_new_time	0.774911
runtime	1.269261
--------------------------------------------------!
***************dt=2.000000***************
***************flag=0***************
--------------------------------------------------!
time		0.000000
wall time	62.449780
*******************************
dgemm_time	15.328120
conv_transfer_time	0.000000
conv_calculate_time	1042.900024
elastic_calculate_time	1042.936523
Allen_Cahn_nonlinear_time	1130.921265
Cahn_Hilliard_nonlinear_time	0.011840
trans_time	17.629442
trans_Memcpy_time	9.092686
trans_MPI_time	5.545983
trans_pack_time	0.273770
trans_enlarge_time	0.472018
trans_mu_time	0.395212
trans_unpack_time	1.399576
updateU_new_time	0.778590
runtime	1.168142
--------------------------------------------------!
***************dt=2.000000***************
***************flag=0***************
--------------------------------------------------!
time		0.000000
wall time	63.719116
*******************************
dgemm_time	15.332264
conv_transfer_time	0.000000
conv_calculate_time	1038.805542
elastic_calculate_time	1038.839844
Allen_Cahn_nonlinear_time	1098.006104
Cahn_Hilliard_nonlinear_time	0.011840
trans_time	18.086760
trans_Memcpy_time	9.000670
trans_MPI_time	6.009195
trans_pack_time	0.275210
trans_enlarge_time	0.470418
trans_mu_time	0.400652
trans_unpack_time	1.406935
updateU_new_time	0.779229
runtime	1.138521
--------------------------------------------------!
***************dt=2.000000***************
***************flag=0***************
--------------------------------------------------!
time		0.000000
wall time	64.892408
*******************************
dgemm_time	15.344088
conv_transfer_time	0.000000
conv_calculate_time	1030.206665
elastic_calculate_time	1030.242188
Allen_Cahn_nonlinear_time	1103.122803
Cahn_Hilliard_nonlinear_time	0.011840
trans_time	17.558107
trans_Memcpy_time	9.011862
trans_MPI_time	5.539410
trans_pack_time	0.276010
trans_enlarge_time	0.474417
trans_mu_time	0.393612
trans_unpack_time	1.415414
updateU_new_time	0.776828
runtime	1.142605
--------------------------------------------------!
***************dt=2.000000***************
***************flag=0***************
--------------------------------------------------!
time		0.000000
wall time	66.031004
*******************************
dgemm_time	15.321671
conv_transfer_time	0.000000
conv_calculate_time	1020.855408
elastic_calculate_time	1020.893494
Allen_Cahn_nonlinear_time	1091.848877
Cahn_Hilliard_nonlinear_time	0.012000
trans_time	18.036448
trans_Memcpy_time	9.002571
trans_MPI_time	6.025822
trans_pack_time	0.279850
trans_enlarge_time	0.473453
trans_mu_time	0.393772
trans_unpack_time	1.415892
updateU_new_time	0.779228
runtime	1.132423
--------------------------------------------------!
***************dt=2.000000***************
***************flag=0***************
--------------------------------------------------!
time		0.000000
wall time	67.173690
*******************************
dgemm_time	15.327576
conv_transfer_time	0.000000
conv_calculate_time	1033.063965
elastic_calculate_time	1033.100098
Allen_Cahn_nonlinear_time	1124.103516
Cahn_Hilliard_nonlinear_time	0.011520
trans_time	17.677176
trans_Memcpy_time	9.045284
trans_MPI_time	5.575240
trans_pack_time	0.273929
trans_enlarge_time	0.472973
trans_mu_time	0.393452
trans_unpack_time	1.405490
updateU_new_time	0.779707
runtime	1.161928
--------------------------------------------------!
***************dt=2.000000***************
***************flag=0***************
--------------------------------------------------!
time		0.000000
wall time	68.306188
*******************************
dgemm_time	15.327868
conv_transfer_time	0.000000
conv_calculate_time	1021.344299
elastic_calculate_time	1021.379822
Allen_Cahn_nonlinear_time	1091.627686
Cahn_Hilliard_nonlinear_time	0.011680
trans_time	18.445705
trans_Memcpy_time	9.074075
trans_MPI_time	6.315740
trans_pack_time	0.274889
trans_enlarge_time	0.474413
trans_mu_time	0.396012
trans_unpack_time	1.415089
updateU_new_time	0.776826
runtime	1.128290
--------------------------------------------------!
***************dt=2.000000***************
***************flag=0***************
--------------------------------------------------!
time		0.000000
wall time	69.468224
*******************************
dgemm_time	15.337589
conv_transfer_time	0.000000
conv_calculate_time	1029.303833
elastic_calculate_time	1029.341309
Allen_Cahn_nonlinear_time	1087.135986
Cahn_Hilliard_nonlinear_time	0.012480
trans_time	17.703503
trans_Memcpy_time	9.010057
trans_MPI_time	5.671067
trans_pack_time	0.274408
trans_enlarge_time	0.468813
trans_mu_time	0.394892
trans_unpack_time	1.396846
updateU_new_time	0.788344
runtime	1.123657
--------------------------------------------------!
***************dt=2.000000***************
***************flag=0***************
--------------------------------------------------!
time		0.000000
wall time	70.596589
*******************************
dgemm_time	15.326353
conv_transfer_time	0.000000
conv_calculate_time	1020.177490
elastic_calculate_time	1020.214478
Allen_Cahn_nonlinear_time	1071.021484
Cahn_Hilliard_nonlinear_time	0.012480
trans_time	18.512215
trans_Memcpy_time	9.042356
trans_MPI_time	6.415075
trans_pack_time	0.275208
trans_enlarge_time	0.467212
trans_mu_time	0.396172
trans_unpack_time	1.422603
updateU_new_time	0.776342
runtime	1.110848
--------------------------------------------------!
***************dt=2.000000***************
***************flag=0***************
--------------------------------------------------!
time		0.000000
wall time	71.720385
*******************************
dgemm_time	15.342318
conv_transfer_time	0.000000
conv_calculate_time	1021.845764
elastic_calculate_time	1021.881287
Allen_Cahn_nonlinear_time	1080.607056
Cahn_Hilliard_nonlinear_time	0.012000
trans_time	18.299194
trans_Memcpy_time	9.012252
trans_MPI_time	6.286897
trans_pack_time	0.274247
trans_enlarge_time	0.470892
trans_mu_time	0.395207
trans_unpack_time	1.408039
updateU_new_time	0.779700
runtime	1.119752
--------------------------------------------------!
***************dt=2.000000***************
***************flag=0***************
--------------------------------------------------!
time		0.000000
wall time	72.831308
*******************************
dgemm_time	15.338123
conv_transfer_time	0.000000
conv_calculate_time	1025.991699
elastic_calculate_time	1026.025391
Allen_Cahn_nonlinear_time	1104.141113
Cahn_Hilliard_nonlinear_time	0.011840
trans_time	17.630405
trans_Memcpy_time	9.024714
trans_MPI_time	5.546063
trans_pack_time	0.277446
trans_enlarge_time	0.468652
trans_mu_time	0.397126
trans_unpack_time	1.408036
updateU_new_time	0.780498
runtime	1.140632
--------------------------------------------------!
***************dt=2.000000***************
***************flag=0***************
--------------------------------------------------!
time		0.000000
wall time	73.951136
*******************************
dgemm_time	15.326567
conv_transfer_time	0.000000
conv_calculate_time	1045.832275
elastic_calculate_time	1045.867676
Allen_Cahn_nonlinear_time	1146.385620
Cahn_Hilliard_nonlinear_time	0.012000
trans_time	17.645004
trans_Memcpy_time	9.017331
trans_MPI_time	5.635172
trans_pack_time	0.274726
trans_enlarge_time	0.470087
trans_mu_time	0.397286
trans_unpack_time	1.404993
updateU_new_time	0.777616
runtime	1.184169
--------------------------------------------------!
***************dt=2.000000***************
***************flag=0***************
--------------------------------------------------!
time		0.000000
wall time	75.091857
*******************************
dgemm_time	15.317892
conv_transfer_time	0.000000
conv_calculate_time	1052.686890
elastic_calculate_time	1052.721558
Allen_Cahn_nonlinear_time	1144.059937
Cahn_Hilliard_nonlinear_time	0.012480
trans_time	17.749626
trans_Memcpy_time	9.022751
trans_MPI_time	5.737881
trans_pack_time	0.274565
trans_enlarge_time	0.472166
trans_mu_time	0.394406
trans_unpack_time	1.400989
updateU_new_time	0.793615
runtime	1.184245
--------------------------------------------------!
***************dt=2.000000***************
***************flag=0***************
--------------------------------------------------!
time		0.000000
wall time	76.276135
*******************************
dgemm_time	15.317538
conv_transfer_time	0.000000
conv_calculate_time	1048.929810
elastic_calculate_time	1048.965332
Allen_Cahn_nonlinear_time	1175.039062
Cahn_Hilliard_nonlinear_time	0.012000
trans_time	17.655994
trans_Memcpy_time	9.013930
trans_MPI_time	5.633546
trans_pack_time	0.272164
trans_enlarge_time	0.473286
trans_mu_time	0.393126
trans_unpack_time	1.423067
updateU_new_time	0.777453
runtime	1.214224
--------------------------------------------------!
***************dt=2.000000***************
***************flag=0***************
--------------------------------------------------!
time		0.000000
wall time	77.460456
*******************************
dgemm_time	15.337825
conv_transfer_time	0.000000
conv_calculate_time	1047.124756
elastic_calculate_time	1047.161011
Allen_Cahn_nonlinear_time	1165.891113
Cahn_Hilliard_nonlinear_time	0.012000
trans_time	17.861528
trans_Memcpy_time	9.020630
trans_MPI_time	5.844897
trans_pack_time	0.275044
trans_enlarge_time	0.468646
trans_mu_time	0.397126
trans_unpack_time	1.411223
updateU_new_time	0.777611
runtime	1.212191
--------------------------------------------------!
***************dt=2.000000***************
***************flag=0***************
--------------------------------------------------!
time		0.000000
wall time	78.674761
*******************************
dgemm_time	15.323393
conv_transfer_time	0.000000
conv_calculate_time	1056.155762
elastic_calculate_time	1056.189453
Allen_Cahn_nonlinear_time	1124.731689
Cahn_Hilliard_nonlinear_time	0.011840
trans_time	17.843349
trans_Memcpy_time	9.040770
trans_MPI_time	5.815925
trans_pack_time	0.273443
trans_enlarge_time	0.472486
trans_mu_time	0.394724
trans_unpack_time	1.396980
updateU_new_time	0.773929
runtime	1.162534
--------------------------------------------------!
***************dt=2.000000***************
***************flag=0***************
--------------------------------------------------!
time		0.000000
wall time	79.887076
*******************************
dgemm_time	15.307684
conv_transfer_time	0.000000
conv_calculate_time	1033.778931
elastic_calculate_time	1033.813843
Allen_Cahn_nonlinear_time	1089.328735
Cahn_Hilliard_nonlinear_time	0.012000
trans_time	17.921505
trans_Memcpy_time	9.030832
trans_MPI_time	5.888074
trans_pack_time	0.274082
trans_enlarge_time	0.470563
trans_mu_time	0.394720
trans_unpack_time	1.413137
updateU_new_time	0.779528
runtime	1.127338
--------------------------------------------------!
***************dt=2.000000***************
***************flag=0***************
--------------------------------------------------!
time		0.000000
wall time	81.049688
*******************************
dgemm_time	15.306055
conv_transfer_time	0.000000
conv_calculate_time	1042.166626
elastic_calculate_time	1042.201538
Allen_Cahn_nonlinear_time	1104.008301
Cahn_Hilliard_nonlinear_time	0.012160
trans_time	17.721289
trans_Memcpy_time	9.068735
trans_MPI_time	5.650939
trans_pack_time	0.275042
trans_enlarge_time	0.473921
trans_mu_time	0.397120
trans_unpack_time	1.406255
updateU_new_time	0.793447
runtime	1.141318
--------------------------------------------------!
***************dt=2.000000***************
***************flag=0***************
--------------------------------------------------!
time		0.000000
wall time	82.177114
*******************************
dgemm_time	15.326188
conv_transfer_time	0.000000
conv_calculate_time	1026.485474
elastic_calculate_time	1026.520874
Allen_Cahn_nonlinear_time	1116.500488
Cahn_Hilliard_nonlinear_time	0.011840
trans_time	17.567734
trans_Memcpy_time	9.084558
trans_MPI_time	5.477327
trans_pack_time	0.279682
trans_enlarge_time	0.471200
trans_mu_time	0.392320
trans_unpack_time	1.414732
updateU_new_time	0.776805
runtime	1.157097
--------------------------------------------------!
***************dt=2.000000***************
***************flag=0***************
--------------------------------------------------!
time		0.000000
wall time	83.318510
*******************************
dgemm_time	15.338159
conv_transfer_time	0.000000
conv_calculate_time	1104.153809
elastic_calculate_time	1104.190552
Allen_Cahn_nonlinear_time	1193.100464
Cahn_Hilliard_nonlinear_time	0.012160
trans_time	18.051655
trans_Memcpy_time	9.014782
trans_MPI_time	6.017000
trans_pack_time	0.280641
trans_enlarge_time	0.472960
trans_mu_time	0.394080
trans_unpack_time	1.417609
updateU_new_time	0.781764
runtime	1.231988
--------------------------------------------------!
***************dt=2.000000***************
***************flag=0***************
--------------------------------------------------!
time		0.000000
wall time	84.475683
*******************************
dgemm_time	15.340368
conv_transfer_time	0.000000
conv_calculate_time	1072.343384
elastic_calculate_time	1072.377686
Allen_Cahn_nonlinear_time	1172.918945
Cahn_Hilliard_nonlinear_time	0.012000
trans_time	17.725677
trans_Memcpy_time	9.045164
trans_MPI_time	5.691067
trans_pack_time	0.275680
trans_enlarge_time	0.470720
trans_mu_time	0.397280
trans_unpack_time	1.400487
updateU_new_time	0.775362
runtime	1.216981
--------------------------------------------------!
***************dt=2.000000***************
***************flag=0***************
--------------------------------------------------!
time		0.000000
wall time	85.707748
*******************************
dgemm_time	15.339542
conv_transfer_time	0.000000
conv_calculate_time	1071.983887
elastic_calculate_time	1072.018555
Allen_Cahn_nonlinear_time	1175.483276
Cahn_Hilliard_nonlinear_time	0.012160
trans_time	17.614855
trans_Memcpy_time	9.025787
trans_MPI_time	5.593936
trans_pack_time	0.274560
trans_enlarge_time	0.475040
trans_mu_time	0.393920
trans_unpack_time	1.406724
updateU_new_time	0.779201
runtime	1.215995
--------------------------------------------------!
***************dt=2.000000***************
***************flag=0***************
--------------------------------------------------!
time		0.000000
wall time	86.924851
*******************************
dgemm_time	15.336957
conv_transfer_time	0.000000
conv_calculate_time	1073.947998
elastic_calculate_time	1073.984497
Allen_Cahn_nonlinear_time	1155.339844
Cahn_Hilliard_nonlinear_time	0.011840
trans_time	17.631353
trans_Memcpy_time	9.020491
trans_MPI_time	5.610887
trans_pack_time	0.276160
trans_enlarge_time	0.473440
trans_mu_time	0.392800
trans_unpack_time	1.414882
updateU_new_time	0.784640
runtime	1.193813
--------------------------------------------------!
***************dt=2.000000***************
***************flag=0***************
--------------------------------------------------!
time		0.000000
wall time	88.140958
*******************************
dgemm_time	15.315653
conv_transfer_time	0.000000
conv_calculate_time	1046.085815
elastic_calculate_time	1046.120605
Allen_Cahn_nonlinear_time	1135.501465
Cahn_Hilliard_nonlinear_time	0.011680
trans_time	17.814203
trans_Memcpy_time	9.060480
trans_MPI_time	5.746400
trans_pack_time	0.277440
trans_enlarge_time	0.468160
trans_mu_time	0.394560
trans_unpack_time	1.423840
updateU_new_time	0.775999
runtime	1.175118
--------------------------------------------------!
***************dt=2.000000***************
***************flag=0***************
--------------------------------------------------!
time		0.000000
wall time	89.334848
*******************************
dgemm_time	15.326028
conv_transfer_time	0.000000
conv_calculate_time	1042.316528
elastic_calculate_time	1042.351318
Allen_Cahn_nonlinear_time	1123.388550
Cahn_Hilliard_nonlinear_time	0.012000
trans_time	17.602015
trans_Memcpy_time	8.986226
trans_MPI_time	5.618710
trans_pack_time	0.272960
trans_enlarge_time	0.473760
trans_mu_time	0.393600
trans_unpack_time	1.410558
updateU_new_time	0.774558
runtime	1.163870
--------------------------------------------------!
***************dt=2.000000***************
***************flag=0***************
--------------------------------------------------!
time		0.000000
wall time	90.510043
*******************************
dgemm_time	15.344084
conv_transfer_time	0.000000
conv_calculate_time	1048.842285
elastic_calculate_time	1048.877930
Allen_Cahn_nonlinear_time	1132.892334
Cahn_Hilliard_nonlinear_time	0.012000
trans_time	18.259346
trans_Memcpy_time	9.034851
trans_MPI_time	6.211660
trans_pack_time	0.279520
trans_enlarge_time	0.471520
trans_mu_time	0.394080
trans_unpack_time	1.407996
updateU_new_time	0.776157
runtime	1.171326
--------------------------------------------------!
***************dt=2.000000***************
***************flag=0***************
--------------------------------------------------!
time		0.000000
wall time	91.674012
*******************************
dgemm_time	15.302780
conv_transfer_time	0.000000
conv_calculate_time	1039.592651
elastic_calculate_time	1039.630493
Allen_Cahn_nonlinear_time	1128.785278
Cahn_Hilliard_nonlinear_time	0.011840
trans_time	17.615271
trans_Memcpy_time	9.047318
trans_MPI_time	5.570213
trans_pack_time	0.274560
trans_enlarge_time	0.473760
trans_mu_time	0.394880
trans_unpack_time	1.407833
updateU_new_time	0.777915
runtime	1.169504
--------------------------------------------------!
***************dt=2.000000***************
***************flag=0***************
--------------------------------------------------!
time		0.000000
wall time	92.845415
*******************************
dgemm_time	15.306276
conv_transfer_time	0.000000
conv_calculate_time	1043.123657
elastic_calculate_time	1043.157959
Allen_Cahn_nonlinear_time	1123.175903
Cahn_Hilliard_nonlinear_time	0.011840
trans_time	17.825830
trans_Memcpy_time	9.029064
trans_MPI_time	5.811643
trans_pack_time	0.273120
trans_enlarge_time	0.471200
trans_mu_time	0.392480
trans_unpack_time	1.401751
updateU_new_time	0.782554
runtime	1.164043
--------------------------------------------------!
***************dt=2.000000***************
***************flag=0***************
--------------------------------------------------!
time		0.000000
wall time	94.015187
*******************************
dgemm_time	15.323215
conv_transfer_time	0.000000
conv_calculate_time	1034.663818
elastic_calculate_time	1034.700806
Allen_Cahn_nonlinear_time	1123.456543
Cahn_Hilliard_nonlinear_time	0.012160
trans_time	17.771296
trans_Memcpy_time	9.032889
trans_MPI_time	5.730355
trans_pack_time	0.274398
trans_enlarge_time	0.470880
trans_mu_time	0.393760
trans_unpack_time	1.419189
updateU_new_time	0.774873
runtime	1.166280
--------------------------------------------------!
***************dt=2.000000***************
***************flag=0***************
--------------------------------------------------!
time		0.000000
wall time	95.179341
*******************************
dgemm_time	15.342392
conv_transfer_time	0.000000
conv_calculate_time	1048.580933
elastic_calculate_time	1048.616089
Allen_Cahn_nonlinear_time	1157.505249
Cahn_Hilliard_nonlinear_time	0.011840
trans_time	17.751551
trans_Memcpy_time	9.004076
trans_MPI_time	5.744106
trans_pack_time	0.277118
trans_enlarge_time	0.470240
trans_mu_time	0.392960
trans_unpack_time	1.416787
updateU_new_time	0.778392
runtime	1.200579
--------------------------------------------------!
***************dt=2.000000***************
***************flag=0***************
--------------------------------------------------!
time		0.000000
wall time	96.345696
*******************************
dgemm_time	15.311491
conv_transfer_time	0.000000
conv_calculate_time	1056.012207
elastic_calculate_time	1056.049194
Allen_Cahn_nonlinear_time	1150.598633
Cahn_Hilliard_nonlinear_time	0.011840
trans_time	17.672983
trans_Memcpy_time	9.055741
trans_MPI_time	5.613859
trans_pack_time	0.280638
trans_enlarge_time	0.468319
trans_mu_time	0.394720
trans_unpack_time	1.412145
updateU_new_time	0.776791
runtime	1.188743
--------------------------------------------------!
***************dt=2.000000***************
***************flag=0***************
--------------------------------------------------!
time		0.000000
wall time	97.546381
*******************************
dgemm_time	15.327148
conv_transfer_time	0.000000
conv_calculate_time	1053.140015
elastic_calculate_time	1053.177979
Allen_Cahn_nonlinear_time	1160.451904
Cahn_Hilliard_nonlinear_time	0.011840
trans_time	17.598631
trans_Memcpy_time	9.054291
trans_MPI_time	5.479614
trans_pack_time	0.273758
trans_enlarge_time	0.476316
trans_mu_time	0.396800
trans_unpack_time	1.406703
updateU_new_time	0.776310
runtime	1.205167
--------------------------------------------------!
***************dt=2.000000***************
***************flag=0***************
--------------------------------------------------!
time		0.000000
wall time	98.735199
*******************************
dgemm_time	15.321209
conv_transfer_time	0.000000
conv_calculate_time	1066.859741
elastic_calculate_time	1066.895630
Allen_Cahn_nonlinear_time	1181.689453
Cahn_Hilliard_nonlinear_time	0.012000
trans_time	17.691654
trans_Memcpy_time	9.063238
trans_MPI_time	5.593364
trans_pack_time	0.275517
trans_enlarge_time	0.467514
trans_mu_time	0.393440
trans_unpack_time	1.401741
updateU_new_time	0.789428
runtime	1.229018
--------------------------------------------------!
***************dt=2.000000***************
***************flag=0***************
--------------------------------------------------!
time		0.000000
wall time	99.940442
*******************************
dgemm_time	15.338627
conv_transfer_time	0.000000
conv_calculate_time	1122.704712
elastic_calculate_time	1122.739014
Allen_Cahn_nonlinear_time	1215.371826
Cahn_Hilliard_nonlinear_time	0.012000
trans_time	17.680140
trans_Memcpy_time	9.026905
trans_MPI_time	5.584237
trans_pack_time	0.275356
trans_enlarge_time	0.471194
trans_mu_time	0.394234
trans_unpack_time	1.409579
updateU_new_time	0.775828
runtime	1.256539
--------------------------------------------------!
***************dt=2.000000***************
***************flag=0***************
--------------------------------------------------!
time		0.000000
wall time	101.169559
*******************************
dgemm_time	15.330607
conv_transfer_time	0.000000
conv_calculate_time	1034.824951
elastic_calculate_time	1034.858887
Allen_Cahn_nonlinear_time	1115.822876
Cahn_Hilliard_nonlinear_time	0.011840
trans_time	17.750454
trans_Memcpy_time	9.058092
trans_MPI_time	5.688386
trans_pack_time	0.274396
trans_enlarge_time	0.469914
trans_mu_time	0.394554
trans_unpack_time	1.417897
updateU_new_time	0.778546
runtime	1.155355
--------------------------------------------------!
***************dt=2.000000***************
***************flag=0***************
--------------------------------------------------!
time		0.000000
wall time	102.426187
*******************************
dgemm_time	15.358266
conv_transfer_time	0.000000
conv_calculate_time	1066.311401
elastic_calculate_time	1066.345581
Allen_Cahn_nonlinear_time	1208.761597
Cahn_Hilliard_nonlinear_time	0.011840
trans_time	17.611303
trans_Memcpy_time	9.001121
trans_MPI_time	5.600701
trans_pack_time	0.274876
trans_enlarge_time	0.480154
trans_mu_time	0.395674
trans_unpack_time	1.409415
updateU_new_time	0.777425
runtime	1.252414
--------------------------------------------------!
***************dt=2.000000***************
***************flag=0***************
--------------------------------------------------!
time		0.000000
wall time	103.581647
*******************************
dgemm_time	15.321926
conv_transfer_time	0.000000
conv_calculate_time	1073.467651
elastic_calculate_time	1073.502319
Allen_Cahn_nonlinear_time	1202.666748
Cahn_Hilliard_nonlinear_time	0.011680
trans_time	17.753088
trans_Memcpy_time	9.059988
trans_MPI_time	5.691412
trans_pack_time	0.275676
trans_enlarge_time	0.477434
trans_mu_time	0.396474
trans_unpack_time	1.410053
updateU_new_time	0.777104
runtime	1.254869
--------------------------------------------------!
***************dt=2.000000***************
***************flag=0***************
--------------------------------------------------!
time		0.000000
wall time	104.834162
*******************************
dgemm_time	15.322388
conv_transfer_time	0.000000
conv_calculate_time	1110.140259
elastic_calculate_time	1110.177002
Allen_Cahn_nonlinear_time	1217.892822
Cahn_Hilliard_nonlinear_time	0.012000
trans_time	17.697496
trans_Memcpy_time	9.019017
trans_MPI_time	5.682445
trans_pack_time	0.273275
trans_enlarge_time	0.472154
trans_mu_time	0.393754
trans_unpack_time	1.414371
updateU_new_time	0.790063
runtime	1.260894
--------------------------------------------------!
***************dt=2.000000***************
***************flag=0***************
--------------------------------------------------!
time		0.000000
wall time	106.089119
*******************************
dgemm_time	15.340287
conv_transfer_time	0.000000
conv_calculate_time	1098.198486
elastic_calculate_time	1098.232666
Allen_Cahn_nonlinear_time	1187.014771
Cahn_Hilliard_nonlinear_time	0.012480
trans_time	17.713934
trans_Memcpy_time	8.999805
trans_MPI_time	5.717316
trans_pack_time	0.273915
trans_enlarge_time	0.469274
trans_mu_time	0.394074
trans_unpack_time	1.414530
updateU_new_time	0.776463
runtime	1.225112
--------------------------------------------------!
***************dt=2.000000***************
***************flag=0***************
--------------------------------------------------!
time		0.000000
wall time	107.350132
*******************************
dgemm_time	15.326191
conv_transfer_time	0.000000
conv_calculate_time	1046.255005
elastic_calculate_time	1046.289917
Allen_Cahn_nonlinear_time	1133.804565
Cahn_Hilliard_nonlinear_time	0.011680
trans_time	17.723162
trans_Memcpy_time	8.996275
trans_MPI_time	5.726589
trans_pack_time	0.273114
trans_enlarge_time	0.468313
trans_mu_time	0.397914
trans_unpack_time	1.417888
updateU_new_time	0.777102
runtime	1.171797
--------------------------------------------------!
***************dt=2.000000***************
***************flag=0***************
--------------------------------------------------!
time		0.000000
wall time	108.575359
*******************************
dgemm_time	15.321375
conv_transfer_time	0.000000
conv_calculate_time	1023.832642
elastic_calculate_time	1023.867737
Allen_Cahn_nonlinear_time	1086.247803
Cahn_Hilliard_nonlinear_time	0.012000
trans_time	18.430164
trans_Memcpy_time	8.997705
trans_MPI_time	6.438565
trans_pack_time	0.274714
trans_enlarge_time	0.471673
trans_mu_time	0.395194
trans_unpack_time	1.406846
updateU_new_time	0.775341
runtime	1.125985
--------------------------------------------------!
***************dt=2.000000***************
***************flag=0***************
--------------------------------------------------!
time		0.000000
wall time	109.747271
*******************************
dgemm_time	15.320398
conv_transfer_time	0.000000
conv_calculate_time	1020.630737
elastic_calculate_time	1020.667053
Allen_Cahn_nonlinear_time	1058.863037
Cahn_Hilliard_nonlinear_time	0.012480
trans_time	17.617186
trans_Memcpy_time	9.042174
trans_MPI_time	5.576821
trans_pack_time	0.275834
trans_enlarge_time	0.469751
trans_mu_time	0.394874
trans_unpack_time	1.408925
updateU_new_time	0.776460
runtime	1.097508
--------------------------------------------------!
***************dt=2.000000***************
***************flag=0***************
--------------------------------------------------!
time		0.000000
wall time	110.873352
*******************************
dgemm_time	15.341663
conv_transfer_time	0.000000
conv_calculate_time	1024.392944
elastic_calculate_time	1024.430054
Allen_Cahn_nonlinear_time	1060.104126
Cahn_Hilliard_nonlinear_time	0.012960
trans_time	18.062105
trans_Memcpy_time	8.993846
trans_MPI_time	6.065602
trans_pack_time	0.275674
trans_enlarge_time	0.470548
trans_mu_time	0.396474
trans_unpack_time	1.416603
updateU_new_time	0.778859
runtime	1.098660
--------------------------------------------------!
***************dt=2.000000***************
***************flag=0***************
--------------------------------------------------!
time		0.000000
wall time	111.970963
*******************************
dgemm_time	15.324368
conv_transfer_time	0.000000
conv_calculate_time	1019.282166
elastic_calculate_time	1019.317749
Allen_Cahn_nonlinear_time	1058.305786
Cahn_Hilliard_nonlinear_time	0.011840
trans_time	17.941410
trans_Memcpy_time	8.993517
trans_MPI_time	5.954399
trans_pack_time	0.275513
trans_enlarge_time	0.471988
trans_mu_time	0.393594
trans_unpack_time	1.409882
updateU_new_time	0.779818
runtime	1.094546
--------------------------------------------------!
***************dt=2.000000***************
***************flag=0***************
--------------------------------------------------!
time		0.000000
wall time	113.069705
*******************************
dgemm_time	15.347567
conv_transfer_time	0.000000
conv_calculate_time	1020.245178
elastic_calculate_time	1020.278564
Allen_Cahn_nonlinear_time	1058.157227
Cahn_Hilliard_nonlinear_time	0.011840
trans_time	17.919144
trans_Memcpy_time	8.999748
trans_MPI_time	5.931834
trans_pack_time	0.272793
trans_enlarge_time	0.470228
trans_mu_time	0.396313
trans_unpack_time	1.405721
updateU_new_time	0.776458
runtime	1.097596
--------------------------------------------------!
***************dt=2.000000***************
***************flag=0***************
--------------------------------------------------!
time		0.000000
wall time	114.164385
*******************************
dgemm_time	15.313328
conv_transfer_time	0.000000
conv_calculate_time	1021.334106
elastic_calculate_time	1021.368958
Allen_Cahn_nonlinear_time	1057.941162
Cahn_Hilliard_nonlinear_time	0.011840
trans_time	17.787958
trans_Memcpy_time	8.992548
trans_MPI_time	5.810716
trans_pack_time	0.272953
trans_enlarge_time	0.470228
trans_mu_time	0.394713
trans_unpack_time	1.400281
updateU_new_time	0.779658
runtime	1.097550
--------------------------------------------------!
***************dt=2.000000***************
***************flag=0***************
--------------------------------------------------!
time		0.000000
wall time	115.267379
*******************************
dgemm_time	15.332687
conv_transfer_time	0.000000
conv_calculate_time	1020.708557
elastic_calculate_time	1020.743408
Allen_Cahn_nonlinear_time	1059.550781
Cahn_Hilliard_nonlinear_time	0.011840
trans_time	17.587923
trans_Memcpy_time	9.001507
trans_MPI_time	5.581443
trans_pack_time	0.274873
trans_enlarge_time	0.472308
trans_mu_time	0.393913
trans_unpack_time	1.409720
updateU_new_time	0.776618
runtime	1.095941
--------------------------------------------------!
***************dt=2.000000***************
***************flag=0***************
--------------------------------------------------!
time		0.000000
wall time	116.365026
*******************************
dgemm_time	15.333806
conv_transfer_time	0.000000
conv_calculate_time	1019.316772
elastic_calculate_time	1019.352661
Allen_Cahn_nonlinear_time	1057.947632
Cahn_Hilliard_nonlinear_time	0.012000
trans_time	17.815647
trans_Memcpy_time	8.989667
trans_MPI_time	5.831356
trans_pack_time	0.272633
trans_enlarge_time	0.470228
trans_mu_time	0.394394
trans_unpack_time	1.415800
updateU_new_time	0.778058
runtime	1.097976
--------------------------------------------------!
***************dt=2.000000***************
***************flag=0***************
--------------------------------------------------!
time		0.000000
wall time	117.461073
*******************************
dgemm_time	15.301008
conv_transfer_time	0.000000
conv_calculate_time	1019.857544
elastic_calculate_time	1019.899292
Allen_Cahn_nonlinear_time	1057.665039
Cahn_Hilliard_nonlinear_time	0.012000
trans_time	17.688499
trans_Memcpy_time	9.021348
trans_MPI_time	5.661760
trans_pack_time	0.273593
trans_enlarge_time	0.473748
trans_mu_time	0.395993
trans_unpack_time	1.419000
updateU_new_time	0.777258
runtime	1.095570
--------------------------------------------------!
***************dt=2.000000***************
***************flag=0***************
--------------------------------------------------!
time		0.000000
wall time	118.559144
*******************************
dgemm_time	15.320848
conv_transfer_time	0.000000
conv_calculate_time	1018.167969
elastic_calculate_time	1018.202026
Allen_Cahn_nonlinear_time	1058.908691
Cahn_Hilliard_nonlinear_time	0.012000
trans_time	17.699949
trans_Memcpy_time	8.980868
trans_MPI_time	5.712480
trans_pack_time	0.275353
trans_enlarge_time	0.471988
trans_mu_time	0.394393
trans_unpack_time	1.413400
updateU_new_time	0.776298
runtime	1.100441
--------------------------------------------------!
***************dt=2.000000***************
***************flag=0***************
--------------------------------------------------!
time		0.000000
wall time	119.654821
