running   on	4096   processors
restart		0
nx,ny,nz	132	132	132
px,py,pz	16	16	16
nghost		2
output   dir	./output/output2/
data   dir	./data/
dt,t_total	2.000000,200.100000
ELASTIC		1
ANISOTROPIC		1
nac,nch		6,2
xmin,ymin,zmin	0.000000	0.000000	0.000000
xmax,ymax,zmax	2048.000000	2048.000000	2048.000000
checkpoint_,nchk,chk	1,1000,0
nout		10000
Approx		32
detect_iter		100000
Reading input.txt file:
*******************************
dgemm_time	16.586550
conv_transfer_time	0.000000
conv_calculate_time	4401.714355
elastic_calculate_time	4401.765625
Allen_Cahn_nonlinear_time	4439.744141
Cahn_Hilliard_nonlinear_time	0.011677
trans_time	660.213806
trans_Memcpy_time	16.945068
trans_MPI_time	639.659058
trans_pack_time	0.343027
trans_enlarge_time	0.752264
trans_mu_time	0.428129
trans_unpack_time	1.480690
updateU_new_time	0.783026
runtime	5.120675
--------------------------------------------------!
***************dt=2.000000***************
***************flag=0***************
--------------------------------------------------!
time		0.000000
wall time	2.127347
*******************************
dgemm_time	15.427559
conv_transfer_time	0.000000
conv_calculate_time	1026.266968
elastic_calculate_time	1026.304443
Allen_Cahn_nonlinear_time	1070.850220
Cahn_Hilliard_nonlinear_time	0.011837
trans_time	18.878414
trans_Memcpy_time	8.857231
trans_MPI_time	6.961653
trans_pack_time	0.280419
trans_enlarge_time	0.472698
trans_mu_time	0.399433
trans_unpack_time	1.458076
updateU_new_time	0.781272
runtime	1.113032
--------------------------------------------------!
***************dt=2.000000***************
***************flag=0***************
--------------------------------------------------!
time		0.000000
wall time	7.252330
*******************************
dgemm_time	15.440521
conv_transfer_time	0.000000
conv_calculate_time	1025.337646
elastic_calculate_time	1025.374146
Allen_Cahn_nonlinear_time	1064.852661
Cahn_Hilliard_nonlinear_time	0.011677
trans_time	19.241829
trans_Memcpy_time	8.954238
trans_MPI_time	7.283237
trans_pack_time	0.276902
trans_enlarge_time	0.472220
trans_mu_time	0.392397
trans_unpack_time	1.406899
updateU_new_time	0.781608
runtime	1.103982
--------------------------------------------------!
***************dt=2.000000***************
***************flag=0***************
--------------------------------------------------!
time		0.000000
wall time	8.375532
*******************************
dgemm_time	15.432644
conv_transfer_time	0.000000
conv_calculate_time	1026.916382
elastic_calculate_time	1026.953735
Allen_Cahn_nonlinear_time	1064.539185
Cahn_Hilliard_nonlinear_time	0.012478
trans_time	18.764759
trans_Memcpy_time	8.898756
trans_MPI_time	6.871307
trans_pack_time	0.277706
trans_enlarge_time	0.473184
trans_mu_time	0.394319
trans_unpack_time	1.401168
updateU_new_time	0.780982
runtime	1.108771
--------------------------------------------------!
***************dt=2.000000***************
***************flag=0***************
--------------------------------------------------!
time		0.000000
wall time	9.483787
*******************************
dgemm_time	15.448092
conv_transfer_time	0.000000
conv_calculate_time	1030.451782
elastic_calculate_time	1030.495483
Allen_Cahn_nonlinear_time	1068.538818
Cahn_Hilliard_nonlinear_time	0.012318
trans_time	18.746595
trans_Memcpy_time	8.918754
trans_MPI_time	6.825680
trans_pack_time	0.278350
trans_enlarge_time	0.470797
trans_mu_time	0.395929
trans_unpack_time	1.404873
updateU_new_time	0.781476
runtime	1.113027
--------------------------------------------------!
***************dt=2.000000***************
***************flag=0***************
--------------------------------------------------!
time		0.000000
wall time	10.597470
*******************************
dgemm_time	15.430075
conv_transfer_time	0.000000
conv_calculate_time	1028.204346
elastic_calculate_time	1028.241699
Allen_Cahn_nonlinear_time	1072.161255
Cahn_Hilliard_nonlinear_time	0.012478
trans_time	18.313690
trans_Memcpy_time	8.973131
trans_MPI_time	6.284119
trans_pack_time	0.275956
trans_enlarge_time	0.473364
trans_mu_time	0.394657
trans_unpack_time	1.415135
updateU_new_time	0.783566
runtime	1.114829
--------------------------------------------------!
***************dt=2.000000***************
***************flag=0***************
--------------------------------------------------!
time		0.000000
wall time	11.714816
*******************************
dgemm_time	15.429623
conv_transfer_time	0.000000
conv_calculate_time	1022.392151
elastic_calculate_time	1022.428772
Allen_Cahn_nonlinear_time	1058.844849
Cahn_Hilliard_nonlinear_time	0.012478
trans_time	22.029966
trans_Memcpy_time	8.943023
trans_MPI_time	10.007504
trans_pack_time	0.277719
trans_enlarge_time	0.471610
trans_mu_time	0.394022
trans_unpack_time	1.431153
updateU_new_time	0.780056
runtime	1.102913
--------------------------------------------------!
***************dt=2.000000***************
***************flag=0***************
--------------------------------------------------!
time		0.000000
wall time	12.833877
*******************************
dgemm_time	15.468023
conv_transfer_time	0.000000
conv_calculate_time	1028.408081
elastic_calculate_time	1028.445923
Allen_Cahn_nonlinear_time	1063.414795
Cahn_Hilliard_nonlinear_time	0.011998
trans_time	18.613037
trans_Memcpy_time	8.923931
trans_MPI_time	6.620239
trans_pack_time	0.290201
trans_enlarge_time	0.469696
trans_mu_time	0.393865
trans_unpack_time	1.408612
updateU_new_time	0.779744
runtime	1.104963
--------------------------------------------------!
***************dt=2.000000***************
***************flag=0***************
--------------------------------------------------!
time		0.000000
wall time	13.941103
*******************************
dgemm_time	15.444016
conv_transfer_time	0.000000
conv_calculate_time	1026.846802
elastic_calculate_time	1026.883667
Allen_Cahn_nonlinear_time	1069.485474
Cahn_Hilliard_nonlinear_time	0.011679
trans_time	19.396723
trans_Memcpy_time	8.931226
trans_MPI_time	7.437810
trans_pack_time	0.281885
trans_enlarge_time	0.473383
trans_mu_time	0.392910
trans_unpack_time	1.426545
updateU_new_time	0.781512
runtime	1.107130
--------------------------------------------------!
***************dt=2.000000***************
***************flag=0***************
--------------------------------------------------!
time		0.000000
wall time	15.050400
*******************************
dgemm_time	15.447828
conv_transfer_time	0.000000
conv_calculate_time	1026.433838
elastic_calculate_time	1026.470337
Allen_Cahn_nonlinear_time	1067.887573
Cahn_Hilliard_nonlinear_time	0.012479
trans_time	18.670080
trans_Memcpy_time	8.906356
trans_MPI_time	6.767396
trans_pack_time	0.277089
trans_enlarge_time	0.471147
trans_mu_time	0.393076
trans_unpack_time	1.408001
updateU_new_time	0.778959
runtime	1.108768
--------------------------------------------------!
***************dt=2.000000***************
***************flag=0***************
--------------------------------------------------!
time		0.000000
wall time	16.161807
*******************************
dgemm_time	15.435311
conv_transfer_time	0.000000
conv_calculate_time	1024.333130
elastic_calculate_time	1024.367554
Allen_Cahn_nonlinear_time	1064.607056
Cahn_Hilliard_nonlinear_time	0.011519
trans_time	19.794405
trans_Memcpy_time	8.900514
trans_MPI_time	7.878379
trans_pack_time	0.278371
trans_enlarge_time	0.476590
trans_mu_time	0.395797
trans_unpack_time	1.412173
updateU_new_time	0.781365
runtime	1.105381
--------------------------------------------------!
***************dt=2.000000***************
***************flag=0***************
--------------------------------------------------!
time		0.000000
wall time	17.275969
*******************************
dgemm_time	15.473497
conv_transfer_time	0.000000
conv_calculate_time	1028.023926
elastic_calculate_time	1028.063232
Allen_Cahn_nonlinear_time	1068.562988
Cahn_Hilliard_nonlinear_time	0.011839
trans_time	18.729912
trans_Memcpy_time	8.925540
trans_MPI_time	6.795986
trans_pack_time	0.277413
trans_enlarge_time	0.472276
trans_mu_time	0.394683
trans_unpack_time	1.417144
updateU_new_time	0.780730
runtime	1.106503
--------------------------------------------------!
***************dt=2.000000***************
***************flag=0***************
--------------------------------------------------!
time		0.000000
wall time	18.385628
*******************************
dgemm_time	15.423201
conv_transfer_time	0.000000
conv_calculate_time	1027.836182
elastic_calculate_time	1027.871094
Allen_Cahn_nonlinear_time	1066.497925
Cahn_Hilliard_nonlinear_time	0.012319
trans_time	18.239138
trans_Memcpy_time	8.903525
trans_MPI_time	6.323756
trans_pack_time	0.285574
trans_enlarge_time	0.473076
trans_mu_time	0.393883
trans_unpack_time	1.407075
updateU_new_time	0.780095
runtime	1.107147
--------------------------------------------------!
***************dt=2.000000***************
***************flag=0***************
--------------------------------------------------!
time		0.000000
wall time	19.496407
*******************************
dgemm_time	15.447130
conv_transfer_time	0.000000
conv_calculate_time	1024.817139
elastic_calculate_time	1024.854614
Allen_Cahn_nonlinear_time	1063.802734
Cahn_Hilliard_nonlinear_time	0.012159
trans_time	18.967653
trans_Memcpy_time	8.907581
trans_MPI_time	7.036697
trans_pack_time	0.283657
trans_enlarge_time	0.471162
trans_mu_time	0.395169
trans_unpack_time	1.426282
updateU_new_time	0.778340
runtime	1.102207
--------------------------------------------------!
***************dt=2.000000***************
***************flag=0***************
--------------------------------------------------!
time		0.000000
wall time	20.607841
*******************************
dgemm_time	15.425775
conv_transfer_time	0.000000
conv_calculate_time	1027.626953
elastic_calculate_time	1027.662842
Allen_Cahn_nonlinear_time	1064.952759
Cahn_Hilliard_nonlinear_time	0.011839
trans_time	19.115843
trans_Memcpy_time	8.897396
trans_MPI_time	7.211125
trans_pack_time	0.281259
trans_enlarge_time	0.474682
trans_mu_time	0.394209
trans_unpack_time	1.410772
updateU_new_time	0.779304
runtime	1.107014
--------------------------------------------------!
***************dt=2.000000***************
***************flag=0***************
--------------------------------------------------!
time		0.000000
wall time	21.714377
*******************************
dgemm_time	15.457529
conv_transfer_time	0.000000
conv_calculate_time	1029.150146
elastic_calculate_time	1029.185181
Allen_Cahn_nonlinear_time	1065.149658
Cahn_Hilliard_nonlinear_time	0.012639
trans_time	18.957638
trans_Memcpy_time	8.927680
trans_MPI_time	7.019018
trans_pack_time	0.280620
trans_enlarge_time	0.470368
trans_mu_time	0.396294
trans_unpack_time	1.413499
updateU_new_time	0.778508
runtime	1.107183
--------------------------------------------------!
***************dt=2.000000***************
***************flag=0***************
--------------------------------------------------!
time		0.000000
wall time	22.825708
*******************************
dgemm_time	15.424482
conv_transfer_time	0.000000
conv_calculate_time	1026.071411
elastic_calculate_time	1026.109009
Allen_Cahn_nonlinear_time	1064.927612
Cahn_Hilliard_nonlinear_time	0.011999
trans_time	18.803263
trans_Memcpy_time	8.910127
trans_MPI_time	6.879222
trans_pack_time	0.277582
trans_enlarge_time	0.473248
trans_mu_time	0.396134
trans_unpack_time	1.412866
updateU_new_time	0.783472
runtime	1.104147
--------------------------------------------------!
***************dt=2.000000***************
***************flag=0***************
--------------------------------------------------!
time		0.000000
wall time	23.937153
*******************************
dgemm_time	15.444547
conv_transfer_time	0.000000
conv_calculate_time	1026.287476
elastic_calculate_time	1026.322266
Allen_Cahn_nonlinear_time	1065.868408
Cahn_Hilliard_nonlinear_time	0.012160
trans_time	18.736391
trans_Memcpy_time	8.833372
trans_MPI_time	6.904692
trans_pack_time	0.275503
trans_enlarge_time	0.471334
trans_mu_time	0.391975
trans_unpack_time	1.411753
updateU_new_time	0.780755
runtime	1.102562
--------------------------------------------------!
***************dt=2.000000***************
***************flag=0***************
--------------------------------------------------!
time		0.000000
wall time	25.045593
*******************************
dgemm_time	15.452448
conv_transfer_time	0.000000
conv_calculate_time	1028.328613
elastic_calculate_time	1028.364746
Allen_Cahn_nonlinear_time	1072.496582
Cahn_Hilliard_nonlinear_time	0.012000
trans_time	18.442797
trans_Memcpy_time	8.909885
trans_MPI_time	6.507465
trans_pack_time	0.279184
trans_enlarge_time	0.468455
trans_mu_time	0.395980
trans_unpack_time	1.431438
updateU_new_time	0.778838
runtime	1.109762
--------------------------------------------------!
***************dt=2.000000***************
***************flag=0***************
--------------------------------------------------!
time		0.000000
wall time	26.152466
*******************************
dgemm_time	15.411707
conv_transfer_time	0.000000
conv_calculate_time	1026.392334
elastic_calculate_time	1026.427490
Allen_Cahn_nonlinear_time	1067.749512
Cahn_Hilliard_nonlinear_time	0.011680
trans_time	18.485430
trans_Memcpy_time	8.891363
trans_MPI_time	6.584447
trans_pack_time	0.278065
trans_enlarge_time	0.475655
trans_mu_time	0.395661
trans_unpack_time	1.409204
updateU_new_time	0.780441
runtime	1.105934
--------------------------------------------------!
***************dt=2.000000***************
***************flag=0***************
--------------------------------------------------!
time		0.000000
wall time	27.266464
*******************************
dgemm_time	15.458797
conv_transfer_time	0.000000
conv_calculate_time	1027.019775
elastic_calculate_time	1027.055176
Allen_Cahn_nonlinear_time	1068.062622
Cahn_Hilliard_nonlinear_time	0.012000
trans_time	18.989422
trans_Memcpy_time	8.865956
trans_MPI_time	7.124764
trans_pack_time	0.276627
trans_enlarge_time	0.468941
trans_mu_time	0.392462
trans_unpack_time	1.412569
updateU_new_time	0.778524
runtime	1.112049
--------------------------------------------------!
***************dt=2.000000***************
***************flag=0***************
--------------------------------------------------!
time		0.000000
wall time	28.376667
*******************************
dgemm_time	15.452291
conv_transfer_time	0.000000
conv_calculate_time	1027.391357
elastic_calculate_time	1027.428101
Allen_Cahn_nonlinear_time	1112.633667
Cahn_Hilliard_nonlinear_time	0.012160
trans_time	18.466581
trans_Memcpy_time	8.917184
trans_MPI_time	6.526736
trans_pack_time	0.278548
trans_enlarge_time	0.472941
trans_mu_time	0.395822
trans_unpack_time	1.423614
updateU_new_time	0.780446
runtime	1.153114
--------------------------------------------------!
***************dt=2.000000***************
***************flag=0***************
--------------------------------------------------!
time		0.000000
wall time	29.493082
*******************************
dgemm_time	15.451057
conv_transfer_time	0.000000
conv_calculate_time	1028.334717
elastic_calculate_time	1028.370117
Allen_Cahn_nonlinear_time	1104.030151
Cahn_Hilliard_nonlinear_time	0.012000
trans_time	18.726862
trans_Memcpy_time	8.876575
trans_MPI_time	6.853463
trans_pack_time	0.275509
trans_enlarge_time	0.474221
trans_mu_time	0.394387
trans_unpack_time	1.405219
updateU_new_time	0.781249
runtime	1.144380
--------------------------------------------------!
***************dt=2.000000***************
***************flag=0***************
--------------------------------------------------!
time		0.000000
wall time	30.650499
*******************************
dgemm_time	15.445023
conv_transfer_time	0.000000
conv_calculate_time	1027.555176
elastic_calculate_time	1027.590820
Allen_Cahn_nonlinear_time	1079.704102
Cahn_Hilliard_nonlinear_time	0.012160
trans_time	18.970701
trans_Memcpy_time	8.902044
trans_MPI_time	7.055558
trans_pack_time	0.278709
trans_enlarge_time	0.477262
trans_mu_time	0.395668
trans_unpack_time	1.411624
updateU_new_time	0.781731
runtime	1.118539
--------------------------------------------------!
***************dt=2.000000***************
***************flag=0***************
--------------------------------------------------!
time		0.000000
wall time	31.799153
*******************************
dgemm_time	15.429705
conv_transfer_time	0.000000
conv_calculate_time	1027.440674
elastic_calculate_time	1027.479126
Allen_Cahn_nonlinear_time	1065.592651
Cahn_Hilliard_nonlinear_time	0.012000
trans_time	18.510452
trans_Memcpy_time	8.879830
trans_MPI_time	6.618794
trans_pack_time	0.279030
trans_enlarge_time	0.474067
trans_mu_time	0.393588
trans_unpack_time	1.411148
updateU_new_time	0.780293
runtime	1.106385
--------------------------------------------------!
***************dt=2.000000***************
***************flag=0***************
--------------------------------------------------!
time		0.000000
wall time	32.921946
*******************************
dgemm_time	15.413263
conv_transfer_time	0.000000
conv_calculate_time	1027.892700
elastic_calculate_time	1027.931152
Allen_Cahn_nonlinear_time	1064.163330
Cahn_Hilliard_nonlinear_time	0.011840
trans_time	18.561689
trans_Memcpy_time	8.884335
trans_MPI_time	6.679769
trans_pack_time	0.277911
trans_enlarge_time	0.470067
trans_mu_time	0.401428
trans_unpack_time	1.402032
updateU_new_time	0.791495
runtime	1.106250
--------------------------------------------------!
***************dt=2.000000***************
***************flag=0***************
--------------------------------------------------!
time		0.000000
wall time	34.032592
*******************************
dgemm_time	15.441461
conv_transfer_time	0.000000
conv_calculate_time	1026.931274
elastic_calculate_time	1026.966797
Allen_Cahn_nonlinear_time	1076.029419
Cahn_Hilliard_nonlinear_time	0.012480
trans_time	18.909485
trans_Memcpy_time	8.888674
trans_MPI_time	6.998656
trans_pack_time	0.279352
trans_enlarge_time	0.469588
trans_mu_time	0.395348
trans_unpack_time	1.429714
updateU_new_time	0.781097
runtime	1.116507
--------------------------------------------------!
***************dt=2.000000***************
***************flag=0***************
--------------------------------------------------!
time		0.000000
wall time	35.143089
*******************************
dgemm_time	15.435256
conv_transfer_time	0.000000
conv_calculate_time	1026.436768
elastic_calculate_time	1026.472046
Allen_Cahn_nonlinear_time	1088.884521
Cahn_Hilliard_nonlinear_time	0.011680
trans_time	18.648928
trans_Memcpy_time	8.879418
trans_MPI_time	6.765079
trans_pack_time	0.278872
trans_enlarge_time	0.473908
trans_mu_time	0.391828
trans_unpack_time	1.413078
updateU_new_time	0.779819
runtime	1.129007
--------------------------------------------------!
***************dt=2.000000***************
***************flag=0***************
--------------------------------------------------!
time		0.000000
wall time	36.263847
*******************************
dgemm_time	15.426489
conv_transfer_time	0.000000
conv_calculate_time	1023.785767
elastic_calculate_time	1023.823547
Allen_Cahn_nonlinear_time	1068.923096
Cahn_Hilliard_nonlinear_time	0.012160
trans_time	23.805658
trans_Memcpy_time	8.905197
trans_MPI_time	11.897114
trans_pack_time	0.277433
trans_enlarge_time	0.472468
trans_mu_time	0.395834
trans_unpack_time	1.406042
updateU_new_time	0.780301
runtime	1.113219
--------------------------------------------------!
***************dt=2.000000***************
***************flag=0***************
--------------------------------------------------!
time		0.000000
wall time	37.397130
*******************************
dgemm_time	15.441560
conv_transfer_time	0.000000
conv_calculate_time	1026.699097
elastic_calculate_time	1026.734619
Allen_Cahn_nonlinear_time	1066.401733
Cahn_Hilliard_nonlinear_time	0.011840
trans_time	18.833817
trans_Memcpy_time	8.897057
trans_MPI_time	6.937265
trans_pack_time	0.276794
trans_enlarge_time	0.473269
trans_mu_time	0.395514
trans_unpack_time	1.406525
updateU_new_time	0.781262
runtime	1.109518
--------------------------------------------------!
***************dt=2.000000***************
***************flag=0***************
--------------------------------------------------!
time		0.000000
wall time	38.514630
*******************************
dgemm_time	15.436310
conv_transfer_time	0.000000
conv_calculate_time	1025.613647
elastic_calculate_time	1025.651001
Allen_Cahn_nonlinear_time	1067.266357
Cahn_Hilliard_nonlinear_time	0.011840
trans_time	18.803562
trans_Memcpy_time	8.865555
trans_MPI_time	6.939359
trans_pack_time	0.278234
trans_enlarge_time	0.473113
trans_mu_time	0.395994
trans_unpack_time	1.399968
updateU_new_time	0.796783
runtime	1.114873
--------------------------------------------------!
***************dt=2.000000***************
***************flag=0***************
--------------------------------------------------!
time		0.000000
wall time	39.628393
*******************************
dgemm_time	15.424181
conv_transfer_time	0.000000
conv_calculate_time	1027.872437
elastic_calculate_time	1027.913574
Allen_Cahn_nonlinear_time	1099.989868
Cahn_Hilliard_nonlinear_time	0.012320
trans_time	18.569727
trans_Memcpy_time	8.880133
trans_MPI_time	6.672339
trans_pack_time	0.277435
trans_enlarge_time	0.470554
trans_mu_time	0.395034
trans_unpack_time	1.423650
updateU_new_time	0.780945
runtime	1.139760
--------------------------------------------------!
***************dt=2.000000***************
***************flag=0***************
--------------------------------------------------!
time		0.000000
wall time	40.747506
*******************************
dgemm_time	15.454767
conv_transfer_time	0.000000
conv_calculate_time	1027.025635
elastic_calculate_time	1027.063721
Allen_Cahn_nonlinear_time	1119.524292
Cahn_Hilliard_nonlinear_time	0.012160
trans_time	18.848045
trans_Memcpy_time	8.970708
trans_MPI_time	6.793788
trans_pack_time	0.284796
trans_enlarge_time	0.469914
trans_mu_time	0.397434
trans_unpack_time	1.422533
updateU_new_time	0.780467
runtime	1.163619
--------------------------------------------------!
***************dt=2.000000***************
***************flag=0***************
--------------------------------------------------!
time		0.000000
wall time	41.891860
*******************************
dgemm_time	15.433834
conv_transfer_time	0.000000
conv_calculate_time	1026.443115
elastic_calculate_time	1026.479370
Allen_Cahn_nonlinear_time	1114.284790
Cahn_Hilliard_nonlinear_time	0.017920
trans_time	18.645464
trans_Memcpy_time	8.917444
trans_MPI_time	6.672843
trans_pack_time	0.278076
trans_enlarge_time	0.470234
trans_mu_time	0.396154
trans_unpack_time	1.404136
updateU_new_time	0.780148
runtime	1.158302
--------------------------------------------------!
***************dt=2.000000***************
***************flag=0***************
--------------------------------------------------!
time		0.000000
wall time	43.060552
*******************************
dgemm_time	15.425220
conv_transfer_time	0.000000
conv_calculate_time	1026.421387
elastic_calculate_time	1026.456543
Allen_Cahn_nonlinear_time	1122.971436
Cahn_Hilliard_nonlinear_time	0.011840
trans_time	19.045639
trans_Memcpy_time	8.890901
trans_MPI_time	7.082448
trans_pack_time	0.275036
trans_enlarge_time	0.471674
trans_mu_time	0.393914
trans_unpack_time	1.416458
updateU_new_time	0.779829
runtime	1.168869
--------------------------------------------------!
***************dt=2.000000***************
***************flag=0***************
--------------------------------------------------!
time		0.000000
wall time	44.225744
*******************************
dgemm_time	15.433563
conv_transfer_time	0.000000
conv_calculate_time	1025.716309
elastic_calculate_time	1025.753418
Allen_Cahn_nonlinear_time	1119.222290
Cahn_Hilliard_nonlinear_time	0.012000
trans_time	18.834074
trans_Memcpy_time	8.890913
trans_MPI_time	6.939103
trans_pack_time	0.276957
trans_enlarge_time	0.470234
trans_mu_time	0.396959
trans_unpack_time	1.412460
updateU_new_time	0.798230
runtime	1.159381
--------------------------------------------------!
***************dt=2.000000***************
***************flag=0***************
--------------------------------------------------!
time		0.000000
wall time	45.398851
*******************************
dgemm_time	15.441267
conv_transfer_time	0.000000
conv_calculate_time	1026.974487
elastic_calculate_time	1027.009888
Allen_Cahn_nonlinear_time	1082.220703
Cahn_Hilliard_nonlinear_time	0.012000
trans_time	18.981771
trans_Memcpy_time	8.966128
trans_MPI_time	6.985512
trans_pack_time	0.283198
trans_enlarge_time	0.477437
trans_mu_time	0.395040
trans_unpack_time	1.428302
updateU_new_time	0.779512
runtime	1.122030
--------------------------------------------------!
***************dt=2.000000***************
***************flag=0***************
--------------------------------------------------!
time		0.000000
wall time	46.562972
*******************************
dgemm_time	15.435527
conv_transfer_time	0.000000
conv_calculate_time	1026.589111
elastic_calculate_time	1026.623413
Allen_Cahn_nonlinear_time	1075.402710
Cahn_Hilliard_nonlinear_time	0.011520
trans_time	19.067509
trans_Memcpy_time	8.932702
trans_MPI_time	7.105681
trans_pack_time	0.278078
trans_enlarge_time	0.474559
trans_mu_time	0.395840
trans_unpack_time	1.428144
updateU_new_time	0.781273
runtime	1.115747
--------------------------------------------------!
***************dt=2.000000***************
***************flag=0***************
--------------------------------------------------!
time		0.000000
wall time	47.689235
*******************************
dgemm_time	15.451387
conv_transfer_time	0.000000
conv_calculate_time	1026.576660
elastic_calculate_time	1026.611328
Allen_Cahn_nonlinear_time	1068.203125
Cahn_Hilliard_nonlinear_time	0.011840
trans_time	18.866495
trans_Memcpy_time	8.884396
trans_MPI_time	6.986653
trans_pack_time	0.278398
trans_enlarge_time	0.468960
trans_mu_time	0.396320
trans_unpack_time	1.397747
updateU_new_time	0.778554
runtime	1.106511
--------------------------------------------------!
***************dt=2.000000***************
***************flag=0***************
--------------------------------------------------!
time		0.000000
wall time	48.809309
*******************************
dgemm_time	15.446447
conv_transfer_time	0.000000
conv_calculate_time	1028.173950
elastic_calculate_time	1028.209717
Allen_Cahn_nonlinear_time	1065.652222
Cahn_Hilliard_nonlinear_time	0.012000
trans_time	18.709593
trans_Memcpy_time	8.922486
trans_MPI_time	6.785063
trans_pack_time	0.276318
trans_enlarge_time	0.473440
trans_mu_time	0.394720
trans_unpack_time	1.408948
updateU_new_time	0.779515
runtime	1.108349
--------------------------------------------------!
***************dt=2.000000***************
***************flag=0***************
--------------------------------------------------!
time		0.000000
wall time	49.920102
*******************************
dgemm_time	15.446785
conv_transfer_time	0.000000
conv_calculate_time	1025.759766
elastic_calculate_time	1025.798218
Allen_Cahn_nonlinear_time	1062.941650
Cahn_Hilliard_nonlinear_time	0.012000
trans_time	19.190891
trans_Memcpy_time	8.878338
trans_MPI_time	7.307788
trans_pack_time	0.280318
trans_enlarge_time	0.475200
trans_mu_time	0.393440
trans_unpack_time	1.407990
updateU_new_time	0.788156
runtime	1.100575
--------------------------------------------------!
***************dt=2.000000***************
***************flag=0***************
--------------------------------------------------!
time		0.000000
wall time	51.032726
*******************************
dgemm_time	15.413524
conv_transfer_time	0.000000
conv_calculate_time	1026.987915
elastic_calculate_time	1027.023193
Allen_Cahn_nonlinear_time	1064.170654
Cahn_Hilliard_nonlinear_time	0.011680
trans_time	19.176167
trans_Memcpy_time	8.964108
trans_MPI_time	7.193877
trans_pack_time	0.283040
trans_enlarge_time	0.475680
trans_mu_time	0.393600
trans_unpack_time	1.417272
updateU_new_time	0.779997
runtime	1.105791
--------------------------------------------------!
***************dt=2.000000***************
***************flag=0***************
--------------------------------------------------!
time		0.000000
wall time	52.137595
*******************************
dgemm_time	15.442822
conv_transfer_time	0.000000
conv_calculate_time	1027.153931
elastic_calculate_time	1027.189819
Allen_Cahn_nonlinear_time	1069.312134
Cahn_Hilliard_nonlinear_time	0.011840
trans_time	19.205677
trans_Memcpy_time	8.900919
trans_MPI_time	7.282204
trans_pack_time	0.276800
trans_enlarge_time	0.474240
trans_mu_time	0.392480
trans_unpack_time	1.432473
updateU_new_time	0.782397
runtime	1.115000
--------------------------------------------------!
***************dt=2.000000***************
***************flag=0***************
--------------------------------------------------!
time		0.000000
wall time	53.247637
*******************************
dgemm_time	15.437398
conv_transfer_time	0.000000
conv_calculate_time	1026.879028
elastic_calculate_time	1026.915894
Allen_Cahn_nonlinear_time	1065.828125
Cahn_Hilliard_nonlinear_time	0.011840
trans_time	18.949760
trans_Memcpy_time	8.843009
trans_MPI_time	7.115654
trans_pack_time	0.283680
trans_enlarge_time	0.471200
trans_mu_time	0.392800
trans_unpack_time	1.397435
updateU_new_time	0.781758
runtime	1.103302
--------------------------------------------------!
***************dt=2.000000***************
***************flag=0***************
--------------------------------------------------!
time		0.000000
wall time	54.366950
*******************************
dgemm_time	15.435655
conv_transfer_time	0.000000
conv_calculate_time	1026.901855
elastic_calculate_time	1026.937134
Allen_Cahn_nonlinear_time	1066.530273
Cahn_Hilliard_nonlinear_time	0.012320
trans_time	18.501150
trans_Memcpy_time	8.857899
trans_MPI_time	6.634543
trans_pack_time	0.277760
trans_enlarge_time	0.471200
trans_mu_time	0.394720
trans_unpack_time	1.414397
updateU_new_time	0.778559
runtime	1.106346
--------------------------------------------------!
***************dt=2.000000***************
***************flag=0***************
--------------------------------------------------!
time		0.000000
wall time	55.474566
*******************************
dgemm_time	15.429750
conv_transfer_time	0.000000
conv_calculate_time	1025.584229
elastic_calculate_time	1025.621460
Allen_Cahn_nonlinear_time	1063.713745
Cahn_Hilliard_nonlinear_time	0.011840
trans_time	18.620661
trans_Memcpy_time	8.846548
trans_MPI_time	6.774550
trans_pack_time	0.279520
trans_enlarge_time	0.471040
trans_mu_time	0.392160
trans_unpack_time	1.411038
updateU_new_time	0.785600
runtime	1.101212
--------------------------------------------------!
***************dt=2.000000***************
***************flag=0***************
--------------------------------------------------!
time		0.000000
wall time	56.585175
*******************************
dgemm_time	15.440804
conv_transfer_time	0.000000
conv_calculate_time	1021.740356
elastic_calculate_time	1021.776489
Allen_Cahn_nonlinear_time	1064.756592
Cahn_Hilliard_nonlinear_time	0.011840
trans_time	23.220127
trans_Memcpy_time	8.924796
trans_MPI_time	11.272313
trans_pack_time	0.278240
trans_enlarge_time	0.473120
trans_mu_time	0.393280
trans_unpack_time	1.433600
updateU_new_time	0.780160
runtime	1.110520
--------------------------------------------------!
***************dt=2.000000***************
***************flag=0***************
--------------------------------------------------!
time		0.000000
wall time	57.690634
*******************************
dgemm_time	15.426258
conv_transfer_time	0.000000
conv_calculate_time	1026.574463
elastic_calculate_time	1026.610229
Allen_Cahn_nonlinear_time	1065.474854
Cahn_Hilliard_nonlinear_time	0.011840
trans_time	18.663507
trans_Memcpy_time	8.888160
trans_MPI_time	6.748160
trans_pack_time	0.277280
trans_enlarge_time	0.474880
trans_mu_time	0.394720
trans_unpack_time	1.426560
updateU_new_time	0.781120
runtime	1.106781
--------------------------------------------------!
***************dt=2.000000***************
***************flag=0***************
--------------------------------------------------!
time		0.000000
wall time	58.805456
*******************************
dgemm_time	15.433151
conv_transfer_time	0.000000
conv_calculate_time	1026.536987
elastic_calculate_time	1026.572876
Allen_Cahn_nonlinear_time	1089.071899
Cahn_Hilliard_nonlinear_time	0.012160
trans_time	19.013275
trans_Memcpy_time	8.891366
trans_MPI_time	7.124008
trans_pack_time	0.281280
trans_enlarge_time	0.469760
trans_mu_time	0.394240
trans_unpack_time	1.403361
updateU_new_time	0.782721
runtime	1.126270
--------------------------------------------------!
***************dt=2.000000***************
***************flag=0***************
--------------------------------------------------!
time		0.000000
wall time	59.916487
*******************************
dgemm_time	15.458284
conv_transfer_time	0.000000
conv_calculate_time	1025.909302
elastic_calculate_time	1025.945557
Allen_Cahn_nonlinear_time	1066.046021
Cahn_Hilliard_nonlinear_time	0.011840
trans_time	18.767061
trans_Memcpy_time	8.852337
trans_MPI_time	6.905134
trans_pack_time	0.280640
trans_enlarge_time	0.474560
trans_mu_time	0.396160
trans_unpack_time	1.410403
updateU_new_time	0.779682
runtime	1.106482
--------------------------------------------------!
***************dt=2.000000***************
***************flag=0***************
--------------------------------------------------!
time		0.000000
wall time	61.047023
*******************************
dgemm_time	15.446138
conv_transfer_time	0.000000
conv_calculate_time	1026.947998
elastic_calculate_time	1026.983765
Allen_Cahn_nonlinear_time	1074.836914
Cahn_Hilliard_nonlinear_time	0.012000
trans_time	18.264345
trans_Memcpy_time	8.878263
trans_MPI_time	6.376818
trans_pack_time	0.281600
trans_enlarge_time	0.473760
trans_mu_time	0.398720
trans_unpack_time	1.409764
updateU_new_time	0.792483
runtime	1.112962
--------------------------------------------------!
***************dt=2.000000***************
***************flag=0***************
--------------------------------------------------!
time		0.000000
wall time	62.157792
*******************************
dgemm_time	15.458632
conv_transfer_time	0.000000
conv_calculate_time	1025.230469
elastic_calculate_time	1025.265991
Allen_Cahn_nonlinear_time	1108.423462
Cahn_Hilliard_nonlinear_time	0.012480
trans_time	21.579824
trans_Memcpy_time	9.005312
trans_MPI_time	9.582115
trans_pack_time	0.275360
trans_enlarge_time	0.473920
trans_mu_time	0.393600
trans_unpack_time	1.402725
updateU_new_time	0.782723
runtime	1.149839
--------------------------------------------------!
***************dt=2.000000***************
***************flag=0***************
--------------------------------------------------!
time		0.000000
wall time	63.270861
*******************************
dgemm_time	15.435764
conv_transfer_time	0.000000
conv_calculate_time	1026.577393
elastic_calculate_time	1026.614258
Allen_Cahn_nonlinear_time	1117.004150
Cahn_Hilliard_nonlinear_time	0.012160
trans_time	19.036230
trans_Memcpy_time	9.029000
trans_MPI_time	6.983071
trans_pack_time	0.277600
trans_enlarge_time	0.470720
trans_mu_time	0.395680
trans_unpack_time	1.432486
updateU_new_time	0.782404
runtime	1.156285
--------------------------------------------------!
***************dt=2.000000***************
***************flag=0***************
--------------------------------------------------!
time		0.000000
wall time	64.420828
*******************************
dgemm_time	15.448576
conv_transfer_time	0.000000
conv_calculate_time	1027.061279
elastic_calculate_time	1027.095947
Allen_Cahn_nonlinear_time	1083.775391
Cahn_Hilliard_nonlinear_time	0.012000
trans_time	19.293308
trans_Memcpy_time	9.056367
trans_MPI_time	7.226278
trans_pack_time	0.276320
trans_enlarge_time	0.474880
trans_mu_time	0.394400
trans_unpack_time	1.419207
updateU_new_time	0.782404
runtime	1.122474
--------------------------------------------------!
***************dt=2.000000***************
***************flag=0***************
--------------------------------------------------!
time		0.000000
wall time	65.577283
*******************************
dgemm_time	15.468748
conv_transfer_time	0.000000
conv_calculate_time	1028.837036
elastic_calculate_time	1028.872559
Allen_Cahn_nonlinear_time	1104.323364
Cahn_Hilliard_nonlinear_time	0.011680
trans_time	18.938850
trans_Memcpy_time	9.012534
trans_MPI_time	6.913961
trans_pack_time	0.277280
trans_enlarge_time	0.474400
trans_mu_time	0.402720
trans_unpack_time	1.411688
updateU_new_time	0.780005
runtime	1.143549
--------------------------------------------------!
***************dt=2.000000***************
***************flag=0***************
--------------------------------------------------!
time		0.000000
wall time	66.699888
*******************************
dgemm_time	15.430038
conv_transfer_time	0.000000
conv_calculate_time	1026.681152
elastic_calculate_time	1026.720947
Allen_Cahn_nonlinear_time	1080.038696
Cahn_Hilliard_nonlinear_time	0.012320
trans_time	19.078676
trans_Memcpy_time	9.037021
trans_MPI_time	7.041488
trans_pack_time	0.278401
trans_enlarge_time	0.472800
trans_mu_time	0.393920
trans_unpack_time	1.411529
updateU_new_time	0.794726
runtime	1.122484
--------------------------------------------------!
***************dt=2.000000***************
***************flag=0***************
--------------------------------------------------!
time		0.000000
wall time	67.843542
*******************************
dgemm_time	15.449249
conv_transfer_time	0.000000
conv_calculate_time	1026.491821
elastic_calculate_time	1026.527588
Allen_Cahn_nonlinear_time	1066.174316
Cahn_Hilliard_nonlinear_time	0.012480
trans_time	18.643435
trans_Memcpy_time	9.050148
trans_MPI_time	6.581809
trans_pack_time	0.277762
trans_enlarge_time	0.479520
trans_mu_time	0.395840
trans_unpack_time	1.412971
updateU_new_time	0.779686
runtime	1.105385
--------------------------------------------------!
***************dt=2.000000***************
***************flag=0***************
--------------------------------------------------!
time		0.000000
wall time	68.966107
*******************************
dgemm_time	15.441261
conv_transfer_time	0.000000
conv_calculate_time	1025.946655
elastic_calculate_time	1025.986084
Allen_Cahn_nonlinear_time	1073.896729
Cahn_Hilliard_nonlinear_time	0.011840
trans_time	19.241255
trans_Memcpy_time	9.031754
trans_MPI_time	7.209180
trans_pack_time	0.276962
trans_enlarge_time	0.469120
trans_mu_time	0.396960
trans_unpack_time	1.413452
updateU_new_time	0.781927
runtime	1.116820
--------------------------------------------------!
***************dt=2.000000***************
***************flag=0***************
--------------------------------------------------!
time		0.000000
wall time	70.071630
*******************************
dgemm_time	15.445431
conv_transfer_time	0.000000
conv_calculate_time	1027.438232
elastic_calculate_time	1027.481812
Allen_Cahn_nonlinear_time	1066.352783
Cahn_Hilliard_nonlinear_time	0.011840
trans_time	19.226068
trans_Memcpy_time	9.119601
trans_MPI_time	7.042143
trans_pack_time	0.277282
trans_enlarge_time	0.473760
trans_mu_time	0.392320
trans_unpack_time	1.412972
updateU_new_time	0.780327
runtime	1.111591
--------------------------------------------------!
***************dt=2.000000***************
***************flag=0***************
--------------------------------------------------!
time		0.000000
wall time	71.188582
*******************************
dgemm_time	15.425920
conv_transfer_time	0.000000
conv_calculate_time	1027.953369
elastic_calculate_time	1027.991821
Allen_Cahn_nonlinear_time	1064.788452
Cahn_Hilliard_nonlinear_time	0.012000
trans_time	18.583424
trans_Memcpy_time	9.058647
trans_MPI_time	6.468062
trans_pack_time	0.271682
trans_enlarge_time	0.470080
trans_mu_time	0.395360
trans_unpack_time	1.414573
updateU_new_time	0.782088
runtime	1.104666
--------------------------------------------------!
***************dt=2.000000***************
***************flag=0***************
--------------------------------------------------!
time		0.000000
wall time	72.300274
*******************************
dgemm_time	15.455210
conv_transfer_time	0.000000
conv_calculate_time	1027.460083
elastic_calculate_time	1027.494995
Allen_Cahn_nonlinear_time	1066.003906
Cahn_Hilliard_nonlinear_time	0.012480
trans_time	19.332073
trans_Memcpy_time	9.041211
trans_MPI_time	7.225194
trans_pack_time	0.278562
trans_enlarge_time	0.475681
trans_mu_time	0.394880
trans_unpack_time	1.413454
updateU_new_time	0.784648
runtime	1.103889
--------------------------------------------------!
***************dt=2.000000***************
***************flag=0***************
--------------------------------------------------!
time		0.000000
wall time	73.405125
*******************************
dgemm_time	15.476975
conv_transfer_time	0.000000
conv_calculate_time	1027.064819
elastic_calculate_time	1027.101929
Allen_Cahn_nonlinear_time	1073.903931
Cahn_Hilliard_nonlinear_time	0.011840
trans_time	18.996990
trans_Memcpy_time	9.059137
trans_MPI_time	6.943916
trans_pack_time	0.276322
trans_enlarge_time	0.474881
trans_mu_time	0.394560
trans_unpack_time	1.401455
updateU_new_time	0.781768
runtime	1.114136
--------------------------------------------------!
***************dt=2.000000***************
***************flag=0***************
--------------------------------------------------!
time		0.000000
wall time	74.509158
*******************************
dgemm_time	15.449780
conv_transfer_time	0.000000
conv_calculate_time	1025.549438
elastic_calculate_time	1025.585083
Allen_Cahn_nonlinear_time	1063.245361
Cahn_Hilliard_nonlinear_time	0.012800
trans_time	19.135830
trans_Memcpy_time	9.020740
trans_MPI_time	7.101359
trans_pack_time	0.275682
trans_enlarge_time	0.471041
trans_mu_time	0.394400
trans_unpack_time	1.416176
updateU_new_time	0.779689
runtime	1.104214
--------------------------------------------------!
***************dt=2.000000***************
***************flag=0***************
--------------------------------------------------!
time		0.000000
wall time	75.623384
*******************************
dgemm_time	15.434904
conv_transfer_time	0.000000
conv_calculate_time	1027.608032
elastic_calculate_time	1027.644043
Allen_Cahn_nonlinear_time	1066.338135
Cahn_Hilliard_nonlinear_time	0.012320
trans_time	18.829432
trans_Memcpy_time	8.999623
trans_MPI_time	6.829517
trans_pack_time	0.276322
trans_enlarge_time	0.470881
trans_mu_time	0.393440
trans_unpack_time	1.416336
updateU_new_time	0.779689
runtime	1.105510
--------------------------------------------------!
***************dt=2.000000***************
***************flag=0***************
--------------------------------------------------!
time		0.000000
wall time	76.727693
*******************************
dgemm_time	15.439548
conv_transfer_time	0.000000
conv_calculate_time	1029.011353
elastic_calculate_time	1029.048462
Allen_Cahn_nonlinear_time	1066.128784
Cahn_Hilliard_nonlinear_time	0.012480
trans_time	18.762877
trans_Memcpy_time	9.058506
trans_MPI_time	6.687599
trans_pack_time	0.278402
trans_enlarge_time	0.476641
trans_mu_time	0.393600
trans_unpack_time	1.419057
updateU_new_time	0.780489
runtime	1.110038
--------------------------------------------------!
***************dt=2.000000***************
***************flag=0***************
--------------------------------------------------!
time		0.000000
wall time	77.833326
*******************************
dgemm_time	15.460194
conv_transfer_time	0.000000
conv_calculate_time	1026.415039
elastic_calculate_time	1026.450317
Allen_Cahn_nonlinear_time	1065.792969
Cahn_Hilliard_nonlinear_time	0.011840
trans_time	19.048506
trans_Memcpy_time	9.052269
trans_MPI_time	6.984406
trans_pack_time	0.278562
trans_enlarge_time	0.471041
trans_mu_time	0.396480
trans_unpack_time	1.421457
updateU_new_time	0.779849
runtime	1.106178
--------------------------------------------------!
***************dt=2.000000***************
***************flag=0***************
--------------------------------------------------!
time		0.000000
wall time	78.946353
*******************************
dgemm_time	15.447719
conv_transfer_time	0.000000
conv_calculate_time	1026.435913
elastic_calculate_time	1026.472290
Allen_Cahn_nonlinear_time	1075.814087
Cahn_Hilliard_nonlinear_time	0.011680
trans_time	18.970921
trans_Memcpy_time	9.028912
trans_MPI_time	6.942326
trans_pack_time	0.279202
trans_enlarge_time	0.473924
trans_mu_time	0.392640
trans_unpack_time	1.406897
updateU_new_time	0.780970
runtime	1.115701
--------------------------------------------------!
***************dt=2.000000***************
***************flag=0***************
--------------------------------------------------!
time		0.000000
wall time	80.052638
*******************************
dgemm_time	15.453482
conv_transfer_time	0.000000
conv_calculate_time	1026.011108
elastic_calculate_time	1026.047729
Allen_Cahn_nonlinear_time	1079.643433
Cahn_Hilliard_nonlinear_time	0.012000
trans_time	19.094479
trans_Memcpy_time	9.125395
trans_MPI_time	6.945688
trans_pack_time	0.279042
trans_enlarge_time	0.481286
trans_mu_time	0.393760
trans_unpack_time	1.424178
updateU_new_time	0.780650
runtime	1.116589
--------------------------------------------------!
***************dt=2.000000***************
***************flag=0***************
--------------------------------------------------!
time		0.000000
wall time	81.168497
*******************************
dgemm_time	15.450768
conv_transfer_time	0.000000
conv_calculate_time	1026.614380
elastic_calculate_time	1026.651001
Allen_Cahn_nonlinear_time	1064.344971
Cahn_Hilliard_nonlinear_time	0.012160
trans_time	19.639851
trans_Memcpy_time	9.081237
trans_MPI_time	7.560258
trans_pack_time	0.278722
trans_enlarge_time	0.472486
trans_mu_time	0.395680
trans_unpack_time	1.408178
updateU_new_time	0.780170
runtime	1.105460
--------------------------------------------------!
***************dt=2.000000***************
***************flag=0***************
--------------------------------------------------!
time		0.000000
wall time	82.285245
*******************************
dgemm_time	15.466610
conv_transfer_time	0.000000
conv_calculate_time	1026.833008
elastic_calculate_time	1026.867798
Allen_Cahn_nonlinear_time	1063.555176
Cahn_Hilliard_nonlinear_time	0.012480
trans_time	18.458569
trans_Memcpy_time	9.058359
trans_MPI_time	6.402164
trans_pack_time	0.279683
trans_enlarge_time	0.474566
trans_mu_time	0.394080
trans_unpack_time	1.403218
updateU_new_time	0.780970
runtime	1.104856
--------------------------------------------------!
***************dt=2.000000***************
***************flag=0***************
--------------------------------------------------!
time		0.000000
wall time	83.390814
*******************************
dgemm_time	15.446455
conv_transfer_time	0.000000
conv_calculate_time	1026.301514
elastic_calculate_time	1026.338135
Allen_Cahn_nonlinear_time	1063.087524
Cahn_Hilliard_nonlinear_time	0.011680
trans_time	18.524494
trans_Memcpy_time	9.035002
trans_MPI_time	6.477368
trans_pack_time	0.278563
trans_enlarge_time	0.472006
trans_mu_time	0.393440
trans_unpack_time	1.423699
updateU_new_time	0.780970
runtime	1.105208
--------------------------------------------------!
***************dt=2.000000***************
***************flag=0***************
--------------------------------------------------!
time		0.000000
wall time	84.495803
*******************************
dgemm_time	15.461499
conv_transfer_time	0.000000
conv_calculate_time	1027.006226
elastic_calculate_time	1027.044312
Allen_Cahn_nonlinear_time	1079.934937
Cahn_Hilliard_nonlinear_time	0.011840
trans_time	18.734882
trans_Memcpy_time	9.045884
trans_MPI_time	6.687772
trans_pack_time	0.285443
trans_enlarge_time	0.470246
trans_mu_time	0.395201
trans_unpack_time	1.405779
updateU_new_time	0.780331
runtime	1.119283
--------------------------------------------------!
***************dt=2.000000***************
***************flag=0***************
--------------------------------------------------!
time		0.000000
wall time	85.601115
*******************************
dgemm_time	15.448862
conv_transfer_time	0.000000
conv_calculate_time	1027.442871
elastic_calculate_time	1027.479004
Allen_Cahn_nonlinear_time	1105.174805
Cahn_Hilliard_nonlinear_time	0.011840
trans_time	19.175604
trans_Memcpy_time	9.053566
trans_MPI_time	7.094980
trans_pack_time	0.281924
trans_enlarge_time	0.474406
trans_mu_time	0.394721
trans_unpack_time	1.429140
updateU_new_time	0.778731
runtime	1.144466
--------------------------------------------------!
***************dt=2.000000***************
***************flag=0***************
--------------------------------------------------!
time		0.000000
wall time	86.720503
*******************************
dgemm_time	15.445187
conv_transfer_time	0.000000
conv_calculate_time	1026.441528
elastic_calculate_time	1026.477539
Allen_Cahn_nonlinear_time	1099.108521
Cahn_Hilliard_nonlinear_time	0.012000
trans_time	19.000946
trans_Memcpy_time	9.003328
trans_MPI_time	6.998501
trans_pack_time	0.277604
trans_enlarge_time	0.472326
trans_mu_time	0.395041
trans_unpack_time	1.409300
updateU_new_time	0.783371
runtime	1.140282
--------------------------------------------------!
***************dt=2.000000***************
***************flag=0***************
--------------------------------------------------!
time		0.000000
wall time	87.865066
*******************************
dgemm_time	15.431431
conv_transfer_time	0.000000
conv_calculate_time	1028.236816
elastic_calculate_time	1028.274414
Allen_Cahn_nonlinear_time	1093.664062
Cahn_Hilliard_nonlinear_time	0.011840
trans_time	19.266535
trans_Memcpy_time	9.027010
trans_MPI_time	7.238025
trans_pack_time	0.278084
trans_enlarge_time	0.473766
trans_mu_time	0.395685
trans_unpack_time	1.409940
updateU_new_time	0.781451
runtime	1.134236
--------------------------------------------------!
***************dt=2.000000***************
***************flag=0***************
--------------------------------------------------!
time		0.000000
wall time	89.005445
*******************************
dgemm_time	15.444235
conv_transfer_time	0.000000
conv_calculate_time	1027.372070
elastic_calculate_time	1027.407349
Allen_Cahn_nonlinear_time	1107.470093
Cahn_Hilliard_nonlinear_time	0.012000
trans_time	19.037006
trans_Memcpy_time	9.018212
trans_MPI_time	7.014023
trans_pack_time	0.278404
trans_enlarge_time	0.470886
trans_mu_time	0.398246
trans_unpack_time	1.411861
updateU_new_time	0.780971
runtime	1.152691
--------------------------------------------------!
***************dt=2.000000***************
***************flag=0***************
--------------------------------------------------!
time		0.000000
wall time	90.139788
*******************************
dgemm_time	15.437198
conv_transfer_time	0.000000
conv_calculate_time	1026.615356
elastic_calculate_time	1026.650879
Allen_Cahn_nonlinear_time	1121.079468
Cahn_Hilliard_nonlinear_time	0.012000
trans_time	19.075583
trans_Memcpy_time	9.042536
trans_MPI_time	7.018985
trans_pack_time	0.291044
trans_enlarge_time	0.470726
trans_mu_time	0.393766
trans_unpack_time	1.412661
updateU_new_time	0.779692
runtime	1.162347
--------------------------------------------------!
***************dt=2.000000***************
***************flag=0***************
--------------------------------------------------!
time		0.000000
wall time	91.292789
*******************************
dgemm_time	15.432081
conv_transfer_time	0.000000
conv_calculate_time	1026.287109
elastic_calculate_time	1026.325439
Allen_Cahn_nonlinear_time	1107.661987
Cahn_Hilliard_nonlinear_time	0.011680
trans_time	18.691280
trans_Memcpy_time	9.022056
trans_MPI_time	6.651461
trans_pack_time	0.283204
trans_enlarge_time	0.470726
trans_mu_time	0.396166
trans_unpack_time	1.422902
updateU_new_time	0.780652
runtime	1.150993
--------------------------------------------------!
***************dt=2.000000***************
***************flag=0***************
--------------------------------------------------!
time		0.000000
wall time	92.455255
*******************************
dgemm_time	15.476246
conv_transfer_time	0.000000
conv_calculate_time	1027.935181
elastic_calculate_time	1027.975342
Allen_Cahn_nonlinear_time	1069.191162
Cahn_Hilliard_nonlinear_time	0.011840
trans_time	18.893099
trans_Memcpy_time	9.025259
trans_MPI_time	6.867786
trans_pack_time	0.276004
trans_enlarge_time	0.475526
trans_mu_time	0.395206
trans_unpack_time	1.408342
updateU_new_time	0.779372
runtime	1.109078
--------------------------------------------------!
***************dt=2.000000***************
***************flag=0***************
--------------------------------------------------!
time		0.000000
wall time	93.606378
*******************************
dgemm_time	15.458010
conv_transfer_time	0.000000
conv_calculate_time	1026.998779
elastic_calculate_time	1027.035400
Allen_Cahn_nonlinear_time	1063.178101
Cahn_Hilliard_nonlinear_time	0.012160
trans_time	19.055103
trans_Memcpy_time	9.056301
trans_MPI_time	6.991149
trans_pack_time	0.277604
trans_enlarge_time	0.471686
trans_mu_time	0.394246
trans_unpack_time	1.416022
updateU_new_time	0.780172
runtime	1.103346
--------------------------------------------------!
***************dt=2.000000***************
***************flag=0***************
--------------------------------------------------!
time		0.000000
wall time	94.718401
*******************************
dgemm_time	15.449371
conv_transfer_time	0.000000
conv_calculate_time	1025.109009
elastic_calculate_time	1025.144043
Allen_Cahn_nonlinear_time	1082.251587
Cahn_Hilliard_nonlinear_time	0.012000
trans_time	19.348291
trans_Memcpy_time	9.049264
trans_MPI_time	7.297076
trans_pack_time	0.276164
trans_enlarge_time	0.472646
trans_mu_time	0.394246
trans_unpack_time	1.413942
updateU_new_time	0.781772
runtime	1.124299
--------------------------------------------------!
***************dt=2.000000***************
***************flag=0***************
--------------------------------------------------!
time		0.000000
wall time	95.821848
*******************************
dgemm_time	15.432415
conv_transfer_time	0.000000
conv_calculate_time	1026.206909
elastic_calculate_time	1026.242188
Allen_Cahn_nonlinear_time	1127.167236
Cahn_Hilliard_nonlinear_time	0.011840
trans_time	24.156055
trans_Memcpy_time	9.064466
trans_MPI_time	12.093797
trans_pack_time	0.282084
trans_enlarge_time	0.471206
trans_mu_time	0.392806
trans_unpack_time	1.405463
updateU_new_time	0.778412
runtime	1.174228
--------------------------------------------------!
***************dt=2.000000***************
***************flag=0***************
--------------------------------------------------!
time		0.000000
wall time	96.946529
*******************************
dgemm_time	15.416258
conv_transfer_time	0.000000
conv_calculate_time	1026.874756
elastic_calculate_time	1026.910645
Allen_Cahn_nonlinear_time	1119.809326
Cahn_Hilliard_nonlinear_time	0.011680
trans_time	19.217777
trans_Memcpy_time	9.059187
trans_MPI_time	7.136917
trans_pack_time	0.284644
trans_enlarge_time	0.472166
trans_mu_time	0.392166
trans_unpack_time	1.428503
updateU_new_time	0.775533
runtime	1.165239
--------------------------------------------------!
***************dt=2.000000***************
***************flag=0***************
--------------------------------------------------!
time		0.000000
wall time	98.120899
*******************************
dgemm_time	15.446022
conv_transfer_time	0.000000
conv_calculate_time	1028.879395
elastic_calculate_time	1028.916260
Allen_Cahn_nonlinear_time	1099.736084
Cahn_Hilliard_nonlinear_time	0.012480
trans_time	19.064760
trans_Memcpy_time	9.056949
trans_MPI_time	7.005716
trans_pack_time	0.277444
trans_enlarge_time	0.476486
trans_mu_time	0.394726
trans_unpack_time	1.405303
updateU_new_time	0.780493
runtime	1.141805
--------------------------------------------------!
***************dt=2.000000***************
***************flag=0***************
--------------------------------------------------!
time		0.000000
wall time	99.286259
*******************************
dgemm_time	15.446665
conv_transfer_time	0.000000
conv_calculate_time	1027.084351
elastic_calculate_time	1027.122803
Allen_Cahn_nonlinear_time	1067.902466
Cahn_Hilliard_nonlinear_time	0.012320
trans_time	18.869070
trans_Memcpy_time	9.035831
trans_MPI_time	6.827314
trans_pack_time	0.276164
trans_enlarge_time	0.469926
trans_mu_time	0.393286
trans_unpack_time	1.417944
updateU_new_time	0.780973
runtime	1.108745
--------------------------------------------------!
***************dt=2.000000***************
***************flag=0***************
--------------------------------------------------!
time		0.000000
wall time	100.428169
*******************************
dgemm_time	15.446667
conv_transfer_time	0.000000
conv_calculate_time	1025.822632
elastic_calculate_time	1025.862427
Allen_Cahn_nonlinear_time	1087.971558
Cahn_Hilliard_nonlinear_time	0.011680
trans_time	19.277983
trans_Memcpy_time	9.131834
trans_MPI_time	7.074519
trans_pack_time	0.277124
trans_enlarge_time	0.474726
trans_mu_time	0.395046
trans_unpack_time	1.426264
updateU_new_time	0.779373
runtime	1.131178
--------------------------------------------------!
***************dt=2.000000***************
***************flag=0***************
--------------------------------------------------!
time		0.000000
wall time	101.537027
*******************************
dgemm_time	15.453711
conv_transfer_time	0.000000
conv_calculate_time	1028.174438
elastic_calculate_time	1028.214600
Allen_Cahn_nonlinear_time	1097.613403
Cahn_Hilliard_nonlinear_time	0.011680
trans_time	18.660055
trans_Memcpy_time	9.077914
trans_MPI_time	6.510671
trans_pack_time	0.281604
trans_enlarge_time	0.474086
trans_mu_time	0.393606
trans_unpack_time	1.416024
updateU_new_time	0.779053
runtime	1.139058
--------------------------------------------------!
***************dt=2.000000***************
***************flag=0***************
--------------------------------------------------!
time		0.000000
wall time	102.668330
*******************************
dgemm_time	15.459633
conv_transfer_time	0.000000
conv_calculate_time	1025.661011
elastic_calculate_time	1025.700195
Allen_Cahn_nonlinear_time	1104.642700
Cahn_Hilliard_nonlinear_time	0.011840
trans_time	19.301899
trans_Memcpy_time	9.042397
trans_MPI_time	7.190205
trans_pack_time	0.276804
trans_enlarge_time	0.472486
trans_mu_time	0.394566
trans_unpack_time	1.411544
updateU_new_time	0.780973
runtime	1.143011
--------------------------------------------------!
***************dt=2.000000***************
***************flag=0***************
--------------------------------------------------!
time		0.000000
wall time	103.807499
*******************************
dgemm_time	15.435956
conv_transfer_time	0.000000
conv_calculate_time	1027.802368
elastic_calculate_time	1027.841797
Allen_Cahn_nonlinear_time	1071.325562
Cahn_Hilliard_nonlinear_time	0.012480
trans_time	18.779163
trans_Memcpy_time	9.050077
trans_MPI_time	6.602835
trans_pack_time	0.277444
trans_enlarge_time	0.475846
trans_mu_time	0.396646
trans_unpack_time	1.418265
updateU_new_time	0.779854
runtime	1.117645
--------------------------------------------------!
***************dt=2.000000***************
***************flag=0***************
--------------------------------------------------!
time		0.000000
wall time	104.950605
*******************************
dgemm_time	15.446360
conv_transfer_time	0.000000
conv_calculate_time	1026.896484
elastic_calculate_time	1026.935669
Allen_Cahn_nonlinear_time	1124.085449
Cahn_Hilliard_nonlinear_time	0.011680
trans_time	19.590532
trans_Memcpy_time	9.060800
trans_MPI_time	7.471973
trans_pack_time	0.275524
trans_enlarge_time	0.471526
trans_mu_time	0.396326
trans_unpack_time	1.409625
updateU_new_time	0.792334
runtime	1.167379
--------------------------------------------------!
***************dt=2.000000***************
***************flag=0***************
--------------------------------------------------!
time		0.000000
wall time	106.068357
*******************************
dgemm_time	15.437720
conv_transfer_time	0.000000
conv_calculate_time	1030.783936
elastic_calculate_time	1030.817505
Allen_Cahn_nonlinear_time	1107.971069
Cahn_Hilliard_nonlinear_time	0.011840
trans_time	19.298540
trans_Memcpy_time	9.090881
trans_MPI_time	7.041726
trans_pack_time	0.278244
trans_enlarge_time	0.475207
trans_mu_time	0.397446
trans_unpack_time	1.425465
updateU_new_time	0.777774
runtime	1.148145
--------------------------------------------------!
***************dt=2.000000***************
***************flag=0***************
--------------------------------------------------!
time		0.000000
wall time	107.235854
*******************************
dgemm_time	15.451484
conv_transfer_time	0.000000
conv_calculate_time	1026.397583
elastic_calculate_time	1026.433716
Allen_Cahn_nonlinear_time	1115.905396
Cahn_Hilliard_nonlinear_time	0.012000
trans_time	18.758984
trans_Memcpy_time	9.048964
trans_MPI_time	6.708761
trans_pack_time	0.278084
trans_enlarge_time	0.471526
trans_mu_time	0.394566
trans_unpack_time	1.413465
updateU_new_time	0.779374
runtime	1.159492
--------------------------------------------------!
***************dt=2.000000***************
***************flag=0***************
--------------------------------------------------!
time		0.000000
wall time	108.384093
*******************************
dgemm_time	15.438206
conv_transfer_time	0.000000
conv_calculate_time	1025.453735
elastic_calculate_time	1025.490967
Allen_Cahn_nonlinear_time	1109.354370
Cahn_Hilliard_nonlinear_time	0.012000
trans_time	19.141924
trans_Memcpy_time	9.078085
trans_MPI_time	7.057729
trans_pack_time	0.280804
trans_enlarge_time	0.478566
trans_mu_time	0.394566
trans_unpack_time	1.406585
updateU_new_time	0.781774
runtime	1.148713
--------------------------------------------------!
***************dt=2.000000***************
***************flag=0***************
--------------------------------------------------!
time		0.000000
wall time	109.543735
*******************************
dgemm_time	15.455648
conv_transfer_time	0.000000
conv_calculate_time	1026.133057
elastic_calculate_time	1026.168457
Allen_Cahn_nonlinear_time	1094.904053
Cahn_Hilliard_nonlinear_time	0.011840
trans_time	18.974043
trans_Memcpy_time	9.040325
trans_MPI_time	6.927168
trans_pack_time	0.276484
trans_enlarge_time	0.470406
trans_mu_time	0.395846
trans_unpack_time	1.414106
updateU_new_time	0.779694
runtime	1.137671
--------------------------------------------------!
***************dt=2.000000***************
***************flag=0***************
--------------------------------------------------!
time		0.000000
wall time	110.692580
*******************************
dgemm_time	15.446211
conv_transfer_time	0.000000
conv_calculate_time	1027.723511
elastic_calculate_time	1027.760498
Allen_Cahn_nonlinear_time	1066.904419
Cahn_Hilliard_nonlinear_time	0.012000
trans_time	18.594559
trans_Memcpy_time	8.998886
trans_MPI_time	6.601083
trans_pack_time	0.275684
trans_enlarge_time	0.473126
trans_mu_time	0.392966
trans_unpack_time	1.407066
updateU_new_time	0.797615
runtime	1.107204
--------------------------------------------------!
***************dt=2.000000***************
***************flag=0***************
--------------------------------------------------!
time		0.000000
wall time	111.830343
*******************************
dgemm_time	15.455013
conv_transfer_time	0.000000
conv_calculate_time	1026.016602
elastic_calculate_time	1026.052124
Allen_Cahn_nonlinear_time	1119.962036
Cahn_Hilliard_nonlinear_time	0.011840
trans_time	18.808084
trans_Memcpy_time	9.082409
trans_MPI_time	6.717405
trans_pack_time	0.275684
trans_enlarge_time	0.469606
trans_mu_time	0.392646
trans_unpack_time	1.425146
updateU_new_time	0.782574
runtime	1.159869
--------------------------------------------------!
***************dt=2.000000***************
***************flag=0***************
--------------------------------------------------!
time		0.000000
wall time	112.937681
*******************************
dgemm_time	15.451015
conv_transfer_time	0.000000
conv_calculate_time	1025.154785
elastic_calculate_time	1025.190796
Allen_Cahn_nonlinear_time	1097.777954
Cahn_Hilliard_nonlinear_time	0.012320
trans_time	19.198324
trans_Memcpy_time	9.064171
trans_MPI_time	7.123334
trans_pack_time	0.277604
trans_enlarge_time	0.471046
trans_mu_time	0.393926
trans_unpack_time	1.418587
updateU_new_time	0.782415
runtime	1.141563
--------------------------------------------------!
***************dt=2.000000***************
***************flag=0***************
--------------------------------------------------!
time		0.000000
wall time	114.097712
*******************************
dgemm_time	15.457258
conv_transfer_time	0.000000
conv_calculate_time	1026.748779
elastic_calculate_time	1026.785156
Allen_Cahn_nonlinear_time	1090.582764
Cahn_Hilliard_nonlinear_time	0.012320
trans_time	18.861732
trans_Memcpy_time	9.075851
trans_MPI_time	6.784929
trans_pack_time	0.277604
trans_enlarge_time	0.480646
trans_mu_time	0.393286
trans_unpack_time	1.404507
updateU_new_time	0.779855
runtime	1.130196
--------------------------------------------------!
***************dt=2.000000***************
***************flag=0***************
--------------------------------------------------!
time		0.000000
wall time	115.239370
*******************************
dgemm_time	15.443339
conv_transfer_time	0.000000
conv_calculate_time	1028.990723
elastic_calculate_time	1029.029053
Allen_Cahn_nonlinear_time	1104.876831
Cahn_Hilliard_nonlinear_time	0.012160
trans_time	18.903667
trans_Memcpy_time	9.060172
trans_MPI_time	6.848450
trans_pack_time	0.276964
trans_enlarge_time	0.471686
trans_mu_time	0.392006
trans_unpack_time	1.410587
updateU_new_time	0.780815
runtime	1.143324
--------------------------------------------------!
***************dt=2.000000***************
***************flag=0***************
--------------------------------------------------!
time		0.000000
wall time	116.369672
*******************************
dgemm_time	15.458862
conv_transfer_time	0.000000
conv_calculate_time	1027.079346
elastic_calculate_time	1027.114014
Allen_Cahn_nonlinear_time	1084.712646
Cahn_Hilliard_nonlinear_time	0.011840
trans_time	18.975771
trans_Memcpy_time	9.079375
trans_MPI_time	6.888612
trans_pack_time	0.276804
trans_enlarge_time	0.473446
trans_mu_time	0.396486
trans_unpack_time	1.409307
updateU_new_time	0.796175
runtime	1.123331
--------------------------------------------------!
***************dt=2.000000***************
***************flag=0***************
--------------------------------------------------!
time		0.000000
wall time	117.513103
